[2022-12-25T15:32:10.558+0000] {processor.py:153} INFO - Started process (PID=268) to work on /home/airflow/.local/lib/python3.7/site-packages/airflow/example_dags/example_subdag_operator.py
[2022-12-25T15:32:10.562+0000] {processor.py:743} INFO - Processing file /home/airflow/.local/lib/python3.7/site-packages/airflow/example_dags/example_subdag_operator.py for tasks to queue
[2022-12-25T15:32:10.564+0000] {logging_mixin.py:137} INFO - [2022-12-25T15:32:10.564+0000] {dagbag.py:538} INFO - Filling up the DagBag from /home/airflow/.local/lib/python3.7/site-packages/airflow/example_dags/example_subdag_operator.py
[2022-12-25T15:32:10.798+0000] {processor.py:753} INFO - DAG(s) dict_keys(['example_subdag_operator.section-1', 'example_subdag_operator.section-2', 'example_subdag_operator']) retrieved from /home/airflow/.local/lib/python3.7/site-packages/airflow/example_dags/example_subdag_operator.py
[2022-12-25T15:32:10.915+0000] {logging_mixin.py:137} INFO - [2022-12-25T15:32:10.914+0000] {dag.py:2676} INFO - Sync 3 DAGs
[2022-12-25T15:32:10.986+0000] {logging_mixin.py:137} INFO - [2022-12-25T15:32:10.985+0000] {dag.py:3427} INFO - Setting next_dagrun for example_subdag_operator to 2022-01-01T00:00:00+00:00, run_after=2022-01-01T00:00:00+00:00
[2022-12-25T15:32:10.992+0000] {logging_mixin.py:137} INFO - [2022-12-25T15:32:10.992+0000] {dag.py:3427} INFO - Setting next_dagrun for example_subdag_operator.section-1 to None, run_after=None
[2022-12-25T15:32:10.995+0000] {logging_mixin.py:137} INFO - [2022-12-25T15:32:10.995+0000] {dag.py:3427} INFO - Setting next_dagrun for example_subdag_operator.section-2 to None, run_after=None
[2022-12-25T15:32:11.007+0000] {logging_mixin.py:137} INFO - [2022-12-25T15:32:11.007+0000] {dag.py:2676} INFO - Sync 2 DAGs
[2022-12-25T15:32:11.018+0000] {logging_mixin.py:137} INFO - [2022-12-25T15:32:11.018+0000] {dag.py:3427} INFO - Setting next_dagrun for example_subdag_operator.section-1 to None, run_after=None
[2022-12-25T15:32:11.018+0000] {logging_mixin.py:137} INFO - [2022-12-25T15:32:11.018+0000] {dag.py:3427} INFO - Setting next_dagrun for example_subdag_operator.section-2 to None, run_after=None
[2022-12-25T15:32:11.038+0000] {processor.py:175} INFO - Processing /home/airflow/.local/lib/python3.7/site-packages/airflow/example_dags/example_subdag_operator.py took 0.502 seconds
[2022-12-25T15:32:41.187+0000] {processor.py:153} INFO - Started process (PID=500) to work on /home/airflow/.local/lib/python3.7/site-packages/airflow/example_dags/example_subdag_operator.py
[2022-12-25T15:32:41.188+0000] {processor.py:743} INFO - Processing file /home/airflow/.local/lib/python3.7/site-packages/airflow/example_dags/example_subdag_operator.py for tasks to queue
[2022-12-25T15:32:41.189+0000] {logging_mixin.py:137} INFO - [2022-12-25T15:32:41.189+0000] {dagbag.py:538} INFO - Filling up the DagBag from /home/airflow/.local/lib/python3.7/site-packages/airflow/example_dags/example_subdag_operator.py
[2022-12-25T15:32:41.225+0000] {processor.py:753} INFO - DAG(s) dict_keys(['example_subdag_operator.section-1', 'example_subdag_operator.section-2', 'example_subdag_operator']) retrieved from /home/airflow/.local/lib/python3.7/site-packages/airflow/example_dags/example_subdag_operator.py
[2022-12-25T15:32:41.261+0000] {logging_mixin.py:137} INFO - [2022-12-25T15:32:41.261+0000] {dag.py:2676} INFO - Sync 3 DAGs
[2022-12-25T15:32:41.290+0000] {logging_mixin.py:137} INFO - [2022-12-25T15:32:41.290+0000] {dag.py:3427} INFO - Setting next_dagrun for example_subdag_operator to 2022-01-01T00:00:00+00:00, run_after=2022-01-01T00:00:00+00:00
[2022-12-25T15:32:41.293+0000] {logging_mixin.py:137} INFO - [2022-12-25T15:32:41.293+0000] {dag.py:3427} INFO - Setting next_dagrun for example_subdag_operator.section-1 to None, run_after=None
[2022-12-25T15:32:41.294+0000] {logging_mixin.py:137} INFO - [2022-12-25T15:32:41.294+0000] {dag.py:3427} INFO - Setting next_dagrun for example_subdag_operator.section-2 to None, run_after=None
[2022-12-25T15:32:41.302+0000] {logging_mixin.py:137} INFO - [2022-12-25T15:32:41.302+0000] {dag.py:2676} INFO - Sync 2 DAGs
[2022-12-25T15:32:41.307+0000] {logging_mixin.py:137} INFO - [2022-12-25T15:32:41.307+0000] {dag.py:3427} INFO - Setting next_dagrun for example_subdag_operator.section-1 to None, run_after=None
[2022-12-25T15:32:41.307+0000] {logging_mixin.py:137} INFO - [2022-12-25T15:32:41.307+0000] {dag.py:3427} INFO - Setting next_dagrun for example_subdag_operator.section-2 to None, run_after=None
[2022-12-25T15:32:41.319+0000] {processor.py:175} INFO - Processing /home/airflow/.local/lib/python3.7/site-packages/airflow/example_dags/example_subdag_operator.py took 0.135 seconds
[2022-12-25T15:33:11.476+0000] {processor.py:153} INFO - Started process (PID=729) to work on /home/airflow/.local/lib/python3.7/site-packages/airflow/example_dags/example_subdag_operator.py
[2022-12-25T15:33:11.478+0000] {processor.py:743} INFO - Processing file /home/airflow/.local/lib/python3.7/site-packages/airflow/example_dags/example_subdag_operator.py for tasks to queue
[2022-12-25T15:33:11.480+0000] {logging_mixin.py:137} INFO - [2022-12-25T15:33:11.479+0000] {dagbag.py:538} INFO - Filling up the DagBag from /home/airflow/.local/lib/python3.7/site-packages/airflow/example_dags/example_subdag_operator.py
[2022-12-25T15:33:11.531+0000] {processor.py:753} INFO - DAG(s) dict_keys(['example_subdag_operator.section-1', 'example_subdag_operator.section-2', 'example_subdag_operator']) retrieved from /home/airflow/.local/lib/python3.7/site-packages/airflow/example_dags/example_subdag_operator.py
[2022-12-25T15:33:11.580+0000] {logging_mixin.py:137} INFO - [2022-12-25T15:33:11.579+0000] {dag.py:2676} INFO - Sync 3 DAGs
[2022-12-25T15:33:11.623+0000] {logging_mixin.py:137} INFO - [2022-12-25T15:33:11.623+0000] {dag.py:3427} INFO - Setting next_dagrun for example_subdag_operator to 2022-01-01T00:00:00+00:00, run_after=2022-01-01T00:00:00+00:00
[2022-12-25T15:33:11.629+0000] {logging_mixin.py:137} INFO - [2022-12-25T15:33:11.629+0000] {dag.py:3427} INFO - Setting next_dagrun for example_subdag_operator.section-1 to None, run_after=None
[2022-12-25T15:33:11.632+0000] {logging_mixin.py:137} INFO - [2022-12-25T15:33:11.632+0000] {dag.py:3427} INFO - Setting next_dagrun for example_subdag_operator.section-2 to None, run_after=None
[2022-12-25T15:33:11.644+0000] {logging_mixin.py:137} INFO - [2022-12-25T15:33:11.644+0000] {dag.py:2676} INFO - Sync 2 DAGs
[2022-12-25T15:33:11.651+0000] {logging_mixin.py:137} INFO - [2022-12-25T15:33:11.651+0000] {dag.py:3427} INFO - Setting next_dagrun for example_subdag_operator.section-1 to None, run_after=None
[2022-12-25T15:33:11.652+0000] {logging_mixin.py:137} INFO - [2022-12-25T15:33:11.651+0000] {dag.py:3427} INFO - Setting next_dagrun for example_subdag_operator.section-2 to None, run_after=None
[2022-12-25T15:33:11.666+0000] {processor.py:175} INFO - Processing /home/airflow/.local/lib/python3.7/site-packages/airflow/example_dags/example_subdag_operator.py took 0.195 seconds
[2022-12-25T15:33:41.923+0000] {processor.py:153} INFO - Started process (PID=966) to work on /home/airflow/.local/lib/python3.7/site-packages/airflow/example_dags/example_subdag_operator.py
[2022-12-25T15:33:41.925+0000] {processor.py:743} INFO - Processing file /home/airflow/.local/lib/python3.7/site-packages/airflow/example_dags/example_subdag_operator.py for tasks to queue
[2022-12-25T15:33:41.926+0000] {logging_mixin.py:137} INFO - [2022-12-25T15:33:41.925+0000] {dagbag.py:538} INFO - Filling up the DagBag from /home/airflow/.local/lib/python3.7/site-packages/airflow/example_dags/example_subdag_operator.py
[2022-12-25T15:33:41.971+0000] {processor.py:753} INFO - DAG(s) dict_keys(['example_subdag_operator.section-1', 'example_subdag_operator.section-2', 'example_subdag_operator']) retrieved from /home/airflow/.local/lib/python3.7/site-packages/airflow/example_dags/example_subdag_operator.py
[2022-12-25T15:33:42.043+0000] {logging_mixin.py:137} INFO - [2022-12-25T15:33:42.043+0000] {dag.py:2676} INFO - Sync 3 DAGs
[2022-12-25T15:33:42.115+0000] {logging_mixin.py:137} INFO - [2022-12-25T15:33:42.115+0000] {dag.py:3427} INFO - Setting next_dagrun for example_subdag_operator to 2022-01-01T00:00:00+00:00, run_after=2022-01-01T00:00:00+00:00
[2022-12-25T15:33:42.124+0000] {logging_mixin.py:137} INFO - [2022-12-25T15:33:42.123+0000] {dag.py:3427} INFO - Setting next_dagrun for example_subdag_operator.section-1 to None, run_after=None
[2022-12-25T15:33:42.127+0000] {logging_mixin.py:137} INFO - [2022-12-25T15:33:42.127+0000] {dag.py:3427} INFO - Setting next_dagrun for example_subdag_operator.section-2 to None, run_after=None
[2022-12-25T15:33:42.147+0000] {logging_mixin.py:137} INFO - [2022-12-25T15:33:42.146+0000] {dag.py:2676} INFO - Sync 2 DAGs
[2022-12-25T15:33:42.158+0000] {logging_mixin.py:137} INFO - [2022-12-25T15:33:42.157+0000] {dag.py:3427} INFO - Setting next_dagrun for example_subdag_operator.section-1 to None, run_after=None
[2022-12-25T15:33:42.158+0000] {logging_mixin.py:137} INFO - [2022-12-25T15:33:42.158+0000] {dag.py:3427} INFO - Setting next_dagrun for example_subdag_operator.section-2 to None, run_after=None
[2022-12-25T15:33:42.184+0000] {processor.py:175} INFO - Processing /home/airflow/.local/lib/python3.7/site-packages/airflow/example_dags/example_subdag_operator.py took 0.265 seconds
[2022-12-25T15:34:13.098+0000] {processor.py:153} INFO - Started process (PID=1210) to work on /home/airflow/.local/lib/python3.7/site-packages/airflow/example_dags/example_subdag_operator.py
[2022-12-25T15:34:13.099+0000] {processor.py:743} INFO - Processing file /home/airflow/.local/lib/python3.7/site-packages/airflow/example_dags/example_subdag_operator.py for tasks to queue
[2022-12-25T15:34:13.100+0000] {logging_mixin.py:137} INFO - [2022-12-25T15:34:13.100+0000] {dagbag.py:538} INFO - Filling up the DagBag from /home/airflow/.local/lib/python3.7/site-packages/airflow/example_dags/example_subdag_operator.py
[2022-12-25T15:34:13.158+0000] {processor.py:753} INFO - DAG(s) dict_keys(['example_subdag_operator.section-1', 'example_subdag_operator.section-2', 'example_subdag_operator']) retrieved from /home/airflow/.local/lib/python3.7/site-packages/airflow/example_dags/example_subdag_operator.py
[2022-12-25T15:34:13.201+0000] {logging_mixin.py:137} INFO - [2022-12-25T15:34:13.201+0000] {dag.py:2676} INFO - Sync 3 DAGs
[2022-12-25T15:34:13.245+0000] {logging_mixin.py:137} INFO - [2022-12-25T15:34:13.245+0000] {dag.py:3427} INFO - Setting next_dagrun for example_subdag_operator to 2022-01-01T00:00:00+00:00, run_after=2022-01-01T00:00:00+00:00
[2022-12-25T15:34:13.250+0000] {logging_mixin.py:137} INFO - [2022-12-25T15:34:13.249+0000] {dag.py:3427} INFO - Setting next_dagrun for example_subdag_operator.section-1 to None, run_after=None
[2022-12-25T15:34:13.251+0000] {logging_mixin.py:137} INFO - [2022-12-25T15:34:13.251+0000] {dag.py:3427} INFO - Setting next_dagrun for example_subdag_operator.section-2 to None, run_after=None
[2022-12-25T15:34:13.262+0000] {logging_mixin.py:137} INFO - [2022-12-25T15:34:13.262+0000] {dag.py:2676} INFO - Sync 2 DAGs
[2022-12-25T15:34:13.270+0000] {logging_mixin.py:137} INFO - [2022-12-25T15:34:13.269+0000] {dag.py:3427} INFO - Setting next_dagrun for example_subdag_operator.section-1 to None, run_after=None
[2022-12-25T15:34:13.270+0000] {logging_mixin.py:137} INFO - [2022-12-25T15:34:13.270+0000] {dag.py:3427} INFO - Setting next_dagrun for example_subdag_operator.section-2 to None, run_after=None
[2022-12-25T15:34:13.288+0000] {processor.py:175} INFO - Processing /home/airflow/.local/lib/python3.7/site-packages/airflow/example_dags/example_subdag_operator.py took 0.193 seconds
[2022-12-25T15:34:43.819+0000] {processor.py:153} INFO - Started process (PID=1440) to work on /home/airflow/.local/lib/python3.7/site-packages/airflow/example_dags/example_subdag_operator.py
[2022-12-25T15:34:43.821+0000] {processor.py:743} INFO - Processing file /home/airflow/.local/lib/python3.7/site-packages/airflow/example_dags/example_subdag_operator.py for tasks to queue
[2022-12-25T15:34:43.822+0000] {logging_mixin.py:137} INFO - [2022-12-25T15:34:43.822+0000] {dagbag.py:538} INFO - Filling up the DagBag from /home/airflow/.local/lib/python3.7/site-packages/airflow/example_dags/example_subdag_operator.py
[2022-12-25T15:34:43.856+0000] {processor.py:753} INFO - DAG(s) dict_keys(['example_subdag_operator.section-1', 'example_subdag_operator.section-2', 'example_subdag_operator']) retrieved from /home/airflow/.local/lib/python3.7/site-packages/airflow/example_dags/example_subdag_operator.py
[2022-12-25T15:34:43.885+0000] {logging_mixin.py:137} INFO - [2022-12-25T15:34:43.885+0000] {dag.py:2676} INFO - Sync 3 DAGs
[2022-12-25T15:34:43.911+0000] {logging_mixin.py:137} INFO - [2022-12-25T15:34:43.911+0000] {dag.py:3427} INFO - Setting next_dagrun for example_subdag_operator to 2022-01-01T00:00:00+00:00, run_after=2022-01-01T00:00:00+00:00
[2022-12-25T15:34:43.914+0000] {logging_mixin.py:137} INFO - [2022-12-25T15:34:43.914+0000] {dag.py:3427} INFO - Setting next_dagrun for example_subdag_operator.section-1 to None, run_after=None
[2022-12-25T15:34:43.915+0000] {logging_mixin.py:137} INFO - [2022-12-25T15:34:43.915+0000] {dag.py:3427} INFO - Setting next_dagrun for example_subdag_operator.section-2 to None, run_after=None
[2022-12-25T15:34:43.923+0000] {logging_mixin.py:137} INFO - [2022-12-25T15:34:43.923+0000] {dag.py:2676} INFO - Sync 2 DAGs
[2022-12-25T15:34:43.929+0000] {logging_mixin.py:137} INFO - [2022-12-25T15:34:43.928+0000] {dag.py:3427} INFO - Setting next_dagrun for example_subdag_operator.section-1 to None, run_after=None
[2022-12-25T15:34:43.929+0000] {logging_mixin.py:137} INFO - [2022-12-25T15:34:43.929+0000] {dag.py:3427} INFO - Setting next_dagrun for example_subdag_operator.section-2 to None, run_after=None
[2022-12-25T15:34:43.942+0000] {processor.py:175} INFO - Processing /home/airflow/.local/lib/python3.7/site-packages/airflow/example_dags/example_subdag_operator.py took 0.126 seconds
[2022-12-25T15:35:14.649+0000] {processor.py:153} INFO - Started process (PID=1690) to work on /home/airflow/.local/lib/python3.7/site-packages/airflow/example_dags/example_subdag_operator.py
[2022-12-25T15:35:14.650+0000] {processor.py:743} INFO - Processing file /home/airflow/.local/lib/python3.7/site-packages/airflow/example_dags/example_subdag_operator.py for tasks to queue
[2022-12-25T15:35:14.651+0000] {logging_mixin.py:137} INFO - [2022-12-25T15:35:14.651+0000] {dagbag.py:538} INFO - Filling up the DagBag from /home/airflow/.local/lib/python3.7/site-packages/airflow/example_dags/example_subdag_operator.py
[2022-12-25T15:35:14.688+0000] {processor.py:753} INFO - DAG(s) dict_keys(['example_subdag_operator.section-1', 'example_subdag_operator.section-2', 'example_subdag_operator']) retrieved from /home/airflow/.local/lib/python3.7/site-packages/airflow/example_dags/example_subdag_operator.py
[2022-12-25T15:35:14.721+0000] {logging_mixin.py:137} INFO - [2022-12-25T15:35:14.721+0000] {dag.py:2676} INFO - Sync 3 DAGs
[2022-12-25T15:35:14.748+0000] {logging_mixin.py:137} INFO - [2022-12-25T15:35:14.748+0000] {dag.py:3427} INFO - Setting next_dagrun for example_subdag_operator to 2022-01-01T00:00:00+00:00, run_after=2022-01-01T00:00:00+00:00
[2022-12-25T15:35:14.752+0000] {logging_mixin.py:137} INFO - [2022-12-25T15:35:14.752+0000] {dag.py:3427} INFO - Setting next_dagrun for example_subdag_operator.section-1 to None, run_after=None
[2022-12-25T15:35:14.753+0000] {logging_mixin.py:137} INFO - [2022-12-25T15:35:14.753+0000] {dag.py:3427} INFO - Setting next_dagrun for example_subdag_operator.section-2 to None, run_after=None
[2022-12-25T15:35:14.761+0000] {logging_mixin.py:137} INFO - [2022-12-25T15:35:14.761+0000] {dag.py:2676} INFO - Sync 2 DAGs
[2022-12-25T15:35:14.766+0000] {logging_mixin.py:137} INFO - [2022-12-25T15:35:14.766+0000] {dag.py:3427} INFO - Setting next_dagrun for example_subdag_operator.section-1 to None, run_after=None
[2022-12-25T15:35:14.766+0000] {logging_mixin.py:137} INFO - [2022-12-25T15:35:14.766+0000] {dag.py:3427} INFO - Setting next_dagrun for example_subdag_operator.section-2 to None, run_after=None
[2022-12-25T15:35:14.781+0000] {processor.py:175} INFO - Processing /home/airflow/.local/lib/python3.7/site-packages/airflow/example_dags/example_subdag_operator.py took 0.137 seconds
[2022-12-25T15:35:44.899+0000] {processor.py:153} INFO - Started process (PID=1920) to work on /home/airflow/.local/lib/python3.7/site-packages/airflow/example_dags/example_subdag_operator.py
[2022-12-25T15:35:44.900+0000] {processor.py:743} INFO - Processing file /home/airflow/.local/lib/python3.7/site-packages/airflow/example_dags/example_subdag_operator.py for tasks to queue
[2022-12-25T15:35:44.901+0000] {logging_mixin.py:137} INFO - [2022-12-25T15:35:44.901+0000] {dagbag.py:538} INFO - Filling up the DagBag from /home/airflow/.local/lib/python3.7/site-packages/airflow/example_dags/example_subdag_operator.py
[2022-12-25T15:35:44.939+0000] {processor.py:753} INFO - DAG(s) dict_keys(['example_subdag_operator.section-1', 'example_subdag_operator.section-2', 'example_subdag_operator']) retrieved from /home/airflow/.local/lib/python3.7/site-packages/airflow/example_dags/example_subdag_operator.py
[2022-12-25T15:35:44.982+0000] {logging_mixin.py:137} INFO - [2022-12-25T15:35:44.981+0000] {dag.py:2676} INFO - Sync 3 DAGs
[2022-12-25T15:35:45.022+0000] {logging_mixin.py:137} INFO - [2022-12-25T15:35:45.022+0000] {dag.py:3427} INFO - Setting next_dagrun for example_subdag_operator to 2022-01-01T00:00:00+00:00, run_after=2022-01-01T00:00:00+00:00
[2022-12-25T15:35:45.027+0000] {logging_mixin.py:137} INFO - [2022-12-25T15:35:45.027+0000] {dag.py:3427} INFO - Setting next_dagrun for example_subdag_operator.section-1 to None, run_after=None
[2022-12-25T15:35:45.029+0000] {logging_mixin.py:137} INFO - [2022-12-25T15:35:45.029+0000] {dag.py:3427} INFO - Setting next_dagrun for example_subdag_operator.section-2 to None, run_after=None
[2022-12-25T15:35:45.039+0000] {logging_mixin.py:137} INFO - [2022-12-25T15:35:45.038+0000] {dag.py:2676} INFO - Sync 2 DAGs
[2022-12-25T15:35:45.046+0000] {logging_mixin.py:137} INFO - [2022-12-25T15:35:45.046+0000] {dag.py:3427} INFO - Setting next_dagrun for example_subdag_operator.section-1 to None, run_after=None
[2022-12-25T15:35:45.046+0000] {logging_mixin.py:137} INFO - [2022-12-25T15:35:45.046+0000] {dag.py:3427} INFO - Setting next_dagrun for example_subdag_operator.section-2 to None, run_after=None
[2022-12-25T15:35:45.063+0000] {processor.py:175} INFO - Processing /home/airflow/.local/lib/python3.7/site-packages/airflow/example_dags/example_subdag_operator.py took 0.167 seconds
[2022-12-25T15:36:15.575+0000] {processor.py:153} INFO - Started process (PID=2150) to work on /home/airflow/.local/lib/python3.7/site-packages/airflow/example_dags/example_subdag_operator.py
[2022-12-25T15:36:15.576+0000] {processor.py:743} INFO - Processing file /home/airflow/.local/lib/python3.7/site-packages/airflow/example_dags/example_subdag_operator.py for tasks to queue
[2022-12-25T15:36:15.577+0000] {logging_mixin.py:137} INFO - [2022-12-25T15:36:15.577+0000] {dagbag.py:538} INFO - Filling up the DagBag from /home/airflow/.local/lib/python3.7/site-packages/airflow/example_dags/example_subdag_operator.py
[2022-12-25T15:36:15.619+0000] {processor.py:753} INFO - DAG(s) dict_keys(['example_subdag_operator.section-1', 'example_subdag_operator.section-2', 'example_subdag_operator']) retrieved from /home/airflow/.local/lib/python3.7/site-packages/airflow/example_dags/example_subdag_operator.py
[2022-12-25T15:36:15.662+0000] {logging_mixin.py:137} INFO - [2022-12-25T15:36:15.662+0000] {dag.py:2676} INFO - Sync 3 DAGs
[2022-12-25T15:36:15.695+0000] {logging_mixin.py:137} INFO - [2022-12-25T15:36:15.694+0000] {dag.py:3427} INFO - Setting next_dagrun for example_subdag_operator to 2022-01-01T00:00:00+00:00, run_after=2022-01-01T00:00:00+00:00
[2022-12-25T15:36:15.701+0000] {logging_mixin.py:137} INFO - [2022-12-25T15:36:15.700+0000] {dag.py:3427} INFO - Setting next_dagrun for example_subdag_operator.section-1 to None, run_after=None
[2022-12-25T15:36:15.702+0000] {logging_mixin.py:137} INFO - [2022-12-25T15:36:15.702+0000] {dag.py:3427} INFO - Setting next_dagrun for example_subdag_operator.section-2 to None, run_after=None
[2022-12-25T15:36:15.711+0000] {logging_mixin.py:137} INFO - [2022-12-25T15:36:15.711+0000] {dag.py:2676} INFO - Sync 2 DAGs
[2022-12-25T15:36:15.718+0000] {logging_mixin.py:137} INFO - [2022-12-25T15:36:15.718+0000] {dag.py:3427} INFO - Setting next_dagrun for example_subdag_operator.section-1 to None, run_after=None
[2022-12-25T15:36:15.718+0000] {logging_mixin.py:137} INFO - [2022-12-25T15:36:15.718+0000] {dag.py:3427} INFO - Setting next_dagrun for example_subdag_operator.section-2 to None, run_after=None
[2022-12-25T15:36:15.733+0000] {processor.py:175} INFO - Processing /home/airflow/.local/lib/python3.7/site-packages/airflow/example_dags/example_subdag_operator.py took 0.162 seconds
[2022-12-25T15:36:45.822+0000] {processor.py:153} INFO - Started process (PID=2386) to work on /home/airflow/.local/lib/python3.7/site-packages/airflow/example_dags/example_subdag_operator.py
[2022-12-25T15:36:45.824+0000] {processor.py:743} INFO - Processing file /home/airflow/.local/lib/python3.7/site-packages/airflow/example_dags/example_subdag_operator.py for tasks to queue
[2022-12-25T15:36:45.825+0000] {logging_mixin.py:137} INFO - [2022-12-25T15:36:45.825+0000] {dagbag.py:538} INFO - Filling up the DagBag from /home/airflow/.local/lib/python3.7/site-packages/airflow/example_dags/example_subdag_operator.py
[2022-12-25T15:36:45.866+0000] {processor.py:753} INFO - DAG(s) dict_keys(['example_subdag_operator.section-1', 'example_subdag_operator.section-2', 'example_subdag_operator']) retrieved from /home/airflow/.local/lib/python3.7/site-packages/airflow/example_dags/example_subdag_operator.py
[2022-12-25T15:36:45.898+0000] {logging_mixin.py:137} INFO - [2022-12-25T15:36:45.898+0000] {dag.py:2676} INFO - Sync 3 DAGs
[2022-12-25T15:36:45.935+0000] {logging_mixin.py:137} INFO - [2022-12-25T15:36:45.935+0000] {dag.py:3427} INFO - Setting next_dagrun for example_subdag_operator to 2022-01-01T00:00:00+00:00, run_after=2022-01-01T00:00:00+00:00
[2022-12-25T15:36:45.940+0000] {logging_mixin.py:137} INFO - [2022-12-25T15:36:45.940+0000] {dag.py:3427} INFO - Setting next_dagrun for example_subdag_operator.section-1 to None, run_after=None
[2022-12-25T15:36:45.942+0000] {logging_mixin.py:137} INFO - [2022-12-25T15:36:45.942+0000] {dag.py:3427} INFO - Setting next_dagrun for example_subdag_operator.section-2 to None, run_after=None
[2022-12-25T15:36:45.953+0000] {logging_mixin.py:137} INFO - [2022-12-25T15:36:45.953+0000] {dag.py:2676} INFO - Sync 2 DAGs
[2022-12-25T15:36:45.962+0000] {logging_mixin.py:137} INFO - [2022-12-25T15:36:45.961+0000] {dag.py:3427} INFO - Setting next_dagrun for example_subdag_operator.section-1 to None, run_after=None
[2022-12-25T15:36:45.962+0000] {logging_mixin.py:137} INFO - [2022-12-25T15:36:45.962+0000] {dag.py:3427} INFO - Setting next_dagrun for example_subdag_operator.section-2 to None, run_after=None
[2022-12-25T15:36:45.980+0000] {processor.py:175} INFO - Processing /home/airflow/.local/lib/python3.7/site-packages/airflow/example_dags/example_subdag_operator.py took 0.162 seconds
[2022-12-25T15:37:16.683+0000] {processor.py:153} INFO - Started process (PID=2630) to work on /home/airflow/.local/lib/python3.7/site-packages/airflow/example_dags/example_subdag_operator.py
[2022-12-25T15:37:16.684+0000] {processor.py:743} INFO - Processing file /home/airflow/.local/lib/python3.7/site-packages/airflow/example_dags/example_subdag_operator.py for tasks to queue
[2022-12-25T15:37:16.685+0000] {logging_mixin.py:137} INFO - [2022-12-25T15:37:16.685+0000] {dagbag.py:538} INFO - Filling up the DagBag from /home/airflow/.local/lib/python3.7/site-packages/airflow/example_dags/example_subdag_operator.py
[2022-12-25T15:37:16.718+0000] {processor.py:753} INFO - DAG(s) dict_keys(['example_subdag_operator.section-1', 'example_subdag_operator.section-2', 'example_subdag_operator']) retrieved from /home/airflow/.local/lib/python3.7/site-packages/airflow/example_dags/example_subdag_operator.py
[2022-12-25T15:37:16.750+0000] {logging_mixin.py:137} INFO - [2022-12-25T15:37:16.750+0000] {dag.py:2676} INFO - Sync 3 DAGs
[2022-12-25T15:37:16.776+0000] {logging_mixin.py:137} INFO - [2022-12-25T15:37:16.775+0000] {dag.py:3427} INFO - Setting next_dagrun for example_subdag_operator to 2022-01-01T00:00:00+00:00, run_after=2022-01-01T00:00:00+00:00
[2022-12-25T15:37:16.779+0000] {logging_mixin.py:137} INFO - [2022-12-25T15:37:16.779+0000] {dag.py:3427} INFO - Setting next_dagrun for example_subdag_operator.section-1 to None, run_after=None
[2022-12-25T15:37:16.780+0000] {logging_mixin.py:137} INFO - [2022-12-25T15:37:16.780+0000] {dag.py:3427} INFO - Setting next_dagrun for example_subdag_operator.section-2 to None, run_after=None
[2022-12-25T15:37:16.787+0000] {logging_mixin.py:137} INFO - [2022-12-25T15:37:16.787+0000] {dag.py:2676} INFO - Sync 2 DAGs
[2022-12-25T15:37:16.792+0000] {logging_mixin.py:137} INFO - [2022-12-25T15:37:16.792+0000] {dag.py:3427} INFO - Setting next_dagrun for example_subdag_operator.section-1 to None, run_after=None
[2022-12-25T15:37:16.792+0000] {logging_mixin.py:137} INFO - [2022-12-25T15:37:16.792+0000] {dag.py:3427} INFO - Setting next_dagrun for example_subdag_operator.section-2 to None, run_after=None
[2022-12-25T15:37:16.805+0000] {processor.py:175} INFO - Processing /home/airflow/.local/lib/python3.7/site-packages/airflow/example_dags/example_subdag_operator.py took 0.126 seconds
[2022-12-25T15:37:46.889+0000] {processor.py:153} INFO - Started process (PID=2862) to work on /home/airflow/.local/lib/python3.7/site-packages/airflow/example_dags/example_subdag_operator.py
[2022-12-25T15:37:46.890+0000] {processor.py:743} INFO - Processing file /home/airflow/.local/lib/python3.7/site-packages/airflow/example_dags/example_subdag_operator.py for tasks to queue
[2022-12-25T15:37:46.890+0000] {logging_mixin.py:137} INFO - [2022-12-25T15:37:46.890+0000] {dagbag.py:538} INFO - Filling up the DagBag from /home/airflow/.local/lib/python3.7/site-packages/airflow/example_dags/example_subdag_operator.py
[2022-12-25T15:37:46.925+0000] {processor.py:753} INFO - DAG(s) dict_keys(['example_subdag_operator.section-1', 'example_subdag_operator.section-2', 'example_subdag_operator']) retrieved from /home/airflow/.local/lib/python3.7/site-packages/airflow/example_dags/example_subdag_operator.py
[2022-12-25T15:37:46.954+0000] {logging_mixin.py:137} INFO - [2022-12-25T15:37:46.954+0000] {dag.py:2676} INFO - Sync 3 DAGs
[2022-12-25T15:37:46.980+0000] {logging_mixin.py:137} INFO - [2022-12-25T15:37:46.980+0000] {dag.py:3427} INFO - Setting next_dagrun for example_subdag_operator to 2022-01-01T00:00:00+00:00, run_after=2022-01-01T00:00:00+00:00
[2022-12-25T15:37:46.983+0000] {logging_mixin.py:137} INFO - [2022-12-25T15:37:46.983+0000] {dag.py:3427} INFO - Setting next_dagrun for example_subdag_operator.section-1 to None, run_after=None
[2022-12-25T15:37:46.984+0000] {logging_mixin.py:137} INFO - [2022-12-25T15:37:46.984+0000] {dag.py:3427} INFO - Setting next_dagrun for example_subdag_operator.section-2 to None, run_after=None
[2022-12-25T15:37:46.992+0000] {logging_mixin.py:137} INFO - [2022-12-25T15:37:46.992+0000] {dag.py:2676} INFO - Sync 2 DAGs
[2022-12-25T15:37:46.997+0000] {logging_mixin.py:137} INFO - [2022-12-25T15:37:46.997+0000] {dag.py:3427} INFO - Setting next_dagrun for example_subdag_operator.section-1 to None, run_after=None
[2022-12-25T15:37:46.998+0000] {logging_mixin.py:137} INFO - [2022-12-25T15:37:46.997+0000] {dag.py:3427} INFO - Setting next_dagrun for example_subdag_operator.section-2 to None, run_after=None
[2022-12-25T15:37:47.010+0000] {processor.py:175} INFO - Processing /home/airflow/.local/lib/python3.7/site-packages/airflow/example_dags/example_subdag_operator.py took 0.124 seconds
[2022-12-25T15:38:17.387+0000] {processor.py:153} INFO - Started process (PID=3110) to work on /home/airflow/.local/lib/python3.7/site-packages/airflow/example_dags/example_subdag_operator.py
[2022-12-25T15:38:17.388+0000] {processor.py:743} INFO - Processing file /home/airflow/.local/lib/python3.7/site-packages/airflow/example_dags/example_subdag_operator.py for tasks to queue
[2022-12-25T15:38:17.389+0000] {logging_mixin.py:137} INFO - [2022-12-25T15:38:17.389+0000] {dagbag.py:538} INFO - Filling up the DagBag from /home/airflow/.local/lib/python3.7/site-packages/airflow/example_dags/example_subdag_operator.py
[2022-12-25T15:38:17.419+0000] {processor.py:753} INFO - DAG(s) dict_keys(['example_subdag_operator.section-1', 'example_subdag_operator.section-2', 'example_subdag_operator']) retrieved from /home/airflow/.local/lib/python3.7/site-packages/airflow/example_dags/example_subdag_operator.py
[2022-12-25T15:38:17.446+0000] {logging_mixin.py:137} INFO - [2022-12-25T15:38:17.446+0000] {dag.py:2676} INFO - Sync 3 DAGs
[2022-12-25T15:38:17.473+0000] {logging_mixin.py:137} INFO - [2022-12-25T15:38:17.473+0000] {dag.py:3427} INFO - Setting next_dagrun for example_subdag_operator to 2022-01-01T00:00:00+00:00, run_after=2022-01-01T00:00:00+00:00
[2022-12-25T15:38:17.476+0000] {logging_mixin.py:137} INFO - [2022-12-25T15:38:17.476+0000] {dag.py:3427} INFO - Setting next_dagrun for example_subdag_operator.section-1 to None, run_after=None
[2022-12-25T15:38:17.478+0000] {logging_mixin.py:137} INFO - [2022-12-25T15:38:17.478+0000] {dag.py:3427} INFO - Setting next_dagrun for example_subdag_operator.section-2 to None, run_after=None
[2022-12-25T15:38:17.484+0000] {logging_mixin.py:137} INFO - [2022-12-25T15:38:17.484+0000] {dag.py:2676} INFO - Sync 2 DAGs
[2022-12-25T15:38:17.489+0000] {logging_mixin.py:137} INFO - [2022-12-25T15:38:17.489+0000] {dag.py:3427} INFO - Setting next_dagrun for example_subdag_operator.section-1 to None, run_after=None
[2022-12-25T15:38:17.490+0000] {logging_mixin.py:137} INFO - [2022-12-25T15:38:17.489+0000] {dag.py:3427} INFO - Setting next_dagrun for example_subdag_operator.section-2 to None, run_after=None
[2022-12-25T15:38:17.501+0000] {processor.py:175} INFO - Processing /home/airflow/.local/lib/python3.7/site-packages/airflow/example_dags/example_subdag_operator.py took 0.117 seconds
[2022-12-25T15:38:48.063+0000] {processor.py:153} INFO - Started process (PID=3340) to work on /home/airflow/.local/lib/python3.7/site-packages/airflow/example_dags/example_subdag_operator.py
[2022-12-25T15:38:48.063+0000] {processor.py:743} INFO - Processing file /home/airflow/.local/lib/python3.7/site-packages/airflow/example_dags/example_subdag_operator.py for tasks to queue
[2022-12-25T15:38:48.064+0000] {logging_mixin.py:137} INFO - [2022-12-25T15:38:48.064+0000] {dagbag.py:538} INFO - Filling up the DagBag from /home/airflow/.local/lib/python3.7/site-packages/airflow/example_dags/example_subdag_operator.py
[2022-12-25T15:38:48.121+0000] {processor.py:753} INFO - DAG(s) dict_keys(['example_subdag_operator.section-1', 'example_subdag_operator.section-2', 'example_subdag_operator']) retrieved from /home/airflow/.local/lib/python3.7/site-packages/airflow/example_dags/example_subdag_operator.py
[2022-12-25T15:38:48.171+0000] {logging_mixin.py:137} INFO - [2022-12-25T15:38:48.170+0000] {dag.py:2676} INFO - Sync 3 DAGs
[2022-12-25T15:38:48.216+0000] {logging_mixin.py:137} INFO - [2022-12-25T15:38:48.215+0000] {dag.py:3427} INFO - Setting next_dagrun for example_subdag_operator to 2022-01-01T00:00:00+00:00, run_after=2022-01-01T00:00:00+00:00
[2022-12-25T15:38:48.223+0000] {logging_mixin.py:137} INFO - [2022-12-25T15:38:48.222+0000] {dag.py:3427} INFO - Setting next_dagrun for example_subdag_operator.section-1 to None, run_after=None
[2022-12-25T15:38:48.226+0000] {logging_mixin.py:137} INFO - [2022-12-25T15:38:48.226+0000] {dag.py:3427} INFO - Setting next_dagrun for example_subdag_operator.section-2 to None, run_after=None
[2022-12-25T15:38:48.239+0000] {logging_mixin.py:137} INFO - [2022-12-25T15:38:48.238+0000] {dag.py:2676} INFO - Sync 2 DAGs
[2022-12-25T15:38:48.246+0000] {logging_mixin.py:137} INFO - [2022-12-25T15:38:48.245+0000] {dag.py:3427} INFO - Setting next_dagrun for example_subdag_operator.section-1 to None, run_after=None
[2022-12-25T15:38:48.246+0000] {logging_mixin.py:137} INFO - [2022-12-25T15:38:48.246+0000] {dag.py:3427} INFO - Setting next_dagrun for example_subdag_operator.section-2 to None, run_after=None
[2022-12-25T15:38:48.261+0000] {processor.py:175} INFO - Processing /home/airflow/.local/lib/python3.7/site-packages/airflow/example_dags/example_subdag_operator.py took 0.201 seconds
[2022-12-25T15:39:20.354+0000] {processor.py:153} INFO - Started process (PID=3592) to work on /home/airflow/.local/lib/python3.7/site-packages/airflow/example_dags/example_subdag_operator.py
[2022-12-25T15:39:20.355+0000] {processor.py:743} INFO - Processing file /home/airflow/.local/lib/python3.7/site-packages/airflow/example_dags/example_subdag_operator.py for tasks to queue
[2022-12-25T15:39:20.356+0000] {logging_mixin.py:137} INFO - [2022-12-25T15:39:20.356+0000] {dagbag.py:538} INFO - Filling up the DagBag from /home/airflow/.local/lib/python3.7/site-packages/airflow/example_dags/example_subdag_operator.py
[2022-12-25T15:39:20.393+0000] {processor.py:753} INFO - DAG(s) dict_keys(['example_subdag_operator.section-1', 'example_subdag_operator.section-2', 'example_subdag_operator']) retrieved from /home/airflow/.local/lib/python3.7/site-packages/airflow/example_dags/example_subdag_operator.py
[2022-12-25T15:39:20.411+0000] {logging_mixin.py:137} INFO - [2022-12-25T15:39:20.411+0000] {dag.py:2676} INFO - Sync 3 DAGs
[2022-12-25T15:39:20.439+0000] {logging_mixin.py:137} INFO - [2022-12-25T15:39:20.439+0000] {dag.py:3427} INFO - Setting next_dagrun for example_subdag_operator to 2022-01-01T00:00:00+00:00, run_after=2022-01-01T00:00:00+00:00
[2022-12-25T15:39:20.443+0000] {logging_mixin.py:137} INFO - [2022-12-25T15:39:20.443+0000] {dag.py:3427} INFO - Setting next_dagrun for example_subdag_operator.section-1 to None, run_after=None
[2022-12-25T15:39:20.444+0000] {logging_mixin.py:137} INFO - [2022-12-25T15:39:20.444+0000] {dag.py:3427} INFO - Setting next_dagrun for example_subdag_operator.section-2 to None, run_after=None
[2022-12-25T15:39:20.452+0000] {logging_mixin.py:137} INFO - [2022-12-25T15:39:20.451+0000] {dag.py:2676} INFO - Sync 2 DAGs
[2022-12-25T15:39:20.457+0000] {logging_mixin.py:137} INFO - [2022-12-25T15:39:20.457+0000] {dag.py:3427} INFO - Setting next_dagrun for example_subdag_operator.section-1 to None, run_after=None
[2022-12-25T15:39:20.458+0000] {logging_mixin.py:137} INFO - [2022-12-25T15:39:20.458+0000] {dag.py:3427} INFO - Setting next_dagrun for example_subdag_operator.section-2 to None, run_after=None
[2022-12-25T15:39:20.472+0000] {processor.py:175} INFO - Processing /home/airflow/.local/lib/python3.7/site-packages/airflow/example_dags/example_subdag_operator.py took 0.121 seconds
[2022-12-25T15:39:51.271+0000] {processor.py:153} INFO - Started process (PID=3822) to work on /home/airflow/.local/lib/python3.7/site-packages/airflow/example_dags/example_subdag_operator.py
[2022-12-25T15:39:51.273+0000] {processor.py:743} INFO - Processing file /home/airflow/.local/lib/python3.7/site-packages/airflow/example_dags/example_subdag_operator.py for tasks to queue
[2022-12-25T15:39:51.273+0000] {logging_mixin.py:137} INFO - [2022-12-25T15:39:51.273+0000] {dagbag.py:538} INFO - Filling up the DagBag from /home/airflow/.local/lib/python3.7/site-packages/airflow/example_dags/example_subdag_operator.py
[2022-12-25T15:39:51.317+0000] {processor.py:753} INFO - DAG(s) dict_keys(['example_subdag_operator.section-1', 'example_subdag_operator.section-2', 'example_subdag_operator']) retrieved from /home/airflow/.local/lib/python3.7/site-packages/airflow/example_dags/example_subdag_operator.py
[2022-12-25T15:39:51.357+0000] {logging_mixin.py:137} INFO - [2022-12-25T15:39:51.357+0000] {dag.py:2676} INFO - Sync 3 DAGs
[2022-12-25T15:39:51.389+0000] {logging_mixin.py:137} INFO - [2022-12-25T15:39:51.388+0000] {dag.py:3427} INFO - Setting next_dagrun for example_subdag_operator to 2022-01-01T00:00:00+00:00, run_after=2022-01-01T00:00:00+00:00
[2022-12-25T15:39:51.392+0000] {logging_mixin.py:137} INFO - [2022-12-25T15:39:51.392+0000] {dag.py:3427} INFO - Setting next_dagrun for example_subdag_operator.section-1 to None, run_after=None
[2022-12-25T15:39:51.393+0000] {logging_mixin.py:137} INFO - [2022-12-25T15:39:51.393+0000] {dag.py:3427} INFO - Setting next_dagrun for example_subdag_operator.section-2 to None, run_after=None
[2022-12-25T15:39:51.401+0000] {logging_mixin.py:137} INFO - [2022-12-25T15:39:51.401+0000] {dag.py:2676} INFO - Sync 2 DAGs
[2022-12-25T15:39:51.406+0000] {logging_mixin.py:137} INFO - [2022-12-25T15:39:51.406+0000] {dag.py:3427} INFO - Setting next_dagrun for example_subdag_operator.section-1 to None, run_after=None
[2022-12-25T15:39:51.407+0000] {logging_mixin.py:137} INFO - [2022-12-25T15:39:51.407+0000] {dag.py:3427} INFO - Setting next_dagrun for example_subdag_operator.section-2 to None, run_after=None
[2022-12-25T15:39:51.420+0000] {processor.py:175} INFO - Processing /home/airflow/.local/lib/python3.7/site-packages/airflow/example_dags/example_subdag_operator.py took 0.157 seconds
[2022-12-25T15:40:21.718+0000] {processor.py:153} INFO - Started process (PID=4058) to work on /home/airflow/.local/lib/python3.7/site-packages/airflow/example_dags/example_subdag_operator.py
[2022-12-25T15:40:21.720+0000] {processor.py:743} INFO - Processing file /home/airflow/.local/lib/python3.7/site-packages/airflow/example_dags/example_subdag_operator.py for tasks to queue
[2022-12-25T15:40:21.721+0000] {logging_mixin.py:137} INFO - [2022-12-25T15:40:21.721+0000] {dagbag.py:538} INFO - Filling up the DagBag from /home/airflow/.local/lib/python3.7/site-packages/airflow/example_dags/example_subdag_operator.py
[2022-12-25T15:40:21.759+0000] {processor.py:753} INFO - DAG(s) dict_keys(['example_subdag_operator.section-1', 'example_subdag_operator.section-2', 'example_subdag_operator']) retrieved from /home/airflow/.local/lib/python3.7/site-packages/airflow/example_dags/example_subdag_operator.py
[2022-12-25T15:40:21.794+0000] {logging_mixin.py:137} INFO - [2022-12-25T15:40:21.794+0000] {dag.py:2676} INFO - Sync 3 DAGs
[2022-12-25T15:40:21.826+0000] {logging_mixin.py:137} INFO - [2022-12-25T15:40:21.826+0000] {dag.py:3427} INFO - Setting next_dagrun for example_subdag_operator to 2022-01-01T00:00:00+00:00, run_after=2022-01-01T00:00:00+00:00
[2022-12-25T15:40:21.830+0000] {logging_mixin.py:137} INFO - [2022-12-25T15:40:21.830+0000] {dag.py:3427} INFO - Setting next_dagrun for example_subdag_operator.section-1 to None, run_after=None
[2022-12-25T15:40:21.832+0000] {logging_mixin.py:137} INFO - [2022-12-25T15:40:21.832+0000] {dag.py:3427} INFO - Setting next_dagrun for example_subdag_operator.section-2 to None, run_after=None
[2022-12-25T15:40:21.842+0000] {logging_mixin.py:137} INFO - [2022-12-25T15:40:21.842+0000] {dag.py:2676} INFO - Sync 2 DAGs
[2022-12-25T15:40:21.850+0000] {logging_mixin.py:137} INFO - [2022-12-25T15:40:21.850+0000] {dag.py:3427} INFO - Setting next_dagrun for example_subdag_operator.section-1 to None, run_after=None
[2022-12-25T15:40:21.850+0000] {logging_mixin.py:137} INFO - [2022-12-25T15:40:21.850+0000] {dag.py:3427} INFO - Setting next_dagrun for example_subdag_operator.section-2 to None, run_after=None
[2022-12-25T15:40:21.867+0000] {processor.py:175} INFO - Processing /home/airflow/.local/lib/python3.7/site-packages/airflow/example_dags/example_subdag_operator.py took 0.155 seconds
[2022-12-25T15:40:51.944+0000] {processor.py:153} INFO - Started process (PID=4301) to work on /home/airflow/.local/lib/python3.7/site-packages/airflow/example_dags/example_subdag_operator.py
[2022-12-25T15:40:51.945+0000] {processor.py:743} INFO - Processing file /home/airflow/.local/lib/python3.7/site-packages/airflow/example_dags/example_subdag_operator.py for tasks to queue
[2022-12-25T15:40:51.946+0000] {logging_mixin.py:137} INFO - [2022-12-25T15:40:51.946+0000] {dagbag.py:538} INFO - Filling up the DagBag from /home/airflow/.local/lib/python3.7/site-packages/airflow/example_dags/example_subdag_operator.py
[2022-12-25T15:40:51.978+0000] {processor.py:753} INFO - DAG(s) dict_keys(['example_subdag_operator.section-1', 'example_subdag_operator.section-2', 'example_subdag_operator']) retrieved from /home/airflow/.local/lib/python3.7/site-packages/airflow/example_dags/example_subdag_operator.py
[2022-12-25T15:40:52.010+0000] {logging_mixin.py:137} INFO - [2022-12-25T15:40:52.010+0000] {dag.py:2676} INFO - Sync 3 DAGs
[2022-12-25T15:40:52.039+0000] {logging_mixin.py:137} INFO - [2022-12-25T15:40:52.038+0000] {dag.py:3427} INFO - Setting next_dagrun for example_subdag_operator to 2022-01-01T00:00:00+00:00, run_after=2022-01-01T00:00:00+00:00
[2022-12-25T15:40:52.042+0000] {logging_mixin.py:137} INFO - [2022-12-25T15:40:52.042+0000] {dag.py:3427} INFO - Setting next_dagrun for example_subdag_operator.section-1 to None, run_after=None
[2022-12-25T15:40:52.043+0000] {logging_mixin.py:137} INFO - [2022-12-25T15:40:52.043+0000] {dag.py:3427} INFO - Setting next_dagrun for example_subdag_operator.section-2 to None, run_after=None
[2022-12-25T15:40:52.050+0000] {logging_mixin.py:137} INFO - [2022-12-25T15:40:52.050+0000] {dag.py:2676} INFO - Sync 2 DAGs
[2022-12-25T15:40:52.056+0000] {logging_mixin.py:137} INFO - [2022-12-25T15:40:52.055+0000] {dag.py:3427} INFO - Setting next_dagrun for example_subdag_operator.section-1 to None, run_after=None
[2022-12-25T15:40:52.056+0000] {logging_mixin.py:137} INFO - [2022-12-25T15:40:52.056+0000] {dag.py:3427} INFO - Setting next_dagrun for example_subdag_operator.section-2 to None, run_after=None
[2022-12-25T15:40:52.068+0000] {processor.py:175} INFO - Processing /home/airflow/.local/lib/python3.7/site-packages/airflow/example_dags/example_subdag_operator.py took 0.127 seconds
[2022-12-25T15:41:22.473+0000] {processor.py:153} INFO - Started process (PID=4533) to work on /home/airflow/.local/lib/python3.7/site-packages/airflow/example_dags/example_subdag_operator.py
[2022-12-25T15:41:22.475+0000] {processor.py:743} INFO - Processing file /home/airflow/.local/lib/python3.7/site-packages/airflow/example_dags/example_subdag_operator.py for tasks to queue
[2022-12-25T15:41:22.475+0000] {logging_mixin.py:137} INFO - [2022-12-25T15:41:22.475+0000] {dagbag.py:538} INFO - Filling up the DagBag from /home/airflow/.local/lib/python3.7/site-packages/airflow/example_dags/example_subdag_operator.py
[2022-12-25T15:41:22.520+0000] {processor.py:753} INFO - DAG(s) dict_keys(['example_subdag_operator.section-1', 'example_subdag_operator.section-2', 'example_subdag_operator']) retrieved from /home/airflow/.local/lib/python3.7/site-packages/airflow/example_dags/example_subdag_operator.py
[2022-12-25T15:41:22.560+0000] {logging_mixin.py:137} INFO - [2022-12-25T15:41:22.559+0000] {dag.py:2676} INFO - Sync 3 DAGs
[2022-12-25T15:41:22.593+0000] {logging_mixin.py:137} INFO - [2022-12-25T15:41:22.593+0000] {dag.py:3427} INFO - Setting next_dagrun for example_subdag_operator to 2022-01-01T00:00:00+00:00, run_after=2022-01-01T00:00:00+00:00
[2022-12-25T15:41:22.598+0000] {logging_mixin.py:137} INFO - [2022-12-25T15:41:22.598+0000] {dag.py:3427} INFO - Setting next_dagrun for example_subdag_operator.section-1 to None, run_after=None
[2022-12-25T15:41:22.602+0000] {logging_mixin.py:137} INFO - [2022-12-25T15:41:22.602+0000] {dag.py:3427} INFO - Setting next_dagrun for example_subdag_operator.section-2 to None, run_after=None
[2022-12-25T15:41:22.619+0000] {logging_mixin.py:137} INFO - [2022-12-25T15:41:22.619+0000] {dag.py:2676} INFO - Sync 2 DAGs
[2022-12-25T15:41:22.628+0000] {logging_mixin.py:137} INFO - [2022-12-25T15:41:22.627+0000] {dag.py:3427} INFO - Setting next_dagrun for example_subdag_operator.section-1 to None, run_after=None
[2022-12-25T15:41:22.628+0000] {logging_mixin.py:137} INFO - [2022-12-25T15:41:22.628+0000] {dag.py:3427} INFO - Setting next_dagrun for example_subdag_operator.section-2 to None, run_after=None
[2022-12-25T15:41:22.668+0000] {processor.py:175} INFO - Processing /home/airflow/.local/lib/python3.7/site-packages/airflow/example_dags/example_subdag_operator.py took 0.198 seconds
[2022-12-25T15:41:52.750+0000] {processor.py:153} INFO - Started process (PID=4783) to work on /home/airflow/.local/lib/python3.7/site-packages/airflow/example_dags/example_subdag_operator.py
[2022-12-25T15:41:52.752+0000] {processor.py:743} INFO - Processing file /home/airflow/.local/lib/python3.7/site-packages/airflow/example_dags/example_subdag_operator.py for tasks to queue
[2022-12-25T15:41:52.753+0000] {logging_mixin.py:137} INFO - [2022-12-25T15:41:52.752+0000] {dagbag.py:538} INFO - Filling up the DagBag from /home/airflow/.local/lib/python3.7/site-packages/airflow/example_dags/example_subdag_operator.py
[2022-12-25T15:41:52.788+0000] {processor.py:753} INFO - DAG(s) dict_keys(['example_subdag_operator.section-1', 'example_subdag_operator.section-2', 'example_subdag_operator']) retrieved from /home/airflow/.local/lib/python3.7/site-packages/airflow/example_dags/example_subdag_operator.py
[2022-12-25T15:41:52.828+0000] {logging_mixin.py:137} INFO - [2022-12-25T15:41:52.827+0000] {dag.py:2676} INFO - Sync 3 DAGs
[2022-12-25T15:41:52.856+0000] {logging_mixin.py:137} INFO - [2022-12-25T15:41:52.856+0000] {dag.py:3427} INFO - Setting next_dagrun for example_subdag_operator to 2022-01-01T00:00:00+00:00, run_after=2022-01-01T00:00:00+00:00
[2022-12-25T15:41:52.860+0000] {logging_mixin.py:137} INFO - [2022-12-25T15:41:52.860+0000] {dag.py:3427} INFO - Setting next_dagrun for example_subdag_operator.section-1 to None, run_after=None
[2022-12-25T15:41:52.861+0000] {logging_mixin.py:137} INFO - [2022-12-25T15:41:52.861+0000] {dag.py:3427} INFO - Setting next_dagrun for example_subdag_operator.section-2 to None, run_after=None
[2022-12-25T15:41:52.869+0000] {logging_mixin.py:137} INFO - [2022-12-25T15:41:52.869+0000] {dag.py:2676} INFO - Sync 2 DAGs
[2022-12-25T15:41:52.877+0000] {logging_mixin.py:137} INFO - [2022-12-25T15:41:52.877+0000] {dag.py:3427} INFO - Setting next_dagrun for example_subdag_operator.section-1 to None, run_after=None
[2022-12-25T15:41:52.877+0000] {logging_mixin.py:137} INFO - [2022-12-25T15:41:52.877+0000] {dag.py:3427} INFO - Setting next_dagrun for example_subdag_operator.section-2 to None, run_after=None
[2022-12-25T15:41:52.891+0000] {processor.py:175} INFO - Processing /home/airflow/.local/lib/python3.7/site-packages/airflow/example_dags/example_subdag_operator.py took 0.144 seconds
[2022-12-25T15:42:23.608+0000] {processor.py:153} INFO - Started process (PID=5011) to work on /home/airflow/.local/lib/python3.7/site-packages/airflow/example_dags/example_subdag_operator.py
[2022-12-25T15:42:23.609+0000] {processor.py:743} INFO - Processing file /home/airflow/.local/lib/python3.7/site-packages/airflow/example_dags/example_subdag_operator.py for tasks to queue
[2022-12-25T15:42:23.610+0000] {logging_mixin.py:137} INFO - [2022-12-25T15:42:23.610+0000] {dagbag.py:538} INFO - Filling up the DagBag from /home/airflow/.local/lib/python3.7/site-packages/airflow/example_dags/example_subdag_operator.py
[2022-12-25T15:42:23.654+0000] {processor.py:753} INFO - DAG(s) dict_keys(['example_subdag_operator.section-1', 'example_subdag_operator.section-2', 'example_subdag_operator']) retrieved from /home/airflow/.local/lib/python3.7/site-packages/airflow/example_dags/example_subdag_operator.py
[2022-12-25T15:42:23.692+0000] {logging_mixin.py:137} INFO - [2022-12-25T15:42:23.692+0000] {dag.py:2676} INFO - Sync 3 DAGs
[2022-12-25T15:42:23.732+0000] {logging_mixin.py:137} INFO - [2022-12-25T15:42:23.731+0000] {dag.py:3427} INFO - Setting next_dagrun for example_subdag_operator to 2022-01-01T00:00:00+00:00, run_after=2022-01-01T00:00:00+00:00
[2022-12-25T15:42:23.736+0000] {logging_mixin.py:137} INFO - [2022-12-25T15:42:23.736+0000] {dag.py:3427} INFO - Setting next_dagrun for example_subdag_operator.section-1 to None, run_after=None
[2022-12-25T15:42:23.738+0000] {logging_mixin.py:137} INFO - [2022-12-25T15:42:23.738+0000] {dag.py:3427} INFO - Setting next_dagrun for example_subdag_operator.section-2 to None, run_after=None
[2022-12-25T15:42:23.748+0000] {logging_mixin.py:137} INFO - [2022-12-25T15:42:23.748+0000] {dag.py:2676} INFO - Sync 2 DAGs
[2022-12-25T15:42:23.756+0000] {logging_mixin.py:137} INFO - [2022-12-25T15:42:23.756+0000] {dag.py:3427} INFO - Setting next_dagrun for example_subdag_operator.section-1 to None, run_after=None
[2022-12-25T15:42:23.757+0000] {logging_mixin.py:137} INFO - [2022-12-25T15:42:23.757+0000] {dag.py:3427} INFO - Setting next_dagrun for example_subdag_operator.section-2 to None, run_after=None
[2022-12-25T15:42:23.775+0000] {processor.py:175} INFO - Processing /home/airflow/.local/lib/python3.7/site-packages/airflow/example_dags/example_subdag_operator.py took 0.172 seconds
[2022-12-25T15:42:53.825+0000] {processor.py:153} INFO - Started process (PID=5242) to work on /home/airflow/.local/lib/python3.7/site-packages/airflow/example_dags/example_subdag_operator.py
[2022-12-25T15:42:53.826+0000] {processor.py:743} INFO - Processing file /home/airflow/.local/lib/python3.7/site-packages/airflow/example_dags/example_subdag_operator.py for tasks to queue
[2022-12-25T15:42:53.827+0000] {logging_mixin.py:137} INFO - [2022-12-25T15:42:53.827+0000] {dagbag.py:538} INFO - Filling up the DagBag from /home/airflow/.local/lib/python3.7/site-packages/airflow/example_dags/example_subdag_operator.py
[2022-12-25T15:42:53.859+0000] {processor.py:753} INFO - DAG(s) dict_keys(['example_subdag_operator.section-1', 'example_subdag_operator.section-2', 'example_subdag_operator']) retrieved from /home/airflow/.local/lib/python3.7/site-packages/airflow/example_dags/example_subdag_operator.py
[2022-12-25T15:42:53.893+0000] {logging_mixin.py:137} INFO - [2022-12-25T15:42:53.893+0000] {dag.py:2676} INFO - Sync 3 DAGs
[2022-12-25T15:42:53.918+0000] {logging_mixin.py:137} INFO - [2022-12-25T15:42:53.918+0000] {dag.py:3427} INFO - Setting next_dagrun for example_subdag_operator to 2022-01-01T00:00:00+00:00, run_after=2022-01-01T00:00:00+00:00
[2022-12-25T15:42:53.921+0000] {logging_mixin.py:137} INFO - [2022-12-25T15:42:53.921+0000] {dag.py:3427} INFO - Setting next_dagrun for example_subdag_operator.section-1 to None, run_after=None
[2022-12-25T15:42:53.922+0000] {logging_mixin.py:137} INFO - [2022-12-25T15:42:53.922+0000] {dag.py:3427} INFO - Setting next_dagrun for example_subdag_operator.section-2 to None, run_after=None
[2022-12-25T15:42:53.929+0000] {logging_mixin.py:137} INFO - [2022-12-25T15:42:53.929+0000] {dag.py:2676} INFO - Sync 2 DAGs
[2022-12-25T15:42:53.934+0000] {logging_mixin.py:137} INFO - [2022-12-25T15:42:53.934+0000] {dag.py:3427} INFO - Setting next_dagrun for example_subdag_operator.section-1 to None, run_after=None
[2022-12-25T15:42:53.934+0000] {logging_mixin.py:137} INFO - [2022-12-25T15:42:53.934+0000] {dag.py:3427} INFO - Setting next_dagrun for example_subdag_operator.section-2 to None, run_after=None
[2022-12-25T15:42:53.947+0000] {processor.py:175} INFO - Processing /home/airflow/.local/lib/python3.7/site-packages/airflow/example_dags/example_subdag_operator.py took 0.124 seconds
[2022-12-25T15:43:24.505+0000] {processor.py:153} INFO - Started process (PID=5492) to work on /home/airflow/.local/lib/python3.7/site-packages/airflow/example_dags/example_subdag_operator.py
[2022-12-25T15:43:24.506+0000] {processor.py:743} INFO - Processing file /home/airflow/.local/lib/python3.7/site-packages/airflow/example_dags/example_subdag_operator.py for tasks to queue
[2022-12-25T15:43:24.507+0000] {logging_mixin.py:137} INFO - [2022-12-25T15:43:24.507+0000] {dagbag.py:538} INFO - Filling up the DagBag from /home/airflow/.local/lib/python3.7/site-packages/airflow/example_dags/example_subdag_operator.py
[2022-12-25T15:43:24.546+0000] {processor.py:753} INFO - DAG(s) dict_keys(['example_subdag_operator.section-1', 'example_subdag_operator.section-2', 'example_subdag_operator']) retrieved from /home/airflow/.local/lib/python3.7/site-packages/airflow/example_dags/example_subdag_operator.py
[2022-12-25T15:43:24.589+0000] {logging_mixin.py:137} INFO - [2022-12-25T15:43:24.589+0000] {dag.py:2676} INFO - Sync 3 DAGs
[2022-12-25T15:43:24.622+0000] {logging_mixin.py:137} INFO - [2022-12-25T15:43:24.622+0000] {dag.py:3427} INFO - Setting next_dagrun for example_subdag_operator to 2022-01-01T00:00:00+00:00, run_after=2022-01-01T00:00:00+00:00
[2022-12-25T15:43:24.626+0000] {logging_mixin.py:137} INFO - [2022-12-25T15:43:24.626+0000] {dag.py:3427} INFO - Setting next_dagrun for example_subdag_operator.section-1 to None, run_after=None
[2022-12-25T15:43:24.627+0000] {logging_mixin.py:137} INFO - [2022-12-25T15:43:24.627+0000] {dag.py:3427} INFO - Setting next_dagrun for example_subdag_operator.section-2 to None, run_after=None
[2022-12-25T15:43:24.638+0000] {logging_mixin.py:137} INFO - [2022-12-25T15:43:24.637+0000] {dag.py:2676} INFO - Sync 2 DAGs
[2022-12-25T15:43:24.645+0000] {logging_mixin.py:137} INFO - [2022-12-25T15:43:24.644+0000] {dag.py:3427} INFO - Setting next_dagrun for example_subdag_operator.section-1 to None, run_after=None
[2022-12-25T15:43:24.645+0000] {logging_mixin.py:137} INFO - [2022-12-25T15:43:24.645+0000] {dag.py:3427} INFO - Setting next_dagrun for example_subdag_operator.section-2 to None, run_after=None
[2022-12-25T15:43:24.664+0000] {processor.py:175} INFO - Processing /home/airflow/.local/lib/python3.7/site-packages/airflow/example_dags/example_subdag_operator.py took 0.162 seconds
[2022-12-25T15:43:54.862+0000] {processor.py:153} INFO - Started process (PID=5725) to work on /home/airflow/.local/lib/python3.7/site-packages/airflow/example_dags/example_subdag_operator.py
[2022-12-25T15:43:54.864+0000] {processor.py:743} INFO - Processing file /home/airflow/.local/lib/python3.7/site-packages/airflow/example_dags/example_subdag_operator.py for tasks to queue
[2022-12-25T15:43:54.864+0000] {logging_mixin.py:137} INFO - [2022-12-25T15:43:54.864+0000] {dagbag.py:538} INFO - Filling up the DagBag from /home/airflow/.local/lib/python3.7/site-packages/airflow/example_dags/example_subdag_operator.py
[2022-12-25T15:43:54.898+0000] {processor.py:753} INFO - DAG(s) dict_keys(['example_subdag_operator.section-1', 'example_subdag_operator.section-2', 'example_subdag_operator']) retrieved from /home/airflow/.local/lib/python3.7/site-packages/airflow/example_dags/example_subdag_operator.py
[2022-12-25T15:43:54.926+0000] {logging_mixin.py:137} INFO - [2022-12-25T15:43:54.926+0000] {dag.py:2676} INFO - Sync 3 DAGs
[2022-12-25T15:43:54.951+0000] {logging_mixin.py:137} INFO - [2022-12-25T15:43:54.951+0000] {dag.py:3427} INFO - Setting next_dagrun for example_subdag_operator to 2022-01-01T00:00:00+00:00, run_after=2022-01-01T00:00:00+00:00
[2022-12-25T15:43:54.954+0000] {logging_mixin.py:137} INFO - [2022-12-25T15:43:54.954+0000] {dag.py:3427} INFO - Setting next_dagrun for example_subdag_operator.section-1 to None, run_after=None
[2022-12-25T15:43:54.955+0000] {logging_mixin.py:137} INFO - [2022-12-25T15:43:54.955+0000] {dag.py:3427} INFO - Setting next_dagrun for example_subdag_operator.section-2 to None, run_after=None
[2022-12-25T15:43:54.962+0000] {logging_mixin.py:137} INFO - [2022-12-25T15:43:54.962+0000] {dag.py:2676} INFO - Sync 2 DAGs
[2022-12-25T15:43:54.967+0000] {logging_mixin.py:137} INFO - [2022-12-25T15:43:54.967+0000] {dag.py:3427} INFO - Setting next_dagrun for example_subdag_operator.section-1 to None, run_after=None
[2022-12-25T15:43:54.968+0000] {logging_mixin.py:137} INFO - [2022-12-25T15:43:54.968+0000] {dag.py:3427} INFO - Setting next_dagrun for example_subdag_operator.section-2 to None, run_after=None
[2022-12-25T15:43:54.981+0000] {processor.py:175} INFO - Processing /home/airflow/.local/lib/python3.7/site-packages/airflow/example_dags/example_subdag_operator.py took 0.121 seconds
[2022-12-25T15:44:25.715+0000] {processor.py:153} INFO - Started process (PID=5964) to work on /home/airflow/.local/lib/python3.7/site-packages/airflow/example_dags/example_subdag_operator.py
[2022-12-25T15:44:25.717+0000] {processor.py:743} INFO - Processing file /home/airflow/.local/lib/python3.7/site-packages/airflow/example_dags/example_subdag_operator.py for tasks to queue
[2022-12-25T15:44:25.718+0000] {logging_mixin.py:137} INFO - [2022-12-25T15:44:25.718+0000] {dagbag.py:538} INFO - Filling up the DagBag from /home/airflow/.local/lib/python3.7/site-packages/airflow/example_dags/example_subdag_operator.py
[2022-12-25T15:44:25.755+0000] {processor.py:753} INFO - DAG(s) dict_keys(['example_subdag_operator.section-1', 'example_subdag_operator.section-2', 'example_subdag_operator']) retrieved from /home/airflow/.local/lib/python3.7/site-packages/airflow/example_dags/example_subdag_operator.py
[2022-12-25T15:44:25.841+0000] {logging_mixin.py:137} INFO - [2022-12-25T15:44:25.841+0000] {dag.py:2676} INFO - Sync 3 DAGs
[2022-12-25T15:44:25.878+0000] {logging_mixin.py:137} INFO - [2022-12-25T15:44:25.878+0000] {dag.py:3427} INFO - Setting next_dagrun for example_subdag_operator to 2022-01-01T00:00:00+00:00, run_after=2022-01-01T00:00:00+00:00
[2022-12-25T15:44:25.883+0000] {logging_mixin.py:137} INFO - [2022-12-25T15:44:25.883+0000] {dag.py:3427} INFO - Setting next_dagrun for example_subdag_operator.section-1 to None, run_after=None
[2022-12-25T15:44:25.885+0000] {logging_mixin.py:137} INFO - [2022-12-25T15:44:25.885+0000] {dag.py:3427} INFO - Setting next_dagrun for example_subdag_operator.section-2 to None, run_after=None
[2022-12-25T15:44:25.897+0000] {logging_mixin.py:137} INFO - [2022-12-25T15:44:25.896+0000] {dag.py:2676} INFO - Sync 2 DAGs
[2022-12-25T15:44:25.906+0000] {logging_mixin.py:137} INFO - [2022-12-25T15:44:25.905+0000] {dag.py:3427} INFO - Setting next_dagrun for example_subdag_operator.section-1 to None, run_after=None
[2022-12-25T15:44:25.906+0000] {logging_mixin.py:137} INFO - [2022-12-25T15:44:25.906+0000] {dag.py:3427} INFO - Setting next_dagrun for example_subdag_operator.section-2 to None, run_after=None
[2022-12-25T15:44:25.921+0000] {processor.py:175} INFO - Processing /home/airflow/.local/lib/python3.7/site-packages/airflow/example_dags/example_subdag_operator.py took 0.209 seconds
[2022-12-25T15:44:56.532+0000] {processor.py:153} INFO - Started process (PID=6203) to work on /home/airflow/.local/lib/python3.7/site-packages/airflow/example_dags/example_subdag_operator.py
[2022-12-25T15:44:56.533+0000] {processor.py:743} INFO - Processing file /home/airflow/.local/lib/python3.7/site-packages/airflow/example_dags/example_subdag_operator.py for tasks to queue
[2022-12-25T15:44:56.534+0000] {logging_mixin.py:137} INFO - [2022-12-25T15:44:56.533+0000] {dagbag.py:538} INFO - Filling up the DagBag from /home/airflow/.local/lib/python3.7/site-packages/airflow/example_dags/example_subdag_operator.py
[2022-12-25T15:44:56.566+0000] {processor.py:753} INFO - DAG(s) dict_keys(['example_subdag_operator.section-1', 'example_subdag_operator.section-2', 'example_subdag_operator']) retrieved from /home/airflow/.local/lib/python3.7/site-packages/airflow/example_dags/example_subdag_operator.py
[2022-12-25T15:44:56.597+0000] {logging_mixin.py:137} INFO - [2022-12-25T15:44:56.596+0000] {dag.py:2676} INFO - Sync 3 DAGs
[2022-12-25T15:44:56.634+0000] {logging_mixin.py:137} INFO - [2022-12-25T15:44:56.633+0000] {dag.py:3427} INFO - Setting next_dagrun for example_subdag_operator to 2022-01-01T00:00:00+00:00, run_after=2022-01-01T00:00:00+00:00
[2022-12-25T15:44:56.637+0000] {logging_mixin.py:137} INFO - [2022-12-25T15:44:56.637+0000] {dag.py:3427} INFO - Setting next_dagrun for example_subdag_operator.section-1 to None, run_after=None
[2022-12-25T15:44:56.638+0000] {logging_mixin.py:137} INFO - [2022-12-25T15:44:56.638+0000] {dag.py:3427} INFO - Setting next_dagrun for example_subdag_operator.section-2 to None, run_after=None
[2022-12-25T15:44:56.653+0000] {logging_mixin.py:137} INFO - [2022-12-25T15:44:56.653+0000] {dag.py:2676} INFO - Sync 2 DAGs
[2022-12-25T15:44:56.662+0000] {logging_mixin.py:137} INFO - [2022-12-25T15:44:56.662+0000] {dag.py:3427} INFO - Setting next_dagrun for example_subdag_operator.section-1 to None, run_after=None
[2022-12-25T15:44:56.662+0000] {logging_mixin.py:137} INFO - [2022-12-25T15:44:56.662+0000] {dag.py:3427} INFO - Setting next_dagrun for example_subdag_operator.section-2 to None, run_after=None
[2022-12-25T15:44:56.678+0000] {processor.py:175} INFO - Processing /home/airflow/.local/lib/python3.7/site-packages/airflow/example_dags/example_subdag_operator.py took 0.149 seconds
[2022-12-25T15:45:27.763+0000] {processor.py:153} INFO - Started process (PID=6435) to work on /home/airflow/.local/lib/python3.7/site-packages/airflow/example_dags/example_subdag_operator.py
[2022-12-25T15:45:27.764+0000] {processor.py:743} INFO - Processing file /home/airflow/.local/lib/python3.7/site-packages/airflow/example_dags/example_subdag_operator.py for tasks to queue
[2022-12-25T15:45:27.765+0000] {logging_mixin.py:137} INFO - [2022-12-25T15:45:27.765+0000] {dagbag.py:538} INFO - Filling up the DagBag from /home/airflow/.local/lib/python3.7/site-packages/airflow/example_dags/example_subdag_operator.py
[2022-12-25T15:45:27.802+0000] {processor.py:753} INFO - DAG(s) dict_keys(['example_subdag_operator.section-1', 'example_subdag_operator.section-2', 'example_subdag_operator']) retrieved from /home/airflow/.local/lib/python3.7/site-packages/airflow/example_dags/example_subdag_operator.py
[2022-12-25T15:45:27.843+0000] {logging_mixin.py:137} INFO - [2022-12-25T15:45:27.843+0000] {dag.py:2676} INFO - Sync 3 DAGs
[2022-12-25T15:45:27.878+0000] {logging_mixin.py:137} INFO - [2022-12-25T15:45:27.878+0000] {dag.py:3427} INFO - Setting next_dagrun for example_subdag_operator to 2022-01-01T00:00:00+00:00, run_after=2022-01-01T00:00:00+00:00
[2022-12-25T15:45:27.888+0000] {logging_mixin.py:137} INFO - [2022-12-25T15:45:27.888+0000] {dag.py:3427} INFO - Setting next_dagrun for example_subdag_operator.section-1 to None, run_after=None
[2022-12-25T15:45:27.890+0000] {logging_mixin.py:137} INFO - [2022-12-25T15:45:27.890+0000] {dag.py:3427} INFO - Setting next_dagrun for example_subdag_operator.section-2 to None, run_after=None
[2022-12-25T15:45:27.904+0000] {logging_mixin.py:137} INFO - [2022-12-25T15:45:27.904+0000] {dag.py:2676} INFO - Sync 2 DAGs
[2022-12-25T15:45:27.910+0000] {logging_mixin.py:137} INFO - [2022-12-25T15:45:27.910+0000] {dag.py:3427} INFO - Setting next_dagrun for example_subdag_operator.section-1 to None, run_after=None
[2022-12-25T15:45:27.910+0000] {logging_mixin.py:137} INFO - [2022-12-25T15:45:27.910+0000] {dag.py:3427} INFO - Setting next_dagrun for example_subdag_operator.section-2 to None, run_after=None
[2022-12-25T15:45:27.927+0000] {processor.py:175} INFO - Processing /home/airflow/.local/lib/python3.7/site-packages/airflow/example_dags/example_subdag_operator.py took 0.168 seconds
[2022-12-25T15:45:58.176+0000] {processor.py:153} INFO - Started process (PID=6685) to work on /home/airflow/.local/lib/python3.7/site-packages/airflow/example_dags/example_subdag_operator.py
[2022-12-25T15:45:58.178+0000] {processor.py:743} INFO - Processing file /home/airflow/.local/lib/python3.7/site-packages/airflow/example_dags/example_subdag_operator.py for tasks to queue
[2022-12-25T15:45:58.178+0000] {logging_mixin.py:137} INFO - [2022-12-25T15:45:58.178+0000] {dagbag.py:538} INFO - Filling up the DagBag from /home/airflow/.local/lib/python3.7/site-packages/airflow/example_dags/example_subdag_operator.py
[2022-12-25T15:45:58.231+0000] {processor.py:753} INFO - DAG(s) dict_keys(['example_subdag_operator.section-1', 'example_subdag_operator.section-2', 'example_subdag_operator']) retrieved from /home/airflow/.local/lib/python3.7/site-packages/airflow/example_dags/example_subdag_operator.py
[2022-12-25T15:45:58.276+0000] {logging_mixin.py:137} INFO - [2022-12-25T15:45:58.276+0000] {dag.py:2676} INFO - Sync 3 DAGs
[2022-12-25T15:45:58.311+0000] {logging_mixin.py:137} INFO - [2022-12-25T15:45:58.311+0000] {dag.py:3427} INFO - Setting next_dagrun for example_subdag_operator to 2022-01-01T00:00:00+00:00, run_after=2022-01-01T00:00:00+00:00
[2022-12-25T15:45:58.314+0000] {logging_mixin.py:137} INFO - [2022-12-25T15:45:58.314+0000] {dag.py:3427} INFO - Setting next_dagrun for example_subdag_operator.section-1 to None, run_after=None
[2022-12-25T15:45:58.315+0000] {logging_mixin.py:137} INFO - [2022-12-25T15:45:58.315+0000] {dag.py:3427} INFO - Setting next_dagrun for example_subdag_operator.section-2 to None, run_after=None
[2022-12-25T15:45:58.323+0000] {logging_mixin.py:137} INFO - [2022-12-25T15:45:58.323+0000] {dag.py:2676} INFO - Sync 2 DAGs
[2022-12-25T15:45:58.331+0000] {logging_mixin.py:137} INFO - [2022-12-25T15:45:58.331+0000] {dag.py:3427} INFO - Setting next_dagrun for example_subdag_operator.section-1 to None, run_after=None
[2022-12-25T15:45:58.332+0000] {logging_mixin.py:137} INFO - [2022-12-25T15:45:58.332+0000] {dag.py:3427} INFO - Setting next_dagrun for example_subdag_operator.section-2 to None, run_after=None
[2022-12-25T15:45:58.346+0000] {processor.py:175} INFO - Processing /home/airflow/.local/lib/python3.7/site-packages/airflow/example_dags/example_subdag_operator.py took 0.173 seconds
[2022-12-25T15:46:28.432+0000] {processor.py:153} INFO - Started process (PID=6915) to work on /home/airflow/.local/lib/python3.7/site-packages/airflow/example_dags/example_subdag_operator.py
[2022-12-25T15:46:28.433+0000] {processor.py:743} INFO - Processing file /home/airflow/.local/lib/python3.7/site-packages/airflow/example_dags/example_subdag_operator.py for tasks to queue
[2022-12-25T15:46:28.433+0000] {logging_mixin.py:137} INFO - [2022-12-25T15:46:28.433+0000] {dagbag.py:538} INFO - Filling up the DagBag from /home/airflow/.local/lib/python3.7/site-packages/airflow/example_dags/example_subdag_operator.py
[2022-12-25T15:46:28.466+0000] {processor.py:753} INFO - DAG(s) dict_keys(['example_subdag_operator.section-1', 'example_subdag_operator.section-2', 'example_subdag_operator']) retrieved from /home/airflow/.local/lib/python3.7/site-packages/airflow/example_dags/example_subdag_operator.py
[2022-12-25T15:46:28.500+0000] {logging_mixin.py:137} INFO - [2022-12-25T15:46:28.499+0000] {dag.py:2676} INFO - Sync 3 DAGs
[2022-12-25T15:46:28.532+0000] {logging_mixin.py:137} INFO - [2022-12-25T15:46:28.531+0000] {dag.py:3427} INFO - Setting next_dagrun for example_subdag_operator to 2022-01-01T00:00:00+00:00, run_after=2022-01-01T00:00:00+00:00
[2022-12-25T15:46:28.535+0000] {logging_mixin.py:137} INFO - [2022-12-25T15:46:28.535+0000] {dag.py:3427} INFO - Setting next_dagrun for example_subdag_operator.section-1 to None, run_after=None
[2022-12-25T15:46:28.537+0000] {logging_mixin.py:137} INFO - [2022-12-25T15:46:28.536+0000] {dag.py:3427} INFO - Setting next_dagrun for example_subdag_operator.section-2 to None, run_after=None
[2022-12-25T15:46:28.545+0000] {logging_mixin.py:137} INFO - [2022-12-25T15:46:28.545+0000] {dag.py:2676} INFO - Sync 2 DAGs
[2022-12-25T15:46:28.551+0000] {logging_mixin.py:137} INFO - [2022-12-25T15:46:28.551+0000] {dag.py:3427} INFO - Setting next_dagrun for example_subdag_operator.section-1 to None, run_after=None
[2022-12-25T15:46:28.552+0000] {logging_mixin.py:137} INFO - [2022-12-25T15:46:28.552+0000] {dag.py:3427} INFO - Setting next_dagrun for example_subdag_operator.section-2 to None, run_after=None
[2022-12-25T15:46:28.567+0000] {processor.py:175} INFO - Processing /home/airflow/.local/lib/python3.7/site-packages/airflow/example_dags/example_subdag_operator.py took 0.139 seconds
[2022-12-25T15:46:58.620+0000] {processor.py:153} INFO - Started process (PID=7163) to work on /home/airflow/.local/lib/python3.7/site-packages/airflow/example_dags/example_subdag_operator.py
[2022-12-25T15:46:58.622+0000] {processor.py:743} INFO - Processing file /home/airflow/.local/lib/python3.7/site-packages/airflow/example_dags/example_subdag_operator.py for tasks to queue
[2022-12-25T15:46:58.622+0000] {logging_mixin.py:137} INFO - [2022-12-25T15:46:58.622+0000] {dagbag.py:538} INFO - Filling up the DagBag from /home/airflow/.local/lib/python3.7/site-packages/airflow/example_dags/example_subdag_operator.py
[2022-12-25T15:46:58.673+0000] {processor.py:753} INFO - DAG(s) dict_keys(['example_subdag_operator.section-1', 'example_subdag_operator.section-2', 'example_subdag_operator']) retrieved from /home/airflow/.local/lib/python3.7/site-packages/airflow/example_dags/example_subdag_operator.py
[2022-12-25T15:46:58.727+0000] {logging_mixin.py:137} INFO - [2022-12-25T15:46:58.726+0000] {dag.py:2676} INFO - Sync 3 DAGs
[2022-12-25T15:46:58.794+0000] {logging_mixin.py:137} INFO - [2022-12-25T15:46:58.794+0000] {dag.py:3427} INFO - Setting next_dagrun for example_subdag_operator to 2022-01-01T00:00:00+00:00, run_after=2022-01-01T00:00:00+00:00
[2022-12-25T15:46:58.799+0000] {logging_mixin.py:137} INFO - [2022-12-25T15:46:58.799+0000] {dag.py:3427} INFO - Setting next_dagrun for example_subdag_operator.section-1 to None, run_after=None
[2022-12-25T15:46:58.803+0000] {logging_mixin.py:137} INFO - [2022-12-25T15:46:58.803+0000] {dag.py:3427} INFO - Setting next_dagrun for example_subdag_operator.section-2 to None, run_after=None
[2022-12-25T15:46:58.812+0000] {logging_mixin.py:137} INFO - [2022-12-25T15:46:58.812+0000] {dag.py:2676} INFO - Sync 2 DAGs
[2022-12-25T15:46:58.821+0000] {logging_mixin.py:137} INFO - [2022-12-25T15:46:58.821+0000] {dag.py:3427} INFO - Setting next_dagrun for example_subdag_operator.section-1 to None, run_after=None
[2022-12-25T15:46:58.821+0000] {logging_mixin.py:137} INFO - [2022-12-25T15:46:58.821+0000] {dag.py:3427} INFO - Setting next_dagrun for example_subdag_operator.section-2 to None, run_after=None
[2022-12-25T15:46:58.837+0000] {processor.py:175} INFO - Processing /home/airflow/.local/lib/python3.7/site-packages/airflow/example_dags/example_subdag_operator.py took 0.221 seconds
[2022-12-25T15:47:29.245+0000] {processor.py:153} INFO - Started process (PID=7394) to work on /home/airflow/.local/lib/python3.7/site-packages/airflow/example_dags/example_subdag_operator.py
[2022-12-25T15:47:29.246+0000] {processor.py:743} INFO - Processing file /home/airflow/.local/lib/python3.7/site-packages/airflow/example_dags/example_subdag_operator.py for tasks to queue
[2022-12-25T15:47:29.246+0000] {logging_mixin.py:137} INFO - [2022-12-25T15:47:29.246+0000] {dagbag.py:538} INFO - Filling up the DagBag from /home/airflow/.local/lib/python3.7/site-packages/airflow/example_dags/example_subdag_operator.py
[2022-12-25T15:47:29.282+0000] {processor.py:753} INFO - DAG(s) dict_keys(['example_subdag_operator.section-1', 'example_subdag_operator.section-2', 'example_subdag_operator']) retrieved from /home/airflow/.local/lib/python3.7/site-packages/airflow/example_dags/example_subdag_operator.py
[2022-12-25T15:47:29.314+0000] {logging_mixin.py:137} INFO - [2022-12-25T15:47:29.313+0000] {dag.py:2676} INFO - Sync 3 DAGs
[2022-12-25T15:47:29.344+0000] {logging_mixin.py:137} INFO - [2022-12-25T15:47:29.343+0000] {dag.py:3427} INFO - Setting next_dagrun for example_subdag_operator to 2022-01-01T00:00:00+00:00, run_after=2022-01-01T00:00:00+00:00
[2022-12-25T15:47:29.348+0000] {logging_mixin.py:137} INFO - [2022-12-25T15:47:29.347+0000] {dag.py:3427} INFO - Setting next_dagrun for example_subdag_operator.section-1 to None, run_after=None
[2022-12-25T15:47:29.350+0000] {logging_mixin.py:137} INFO - [2022-12-25T15:47:29.350+0000] {dag.py:3427} INFO - Setting next_dagrun for example_subdag_operator.section-2 to None, run_after=None
[2022-12-25T15:47:29.362+0000] {logging_mixin.py:137} INFO - [2022-12-25T15:47:29.361+0000] {dag.py:2676} INFO - Sync 2 DAGs
[2022-12-25T15:47:29.367+0000] {logging_mixin.py:137} INFO - [2022-12-25T15:47:29.367+0000] {dag.py:3427} INFO - Setting next_dagrun for example_subdag_operator.section-1 to None, run_after=None
[2022-12-25T15:47:29.368+0000] {logging_mixin.py:137} INFO - [2022-12-25T15:47:29.368+0000] {dag.py:3427} INFO - Setting next_dagrun for example_subdag_operator.section-2 to None, run_after=None
[2022-12-25T15:47:29.385+0000] {processor.py:175} INFO - Processing /home/airflow/.local/lib/python3.7/site-packages/airflow/example_dags/example_subdag_operator.py took 0.144 seconds
[2022-12-25T15:48:00.339+0000] {processor.py:153} INFO - Started process (PID=7626) to work on /home/airflow/.local/lib/python3.7/site-packages/airflow/example_dags/example_subdag_operator.py
[2022-12-25T15:48:00.341+0000] {processor.py:743} INFO - Processing file /home/airflow/.local/lib/python3.7/site-packages/airflow/example_dags/example_subdag_operator.py for tasks to queue
[2022-12-25T15:48:00.341+0000] {logging_mixin.py:137} INFO - [2022-12-25T15:48:00.341+0000] {dagbag.py:538} INFO - Filling up the DagBag from /home/airflow/.local/lib/python3.7/site-packages/airflow/example_dags/example_subdag_operator.py
[2022-12-25T15:48:00.380+0000] {processor.py:753} INFO - DAG(s) dict_keys(['example_subdag_operator.section-1', 'example_subdag_operator.section-2', 'example_subdag_operator']) retrieved from /home/airflow/.local/lib/python3.7/site-packages/airflow/example_dags/example_subdag_operator.py
[2022-12-25T15:48:00.422+0000] {logging_mixin.py:137} INFO - [2022-12-25T15:48:00.422+0000] {dag.py:2676} INFO - Sync 3 DAGs
[2022-12-25T15:48:00.473+0000] {logging_mixin.py:137} INFO - [2022-12-25T15:48:00.473+0000] {dag.py:3427} INFO - Setting next_dagrun for example_subdag_operator to 2022-01-01T00:00:00+00:00, run_after=2022-01-01T00:00:00+00:00
[2022-12-25T15:48:00.485+0000] {logging_mixin.py:137} INFO - [2022-12-25T15:48:00.485+0000] {dag.py:3427} INFO - Setting next_dagrun for example_subdag_operator.section-1 to None, run_after=None
[2022-12-25T15:48:00.487+0000] {logging_mixin.py:137} INFO - [2022-12-25T15:48:00.487+0000] {dag.py:3427} INFO - Setting next_dagrun for example_subdag_operator.section-2 to None, run_after=None
[2022-12-25T15:48:00.502+0000] {logging_mixin.py:137} INFO - [2022-12-25T15:48:00.502+0000] {dag.py:2676} INFO - Sync 2 DAGs
[2022-12-25T15:48:00.509+0000] {logging_mixin.py:137} INFO - [2022-12-25T15:48:00.508+0000] {dag.py:3427} INFO - Setting next_dagrun for example_subdag_operator.section-1 to None, run_after=None
[2022-12-25T15:48:00.509+0000] {logging_mixin.py:137} INFO - [2022-12-25T15:48:00.509+0000] {dag.py:3427} INFO - Setting next_dagrun for example_subdag_operator.section-2 to None, run_after=None
[2022-12-25T15:48:00.540+0000] {processor.py:175} INFO - Processing /home/airflow/.local/lib/python3.7/site-packages/airflow/example_dags/example_subdag_operator.py took 0.204 seconds
[2022-12-25T15:48:30.856+0000] {processor.py:153} INFO - Started process (PID=7865) to work on /home/airflow/.local/lib/python3.7/site-packages/airflow/example_dags/example_subdag_operator.py
[2022-12-25T15:48:30.858+0000] {processor.py:743} INFO - Processing file /home/airflow/.local/lib/python3.7/site-packages/airflow/example_dags/example_subdag_operator.py for tasks to queue
[2022-12-25T15:48:30.859+0000] {logging_mixin.py:137} INFO - [2022-12-25T15:48:30.859+0000] {dagbag.py:538} INFO - Filling up the DagBag from /home/airflow/.local/lib/python3.7/site-packages/airflow/example_dags/example_subdag_operator.py
[2022-12-25T15:48:30.907+0000] {processor.py:753} INFO - DAG(s) dict_keys(['example_subdag_operator.section-1', 'example_subdag_operator.section-2', 'example_subdag_operator']) retrieved from /home/airflow/.local/lib/python3.7/site-packages/airflow/example_dags/example_subdag_operator.py
[2022-12-25T15:48:30.946+0000] {logging_mixin.py:137} INFO - [2022-12-25T15:48:30.946+0000] {dag.py:2676} INFO - Sync 3 DAGs
[2022-12-25T15:48:30.983+0000] {logging_mixin.py:137} INFO - [2022-12-25T15:48:30.982+0000] {dag.py:3427} INFO - Setting next_dagrun for example_subdag_operator to 2022-01-01T00:00:00+00:00, run_after=2022-01-01T00:00:00+00:00
[2022-12-25T15:48:30.990+0000] {logging_mixin.py:137} INFO - [2022-12-25T15:48:30.989+0000] {dag.py:3427} INFO - Setting next_dagrun for example_subdag_operator.section-1 to None, run_after=None
[2022-12-25T15:48:30.993+0000] {logging_mixin.py:137} INFO - [2022-12-25T15:48:30.993+0000] {dag.py:3427} INFO - Setting next_dagrun for example_subdag_operator.section-2 to None, run_after=None
[2022-12-25T15:48:31.006+0000] {logging_mixin.py:137} INFO - [2022-12-25T15:48:31.005+0000] {dag.py:2676} INFO - Sync 2 DAGs
[2022-12-25T15:48:31.015+0000] {logging_mixin.py:137} INFO - [2022-12-25T15:48:31.015+0000] {dag.py:3427} INFO - Setting next_dagrun for example_subdag_operator.section-1 to None, run_after=None
[2022-12-25T15:48:31.016+0000] {logging_mixin.py:137} INFO - [2022-12-25T15:48:31.016+0000] {dag.py:3427} INFO - Setting next_dagrun for example_subdag_operator.section-2 to None, run_after=None
[2022-12-25T15:48:31.042+0000] {processor.py:175} INFO - Processing /home/airflow/.local/lib/python3.7/site-packages/airflow/example_dags/example_subdag_operator.py took 0.190 seconds
[2022-12-25T15:49:01.431+0000] {processor.py:153} INFO - Started process (PID=8106) to work on /home/airflow/.local/lib/python3.7/site-packages/airflow/example_dags/example_subdag_operator.py
[2022-12-25T15:49:01.432+0000] {processor.py:743} INFO - Processing file /home/airflow/.local/lib/python3.7/site-packages/airflow/example_dags/example_subdag_operator.py for tasks to queue
[2022-12-25T15:49:01.433+0000] {logging_mixin.py:137} INFO - [2022-12-25T15:49:01.433+0000] {dagbag.py:538} INFO - Filling up the DagBag from /home/airflow/.local/lib/python3.7/site-packages/airflow/example_dags/example_subdag_operator.py
[2022-12-25T15:49:01.468+0000] {processor.py:753} INFO - DAG(s) dict_keys(['example_subdag_operator.section-1', 'example_subdag_operator.section-2', 'example_subdag_operator']) retrieved from /home/airflow/.local/lib/python3.7/site-packages/airflow/example_dags/example_subdag_operator.py
[2022-12-25T15:49:01.503+0000] {logging_mixin.py:137} INFO - [2022-12-25T15:49:01.502+0000] {dag.py:2676} INFO - Sync 3 DAGs
[2022-12-25T15:49:01.533+0000] {logging_mixin.py:137} INFO - [2022-12-25T15:49:01.533+0000] {dag.py:3427} INFO - Setting next_dagrun for example_subdag_operator to 2022-01-01T00:00:00+00:00, run_after=2022-01-01T00:00:00+00:00
[2022-12-25T15:49:01.536+0000] {logging_mixin.py:137} INFO - [2022-12-25T15:49:01.536+0000] {dag.py:3427} INFO - Setting next_dagrun for example_subdag_operator.section-1 to None, run_after=None
[2022-12-25T15:49:01.537+0000] {logging_mixin.py:137} INFO - [2022-12-25T15:49:01.537+0000] {dag.py:3427} INFO - Setting next_dagrun for example_subdag_operator.section-2 to None, run_after=None
[2022-12-25T15:49:01.547+0000] {logging_mixin.py:137} INFO - [2022-12-25T15:49:01.547+0000] {dag.py:2676} INFO - Sync 2 DAGs
[2022-12-25T15:49:01.553+0000] {logging_mixin.py:137} INFO - [2022-12-25T15:49:01.553+0000] {dag.py:3427} INFO - Setting next_dagrun for example_subdag_operator.section-1 to None, run_after=None
[2022-12-25T15:49:01.553+0000] {logging_mixin.py:137} INFO - [2022-12-25T15:49:01.553+0000] {dag.py:3427} INFO - Setting next_dagrun for example_subdag_operator.section-2 to None, run_after=None
[2022-12-25T15:49:01.568+0000] {processor.py:175} INFO - Processing /home/airflow/.local/lib/python3.7/site-packages/airflow/example_dags/example_subdag_operator.py took 0.141 seconds
[2022-12-25T15:49:32.424+0000] {processor.py:153} INFO - Started process (PID=8336) to work on /home/airflow/.local/lib/python3.7/site-packages/airflow/example_dags/example_subdag_operator.py
[2022-12-25T15:49:32.425+0000] {processor.py:743} INFO - Processing file /home/airflow/.local/lib/python3.7/site-packages/airflow/example_dags/example_subdag_operator.py for tasks to queue
[2022-12-25T15:49:32.426+0000] {logging_mixin.py:137} INFO - [2022-12-25T15:49:32.426+0000] {dagbag.py:538} INFO - Filling up the DagBag from /home/airflow/.local/lib/python3.7/site-packages/airflow/example_dags/example_subdag_operator.py
[2022-12-25T15:49:32.458+0000] {processor.py:753} INFO - DAG(s) dict_keys(['example_subdag_operator.section-1', 'example_subdag_operator.section-2', 'example_subdag_operator']) retrieved from /home/airflow/.local/lib/python3.7/site-packages/airflow/example_dags/example_subdag_operator.py
[2022-12-25T15:49:32.487+0000] {logging_mixin.py:137} INFO - [2022-12-25T15:49:32.487+0000] {dag.py:2676} INFO - Sync 3 DAGs
[2022-12-25T15:49:32.511+0000] {logging_mixin.py:137} INFO - [2022-12-25T15:49:32.511+0000] {dag.py:3427} INFO - Setting next_dagrun for example_subdag_operator to 2022-01-01T00:00:00+00:00, run_after=2022-01-01T00:00:00+00:00
[2022-12-25T15:49:32.514+0000] {logging_mixin.py:137} INFO - [2022-12-25T15:49:32.514+0000] {dag.py:3427} INFO - Setting next_dagrun for example_subdag_operator.section-1 to None, run_after=None
[2022-12-25T15:49:32.515+0000] {logging_mixin.py:137} INFO - [2022-12-25T15:49:32.515+0000] {dag.py:3427} INFO - Setting next_dagrun for example_subdag_operator.section-2 to None, run_after=None
[2022-12-25T15:49:32.522+0000] {logging_mixin.py:137} INFO - [2022-12-25T15:49:32.521+0000] {dag.py:2676} INFO - Sync 2 DAGs
[2022-12-25T15:49:32.526+0000] {logging_mixin.py:137} INFO - [2022-12-25T15:49:32.526+0000] {dag.py:3427} INFO - Setting next_dagrun for example_subdag_operator.section-1 to None, run_after=None
[2022-12-25T15:49:32.527+0000] {logging_mixin.py:137} INFO - [2022-12-25T15:49:32.527+0000] {dag.py:3427} INFO - Setting next_dagrun for example_subdag_operator.section-2 to None, run_after=None
[2022-12-25T15:49:32.541+0000] {processor.py:175} INFO - Processing /home/airflow/.local/lib/python3.7/site-packages/airflow/example_dags/example_subdag_operator.py took 0.120 seconds
[2022-12-25T15:50:02.779+0000] {processor.py:153} INFO - Started process (PID=8586) to work on /home/airflow/.local/lib/python3.7/site-packages/airflow/example_dags/example_subdag_operator.py
[2022-12-25T15:50:02.780+0000] {processor.py:743} INFO - Processing file /home/airflow/.local/lib/python3.7/site-packages/airflow/example_dags/example_subdag_operator.py for tasks to queue
[2022-12-25T15:50:02.781+0000] {logging_mixin.py:137} INFO - [2022-12-25T15:50:02.781+0000] {dagbag.py:538} INFO - Filling up the DagBag from /home/airflow/.local/lib/python3.7/site-packages/airflow/example_dags/example_subdag_operator.py
[2022-12-25T15:50:02.814+0000] {processor.py:753} INFO - DAG(s) dict_keys(['example_subdag_operator.section-1', 'example_subdag_operator.section-2', 'example_subdag_operator']) retrieved from /home/airflow/.local/lib/python3.7/site-packages/airflow/example_dags/example_subdag_operator.py
[2022-12-25T15:50:02.844+0000] {logging_mixin.py:137} INFO - [2022-12-25T15:50:02.844+0000] {dag.py:2676} INFO - Sync 3 DAGs
[2022-12-25T15:50:02.873+0000] {logging_mixin.py:137} INFO - [2022-12-25T15:50:02.872+0000] {dag.py:3427} INFO - Setting next_dagrun for example_subdag_operator to 2022-01-01T00:00:00+00:00, run_after=2022-01-01T00:00:00+00:00
[2022-12-25T15:50:02.879+0000] {logging_mixin.py:137} INFO - [2022-12-25T15:50:02.878+0000] {dag.py:3427} INFO - Setting next_dagrun for example_subdag_operator.section-1 to None, run_after=None
[2022-12-25T15:50:02.880+0000] {logging_mixin.py:137} INFO - [2022-12-25T15:50:02.880+0000] {dag.py:3427} INFO - Setting next_dagrun for example_subdag_operator.section-2 to None, run_after=None
[2022-12-25T15:50:02.889+0000] {logging_mixin.py:137} INFO - [2022-12-25T15:50:02.888+0000] {dag.py:2676} INFO - Sync 2 DAGs
[2022-12-25T15:50:02.894+0000] {logging_mixin.py:137} INFO - [2022-12-25T15:50:02.894+0000] {dag.py:3427} INFO - Setting next_dagrun for example_subdag_operator.section-1 to None, run_after=None
[2022-12-25T15:50:02.894+0000] {logging_mixin.py:137} INFO - [2022-12-25T15:50:02.894+0000] {dag.py:3427} INFO - Setting next_dagrun for example_subdag_operator.section-2 to None, run_after=None
[2022-12-25T15:50:02.909+0000] {processor.py:175} INFO - Processing /home/airflow/.local/lib/python3.7/site-packages/airflow/example_dags/example_subdag_operator.py took 0.135 seconds
[2022-12-25T15:50:33.068+0000] {processor.py:153} INFO - Started process (PID=8816) to work on /home/airflow/.local/lib/python3.7/site-packages/airflow/example_dags/example_subdag_operator.py
[2022-12-25T15:50:33.069+0000] {processor.py:743} INFO - Processing file /home/airflow/.local/lib/python3.7/site-packages/airflow/example_dags/example_subdag_operator.py for tasks to queue
[2022-12-25T15:50:33.070+0000] {logging_mixin.py:137} INFO - [2022-12-25T15:50:33.069+0000] {dagbag.py:538} INFO - Filling up the DagBag from /home/airflow/.local/lib/python3.7/site-packages/airflow/example_dags/example_subdag_operator.py
[2022-12-25T15:50:33.106+0000] {processor.py:753} INFO - DAG(s) dict_keys(['example_subdag_operator.section-1', 'example_subdag_operator.section-2', 'example_subdag_operator']) retrieved from /home/airflow/.local/lib/python3.7/site-packages/airflow/example_dags/example_subdag_operator.py
[2022-12-25T15:50:33.144+0000] {logging_mixin.py:137} INFO - [2022-12-25T15:50:33.144+0000] {dag.py:2676} INFO - Sync 3 DAGs
[2022-12-25T15:50:33.174+0000] {logging_mixin.py:137} INFO - [2022-12-25T15:50:33.174+0000] {dag.py:3427} INFO - Setting next_dagrun for example_subdag_operator to 2022-01-01T00:00:00+00:00, run_after=2022-01-01T00:00:00+00:00
[2022-12-25T15:50:33.179+0000] {logging_mixin.py:137} INFO - [2022-12-25T15:50:33.179+0000] {dag.py:3427} INFO - Setting next_dagrun for example_subdag_operator.section-1 to None, run_after=None
[2022-12-25T15:50:33.181+0000] {logging_mixin.py:137} INFO - [2022-12-25T15:50:33.180+0000] {dag.py:3427} INFO - Setting next_dagrun for example_subdag_operator.section-2 to None, run_after=None
[2022-12-25T15:50:33.189+0000] {logging_mixin.py:137} INFO - [2022-12-25T15:50:33.188+0000] {dag.py:2676} INFO - Sync 2 DAGs
[2022-12-25T15:50:33.197+0000] {logging_mixin.py:137} INFO - [2022-12-25T15:50:33.196+0000] {dag.py:3427} INFO - Setting next_dagrun for example_subdag_operator.section-1 to None, run_after=None
[2022-12-25T15:50:33.197+0000] {logging_mixin.py:137} INFO - [2022-12-25T15:50:33.197+0000] {dag.py:3427} INFO - Setting next_dagrun for example_subdag_operator.section-2 to None, run_after=None
[2022-12-25T15:50:33.213+0000] {processor.py:175} INFO - Processing /home/airflow/.local/lib/python3.7/site-packages/airflow/example_dags/example_subdag_operator.py took 0.148 seconds
[2022-12-25T15:51:03.333+0000] {processor.py:153} INFO - Started process (PID=9066) to work on /home/airflow/.local/lib/python3.7/site-packages/airflow/example_dags/example_subdag_operator.py
[2022-12-25T15:51:03.335+0000] {processor.py:743} INFO - Processing file /home/airflow/.local/lib/python3.7/site-packages/airflow/example_dags/example_subdag_operator.py for tasks to queue
[2022-12-25T15:51:03.335+0000] {logging_mixin.py:137} INFO - [2022-12-25T15:51:03.335+0000] {dagbag.py:538} INFO - Filling up the DagBag from /home/airflow/.local/lib/python3.7/site-packages/airflow/example_dags/example_subdag_operator.py
[2022-12-25T15:51:03.370+0000] {processor.py:753} INFO - DAG(s) dict_keys(['example_subdag_operator.section-1', 'example_subdag_operator.section-2', 'example_subdag_operator']) retrieved from /home/airflow/.local/lib/python3.7/site-packages/airflow/example_dags/example_subdag_operator.py
[2022-12-25T15:51:03.411+0000] {logging_mixin.py:137} INFO - [2022-12-25T15:51:03.411+0000] {dag.py:2676} INFO - Sync 3 DAGs
[2022-12-25T15:51:03.442+0000] {logging_mixin.py:137} INFO - [2022-12-25T15:51:03.442+0000] {dag.py:3427} INFO - Setting next_dagrun for example_subdag_operator to 2022-01-01T00:00:00+00:00, run_after=2022-01-01T00:00:00+00:00
[2022-12-25T15:51:03.448+0000] {logging_mixin.py:137} INFO - [2022-12-25T15:51:03.448+0000] {dag.py:3427} INFO - Setting next_dagrun for example_subdag_operator.section-1 to None, run_after=None
[2022-12-25T15:51:03.451+0000] {logging_mixin.py:137} INFO - [2022-12-25T15:51:03.450+0000] {dag.py:3427} INFO - Setting next_dagrun for example_subdag_operator.section-2 to None, run_after=None
[2022-12-25T15:51:03.477+0000] {logging_mixin.py:137} INFO - [2022-12-25T15:51:03.476+0000] {dag.py:2676} INFO - Sync 2 DAGs
[2022-12-25T15:51:03.490+0000] {logging_mixin.py:137} INFO - [2022-12-25T15:51:03.490+0000] {dag.py:3427} INFO - Setting next_dagrun for example_subdag_operator.section-1 to None, run_after=None
[2022-12-25T15:51:03.491+0000] {logging_mixin.py:137} INFO - [2022-12-25T15:51:03.491+0000] {dag.py:3427} INFO - Setting next_dagrun for example_subdag_operator.section-2 to None, run_after=None
[2022-12-25T15:51:03.541+0000] {processor.py:175} INFO - Processing /home/airflow/.local/lib/python3.7/site-packages/airflow/example_dags/example_subdag_operator.py took 0.211 seconds
[2022-12-25T15:51:33.770+0000] {processor.py:153} INFO - Started process (PID=9296) to work on /home/airflow/.local/lib/python3.7/site-packages/airflow/example_dags/example_subdag_operator.py
[2022-12-25T15:51:33.774+0000] {processor.py:743} INFO - Processing file /home/airflow/.local/lib/python3.7/site-packages/airflow/example_dags/example_subdag_operator.py for tasks to queue
[2022-12-25T15:51:33.776+0000] {logging_mixin.py:137} INFO - [2022-12-25T15:51:33.776+0000] {dagbag.py:538} INFO - Filling up the DagBag from /home/airflow/.local/lib/python3.7/site-packages/airflow/example_dags/example_subdag_operator.py
[2022-12-25T15:51:33.818+0000] {processor.py:753} INFO - DAG(s) dict_keys(['example_subdag_operator.section-1', 'example_subdag_operator.section-2', 'example_subdag_operator']) retrieved from /home/airflow/.local/lib/python3.7/site-packages/airflow/example_dags/example_subdag_operator.py
[2022-12-25T15:51:33.863+0000] {logging_mixin.py:137} INFO - [2022-12-25T15:51:33.863+0000] {dag.py:2676} INFO - Sync 3 DAGs
[2022-12-25T15:51:33.889+0000] {logging_mixin.py:137} INFO - [2022-12-25T15:51:33.889+0000] {dag.py:3427} INFO - Setting next_dagrun for example_subdag_operator to 2022-01-01T00:00:00+00:00, run_after=2022-01-01T00:00:00+00:00
[2022-12-25T15:51:33.893+0000] {logging_mixin.py:137} INFO - [2022-12-25T15:51:33.893+0000] {dag.py:3427} INFO - Setting next_dagrun for example_subdag_operator.section-1 to None, run_after=None
[2022-12-25T15:51:33.894+0000] {logging_mixin.py:137} INFO - [2022-12-25T15:51:33.894+0000] {dag.py:3427} INFO - Setting next_dagrun for example_subdag_operator.section-2 to None, run_after=None
[2022-12-25T15:51:33.904+0000] {logging_mixin.py:137} INFO - [2022-12-25T15:51:33.904+0000] {dag.py:2676} INFO - Sync 2 DAGs
[2022-12-25T15:51:33.910+0000] {logging_mixin.py:137} INFO - [2022-12-25T15:51:33.910+0000] {dag.py:3427} INFO - Setting next_dagrun for example_subdag_operator.section-1 to None, run_after=None
[2022-12-25T15:51:33.910+0000] {logging_mixin.py:137} INFO - [2022-12-25T15:51:33.910+0000] {dag.py:3427} INFO - Setting next_dagrun for example_subdag_operator.section-2 to None, run_after=None
[2022-12-25T15:51:33.926+0000] {processor.py:175} INFO - Processing /home/airflow/.local/lib/python3.7/site-packages/airflow/example_dags/example_subdag_operator.py took 0.160 seconds
[2022-12-25T15:52:04.046+0000] {processor.py:153} INFO - Started process (PID=9526) to work on /home/airflow/.local/lib/python3.7/site-packages/airflow/example_dags/example_subdag_operator.py
[2022-12-25T15:52:04.048+0000] {processor.py:743} INFO - Processing file /home/airflow/.local/lib/python3.7/site-packages/airflow/example_dags/example_subdag_operator.py for tasks to queue
[2022-12-25T15:52:04.049+0000] {logging_mixin.py:137} INFO - [2022-12-25T15:52:04.049+0000] {dagbag.py:538} INFO - Filling up the DagBag from /home/airflow/.local/lib/python3.7/site-packages/airflow/example_dags/example_subdag_operator.py
[2022-12-25T15:52:04.088+0000] {processor.py:753} INFO - DAG(s) dict_keys(['example_subdag_operator.section-1', 'example_subdag_operator.section-2', 'example_subdag_operator']) retrieved from /home/airflow/.local/lib/python3.7/site-packages/airflow/example_dags/example_subdag_operator.py
[2022-12-25T15:52:04.131+0000] {logging_mixin.py:137} INFO - [2022-12-25T15:52:04.131+0000] {dag.py:2676} INFO - Sync 3 DAGs
[2022-12-25T15:52:04.163+0000] {logging_mixin.py:137} INFO - [2022-12-25T15:52:04.162+0000] {dag.py:3427} INFO - Setting next_dagrun for example_subdag_operator to 2022-01-01T00:00:00+00:00, run_after=2022-01-01T00:00:00+00:00
[2022-12-25T15:52:04.168+0000] {logging_mixin.py:137} INFO - [2022-12-25T15:52:04.168+0000] {dag.py:3427} INFO - Setting next_dagrun for example_subdag_operator.section-1 to None, run_after=None
[2022-12-25T15:52:04.170+0000] {logging_mixin.py:137} INFO - [2022-12-25T15:52:04.170+0000] {dag.py:3427} INFO - Setting next_dagrun for example_subdag_operator.section-2 to None, run_after=None
[2022-12-25T15:52:04.179+0000] {logging_mixin.py:137} INFO - [2022-12-25T15:52:04.179+0000] {dag.py:2676} INFO - Sync 2 DAGs
[2022-12-25T15:52:04.184+0000] {logging_mixin.py:137} INFO - [2022-12-25T15:52:04.184+0000] {dag.py:3427} INFO - Setting next_dagrun for example_subdag_operator.section-1 to None, run_after=None
[2022-12-25T15:52:04.185+0000] {logging_mixin.py:137} INFO - [2022-12-25T15:52:04.185+0000] {dag.py:3427} INFO - Setting next_dagrun for example_subdag_operator.section-2 to None, run_after=None
[2022-12-25T15:52:04.199+0000] {processor.py:175} INFO - Processing /home/airflow/.local/lib/python3.7/site-packages/airflow/example_dags/example_subdag_operator.py took 0.157 seconds
[2022-12-25T15:52:34.927+0000] {processor.py:153} INFO - Started process (PID=9760) to work on /home/airflow/.local/lib/python3.7/site-packages/airflow/example_dags/example_subdag_operator.py
[2022-12-25T15:52:34.928+0000] {processor.py:743} INFO - Processing file /home/airflow/.local/lib/python3.7/site-packages/airflow/example_dags/example_subdag_operator.py for tasks to queue
[2022-12-25T15:52:34.929+0000] {logging_mixin.py:137} INFO - [2022-12-25T15:52:34.929+0000] {dagbag.py:538} INFO - Filling up the DagBag from /home/airflow/.local/lib/python3.7/site-packages/airflow/example_dags/example_subdag_operator.py
[2022-12-25T15:52:34.975+0000] {processor.py:753} INFO - DAG(s) dict_keys(['example_subdag_operator.section-1', 'example_subdag_operator.section-2', 'example_subdag_operator']) retrieved from /home/airflow/.local/lib/python3.7/site-packages/airflow/example_dags/example_subdag_operator.py
[2022-12-25T15:52:35.011+0000] {logging_mixin.py:137} INFO - [2022-12-25T15:52:35.011+0000] {dag.py:2676} INFO - Sync 3 DAGs
[2022-12-25T15:52:35.043+0000] {logging_mixin.py:137} INFO - [2022-12-25T15:52:35.043+0000] {dag.py:3427} INFO - Setting next_dagrun for example_subdag_operator to 2022-01-01T00:00:00+00:00, run_after=2022-01-01T00:00:00+00:00
[2022-12-25T15:52:35.048+0000] {logging_mixin.py:137} INFO - [2022-12-25T15:52:35.048+0000] {dag.py:3427} INFO - Setting next_dagrun for example_subdag_operator.section-1 to None, run_after=None
[2022-12-25T15:52:35.050+0000] {logging_mixin.py:137} INFO - [2022-12-25T15:52:35.050+0000] {dag.py:3427} INFO - Setting next_dagrun for example_subdag_operator.section-2 to None, run_after=None
[2022-12-25T15:52:35.063+0000] {logging_mixin.py:137} INFO - [2022-12-25T15:52:35.063+0000] {dag.py:2676} INFO - Sync 2 DAGs
[2022-12-25T15:52:35.071+0000] {logging_mixin.py:137} INFO - [2022-12-25T15:52:35.071+0000] {dag.py:3427} INFO - Setting next_dagrun for example_subdag_operator.section-1 to None, run_after=None
[2022-12-25T15:52:35.072+0000] {logging_mixin.py:137} INFO - [2022-12-25T15:52:35.072+0000] {dag.py:3427} INFO - Setting next_dagrun for example_subdag_operator.section-2 to None, run_after=None
[2022-12-25T15:52:35.091+0000] {processor.py:175} INFO - Processing /home/airflow/.local/lib/python3.7/site-packages/airflow/example_dags/example_subdag_operator.py took 0.169 seconds
[2022-12-25T15:53:05.897+0000] {processor.py:153} INFO - Started process (PID=10004) to work on /home/airflow/.local/lib/python3.7/site-packages/airflow/example_dags/example_subdag_operator.py
[2022-12-25T15:53:05.898+0000] {processor.py:743} INFO - Processing file /home/airflow/.local/lib/python3.7/site-packages/airflow/example_dags/example_subdag_operator.py for tasks to queue
[2022-12-25T15:53:05.899+0000] {logging_mixin.py:137} INFO - [2022-12-25T15:53:05.899+0000] {dagbag.py:538} INFO - Filling up the DagBag from /home/airflow/.local/lib/python3.7/site-packages/airflow/example_dags/example_subdag_operator.py
[2022-12-25T15:53:05.937+0000] {processor.py:753} INFO - DAG(s) dict_keys(['example_subdag_operator.section-1', 'example_subdag_operator.section-2', 'example_subdag_operator']) retrieved from /home/airflow/.local/lib/python3.7/site-packages/airflow/example_dags/example_subdag_operator.py
[2022-12-25T15:53:05.986+0000] {logging_mixin.py:137} INFO - [2022-12-25T15:53:05.986+0000] {dag.py:2676} INFO - Sync 3 DAGs
[2022-12-25T15:53:06.016+0000] {logging_mixin.py:137} INFO - [2022-12-25T15:53:06.016+0000] {dag.py:3427} INFO - Setting next_dagrun for example_subdag_operator to 2022-01-01T00:00:00+00:00, run_after=2022-01-01T00:00:00+00:00
[2022-12-25T15:53:06.019+0000] {logging_mixin.py:137} INFO - [2022-12-25T15:53:06.019+0000] {dag.py:3427} INFO - Setting next_dagrun for example_subdag_operator.section-1 to None, run_after=None
[2022-12-25T15:53:06.020+0000] {logging_mixin.py:137} INFO - [2022-12-25T15:53:06.020+0000] {dag.py:3427} INFO - Setting next_dagrun for example_subdag_operator.section-2 to None, run_after=None
[2022-12-25T15:53:06.027+0000] {logging_mixin.py:137} INFO - [2022-12-25T15:53:06.027+0000] {dag.py:2676} INFO - Sync 2 DAGs
[2022-12-25T15:53:06.034+0000] {logging_mixin.py:137} INFO - [2022-12-25T15:53:06.034+0000] {dag.py:3427} INFO - Setting next_dagrun for example_subdag_operator.section-1 to None, run_after=None
[2022-12-25T15:53:06.035+0000] {logging_mixin.py:137} INFO - [2022-12-25T15:53:06.035+0000] {dag.py:3427} INFO - Setting next_dagrun for example_subdag_operator.section-2 to None, run_after=None
[2022-12-25T15:53:06.046+0000] {processor.py:175} INFO - Processing /home/airflow/.local/lib/python3.7/site-packages/airflow/example_dags/example_subdag_operator.py took 0.152 seconds
