[2022-12-25T15:32:11.569+0000] {processor.py:153} INFO - Started process (PID=295) to work on /home/airflow/.local/lib/python3.7/site-packages/airflow/example_dags/example_kubernetes_executor.py
[2022-12-25T15:32:11.570+0000] {processor.py:743} INFO - Processing file /home/airflow/.local/lib/python3.7/site-packages/airflow/example_dags/example_kubernetes_executor.py for tasks to queue
[2022-12-25T15:32:11.571+0000] {logging_mixin.py:137} INFO - [2022-12-25T15:32:11.571+0000] {dagbag.py:538} INFO - Filling up the DagBag from /home/airflow/.local/lib/python3.7/site-packages/airflow/example_dags/example_kubernetes_executor.py
[2022-12-25T15:32:11.623+0000] {processor.py:753} INFO - DAG(s) dict_keys(['example_kubernetes_executor']) retrieved from /home/airflow/.local/lib/python3.7/site-packages/airflow/example_dags/example_kubernetes_executor.py
[2022-12-25T15:32:11.714+0000] {logging_mixin.py:137} INFO - [2022-12-25T15:32:11.714+0000] {dag.py:2676} INFO - Sync 1 DAGs
[2022-12-25T15:32:11.822+0000] {logging_mixin.py:137} INFO - [2022-12-25T15:32:11.822+0000] {dag.py:3427} INFO - Setting next_dagrun for example_kubernetes_executor to None, run_after=None
[2022-12-25T15:32:11.911+0000] {processor.py:175} INFO - Processing /home/airflow/.local/lib/python3.7/site-packages/airflow/example_dags/example_kubernetes_executor.py took 0.345 seconds
[2022-12-25T15:32:42.650+0000] {processor.py:153} INFO - Started process (PID=523) to work on /home/airflow/.local/lib/python3.7/site-packages/airflow/example_dags/example_kubernetes_executor.py
[2022-12-25T15:32:42.652+0000] {processor.py:743} INFO - Processing file /home/airflow/.local/lib/python3.7/site-packages/airflow/example_dags/example_kubernetes_executor.py for tasks to queue
[2022-12-25T15:32:42.653+0000] {logging_mixin.py:137} INFO - [2022-12-25T15:32:42.653+0000] {dagbag.py:538} INFO - Filling up the DagBag from /home/airflow/.local/lib/python3.7/site-packages/airflow/example_dags/example_kubernetes_executor.py
[2022-12-25T15:32:42.686+0000] {processor.py:753} INFO - DAG(s) dict_keys(['example_kubernetes_executor']) retrieved from /home/airflow/.local/lib/python3.7/site-packages/airflow/example_dags/example_kubernetes_executor.py
[2022-12-25T15:32:42.742+0000] {logging_mixin.py:137} INFO - [2022-12-25T15:32:42.742+0000] {dag.py:2676} INFO - Sync 1 DAGs
[2022-12-25T15:32:42.774+0000] {logging_mixin.py:137} INFO - [2022-12-25T15:32:42.773+0000] {dag.py:3427} INFO - Setting next_dagrun for example_kubernetes_executor to None, run_after=None
[2022-12-25T15:32:42.795+0000] {processor.py:175} INFO - Processing /home/airflow/.local/lib/python3.7/site-packages/airflow/example_dags/example_kubernetes_executor.py took 0.149 seconds
[2022-12-25T15:33:13.280+0000] {processor.py:153} INFO - Started process (PID=761) to work on /home/airflow/.local/lib/python3.7/site-packages/airflow/example_dags/example_kubernetes_executor.py
[2022-12-25T15:33:13.293+0000] {processor.py:743} INFO - Processing file /home/airflow/.local/lib/python3.7/site-packages/airflow/example_dags/example_kubernetes_executor.py for tasks to queue
[2022-12-25T15:33:13.298+0000] {logging_mixin.py:137} INFO - [2022-12-25T15:33:13.297+0000] {dagbag.py:538} INFO - Filling up the DagBag from /home/airflow/.local/lib/python3.7/site-packages/airflow/example_dags/example_kubernetes_executor.py
[2022-12-25T15:33:13.461+0000] {processor.py:753} INFO - DAG(s) dict_keys(['example_kubernetes_executor']) retrieved from /home/airflow/.local/lib/python3.7/site-packages/airflow/example_dags/example_kubernetes_executor.py
[2022-12-25T15:33:13.626+0000] {logging_mixin.py:137} INFO - [2022-12-25T15:33:13.626+0000] {dag.py:2676} INFO - Sync 1 DAGs
[2022-12-25T15:33:13.790+0000] {logging_mixin.py:137} INFO - [2022-12-25T15:33:13.790+0000] {dag.py:3427} INFO - Setting next_dagrun for example_kubernetes_executor to None, run_after=None
[2022-12-25T15:33:13.893+0000] {processor.py:175} INFO - Processing /home/airflow/.local/lib/python3.7/site-packages/airflow/example_dags/example_kubernetes_executor.py took 0.637 seconds
[2022-12-25T15:33:44.709+0000] {processor.py:153} INFO - Started process (PID=1006) to work on /home/airflow/.local/lib/python3.7/site-packages/airflow/example_dags/example_kubernetes_executor.py
[2022-12-25T15:33:44.713+0000] {processor.py:743} INFO - Processing file /home/airflow/.local/lib/python3.7/site-packages/airflow/example_dags/example_kubernetes_executor.py for tasks to queue
[2022-12-25T15:33:44.716+0000] {logging_mixin.py:137} INFO - [2022-12-25T15:33:44.715+0000] {dagbag.py:538} INFO - Filling up the DagBag from /home/airflow/.local/lib/python3.7/site-packages/airflow/example_dags/example_kubernetes_executor.py
[2022-12-25T15:33:44.869+0000] {processor.py:753} INFO - DAG(s) dict_keys(['example_kubernetes_executor']) retrieved from /home/airflow/.local/lib/python3.7/site-packages/airflow/example_dags/example_kubernetes_executor.py
[2022-12-25T15:33:45.051+0000] {logging_mixin.py:137} INFO - [2022-12-25T15:33:45.051+0000] {dag.py:2676} INFO - Sync 1 DAGs
[2022-12-25T15:33:45.189+0000] {logging_mixin.py:137} INFO - [2022-12-25T15:33:45.189+0000] {dag.py:3427} INFO - Setting next_dagrun for example_kubernetes_executor to None, run_after=None
[2022-12-25T15:33:45.223+0000] {processor.py:175} INFO - Processing /home/airflow/.local/lib/python3.7/site-packages/airflow/example_dags/example_kubernetes_executor.py took 0.547 seconds
[2022-12-25T15:34:15.675+0000] {processor.py:153} INFO - Started process (PID=1237) to work on /home/airflow/.local/lib/python3.7/site-packages/airflow/example_dags/example_kubernetes_executor.py
[2022-12-25T15:34:15.678+0000] {processor.py:743} INFO - Processing file /home/airflow/.local/lib/python3.7/site-packages/airflow/example_dags/example_kubernetes_executor.py for tasks to queue
[2022-12-25T15:34:15.680+0000] {logging_mixin.py:137} INFO - [2022-12-25T15:34:15.680+0000] {dagbag.py:538} INFO - Filling up the DagBag from /home/airflow/.local/lib/python3.7/site-packages/airflow/example_dags/example_kubernetes_executor.py
[2022-12-25T15:34:15.747+0000] {processor.py:753} INFO - DAG(s) dict_keys(['example_kubernetes_executor']) retrieved from /home/airflow/.local/lib/python3.7/site-packages/airflow/example_dags/example_kubernetes_executor.py
[2022-12-25T15:34:15.814+0000] {logging_mixin.py:137} INFO - [2022-12-25T15:34:15.813+0000] {dag.py:2676} INFO - Sync 1 DAGs
[2022-12-25T15:34:15.861+0000] {logging_mixin.py:137} INFO - [2022-12-25T15:34:15.861+0000] {dag.py:3427} INFO - Setting next_dagrun for example_kubernetes_executor to None, run_after=None
[2022-12-25T15:34:15.899+0000] {processor.py:175} INFO - Processing /home/airflow/.local/lib/python3.7/site-packages/airflow/example_dags/example_kubernetes_executor.py took 0.237 seconds
[2022-12-25T15:34:46.124+0000] {processor.py:153} INFO - Started process (PID=1467) to work on /home/airflow/.local/lib/python3.7/site-packages/airflow/example_dags/example_kubernetes_executor.py
[2022-12-25T15:34:46.126+0000] {processor.py:743} INFO - Processing file /home/airflow/.local/lib/python3.7/site-packages/airflow/example_dags/example_kubernetes_executor.py for tasks to queue
[2022-12-25T15:34:46.126+0000] {logging_mixin.py:137} INFO - [2022-12-25T15:34:46.126+0000] {dagbag.py:538} INFO - Filling up the DagBag from /home/airflow/.local/lib/python3.7/site-packages/airflow/example_dags/example_kubernetes_executor.py
[2022-12-25T15:34:46.154+0000] {processor.py:753} INFO - DAG(s) dict_keys(['example_kubernetes_executor']) retrieved from /home/airflow/.local/lib/python3.7/site-packages/airflow/example_dags/example_kubernetes_executor.py
[2022-12-25T15:34:46.196+0000] {logging_mixin.py:137} INFO - [2022-12-25T15:34:46.196+0000] {dag.py:2676} INFO - Sync 1 DAGs
[2022-12-25T15:34:46.222+0000] {logging_mixin.py:137} INFO - [2022-12-25T15:34:46.222+0000] {dag.py:3427} INFO - Setting next_dagrun for example_kubernetes_executor to None, run_after=None
[2022-12-25T15:34:46.243+0000] {processor.py:175} INFO - Processing /home/airflow/.local/lib/python3.7/site-packages/airflow/example_dags/example_kubernetes_executor.py took 0.122 seconds
[2022-12-25T15:35:16.592+0000] {processor.py:153} INFO - Started process (PID=1715) to work on /home/airflow/.local/lib/python3.7/site-packages/airflow/example_dags/example_kubernetes_executor.py
[2022-12-25T15:35:16.594+0000] {processor.py:743} INFO - Processing file /home/airflow/.local/lib/python3.7/site-packages/airflow/example_dags/example_kubernetes_executor.py for tasks to queue
[2022-12-25T15:35:16.594+0000] {logging_mixin.py:137} INFO - [2022-12-25T15:35:16.594+0000] {dagbag.py:538} INFO - Filling up the DagBag from /home/airflow/.local/lib/python3.7/site-packages/airflow/example_dags/example_kubernetes_executor.py
[2022-12-25T15:35:16.638+0000] {processor.py:753} INFO - DAG(s) dict_keys(['example_kubernetes_executor']) retrieved from /home/airflow/.local/lib/python3.7/site-packages/airflow/example_dags/example_kubernetes_executor.py
[2022-12-25T15:35:16.698+0000] {logging_mixin.py:137} INFO - [2022-12-25T15:35:16.697+0000] {dag.py:2676} INFO - Sync 1 DAGs
[2022-12-25T15:35:16.749+0000] {logging_mixin.py:137} INFO - [2022-12-25T15:35:16.749+0000] {dag.py:3427} INFO - Setting next_dagrun for example_kubernetes_executor to None, run_after=None
[2022-12-25T15:35:16.787+0000] {processor.py:175} INFO - Processing /home/airflow/.local/lib/python3.7/site-packages/airflow/example_dags/example_kubernetes_executor.py took 0.198 seconds
[2022-12-25T15:35:47.420+0000] {processor.py:153} INFO - Started process (PID=1945) to work on /home/airflow/.local/lib/python3.7/site-packages/airflow/example_dags/example_kubernetes_executor.py
[2022-12-25T15:35:47.423+0000] {processor.py:743} INFO - Processing file /home/airflow/.local/lib/python3.7/site-packages/airflow/example_dags/example_kubernetes_executor.py for tasks to queue
[2022-12-25T15:35:47.424+0000] {logging_mixin.py:137} INFO - [2022-12-25T15:35:47.424+0000] {dagbag.py:538} INFO - Filling up the DagBag from /home/airflow/.local/lib/python3.7/site-packages/airflow/example_dags/example_kubernetes_executor.py
[2022-12-25T15:35:47.495+0000] {processor.py:753} INFO - DAG(s) dict_keys(['example_kubernetes_executor']) retrieved from /home/airflow/.local/lib/python3.7/site-packages/airflow/example_dags/example_kubernetes_executor.py
[2022-12-25T15:35:47.588+0000] {logging_mixin.py:137} INFO - [2022-12-25T15:35:47.587+0000] {dag.py:2676} INFO - Sync 1 DAGs
[2022-12-25T15:35:47.639+0000] {logging_mixin.py:137} INFO - [2022-12-25T15:35:47.639+0000] {dag.py:3427} INFO - Setting next_dagrun for example_kubernetes_executor to None, run_after=None
[2022-12-25T15:35:47.680+0000] {processor.py:175} INFO - Processing /home/airflow/.local/lib/python3.7/site-packages/airflow/example_dags/example_kubernetes_executor.py took 0.267 seconds
[2022-12-25T15:36:18.019+0000] {processor.py:153} INFO - Started process (PID=2175) to work on /home/airflow/.local/lib/python3.7/site-packages/airflow/example_dags/example_kubernetes_executor.py
[2022-12-25T15:36:18.020+0000] {processor.py:743} INFO - Processing file /home/airflow/.local/lib/python3.7/site-packages/airflow/example_dags/example_kubernetes_executor.py for tasks to queue
[2022-12-25T15:36:18.021+0000] {logging_mixin.py:137} INFO - [2022-12-25T15:36:18.021+0000] {dagbag.py:538} INFO - Filling up the DagBag from /home/airflow/.local/lib/python3.7/site-packages/airflow/example_dags/example_kubernetes_executor.py
[2022-12-25T15:36:18.051+0000] {processor.py:753} INFO - DAG(s) dict_keys(['example_kubernetes_executor']) retrieved from /home/airflow/.local/lib/python3.7/site-packages/airflow/example_dags/example_kubernetes_executor.py
[2022-12-25T15:36:18.094+0000] {logging_mixin.py:137} INFO - [2022-12-25T15:36:18.094+0000] {dag.py:2676} INFO - Sync 1 DAGs
[2022-12-25T15:36:18.125+0000] {logging_mixin.py:137} INFO - [2022-12-25T15:36:18.124+0000] {dag.py:3427} INFO - Setting next_dagrun for example_kubernetes_executor to None, run_after=None
[2022-12-25T15:36:18.147+0000] {processor.py:175} INFO - Processing /home/airflow/.local/lib/python3.7/site-packages/airflow/example_dags/example_kubernetes_executor.py took 0.131 seconds
[2022-12-25T15:36:48.634+0000] {processor.py:153} INFO - Started process (PID=2425) to work on /home/airflow/.local/lib/python3.7/site-packages/airflow/example_dags/example_kubernetes_executor.py
[2022-12-25T15:36:48.639+0000] {processor.py:743} INFO - Processing file /home/airflow/.local/lib/python3.7/site-packages/airflow/example_dags/example_kubernetes_executor.py for tasks to queue
[2022-12-25T15:36:48.644+0000] {logging_mixin.py:137} INFO - [2022-12-25T15:36:48.643+0000] {dagbag.py:538} INFO - Filling up the DagBag from /home/airflow/.local/lib/python3.7/site-packages/airflow/example_dags/example_kubernetes_executor.py
[2022-12-25T15:36:48.712+0000] {processor.py:753} INFO - DAG(s) dict_keys(['example_kubernetes_executor']) retrieved from /home/airflow/.local/lib/python3.7/site-packages/airflow/example_dags/example_kubernetes_executor.py
[2022-12-25T15:36:48.806+0000] {logging_mixin.py:137} INFO - [2022-12-25T15:36:48.806+0000] {dag.py:2676} INFO - Sync 1 DAGs
[2022-12-25T15:36:48.855+0000] {logging_mixin.py:137} INFO - [2022-12-25T15:36:48.855+0000] {dag.py:3427} INFO - Setting next_dagrun for example_kubernetes_executor to None, run_after=None
[2022-12-25T15:36:48.901+0000] {processor.py:175} INFO - Processing /home/airflow/.local/lib/python3.7/site-packages/airflow/example_dags/example_kubernetes_executor.py took 0.275 seconds
[2022-12-25T15:37:19.071+0000] {processor.py:153} INFO - Started process (PID=2655) to work on /home/airflow/.local/lib/python3.7/site-packages/airflow/example_dags/example_kubernetes_executor.py
[2022-12-25T15:37:19.073+0000] {processor.py:743} INFO - Processing file /home/airflow/.local/lib/python3.7/site-packages/airflow/example_dags/example_kubernetes_executor.py for tasks to queue
[2022-12-25T15:37:19.073+0000] {logging_mixin.py:137} INFO - [2022-12-25T15:37:19.073+0000] {dagbag.py:538} INFO - Filling up the DagBag from /home/airflow/.local/lib/python3.7/site-packages/airflow/example_dags/example_kubernetes_executor.py
[2022-12-25T15:37:19.115+0000] {processor.py:753} INFO - DAG(s) dict_keys(['example_kubernetes_executor']) retrieved from /home/airflow/.local/lib/python3.7/site-packages/airflow/example_dags/example_kubernetes_executor.py
[2022-12-25T15:37:19.171+0000] {logging_mixin.py:137} INFO - [2022-12-25T15:37:19.171+0000] {dag.py:2676} INFO - Sync 1 DAGs
[2022-12-25T15:37:19.199+0000] {logging_mixin.py:137} INFO - [2022-12-25T15:37:19.199+0000] {dag.py:3427} INFO - Setting next_dagrun for example_kubernetes_executor to None, run_after=None
[2022-12-25T15:37:19.222+0000] {processor.py:175} INFO - Processing /home/airflow/.local/lib/python3.7/site-packages/airflow/example_dags/example_kubernetes_executor.py took 0.156 seconds
[2022-12-25T15:37:49.351+0000] {processor.py:153} INFO - Started process (PID=2894) to work on /home/airflow/.local/lib/python3.7/site-packages/airflow/example_dags/example_kubernetes_executor.py
[2022-12-25T15:37:49.353+0000] {processor.py:743} INFO - Processing file /home/airflow/.local/lib/python3.7/site-packages/airflow/example_dags/example_kubernetes_executor.py for tasks to queue
[2022-12-25T15:37:49.354+0000] {logging_mixin.py:137} INFO - [2022-12-25T15:37:49.354+0000] {dagbag.py:538} INFO - Filling up the DagBag from /home/airflow/.local/lib/python3.7/site-packages/airflow/example_dags/example_kubernetes_executor.py
[2022-12-25T15:37:49.390+0000] {processor.py:753} INFO - DAG(s) dict_keys(['example_kubernetes_executor']) retrieved from /home/airflow/.local/lib/python3.7/site-packages/airflow/example_dags/example_kubernetes_executor.py
[2022-12-25T15:37:49.443+0000] {logging_mixin.py:137} INFO - [2022-12-25T15:37:49.443+0000] {dag.py:2676} INFO - Sync 1 DAGs
[2022-12-25T15:37:49.476+0000] {logging_mixin.py:137} INFO - [2022-12-25T15:37:49.475+0000] {dag.py:3427} INFO - Setting next_dagrun for example_kubernetes_executor to None, run_after=None
[2022-12-25T15:37:49.505+0000] {processor.py:175} INFO - Processing /home/airflow/.local/lib/python3.7/site-packages/airflow/example_dags/example_kubernetes_executor.py took 0.157 seconds
[2022-12-25T15:38:19.675+0000] {processor.py:153} INFO - Started process (PID=3135) to work on /home/airflow/.local/lib/python3.7/site-packages/airflow/example_dags/example_kubernetes_executor.py
[2022-12-25T15:38:19.676+0000] {processor.py:743} INFO - Processing file /home/airflow/.local/lib/python3.7/site-packages/airflow/example_dags/example_kubernetes_executor.py for tasks to queue
[2022-12-25T15:38:19.676+0000] {logging_mixin.py:137} INFO - [2022-12-25T15:38:19.676+0000] {dagbag.py:538} INFO - Filling up the DagBag from /home/airflow/.local/lib/python3.7/site-packages/airflow/example_dags/example_kubernetes_executor.py
[2022-12-25T15:38:19.705+0000] {processor.py:753} INFO - DAG(s) dict_keys(['example_kubernetes_executor']) retrieved from /home/airflow/.local/lib/python3.7/site-packages/airflow/example_dags/example_kubernetes_executor.py
[2022-12-25T15:38:19.753+0000] {logging_mixin.py:137} INFO - [2022-12-25T15:38:19.753+0000] {dag.py:2676} INFO - Sync 1 DAGs
[2022-12-25T15:38:19.781+0000] {logging_mixin.py:137} INFO - [2022-12-25T15:38:19.781+0000] {dag.py:3427} INFO - Setting next_dagrun for example_kubernetes_executor to None, run_after=None
[2022-12-25T15:38:19.803+0000] {processor.py:175} INFO - Processing /home/airflow/.local/lib/python3.7/site-packages/airflow/example_dags/example_kubernetes_executor.py took 0.131 seconds
[2022-12-25T15:38:50.544+0000] {processor.py:153} INFO - Started process (PID=3365) to work on /home/airflow/.local/lib/python3.7/site-packages/airflow/example_dags/example_kubernetes_executor.py
[2022-12-25T15:38:50.545+0000] {processor.py:743} INFO - Processing file /home/airflow/.local/lib/python3.7/site-packages/airflow/example_dags/example_kubernetes_executor.py for tasks to queue
[2022-12-25T15:38:50.546+0000] {logging_mixin.py:137} INFO - [2022-12-25T15:38:50.546+0000] {dagbag.py:538} INFO - Filling up the DagBag from /home/airflow/.local/lib/python3.7/site-packages/airflow/example_dags/example_kubernetes_executor.py
[2022-12-25T15:38:50.575+0000] {processor.py:753} INFO - DAG(s) dict_keys(['example_kubernetes_executor']) retrieved from /home/airflow/.local/lib/python3.7/site-packages/airflow/example_dags/example_kubernetes_executor.py
[2022-12-25T15:38:50.624+0000] {logging_mixin.py:137} INFO - [2022-12-25T15:38:50.623+0000] {dag.py:2676} INFO - Sync 1 DAGs
[2022-12-25T15:38:50.650+0000] {logging_mixin.py:137} INFO - [2022-12-25T15:38:50.650+0000] {dag.py:3427} INFO - Setting next_dagrun for example_kubernetes_executor to None, run_after=None
[2022-12-25T15:38:50.673+0000] {processor.py:175} INFO - Processing /home/airflow/.local/lib/python3.7/site-packages/airflow/example_dags/example_kubernetes_executor.py took 0.132 seconds
[2022-12-25T15:39:20.913+0000] {processor.py:153} INFO - Started process (PID=3617) to work on /home/airflow/.local/lib/python3.7/site-packages/airflow/example_dags/example_kubernetes_executor.py
[2022-12-25T15:39:20.914+0000] {processor.py:743} INFO - Processing file /home/airflow/.local/lib/python3.7/site-packages/airflow/example_dags/example_kubernetes_executor.py for tasks to queue
[2022-12-25T15:39:20.914+0000] {logging_mixin.py:137} INFO - [2022-12-25T15:39:20.914+0000] {dagbag.py:538} INFO - Filling up the DagBag from /home/airflow/.local/lib/python3.7/site-packages/airflow/example_dags/example_kubernetes_executor.py
[2022-12-25T15:39:20.943+0000] {processor.py:753} INFO - DAG(s) dict_keys(['example_kubernetes_executor']) retrieved from /home/airflow/.local/lib/python3.7/site-packages/airflow/example_dags/example_kubernetes_executor.py
[2022-12-25T15:39:20.990+0000] {logging_mixin.py:137} INFO - [2022-12-25T15:39:20.989+0000] {dag.py:2676} INFO - Sync 1 DAGs
[2022-12-25T15:39:21.030+0000] {logging_mixin.py:137} INFO - [2022-12-25T15:39:21.029+0000] {dag.py:3427} INFO - Setting next_dagrun for example_kubernetes_executor to None, run_after=None
[2022-12-25T15:39:21.050+0000] {processor.py:175} INFO - Processing /home/airflow/.local/lib/python3.7/site-packages/airflow/example_dags/example_kubernetes_executor.py took 0.142 seconds
[2022-12-25T15:39:51.700+0000] {processor.py:153} INFO - Started process (PID=3845) to work on /home/airflow/.local/lib/python3.7/site-packages/airflow/example_dags/example_kubernetes_executor.py
[2022-12-25T15:39:51.702+0000] {processor.py:743} INFO - Processing file /home/airflow/.local/lib/python3.7/site-packages/airflow/example_dags/example_kubernetes_executor.py for tasks to queue
[2022-12-25T15:39:51.704+0000] {logging_mixin.py:137} INFO - [2022-12-25T15:39:51.704+0000] {dagbag.py:538} INFO - Filling up the DagBag from /home/airflow/.local/lib/python3.7/site-packages/airflow/example_dags/example_kubernetes_executor.py
[2022-12-25T15:39:51.770+0000] {processor.py:753} INFO - DAG(s) dict_keys(['example_kubernetes_executor']) retrieved from /home/airflow/.local/lib/python3.7/site-packages/airflow/example_dags/example_kubernetes_executor.py
[2022-12-25T15:39:51.818+0000] {logging_mixin.py:137} INFO - [2022-12-25T15:39:51.818+0000] {dag.py:2676} INFO - Sync 1 DAGs
[2022-12-25T15:39:51.850+0000] {logging_mixin.py:137} INFO - [2022-12-25T15:39:51.850+0000] {dag.py:3427} INFO - Setting next_dagrun for example_kubernetes_executor to None, run_after=None
[2022-12-25T15:39:51.871+0000] {processor.py:175} INFO - Processing /home/airflow/.local/lib/python3.7/site-packages/airflow/example_dags/example_kubernetes_executor.py took 0.176 seconds
[2022-12-25T15:40:22.128+0000] {processor.py:153} INFO - Started process (PID=4085) to work on /home/airflow/.local/lib/python3.7/site-packages/airflow/example_dags/example_kubernetes_executor.py
[2022-12-25T15:40:22.129+0000] {processor.py:743} INFO - Processing file /home/airflow/.local/lib/python3.7/site-packages/airflow/example_dags/example_kubernetes_executor.py for tasks to queue
[2022-12-25T15:40:22.130+0000] {logging_mixin.py:137} INFO - [2022-12-25T15:40:22.130+0000] {dagbag.py:538} INFO - Filling up the DagBag from /home/airflow/.local/lib/python3.7/site-packages/airflow/example_dags/example_kubernetes_executor.py
[2022-12-25T15:40:22.164+0000] {processor.py:753} INFO - DAG(s) dict_keys(['example_kubernetes_executor']) retrieved from /home/airflow/.local/lib/python3.7/site-packages/airflow/example_dags/example_kubernetes_executor.py
[2022-12-25T15:40:22.221+0000] {logging_mixin.py:137} INFO - [2022-12-25T15:40:22.221+0000] {dag.py:2676} INFO - Sync 1 DAGs
[2022-12-25T15:40:22.253+0000] {logging_mixin.py:137} INFO - [2022-12-25T15:40:22.253+0000] {dag.py:3427} INFO - Setting next_dagrun for example_kubernetes_executor to None, run_after=None
[2022-12-25T15:40:22.283+0000] {processor.py:175} INFO - Processing /home/airflow/.local/lib/python3.7/site-packages/airflow/example_dags/example_kubernetes_executor.py took 0.158 seconds
[2022-12-25T15:40:52.433+0000] {processor.py:153} INFO - Started process (PID=4326) to work on /home/airflow/.local/lib/python3.7/site-packages/airflow/example_dags/example_kubernetes_executor.py
[2022-12-25T15:40:52.435+0000] {processor.py:743} INFO - Processing file /home/airflow/.local/lib/python3.7/site-packages/airflow/example_dags/example_kubernetes_executor.py for tasks to queue
[2022-12-25T15:40:52.437+0000] {logging_mixin.py:137} INFO - [2022-12-25T15:40:52.436+0000] {dagbag.py:538} INFO - Filling up the DagBag from /home/airflow/.local/lib/python3.7/site-packages/airflow/example_dags/example_kubernetes_executor.py
[2022-12-25T15:40:52.474+0000] {processor.py:753} INFO - DAG(s) dict_keys(['example_kubernetes_executor']) retrieved from /home/airflow/.local/lib/python3.7/site-packages/airflow/example_dags/example_kubernetes_executor.py
[2022-12-25T15:40:52.518+0000] {logging_mixin.py:137} INFO - [2022-12-25T15:40:52.518+0000] {dag.py:2676} INFO - Sync 1 DAGs
[2022-12-25T15:40:52.546+0000] {logging_mixin.py:137} INFO - [2022-12-25T15:40:52.546+0000] {dag.py:3427} INFO - Setting next_dagrun for example_kubernetes_executor to None, run_after=None
[2022-12-25T15:40:52.568+0000] {processor.py:175} INFO - Processing /home/airflow/.local/lib/python3.7/site-packages/airflow/example_dags/example_kubernetes_executor.py took 0.139 seconds
[2022-12-25T15:41:22.980+0000] {processor.py:153} INFO - Started process (PID=4556) to work on /home/airflow/.local/lib/python3.7/site-packages/airflow/example_dags/example_kubernetes_executor.py
[2022-12-25T15:41:22.982+0000] {processor.py:743} INFO - Processing file /home/airflow/.local/lib/python3.7/site-packages/airflow/example_dags/example_kubernetes_executor.py for tasks to queue
[2022-12-25T15:41:22.982+0000] {logging_mixin.py:137} INFO - [2022-12-25T15:41:22.982+0000] {dagbag.py:538} INFO - Filling up the DagBag from /home/airflow/.local/lib/python3.7/site-packages/airflow/example_dags/example_kubernetes_executor.py
[2022-12-25T15:41:23.010+0000] {processor.py:753} INFO - DAG(s) dict_keys(['example_kubernetes_executor']) retrieved from /home/airflow/.local/lib/python3.7/site-packages/airflow/example_dags/example_kubernetes_executor.py
[2022-12-25T15:41:23.054+0000] {logging_mixin.py:137} INFO - [2022-12-25T15:41:23.053+0000] {dag.py:2676} INFO - Sync 1 DAGs
[2022-12-25T15:41:23.078+0000] {logging_mixin.py:137} INFO - [2022-12-25T15:41:23.077+0000] {dag.py:3427} INFO - Setting next_dagrun for example_kubernetes_executor to None, run_after=None
[2022-12-25T15:41:23.098+0000] {processor.py:175} INFO - Processing /home/airflow/.local/lib/python3.7/site-packages/airflow/example_dags/example_kubernetes_executor.py took 0.122 seconds
[2022-12-25T15:41:53.135+0000] {processor.py:153} INFO - Started process (PID=4801) to work on /home/airflow/.local/lib/python3.7/site-packages/airflow/example_dags/example_kubernetes_executor.py
[2022-12-25T15:41:53.139+0000] {processor.py:743} INFO - Processing file /home/airflow/.local/lib/python3.7/site-packages/airflow/example_dags/example_kubernetes_executor.py for tasks to queue
[2022-12-25T15:41:53.142+0000] {logging_mixin.py:137} INFO - [2022-12-25T15:41:53.142+0000] {dagbag.py:538} INFO - Filling up the DagBag from /home/airflow/.local/lib/python3.7/site-packages/airflow/example_dags/example_kubernetes_executor.py
[2022-12-25T15:41:53.197+0000] {processor.py:753} INFO - DAG(s) dict_keys(['example_kubernetes_executor']) retrieved from /home/airflow/.local/lib/python3.7/site-packages/airflow/example_dags/example_kubernetes_executor.py
[2022-12-25T15:41:53.261+0000] {logging_mixin.py:137} INFO - [2022-12-25T15:41:53.261+0000] {dag.py:2676} INFO - Sync 1 DAGs
[2022-12-25T15:41:53.295+0000] {logging_mixin.py:137} INFO - [2022-12-25T15:41:53.295+0000] {dag.py:3427} INFO - Setting next_dagrun for example_kubernetes_executor to None, run_after=None
[2022-12-25T15:41:53.318+0000] {processor.py:175} INFO - Processing /home/airflow/.local/lib/python3.7/site-packages/airflow/example_dags/example_kubernetes_executor.py took 0.188 seconds
[2022-12-25T15:42:24.090+0000] {processor.py:153} INFO - Started process (PID=5033) to work on /home/airflow/.local/lib/python3.7/site-packages/airflow/example_dags/example_kubernetes_executor.py
[2022-12-25T15:42:24.091+0000] {processor.py:743} INFO - Processing file /home/airflow/.local/lib/python3.7/site-packages/airflow/example_dags/example_kubernetes_executor.py for tasks to queue
[2022-12-25T15:42:24.092+0000] {logging_mixin.py:137} INFO - [2022-12-25T15:42:24.092+0000] {dagbag.py:538} INFO - Filling up the DagBag from /home/airflow/.local/lib/python3.7/site-packages/airflow/example_dags/example_kubernetes_executor.py
[2022-12-25T15:42:24.127+0000] {processor.py:753} INFO - DAG(s) dict_keys(['example_kubernetes_executor']) retrieved from /home/airflow/.local/lib/python3.7/site-packages/airflow/example_dags/example_kubernetes_executor.py
[2022-12-25T15:42:24.172+0000] {logging_mixin.py:137} INFO - [2022-12-25T15:42:24.171+0000] {dag.py:2676} INFO - Sync 1 DAGs
[2022-12-25T15:42:24.201+0000] {logging_mixin.py:137} INFO - [2022-12-25T15:42:24.201+0000] {dag.py:3427} INFO - Setting next_dagrun for example_kubernetes_executor to None, run_after=None
[2022-12-25T15:42:24.221+0000] {processor.py:175} INFO - Processing /home/airflow/.local/lib/python3.7/site-packages/airflow/example_dags/example_kubernetes_executor.py took 0.135 seconds
[2022-12-25T15:42:54.324+0000] {processor.py:153} INFO - Started process (PID=5262) to work on /home/airflow/.local/lib/python3.7/site-packages/airflow/example_dags/example_kubernetes_executor.py
[2022-12-25T15:42:54.325+0000] {processor.py:743} INFO - Processing file /home/airflow/.local/lib/python3.7/site-packages/airflow/example_dags/example_kubernetes_executor.py for tasks to queue
[2022-12-25T15:42:54.325+0000] {logging_mixin.py:137} INFO - [2022-12-25T15:42:54.325+0000] {dagbag.py:538} INFO - Filling up the DagBag from /home/airflow/.local/lib/python3.7/site-packages/airflow/example_dags/example_kubernetes_executor.py
[2022-12-25T15:42:54.352+0000] {processor.py:753} INFO - DAG(s) dict_keys(['example_kubernetes_executor']) retrieved from /home/airflow/.local/lib/python3.7/site-packages/airflow/example_dags/example_kubernetes_executor.py
[2022-12-25T15:42:54.394+0000] {logging_mixin.py:137} INFO - [2022-12-25T15:42:54.394+0000] {dag.py:2676} INFO - Sync 1 DAGs
[2022-12-25T15:42:54.418+0000] {logging_mixin.py:137} INFO - [2022-12-25T15:42:54.418+0000] {dag.py:3427} INFO - Setting next_dagrun for example_kubernetes_executor to None, run_after=None
[2022-12-25T15:42:54.440+0000] {processor.py:175} INFO - Processing /home/airflow/.local/lib/python3.7/site-packages/airflow/example_dags/example_kubernetes_executor.py took 0.119 seconds
[2022-12-25T15:43:24.893+0000] {processor.py:153} INFO - Started process (PID=5512) to work on /home/airflow/.local/lib/python3.7/site-packages/airflow/example_dags/example_kubernetes_executor.py
[2022-12-25T15:43:24.894+0000] {processor.py:743} INFO - Processing file /home/airflow/.local/lib/python3.7/site-packages/airflow/example_dags/example_kubernetes_executor.py for tasks to queue
[2022-12-25T15:43:24.895+0000] {logging_mixin.py:137} INFO - [2022-12-25T15:43:24.894+0000] {dagbag.py:538} INFO - Filling up the DagBag from /home/airflow/.local/lib/python3.7/site-packages/airflow/example_dags/example_kubernetes_executor.py
[2022-12-25T15:43:24.929+0000] {processor.py:753} INFO - DAG(s) dict_keys(['example_kubernetes_executor']) retrieved from /home/airflow/.local/lib/python3.7/site-packages/airflow/example_dags/example_kubernetes_executor.py
[2022-12-25T15:43:24.980+0000] {logging_mixin.py:137} INFO - [2022-12-25T15:43:24.980+0000] {dag.py:2676} INFO - Sync 1 DAGs
[2022-12-25T15:43:25.016+0000] {logging_mixin.py:137} INFO - [2022-12-25T15:43:25.016+0000] {dag.py:3427} INFO - Setting next_dagrun for example_kubernetes_executor to None, run_after=None
[2022-12-25T15:43:25.033+0000] {processor.py:175} INFO - Processing /home/airflow/.local/lib/python3.7/site-packages/airflow/example_dags/example_kubernetes_executor.py took 0.143 seconds
[2022-12-25T15:43:55.124+0000] {processor.py:153} INFO - Started process (PID=5743) to work on /home/airflow/.local/lib/python3.7/site-packages/airflow/example_dags/example_kubernetes_executor.py
[2022-12-25T15:43:55.125+0000] {processor.py:743} INFO - Processing file /home/airflow/.local/lib/python3.7/site-packages/airflow/example_dags/example_kubernetes_executor.py for tasks to queue
[2022-12-25T15:43:55.126+0000] {logging_mixin.py:137} INFO - [2022-12-25T15:43:55.126+0000] {dagbag.py:538} INFO - Filling up the DagBag from /home/airflow/.local/lib/python3.7/site-packages/airflow/example_dags/example_kubernetes_executor.py
[2022-12-25T15:43:55.166+0000] {processor.py:753} INFO - DAG(s) dict_keys(['example_kubernetes_executor']) retrieved from /home/airflow/.local/lib/python3.7/site-packages/airflow/example_dags/example_kubernetes_executor.py
[2022-12-25T15:43:55.209+0000] {logging_mixin.py:137} INFO - [2022-12-25T15:43:55.208+0000] {dag.py:2676} INFO - Sync 1 DAGs
[2022-12-25T15:43:55.235+0000] {logging_mixin.py:137} INFO - [2022-12-25T15:43:55.235+0000] {dag.py:3427} INFO - Setting next_dagrun for example_kubernetes_executor to None, run_after=None
[2022-12-25T15:43:55.254+0000] {processor.py:175} INFO - Processing /home/airflow/.local/lib/python3.7/site-packages/airflow/example_dags/example_kubernetes_executor.py took 0.133 seconds
[2022-12-25T15:44:26.082+0000] {processor.py:153} INFO - Started process (PID=5993) to work on /home/airflow/.local/lib/python3.7/site-packages/airflow/example_dags/example_kubernetes_executor.py
[2022-12-25T15:44:26.083+0000] {processor.py:743} INFO - Processing file /home/airflow/.local/lib/python3.7/site-packages/airflow/example_dags/example_kubernetes_executor.py for tasks to queue
[2022-12-25T15:44:26.084+0000] {logging_mixin.py:137} INFO - [2022-12-25T15:44:26.084+0000] {dagbag.py:538} INFO - Filling up the DagBag from /home/airflow/.local/lib/python3.7/site-packages/airflow/example_dags/example_kubernetes_executor.py
[2022-12-25T15:44:26.111+0000] {processor.py:753} INFO - DAG(s) dict_keys(['example_kubernetes_executor']) retrieved from /home/airflow/.local/lib/python3.7/site-packages/airflow/example_dags/example_kubernetes_executor.py
[2022-12-25T15:44:26.156+0000] {logging_mixin.py:137} INFO - [2022-12-25T15:44:26.156+0000] {dag.py:2676} INFO - Sync 1 DAGs
[2022-12-25T15:44:26.184+0000] {logging_mixin.py:137} INFO - [2022-12-25T15:44:26.184+0000] {dag.py:3427} INFO - Setting next_dagrun for example_kubernetes_executor to None, run_after=None
[2022-12-25T15:44:26.210+0000] {processor.py:175} INFO - Processing /home/airflow/.local/lib/python3.7/site-packages/airflow/example_dags/example_kubernetes_executor.py took 0.132 seconds
[2022-12-25T15:44:57.014+0000] {processor.py:153} INFO - Started process (PID=6225) to work on /home/airflow/.local/lib/python3.7/site-packages/airflow/example_dags/example_kubernetes_executor.py
[2022-12-25T15:44:57.016+0000] {processor.py:743} INFO - Processing file /home/airflow/.local/lib/python3.7/site-packages/airflow/example_dags/example_kubernetes_executor.py for tasks to queue
[2022-12-25T15:44:57.016+0000] {logging_mixin.py:137} INFO - [2022-12-25T15:44:57.016+0000] {dagbag.py:538} INFO - Filling up the DagBag from /home/airflow/.local/lib/python3.7/site-packages/airflow/example_dags/example_kubernetes_executor.py
[2022-12-25T15:44:57.043+0000] {processor.py:753} INFO - DAG(s) dict_keys(['example_kubernetes_executor']) retrieved from /home/airflow/.local/lib/python3.7/site-packages/airflow/example_dags/example_kubernetes_executor.py
[2022-12-25T15:44:57.083+0000] {logging_mixin.py:137} INFO - [2022-12-25T15:44:57.083+0000] {dag.py:2676} INFO - Sync 1 DAGs
[2022-12-25T15:44:57.106+0000] {logging_mixin.py:137} INFO - [2022-12-25T15:44:57.106+0000] {dag.py:3427} INFO - Setting next_dagrun for example_kubernetes_executor to None, run_after=None
[2022-12-25T15:44:57.123+0000] {processor.py:175} INFO - Processing /home/airflow/.local/lib/python3.7/site-packages/airflow/example_dags/example_kubernetes_executor.py took 0.111 seconds
[2022-12-25T15:45:28.087+0000] {processor.py:153} INFO - Started process (PID=6453) to work on /home/airflow/.local/lib/python3.7/site-packages/airflow/example_dags/example_kubernetes_executor.py
[2022-12-25T15:45:28.088+0000] {processor.py:743} INFO - Processing file /home/airflow/.local/lib/python3.7/site-packages/airflow/example_dags/example_kubernetes_executor.py for tasks to queue
[2022-12-25T15:45:28.089+0000] {logging_mixin.py:137} INFO - [2022-12-25T15:45:28.088+0000] {dagbag.py:538} INFO - Filling up the DagBag from /home/airflow/.local/lib/python3.7/site-packages/airflow/example_dags/example_kubernetes_executor.py
[2022-12-25T15:45:28.118+0000] {processor.py:753} INFO - DAG(s) dict_keys(['example_kubernetes_executor']) retrieved from /home/airflow/.local/lib/python3.7/site-packages/airflow/example_dags/example_kubernetes_executor.py
[2022-12-25T15:45:28.165+0000] {logging_mixin.py:137} INFO - [2022-12-25T15:45:28.165+0000] {dag.py:2676} INFO - Sync 1 DAGs
[2022-12-25T15:45:28.194+0000] {logging_mixin.py:137} INFO - [2022-12-25T15:45:28.194+0000] {dag.py:3427} INFO - Setting next_dagrun for example_kubernetes_executor to None, run_after=None
[2022-12-25T15:45:28.220+0000] {processor.py:175} INFO - Processing /home/airflow/.local/lib/python3.7/site-packages/airflow/example_dags/example_kubernetes_executor.py took 0.137 seconds
[2022-12-25T15:45:58.687+0000] {processor.py:153} INFO - Started process (PID=6708) to work on /home/airflow/.local/lib/python3.7/site-packages/airflow/example_dags/example_kubernetes_executor.py
[2022-12-25T15:45:58.688+0000] {processor.py:743} INFO - Processing file /home/airflow/.local/lib/python3.7/site-packages/airflow/example_dags/example_kubernetes_executor.py for tasks to queue
[2022-12-25T15:45:58.689+0000] {logging_mixin.py:137} INFO - [2022-12-25T15:45:58.689+0000] {dagbag.py:538} INFO - Filling up the DagBag from /home/airflow/.local/lib/python3.7/site-packages/airflow/example_dags/example_kubernetes_executor.py
[2022-12-25T15:45:58.722+0000] {processor.py:753} INFO - DAG(s) dict_keys(['example_kubernetes_executor']) retrieved from /home/airflow/.local/lib/python3.7/site-packages/airflow/example_dags/example_kubernetes_executor.py
[2022-12-25T15:45:58.768+0000] {logging_mixin.py:137} INFO - [2022-12-25T15:45:58.768+0000] {dag.py:2676} INFO - Sync 1 DAGs
[2022-12-25T15:45:58.799+0000] {logging_mixin.py:137} INFO - [2022-12-25T15:45:58.799+0000] {dag.py:3427} INFO - Setting next_dagrun for example_kubernetes_executor to None, run_after=None
[2022-12-25T15:45:58.822+0000] {processor.py:175} INFO - Processing /home/airflow/.local/lib/python3.7/site-packages/airflow/example_dags/example_kubernetes_executor.py took 0.139 seconds
[2022-12-25T15:46:28.889+0000] {processor.py:153} INFO - Started process (PID=6938) to work on /home/airflow/.local/lib/python3.7/site-packages/airflow/example_dags/example_kubernetes_executor.py
[2022-12-25T15:46:28.890+0000] {processor.py:743} INFO - Processing file /home/airflow/.local/lib/python3.7/site-packages/airflow/example_dags/example_kubernetes_executor.py for tasks to queue
[2022-12-25T15:46:28.891+0000] {logging_mixin.py:137} INFO - [2022-12-25T15:46:28.891+0000] {dagbag.py:538} INFO - Filling up the DagBag from /home/airflow/.local/lib/python3.7/site-packages/airflow/example_dags/example_kubernetes_executor.py
[2022-12-25T15:46:28.923+0000] {processor.py:753} INFO - DAG(s) dict_keys(['example_kubernetes_executor']) retrieved from /home/airflow/.local/lib/python3.7/site-packages/airflow/example_dags/example_kubernetes_executor.py
[2022-12-25T15:46:28.971+0000] {logging_mixin.py:137} INFO - [2022-12-25T15:46:28.971+0000] {dag.py:2676} INFO - Sync 1 DAGs
[2022-12-25T15:46:29.000+0000] {logging_mixin.py:137} INFO - [2022-12-25T15:46:29.000+0000] {dag.py:3427} INFO - Setting next_dagrun for example_kubernetes_executor to None, run_after=None
[2022-12-25T15:46:29.022+0000] {processor.py:175} INFO - Processing /home/airflow/.local/lib/python3.7/site-packages/airflow/example_dags/example_kubernetes_executor.py took 0.137 seconds
[2022-12-25T15:46:59.489+0000] {processor.py:153} INFO - Started process (PID=7188) to work on /home/airflow/.local/lib/python3.7/site-packages/airflow/example_dags/example_kubernetes_executor.py
[2022-12-25T15:46:59.491+0000] {processor.py:743} INFO - Processing file /home/airflow/.local/lib/python3.7/site-packages/airflow/example_dags/example_kubernetes_executor.py for tasks to queue
[2022-12-25T15:46:59.491+0000] {logging_mixin.py:137} INFO - [2022-12-25T15:46:59.491+0000] {dagbag.py:538} INFO - Filling up the DagBag from /home/airflow/.local/lib/python3.7/site-packages/airflow/example_dags/example_kubernetes_executor.py
[2022-12-25T15:46:59.527+0000] {processor.py:753} INFO - DAG(s) dict_keys(['example_kubernetes_executor']) retrieved from /home/airflow/.local/lib/python3.7/site-packages/airflow/example_dags/example_kubernetes_executor.py
[2022-12-25T15:46:59.612+0000] {logging_mixin.py:137} INFO - [2022-12-25T15:46:59.612+0000] {dag.py:2676} INFO - Sync 1 DAGs
[2022-12-25T15:46:59.651+0000] {logging_mixin.py:137} INFO - [2022-12-25T15:46:59.650+0000] {dag.py:3427} INFO - Setting next_dagrun for example_kubernetes_executor to None, run_after=None
[2022-12-25T15:46:59.678+0000] {processor.py:175} INFO - Processing /home/airflow/.local/lib/python3.7/site-packages/airflow/example_dags/example_kubernetes_executor.py took 0.194 seconds
[2022-12-25T15:47:30.207+0000] {processor.py:153} INFO - Started process (PID=7419) to work on /home/airflow/.local/lib/python3.7/site-packages/airflow/example_dags/example_kubernetes_executor.py
[2022-12-25T15:47:30.208+0000] {processor.py:743} INFO - Processing file /home/airflow/.local/lib/python3.7/site-packages/airflow/example_dags/example_kubernetes_executor.py for tasks to queue
[2022-12-25T15:47:30.209+0000] {logging_mixin.py:137} INFO - [2022-12-25T15:47:30.209+0000] {dagbag.py:538} INFO - Filling up the DagBag from /home/airflow/.local/lib/python3.7/site-packages/airflow/example_dags/example_kubernetes_executor.py
[2022-12-25T15:47:30.243+0000] {processor.py:753} INFO - DAG(s) dict_keys(['example_kubernetes_executor']) retrieved from /home/airflow/.local/lib/python3.7/site-packages/airflow/example_dags/example_kubernetes_executor.py
[2022-12-25T15:47:30.296+0000] {logging_mixin.py:137} INFO - [2022-12-25T15:47:30.296+0000] {dag.py:2676} INFO - Sync 1 DAGs
[2022-12-25T15:47:30.328+0000] {logging_mixin.py:137} INFO - [2022-12-25T15:47:30.328+0000] {dag.py:3427} INFO - Setting next_dagrun for example_kubernetes_executor to None, run_after=None
[2022-12-25T15:47:30.359+0000] {processor.py:175} INFO - Processing /home/airflow/.local/lib/python3.7/site-packages/airflow/example_dags/example_kubernetes_executor.py took 0.156 seconds
[2022-12-25T15:48:00.929+0000] {processor.py:153} INFO - Started process (PID=7649) to work on /home/airflow/.local/lib/python3.7/site-packages/airflow/example_dags/example_kubernetes_executor.py
[2022-12-25T15:48:00.930+0000] {processor.py:743} INFO - Processing file /home/airflow/.local/lib/python3.7/site-packages/airflow/example_dags/example_kubernetes_executor.py for tasks to queue
[2022-12-25T15:48:00.931+0000] {logging_mixin.py:137} INFO - [2022-12-25T15:48:00.931+0000] {dagbag.py:538} INFO - Filling up the DagBag from /home/airflow/.local/lib/python3.7/site-packages/airflow/example_dags/example_kubernetes_executor.py
[2022-12-25T15:48:00.960+0000] {processor.py:753} INFO - DAG(s) dict_keys(['example_kubernetes_executor']) retrieved from /home/airflow/.local/lib/python3.7/site-packages/airflow/example_dags/example_kubernetes_executor.py
[2022-12-25T15:48:01.002+0000] {logging_mixin.py:137} INFO - [2022-12-25T15:48:01.002+0000] {dag.py:2676} INFO - Sync 1 DAGs
[2022-12-25T15:48:01.033+0000] {logging_mixin.py:137} INFO - [2022-12-25T15:48:01.033+0000] {dag.py:3427} INFO - Setting next_dagrun for example_kubernetes_executor to None, run_after=None
[2022-12-25T15:48:01.055+0000] {processor.py:175} INFO - Processing /home/airflow/.local/lib/python3.7/site-packages/airflow/example_dags/example_kubernetes_executor.py took 0.130 seconds
[2022-12-25T15:48:31.478+0000] {processor.py:153} INFO - Started process (PID=7899) to work on /home/airflow/.local/lib/python3.7/site-packages/airflow/example_dags/example_kubernetes_executor.py
[2022-12-25T15:48:31.479+0000] {processor.py:743} INFO - Processing file /home/airflow/.local/lib/python3.7/site-packages/airflow/example_dags/example_kubernetes_executor.py for tasks to queue
[2022-12-25T15:48:31.480+0000] {logging_mixin.py:137} INFO - [2022-12-25T15:48:31.480+0000] {dagbag.py:538} INFO - Filling up the DagBag from /home/airflow/.local/lib/python3.7/site-packages/airflow/example_dags/example_kubernetes_executor.py
[2022-12-25T15:48:31.513+0000] {processor.py:753} INFO - DAG(s) dict_keys(['example_kubernetes_executor']) retrieved from /home/airflow/.local/lib/python3.7/site-packages/airflow/example_dags/example_kubernetes_executor.py
[2022-12-25T15:48:31.569+0000] {logging_mixin.py:137} INFO - [2022-12-25T15:48:31.569+0000] {dag.py:2676} INFO - Sync 1 DAGs
[2022-12-25T15:48:31.607+0000] {logging_mixin.py:137} INFO - [2022-12-25T15:48:31.607+0000] {dag.py:3427} INFO - Setting next_dagrun for example_kubernetes_executor to None, run_after=None
[2022-12-25T15:48:31.633+0000] {processor.py:175} INFO - Processing /home/airflow/.local/lib/python3.7/site-packages/airflow/example_dags/example_kubernetes_executor.py took 0.159 seconds
[2022-12-25T15:49:01.896+0000] {processor.py:153} INFO - Started process (PID=8129) to work on /home/airflow/.local/lib/python3.7/site-packages/airflow/example_dags/example_kubernetes_executor.py
[2022-12-25T15:49:01.897+0000] {processor.py:743} INFO - Processing file /home/airflow/.local/lib/python3.7/site-packages/airflow/example_dags/example_kubernetes_executor.py for tasks to queue
[2022-12-25T15:49:01.897+0000] {logging_mixin.py:137} INFO - [2022-12-25T15:49:01.897+0000] {dagbag.py:538} INFO - Filling up the DagBag from /home/airflow/.local/lib/python3.7/site-packages/airflow/example_dags/example_kubernetes_executor.py
[2022-12-25T15:49:01.927+0000] {processor.py:753} INFO - DAG(s) dict_keys(['example_kubernetes_executor']) retrieved from /home/airflow/.local/lib/python3.7/site-packages/airflow/example_dags/example_kubernetes_executor.py
[2022-12-25T15:49:01.971+0000] {logging_mixin.py:137} INFO - [2022-12-25T15:49:01.971+0000] {dag.py:2676} INFO - Sync 1 DAGs
[2022-12-25T15:49:01.996+0000] {logging_mixin.py:137} INFO - [2022-12-25T15:49:01.995+0000] {dag.py:3427} INFO - Setting next_dagrun for example_kubernetes_executor to None, run_after=None
[2022-12-25T15:49:02.016+0000] {processor.py:175} INFO - Processing /home/airflow/.local/lib/python3.7/site-packages/airflow/example_dags/example_kubernetes_executor.py took 0.124 seconds
[2022-12-25T15:49:32.824+0000] {processor.py:153} INFO - Started process (PID=8359) to work on /home/airflow/.local/lib/python3.7/site-packages/airflow/example_dags/example_kubernetes_executor.py
[2022-12-25T15:49:32.825+0000] {processor.py:743} INFO - Processing file /home/airflow/.local/lib/python3.7/site-packages/airflow/example_dags/example_kubernetes_executor.py for tasks to queue
[2022-12-25T15:49:32.826+0000] {logging_mixin.py:137} INFO - [2022-12-25T15:49:32.826+0000] {dagbag.py:538} INFO - Filling up the DagBag from /home/airflow/.local/lib/python3.7/site-packages/airflow/example_dags/example_kubernetes_executor.py
[2022-12-25T15:49:32.860+0000] {processor.py:753} INFO - DAG(s) dict_keys(['example_kubernetes_executor']) retrieved from /home/airflow/.local/lib/python3.7/site-packages/airflow/example_dags/example_kubernetes_executor.py
[2022-12-25T15:49:32.911+0000] {logging_mixin.py:137} INFO - [2022-12-25T15:49:32.910+0000] {dag.py:2676} INFO - Sync 1 DAGs
[2022-12-25T15:49:32.940+0000] {logging_mixin.py:137} INFO - [2022-12-25T15:49:32.940+0000] {dag.py:3427} INFO - Setting next_dagrun for example_kubernetes_executor to None, run_after=None
[2022-12-25T15:49:32.964+0000] {processor.py:175} INFO - Processing /home/airflow/.local/lib/python3.7/site-packages/airflow/example_dags/example_kubernetes_executor.py took 0.143 seconds
[2022-12-25T15:50:03.381+0000] {processor.py:153} INFO - Started process (PID=8611) to work on /home/airflow/.local/lib/python3.7/site-packages/airflow/example_dags/example_kubernetes_executor.py
[2022-12-25T15:50:03.382+0000] {processor.py:743} INFO - Processing file /home/airflow/.local/lib/python3.7/site-packages/airflow/example_dags/example_kubernetes_executor.py for tasks to queue
[2022-12-25T15:50:03.383+0000] {logging_mixin.py:137} INFO - [2022-12-25T15:50:03.383+0000] {dagbag.py:538} INFO - Filling up the DagBag from /home/airflow/.local/lib/python3.7/site-packages/airflow/example_dags/example_kubernetes_executor.py
[2022-12-25T15:50:03.413+0000] {processor.py:753} INFO - DAG(s) dict_keys(['example_kubernetes_executor']) retrieved from /home/airflow/.local/lib/python3.7/site-packages/airflow/example_dags/example_kubernetes_executor.py
[2022-12-25T15:50:03.452+0000] {logging_mixin.py:137} INFO - [2022-12-25T15:50:03.451+0000] {dag.py:2676} INFO - Sync 1 DAGs
[2022-12-25T15:50:03.478+0000] {logging_mixin.py:137} INFO - [2022-12-25T15:50:03.477+0000] {dag.py:3427} INFO - Setting next_dagrun for example_kubernetes_executor to None, run_after=None
[2022-12-25T15:50:03.499+0000] {processor.py:175} INFO - Processing /home/airflow/.local/lib/python3.7/site-packages/airflow/example_dags/example_kubernetes_executor.py took 0.121 seconds
[2022-12-25T15:50:34.393+0000] {processor.py:153} INFO - Started process (PID=8839) to work on /home/airflow/.local/lib/python3.7/site-packages/airflow/example_dags/example_kubernetes_executor.py
[2022-12-25T15:50:34.395+0000] {processor.py:743} INFO - Processing file /home/airflow/.local/lib/python3.7/site-packages/airflow/example_dags/example_kubernetes_executor.py for tasks to queue
[2022-12-25T15:50:34.395+0000] {logging_mixin.py:137} INFO - [2022-12-25T15:50:34.395+0000] {dagbag.py:538} INFO - Filling up the DagBag from /home/airflow/.local/lib/python3.7/site-packages/airflow/example_dags/example_kubernetes_executor.py
[2022-12-25T15:50:34.428+0000] {processor.py:753} INFO - DAG(s) dict_keys(['example_kubernetes_executor']) retrieved from /home/airflow/.local/lib/python3.7/site-packages/airflow/example_dags/example_kubernetes_executor.py
[2022-12-25T15:50:34.476+0000] {logging_mixin.py:137} INFO - [2022-12-25T15:50:34.475+0000] {dag.py:2676} INFO - Sync 1 DAGs
[2022-12-25T15:50:34.503+0000] {logging_mixin.py:137} INFO - [2022-12-25T15:50:34.503+0000] {dag.py:3427} INFO - Setting next_dagrun for example_kubernetes_executor to None, run_after=None
[2022-12-25T15:50:34.527+0000] {processor.py:175} INFO - Processing /home/airflow/.local/lib/python3.7/site-packages/airflow/example_dags/example_kubernetes_executor.py took 0.138 seconds
[2022-12-25T15:51:04.842+0000] {processor.py:153} INFO - Started process (PID=9089) to work on /home/airflow/.local/lib/python3.7/site-packages/airflow/example_dags/example_kubernetes_executor.py
[2022-12-25T15:51:04.843+0000] {processor.py:743} INFO - Processing file /home/airflow/.local/lib/python3.7/site-packages/airflow/example_dags/example_kubernetes_executor.py for tasks to queue
[2022-12-25T15:51:04.843+0000] {logging_mixin.py:137} INFO - [2022-12-25T15:51:04.843+0000] {dagbag.py:538} INFO - Filling up the DagBag from /home/airflow/.local/lib/python3.7/site-packages/airflow/example_dags/example_kubernetes_executor.py
[2022-12-25T15:51:04.872+0000] {processor.py:753} INFO - DAG(s) dict_keys(['example_kubernetes_executor']) retrieved from /home/airflow/.local/lib/python3.7/site-packages/airflow/example_dags/example_kubernetes_executor.py
[2022-12-25T15:51:04.915+0000] {logging_mixin.py:137} INFO - [2022-12-25T15:51:04.915+0000] {dag.py:2676} INFO - Sync 1 DAGs
[2022-12-25T15:51:04.942+0000] {logging_mixin.py:137} INFO - [2022-12-25T15:51:04.942+0000] {dag.py:3427} INFO - Setting next_dagrun for example_kubernetes_executor to None, run_after=None
[2022-12-25T15:51:04.966+0000] {processor.py:175} INFO - Processing /home/airflow/.local/lib/python3.7/site-packages/airflow/example_dags/example_kubernetes_executor.py took 0.127 seconds
[2022-12-25T15:51:35.116+0000] {processor.py:153} INFO - Started process (PID=9319) to work on /home/airflow/.local/lib/python3.7/site-packages/airflow/example_dags/example_kubernetes_executor.py
[2022-12-25T15:51:35.118+0000] {processor.py:743} INFO - Processing file /home/airflow/.local/lib/python3.7/site-packages/airflow/example_dags/example_kubernetes_executor.py for tasks to queue
[2022-12-25T15:51:35.118+0000] {logging_mixin.py:137} INFO - [2022-12-25T15:51:35.118+0000] {dagbag.py:538} INFO - Filling up the DagBag from /home/airflow/.local/lib/python3.7/site-packages/airflow/example_dags/example_kubernetes_executor.py
[2022-12-25T15:51:35.147+0000] {processor.py:753} INFO - DAG(s) dict_keys(['example_kubernetes_executor']) retrieved from /home/airflow/.local/lib/python3.7/site-packages/airflow/example_dags/example_kubernetes_executor.py
[2022-12-25T15:51:35.192+0000] {logging_mixin.py:137} INFO - [2022-12-25T15:51:35.191+0000] {dag.py:2676} INFO - Sync 1 DAGs
[2022-12-25T15:51:35.218+0000] {logging_mixin.py:137} INFO - [2022-12-25T15:51:35.218+0000] {dag.py:3427} INFO - Setting next_dagrun for example_kubernetes_executor to None, run_after=None
[2022-12-25T15:51:35.237+0000] {processor.py:175} INFO - Processing /home/airflow/.local/lib/python3.7/site-packages/airflow/example_dags/example_kubernetes_executor.py took 0.123 seconds
[2022-12-25T15:52:05.456+0000] {processor.py:153} INFO - Started process (PID=9549) to work on /home/airflow/.local/lib/python3.7/site-packages/airflow/example_dags/example_kubernetes_executor.py
[2022-12-25T15:52:05.458+0000] {processor.py:743} INFO - Processing file /home/airflow/.local/lib/python3.7/site-packages/airflow/example_dags/example_kubernetes_executor.py for tasks to queue
[2022-12-25T15:52:05.460+0000] {logging_mixin.py:137} INFO - [2022-12-25T15:52:05.459+0000] {dagbag.py:538} INFO - Filling up the DagBag from /home/airflow/.local/lib/python3.7/site-packages/airflow/example_dags/example_kubernetes_executor.py
[2022-12-25T15:52:05.499+0000] {processor.py:753} INFO - DAG(s) dict_keys(['example_kubernetes_executor']) retrieved from /home/airflow/.local/lib/python3.7/site-packages/airflow/example_dags/example_kubernetes_executor.py
[2022-12-25T15:52:05.558+0000] {logging_mixin.py:137} INFO - [2022-12-25T15:52:05.557+0000] {dag.py:2676} INFO - Sync 1 DAGs
[2022-12-25T15:52:05.603+0000] {logging_mixin.py:137} INFO - [2022-12-25T15:52:05.602+0000] {dag.py:3427} INFO - Setting next_dagrun for example_kubernetes_executor to None, run_after=None
[2022-12-25T15:52:05.628+0000] {processor.py:175} INFO - Processing /home/airflow/.local/lib/python3.7/site-packages/airflow/example_dags/example_kubernetes_executor.py took 0.175 seconds
[2022-12-25T15:52:36.404+0000] {processor.py:153} INFO - Started process (PID=9801) to work on /home/airflow/.local/lib/python3.7/site-packages/airflow/example_dags/example_kubernetes_executor.py
[2022-12-25T15:52:36.406+0000] {processor.py:743} INFO - Processing file /home/airflow/.local/lib/python3.7/site-packages/airflow/example_dags/example_kubernetes_executor.py for tasks to queue
[2022-12-25T15:52:36.406+0000] {logging_mixin.py:137} INFO - [2022-12-25T15:52:36.406+0000] {dagbag.py:538} INFO - Filling up the DagBag from /home/airflow/.local/lib/python3.7/site-packages/airflow/example_dags/example_kubernetes_executor.py
[2022-12-25T15:52:36.457+0000] {processor.py:753} INFO - DAG(s) dict_keys(['example_kubernetes_executor']) retrieved from /home/airflow/.local/lib/python3.7/site-packages/airflow/example_dags/example_kubernetes_executor.py
[2022-12-25T15:52:36.543+0000] {logging_mixin.py:137} INFO - [2022-12-25T15:52:36.542+0000] {dag.py:2676} INFO - Sync 1 DAGs
[2022-12-25T15:52:36.604+0000] {logging_mixin.py:137} INFO - [2022-12-25T15:52:36.603+0000] {dag.py:3427} INFO - Setting next_dagrun for example_kubernetes_executor to None, run_after=None
[2022-12-25T15:52:36.667+0000] {processor.py:175} INFO - Processing /home/airflow/.local/lib/python3.7/site-packages/airflow/example_dags/example_kubernetes_executor.py took 0.267 seconds
[2022-12-25T15:53:07.443+0000] {processor.py:153} INFO - Started process (PID=10031) to work on /home/airflow/.local/lib/python3.7/site-packages/airflow/example_dags/example_kubernetes_executor.py
[2022-12-25T15:53:07.444+0000] {processor.py:743} INFO - Processing file /home/airflow/.local/lib/python3.7/site-packages/airflow/example_dags/example_kubernetes_executor.py for tasks to queue
[2022-12-25T15:53:07.444+0000] {logging_mixin.py:137} INFO - [2022-12-25T15:53:07.444+0000] {dagbag.py:538} INFO - Filling up the DagBag from /home/airflow/.local/lib/python3.7/site-packages/airflow/example_dags/example_kubernetes_executor.py
[2022-12-25T15:53:07.472+0000] {processor.py:753} INFO - DAG(s) dict_keys(['example_kubernetes_executor']) retrieved from /home/airflow/.local/lib/python3.7/site-packages/airflow/example_dags/example_kubernetes_executor.py
[2022-12-25T15:53:07.511+0000] {logging_mixin.py:137} INFO - [2022-12-25T15:53:07.511+0000] {dag.py:2676} INFO - Sync 1 DAGs
[2022-12-25T15:53:07.547+0000] {logging_mixin.py:137} INFO - [2022-12-25T15:53:07.547+0000] {dag.py:3427} INFO - Setting next_dagrun for example_kubernetes_executor to None, run_after=None
[2022-12-25T15:53:07.571+0000] {processor.py:175} INFO - Processing /home/airflow/.local/lib/python3.7/site-packages/airflow/example_dags/example_kubernetes_executor.py took 0.131 seconds
