[2022-12-25T15:32:11.967+0000] {processor.py:153} INFO - Started process (PID=303) to work on /home/airflow/.local/lib/python3.7/site-packages/airflow/example_dags/example_external_task_marker_dag.py
[2022-12-25T15:32:11.968+0000] {processor.py:743} INFO - Processing file /home/airflow/.local/lib/python3.7/site-packages/airflow/example_dags/example_external_task_marker_dag.py for tasks to queue
[2022-12-25T15:32:11.970+0000] {logging_mixin.py:137} INFO - [2022-12-25T15:32:11.969+0000] {dagbag.py:538} INFO - Filling up the DagBag from /home/airflow/.local/lib/python3.7/site-packages/airflow/example_dags/example_external_task_marker_dag.py
[2022-12-25T15:32:12.004+0000] {processor.py:753} INFO - DAG(s) dict_keys(['example_external_task_marker_parent', 'example_external_task_marker_child']) retrieved from /home/airflow/.local/lib/python3.7/site-packages/airflow/example_dags/example_external_task_marker_dag.py
[2022-12-25T15:32:12.169+0000] {logging_mixin.py:137} INFO - [2022-12-25T15:32:12.168+0000] {dag.py:2676} INFO - Sync 2 DAGs
[2022-12-25T15:32:12.205+0000] {logging_mixin.py:137} INFO - [2022-12-25T15:32:12.204+0000] {dag.py:3427} INFO - Setting next_dagrun for example_external_task_marker_child to None, run_after=None
[2022-12-25T15:32:12.210+0000] {logging_mixin.py:137} INFO - [2022-12-25T15:32:12.210+0000] {dag.py:3427} INFO - Setting next_dagrun for example_external_task_marker_parent to None, run_after=None
[2022-12-25T15:32:12.245+0000] {processor.py:175} INFO - Processing /home/airflow/.local/lib/python3.7/site-packages/airflow/example_dags/example_external_task_marker_dag.py took 0.286 seconds
[2022-12-25T15:32:42.824+0000] {processor.py:153} INFO - Started process (PID=533) to work on /home/airflow/.local/lib/python3.7/site-packages/airflow/example_dags/example_external_task_marker_dag.py
[2022-12-25T15:32:42.825+0000] {processor.py:743} INFO - Processing file /home/airflow/.local/lib/python3.7/site-packages/airflow/example_dags/example_external_task_marker_dag.py for tasks to queue
[2022-12-25T15:32:42.826+0000] {logging_mixin.py:137} INFO - [2022-12-25T15:32:42.826+0000] {dagbag.py:538} INFO - Filling up the DagBag from /home/airflow/.local/lib/python3.7/site-packages/airflow/example_dags/example_external_task_marker_dag.py
[2022-12-25T15:32:42.840+0000] {processor.py:753} INFO - DAG(s) dict_keys(['example_external_task_marker_child', 'example_external_task_marker_parent']) retrieved from /home/airflow/.local/lib/python3.7/site-packages/airflow/example_dags/example_external_task_marker_dag.py
[2022-12-25T15:32:42.880+0000] {logging_mixin.py:137} INFO - [2022-12-25T15:32:42.880+0000] {dag.py:2676} INFO - Sync 2 DAGs
[2022-12-25T15:32:42.910+0000] {logging_mixin.py:137} INFO - [2022-12-25T15:32:42.910+0000] {dag.py:3427} INFO - Setting next_dagrun for example_external_task_marker_child to None, run_after=None
[2022-12-25T15:32:42.913+0000] {logging_mixin.py:137} INFO - [2022-12-25T15:32:42.913+0000] {dag.py:3427} INFO - Setting next_dagrun for example_external_task_marker_parent to None, run_after=None
[2022-12-25T15:32:42.932+0000] {processor.py:175} INFO - Processing /home/airflow/.local/lib/python3.7/site-packages/airflow/example_dags/example_external_task_marker_dag.py took 0.111 seconds
[2022-12-25T15:33:13.975+0000] {processor.py:153} INFO - Started process (PID=773) to work on /home/airflow/.local/lib/python3.7/site-packages/airflow/example_dags/example_external_task_marker_dag.py
[2022-12-25T15:33:13.978+0000] {processor.py:743} INFO - Processing file /home/airflow/.local/lib/python3.7/site-packages/airflow/example_dags/example_external_task_marker_dag.py for tasks to queue
[2022-12-25T15:33:13.980+0000] {logging_mixin.py:137} INFO - [2022-12-25T15:33:13.979+0000] {dagbag.py:538} INFO - Filling up the DagBag from /home/airflow/.local/lib/python3.7/site-packages/airflow/example_dags/example_external_task_marker_dag.py
[2022-12-25T15:33:14.015+0000] {processor.py:753} INFO - DAG(s) dict_keys(['example_external_task_marker_parent', 'example_external_task_marker_child']) retrieved from /home/airflow/.local/lib/python3.7/site-packages/airflow/example_dags/example_external_task_marker_dag.py
[2022-12-25T15:33:14.125+0000] {logging_mixin.py:137} INFO - [2022-12-25T15:33:14.125+0000] {dag.py:2676} INFO - Sync 2 DAGs
[2022-12-25T15:33:14.217+0000] {logging_mixin.py:137} INFO - [2022-12-25T15:33:14.216+0000] {dag.py:3427} INFO - Setting next_dagrun for example_external_task_marker_child to None, run_after=None
[2022-12-25T15:33:14.232+0000] {logging_mixin.py:137} INFO - [2022-12-25T15:33:14.231+0000] {dag.py:3427} INFO - Setting next_dagrun for example_external_task_marker_parent to None, run_after=None
[2022-12-25T15:33:14.287+0000] {processor.py:175} INFO - Processing /home/airflow/.local/lib/python3.7/site-packages/airflow/example_dags/example_external_task_marker_dag.py took 0.319 seconds
[2022-12-25T15:33:45.254+0000] {processor.py:153} INFO - Started process (PID=1014) to work on /home/airflow/.local/lib/python3.7/site-packages/airflow/example_dags/example_external_task_marker_dag.py
[2022-12-25T15:33:45.255+0000] {processor.py:743} INFO - Processing file /home/airflow/.local/lib/python3.7/site-packages/airflow/example_dags/example_external_task_marker_dag.py for tasks to queue
[2022-12-25T15:33:45.256+0000] {logging_mixin.py:137} INFO - [2022-12-25T15:33:45.256+0000] {dagbag.py:538} INFO - Filling up the DagBag from /home/airflow/.local/lib/python3.7/site-packages/airflow/example_dags/example_external_task_marker_dag.py
[2022-12-25T15:33:45.275+0000] {processor.py:753} INFO - DAG(s) dict_keys(['example_external_task_marker_child', 'example_external_task_marker_parent']) retrieved from /home/airflow/.local/lib/python3.7/site-packages/airflow/example_dags/example_external_task_marker_dag.py
[2022-12-25T15:33:45.314+0000] {logging_mixin.py:137} INFO - [2022-12-25T15:33:45.314+0000] {dag.py:2676} INFO - Sync 2 DAGs
[2022-12-25T15:33:45.354+0000] {logging_mixin.py:137} INFO - [2022-12-25T15:33:45.354+0000] {dag.py:3427} INFO - Setting next_dagrun for example_external_task_marker_child to None, run_after=None
[2022-12-25T15:33:45.360+0000] {logging_mixin.py:137} INFO - [2022-12-25T15:33:45.359+0000] {dag.py:3427} INFO - Setting next_dagrun for example_external_task_marker_parent to None, run_after=None
[2022-12-25T15:33:45.382+0000] {processor.py:175} INFO - Processing /home/airflow/.local/lib/python3.7/site-packages/airflow/example_dags/example_external_task_marker_dag.py took 0.133 seconds
[2022-12-25T15:34:15.937+0000] {processor.py:153} INFO - Started process (PID=1245) to work on /home/airflow/.local/lib/python3.7/site-packages/airflow/example_dags/example_external_task_marker_dag.py
[2022-12-25T15:34:15.938+0000] {processor.py:743} INFO - Processing file /home/airflow/.local/lib/python3.7/site-packages/airflow/example_dags/example_external_task_marker_dag.py for tasks to queue
[2022-12-25T15:34:15.939+0000] {logging_mixin.py:137} INFO - [2022-12-25T15:34:15.939+0000] {dagbag.py:538} INFO - Filling up the DagBag from /home/airflow/.local/lib/python3.7/site-packages/airflow/example_dags/example_external_task_marker_dag.py
[2022-12-25T15:34:15.960+0000] {processor.py:753} INFO - DAG(s) dict_keys(['example_external_task_marker_parent', 'example_external_task_marker_child']) retrieved from /home/airflow/.local/lib/python3.7/site-packages/airflow/example_dags/example_external_task_marker_dag.py
[2022-12-25T15:34:16.020+0000] {logging_mixin.py:137} INFO - [2022-12-25T15:34:16.020+0000] {dag.py:2676} INFO - Sync 2 DAGs
[2022-12-25T15:34:16.079+0000] {logging_mixin.py:137} INFO - [2022-12-25T15:34:16.079+0000] {dag.py:3427} INFO - Setting next_dagrun for example_external_task_marker_child to None, run_after=None
[2022-12-25T15:34:16.084+0000] {logging_mixin.py:137} INFO - [2022-12-25T15:34:16.084+0000] {dag.py:3427} INFO - Setting next_dagrun for example_external_task_marker_parent to None, run_after=None
[2022-12-25T15:34:16.113+0000] {processor.py:175} INFO - Processing /home/airflow/.local/lib/python3.7/site-packages/airflow/example_dags/example_external_task_marker_dag.py took 0.181 seconds
[2022-12-25T15:34:46.266+0000] {processor.py:153} INFO - Started process (PID=1475) to work on /home/airflow/.local/lib/python3.7/site-packages/airflow/example_dags/example_external_task_marker_dag.py
[2022-12-25T15:34:46.268+0000] {processor.py:743} INFO - Processing file /home/airflow/.local/lib/python3.7/site-packages/airflow/example_dags/example_external_task_marker_dag.py for tasks to queue
[2022-12-25T15:34:46.268+0000] {logging_mixin.py:137} INFO - [2022-12-25T15:34:46.268+0000] {dagbag.py:538} INFO - Filling up the DagBag from /home/airflow/.local/lib/python3.7/site-packages/airflow/example_dags/example_external_task_marker_dag.py
[2022-12-25T15:34:46.282+0000] {processor.py:753} INFO - DAG(s) dict_keys(['example_external_task_marker_child', 'example_external_task_marker_parent']) retrieved from /home/airflow/.local/lib/python3.7/site-packages/airflow/example_dags/example_external_task_marker_dag.py
[2022-12-25T15:34:46.320+0000] {logging_mixin.py:137} INFO - [2022-12-25T15:34:46.320+0000] {dag.py:2676} INFO - Sync 2 DAGs
[2022-12-25T15:34:46.347+0000] {logging_mixin.py:137} INFO - [2022-12-25T15:34:46.346+0000] {dag.py:3427} INFO - Setting next_dagrun for example_external_task_marker_child to None, run_after=None
[2022-12-25T15:34:46.350+0000] {logging_mixin.py:137} INFO - [2022-12-25T15:34:46.350+0000] {dag.py:3427} INFO - Setting next_dagrun for example_external_task_marker_parent to None, run_after=None
[2022-12-25T15:34:46.367+0000] {processor.py:175} INFO - Processing /home/airflow/.local/lib/python3.7/site-packages/airflow/example_dags/example_external_task_marker_dag.py took 0.104 seconds
[2022-12-25T15:35:16.822+0000] {processor.py:153} INFO - Started process (PID=1725) to work on /home/airflow/.local/lib/python3.7/site-packages/airflow/example_dags/example_external_task_marker_dag.py
[2022-12-25T15:35:16.823+0000] {processor.py:743} INFO - Processing file /home/airflow/.local/lib/python3.7/site-packages/airflow/example_dags/example_external_task_marker_dag.py for tasks to queue
[2022-12-25T15:35:16.824+0000] {logging_mixin.py:137} INFO - [2022-12-25T15:35:16.824+0000] {dagbag.py:538} INFO - Filling up the DagBag from /home/airflow/.local/lib/python3.7/site-packages/airflow/example_dags/example_external_task_marker_dag.py
[2022-12-25T15:35:16.842+0000] {processor.py:753} INFO - DAG(s) dict_keys(['example_external_task_marker_child', 'example_external_task_marker_parent']) retrieved from /home/airflow/.local/lib/python3.7/site-packages/airflow/example_dags/example_external_task_marker_dag.py
[2022-12-25T15:35:16.896+0000] {logging_mixin.py:137} INFO - [2022-12-25T15:35:16.895+0000] {dag.py:2676} INFO - Sync 2 DAGs
[2022-12-25T15:35:16.931+0000] {logging_mixin.py:137} INFO - [2022-12-25T15:35:16.931+0000] {dag.py:3427} INFO - Setting next_dagrun for example_external_task_marker_child to None, run_after=None
[2022-12-25T15:35:16.936+0000] {logging_mixin.py:137} INFO - [2022-12-25T15:35:16.935+0000] {dag.py:3427} INFO - Setting next_dagrun for example_external_task_marker_parent to None, run_after=None
[2022-12-25T15:35:16.959+0000] {processor.py:175} INFO - Processing /home/airflow/.local/lib/python3.7/site-packages/airflow/example_dags/example_external_task_marker_dag.py took 0.140 seconds
[2022-12-25T15:35:47.729+0000] {processor.py:153} INFO - Started process (PID=1955) to work on /home/airflow/.local/lib/python3.7/site-packages/airflow/example_dags/example_external_task_marker_dag.py
[2022-12-25T15:35:47.731+0000] {processor.py:743} INFO - Processing file /home/airflow/.local/lib/python3.7/site-packages/airflow/example_dags/example_external_task_marker_dag.py for tasks to queue
[2022-12-25T15:35:47.732+0000] {logging_mixin.py:137} INFO - [2022-12-25T15:35:47.731+0000] {dagbag.py:538} INFO - Filling up the DagBag from /home/airflow/.local/lib/python3.7/site-packages/airflow/example_dags/example_external_task_marker_dag.py
[2022-12-25T15:35:47.753+0000] {processor.py:753} INFO - DAG(s) dict_keys(['example_external_task_marker_parent', 'example_external_task_marker_child']) retrieved from /home/airflow/.local/lib/python3.7/site-packages/airflow/example_dags/example_external_task_marker_dag.py
[2022-12-25T15:35:47.828+0000] {logging_mixin.py:137} INFO - [2022-12-25T15:35:47.828+0000] {dag.py:2676} INFO - Sync 2 DAGs
[2022-12-25T15:35:47.886+0000] {logging_mixin.py:137} INFO - [2022-12-25T15:35:47.886+0000] {dag.py:3427} INFO - Setting next_dagrun for example_external_task_marker_child to None, run_after=None
[2022-12-25T15:35:47.894+0000] {logging_mixin.py:137} INFO - [2022-12-25T15:35:47.894+0000] {dag.py:3427} INFO - Setting next_dagrun for example_external_task_marker_parent to None, run_after=None
[2022-12-25T15:35:47.924+0000] {processor.py:175} INFO - Processing /home/airflow/.local/lib/python3.7/site-packages/airflow/example_dags/example_external_task_marker_dag.py took 0.200 seconds
[2022-12-25T15:36:18.172+0000] {processor.py:153} INFO - Started process (PID=2185) to work on /home/airflow/.local/lib/python3.7/site-packages/airflow/example_dags/example_external_task_marker_dag.py
[2022-12-25T15:36:18.174+0000] {processor.py:743} INFO - Processing file /home/airflow/.local/lib/python3.7/site-packages/airflow/example_dags/example_external_task_marker_dag.py for tasks to queue
[2022-12-25T15:36:18.175+0000] {logging_mixin.py:137} INFO - [2022-12-25T15:36:18.175+0000] {dagbag.py:538} INFO - Filling up the DagBag from /home/airflow/.local/lib/python3.7/site-packages/airflow/example_dags/example_external_task_marker_dag.py
[2022-12-25T15:36:18.190+0000] {processor.py:753} INFO - DAG(s) dict_keys(['example_external_task_marker_child', 'example_external_task_marker_parent']) retrieved from /home/airflow/.local/lib/python3.7/site-packages/airflow/example_dags/example_external_task_marker_dag.py
[2022-12-25T15:36:18.231+0000] {logging_mixin.py:137} INFO - [2022-12-25T15:36:18.231+0000] {dag.py:2676} INFO - Sync 2 DAGs
[2022-12-25T15:36:18.258+0000] {logging_mixin.py:137} INFO - [2022-12-25T15:36:18.258+0000] {dag.py:3427} INFO - Setting next_dagrun for example_external_task_marker_child to None, run_after=None
[2022-12-25T15:36:18.263+0000] {logging_mixin.py:137} INFO - [2022-12-25T15:36:18.262+0000] {dag.py:3427} INFO - Setting next_dagrun for example_external_task_marker_parent to None, run_after=None
[2022-12-25T15:36:18.280+0000] {processor.py:175} INFO - Processing /home/airflow/.local/lib/python3.7/site-packages/airflow/example_dags/example_external_task_marker_dag.py took 0.111 seconds
[2022-12-25T15:36:48.948+0000] {processor.py:153} INFO - Started process (PID=2435) to work on /home/airflow/.local/lib/python3.7/site-packages/airflow/example_dags/example_external_task_marker_dag.py
[2022-12-25T15:36:48.951+0000] {processor.py:743} INFO - Processing file /home/airflow/.local/lib/python3.7/site-packages/airflow/example_dags/example_external_task_marker_dag.py for tasks to queue
[2022-12-25T15:36:48.956+0000] {logging_mixin.py:137} INFO - [2022-12-25T15:36:48.956+0000] {dagbag.py:538} INFO - Filling up the DagBag from /home/airflow/.local/lib/python3.7/site-packages/airflow/example_dags/example_external_task_marker_dag.py
[2022-12-25T15:36:48.992+0000] {processor.py:753} INFO - DAG(s) dict_keys(['example_external_task_marker_parent', 'example_external_task_marker_child']) retrieved from /home/airflow/.local/lib/python3.7/site-packages/airflow/example_dags/example_external_task_marker_dag.py
[2022-12-25T15:36:49.084+0000] {logging_mixin.py:137} INFO - [2022-12-25T15:36:49.084+0000] {dag.py:2676} INFO - Sync 2 DAGs
[2022-12-25T15:36:49.137+0000] {logging_mixin.py:137} INFO - [2022-12-25T15:36:49.136+0000] {dag.py:3427} INFO - Setting next_dagrun for example_external_task_marker_child to None, run_after=None
[2022-12-25T15:36:49.148+0000] {logging_mixin.py:137} INFO - [2022-12-25T15:36:49.148+0000] {dag.py:3427} INFO - Setting next_dagrun for example_external_task_marker_parent to None, run_after=None
[2022-12-25T15:36:49.193+0000] {processor.py:175} INFO - Processing /home/airflow/.local/lib/python3.7/site-packages/airflow/example_dags/example_external_task_marker_dag.py took 0.251 seconds
[2022-12-25T15:37:19.251+0000] {processor.py:153} INFO - Started process (PID=2665) to work on /home/airflow/.local/lib/python3.7/site-packages/airflow/example_dags/example_external_task_marker_dag.py
[2022-12-25T15:37:19.252+0000] {processor.py:743} INFO - Processing file /home/airflow/.local/lib/python3.7/site-packages/airflow/example_dags/example_external_task_marker_dag.py for tasks to queue
[2022-12-25T15:37:19.253+0000] {logging_mixin.py:137} INFO - [2022-12-25T15:37:19.253+0000] {dagbag.py:538} INFO - Filling up the DagBag from /home/airflow/.local/lib/python3.7/site-packages/airflow/example_dags/example_external_task_marker_dag.py
[2022-12-25T15:37:19.267+0000] {processor.py:753} INFO - DAG(s) dict_keys(['example_external_task_marker_parent', 'example_external_task_marker_child']) retrieved from /home/airflow/.local/lib/python3.7/site-packages/airflow/example_dags/example_external_task_marker_dag.py
[2022-12-25T15:37:19.310+0000] {logging_mixin.py:137} INFO - [2022-12-25T15:37:19.309+0000] {dag.py:2676} INFO - Sync 2 DAGs
[2022-12-25T15:37:19.341+0000] {logging_mixin.py:137} INFO - [2022-12-25T15:37:19.341+0000] {dag.py:3427} INFO - Setting next_dagrun for example_external_task_marker_child to None, run_after=None
[2022-12-25T15:37:19.344+0000] {logging_mixin.py:137} INFO - [2022-12-25T15:37:19.344+0000] {dag.py:3427} INFO - Setting next_dagrun for example_external_task_marker_parent to None, run_after=None
[2022-12-25T15:37:19.365+0000] {processor.py:175} INFO - Processing /home/airflow/.local/lib/python3.7/site-packages/airflow/example_dags/example_external_task_marker_dag.py took 0.117 seconds
[2022-12-25T15:37:49.433+0000] {processor.py:153} INFO - Started process (PID=2899) to work on /home/airflow/.local/lib/python3.7/site-packages/airflow/example_dags/example_external_task_marker_dag.py
[2022-12-25T15:37:49.435+0000] {processor.py:743} INFO - Processing file /home/airflow/.local/lib/python3.7/site-packages/airflow/example_dags/example_external_task_marker_dag.py for tasks to queue
[2022-12-25T15:37:49.436+0000] {logging_mixin.py:137} INFO - [2022-12-25T15:37:49.436+0000] {dagbag.py:538} INFO - Filling up the DagBag from /home/airflow/.local/lib/python3.7/site-packages/airflow/example_dags/example_external_task_marker_dag.py
[2022-12-25T15:37:49.451+0000] {processor.py:753} INFO - DAG(s) dict_keys(['example_external_task_marker_child', 'example_external_task_marker_parent']) retrieved from /home/airflow/.local/lib/python3.7/site-packages/airflow/example_dags/example_external_task_marker_dag.py
[2022-12-25T15:37:49.500+0000] {logging_mixin.py:137} INFO - [2022-12-25T15:37:49.500+0000] {dag.py:2676} INFO - Sync 2 DAGs
[2022-12-25T15:37:49.538+0000] {logging_mixin.py:137} INFO - [2022-12-25T15:37:49.538+0000] {dag.py:3427} INFO - Setting next_dagrun for example_external_task_marker_child to None, run_after=None
[2022-12-25T15:37:49.544+0000] {logging_mixin.py:137} INFO - [2022-12-25T15:37:49.544+0000] {dag.py:3427} INFO - Setting next_dagrun for example_external_task_marker_parent to None, run_after=None
[2022-12-25T15:37:49.566+0000] {processor.py:175} INFO - Processing /home/airflow/.local/lib/python3.7/site-packages/airflow/example_dags/example_external_task_marker_dag.py took 0.136 seconds
[2022-12-25T15:38:19.731+0000] {processor.py:153} INFO - Started process (PID=3140) to work on /home/airflow/.local/lib/python3.7/site-packages/airflow/example_dags/example_external_task_marker_dag.py
[2022-12-25T15:38:19.732+0000] {processor.py:743} INFO - Processing file /home/airflow/.local/lib/python3.7/site-packages/airflow/example_dags/example_external_task_marker_dag.py for tasks to queue
[2022-12-25T15:38:19.733+0000] {logging_mixin.py:137} INFO - [2022-12-25T15:38:19.733+0000] {dagbag.py:538} INFO - Filling up the DagBag from /home/airflow/.local/lib/python3.7/site-packages/airflow/example_dags/example_external_task_marker_dag.py
[2022-12-25T15:38:19.746+0000] {processor.py:753} INFO - DAG(s) dict_keys(['example_external_task_marker_child', 'example_external_task_marker_parent']) retrieved from /home/airflow/.local/lib/python3.7/site-packages/airflow/example_dags/example_external_task_marker_dag.py
[2022-12-25T15:38:19.789+0000] {logging_mixin.py:137} INFO - [2022-12-25T15:38:19.789+0000] {dag.py:2676} INFO - Sync 2 DAGs
[2022-12-25T15:38:19.817+0000] {logging_mixin.py:137} INFO - [2022-12-25T15:38:19.817+0000] {dag.py:3427} INFO - Setting next_dagrun for example_external_task_marker_child to None, run_after=None
[2022-12-25T15:38:19.821+0000] {logging_mixin.py:137} INFO - [2022-12-25T15:38:19.820+0000] {dag.py:3427} INFO - Setting next_dagrun for example_external_task_marker_parent to None, run_after=None
[2022-12-25T15:38:19.839+0000] {processor.py:175} INFO - Processing /home/airflow/.local/lib/python3.7/site-packages/airflow/example_dags/example_external_task_marker_dag.py took 0.110 seconds
[2022-12-25T15:38:50.697+0000] {processor.py:153} INFO - Started process (PID=3375) to work on /home/airflow/.local/lib/python3.7/site-packages/airflow/example_dags/example_external_task_marker_dag.py
[2022-12-25T15:38:50.699+0000] {processor.py:743} INFO - Processing file /home/airflow/.local/lib/python3.7/site-packages/airflow/example_dags/example_external_task_marker_dag.py for tasks to queue
[2022-12-25T15:38:50.699+0000] {logging_mixin.py:137} INFO - [2022-12-25T15:38:50.699+0000] {dagbag.py:538} INFO - Filling up the DagBag from /home/airflow/.local/lib/python3.7/site-packages/airflow/example_dags/example_external_task_marker_dag.py
[2022-12-25T15:38:50.712+0000] {processor.py:753} INFO - DAG(s) dict_keys(['example_external_task_marker_parent', 'example_external_task_marker_child']) retrieved from /home/airflow/.local/lib/python3.7/site-packages/airflow/example_dags/example_external_task_marker_dag.py
[2022-12-25T15:38:50.753+0000] {logging_mixin.py:137} INFO - [2022-12-25T15:38:50.752+0000] {dag.py:2676} INFO - Sync 2 DAGs
[2022-12-25T15:38:50.782+0000] {logging_mixin.py:137} INFO - [2022-12-25T15:38:50.781+0000] {dag.py:3427} INFO - Setting next_dagrun for example_external_task_marker_child to None, run_after=None
[2022-12-25T15:38:50.785+0000] {logging_mixin.py:137} INFO - [2022-12-25T15:38:50.785+0000] {dag.py:3427} INFO - Setting next_dagrun for example_external_task_marker_parent to None, run_after=None
[2022-12-25T15:38:50.804+0000] {processor.py:175} INFO - Processing /home/airflow/.local/lib/python3.7/site-packages/airflow/example_dags/example_external_task_marker_dag.py took 0.110 seconds
[2022-12-25T15:39:21.077+0000] {processor.py:153} INFO - Started process (PID=3625) to work on /home/airflow/.local/lib/python3.7/site-packages/airflow/example_dags/example_external_task_marker_dag.py
[2022-12-25T15:39:21.079+0000] {processor.py:743} INFO - Processing file /home/airflow/.local/lib/python3.7/site-packages/airflow/example_dags/example_external_task_marker_dag.py for tasks to queue
[2022-12-25T15:39:21.080+0000] {logging_mixin.py:137} INFO - [2022-12-25T15:39:21.079+0000] {dagbag.py:538} INFO - Filling up the DagBag from /home/airflow/.local/lib/python3.7/site-packages/airflow/example_dags/example_external_task_marker_dag.py
[2022-12-25T15:39:21.100+0000] {processor.py:753} INFO - DAG(s) dict_keys(['example_external_task_marker_parent', 'example_external_task_marker_child']) retrieved from /home/airflow/.local/lib/python3.7/site-packages/airflow/example_dags/example_external_task_marker_dag.py
[2022-12-25T15:39:21.138+0000] {logging_mixin.py:137} INFO - [2022-12-25T15:39:21.138+0000] {dag.py:2676} INFO - Sync 2 DAGs
[2022-12-25T15:39:21.177+0000] {logging_mixin.py:137} INFO - [2022-12-25T15:39:21.176+0000] {dag.py:3427} INFO - Setting next_dagrun for example_external_task_marker_child to None, run_after=None
[2022-12-25T15:39:21.181+0000] {logging_mixin.py:137} INFO - [2022-12-25T15:39:21.181+0000] {dag.py:3427} INFO - Setting next_dagrun for example_external_task_marker_parent to None, run_after=None
[2022-12-25T15:39:21.200+0000] {processor.py:175} INFO - Processing /home/airflow/.local/lib/python3.7/site-packages/airflow/example_dags/example_external_task_marker_dag.py took 0.128 seconds
[2022-12-25T15:39:51.895+0000] {processor.py:153} INFO - Started process (PID=3855) to work on /home/airflow/.local/lib/python3.7/site-packages/airflow/example_dags/example_external_task_marker_dag.py
[2022-12-25T15:39:51.896+0000] {processor.py:743} INFO - Processing file /home/airflow/.local/lib/python3.7/site-packages/airflow/example_dags/example_external_task_marker_dag.py for tasks to queue
[2022-12-25T15:39:51.897+0000] {logging_mixin.py:137} INFO - [2022-12-25T15:39:51.897+0000] {dagbag.py:538} INFO - Filling up the DagBag from /home/airflow/.local/lib/python3.7/site-packages/airflow/example_dags/example_external_task_marker_dag.py
[2022-12-25T15:39:51.910+0000] {processor.py:753} INFO - DAG(s) dict_keys(['example_external_task_marker_child', 'example_external_task_marker_parent']) retrieved from /home/airflow/.local/lib/python3.7/site-packages/airflow/example_dags/example_external_task_marker_dag.py
[2022-12-25T15:39:51.985+0000] {logging_mixin.py:137} INFO - [2022-12-25T15:39:51.984+0000] {dag.py:2676} INFO - Sync 2 DAGs
[2022-12-25T15:39:52.011+0000] {logging_mixin.py:137} INFO - [2022-12-25T15:39:52.011+0000] {dag.py:3427} INFO - Setting next_dagrun for example_external_task_marker_child to None, run_after=None
[2022-12-25T15:39:52.015+0000] {logging_mixin.py:137} INFO - [2022-12-25T15:39:52.015+0000] {dag.py:3427} INFO - Setting next_dagrun for example_external_task_marker_parent to None, run_after=None
[2022-12-25T15:39:52.035+0000] {processor.py:175} INFO - Processing /home/airflow/.local/lib/python3.7/site-packages/airflow/example_dags/example_external_task_marker_dag.py took 0.142 seconds
[2022-12-25T15:40:22.317+0000] {processor.py:153} INFO - Started process (PID=4095) to work on /home/airflow/.local/lib/python3.7/site-packages/airflow/example_dags/example_external_task_marker_dag.py
[2022-12-25T15:40:22.319+0000] {processor.py:743} INFO - Processing file /home/airflow/.local/lib/python3.7/site-packages/airflow/example_dags/example_external_task_marker_dag.py for tasks to queue
[2022-12-25T15:40:22.319+0000] {logging_mixin.py:137} INFO - [2022-12-25T15:40:22.319+0000] {dagbag.py:538} INFO - Filling up the DagBag from /home/airflow/.local/lib/python3.7/site-packages/airflow/example_dags/example_external_task_marker_dag.py
[2022-12-25T15:40:22.334+0000] {processor.py:753} INFO - DAG(s) dict_keys(['example_external_task_marker_child', 'example_external_task_marker_parent']) retrieved from /home/airflow/.local/lib/python3.7/site-packages/airflow/example_dags/example_external_task_marker_dag.py
[2022-12-25T15:40:22.378+0000] {logging_mixin.py:137} INFO - [2022-12-25T15:40:22.377+0000] {dag.py:2676} INFO - Sync 2 DAGs
[2022-12-25T15:40:22.411+0000] {logging_mixin.py:137} INFO - [2022-12-25T15:40:22.411+0000] {dag.py:3427} INFO - Setting next_dagrun for example_external_task_marker_child to None, run_after=None
[2022-12-25T15:40:22.416+0000] {logging_mixin.py:137} INFO - [2022-12-25T15:40:22.415+0000] {dag.py:3427} INFO - Setting next_dagrun for example_external_task_marker_parent to None, run_after=None
[2022-12-25T15:40:22.443+0000] {processor.py:175} INFO - Processing /home/airflow/.local/lib/python3.7/site-packages/airflow/example_dags/example_external_task_marker_dag.py took 0.130 seconds
[2022-12-25T15:40:52.609+0000] {processor.py:153} INFO - Started process (PID=4336) to work on /home/airflow/.local/lib/python3.7/site-packages/airflow/example_dags/example_external_task_marker_dag.py
[2022-12-25T15:40:52.610+0000] {processor.py:743} INFO - Processing file /home/airflow/.local/lib/python3.7/site-packages/airflow/example_dags/example_external_task_marker_dag.py for tasks to queue
[2022-12-25T15:40:52.610+0000] {logging_mixin.py:137} INFO - [2022-12-25T15:40:52.610+0000] {dagbag.py:538} INFO - Filling up the DagBag from /home/airflow/.local/lib/python3.7/site-packages/airflow/example_dags/example_external_task_marker_dag.py
[2022-12-25T15:40:52.625+0000] {processor.py:753} INFO - DAG(s) dict_keys(['example_external_task_marker_child', 'example_external_task_marker_parent']) retrieved from /home/airflow/.local/lib/python3.7/site-packages/airflow/example_dags/example_external_task_marker_dag.py
[2022-12-25T15:40:52.671+0000] {logging_mixin.py:137} INFO - [2022-12-25T15:40:52.671+0000] {dag.py:2676} INFO - Sync 2 DAGs
[2022-12-25T15:40:52.701+0000] {logging_mixin.py:137} INFO - [2022-12-25T15:40:52.701+0000] {dag.py:3427} INFO - Setting next_dagrun for example_external_task_marker_child to None, run_after=None
[2022-12-25T15:40:52.705+0000] {logging_mixin.py:137} INFO - [2022-12-25T15:40:52.704+0000] {dag.py:3427} INFO - Setting next_dagrun for example_external_task_marker_parent to None, run_after=None
[2022-12-25T15:40:52.723+0000] {processor.py:175} INFO - Processing /home/airflow/.local/lib/python3.7/site-packages/airflow/example_dags/example_external_task_marker_dag.py took 0.118 seconds
[2022-12-25T15:41:23.162+0000] {processor.py:153} INFO - Started process (PID=4566) to work on /home/airflow/.local/lib/python3.7/site-packages/airflow/example_dags/example_external_task_marker_dag.py
[2022-12-25T15:41:23.163+0000] {processor.py:743} INFO - Processing file /home/airflow/.local/lib/python3.7/site-packages/airflow/example_dags/example_external_task_marker_dag.py for tasks to queue
[2022-12-25T15:41:23.164+0000] {logging_mixin.py:137} INFO - [2022-12-25T15:41:23.164+0000] {dagbag.py:538} INFO - Filling up the DagBag from /home/airflow/.local/lib/python3.7/site-packages/airflow/example_dags/example_external_task_marker_dag.py
[2022-12-25T15:41:23.176+0000] {processor.py:753} INFO - DAG(s) dict_keys(['example_external_task_marker_parent', 'example_external_task_marker_child']) retrieved from /home/airflow/.local/lib/python3.7/site-packages/airflow/example_dags/example_external_task_marker_dag.py
[2022-12-25T15:41:23.216+0000] {logging_mixin.py:137} INFO - [2022-12-25T15:41:23.215+0000] {dag.py:2676} INFO - Sync 2 DAGs
[2022-12-25T15:41:23.241+0000] {logging_mixin.py:137} INFO - [2022-12-25T15:41:23.241+0000] {dag.py:3427} INFO - Setting next_dagrun for example_external_task_marker_child to None, run_after=None
[2022-12-25T15:41:23.245+0000] {logging_mixin.py:137} INFO - [2022-12-25T15:41:23.245+0000] {dag.py:3427} INFO - Setting next_dagrun for example_external_task_marker_parent to None, run_after=None
[2022-12-25T15:41:23.265+0000] {processor.py:175} INFO - Processing /home/airflow/.local/lib/python3.7/site-packages/airflow/example_dags/example_external_task_marker_dag.py took 0.107 seconds
[2022-12-25T15:41:53.555+0000] {processor.py:153} INFO - Started process (PID=4816) to work on /home/airflow/.local/lib/python3.7/site-packages/airflow/example_dags/example_external_task_marker_dag.py
[2022-12-25T15:41:53.556+0000] {processor.py:743} INFO - Processing file /home/airflow/.local/lib/python3.7/site-packages/airflow/example_dags/example_external_task_marker_dag.py for tasks to queue
[2022-12-25T15:41:53.557+0000] {logging_mixin.py:137} INFO - [2022-12-25T15:41:53.557+0000] {dagbag.py:538} INFO - Filling up the DagBag from /home/airflow/.local/lib/python3.7/site-packages/airflow/example_dags/example_external_task_marker_dag.py
[2022-12-25T15:41:53.576+0000] {processor.py:753} INFO - DAG(s) dict_keys(['example_external_task_marker_parent', 'example_external_task_marker_child']) retrieved from /home/airflow/.local/lib/python3.7/site-packages/airflow/example_dags/example_external_task_marker_dag.py
[2022-12-25T15:41:53.626+0000] {logging_mixin.py:137} INFO - [2022-12-25T15:41:53.625+0000] {dag.py:2676} INFO - Sync 2 DAGs
[2022-12-25T15:41:53.662+0000] {logging_mixin.py:137} INFO - [2022-12-25T15:41:53.662+0000] {dag.py:3427} INFO - Setting next_dagrun for example_external_task_marker_child to None, run_after=None
[2022-12-25T15:41:53.671+0000] {logging_mixin.py:137} INFO - [2022-12-25T15:41:53.671+0000] {dag.py:3427} INFO - Setting next_dagrun for example_external_task_marker_parent to None, run_after=None
[2022-12-25T15:41:53.722+0000] {processor.py:175} INFO - Processing /home/airflow/.local/lib/python3.7/site-packages/airflow/example_dags/example_external_task_marker_dag.py took 0.170 seconds
[2022-12-25T15:42:24.516+0000] {processor.py:153} INFO - Started process (PID=5048) to work on /home/airflow/.local/lib/python3.7/site-packages/airflow/example_dags/example_external_task_marker_dag.py
[2022-12-25T15:42:24.517+0000] {processor.py:743} INFO - Processing file /home/airflow/.local/lib/python3.7/site-packages/airflow/example_dags/example_external_task_marker_dag.py for tasks to queue
[2022-12-25T15:42:24.518+0000] {logging_mixin.py:137} INFO - [2022-12-25T15:42:24.518+0000] {dagbag.py:538} INFO - Filling up the DagBag from /home/airflow/.local/lib/python3.7/site-packages/airflow/example_dags/example_external_task_marker_dag.py
[2022-12-25T15:42:24.535+0000] {processor.py:753} INFO - DAG(s) dict_keys(['example_external_task_marker_child', 'example_external_task_marker_parent']) retrieved from /home/airflow/.local/lib/python3.7/site-packages/airflow/example_dags/example_external_task_marker_dag.py
[2022-12-25T15:42:24.583+0000] {logging_mixin.py:137} INFO - [2022-12-25T15:42:24.582+0000] {dag.py:2676} INFO - Sync 2 DAGs
[2022-12-25T15:42:24.616+0000] {logging_mixin.py:137} INFO - [2022-12-25T15:42:24.615+0000] {dag.py:3427} INFO - Setting next_dagrun for example_external_task_marker_child to None, run_after=None
[2022-12-25T15:42:24.620+0000] {logging_mixin.py:137} INFO - [2022-12-25T15:42:24.619+0000] {dag.py:3427} INFO - Setting next_dagrun for example_external_task_marker_parent to None, run_after=None
[2022-12-25T15:42:24.640+0000] {processor.py:175} INFO - Processing /home/airflow/.local/lib/python3.7/site-packages/airflow/example_dags/example_external_task_marker_dag.py took 0.128 seconds
[2022-12-25T15:42:55.647+0000] {processor.py:153} INFO - Started process (PID=5279) to work on /home/airflow/.local/lib/python3.7/site-packages/airflow/example_dags/example_external_task_marker_dag.py
[2022-12-25T15:42:55.650+0000] {processor.py:743} INFO - Processing file /home/airflow/.local/lib/python3.7/site-packages/airflow/example_dags/example_external_task_marker_dag.py for tasks to queue
[2022-12-25T15:42:55.651+0000] {logging_mixin.py:137} INFO - [2022-12-25T15:42:55.651+0000] {dagbag.py:538} INFO - Filling up the DagBag from /home/airflow/.local/lib/python3.7/site-packages/airflow/example_dags/example_external_task_marker_dag.py
[2022-12-25T15:42:55.664+0000] {processor.py:753} INFO - DAG(s) dict_keys(['example_external_task_marker_child', 'example_external_task_marker_parent']) retrieved from /home/airflow/.local/lib/python3.7/site-packages/airflow/example_dags/example_external_task_marker_dag.py
[2022-12-25T15:42:55.703+0000] {logging_mixin.py:137} INFO - [2022-12-25T15:42:55.703+0000] {dag.py:2676} INFO - Sync 2 DAGs
[2022-12-25T15:42:55.729+0000] {logging_mixin.py:137} INFO - [2022-12-25T15:42:55.729+0000] {dag.py:3427} INFO - Setting next_dagrun for example_external_task_marker_child to None, run_after=None
[2022-12-25T15:42:55.733+0000] {logging_mixin.py:137} INFO - [2022-12-25T15:42:55.732+0000] {dag.py:3427} INFO - Setting next_dagrun for example_external_task_marker_parent to None, run_after=None
[2022-12-25T15:42:55.751+0000] {processor.py:175} INFO - Processing /home/airflow/.local/lib/python3.7/site-packages/airflow/example_dags/example_external_task_marker_dag.py took 0.108 seconds
[2022-12-25T15:43:26.211+0000] {processor.py:153} INFO - Started process (PID=5529) to work on /home/airflow/.local/lib/python3.7/site-packages/airflow/example_dags/example_external_task_marker_dag.py
[2022-12-25T15:43:26.213+0000] {processor.py:743} INFO - Processing file /home/airflow/.local/lib/python3.7/site-packages/airflow/example_dags/example_external_task_marker_dag.py for tasks to queue
[2022-12-25T15:43:26.213+0000] {logging_mixin.py:137} INFO - [2022-12-25T15:43:26.213+0000] {dagbag.py:538} INFO - Filling up the DagBag from /home/airflow/.local/lib/python3.7/site-packages/airflow/example_dags/example_external_task_marker_dag.py
[2022-12-25T15:43:26.225+0000] {processor.py:753} INFO - DAG(s) dict_keys(['example_external_task_marker_child', 'example_external_task_marker_parent']) retrieved from /home/airflow/.local/lib/python3.7/site-packages/airflow/example_dags/example_external_task_marker_dag.py
[2022-12-25T15:43:26.262+0000] {logging_mixin.py:137} INFO - [2022-12-25T15:43:26.262+0000] {dag.py:2676} INFO - Sync 2 DAGs
[2022-12-25T15:43:26.286+0000] {logging_mixin.py:137} INFO - [2022-12-25T15:43:26.286+0000] {dag.py:3427} INFO - Setting next_dagrun for example_external_task_marker_child to None, run_after=None
[2022-12-25T15:43:26.289+0000] {logging_mixin.py:137} INFO - [2022-12-25T15:43:26.288+0000] {dag.py:3427} INFO - Setting next_dagrun for example_external_task_marker_parent to None, run_after=None
[2022-12-25T15:43:26.305+0000] {processor.py:175} INFO - Processing /home/airflow/.local/lib/python3.7/site-packages/airflow/example_dags/example_external_task_marker_dag.py took 0.097 seconds
[2022-12-25T15:43:56.410+0000] {processor.py:153} INFO - Started process (PID=5760) to work on /home/airflow/.local/lib/python3.7/site-packages/airflow/example_dags/example_external_task_marker_dag.py
[2022-12-25T15:43:56.411+0000] {processor.py:743} INFO - Processing file /home/airflow/.local/lib/python3.7/site-packages/airflow/example_dags/example_external_task_marker_dag.py for tasks to queue
[2022-12-25T15:43:56.412+0000] {logging_mixin.py:137} INFO - [2022-12-25T15:43:56.412+0000] {dagbag.py:538} INFO - Filling up the DagBag from /home/airflow/.local/lib/python3.7/site-packages/airflow/example_dags/example_external_task_marker_dag.py
[2022-12-25T15:43:56.423+0000] {processor.py:753} INFO - DAG(s) dict_keys(['example_external_task_marker_child', 'example_external_task_marker_parent']) retrieved from /home/airflow/.local/lib/python3.7/site-packages/airflow/example_dags/example_external_task_marker_dag.py
[2022-12-25T15:43:56.459+0000] {logging_mixin.py:137} INFO - [2022-12-25T15:43:56.459+0000] {dag.py:2676} INFO - Sync 2 DAGs
[2022-12-25T15:43:56.482+0000] {logging_mixin.py:137} INFO - [2022-12-25T15:43:56.482+0000] {dag.py:3427} INFO - Setting next_dagrun for example_external_task_marker_child to None, run_after=None
[2022-12-25T15:43:56.485+0000] {logging_mixin.py:137} INFO - [2022-12-25T15:43:56.485+0000] {dag.py:3427} INFO - Setting next_dagrun for example_external_task_marker_parent to None, run_after=None
[2022-12-25T15:43:56.502+0000] {processor.py:175} INFO - Processing /home/airflow/.local/lib/python3.7/site-packages/airflow/example_dags/example_external_task_marker_dag.py took 0.095 seconds
[2022-12-25T15:44:27.404+0000] {processor.py:153} INFO - Started process (PID=6010) to work on /home/airflow/.local/lib/python3.7/site-packages/airflow/example_dags/example_external_task_marker_dag.py
[2022-12-25T15:44:27.405+0000] {processor.py:743} INFO - Processing file /home/airflow/.local/lib/python3.7/site-packages/airflow/example_dags/example_external_task_marker_dag.py for tasks to queue
[2022-12-25T15:44:27.406+0000] {logging_mixin.py:137} INFO - [2022-12-25T15:44:27.406+0000] {dagbag.py:538} INFO - Filling up the DagBag from /home/airflow/.local/lib/python3.7/site-packages/airflow/example_dags/example_external_task_marker_dag.py
[2022-12-25T15:44:27.418+0000] {processor.py:753} INFO - DAG(s) dict_keys(['example_external_task_marker_parent', 'example_external_task_marker_child']) retrieved from /home/airflow/.local/lib/python3.7/site-packages/airflow/example_dags/example_external_task_marker_dag.py
[2022-12-25T15:44:27.456+0000] {logging_mixin.py:137} INFO - [2022-12-25T15:44:27.456+0000] {dag.py:2676} INFO - Sync 2 DAGs
[2022-12-25T15:44:27.486+0000] {logging_mixin.py:137} INFO - [2022-12-25T15:44:27.486+0000] {dag.py:3427} INFO - Setting next_dagrun for example_external_task_marker_child to None, run_after=None
[2022-12-25T15:44:27.489+0000] {logging_mixin.py:137} INFO - [2022-12-25T15:44:27.489+0000] {dag.py:3427} INFO - Setting next_dagrun for example_external_task_marker_parent to None, run_after=None
[2022-12-25T15:44:27.505+0000] {processor.py:175} INFO - Processing /home/airflow/.local/lib/python3.7/site-packages/airflow/example_dags/example_external_task_marker_dag.py took 0.104 seconds
[2022-12-25T15:44:58.203+0000] {processor.py:153} INFO - Started process (PID=6240) to work on /home/airflow/.local/lib/python3.7/site-packages/airflow/example_dags/example_external_task_marker_dag.py
[2022-12-25T15:44:58.204+0000] {processor.py:743} INFO - Processing file /home/airflow/.local/lib/python3.7/site-packages/airflow/example_dags/example_external_task_marker_dag.py for tasks to queue
[2022-12-25T15:44:58.205+0000] {logging_mixin.py:137} INFO - [2022-12-25T15:44:58.205+0000] {dagbag.py:538} INFO - Filling up the DagBag from /home/airflow/.local/lib/python3.7/site-packages/airflow/example_dags/example_external_task_marker_dag.py
[2022-12-25T15:44:58.218+0000] {processor.py:753} INFO - DAG(s) dict_keys(['example_external_task_marker_parent', 'example_external_task_marker_child']) retrieved from /home/airflow/.local/lib/python3.7/site-packages/airflow/example_dags/example_external_task_marker_dag.py
[2022-12-25T15:44:58.258+0000] {logging_mixin.py:137} INFO - [2022-12-25T15:44:58.258+0000] {dag.py:2676} INFO - Sync 2 DAGs
[2022-12-25T15:44:58.287+0000] {logging_mixin.py:137} INFO - [2022-12-25T15:44:58.286+0000] {dag.py:3427} INFO - Setting next_dagrun for example_external_task_marker_child to None, run_after=None
[2022-12-25T15:44:58.292+0000] {logging_mixin.py:137} INFO - [2022-12-25T15:44:58.292+0000] {dag.py:3427} INFO - Setting next_dagrun for example_external_task_marker_parent to None, run_after=None
[2022-12-25T15:44:58.310+0000] {processor.py:175} INFO - Processing /home/airflow/.local/lib/python3.7/site-packages/airflow/example_dags/example_external_task_marker_dag.py took 0.109 seconds
[2022-12-25T15:45:28.414+0000] {processor.py:153} INFO - Started process (PID=6468) to work on /home/airflow/.local/lib/python3.7/site-packages/airflow/example_dags/example_external_task_marker_dag.py
[2022-12-25T15:45:28.415+0000] {processor.py:743} INFO - Processing file /home/airflow/.local/lib/python3.7/site-packages/airflow/example_dags/example_external_task_marker_dag.py for tasks to queue
[2022-12-25T15:45:28.416+0000] {logging_mixin.py:137} INFO - [2022-12-25T15:45:28.416+0000] {dagbag.py:538} INFO - Filling up the DagBag from /home/airflow/.local/lib/python3.7/site-packages/airflow/example_dags/example_external_task_marker_dag.py
[2022-12-25T15:45:28.430+0000] {processor.py:753} INFO - DAG(s) dict_keys(['example_external_task_marker_parent', 'example_external_task_marker_child']) retrieved from /home/airflow/.local/lib/python3.7/site-packages/airflow/example_dags/example_external_task_marker_dag.py
[2022-12-25T15:45:28.472+0000] {logging_mixin.py:137} INFO - [2022-12-25T15:45:28.472+0000] {dag.py:2676} INFO - Sync 2 DAGs
[2022-12-25T15:45:28.509+0000] {logging_mixin.py:137} INFO - [2022-12-25T15:45:28.509+0000] {dag.py:3427} INFO - Setting next_dagrun for example_external_task_marker_child to None, run_after=None
[2022-12-25T15:45:28.513+0000] {logging_mixin.py:137} INFO - [2022-12-25T15:45:28.513+0000] {dag.py:3427} INFO - Setting next_dagrun for example_external_task_marker_parent to None, run_after=None
[2022-12-25T15:45:28.532+0000] {processor.py:175} INFO - Processing /home/airflow/.local/lib/python3.7/site-packages/airflow/example_dags/example_external_task_marker_dag.py took 0.121 seconds
[2022-12-25T15:45:58.847+0000] {processor.py:153} INFO - Started process (PID=6718) to work on /home/airflow/.local/lib/python3.7/site-packages/airflow/example_dags/example_external_task_marker_dag.py
[2022-12-25T15:45:58.848+0000] {processor.py:743} INFO - Processing file /home/airflow/.local/lib/python3.7/site-packages/airflow/example_dags/example_external_task_marker_dag.py for tasks to queue
[2022-12-25T15:45:58.849+0000] {logging_mixin.py:137} INFO - [2022-12-25T15:45:58.849+0000] {dagbag.py:538} INFO - Filling up the DagBag from /home/airflow/.local/lib/python3.7/site-packages/airflow/example_dags/example_external_task_marker_dag.py
[2022-12-25T15:45:58.863+0000] {processor.py:753} INFO - DAG(s) dict_keys(['example_external_task_marker_parent', 'example_external_task_marker_child']) retrieved from /home/airflow/.local/lib/python3.7/site-packages/airflow/example_dags/example_external_task_marker_dag.py
[2022-12-25T15:45:58.907+0000] {logging_mixin.py:137} INFO - [2022-12-25T15:45:58.906+0000] {dag.py:2676} INFO - Sync 2 DAGs
[2022-12-25T15:45:58.933+0000] {logging_mixin.py:137} INFO - [2022-12-25T15:45:58.933+0000] {dag.py:3427} INFO - Setting next_dagrun for example_external_task_marker_child to None, run_after=None
[2022-12-25T15:45:58.936+0000] {logging_mixin.py:137} INFO - [2022-12-25T15:45:58.936+0000] {dag.py:3427} INFO - Setting next_dagrun for example_external_task_marker_parent to None, run_after=None
[2022-12-25T15:45:58.953+0000] {processor.py:175} INFO - Processing /home/airflow/.local/lib/python3.7/site-packages/airflow/example_dags/example_external_task_marker_dag.py took 0.109 seconds
[2022-12-25T15:46:29.046+0000] {processor.py:153} INFO - Started process (PID=6948) to work on /home/airflow/.local/lib/python3.7/site-packages/airflow/example_dags/example_external_task_marker_dag.py
[2022-12-25T15:46:29.047+0000] {processor.py:743} INFO - Processing file /home/airflow/.local/lib/python3.7/site-packages/airflow/example_dags/example_external_task_marker_dag.py for tasks to queue
[2022-12-25T15:46:29.048+0000] {logging_mixin.py:137} INFO - [2022-12-25T15:46:29.048+0000] {dagbag.py:538} INFO - Filling up the DagBag from /home/airflow/.local/lib/python3.7/site-packages/airflow/example_dags/example_external_task_marker_dag.py
[2022-12-25T15:46:29.061+0000] {processor.py:753} INFO - DAG(s) dict_keys(['example_external_task_marker_child', 'example_external_task_marker_parent']) retrieved from /home/airflow/.local/lib/python3.7/site-packages/airflow/example_dags/example_external_task_marker_dag.py
[2022-12-25T15:46:29.108+0000] {logging_mixin.py:137} INFO - [2022-12-25T15:46:29.108+0000] {dag.py:2676} INFO - Sync 2 DAGs
[2022-12-25T15:46:29.135+0000] {logging_mixin.py:137} INFO - [2022-12-25T15:46:29.135+0000] {dag.py:3427} INFO - Setting next_dagrun for example_external_task_marker_child to None, run_after=None
[2022-12-25T15:46:29.139+0000] {logging_mixin.py:137} INFO - [2022-12-25T15:46:29.139+0000] {dag.py:3427} INFO - Setting next_dagrun for example_external_task_marker_parent to None, run_after=None
[2022-12-25T15:46:29.160+0000] {processor.py:175} INFO - Processing /home/airflow/.local/lib/python3.7/site-packages/airflow/example_dags/example_external_task_marker_dag.py took 0.117 seconds
[2022-12-25T15:46:59.709+0000] {processor.py:153} INFO - Started process (PID=7198) to work on /home/airflow/.local/lib/python3.7/site-packages/airflow/example_dags/example_external_task_marker_dag.py
[2022-12-25T15:46:59.710+0000] {processor.py:743} INFO - Processing file /home/airflow/.local/lib/python3.7/site-packages/airflow/example_dags/example_external_task_marker_dag.py for tasks to queue
[2022-12-25T15:46:59.711+0000] {logging_mixin.py:137} INFO - [2022-12-25T15:46:59.711+0000] {dagbag.py:538} INFO - Filling up the DagBag from /home/airflow/.local/lib/python3.7/site-packages/airflow/example_dags/example_external_task_marker_dag.py
[2022-12-25T15:46:59.727+0000] {processor.py:753} INFO - DAG(s) dict_keys(['example_external_task_marker_parent', 'example_external_task_marker_child']) retrieved from /home/airflow/.local/lib/python3.7/site-packages/airflow/example_dags/example_external_task_marker_dag.py
[2022-12-25T15:46:59.783+0000] {logging_mixin.py:137} INFO - [2022-12-25T15:46:59.783+0000] {dag.py:2676} INFO - Sync 2 DAGs
[2022-12-25T15:46:59.818+0000] {logging_mixin.py:137} INFO - [2022-12-25T15:46:59.818+0000] {dag.py:3427} INFO - Setting next_dagrun for example_external_task_marker_child to None, run_after=None
[2022-12-25T15:46:59.822+0000] {logging_mixin.py:137} INFO - [2022-12-25T15:46:59.822+0000] {dag.py:3427} INFO - Setting next_dagrun for example_external_task_marker_parent to None, run_after=None
[2022-12-25T15:46:59.841+0000] {processor.py:175} INFO - Processing /home/airflow/.local/lib/python3.7/site-packages/airflow/example_dags/example_external_task_marker_dag.py took 0.135 seconds
[2022-12-25T15:47:30.427+0000] {processor.py:153} INFO - Started process (PID=7429) to work on /home/airflow/.local/lib/python3.7/site-packages/airflow/example_dags/example_external_task_marker_dag.py
[2022-12-25T15:47:30.429+0000] {processor.py:743} INFO - Processing file /home/airflow/.local/lib/python3.7/site-packages/airflow/example_dags/example_external_task_marker_dag.py for tasks to queue
[2022-12-25T15:47:30.430+0000] {logging_mixin.py:137} INFO - [2022-12-25T15:47:30.430+0000] {dagbag.py:538} INFO - Filling up the DagBag from /home/airflow/.local/lib/python3.7/site-packages/airflow/example_dags/example_external_task_marker_dag.py
[2022-12-25T15:47:30.447+0000] {processor.py:753} INFO - DAG(s) dict_keys(['example_external_task_marker_parent', 'example_external_task_marker_child']) retrieved from /home/airflow/.local/lib/python3.7/site-packages/airflow/example_dags/example_external_task_marker_dag.py
[2022-12-25T15:47:30.496+0000] {logging_mixin.py:137} INFO - [2022-12-25T15:47:30.496+0000] {dag.py:2676} INFO - Sync 2 DAGs
[2022-12-25T15:47:30.531+0000] {logging_mixin.py:137} INFO - [2022-12-25T15:47:30.531+0000] {dag.py:3427} INFO - Setting next_dagrun for example_external_task_marker_child to None, run_after=None
[2022-12-25T15:47:30.539+0000] {logging_mixin.py:137} INFO - [2022-12-25T15:47:30.539+0000] {dag.py:3427} INFO - Setting next_dagrun for example_external_task_marker_parent to None, run_after=None
[2022-12-25T15:47:30.565+0000] {processor.py:175} INFO - Processing /home/airflow/.local/lib/python3.7/site-packages/airflow/example_dags/example_external_task_marker_dag.py took 0.144 seconds
[2022-12-25T15:48:01.083+0000] {processor.py:153} INFO - Started process (PID=7659) to work on /home/airflow/.local/lib/python3.7/site-packages/airflow/example_dags/example_external_task_marker_dag.py
[2022-12-25T15:48:01.084+0000] {processor.py:743} INFO - Processing file /home/airflow/.local/lib/python3.7/site-packages/airflow/example_dags/example_external_task_marker_dag.py for tasks to queue
[2022-12-25T15:48:01.085+0000] {logging_mixin.py:137} INFO - [2022-12-25T15:48:01.085+0000] {dagbag.py:538} INFO - Filling up the DagBag from /home/airflow/.local/lib/python3.7/site-packages/airflow/example_dags/example_external_task_marker_dag.py
[2022-12-25T15:48:01.099+0000] {processor.py:753} INFO - DAG(s) dict_keys(['example_external_task_marker_child', 'example_external_task_marker_parent']) retrieved from /home/airflow/.local/lib/python3.7/site-packages/airflow/example_dags/example_external_task_marker_dag.py
[2022-12-25T15:48:01.142+0000] {logging_mixin.py:137} INFO - [2022-12-25T15:48:01.142+0000] {dag.py:2676} INFO - Sync 2 DAGs
[2022-12-25T15:48:01.171+0000] {logging_mixin.py:137} INFO - [2022-12-25T15:48:01.171+0000] {dag.py:3427} INFO - Setting next_dagrun for example_external_task_marker_child to None, run_after=None
[2022-12-25T15:48:01.174+0000] {logging_mixin.py:137} INFO - [2022-12-25T15:48:01.174+0000] {dag.py:3427} INFO - Setting next_dagrun for example_external_task_marker_parent to None, run_after=None
[2022-12-25T15:48:01.195+0000] {processor.py:175} INFO - Processing /home/airflow/.local/lib/python3.7/site-packages/airflow/example_dags/example_external_task_marker_dag.py took 0.115 seconds
[2022-12-25T15:48:31.667+0000] {processor.py:153} INFO - Started process (PID=7909) to work on /home/airflow/.local/lib/python3.7/site-packages/airflow/example_dags/example_external_task_marker_dag.py
[2022-12-25T15:48:31.670+0000] {processor.py:743} INFO - Processing file /home/airflow/.local/lib/python3.7/site-packages/airflow/example_dags/example_external_task_marker_dag.py for tasks to queue
[2022-12-25T15:48:31.671+0000] {logging_mixin.py:137} INFO - [2022-12-25T15:48:31.671+0000] {dagbag.py:538} INFO - Filling up the DagBag from /home/airflow/.local/lib/python3.7/site-packages/airflow/example_dags/example_external_task_marker_dag.py
[2022-12-25T15:48:31.693+0000] {processor.py:753} INFO - DAG(s) dict_keys(['example_external_task_marker_child', 'example_external_task_marker_parent']) retrieved from /home/airflow/.local/lib/python3.7/site-packages/airflow/example_dags/example_external_task_marker_dag.py
[2022-12-25T15:48:31.744+0000] {logging_mixin.py:137} INFO - [2022-12-25T15:48:31.744+0000] {dag.py:2676} INFO - Sync 2 DAGs
[2022-12-25T15:48:31.783+0000] {logging_mixin.py:137} INFO - [2022-12-25T15:48:31.783+0000] {dag.py:3427} INFO - Setting next_dagrun for example_external_task_marker_child to None, run_after=None
[2022-12-25T15:48:31.789+0000] {logging_mixin.py:137} INFO - [2022-12-25T15:48:31.789+0000] {dag.py:3427} INFO - Setting next_dagrun for example_external_task_marker_parent to None, run_after=None
[2022-12-25T15:48:31.812+0000] {processor.py:175} INFO - Processing /home/airflow/.local/lib/python3.7/site-packages/airflow/example_dags/example_external_task_marker_dag.py took 0.149 seconds
[2022-12-25T15:49:02.040+0000] {processor.py:153} INFO - Started process (PID=8139) to work on /home/airflow/.local/lib/python3.7/site-packages/airflow/example_dags/example_external_task_marker_dag.py
[2022-12-25T15:49:02.041+0000] {processor.py:743} INFO - Processing file /home/airflow/.local/lib/python3.7/site-packages/airflow/example_dags/example_external_task_marker_dag.py for tasks to queue
[2022-12-25T15:49:02.042+0000] {logging_mixin.py:137} INFO - [2022-12-25T15:49:02.042+0000] {dagbag.py:538} INFO - Filling up the DagBag from /home/airflow/.local/lib/python3.7/site-packages/airflow/example_dags/example_external_task_marker_dag.py
[2022-12-25T15:49:02.055+0000] {processor.py:753} INFO - DAG(s) dict_keys(['example_external_task_marker_child', 'example_external_task_marker_parent']) retrieved from /home/airflow/.local/lib/python3.7/site-packages/airflow/example_dags/example_external_task_marker_dag.py
[2022-12-25T15:49:02.096+0000] {logging_mixin.py:137} INFO - [2022-12-25T15:49:02.096+0000] {dag.py:2676} INFO - Sync 2 DAGs
[2022-12-25T15:49:02.128+0000] {logging_mixin.py:137} INFO - [2022-12-25T15:49:02.127+0000] {dag.py:3427} INFO - Setting next_dagrun for example_external_task_marker_child to None, run_after=None
[2022-12-25T15:49:02.131+0000] {logging_mixin.py:137} INFO - [2022-12-25T15:49:02.131+0000] {dag.py:3427} INFO - Setting next_dagrun for example_external_task_marker_parent to None, run_after=None
[2022-12-25T15:49:02.155+0000] {processor.py:175} INFO - Processing /home/airflow/.local/lib/python3.7/site-packages/airflow/example_dags/example_external_task_marker_dag.py took 0.118 seconds
[2022-12-25T15:49:32.991+0000] {processor.py:153} INFO - Started process (PID=8369) to work on /home/airflow/.local/lib/python3.7/site-packages/airflow/example_dags/example_external_task_marker_dag.py
[2022-12-25T15:49:32.992+0000] {processor.py:743} INFO - Processing file /home/airflow/.local/lib/python3.7/site-packages/airflow/example_dags/example_external_task_marker_dag.py for tasks to queue
[2022-12-25T15:49:32.993+0000] {logging_mixin.py:137} INFO - [2022-12-25T15:49:32.993+0000] {dagbag.py:538} INFO - Filling up the DagBag from /home/airflow/.local/lib/python3.7/site-packages/airflow/example_dags/example_external_task_marker_dag.py
[2022-12-25T15:49:33.006+0000] {processor.py:753} INFO - DAG(s) dict_keys(['example_external_task_marker_parent', 'example_external_task_marker_child']) retrieved from /home/airflow/.local/lib/python3.7/site-packages/airflow/example_dags/example_external_task_marker_dag.py
[2022-12-25T15:49:33.044+0000] {logging_mixin.py:137} INFO - [2022-12-25T15:49:33.044+0000] {dag.py:2676} INFO - Sync 2 DAGs
[2022-12-25T15:49:33.069+0000] {logging_mixin.py:137} INFO - [2022-12-25T15:49:33.069+0000] {dag.py:3427} INFO - Setting next_dagrun for example_external_task_marker_child to None, run_after=None
[2022-12-25T15:49:33.072+0000] {logging_mixin.py:137} INFO - [2022-12-25T15:49:33.072+0000] {dag.py:3427} INFO - Setting next_dagrun for example_external_task_marker_parent to None, run_after=None
[2022-12-25T15:49:33.089+0000] {processor.py:175} INFO - Processing /home/airflow/.local/lib/python3.7/site-packages/airflow/example_dags/example_external_task_marker_dag.py took 0.102 seconds
[2022-12-25T15:50:03.527+0000] {processor.py:153} INFO - Started process (PID=8619) to work on /home/airflow/.local/lib/python3.7/site-packages/airflow/example_dags/example_external_task_marker_dag.py
[2022-12-25T15:50:03.529+0000] {processor.py:743} INFO - Processing file /home/airflow/.local/lib/python3.7/site-packages/airflow/example_dags/example_external_task_marker_dag.py for tasks to queue
[2022-12-25T15:50:03.529+0000] {logging_mixin.py:137} INFO - [2022-12-25T15:50:03.529+0000] {dagbag.py:538} INFO - Filling up the DagBag from /home/airflow/.local/lib/python3.7/site-packages/airflow/example_dags/example_external_task_marker_dag.py
[2022-12-25T15:50:03.543+0000] {processor.py:753} INFO - DAG(s) dict_keys(['example_external_task_marker_parent', 'example_external_task_marker_child']) retrieved from /home/airflow/.local/lib/python3.7/site-packages/airflow/example_dags/example_external_task_marker_dag.py
[2022-12-25T15:50:03.583+0000] {logging_mixin.py:137} INFO - [2022-12-25T15:50:03.583+0000] {dag.py:2676} INFO - Sync 2 DAGs
[2022-12-25T15:50:03.610+0000] {logging_mixin.py:137} INFO - [2022-12-25T15:50:03.610+0000] {dag.py:3427} INFO - Setting next_dagrun for example_external_task_marker_child to None, run_after=None
[2022-12-25T15:50:03.614+0000] {logging_mixin.py:137} INFO - [2022-12-25T15:50:03.614+0000] {dag.py:3427} INFO - Setting next_dagrun for example_external_task_marker_parent to None, run_after=None
[2022-12-25T15:50:03.633+0000] {processor.py:175} INFO - Processing /home/airflow/.local/lib/python3.7/site-packages/airflow/example_dags/example_external_task_marker_dag.py took 0.109 seconds
[2022-12-25T15:50:34.553+0000] {processor.py:153} INFO - Started process (PID=8849) to work on /home/airflow/.local/lib/python3.7/site-packages/airflow/example_dags/example_external_task_marker_dag.py
[2022-12-25T15:50:34.554+0000] {processor.py:743} INFO - Processing file /home/airflow/.local/lib/python3.7/site-packages/airflow/example_dags/example_external_task_marker_dag.py for tasks to queue
[2022-12-25T15:50:34.554+0000] {logging_mixin.py:137} INFO - [2022-12-25T15:50:34.554+0000] {dagbag.py:538} INFO - Filling up the DagBag from /home/airflow/.local/lib/python3.7/site-packages/airflow/example_dags/example_external_task_marker_dag.py
[2022-12-25T15:50:34.570+0000] {processor.py:753} INFO - DAG(s) dict_keys(['example_external_task_marker_parent', 'example_external_task_marker_child']) retrieved from /home/airflow/.local/lib/python3.7/site-packages/airflow/example_dags/example_external_task_marker_dag.py
[2022-12-25T15:50:34.614+0000] {logging_mixin.py:137} INFO - [2022-12-25T15:50:34.613+0000] {dag.py:2676} INFO - Sync 2 DAGs
[2022-12-25T15:50:34.645+0000] {logging_mixin.py:137} INFO - [2022-12-25T15:50:34.645+0000] {dag.py:3427} INFO - Setting next_dagrun for example_external_task_marker_child to None, run_after=None
[2022-12-25T15:50:34.649+0000] {logging_mixin.py:137} INFO - [2022-12-25T15:50:34.648+0000] {dag.py:3427} INFO - Setting next_dagrun for example_external_task_marker_parent to None, run_after=None
[2022-12-25T15:50:34.669+0000] {processor.py:175} INFO - Processing /home/airflow/.local/lib/python3.7/site-packages/airflow/example_dags/example_external_task_marker_dag.py took 0.119 seconds
[2022-12-25T15:51:04.991+0000] {processor.py:153} INFO - Started process (PID=9099) to work on /home/airflow/.local/lib/python3.7/site-packages/airflow/example_dags/example_external_task_marker_dag.py
[2022-12-25T15:51:04.992+0000] {processor.py:743} INFO - Processing file /home/airflow/.local/lib/python3.7/site-packages/airflow/example_dags/example_external_task_marker_dag.py for tasks to queue
[2022-12-25T15:51:04.993+0000] {logging_mixin.py:137} INFO - [2022-12-25T15:51:04.993+0000] {dagbag.py:538} INFO - Filling up the DagBag from /home/airflow/.local/lib/python3.7/site-packages/airflow/example_dags/example_external_task_marker_dag.py
[2022-12-25T15:51:05.007+0000] {processor.py:753} INFO - DAG(s) dict_keys(['example_external_task_marker_parent', 'example_external_task_marker_child']) retrieved from /home/airflow/.local/lib/python3.7/site-packages/airflow/example_dags/example_external_task_marker_dag.py
[2022-12-25T15:51:05.047+0000] {logging_mixin.py:137} INFO - [2022-12-25T15:51:05.047+0000] {dag.py:2676} INFO - Sync 2 DAGs
[2022-12-25T15:51:05.073+0000] {logging_mixin.py:137} INFO - [2022-12-25T15:51:05.073+0000] {dag.py:3427} INFO - Setting next_dagrun for example_external_task_marker_child to None, run_after=None
[2022-12-25T15:51:05.076+0000] {logging_mixin.py:137} INFO - [2022-12-25T15:51:05.076+0000] {dag.py:3427} INFO - Setting next_dagrun for example_external_task_marker_parent to None, run_after=None
[2022-12-25T15:51:05.095+0000] {processor.py:175} INFO - Processing /home/airflow/.local/lib/python3.7/site-packages/airflow/example_dags/example_external_task_marker_dag.py took 0.107 seconds
[2022-12-25T15:51:35.262+0000] {processor.py:153} INFO - Started process (PID=9329) to work on /home/airflow/.local/lib/python3.7/site-packages/airflow/example_dags/example_external_task_marker_dag.py
[2022-12-25T15:51:35.263+0000] {processor.py:743} INFO - Processing file /home/airflow/.local/lib/python3.7/site-packages/airflow/example_dags/example_external_task_marker_dag.py for tasks to queue
[2022-12-25T15:51:35.264+0000] {logging_mixin.py:137} INFO - [2022-12-25T15:51:35.264+0000] {dagbag.py:538} INFO - Filling up the DagBag from /home/airflow/.local/lib/python3.7/site-packages/airflow/example_dags/example_external_task_marker_dag.py
[2022-12-25T15:51:35.278+0000] {processor.py:753} INFO - DAG(s) dict_keys(['example_external_task_marker_child', 'example_external_task_marker_parent']) retrieved from /home/airflow/.local/lib/python3.7/site-packages/airflow/example_dags/example_external_task_marker_dag.py
[2022-12-25T15:51:35.322+0000] {logging_mixin.py:137} INFO - [2022-12-25T15:51:35.322+0000] {dag.py:2676} INFO - Sync 2 DAGs
[2022-12-25T15:51:35.351+0000] {logging_mixin.py:137} INFO - [2022-12-25T15:51:35.351+0000] {dag.py:3427} INFO - Setting next_dagrun for example_external_task_marker_child to None, run_after=None
[2022-12-25T15:51:35.355+0000] {logging_mixin.py:137} INFO - [2022-12-25T15:51:35.355+0000] {dag.py:3427} INFO - Setting next_dagrun for example_external_task_marker_parent to None, run_after=None
[2022-12-25T15:51:35.376+0000] {processor.py:175} INFO - Processing /home/airflow/.local/lib/python3.7/site-packages/airflow/example_dags/example_external_task_marker_dag.py took 0.117 seconds
[2022-12-25T15:52:05.665+0000] {processor.py:153} INFO - Started process (PID=9559) to work on /home/airflow/.local/lib/python3.7/site-packages/airflow/example_dags/example_external_task_marker_dag.py
[2022-12-25T15:52:05.667+0000] {processor.py:743} INFO - Processing file /home/airflow/.local/lib/python3.7/site-packages/airflow/example_dags/example_external_task_marker_dag.py for tasks to queue
[2022-12-25T15:52:05.668+0000] {logging_mixin.py:137} INFO - [2022-12-25T15:52:05.667+0000] {dagbag.py:538} INFO - Filling up the DagBag from /home/airflow/.local/lib/python3.7/site-packages/airflow/example_dags/example_external_task_marker_dag.py
[2022-12-25T15:52:05.686+0000] {processor.py:753} INFO - DAG(s) dict_keys(['example_external_task_marker_child', 'example_external_task_marker_parent']) retrieved from /home/airflow/.local/lib/python3.7/site-packages/airflow/example_dags/example_external_task_marker_dag.py
[2022-12-25T15:52:05.746+0000] {logging_mixin.py:137} INFO - [2022-12-25T15:52:05.746+0000] {dag.py:2676} INFO - Sync 2 DAGs
[2022-12-25T15:52:05.775+0000] {logging_mixin.py:137} INFO - [2022-12-25T15:52:05.775+0000] {dag.py:3427} INFO - Setting next_dagrun for example_external_task_marker_child to None, run_after=None
[2022-12-25T15:52:05.780+0000] {logging_mixin.py:137} INFO - [2022-12-25T15:52:05.780+0000] {dag.py:3427} INFO - Setting next_dagrun for example_external_task_marker_parent to None, run_after=None
[2022-12-25T15:52:05.806+0000] {processor.py:175} INFO - Processing /home/airflow/.local/lib/python3.7/site-packages/airflow/example_dags/example_external_task_marker_dag.py took 0.145 seconds
[2022-12-25T15:52:36.749+0000] {processor.py:153} INFO - Started process (PID=9809) to work on /home/airflow/.local/lib/python3.7/site-packages/airflow/example_dags/example_external_task_marker_dag.py
[2022-12-25T15:52:36.752+0000] {processor.py:743} INFO - Processing file /home/airflow/.local/lib/python3.7/site-packages/airflow/example_dags/example_external_task_marker_dag.py for tasks to queue
[2022-12-25T15:52:36.754+0000] {logging_mixin.py:137} INFO - [2022-12-25T15:52:36.753+0000] {dagbag.py:538} INFO - Filling up the DagBag from /home/airflow/.local/lib/python3.7/site-packages/airflow/example_dags/example_external_task_marker_dag.py
[2022-12-25T15:52:36.779+0000] {processor.py:753} INFO - DAG(s) dict_keys(['example_external_task_marker_parent', 'example_external_task_marker_child']) retrieved from /home/airflow/.local/lib/python3.7/site-packages/airflow/example_dags/example_external_task_marker_dag.py
[2022-12-25T15:52:36.845+0000] {logging_mixin.py:137} INFO - [2022-12-25T15:52:36.845+0000] {dag.py:2676} INFO - Sync 2 DAGs
[2022-12-25T15:52:36.881+0000] {logging_mixin.py:137} INFO - [2022-12-25T15:52:36.881+0000] {dag.py:3427} INFO - Setting next_dagrun for example_external_task_marker_child to None, run_after=None
[2022-12-25T15:52:36.886+0000] {logging_mixin.py:137} INFO - [2022-12-25T15:52:36.886+0000] {dag.py:3427} INFO - Setting next_dagrun for example_external_task_marker_parent to None, run_after=None
[2022-12-25T15:52:36.908+0000] {processor.py:175} INFO - Processing /home/airflow/.local/lib/python3.7/site-packages/airflow/example_dags/example_external_task_marker_dag.py took 0.165 seconds
[2022-12-25T15:53:07.599+0000] {processor.py:153} INFO - Started process (PID=10039) to work on /home/airflow/.local/lib/python3.7/site-packages/airflow/example_dags/example_external_task_marker_dag.py
[2022-12-25T15:53:07.600+0000] {processor.py:743} INFO - Processing file /home/airflow/.local/lib/python3.7/site-packages/airflow/example_dags/example_external_task_marker_dag.py for tasks to queue
[2022-12-25T15:53:07.601+0000] {logging_mixin.py:137} INFO - [2022-12-25T15:53:07.600+0000] {dagbag.py:538} INFO - Filling up the DagBag from /home/airflow/.local/lib/python3.7/site-packages/airflow/example_dags/example_external_task_marker_dag.py
[2022-12-25T15:53:07.614+0000] {processor.py:753} INFO - DAG(s) dict_keys(['example_external_task_marker_child', 'example_external_task_marker_parent']) retrieved from /home/airflow/.local/lib/python3.7/site-packages/airflow/example_dags/example_external_task_marker_dag.py
[2022-12-25T15:53:07.654+0000] {logging_mixin.py:137} INFO - [2022-12-25T15:53:07.654+0000] {dag.py:2676} INFO - Sync 2 DAGs
[2022-12-25T15:53:07.679+0000] {logging_mixin.py:137} INFO - [2022-12-25T15:53:07.679+0000] {dag.py:3427} INFO - Setting next_dagrun for example_external_task_marker_child to None, run_after=None
[2022-12-25T15:53:07.682+0000] {logging_mixin.py:137} INFO - [2022-12-25T15:53:07.682+0000] {dag.py:3427} INFO - Setting next_dagrun for example_external_task_marker_parent to None, run_after=None
[2022-12-25T15:53:07.700+0000] {processor.py:175} INFO - Processing /home/airflow/.local/lib/python3.7/site-packages/airflow/example_dags/example_external_task_marker_dag.py took 0.104 seconds
