[2022-12-25T15:32:13.540+0000] {processor.py:153} INFO - Started process (PID=363) to work on /home/airflow/.local/lib/python3.7/site-packages/airflow/example_dags/example_task_group_decorator.py
[2022-12-25T15:32:13.541+0000] {processor.py:743} INFO - Processing file /home/airflow/.local/lib/python3.7/site-packages/airflow/example_dags/example_task_group_decorator.py for tasks to queue
[2022-12-25T15:32:13.542+0000] {logging_mixin.py:137} INFO - [2022-12-25T15:32:13.542+0000] {dagbag.py:538} INFO - Filling up the DagBag from /home/airflow/.local/lib/python3.7/site-packages/airflow/example_dags/example_task_group_decorator.py
[2022-12-25T15:32:13.588+0000] {processor.py:753} INFO - DAG(s) dict_keys(['example_task_group_decorator']) retrieved from /home/airflow/.local/lib/python3.7/site-packages/airflow/example_dags/example_task_group_decorator.py
[2022-12-25T15:32:13.651+0000] {logging_mixin.py:137} INFO - [2022-12-25T15:32:13.651+0000] {dag.py:2676} INFO - Sync 1 DAGs
[2022-12-25T15:32:13.698+0000] {logging_mixin.py:137} INFO - [2022-12-25T15:32:13.698+0000] {dag.py:3427} INFO - Setting next_dagrun for example_task_group_decorator to 2022-12-24T15:32:13.698095+00:00, run_after=2022-12-25T15:32:13.698095+00:00
[2022-12-25T15:32:13.725+0000] {processor.py:175} INFO - Processing /home/airflow/.local/lib/python3.7/site-packages/airflow/example_dags/example_task_group_decorator.py took 0.189 seconds
[2022-12-25T15:32:43.878+0000] {processor.py:153} INFO - Started process (PID=595) to work on /home/airflow/.local/lib/python3.7/site-packages/airflow/example_dags/example_task_group_decorator.py
[2022-12-25T15:32:43.880+0000] {processor.py:743} INFO - Processing file /home/airflow/.local/lib/python3.7/site-packages/airflow/example_dags/example_task_group_decorator.py for tasks to queue
[2022-12-25T15:32:43.880+0000] {logging_mixin.py:137} INFO - [2022-12-25T15:32:43.880+0000] {dagbag.py:538} INFO - Filling up the DagBag from /home/airflow/.local/lib/python3.7/site-packages/airflow/example_dags/example_task_group_decorator.py
[2022-12-25T15:32:43.908+0000] {processor.py:753} INFO - DAG(s) dict_keys(['example_task_group_decorator']) retrieved from /home/airflow/.local/lib/python3.7/site-packages/airflow/example_dags/example_task_group_decorator.py
[2022-12-25T15:32:43.947+0000] {logging_mixin.py:137} INFO - [2022-12-25T15:32:43.947+0000] {dag.py:2676} INFO - Sync 1 DAGs
[2022-12-25T15:32:43.972+0000] {logging_mixin.py:137} INFO - [2022-12-25T15:32:43.972+0000] {dag.py:3427} INFO - Setting next_dagrun for example_task_group_decorator to 2022-12-24T15:32:43.971776+00:00, run_after=2022-12-25T15:32:43.971776+00:00
[2022-12-25T15:32:43.992+0000] {processor.py:175} INFO - Processing /home/airflow/.local/lib/python3.7/site-packages/airflow/example_dags/example_task_group_decorator.py took 0.117 seconds
[2022-12-25T15:33:16.617+0000] {processor.py:153} INFO - Started process (PID=844) to work on /home/airflow/.local/lib/python3.7/site-packages/airflow/example_dags/example_task_group_decorator.py
[2022-12-25T15:33:16.619+0000] {processor.py:743} INFO - Processing file /home/airflow/.local/lib/python3.7/site-packages/airflow/example_dags/example_task_group_decorator.py for tasks to queue
[2022-12-25T15:33:16.620+0000] {logging_mixin.py:137} INFO - [2022-12-25T15:33:16.620+0000] {dagbag.py:538} INFO - Filling up the DagBag from /home/airflow/.local/lib/python3.7/site-packages/airflow/example_dags/example_task_group_decorator.py
[2022-12-25T15:33:16.701+0000] {processor.py:753} INFO - DAG(s) dict_keys(['example_task_group_decorator']) retrieved from /home/airflow/.local/lib/python3.7/site-packages/airflow/example_dags/example_task_group_decorator.py
[2022-12-25T15:33:16.831+0000] {logging_mixin.py:137} INFO - [2022-12-25T15:33:16.829+0000] {dag.py:2676} INFO - Sync 1 DAGs
[2022-12-25T15:33:16.901+0000] {logging_mixin.py:137} INFO - [2022-12-25T15:33:16.901+0000] {dag.py:3427} INFO - Setting next_dagrun for example_task_group_decorator to 2022-12-24T15:33:16.900855+00:00, run_after=2022-12-25T15:33:16.900855+00:00
[2022-12-25T15:33:16.955+0000] {processor.py:175} INFO - Processing /home/airflow/.local/lib/python3.7/site-packages/airflow/example_dags/example_task_group_decorator.py took 0.341 seconds
[2022-12-25T15:33:47.252+0000] {processor.py:153} INFO - Started process (PID=1076) to work on /home/airflow/.local/lib/python3.7/site-packages/airflow/example_dags/example_task_group_decorator.py
[2022-12-25T15:33:47.253+0000] {processor.py:743} INFO - Processing file /home/airflow/.local/lib/python3.7/site-packages/airflow/example_dags/example_task_group_decorator.py for tasks to queue
[2022-12-25T15:33:47.254+0000] {logging_mixin.py:137} INFO - [2022-12-25T15:33:47.254+0000] {dagbag.py:538} INFO - Filling up the DagBag from /home/airflow/.local/lib/python3.7/site-packages/airflow/example_dags/example_task_group_decorator.py
[2022-12-25T15:33:47.291+0000] {processor.py:753} INFO - DAG(s) dict_keys(['example_task_group_decorator']) retrieved from /home/airflow/.local/lib/python3.7/site-packages/airflow/example_dags/example_task_group_decorator.py
[2022-12-25T15:33:47.408+0000] {logging_mixin.py:137} INFO - [2022-12-25T15:33:47.408+0000] {dag.py:2676} INFO - Sync 1 DAGs
[2022-12-25T15:33:47.440+0000] {logging_mixin.py:137} INFO - [2022-12-25T15:33:47.440+0000] {dag.py:3427} INFO - Setting next_dagrun for example_task_group_decorator to 2022-12-24T15:33:47.440033+00:00, run_after=2022-12-25T15:33:47.440033+00:00
[2022-12-25T15:33:47.471+0000] {processor.py:175} INFO - Processing /home/airflow/.local/lib/python3.7/site-packages/airflow/example_dags/example_task_group_decorator.py took 0.223 seconds
[2022-12-25T15:34:18.363+0000] {processor.py:153} INFO - Started process (PID=1307) to work on /home/airflow/.local/lib/python3.7/site-packages/airflow/example_dags/example_task_group_decorator.py
[2022-12-25T15:34:18.365+0000] {processor.py:743} INFO - Processing file /home/airflow/.local/lib/python3.7/site-packages/airflow/example_dags/example_task_group_decorator.py for tasks to queue
[2022-12-25T15:34:18.365+0000] {logging_mixin.py:137} INFO - [2022-12-25T15:34:18.365+0000] {dagbag.py:538} INFO - Filling up the DagBag from /home/airflow/.local/lib/python3.7/site-packages/airflow/example_dags/example_task_group_decorator.py
[2022-12-25T15:34:18.415+0000] {processor.py:753} INFO - DAG(s) dict_keys(['example_task_group_decorator']) retrieved from /home/airflow/.local/lib/python3.7/site-packages/airflow/example_dags/example_task_group_decorator.py
[2022-12-25T15:34:18.473+0000] {logging_mixin.py:137} INFO - [2022-12-25T15:34:18.473+0000] {dag.py:2676} INFO - Sync 1 DAGs
[2022-12-25T15:34:18.507+0000] {logging_mixin.py:137} INFO - [2022-12-25T15:34:18.507+0000] {dag.py:3427} INFO - Setting next_dagrun for example_task_group_decorator to 2022-12-24T15:34:18.506823+00:00, run_after=2022-12-25T15:34:18.506823+00:00
[2022-12-25T15:34:18.534+0000] {processor.py:175} INFO - Processing /home/airflow/.local/lib/python3.7/site-packages/airflow/example_dags/example_task_group_decorator.py took 0.174 seconds
[2022-12-25T15:34:49.628+0000] {processor.py:153} INFO - Started process (PID=1557) to work on /home/airflow/.local/lib/python3.7/site-packages/airflow/example_dags/example_task_group_decorator.py
[2022-12-25T15:34:49.629+0000] {processor.py:743} INFO - Processing file /home/airflow/.local/lib/python3.7/site-packages/airflow/example_dags/example_task_group_decorator.py for tasks to queue
[2022-12-25T15:34:49.630+0000] {logging_mixin.py:137} INFO - [2022-12-25T15:34:49.630+0000] {dagbag.py:538} INFO - Filling up the DagBag from /home/airflow/.local/lib/python3.7/site-packages/airflow/example_dags/example_task_group_decorator.py
[2022-12-25T15:34:49.681+0000] {processor.py:753} INFO - DAG(s) dict_keys(['example_task_group_decorator']) retrieved from /home/airflow/.local/lib/python3.7/site-packages/airflow/example_dags/example_task_group_decorator.py
[2022-12-25T15:34:49.843+0000] {logging_mixin.py:137} INFO - [2022-12-25T15:34:49.843+0000] {dag.py:2676} INFO - Sync 1 DAGs
[2022-12-25T15:34:49.899+0000] {logging_mixin.py:137} INFO - [2022-12-25T15:34:49.899+0000] {dag.py:3427} INFO - Setting next_dagrun for example_task_group_decorator to 2022-12-24T15:34:49.899106+00:00, run_after=2022-12-25T15:34:49.899106+00:00
[2022-12-25T15:34:49.926+0000] {processor.py:175} INFO - Processing /home/airflow/.local/lib/python3.7/site-packages/airflow/example_dags/example_task_group_decorator.py took 0.304 seconds
[2022-12-25T15:35:20.695+0000] {processor.py:153} INFO - Started process (PID=1787) to work on /home/airflow/.local/lib/python3.7/site-packages/airflow/example_dags/example_task_group_decorator.py
[2022-12-25T15:35:20.697+0000] {processor.py:743} INFO - Processing file /home/airflow/.local/lib/python3.7/site-packages/airflow/example_dags/example_task_group_decorator.py for tasks to queue
[2022-12-25T15:35:20.699+0000] {logging_mixin.py:137} INFO - [2022-12-25T15:35:20.699+0000] {dagbag.py:538} INFO - Filling up the DagBag from /home/airflow/.local/lib/python3.7/site-packages/airflow/example_dags/example_task_group_decorator.py
[2022-12-25T15:35:20.743+0000] {processor.py:753} INFO - DAG(s) dict_keys(['example_task_group_decorator']) retrieved from /home/airflow/.local/lib/python3.7/site-packages/airflow/example_dags/example_task_group_decorator.py
[2022-12-25T15:35:20.794+0000] {logging_mixin.py:137} INFO - [2022-12-25T15:35:20.794+0000] {dag.py:2676} INFO - Sync 1 DAGs
[2022-12-25T15:35:20.824+0000] {logging_mixin.py:137} INFO - [2022-12-25T15:35:20.824+0000] {dag.py:3427} INFO - Setting next_dagrun for example_task_group_decorator to 2022-12-24T15:35:20.824109+00:00, run_after=2022-12-25T15:35:20.824109+00:00
[2022-12-25T15:35:20.853+0000] {processor.py:175} INFO - Processing /home/airflow/.local/lib/python3.7/site-packages/airflow/example_dags/example_task_group_decorator.py took 0.162 seconds
[2022-12-25T15:35:50.891+0000] {processor.py:153} INFO - Started process (PID=2017) to work on /home/airflow/.local/lib/python3.7/site-packages/airflow/example_dags/example_task_group_decorator.py
[2022-12-25T15:35:50.892+0000] {processor.py:743} INFO - Processing file /home/airflow/.local/lib/python3.7/site-packages/airflow/example_dags/example_task_group_decorator.py for tasks to queue
[2022-12-25T15:35:50.892+0000] {logging_mixin.py:137} INFO - [2022-12-25T15:35:50.892+0000] {dagbag.py:538} INFO - Filling up the DagBag from /home/airflow/.local/lib/python3.7/site-packages/airflow/example_dags/example_task_group_decorator.py
[2022-12-25T15:35:50.927+0000] {processor.py:753} INFO - DAG(s) dict_keys(['example_task_group_decorator']) retrieved from /home/airflow/.local/lib/python3.7/site-packages/airflow/example_dags/example_task_group_decorator.py
[2022-12-25T15:35:50.977+0000] {logging_mixin.py:137} INFO - [2022-12-25T15:35:50.977+0000] {dag.py:2676} INFO - Sync 1 DAGs
[2022-12-25T15:35:51.009+0000] {logging_mixin.py:137} INFO - [2022-12-25T15:35:51.009+0000] {dag.py:3427} INFO - Setting next_dagrun for example_task_group_decorator to 2022-12-24T15:35:51.008778+00:00, run_after=2022-12-25T15:35:51.008778+00:00
[2022-12-25T15:35:51.030+0000] {processor.py:175} INFO - Processing /home/airflow/.local/lib/python3.7/site-packages/airflow/example_dags/example_task_group_decorator.py took 0.144 seconds
[2022-12-25T15:36:22.164+0000] {processor.py:153} INFO - Started process (PID=2267) to work on /home/airflow/.local/lib/python3.7/site-packages/airflow/example_dags/example_task_group_decorator.py
[2022-12-25T15:36:22.166+0000] {processor.py:743} INFO - Processing file /home/airflow/.local/lib/python3.7/site-packages/airflow/example_dags/example_task_group_decorator.py for tasks to queue
[2022-12-25T15:36:22.166+0000] {logging_mixin.py:137} INFO - [2022-12-25T15:36:22.166+0000] {dagbag.py:538} INFO - Filling up the DagBag from /home/airflow/.local/lib/python3.7/site-packages/airflow/example_dags/example_task_group_decorator.py
[2022-12-25T15:36:22.203+0000] {processor.py:753} INFO - DAG(s) dict_keys(['example_task_group_decorator']) retrieved from /home/airflow/.local/lib/python3.7/site-packages/airflow/example_dags/example_task_group_decorator.py
[2022-12-25T15:36:22.255+0000] {logging_mixin.py:137} INFO - [2022-12-25T15:36:22.255+0000] {dag.py:2676} INFO - Sync 1 DAGs
[2022-12-25T15:36:22.298+0000] {logging_mixin.py:137} INFO - [2022-12-25T15:36:22.298+0000] {dag.py:3427} INFO - Setting next_dagrun for example_task_group_decorator to 2022-12-24T15:36:22.298057+00:00, run_after=2022-12-25T15:36:22.298057+00:00
[2022-12-25T15:36:22.323+0000] {processor.py:175} INFO - Processing /home/airflow/.local/lib/python3.7/site-packages/airflow/example_dags/example_task_group_decorator.py took 0.162 seconds
[2022-12-25T15:36:52.987+0000] {processor.py:153} INFO - Started process (PID=2497) to work on /home/airflow/.local/lib/python3.7/site-packages/airflow/example_dags/example_task_group_decorator.py
[2022-12-25T15:36:52.988+0000] {processor.py:743} INFO - Processing file /home/airflow/.local/lib/python3.7/site-packages/airflow/example_dags/example_task_group_decorator.py for tasks to queue
[2022-12-25T15:36:52.989+0000] {logging_mixin.py:137} INFO - [2022-12-25T15:36:52.989+0000] {dagbag.py:538} INFO - Filling up the DagBag from /home/airflow/.local/lib/python3.7/site-packages/airflow/example_dags/example_task_group_decorator.py
[2022-12-25T15:36:53.019+0000] {processor.py:753} INFO - DAG(s) dict_keys(['example_task_group_decorator']) retrieved from /home/airflow/.local/lib/python3.7/site-packages/airflow/example_dags/example_task_group_decorator.py
[2022-12-25T15:36:53.059+0000] {logging_mixin.py:137} INFO - [2022-12-25T15:36:53.059+0000] {dag.py:2676} INFO - Sync 1 DAGs
[2022-12-25T15:36:53.084+0000] {logging_mixin.py:137} INFO - [2022-12-25T15:36:53.084+0000] {dag.py:3427} INFO - Setting next_dagrun for example_task_group_decorator to 2022-12-24T15:36:53.084423+00:00, run_after=2022-12-25T15:36:53.084423+00:00
[2022-12-25T15:36:53.102+0000] {processor.py:175} INFO - Processing /home/airflow/.local/lib/python3.7/site-packages/airflow/example_dags/example_task_group_decorator.py took 0.118 seconds
[2022-12-25T15:37:23.148+0000] {processor.py:153} INFO - Started process (PID=2727) to work on /home/airflow/.local/lib/python3.7/site-packages/airflow/example_dags/example_task_group_decorator.py
[2022-12-25T15:37:23.149+0000] {processor.py:743} INFO - Processing file /home/airflow/.local/lib/python3.7/site-packages/airflow/example_dags/example_task_group_decorator.py for tasks to queue
[2022-12-25T15:37:23.150+0000] {logging_mixin.py:137} INFO - [2022-12-25T15:37:23.150+0000] {dagbag.py:538} INFO - Filling up the DagBag from /home/airflow/.local/lib/python3.7/site-packages/airflow/example_dags/example_task_group_decorator.py
[2022-12-25T15:37:23.177+0000] {processor.py:753} INFO - DAG(s) dict_keys(['example_task_group_decorator']) retrieved from /home/airflow/.local/lib/python3.7/site-packages/airflow/example_dags/example_task_group_decorator.py
[2022-12-25T15:37:23.214+0000] {logging_mixin.py:137} INFO - [2022-12-25T15:37:23.214+0000] {dag.py:2676} INFO - Sync 1 DAGs
[2022-12-25T15:37:23.239+0000] {logging_mixin.py:137} INFO - [2022-12-25T15:37:23.238+0000] {dag.py:3427} INFO - Setting next_dagrun for example_task_group_decorator to 2022-12-24T15:37:23.238660+00:00, run_after=2022-12-25T15:37:23.238660+00:00
[2022-12-25T15:37:23.259+0000] {processor.py:175} INFO - Processing /home/airflow/.local/lib/python3.7/site-packages/airflow/example_dags/example_task_group_decorator.py took 0.114 seconds
[2022-12-25T15:37:53.981+0000] {processor.py:153} INFO - Started process (PID=2977) to work on /home/airflow/.local/lib/python3.7/site-packages/airflow/example_dags/example_task_group_decorator.py
[2022-12-25T15:37:53.982+0000] {processor.py:743} INFO - Processing file /home/airflow/.local/lib/python3.7/site-packages/airflow/example_dags/example_task_group_decorator.py for tasks to queue
[2022-12-25T15:37:53.983+0000] {logging_mixin.py:137} INFO - [2022-12-25T15:37:53.982+0000] {dagbag.py:538} INFO - Filling up the DagBag from /home/airflow/.local/lib/python3.7/site-packages/airflow/example_dags/example_task_group_decorator.py
[2022-12-25T15:37:54.020+0000] {processor.py:753} INFO - DAG(s) dict_keys(['example_task_group_decorator']) retrieved from /home/airflow/.local/lib/python3.7/site-packages/airflow/example_dags/example_task_group_decorator.py
[2022-12-25T15:37:54.062+0000] {logging_mixin.py:137} INFO - [2022-12-25T15:37:54.062+0000] {dag.py:2676} INFO - Sync 1 DAGs
[2022-12-25T15:37:54.093+0000] {logging_mixin.py:137} INFO - [2022-12-25T15:37:54.093+0000] {dag.py:3427} INFO - Setting next_dagrun for example_task_group_decorator to 2022-12-24T15:37:54.093609+00:00, run_after=2022-12-25T15:37:54.093609+00:00
[2022-12-25T15:37:54.117+0000] {processor.py:175} INFO - Processing /home/airflow/.local/lib/python3.7/site-packages/airflow/example_dags/example_task_group_decorator.py took 0.140 seconds
[2022-12-25T15:38:24.646+0000] {processor.py:153} INFO - Started process (PID=3207) to work on /home/airflow/.local/lib/python3.7/site-packages/airflow/example_dags/example_task_group_decorator.py
[2022-12-25T15:38:24.648+0000] {processor.py:743} INFO - Processing file /home/airflow/.local/lib/python3.7/site-packages/airflow/example_dags/example_task_group_decorator.py for tasks to queue
[2022-12-25T15:38:24.648+0000] {logging_mixin.py:137} INFO - [2022-12-25T15:38:24.648+0000] {dagbag.py:538} INFO - Filling up the DagBag from /home/airflow/.local/lib/python3.7/site-packages/airflow/example_dags/example_task_group_decorator.py
[2022-12-25T15:38:24.676+0000] {processor.py:753} INFO - DAG(s) dict_keys(['example_task_group_decorator']) retrieved from /home/airflow/.local/lib/python3.7/site-packages/airflow/example_dags/example_task_group_decorator.py
[2022-12-25T15:38:24.718+0000] {logging_mixin.py:137} INFO - [2022-12-25T15:38:24.718+0000] {dag.py:2676} INFO - Sync 1 DAGs
[2022-12-25T15:38:24.743+0000] {logging_mixin.py:137} INFO - [2022-12-25T15:38:24.742+0000] {dag.py:3427} INFO - Setting next_dagrun for example_task_group_decorator to 2022-12-24T15:38:24.742659+00:00, run_after=2022-12-25T15:38:24.742659+00:00
[2022-12-25T15:38:24.763+0000] {processor.py:175} INFO - Processing /home/airflow/.local/lib/python3.7/site-packages/airflow/example_dags/example_task_group_decorator.py took 0.120 seconds
[2022-12-25T15:38:55.036+0000] {processor.py:153} INFO - Started process (PID=3457) to work on /home/airflow/.local/lib/python3.7/site-packages/airflow/example_dags/example_task_group_decorator.py
[2022-12-25T15:38:55.038+0000] {processor.py:743} INFO - Processing file /home/airflow/.local/lib/python3.7/site-packages/airflow/example_dags/example_task_group_decorator.py for tasks to queue
[2022-12-25T15:38:55.039+0000] {logging_mixin.py:137} INFO - [2022-12-25T15:38:55.038+0000] {dagbag.py:538} INFO - Filling up the DagBag from /home/airflow/.local/lib/python3.7/site-packages/airflow/example_dags/example_task_group_decorator.py
[2022-12-25T15:38:55.070+0000] {processor.py:753} INFO - DAG(s) dict_keys(['example_task_group_decorator']) retrieved from /home/airflow/.local/lib/python3.7/site-packages/airflow/example_dags/example_task_group_decorator.py
[2022-12-25T15:38:55.118+0000] {logging_mixin.py:137} INFO - [2022-12-25T15:38:55.118+0000] {dag.py:2676} INFO - Sync 1 DAGs
[2022-12-25T15:38:55.170+0000] {logging_mixin.py:137} INFO - [2022-12-25T15:38:55.169+0000] {dag.py:3427} INFO - Setting next_dagrun for example_task_group_decorator to 2022-12-24T15:38:55.167461+00:00, run_after=2022-12-25T15:38:55.167461+00:00
[2022-12-25T15:38:55.207+0000] {processor.py:175} INFO - Processing /home/airflow/.local/lib/python3.7/site-packages/airflow/example_dags/example_task_group_decorator.py took 0.176 seconds
[2022-12-25T15:39:26.077+0000] {processor.py:153} INFO - Started process (PID=3687) to work on /home/airflow/.local/lib/python3.7/site-packages/airflow/example_dags/example_task_group_decorator.py
[2022-12-25T15:39:26.079+0000] {processor.py:743} INFO - Processing file /home/airflow/.local/lib/python3.7/site-packages/airflow/example_dags/example_task_group_decorator.py for tasks to queue
[2022-12-25T15:39:26.080+0000] {logging_mixin.py:137} INFO - [2022-12-25T15:39:26.080+0000] {dagbag.py:538} INFO - Filling up the DagBag from /home/airflow/.local/lib/python3.7/site-packages/airflow/example_dags/example_task_group_decorator.py
[2022-12-25T15:39:26.114+0000] {processor.py:753} INFO - DAG(s) dict_keys(['example_task_group_decorator']) retrieved from /home/airflow/.local/lib/python3.7/site-packages/airflow/example_dags/example_task_group_decorator.py
[2022-12-25T15:39:26.150+0000] {logging_mixin.py:137} INFO - [2022-12-25T15:39:26.150+0000] {dag.py:2676} INFO - Sync 1 DAGs
[2022-12-25T15:39:26.188+0000] {logging_mixin.py:137} INFO - [2022-12-25T15:39:26.188+0000] {dag.py:3427} INFO - Setting next_dagrun for example_task_group_decorator to 2022-12-24T15:39:26.188221+00:00, run_after=2022-12-25T15:39:26.188221+00:00
[2022-12-25T15:39:26.214+0000] {processor.py:175} INFO - Processing /home/airflow/.local/lib/python3.7/site-packages/airflow/example_dags/example_task_group_decorator.py took 0.142 seconds
[2022-12-25T15:39:57.036+0000] {processor.py:153} INFO - Started process (PID=3938) to work on /home/airflow/.local/lib/python3.7/site-packages/airflow/example_dags/example_task_group_decorator.py
[2022-12-25T15:39:57.044+0000] {processor.py:743} INFO - Processing file /home/airflow/.local/lib/python3.7/site-packages/airflow/example_dags/example_task_group_decorator.py for tasks to queue
[2022-12-25T15:39:57.045+0000] {logging_mixin.py:137} INFO - [2022-12-25T15:39:57.045+0000] {dagbag.py:538} INFO - Filling up the DagBag from /home/airflow/.local/lib/python3.7/site-packages/airflow/example_dags/example_task_group_decorator.py
[2022-12-25T15:39:57.114+0000] {processor.py:753} INFO - DAG(s) dict_keys(['example_task_group_decorator']) retrieved from /home/airflow/.local/lib/python3.7/site-packages/airflow/example_dags/example_task_group_decorator.py
[2022-12-25T15:39:57.167+0000] {logging_mixin.py:137} INFO - [2022-12-25T15:39:57.167+0000] {dag.py:2676} INFO - Sync 1 DAGs
[2022-12-25T15:39:57.203+0000] {logging_mixin.py:137} INFO - [2022-12-25T15:39:57.203+0000] {dag.py:3427} INFO - Setting next_dagrun for example_task_group_decorator to 2022-12-24T15:39:57.203359+00:00, run_after=2022-12-25T15:39:57.203359+00:00
[2022-12-25T15:39:57.234+0000] {processor.py:175} INFO - Processing /home/airflow/.local/lib/python3.7/site-packages/airflow/example_dags/example_task_group_decorator.py took 0.206 seconds
[2022-12-25T15:40:27.286+0000] {processor.py:153} INFO - Started process (PID=4168) to work on /home/airflow/.local/lib/python3.7/site-packages/airflow/example_dags/example_task_group_decorator.py
[2022-12-25T15:40:27.287+0000] {processor.py:743} INFO - Processing file /home/airflow/.local/lib/python3.7/site-packages/airflow/example_dags/example_task_group_decorator.py for tasks to queue
[2022-12-25T15:40:27.288+0000] {logging_mixin.py:137} INFO - [2022-12-25T15:40:27.287+0000] {dagbag.py:538} INFO - Filling up the DagBag from /home/airflow/.local/lib/python3.7/site-packages/airflow/example_dags/example_task_group_decorator.py
[2022-12-25T15:40:27.315+0000] {processor.py:753} INFO - DAG(s) dict_keys(['example_task_group_decorator']) retrieved from /home/airflow/.local/lib/python3.7/site-packages/airflow/example_dags/example_task_group_decorator.py
[2022-12-25T15:40:27.358+0000] {logging_mixin.py:137} INFO - [2022-12-25T15:40:27.358+0000] {dag.py:2676} INFO - Sync 1 DAGs
[2022-12-25T15:40:27.386+0000] {logging_mixin.py:137} INFO - [2022-12-25T15:40:27.386+0000] {dag.py:3427} INFO - Setting next_dagrun for example_task_group_decorator to 2022-12-24T15:40:27.386234+00:00, run_after=2022-12-25T15:40:27.386234+00:00
[2022-12-25T15:40:27.407+0000] {processor.py:175} INFO - Processing /home/airflow/.local/lib/python3.7/site-packages/airflow/example_dags/example_task_group_decorator.py took 0.125 seconds
[2022-12-25T15:40:57.500+0000] {processor.py:153} INFO - Started process (PID=4398) to work on /home/airflow/.local/lib/python3.7/site-packages/airflow/example_dags/example_task_group_decorator.py
[2022-12-25T15:40:57.503+0000] {processor.py:743} INFO - Processing file /home/airflow/.local/lib/python3.7/site-packages/airflow/example_dags/example_task_group_decorator.py for tasks to queue
[2022-12-25T15:40:57.507+0000] {logging_mixin.py:137} INFO - [2022-12-25T15:40:57.505+0000] {dagbag.py:538} INFO - Filling up the DagBag from /home/airflow/.local/lib/python3.7/site-packages/airflow/example_dags/example_task_group_decorator.py
[2022-12-25T15:40:57.555+0000] {processor.py:753} INFO - DAG(s) dict_keys(['example_task_group_decorator']) retrieved from /home/airflow/.local/lib/python3.7/site-packages/airflow/example_dags/example_task_group_decorator.py
[2022-12-25T15:40:57.619+0000] {logging_mixin.py:137} INFO - [2022-12-25T15:40:57.619+0000] {dag.py:2676} INFO - Sync 1 DAGs
[2022-12-25T15:40:57.666+0000] {logging_mixin.py:137} INFO - [2022-12-25T15:40:57.666+0000] {dag.py:3427} INFO - Setting next_dagrun for example_task_group_decorator to 2022-12-24T15:40:57.665866+00:00, run_after=2022-12-25T15:40:57.665866+00:00
[2022-12-25T15:40:57.715+0000] {processor.py:175} INFO - Processing /home/airflow/.local/lib/python3.7/site-packages/airflow/example_dags/example_task_group_decorator.py took 0.221 seconds
[2022-12-25T15:41:28.030+0000] {processor.py:153} INFO - Started process (PID=4648) to work on /home/airflow/.local/lib/python3.7/site-packages/airflow/example_dags/example_task_group_decorator.py
[2022-12-25T15:41:28.032+0000] {processor.py:743} INFO - Processing file /home/airflow/.local/lib/python3.7/site-packages/airflow/example_dags/example_task_group_decorator.py for tasks to queue
[2022-12-25T15:41:28.032+0000] {logging_mixin.py:137} INFO - [2022-12-25T15:41:28.032+0000] {dagbag.py:538} INFO - Filling up the DagBag from /home/airflow/.local/lib/python3.7/site-packages/airflow/example_dags/example_task_group_decorator.py
[2022-12-25T15:41:28.059+0000] {processor.py:753} INFO - DAG(s) dict_keys(['example_task_group_decorator']) retrieved from /home/airflow/.local/lib/python3.7/site-packages/airflow/example_dags/example_task_group_decorator.py
[2022-12-25T15:41:28.098+0000] {logging_mixin.py:137} INFO - [2022-12-25T15:41:28.097+0000] {dag.py:2676} INFO - Sync 1 DAGs
[2022-12-25T15:41:28.121+0000] {logging_mixin.py:137} INFO - [2022-12-25T15:41:28.121+0000] {dag.py:3427} INFO - Setting next_dagrun for example_task_group_decorator to 2022-12-24T15:41:28.121497+00:00, run_after=2022-12-25T15:41:28.121497+00:00
[2022-12-25T15:41:28.142+0000] {processor.py:175} INFO - Processing /home/airflow/.local/lib/python3.7/site-packages/airflow/example_dags/example_task_group_decorator.py took 0.115 seconds
[2022-12-25T15:41:58.287+0000] {processor.py:153} INFO - Started process (PID=4878) to work on /home/airflow/.local/lib/python3.7/site-packages/airflow/example_dags/example_task_group_decorator.py
[2022-12-25T15:41:58.289+0000] {processor.py:743} INFO - Processing file /home/airflow/.local/lib/python3.7/site-packages/airflow/example_dags/example_task_group_decorator.py for tasks to queue
[2022-12-25T15:41:58.290+0000] {logging_mixin.py:137} INFO - [2022-12-25T15:41:58.290+0000] {dagbag.py:538} INFO - Filling up the DagBag from /home/airflow/.local/lib/python3.7/site-packages/airflow/example_dags/example_task_group_decorator.py
[2022-12-25T15:41:58.316+0000] {processor.py:753} INFO - DAG(s) dict_keys(['example_task_group_decorator']) retrieved from /home/airflow/.local/lib/python3.7/site-packages/airflow/example_dags/example_task_group_decorator.py
[2022-12-25T15:41:58.353+0000] {logging_mixin.py:137} INFO - [2022-12-25T15:41:58.353+0000] {dag.py:2676} INFO - Sync 1 DAGs
[2022-12-25T15:41:58.383+0000] {logging_mixin.py:137} INFO - [2022-12-25T15:41:58.383+0000] {dag.py:3427} INFO - Setting next_dagrun for example_task_group_decorator to 2022-12-24T15:41:58.382944+00:00, run_after=2022-12-25T15:41:58.382944+00:00
[2022-12-25T15:41:58.401+0000] {processor.py:175} INFO - Processing /home/airflow/.local/lib/python3.7/site-packages/airflow/example_dags/example_task_group_decorator.py took 0.118 seconds
[2022-12-25T15:42:28.506+0000] {processor.py:153} INFO - Started process (PID=5108) to work on /home/airflow/.local/lib/python3.7/site-packages/airflow/example_dags/example_task_group_decorator.py
[2022-12-25T15:42:28.508+0000] {processor.py:743} INFO - Processing file /home/airflow/.local/lib/python3.7/site-packages/airflow/example_dags/example_task_group_decorator.py for tasks to queue
[2022-12-25T15:42:28.509+0000] {logging_mixin.py:137} INFO - [2022-12-25T15:42:28.509+0000] {dagbag.py:538} INFO - Filling up the DagBag from /home/airflow/.local/lib/python3.7/site-packages/airflow/example_dags/example_task_group_decorator.py
[2022-12-25T15:42:28.536+0000] {processor.py:753} INFO - DAG(s) dict_keys(['example_task_group_decorator']) retrieved from /home/airflow/.local/lib/python3.7/site-packages/airflow/example_dags/example_task_group_decorator.py
[2022-12-25T15:42:28.574+0000] {logging_mixin.py:137} INFO - [2022-12-25T15:42:28.574+0000] {dag.py:2676} INFO - Sync 1 DAGs
[2022-12-25T15:42:28.598+0000] {logging_mixin.py:137} INFO - [2022-12-25T15:42:28.598+0000] {dag.py:3427} INFO - Setting next_dagrun for example_task_group_decorator to 2022-12-24T15:42:28.598489+00:00, run_after=2022-12-25T15:42:28.598489+00:00
[2022-12-25T15:42:28.620+0000] {processor.py:175} INFO - Processing /home/airflow/.local/lib/python3.7/site-packages/airflow/example_dags/example_task_group_decorator.py took 0.119 seconds
[2022-12-25T15:42:59.238+0000] {processor.py:153} INFO - Started process (PID=5359) to work on /home/airflow/.local/lib/python3.7/site-packages/airflow/example_dags/example_task_group_decorator.py
[2022-12-25T15:42:59.240+0000] {processor.py:743} INFO - Processing file /home/airflow/.local/lib/python3.7/site-packages/airflow/example_dags/example_task_group_decorator.py for tasks to queue
[2022-12-25T15:42:59.241+0000] {logging_mixin.py:137} INFO - [2022-12-25T15:42:59.241+0000] {dagbag.py:538} INFO - Filling up the DagBag from /home/airflow/.local/lib/python3.7/site-packages/airflow/example_dags/example_task_group_decorator.py
[2022-12-25T15:42:59.274+0000] {processor.py:753} INFO - DAG(s) dict_keys(['example_task_group_decorator']) retrieved from /home/airflow/.local/lib/python3.7/site-packages/airflow/example_dags/example_task_group_decorator.py
[2022-12-25T15:42:59.328+0000] {logging_mixin.py:137} INFO - [2022-12-25T15:42:59.328+0000] {dag.py:2676} INFO - Sync 1 DAGs
[2022-12-25T15:42:59.358+0000] {logging_mixin.py:137} INFO - [2022-12-25T15:42:59.357+0000] {dag.py:3427} INFO - Setting next_dagrun for example_task_group_decorator to 2022-12-24T15:42:59.357492+00:00, run_after=2022-12-25T15:42:59.357492+00:00
[2022-12-25T15:42:59.387+0000] {processor.py:175} INFO - Processing /home/airflow/.local/lib/python3.7/site-packages/airflow/example_dags/example_task_group_decorator.py took 0.153 seconds
[2022-12-25T15:43:29.478+0000] {processor.py:153} INFO - Started process (PID=5589) to work on /home/airflow/.local/lib/python3.7/site-packages/airflow/example_dags/example_task_group_decorator.py
[2022-12-25T15:43:29.479+0000] {processor.py:743} INFO - Processing file /home/airflow/.local/lib/python3.7/site-packages/airflow/example_dags/example_task_group_decorator.py for tasks to queue
[2022-12-25T15:43:29.480+0000] {logging_mixin.py:137} INFO - [2022-12-25T15:43:29.480+0000] {dagbag.py:538} INFO - Filling up the DagBag from /home/airflow/.local/lib/python3.7/site-packages/airflow/example_dags/example_task_group_decorator.py
[2022-12-25T15:43:29.512+0000] {processor.py:753} INFO - DAG(s) dict_keys(['example_task_group_decorator']) retrieved from /home/airflow/.local/lib/python3.7/site-packages/airflow/example_dags/example_task_group_decorator.py
[2022-12-25T15:43:29.553+0000] {logging_mixin.py:137} INFO - [2022-12-25T15:43:29.553+0000] {dag.py:2676} INFO - Sync 1 DAGs
[2022-12-25T15:43:29.579+0000] {logging_mixin.py:137} INFO - [2022-12-25T15:43:29.579+0000] {dag.py:3427} INFO - Setting next_dagrun for example_task_group_decorator to 2022-12-24T15:43:29.578833+00:00, run_after=2022-12-25T15:43:29.578833+00:00
[2022-12-25T15:43:29.600+0000] {processor.py:175} INFO - Processing /home/airflow/.local/lib/python3.7/site-packages/airflow/example_dags/example_task_group_decorator.py took 0.126 seconds
[2022-12-25T15:44:00.200+0000] {processor.py:153} INFO - Started process (PID=5829) to work on /home/airflow/.local/lib/python3.7/site-packages/airflow/example_dags/example_task_group_decorator.py
[2022-12-25T15:44:00.213+0000] {processor.py:743} INFO - Processing file /home/airflow/.local/lib/python3.7/site-packages/airflow/example_dags/example_task_group_decorator.py for tasks to queue
[2022-12-25T15:44:00.215+0000] {logging_mixin.py:137} INFO - [2022-12-25T15:44:00.215+0000] {dagbag.py:538} INFO - Filling up the DagBag from /home/airflow/.local/lib/python3.7/site-packages/airflow/example_dags/example_task_group_decorator.py
[2022-12-25T15:44:00.258+0000] {processor.py:753} INFO - DAG(s) dict_keys(['example_task_group_decorator']) retrieved from /home/airflow/.local/lib/python3.7/site-packages/airflow/example_dags/example_task_group_decorator.py
[2022-12-25T15:44:00.304+0000] {logging_mixin.py:137} INFO - [2022-12-25T15:44:00.304+0000] {dag.py:2676} INFO - Sync 1 DAGs
[2022-12-25T15:44:00.347+0000] {logging_mixin.py:137} INFO - [2022-12-25T15:44:00.347+0000] {dag.py:3427} INFO - Setting next_dagrun for example_task_group_decorator to 2022-12-24T15:44:00.347275+00:00, run_after=2022-12-25T15:44:00.347275+00:00
[2022-12-25T15:44:00.374+0000] {processor.py:175} INFO - Processing /home/airflow/.local/lib/python3.7/site-packages/airflow/example_dags/example_task_group_decorator.py took 0.179 seconds
[2022-12-25T15:44:31.223+0000] {processor.py:153} INFO - Started process (PID=6070) to work on /home/airflow/.local/lib/python3.7/site-packages/airflow/example_dags/example_task_group_decorator.py
[2022-12-25T15:44:31.224+0000] {processor.py:743} INFO - Processing file /home/airflow/.local/lib/python3.7/site-packages/airflow/example_dags/example_task_group_decorator.py for tasks to queue
[2022-12-25T15:44:31.225+0000] {logging_mixin.py:137} INFO - [2022-12-25T15:44:31.225+0000] {dagbag.py:538} INFO - Filling up the DagBag from /home/airflow/.local/lib/python3.7/site-packages/airflow/example_dags/example_task_group_decorator.py
[2022-12-25T15:44:31.252+0000] {processor.py:753} INFO - DAG(s) dict_keys(['example_task_group_decorator']) retrieved from /home/airflow/.local/lib/python3.7/site-packages/airflow/example_dags/example_task_group_decorator.py
[2022-12-25T15:44:31.290+0000] {logging_mixin.py:137} INFO - [2022-12-25T15:44:31.289+0000] {dag.py:2676} INFO - Sync 1 DAGs
[2022-12-25T15:44:31.313+0000] {logging_mixin.py:137} INFO - [2022-12-25T15:44:31.313+0000] {dag.py:3427} INFO - Setting next_dagrun for example_task_group_decorator to 2022-12-24T15:44:31.313159+00:00, run_after=2022-12-25T15:44:31.313159+00:00
[2022-12-25T15:44:31.333+0000] {processor.py:175} INFO - Processing /home/airflow/.local/lib/python3.7/site-packages/airflow/example_dags/example_task_group_decorator.py took 0.114 seconds
[2022-12-25T15:45:02.136+0000] {processor.py:153} INFO - Started process (PID=6300) to work on /home/airflow/.local/lib/python3.7/site-packages/airflow/example_dags/example_task_group_decorator.py
[2022-12-25T15:45:02.148+0000] {processor.py:743} INFO - Processing file /home/airflow/.local/lib/python3.7/site-packages/airflow/example_dags/example_task_group_decorator.py for tasks to queue
[2022-12-25T15:45:02.149+0000] {logging_mixin.py:137} INFO - [2022-12-25T15:45:02.149+0000] {dagbag.py:538} INFO - Filling up the DagBag from /home/airflow/.local/lib/python3.7/site-packages/airflow/example_dags/example_task_group_decorator.py
[2022-12-25T15:45:02.175+0000] {processor.py:753} INFO - DAG(s) dict_keys(['example_task_group_decorator']) retrieved from /home/airflow/.local/lib/python3.7/site-packages/airflow/example_dags/example_task_group_decorator.py
[2022-12-25T15:45:02.213+0000] {logging_mixin.py:137} INFO - [2022-12-25T15:45:02.213+0000] {dag.py:2676} INFO - Sync 1 DAGs
[2022-12-25T15:45:02.237+0000] {logging_mixin.py:137} INFO - [2022-12-25T15:45:02.236+0000] {dag.py:3427} INFO - Setting next_dagrun for example_task_group_decorator to 2022-12-24T15:45:02.236498+00:00, run_after=2022-12-25T15:45:02.236498+00:00
[2022-12-25T15:45:02.257+0000] {processor.py:175} INFO - Processing /home/airflow/.local/lib/python3.7/site-packages/airflow/example_dags/example_task_group_decorator.py took 0.124 seconds
[2022-12-25T15:45:32.323+0000] {processor.py:153} INFO - Started process (PID=6550) to work on /home/airflow/.local/lib/python3.7/site-packages/airflow/example_dags/example_task_group_decorator.py
[2022-12-25T15:45:32.324+0000] {processor.py:743} INFO - Processing file /home/airflow/.local/lib/python3.7/site-packages/airflow/example_dags/example_task_group_decorator.py for tasks to queue
[2022-12-25T15:45:32.324+0000] {logging_mixin.py:137} INFO - [2022-12-25T15:45:32.324+0000] {dagbag.py:538} INFO - Filling up the DagBag from /home/airflow/.local/lib/python3.7/site-packages/airflow/example_dags/example_task_group_decorator.py
[2022-12-25T15:45:32.360+0000] {processor.py:753} INFO - DAG(s) dict_keys(['example_task_group_decorator']) retrieved from /home/airflow/.local/lib/python3.7/site-packages/airflow/example_dags/example_task_group_decorator.py
[2022-12-25T15:45:32.409+0000] {logging_mixin.py:137} INFO - [2022-12-25T15:45:32.409+0000] {dag.py:2676} INFO - Sync 1 DAGs
[2022-12-25T15:45:32.448+0000] {logging_mixin.py:137} INFO - [2022-12-25T15:45:32.448+0000] {dag.py:3427} INFO - Setting next_dagrun for example_task_group_decorator to 2022-12-24T15:45:32.447566+00:00, run_after=2022-12-25T15:45:32.447566+00:00
[2022-12-25T15:45:32.483+0000] {processor.py:175} INFO - Processing /home/airflow/.local/lib/python3.7/site-packages/airflow/example_dags/example_task_group_decorator.py took 0.163 seconds
[2022-12-25T15:46:02.676+0000] {processor.py:153} INFO - Started process (PID=6780) to work on /home/airflow/.local/lib/python3.7/site-packages/airflow/example_dags/example_task_group_decorator.py
[2022-12-25T15:46:02.678+0000] {processor.py:743} INFO - Processing file /home/airflow/.local/lib/python3.7/site-packages/airflow/example_dags/example_task_group_decorator.py for tasks to queue
[2022-12-25T15:46:02.679+0000] {logging_mixin.py:137} INFO - [2022-12-25T15:46:02.679+0000] {dagbag.py:538} INFO - Filling up the DagBag from /home/airflow/.local/lib/python3.7/site-packages/airflow/example_dags/example_task_group_decorator.py
[2022-12-25T15:46:02.712+0000] {processor.py:753} INFO - DAG(s) dict_keys(['example_task_group_decorator']) retrieved from /home/airflow/.local/lib/python3.7/site-packages/airflow/example_dags/example_task_group_decorator.py
[2022-12-25T15:46:02.759+0000] {logging_mixin.py:137} INFO - [2022-12-25T15:46:02.759+0000] {dag.py:2676} INFO - Sync 1 DAGs
[2022-12-25T15:46:02.790+0000] {logging_mixin.py:137} INFO - [2022-12-25T15:46:02.790+0000] {dag.py:3427} INFO - Setting next_dagrun for example_task_group_decorator to 2022-12-24T15:46:02.790313+00:00, run_after=2022-12-25T15:46:02.790313+00:00
[2022-12-25T15:46:02.815+0000] {processor.py:175} INFO - Processing /home/airflow/.local/lib/python3.7/site-packages/airflow/example_dags/example_task_group_decorator.py took 0.142 seconds
[2022-12-25T15:46:32.914+0000] {processor.py:153} INFO - Started process (PID=7030) to work on /home/airflow/.local/lib/python3.7/site-packages/airflow/example_dags/example_task_group_decorator.py
[2022-12-25T15:46:32.916+0000] {processor.py:743} INFO - Processing file /home/airflow/.local/lib/python3.7/site-packages/airflow/example_dags/example_task_group_decorator.py for tasks to queue
[2022-12-25T15:46:32.916+0000] {logging_mixin.py:137} INFO - [2022-12-25T15:46:32.916+0000] {dagbag.py:538} INFO - Filling up the DagBag from /home/airflow/.local/lib/python3.7/site-packages/airflow/example_dags/example_task_group_decorator.py
[2022-12-25T15:46:32.946+0000] {processor.py:753} INFO - DAG(s) dict_keys(['example_task_group_decorator']) retrieved from /home/airflow/.local/lib/python3.7/site-packages/airflow/example_dags/example_task_group_decorator.py
[2022-12-25T15:46:32.993+0000] {logging_mixin.py:137} INFO - [2022-12-25T15:46:32.993+0000] {dag.py:2676} INFO - Sync 1 DAGs
[2022-12-25T15:46:33.022+0000] {logging_mixin.py:137} INFO - [2022-12-25T15:46:33.021+0000] {dag.py:3427} INFO - Setting next_dagrun for example_task_group_decorator to 2022-12-24T15:46:33.021627+00:00, run_after=2022-12-25T15:46:33.021627+00:00
[2022-12-25T15:46:33.047+0000] {processor.py:175} INFO - Processing /home/airflow/.local/lib/python3.7/site-packages/airflow/example_dags/example_task_group_decorator.py took 0.136 seconds
[2022-12-25T15:47:03.596+0000] {processor.py:153} INFO - Started process (PID=7260) to work on /home/airflow/.local/lib/python3.7/site-packages/airflow/example_dags/example_task_group_decorator.py
[2022-12-25T15:47:03.598+0000] {processor.py:743} INFO - Processing file /home/airflow/.local/lib/python3.7/site-packages/airflow/example_dags/example_task_group_decorator.py for tasks to queue
[2022-12-25T15:47:03.598+0000] {logging_mixin.py:137} INFO - [2022-12-25T15:47:03.598+0000] {dagbag.py:538} INFO - Filling up the DagBag from /home/airflow/.local/lib/python3.7/site-packages/airflow/example_dags/example_task_group_decorator.py
[2022-12-25T15:47:03.626+0000] {processor.py:753} INFO - DAG(s) dict_keys(['example_task_group_decorator']) retrieved from /home/airflow/.local/lib/python3.7/site-packages/airflow/example_dags/example_task_group_decorator.py
[2022-12-25T15:47:03.666+0000] {logging_mixin.py:137} INFO - [2022-12-25T15:47:03.666+0000] {dag.py:2676} INFO - Sync 1 DAGs
[2022-12-25T15:47:03.690+0000] {logging_mixin.py:137} INFO - [2022-12-25T15:47:03.690+0000] {dag.py:3427} INFO - Setting next_dagrun for example_task_group_decorator to 2022-12-24T15:47:03.689827+00:00, run_after=2022-12-25T15:47:03.689827+00:00
[2022-12-25T15:47:03.711+0000] {processor.py:175} INFO - Processing /home/airflow/.local/lib/python3.7/site-packages/airflow/example_dags/example_task_group_decorator.py took 0.118 seconds
[2022-12-25T15:47:34.663+0000] {processor.py:153} INFO - Started process (PID=7491) to work on /home/airflow/.local/lib/python3.7/site-packages/airflow/example_dags/example_task_group_decorator.py
[2022-12-25T15:47:34.665+0000] {processor.py:743} INFO - Processing file /home/airflow/.local/lib/python3.7/site-packages/airflow/example_dags/example_task_group_decorator.py for tasks to queue
[2022-12-25T15:47:34.666+0000] {logging_mixin.py:137} INFO - [2022-12-25T15:47:34.666+0000] {dagbag.py:538} INFO - Filling up the DagBag from /home/airflow/.local/lib/python3.7/site-packages/airflow/example_dags/example_task_group_decorator.py
[2022-12-25T15:47:34.702+0000] {processor.py:753} INFO - DAG(s) dict_keys(['example_task_group_decorator']) retrieved from /home/airflow/.local/lib/python3.7/site-packages/airflow/example_dags/example_task_group_decorator.py
[2022-12-25T15:47:34.749+0000] {logging_mixin.py:137} INFO - [2022-12-25T15:47:34.748+0000] {dag.py:2676} INFO - Sync 1 DAGs
[2022-12-25T15:47:34.790+0000] {logging_mixin.py:137} INFO - [2022-12-25T15:47:34.790+0000] {dag.py:3427} INFO - Setting next_dagrun for example_task_group_decorator to 2022-12-24T15:47:34.789506+00:00, run_after=2022-12-25T15:47:34.789506+00:00
[2022-12-25T15:47:34.817+0000] {processor.py:175} INFO - Processing /home/airflow/.local/lib/python3.7/site-packages/airflow/example_dags/example_task_group_decorator.py took 0.158 seconds
[2022-12-25T15:48:05.155+0000] {processor.py:153} INFO - Started process (PID=7730) to work on /home/airflow/.local/lib/python3.7/site-packages/airflow/example_dags/example_task_group_decorator.py
[2022-12-25T15:48:05.156+0000] {processor.py:743} INFO - Processing file /home/airflow/.local/lib/python3.7/site-packages/airflow/example_dags/example_task_group_decorator.py for tasks to queue
[2022-12-25T15:48:05.157+0000] {logging_mixin.py:137} INFO - [2022-12-25T15:48:05.157+0000] {dagbag.py:538} INFO - Filling up the DagBag from /home/airflow/.local/lib/python3.7/site-packages/airflow/example_dags/example_task_group_decorator.py
[2022-12-25T15:48:05.199+0000] {processor.py:753} INFO - DAG(s) dict_keys(['example_task_group_decorator']) retrieved from /home/airflow/.local/lib/python3.7/site-packages/airflow/example_dags/example_task_group_decorator.py
[2022-12-25T15:48:05.260+0000] {logging_mixin.py:137} INFO - [2022-12-25T15:48:05.260+0000] {dag.py:2676} INFO - Sync 1 DAGs
[2022-12-25T15:48:05.301+0000] {logging_mixin.py:137} INFO - [2022-12-25T15:48:05.301+0000] {dag.py:3427} INFO - Setting next_dagrun for example_task_group_decorator to 2022-12-24T15:48:05.301344+00:00, run_after=2022-12-25T15:48:05.301344+00:00
[2022-12-25T15:48:05.334+0000] {processor.py:175} INFO - Processing /home/airflow/.local/lib/python3.7/site-packages/airflow/example_dags/example_task_group_decorator.py took 0.184 seconds
[2022-12-25T15:48:35.433+0000] {processor.py:153} INFO - Started process (PID=7971) to work on /home/airflow/.local/lib/python3.7/site-packages/airflow/example_dags/example_task_group_decorator.py
[2022-12-25T15:48:35.446+0000] {processor.py:743} INFO - Processing file /home/airflow/.local/lib/python3.7/site-packages/airflow/example_dags/example_task_group_decorator.py for tasks to queue
[2022-12-25T15:48:35.447+0000] {logging_mixin.py:137} INFO - [2022-12-25T15:48:35.446+0000] {dagbag.py:538} INFO - Filling up the DagBag from /home/airflow/.local/lib/python3.7/site-packages/airflow/example_dags/example_task_group_decorator.py
[2022-12-25T15:48:35.482+0000] {processor.py:753} INFO - DAG(s) dict_keys(['example_task_group_decorator']) retrieved from /home/airflow/.local/lib/python3.7/site-packages/airflow/example_dags/example_task_group_decorator.py
[2022-12-25T15:48:35.576+0000] {logging_mixin.py:137} INFO - [2022-12-25T15:48:35.576+0000] {dag.py:2676} INFO - Sync 1 DAGs
[2022-12-25T15:48:35.605+0000] {logging_mixin.py:137} INFO - [2022-12-25T15:48:35.605+0000] {dag.py:3427} INFO - Setting next_dagrun for example_task_group_decorator to 2022-12-24T15:48:35.605439+00:00, run_after=2022-12-25T15:48:35.605439+00:00
[2022-12-25T15:48:35.629+0000] {processor.py:175} INFO - Processing /home/airflow/.local/lib/python3.7/site-packages/airflow/example_dags/example_task_group_decorator.py took 0.202 seconds
[2022-12-25T15:49:05.826+0000] {processor.py:153} INFO - Started process (PID=8201) to work on /home/airflow/.local/lib/python3.7/site-packages/airflow/example_dags/example_task_group_decorator.py
[2022-12-25T15:49:05.827+0000] {processor.py:743} INFO - Processing file /home/airflow/.local/lib/python3.7/site-packages/airflow/example_dags/example_task_group_decorator.py for tasks to queue
[2022-12-25T15:49:05.828+0000] {logging_mixin.py:137} INFO - [2022-12-25T15:49:05.828+0000] {dagbag.py:538} INFO - Filling up the DagBag from /home/airflow/.local/lib/python3.7/site-packages/airflow/example_dags/example_task_group_decorator.py
[2022-12-25T15:49:05.855+0000] {processor.py:753} INFO - DAG(s) dict_keys(['example_task_group_decorator']) retrieved from /home/airflow/.local/lib/python3.7/site-packages/airflow/example_dags/example_task_group_decorator.py
[2022-12-25T15:49:05.896+0000] {logging_mixin.py:137} INFO - [2022-12-25T15:49:05.896+0000] {dag.py:2676} INFO - Sync 1 DAGs
[2022-12-25T15:49:05.922+0000] {logging_mixin.py:137} INFO - [2022-12-25T15:49:05.921+0000] {dag.py:3427} INFO - Setting next_dagrun for example_task_group_decorator to 2022-12-24T15:49:05.921735+00:00, run_after=2022-12-25T15:49:05.921735+00:00
[2022-12-25T15:49:05.943+0000] {processor.py:175} INFO - Processing /home/airflow/.local/lib/python3.7/site-packages/airflow/example_dags/example_task_group_decorator.py took 0.120 seconds
[2022-12-25T15:49:36.062+0000] {processor.py:153} INFO - Started process (PID=8451) to work on /home/airflow/.local/lib/python3.7/site-packages/airflow/example_dags/example_task_group_decorator.py
[2022-12-25T15:49:36.064+0000] {processor.py:743} INFO - Processing file /home/airflow/.local/lib/python3.7/site-packages/airflow/example_dags/example_task_group_decorator.py for tasks to queue
[2022-12-25T15:49:36.065+0000] {logging_mixin.py:137} INFO - [2022-12-25T15:49:36.065+0000] {dagbag.py:538} INFO - Filling up the DagBag from /home/airflow/.local/lib/python3.7/site-packages/airflow/example_dags/example_task_group_decorator.py
[2022-12-25T15:49:36.106+0000] {processor.py:753} INFO - DAG(s) dict_keys(['example_task_group_decorator']) retrieved from /home/airflow/.local/lib/python3.7/site-packages/airflow/example_dags/example_task_group_decorator.py
[2022-12-25T15:49:36.253+0000] {logging_mixin.py:137} INFO - [2022-12-25T15:49:36.252+0000] {dag.py:2676} INFO - Sync 1 DAGs
[2022-12-25T15:49:36.285+0000] {logging_mixin.py:137} INFO - [2022-12-25T15:49:36.285+0000] {dag.py:3427} INFO - Setting next_dagrun for example_task_group_decorator to 2022-12-24T15:49:36.285280+00:00, run_after=2022-12-25T15:49:36.285280+00:00
[2022-12-25T15:49:36.308+0000] {processor.py:175} INFO - Processing /home/airflow/.local/lib/python3.7/site-packages/airflow/example_dags/example_task_group_decorator.py took 0.251 seconds
[2022-12-25T15:50:06.410+0000] {processor.py:153} INFO - Started process (PID=8684) to work on /home/airflow/.local/lib/python3.7/site-packages/airflow/example_dags/example_task_group_decorator.py
[2022-12-25T15:50:06.411+0000] {processor.py:743} INFO - Processing file /home/airflow/.local/lib/python3.7/site-packages/airflow/example_dags/example_task_group_decorator.py for tasks to queue
[2022-12-25T15:50:06.412+0000] {logging_mixin.py:137} INFO - [2022-12-25T15:50:06.412+0000] {dagbag.py:538} INFO - Filling up the DagBag from /home/airflow/.local/lib/python3.7/site-packages/airflow/example_dags/example_task_group_decorator.py
[2022-12-25T15:50:06.445+0000] {processor.py:753} INFO - DAG(s) dict_keys(['example_task_group_decorator']) retrieved from /home/airflow/.local/lib/python3.7/site-packages/airflow/example_dags/example_task_group_decorator.py
[2022-12-25T15:50:06.491+0000] {logging_mixin.py:137} INFO - [2022-12-25T15:50:06.490+0000] {dag.py:2676} INFO - Sync 1 DAGs
[2022-12-25T15:50:06.520+0000] {logging_mixin.py:137} INFO - [2022-12-25T15:50:06.519+0000] {dag.py:3427} INFO - Setting next_dagrun for example_task_group_decorator to 2022-12-24T15:50:06.519661+00:00, run_after=2022-12-25T15:50:06.519661+00:00
[2022-12-25T15:50:06.540+0000] {processor.py:175} INFO - Processing /home/airflow/.local/lib/python3.7/site-packages/airflow/example_dags/example_task_group_decorator.py took 0.133 seconds
[2022-12-25T15:50:36.676+0000] {processor.py:153} INFO - Started process (PID=8918) to work on /home/airflow/.local/lib/python3.7/site-packages/airflow/example_dags/example_task_group_decorator.py
[2022-12-25T15:50:36.678+0000] {processor.py:743} INFO - Processing file /home/airflow/.local/lib/python3.7/site-packages/airflow/example_dags/example_task_group_decorator.py for tasks to queue
[2022-12-25T15:50:36.679+0000] {logging_mixin.py:137} INFO - [2022-12-25T15:50:36.679+0000] {dagbag.py:538} INFO - Filling up the DagBag from /home/airflow/.local/lib/python3.7/site-packages/airflow/example_dags/example_task_group_decorator.py
[2022-12-25T15:50:36.712+0000] {processor.py:753} INFO - DAG(s) dict_keys(['example_task_group_decorator']) retrieved from /home/airflow/.local/lib/python3.7/site-packages/airflow/example_dags/example_task_group_decorator.py
[2022-12-25T15:50:36.759+0000] {logging_mixin.py:137} INFO - [2022-12-25T15:50:36.759+0000] {dag.py:2676} INFO - Sync 1 DAGs
[2022-12-25T15:50:36.793+0000] {logging_mixin.py:137} INFO - [2022-12-25T15:50:36.793+0000] {dag.py:3427} INFO - Setting next_dagrun for example_task_group_decorator to 2022-12-24T15:50:36.793264+00:00, run_after=2022-12-25T15:50:36.793264+00:00
[2022-12-25T15:50:36.828+0000] {processor.py:175} INFO - Processing /home/airflow/.local/lib/python3.7/site-packages/airflow/example_dags/example_task_group_decorator.py took 0.157 seconds
[2022-12-25T15:51:06.979+0000] {processor.py:153} INFO - Started process (PID=9159) to work on /home/airflow/.local/lib/python3.7/site-packages/airflow/example_dags/example_task_group_decorator.py
[2022-12-25T15:51:06.980+0000] {processor.py:743} INFO - Processing file /home/airflow/.local/lib/python3.7/site-packages/airflow/example_dags/example_task_group_decorator.py for tasks to queue
[2022-12-25T15:51:06.981+0000] {logging_mixin.py:137} INFO - [2022-12-25T15:51:06.981+0000] {dagbag.py:538} INFO - Filling up the DagBag from /home/airflow/.local/lib/python3.7/site-packages/airflow/example_dags/example_task_group_decorator.py
[2022-12-25T15:51:07.010+0000] {processor.py:753} INFO - DAG(s) dict_keys(['example_task_group_decorator']) retrieved from /home/airflow/.local/lib/python3.7/site-packages/airflow/example_dags/example_task_group_decorator.py
[2022-12-25T15:51:07.055+0000] {logging_mixin.py:137} INFO - [2022-12-25T15:51:07.054+0000] {dag.py:2676} INFO - Sync 1 DAGs
[2022-12-25T15:51:07.082+0000] {logging_mixin.py:137} INFO - [2022-12-25T15:51:07.082+0000] {dag.py:3427} INFO - Setting next_dagrun for example_task_group_decorator to 2022-12-24T15:51:07.082289+00:00, run_after=2022-12-25T15:51:07.082289+00:00
[2022-12-25T15:51:07.103+0000] {processor.py:175} INFO - Processing /home/airflow/.local/lib/python3.7/site-packages/airflow/example_dags/example_task_group_decorator.py took 0.127 seconds
[2022-12-25T15:51:37.193+0000] {processor.py:153} INFO - Started process (PID=9389) to work on /home/airflow/.local/lib/python3.7/site-packages/airflow/example_dags/example_task_group_decorator.py
[2022-12-25T15:51:37.195+0000] {processor.py:743} INFO - Processing file /home/airflow/.local/lib/python3.7/site-packages/airflow/example_dags/example_task_group_decorator.py for tasks to queue
[2022-12-25T15:51:37.195+0000] {logging_mixin.py:137} INFO - [2022-12-25T15:51:37.195+0000] {dagbag.py:538} INFO - Filling up the DagBag from /home/airflow/.local/lib/python3.7/site-packages/airflow/example_dags/example_task_group_decorator.py
[2022-12-25T15:51:37.228+0000] {processor.py:753} INFO - DAG(s) dict_keys(['example_task_group_decorator']) retrieved from /home/airflow/.local/lib/python3.7/site-packages/airflow/example_dags/example_task_group_decorator.py
[2022-12-25T15:51:37.266+0000] {logging_mixin.py:137} INFO - [2022-12-25T15:51:37.266+0000] {dag.py:2676} INFO - Sync 1 DAGs
[2022-12-25T15:51:37.296+0000] {logging_mixin.py:137} INFO - [2022-12-25T15:51:37.296+0000] {dag.py:3427} INFO - Setting next_dagrun for example_task_group_decorator to 2022-12-24T15:51:37.296126+00:00, run_after=2022-12-25T15:51:37.296126+00:00
[2022-12-25T15:51:37.320+0000] {processor.py:175} INFO - Processing /home/airflow/.local/lib/python3.7/site-packages/airflow/example_dags/example_task_group_decorator.py took 0.129 seconds
[2022-12-25T15:52:09.160+0000] {processor.py:153} INFO - Started process (PID=9628) to work on /home/airflow/.local/lib/python3.7/site-packages/airflow/example_dags/example_task_group_decorator.py
[2022-12-25T15:52:09.162+0000] {processor.py:743} INFO - Processing file /home/airflow/.local/lib/python3.7/site-packages/airflow/example_dags/example_task_group_decorator.py for tasks to queue
[2022-12-25T15:52:09.163+0000] {logging_mixin.py:137} INFO - [2022-12-25T15:52:09.163+0000] {dagbag.py:538} INFO - Filling up the DagBag from /home/airflow/.local/lib/python3.7/site-packages/airflow/example_dags/example_task_group_decorator.py
[2022-12-25T15:52:09.219+0000] {processor.py:753} INFO - DAG(s) dict_keys(['example_task_group_decorator']) retrieved from /home/airflow/.local/lib/python3.7/site-packages/airflow/example_dags/example_task_group_decorator.py
[2022-12-25T15:52:09.300+0000] {logging_mixin.py:137} INFO - [2022-12-25T15:52:09.300+0000] {dag.py:2676} INFO - Sync 1 DAGs
[2022-12-25T15:52:09.365+0000] {logging_mixin.py:137} INFO - [2022-12-25T15:52:09.364+0000] {dag.py:3427} INFO - Setting next_dagrun for example_task_group_decorator to 2022-12-24T15:52:09.364226+00:00, run_after=2022-12-25T15:52:09.364226+00:00
[2022-12-25T15:52:09.413+0000] {processor.py:175} INFO - Processing /home/airflow/.local/lib/python3.7/site-packages/airflow/example_dags/example_task_group_decorator.py took 0.268 seconds
[2022-12-25T15:52:39.771+0000] {processor.py:153} INFO - Started process (PID=9869) to work on /home/airflow/.local/lib/python3.7/site-packages/airflow/example_dags/example_task_group_decorator.py
[2022-12-25T15:52:39.772+0000] {processor.py:743} INFO - Processing file /home/airflow/.local/lib/python3.7/site-packages/airflow/example_dags/example_task_group_decorator.py for tasks to queue
[2022-12-25T15:52:39.773+0000] {logging_mixin.py:137} INFO - [2022-12-25T15:52:39.772+0000] {dagbag.py:538} INFO - Filling up the DagBag from /home/airflow/.local/lib/python3.7/site-packages/airflow/example_dags/example_task_group_decorator.py
[2022-12-25T15:52:39.801+0000] {processor.py:753} INFO - DAG(s) dict_keys(['example_task_group_decorator']) retrieved from /home/airflow/.local/lib/python3.7/site-packages/airflow/example_dags/example_task_group_decorator.py
[2022-12-25T15:52:39.849+0000] {logging_mixin.py:137} INFO - [2022-12-25T15:52:39.849+0000] {dag.py:2676} INFO - Sync 1 DAGs
[2022-12-25T15:52:39.875+0000] {logging_mixin.py:137} INFO - [2022-12-25T15:52:39.875+0000] {dag.py:3427} INFO - Setting next_dagrun for example_task_group_decorator to 2022-12-24T15:52:39.875535+00:00, run_after=2022-12-25T15:52:39.875535+00:00
[2022-12-25T15:52:39.903+0000] {processor.py:175} INFO - Processing /home/airflow/.local/lib/python3.7/site-packages/airflow/example_dags/example_task_group_decorator.py took 0.136 seconds
[2022-12-25T15:53:10.488+0000] {processor.py:153} INFO - Started process (PID=10099) to work on /home/airflow/.local/lib/python3.7/site-packages/airflow/example_dags/example_task_group_decorator.py
[2022-12-25T15:53:10.490+0000] {processor.py:743} INFO - Processing file /home/airflow/.local/lib/python3.7/site-packages/airflow/example_dags/example_task_group_decorator.py for tasks to queue
[2022-12-25T15:53:10.492+0000] {logging_mixin.py:137} INFO - [2022-12-25T15:53:10.491+0000] {dagbag.py:538} INFO - Filling up the DagBag from /home/airflow/.local/lib/python3.7/site-packages/airflow/example_dags/example_task_group_decorator.py
[2022-12-25T15:53:10.522+0000] {processor.py:753} INFO - DAG(s) dict_keys(['example_task_group_decorator']) retrieved from /home/airflow/.local/lib/python3.7/site-packages/airflow/example_dags/example_task_group_decorator.py
[2022-12-25T15:53:10.562+0000] {logging_mixin.py:137} INFO - [2022-12-25T15:53:10.562+0000] {dag.py:2676} INFO - Sync 1 DAGs
[2022-12-25T15:53:10.586+0000] {logging_mixin.py:137} INFO - [2022-12-25T15:53:10.586+0000] {dag.py:3427} INFO - Setting next_dagrun for example_task_group_decorator to 2022-12-24T15:53:10.586441+00:00, run_after=2022-12-25T15:53:10.586441+00:00
[2022-12-25T15:53:10.609+0000] {processor.py:175} INFO - Processing /home/airflow/.local/lib/python3.7/site-packages/airflow/example_dags/example_task_group_decorator.py took 0.127 seconds
