[2022-12-25T15:32:10.280+0000] {processor.py:153} INFO - Started process (PID=263) to work on /home/airflow/.local/lib/python3.7/site-packages/airflow/example_dags/example_bash_operator.py
[2022-12-25T15:32:10.282+0000] {processor.py:743} INFO - Processing file /home/airflow/.local/lib/python3.7/site-packages/airflow/example_dags/example_bash_operator.py for tasks to queue
[2022-12-25T15:32:10.284+0000] {logging_mixin.py:137} INFO - [2022-12-25T15:32:10.283+0000] {dagbag.py:538} INFO - Filling up the DagBag from /home/airflow/.local/lib/python3.7/site-packages/airflow/example_dags/example_bash_operator.py
[2022-12-25T15:32:10.361+0000] {processor.py:753} INFO - DAG(s) dict_keys(['example_bash_operator']) retrieved from /home/airflow/.local/lib/python3.7/site-packages/airflow/example_dags/example_bash_operator.py
[2022-12-25T15:32:10.678+0000] {logging_mixin.py:137} INFO - [2022-12-25T15:32:10.678+0000] {dag.py:2676} INFO - Sync 1 DAGs
[2022-12-25T15:32:10.858+0000] {logging_mixin.py:137} INFO - [2022-12-25T15:32:10.858+0000] {dag.py:3427} INFO - Setting next_dagrun for example_bash_operator to 2022-12-24T00:00:00+00:00, run_after=2022-12-25T00:00:00+00:00
[2022-12-25T15:32:10.916+0000] {processor.py:175} INFO - Processing /home/airflow/.local/lib/python3.7/site-packages/airflow/example_dags/example_bash_operator.py took 0.645 seconds
[2022-12-25T15:32:41.035+0000] {processor.py:153} INFO - Started process (PID=495) to work on /home/airflow/.local/lib/python3.7/site-packages/airflow/example_dags/example_bash_operator.py
[2022-12-25T15:32:41.036+0000] {processor.py:743} INFO - Processing file /home/airflow/.local/lib/python3.7/site-packages/airflow/example_dags/example_bash_operator.py for tasks to queue
[2022-12-25T15:32:41.036+0000] {logging_mixin.py:137} INFO - [2022-12-25T15:32:41.036+0000] {dagbag.py:538} INFO - Filling up the DagBag from /home/airflow/.local/lib/python3.7/site-packages/airflow/example_dags/example_bash_operator.py
[2022-12-25T15:32:41.059+0000] {processor.py:753} INFO - DAG(s) dict_keys(['example_bash_operator']) retrieved from /home/airflow/.local/lib/python3.7/site-packages/airflow/example_dags/example_bash_operator.py
[2022-12-25T15:32:41.111+0000] {logging_mixin.py:137} INFO - [2022-12-25T15:32:41.111+0000] {dag.py:2676} INFO - Sync 1 DAGs
[2022-12-25T15:32:41.142+0000] {logging_mixin.py:137} INFO - [2022-12-25T15:32:41.141+0000] {dag.py:3427} INFO - Setting next_dagrun for example_bash_operator to 2022-12-24T00:00:00+00:00, run_after=2022-12-25T00:00:00+00:00
[2022-12-25T15:32:41.163+0000] {processor.py:175} INFO - Processing /home/airflow/.local/lib/python3.7/site-packages/airflow/example_dags/example_bash_operator.py took 0.131 seconds
[2022-12-25T15:33:11.385+0000] {processor.py:153} INFO - Started process (PID=724) to work on /home/airflow/.local/lib/python3.7/site-packages/airflow/example_dags/example_bash_operator.py
[2022-12-25T15:33:11.386+0000] {processor.py:743} INFO - Processing file /home/airflow/.local/lib/python3.7/site-packages/airflow/example_dags/example_bash_operator.py for tasks to queue
[2022-12-25T15:33:11.387+0000] {logging_mixin.py:137} INFO - [2022-12-25T15:33:11.387+0000] {dagbag.py:538} INFO - Filling up the DagBag from /home/airflow/.local/lib/python3.7/site-packages/airflow/example_dags/example_bash_operator.py
[2022-12-25T15:33:11.418+0000] {processor.py:753} INFO - DAG(s) dict_keys(['example_bash_operator']) retrieved from /home/airflow/.local/lib/python3.7/site-packages/airflow/example_dags/example_bash_operator.py
[2022-12-25T15:33:11.486+0000] {logging_mixin.py:137} INFO - [2022-12-25T15:33:11.486+0000] {dag.py:2676} INFO - Sync 1 DAGs
[2022-12-25T15:33:11.528+0000] {logging_mixin.py:137} INFO - [2022-12-25T15:33:11.528+0000] {dag.py:3427} INFO - Setting next_dagrun for example_bash_operator to 2022-12-24T00:00:00+00:00, run_after=2022-12-25T00:00:00+00:00
[2022-12-25T15:33:11.562+0000] {processor.py:175} INFO - Processing /home/airflow/.local/lib/python3.7/site-packages/airflow/example_dags/example_bash_operator.py took 0.181 seconds
[2022-12-25T15:33:41.854+0000] {processor.py:153} INFO - Started process (PID=961) to work on /home/airflow/.local/lib/python3.7/site-packages/airflow/example_dags/example_bash_operator.py
[2022-12-25T15:33:41.856+0000] {processor.py:743} INFO - Processing file /home/airflow/.local/lib/python3.7/site-packages/airflow/example_dags/example_bash_operator.py for tasks to queue
[2022-12-25T15:33:41.857+0000] {logging_mixin.py:137} INFO - [2022-12-25T15:33:41.857+0000] {dagbag.py:538} INFO - Filling up the DagBag from /home/airflow/.local/lib/python3.7/site-packages/airflow/example_dags/example_bash_operator.py
[2022-12-25T15:33:41.892+0000] {processor.py:753} INFO - DAG(s) dict_keys(['example_bash_operator']) retrieved from /home/airflow/.local/lib/python3.7/site-packages/airflow/example_dags/example_bash_operator.py
[2022-12-25T15:33:41.970+0000] {logging_mixin.py:137} INFO - [2022-12-25T15:33:41.970+0000] {dag.py:2676} INFO - Sync 1 DAGs
[2022-12-25T15:33:42.032+0000] {logging_mixin.py:137} INFO - [2022-12-25T15:33:42.032+0000] {dag.py:3427} INFO - Setting next_dagrun for example_bash_operator to 2022-12-24T00:00:00+00:00, run_after=2022-12-25T00:00:00+00:00
[2022-12-25T15:33:42.080+0000] {processor.py:175} INFO - Processing /home/airflow/.local/lib/python3.7/site-packages/airflow/example_dags/example_bash_operator.py took 0.231 seconds
[2022-12-25T15:34:13.044+0000] {processor.py:153} INFO - Started process (PID=1205) to work on /home/airflow/.local/lib/python3.7/site-packages/airflow/example_dags/example_bash_operator.py
[2022-12-25T15:34:13.046+0000] {processor.py:743} INFO - Processing file /home/airflow/.local/lib/python3.7/site-packages/airflow/example_dags/example_bash_operator.py for tasks to queue
[2022-12-25T15:34:13.047+0000] {logging_mixin.py:137} INFO - [2022-12-25T15:34:13.047+0000] {dagbag.py:538} INFO - Filling up the DagBag from /home/airflow/.local/lib/python3.7/site-packages/airflow/example_dags/example_bash_operator.py
[2022-12-25T15:34:13.087+0000] {processor.py:753} INFO - DAG(s) dict_keys(['example_bash_operator']) retrieved from /home/airflow/.local/lib/python3.7/site-packages/airflow/example_dags/example_bash_operator.py
[2022-12-25T15:34:13.187+0000] {logging_mixin.py:137} INFO - [2022-12-25T15:34:13.187+0000] {dag.py:2676} INFO - Sync 1 DAGs
[2022-12-25T15:34:13.235+0000] {logging_mixin.py:137} INFO - [2022-12-25T15:34:13.235+0000] {dag.py:3427} INFO - Setting next_dagrun for example_bash_operator to 2022-12-24T00:00:00+00:00, run_after=2022-12-25T00:00:00+00:00
[2022-12-25T15:34:13.262+0000] {processor.py:175} INFO - Processing /home/airflow/.local/lib/python3.7/site-packages/airflow/example_dags/example_bash_operator.py took 0.225 seconds
[2022-12-25T15:34:43.780+0000] {processor.py:153} INFO - Started process (PID=1435) to work on /home/airflow/.local/lib/python3.7/site-packages/airflow/example_dags/example_bash_operator.py
[2022-12-25T15:34:43.782+0000] {processor.py:743} INFO - Processing file /home/airflow/.local/lib/python3.7/site-packages/airflow/example_dags/example_bash_operator.py for tasks to queue
[2022-12-25T15:34:43.782+0000] {logging_mixin.py:137} INFO - [2022-12-25T15:34:43.782+0000] {dagbag.py:538} INFO - Filling up the DagBag from /home/airflow/.local/lib/python3.7/site-packages/airflow/example_dags/example_bash_operator.py
[2022-12-25T15:34:43.803+0000] {processor.py:753} INFO - DAG(s) dict_keys(['example_bash_operator']) retrieved from /home/airflow/.local/lib/python3.7/site-packages/airflow/example_dags/example_bash_operator.py
[2022-12-25T15:34:43.856+0000] {logging_mixin.py:137} INFO - [2022-12-25T15:34:43.856+0000] {dag.py:2676} INFO - Sync 1 DAGs
[2022-12-25T15:34:43.882+0000] {logging_mixin.py:137} INFO - [2022-12-25T15:34:43.882+0000] {dag.py:3427} INFO - Setting next_dagrun for example_bash_operator to 2022-12-24T00:00:00+00:00, run_after=2022-12-25T00:00:00+00:00
[2022-12-25T15:34:43.900+0000] {processor.py:175} INFO - Processing /home/airflow/.local/lib/python3.7/site-packages/airflow/example_dags/example_bash_operator.py took 0.123 seconds
[2022-12-25T15:35:14.577+0000] {processor.py:153} INFO - Started process (PID=1685) to work on /home/airflow/.local/lib/python3.7/site-packages/airflow/example_dags/example_bash_operator.py
[2022-12-25T15:35:14.581+0000] {processor.py:743} INFO - Processing file /home/airflow/.local/lib/python3.7/site-packages/airflow/example_dags/example_bash_operator.py for tasks to queue
[2022-12-25T15:35:14.582+0000] {logging_mixin.py:137} INFO - [2022-12-25T15:35:14.582+0000] {dagbag.py:538} INFO - Filling up the DagBag from /home/airflow/.local/lib/python3.7/site-packages/airflow/example_dags/example_bash_operator.py
[2022-12-25T15:35:14.618+0000] {processor.py:753} INFO - DAG(s) dict_keys(['example_bash_operator']) retrieved from /home/airflow/.local/lib/python3.7/site-packages/airflow/example_dags/example_bash_operator.py
[2022-12-25T15:35:14.681+0000] {logging_mixin.py:137} INFO - [2022-12-25T15:35:14.680+0000] {dag.py:2676} INFO - Sync 1 DAGs
[2022-12-25T15:35:14.711+0000] {logging_mixin.py:137} INFO - [2022-12-25T15:35:14.711+0000] {dag.py:3427} INFO - Setting next_dagrun for example_bash_operator to 2022-12-24T00:00:00+00:00, run_after=2022-12-25T00:00:00+00:00
[2022-12-25T15:35:14.731+0000] {processor.py:175} INFO - Processing /home/airflow/.local/lib/python3.7/site-packages/airflow/example_dags/example_bash_operator.py took 0.158 seconds
[2022-12-25T15:35:44.757+0000] {processor.py:153} INFO - Started process (PID=1915) to work on /home/airflow/.local/lib/python3.7/site-packages/airflow/example_dags/example_bash_operator.py
[2022-12-25T15:35:44.758+0000] {processor.py:743} INFO - Processing file /home/airflow/.local/lib/python3.7/site-packages/airflow/example_dags/example_bash_operator.py for tasks to queue
[2022-12-25T15:35:44.759+0000] {logging_mixin.py:137} INFO - [2022-12-25T15:35:44.759+0000] {dagbag.py:538} INFO - Filling up the DagBag from /home/airflow/.local/lib/python3.7/site-packages/airflow/example_dags/example_bash_operator.py
[2022-12-25T15:35:44.782+0000] {processor.py:753} INFO - DAG(s) dict_keys(['example_bash_operator']) retrieved from /home/airflow/.local/lib/python3.7/site-packages/airflow/example_dags/example_bash_operator.py
[2022-12-25T15:35:44.835+0000] {logging_mixin.py:137} INFO - [2022-12-25T15:35:44.835+0000] {dag.py:2676} INFO - Sync 1 DAGs
[2022-12-25T15:35:44.863+0000] {logging_mixin.py:137} INFO - [2022-12-25T15:35:44.863+0000] {dag.py:3427} INFO - Setting next_dagrun for example_bash_operator to 2022-12-24T00:00:00+00:00, run_after=2022-12-25T00:00:00+00:00
[2022-12-25T15:35:44.889+0000] {processor.py:175} INFO - Processing /home/airflow/.local/lib/python3.7/site-packages/airflow/example_dags/example_bash_operator.py took 0.135 seconds
[2022-12-25T15:36:15.524+0000] {processor.py:153} INFO - Started process (PID=2145) to work on /home/airflow/.local/lib/python3.7/site-packages/airflow/example_dags/example_bash_operator.py
[2022-12-25T15:36:15.525+0000] {processor.py:743} INFO - Processing file /home/airflow/.local/lib/python3.7/site-packages/airflow/example_dags/example_bash_operator.py for tasks to queue
[2022-12-25T15:36:15.526+0000] {logging_mixin.py:137} INFO - [2022-12-25T15:36:15.526+0000] {dagbag.py:538} INFO - Filling up the DagBag from /home/airflow/.local/lib/python3.7/site-packages/airflow/example_dags/example_bash_operator.py
[2022-12-25T15:36:15.554+0000] {processor.py:753} INFO - DAG(s) dict_keys(['example_bash_operator']) retrieved from /home/airflow/.local/lib/python3.7/site-packages/airflow/example_dags/example_bash_operator.py
[2022-12-25T15:36:15.618+0000] {logging_mixin.py:137} INFO - [2022-12-25T15:36:15.618+0000] {dag.py:2676} INFO - Sync 1 DAGs
[2022-12-25T15:36:15.658+0000] {logging_mixin.py:137} INFO - [2022-12-25T15:36:15.658+0000] {dag.py:3427} INFO - Setting next_dagrun for example_bash_operator to 2022-12-24T00:00:00+00:00, run_after=2022-12-25T00:00:00+00:00
[2022-12-25T15:36:15.683+0000] {processor.py:175} INFO - Processing /home/airflow/.local/lib/python3.7/site-packages/airflow/example_dags/example_bash_operator.py took 0.162 seconds
[2022-12-25T15:36:45.815+0000] {processor.py:153} INFO - Started process (PID=2383) to work on /home/airflow/.local/lib/python3.7/site-packages/airflow/example_dags/example_bash_operator.py
[2022-12-25T15:36:45.817+0000] {processor.py:743} INFO - Processing file /home/airflow/.local/lib/python3.7/site-packages/airflow/example_dags/example_bash_operator.py for tasks to queue
[2022-12-25T15:36:45.818+0000] {logging_mixin.py:137} INFO - [2022-12-25T15:36:45.817+0000] {dagbag.py:538} INFO - Filling up the DagBag from /home/airflow/.local/lib/python3.7/site-packages/airflow/example_dags/example_bash_operator.py
[2022-12-25T15:36:45.848+0000] {processor.py:753} INFO - DAG(s) dict_keys(['example_bash_operator']) retrieved from /home/airflow/.local/lib/python3.7/site-packages/airflow/example_dags/example_bash_operator.py
[2022-12-25T15:36:45.918+0000] {logging_mixin.py:137} INFO - [2022-12-25T15:36:45.917+0000] {dag.py:2676} INFO - Sync 1 DAGs
[2022-12-25T15:36:45.962+0000] {logging_mixin.py:137} INFO - [2022-12-25T15:36:45.962+0000] {dag.py:3427} INFO - Setting next_dagrun for example_bash_operator to 2022-12-24T00:00:00+00:00, run_after=2022-12-25T00:00:00+00:00
[2022-12-25T15:36:45.996+0000] {processor.py:175} INFO - Processing /home/airflow/.local/lib/python3.7/site-packages/airflow/example_dags/example_bash_operator.py took 0.184 seconds
[2022-12-25T15:37:16.541+0000] {processor.py:153} INFO - Started process (PID=2625) to work on /home/airflow/.local/lib/python3.7/site-packages/airflow/example_dags/example_bash_operator.py
[2022-12-25T15:37:16.542+0000] {processor.py:743} INFO - Processing file /home/airflow/.local/lib/python3.7/site-packages/airflow/example_dags/example_bash_operator.py for tasks to queue
[2022-12-25T15:37:16.543+0000] {logging_mixin.py:137} INFO - [2022-12-25T15:37:16.543+0000] {dagbag.py:538} INFO - Filling up the DagBag from /home/airflow/.local/lib/python3.7/site-packages/airflow/example_dags/example_bash_operator.py
[2022-12-25T15:37:16.568+0000] {processor.py:753} INFO - DAG(s) dict_keys(['example_bash_operator']) retrieved from /home/airflow/.local/lib/python3.7/site-packages/airflow/example_dags/example_bash_operator.py
[2022-12-25T15:37:16.620+0000] {logging_mixin.py:137} INFO - [2022-12-25T15:37:16.620+0000] {dag.py:2676} INFO - Sync 1 DAGs
[2022-12-25T15:37:16.651+0000] {logging_mixin.py:137} INFO - [2022-12-25T15:37:16.650+0000] {dag.py:3427} INFO - Setting next_dagrun for example_bash_operator to 2022-12-24T00:00:00+00:00, run_after=2022-12-25T00:00:00+00:00
[2022-12-25T15:37:16.672+0000] {processor.py:175} INFO - Processing /home/airflow/.local/lib/python3.7/site-packages/airflow/example_dags/example_bash_operator.py took 0.134 seconds
[2022-12-25T15:37:46.714+0000] {processor.py:153} INFO - Started process (PID=2855) to work on /home/airflow/.local/lib/python3.7/site-packages/airflow/example_dags/example_bash_operator.py
[2022-12-25T15:37:46.715+0000] {processor.py:743} INFO - Processing file /home/airflow/.local/lib/python3.7/site-packages/airflow/example_dags/example_bash_operator.py for tasks to queue
[2022-12-25T15:37:46.716+0000] {logging_mixin.py:137} INFO - [2022-12-25T15:37:46.715+0000] {dagbag.py:538} INFO - Filling up the DagBag from /home/airflow/.local/lib/python3.7/site-packages/airflow/example_dags/example_bash_operator.py
[2022-12-25T15:37:46.744+0000] {processor.py:753} INFO - DAG(s) dict_keys(['example_bash_operator']) retrieved from /home/airflow/.local/lib/python3.7/site-packages/airflow/example_dags/example_bash_operator.py
[2022-12-25T15:37:46.806+0000] {logging_mixin.py:137} INFO - [2022-12-25T15:37:46.806+0000] {dag.py:2676} INFO - Sync 1 DAGs
[2022-12-25T15:37:46.838+0000] {logging_mixin.py:137} INFO - [2022-12-25T15:37:46.838+0000] {dag.py:3427} INFO - Setting next_dagrun for example_bash_operator to 2022-12-24T00:00:00+00:00, run_after=2022-12-25T00:00:00+00:00
[2022-12-25T15:37:46.863+0000] {processor.py:175} INFO - Processing /home/airflow/.local/lib/python3.7/site-packages/airflow/example_dags/example_bash_operator.py took 0.153 seconds
[2022-12-25T15:38:17.359+0000] {processor.py:153} INFO - Started process (PID=3105) to work on /home/airflow/.local/lib/python3.7/site-packages/airflow/example_dags/example_bash_operator.py
[2022-12-25T15:38:17.361+0000] {processor.py:743} INFO - Processing file /home/airflow/.local/lib/python3.7/site-packages/airflow/example_dags/example_bash_operator.py for tasks to queue
[2022-12-25T15:38:17.361+0000] {logging_mixin.py:137} INFO - [2022-12-25T15:38:17.361+0000] {dagbag.py:538} INFO - Filling up the DagBag from /home/airflow/.local/lib/python3.7/site-packages/airflow/example_dags/example_bash_operator.py
[2022-12-25T15:38:17.386+0000] {processor.py:753} INFO - DAG(s) dict_keys(['example_bash_operator']) retrieved from /home/airflow/.local/lib/python3.7/site-packages/airflow/example_dags/example_bash_operator.py
[2022-12-25T15:38:17.437+0000] {logging_mixin.py:137} INFO - [2022-12-25T15:38:17.436+0000] {dag.py:2676} INFO - Sync 1 DAGs
[2022-12-25T15:38:17.465+0000] {logging_mixin.py:137} INFO - [2022-12-25T15:38:17.465+0000] {dag.py:3427} INFO - Setting next_dagrun for example_bash_operator to 2022-12-24T00:00:00+00:00, run_after=2022-12-25T00:00:00+00:00
[2022-12-25T15:38:17.484+0000] {processor.py:175} INFO - Processing /home/airflow/.local/lib/python3.7/site-packages/airflow/example_dags/example_bash_operator.py took 0.128 seconds
[2022-12-25T15:38:48.017+0000] {processor.py:153} INFO - Started process (PID=3335) to work on /home/airflow/.local/lib/python3.7/site-packages/airflow/example_dags/example_bash_operator.py
[2022-12-25T15:38:48.018+0000] {processor.py:743} INFO - Processing file /home/airflow/.local/lib/python3.7/site-packages/airflow/example_dags/example_bash_operator.py for tasks to queue
[2022-12-25T15:38:48.018+0000] {logging_mixin.py:137} INFO - [2022-12-25T15:38:48.018+0000] {dagbag.py:538} INFO - Filling up the DagBag from /home/airflow/.local/lib/python3.7/site-packages/airflow/example_dags/example_bash_operator.py
[2022-12-25T15:38:48.042+0000] {processor.py:753} INFO - DAG(s) dict_keys(['example_bash_operator']) retrieved from /home/airflow/.local/lib/python3.7/site-packages/airflow/example_dags/example_bash_operator.py
[2022-12-25T15:38:48.113+0000] {logging_mixin.py:137} INFO - [2022-12-25T15:38:48.112+0000] {dag.py:2676} INFO - Sync 1 DAGs
[2022-12-25T15:38:48.161+0000] {logging_mixin.py:137} INFO - [2022-12-25T15:38:48.161+0000] {dag.py:3427} INFO - Setting next_dagrun for example_bash_operator to 2022-12-24T00:00:00+00:00, run_after=2022-12-25T00:00:00+00:00
[2022-12-25T15:38:48.205+0000] {processor.py:175} INFO - Processing /home/airflow/.local/lib/python3.7/site-packages/airflow/example_dags/example_bash_operator.py took 0.192 seconds
[2022-12-25T15:39:20.207+0000] {processor.py:153} INFO - Started process (PID=3585) to work on /home/airflow/.local/lib/python3.7/site-packages/airflow/example_dags/example_bash_operator.py
[2022-12-25T15:39:20.209+0000] {processor.py:743} INFO - Processing file /home/airflow/.local/lib/python3.7/site-packages/airflow/example_dags/example_bash_operator.py for tasks to queue
[2022-12-25T15:39:20.209+0000] {logging_mixin.py:137} INFO - [2022-12-25T15:39:20.209+0000] {dagbag.py:538} INFO - Filling up the DagBag from /home/airflow/.local/lib/python3.7/site-packages/airflow/example_dags/example_bash_operator.py
[2022-12-25T15:39:20.233+0000] {processor.py:753} INFO - DAG(s) dict_keys(['example_bash_operator']) retrieved from /home/airflow/.local/lib/python3.7/site-packages/airflow/example_dags/example_bash_operator.py
[2022-12-25T15:39:20.264+0000] {logging_mixin.py:137} INFO - [2022-12-25T15:39:20.264+0000] {dag.py:2676} INFO - Sync 1 DAGs
[2022-12-25T15:39:20.298+0000] {logging_mixin.py:137} INFO - [2022-12-25T15:39:20.298+0000] {dag.py:3427} INFO - Setting next_dagrun for example_bash_operator to 2022-12-24T00:00:00+00:00, run_after=2022-12-25T00:00:00+00:00
[2022-12-25T15:39:20.325+0000] {processor.py:175} INFO - Processing /home/airflow/.local/lib/python3.7/site-packages/airflow/example_dags/example_bash_operator.py took 0.125 seconds
[2022-12-25T15:39:51.116+0000] {processor.py:153} INFO - Started process (PID=3815) to work on /home/airflow/.local/lib/python3.7/site-packages/airflow/example_dags/example_bash_operator.py
[2022-12-25T15:39:51.117+0000] {processor.py:743} INFO - Processing file /home/airflow/.local/lib/python3.7/site-packages/airflow/example_dags/example_bash_operator.py for tasks to queue
[2022-12-25T15:39:51.118+0000] {logging_mixin.py:137} INFO - [2022-12-25T15:39:51.118+0000] {dagbag.py:538} INFO - Filling up the DagBag from /home/airflow/.local/lib/python3.7/site-packages/airflow/example_dags/example_bash_operator.py
[2022-12-25T15:39:51.139+0000] {processor.py:753} INFO - DAG(s) dict_keys(['example_bash_operator']) retrieved from /home/airflow/.local/lib/python3.7/site-packages/airflow/example_dags/example_bash_operator.py
[2022-12-25T15:39:51.192+0000] {logging_mixin.py:137} INFO - [2022-12-25T15:39:51.192+0000] {dag.py:2676} INFO - Sync 1 DAGs
[2022-12-25T15:39:51.223+0000] {logging_mixin.py:137} INFO - [2022-12-25T15:39:51.223+0000] {dag.py:3427} INFO - Setting next_dagrun for example_bash_operator to 2022-12-24T00:00:00+00:00, run_after=2022-12-25T00:00:00+00:00
[2022-12-25T15:39:51.251+0000] {processor.py:175} INFO - Processing /home/airflow/.local/lib/python3.7/site-packages/airflow/example_dags/example_bash_operator.py took 0.139 seconds
[2022-12-25T15:40:21.553+0000] {processor.py:153} INFO - Started process (PID=4053) to work on /home/airflow/.local/lib/python3.7/site-packages/airflow/example_dags/example_bash_operator.py
[2022-12-25T15:40:21.555+0000] {processor.py:743} INFO - Processing file /home/airflow/.local/lib/python3.7/site-packages/airflow/example_dags/example_bash_operator.py for tasks to queue
[2022-12-25T15:40:21.555+0000] {logging_mixin.py:137} INFO - [2022-12-25T15:40:21.555+0000] {dagbag.py:538} INFO - Filling up the DagBag from /home/airflow/.local/lib/python3.7/site-packages/airflow/example_dags/example_bash_operator.py
[2022-12-25T15:40:21.584+0000] {processor.py:753} INFO - DAG(s) dict_keys(['example_bash_operator']) retrieved from /home/airflow/.local/lib/python3.7/site-packages/airflow/example_dags/example_bash_operator.py
[2022-12-25T15:40:21.647+0000] {logging_mixin.py:137} INFO - [2022-12-25T15:40:21.646+0000] {dag.py:2676} INFO - Sync 1 DAGs
[2022-12-25T15:40:21.683+0000] {logging_mixin.py:137} INFO - [2022-12-25T15:40:21.683+0000] {dag.py:3427} INFO - Setting next_dagrun for example_bash_operator to 2022-12-24T00:00:00+00:00, run_after=2022-12-25T00:00:00+00:00
[2022-12-25T15:40:21.708+0000] {processor.py:175} INFO - Processing /home/airflow/.local/lib/python3.7/site-packages/airflow/example_dags/example_bash_operator.py took 0.161 seconds
[2022-12-25T15:40:51.811+0000] {processor.py:153} INFO - Started process (PID=4296) to work on /home/airflow/.local/lib/python3.7/site-packages/airflow/example_dags/example_bash_operator.py
[2022-12-25T15:40:51.812+0000] {processor.py:743} INFO - Processing file /home/airflow/.local/lib/python3.7/site-packages/airflow/example_dags/example_bash_operator.py for tasks to queue
[2022-12-25T15:40:51.813+0000] {logging_mixin.py:137} INFO - [2022-12-25T15:40:51.813+0000] {dagbag.py:538} INFO - Filling up the DagBag from /home/airflow/.local/lib/python3.7/site-packages/airflow/example_dags/example_bash_operator.py
[2022-12-25T15:40:51.833+0000] {processor.py:753} INFO - DAG(s) dict_keys(['example_bash_operator']) retrieved from /home/airflow/.local/lib/python3.7/site-packages/airflow/example_dags/example_bash_operator.py
[2022-12-25T15:40:51.883+0000] {logging_mixin.py:137} INFO - [2022-12-25T15:40:51.883+0000] {dag.py:2676} INFO - Sync 1 DAGs
[2022-12-25T15:40:51.914+0000] {logging_mixin.py:137} INFO - [2022-12-25T15:40:51.914+0000] {dag.py:3427} INFO - Setting next_dagrun for example_bash_operator to 2022-12-24T00:00:00+00:00, run_after=2022-12-25T00:00:00+00:00
[2022-12-25T15:40:51.935+0000] {processor.py:175} INFO - Processing /home/airflow/.local/lib/python3.7/site-packages/airflow/example_dags/example_bash_operator.py took 0.127 seconds
[2022-12-25T15:41:22.208+0000] {processor.py:153} INFO - Started process (PID=4526) to work on /home/airflow/.local/lib/python3.7/site-packages/airflow/example_dags/example_bash_operator.py
[2022-12-25T15:41:22.209+0000] {processor.py:743} INFO - Processing file /home/airflow/.local/lib/python3.7/site-packages/airflow/example_dags/example_bash_operator.py for tasks to queue
[2022-12-25T15:41:22.210+0000] {logging_mixin.py:137} INFO - [2022-12-25T15:41:22.210+0000] {dagbag.py:538} INFO - Filling up the DagBag from /home/airflow/.local/lib/python3.7/site-packages/airflow/example_dags/example_bash_operator.py
[2022-12-25T15:41:22.246+0000] {processor.py:753} INFO - DAG(s) dict_keys(['example_bash_operator']) retrieved from /home/airflow/.local/lib/python3.7/site-packages/airflow/example_dags/example_bash_operator.py
[2022-12-25T15:41:22.327+0000] {logging_mixin.py:137} INFO - [2022-12-25T15:41:22.327+0000] {dag.py:2676} INFO - Sync 1 DAGs
[2022-12-25T15:41:22.381+0000] {logging_mixin.py:137} INFO - [2022-12-25T15:41:22.381+0000] {dag.py:3427} INFO - Setting next_dagrun for example_bash_operator to 2022-12-24T00:00:00+00:00, run_after=2022-12-25T00:00:00+00:00
[2022-12-25T15:41:22.431+0000] {processor.py:175} INFO - Processing /home/airflow/.local/lib/python3.7/site-packages/airflow/example_dags/example_bash_operator.py took 0.228 seconds
[2022-12-25T15:41:52.563+0000] {processor.py:153} INFO - Started process (PID=4776) to work on /home/airflow/.local/lib/python3.7/site-packages/airflow/example_dags/example_bash_operator.py
[2022-12-25T15:41:52.565+0000] {processor.py:743} INFO - Processing file /home/airflow/.local/lib/python3.7/site-packages/airflow/example_dags/example_bash_operator.py for tasks to queue
[2022-12-25T15:41:52.566+0000] {logging_mixin.py:137} INFO - [2022-12-25T15:41:52.566+0000] {dagbag.py:538} INFO - Filling up the DagBag from /home/airflow/.local/lib/python3.7/site-packages/airflow/example_dags/example_bash_operator.py
[2022-12-25T15:41:52.599+0000] {processor.py:753} INFO - DAG(s) dict_keys(['example_bash_operator']) retrieved from /home/airflow/.local/lib/python3.7/site-packages/airflow/example_dags/example_bash_operator.py
[2022-12-25T15:41:52.668+0000] {logging_mixin.py:137} INFO - [2022-12-25T15:41:52.667+0000] {dag.py:2676} INFO - Sync 1 DAGs
[2022-12-25T15:41:52.700+0000] {logging_mixin.py:137} INFO - [2022-12-25T15:41:52.700+0000] {dag.py:3427} INFO - Setting next_dagrun for example_bash_operator to 2022-12-24T00:00:00+00:00, run_after=2022-12-25T00:00:00+00:00
[2022-12-25T15:41:52.725+0000] {processor.py:175} INFO - Processing /home/airflow/.local/lib/python3.7/site-packages/airflow/example_dags/example_bash_operator.py took 0.169 seconds
[2022-12-25T15:42:23.591+0000] {processor.py:153} INFO - Started process (PID=5008) to work on /home/airflow/.local/lib/python3.7/site-packages/airflow/example_dags/example_bash_operator.py
[2022-12-25T15:42:23.592+0000] {processor.py:743} INFO - Processing file /home/airflow/.local/lib/python3.7/site-packages/airflow/example_dags/example_bash_operator.py for tasks to queue
[2022-12-25T15:42:23.593+0000] {logging_mixin.py:137} INFO - [2022-12-25T15:42:23.593+0000] {dagbag.py:538} INFO - Filling up the DagBag from /home/airflow/.local/lib/python3.7/site-packages/airflow/example_dags/example_bash_operator.py
[2022-12-25T15:42:23.622+0000] {processor.py:753} INFO - DAG(s) dict_keys(['example_bash_operator']) retrieved from /home/airflow/.local/lib/python3.7/site-packages/airflow/example_dags/example_bash_operator.py
[2022-12-25T15:42:23.692+0000] {logging_mixin.py:137} INFO - [2022-12-25T15:42:23.692+0000] {dag.py:2676} INFO - Sync 1 DAGs
[2022-12-25T15:42:23.733+0000] {logging_mixin.py:137} INFO - [2022-12-25T15:42:23.733+0000] {dag.py:3427} INFO - Setting next_dagrun for example_bash_operator to 2022-12-24T00:00:00+00:00, run_after=2022-12-25T00:00:00+00:00
[2022-12-25T15:42:23.760+0000] {processor.py:175} INFO - Processing /home/airflow/.local/lib/python3.7/site-packages/airflow/example_dags/example_bash_operator.py took 0.173 seconds
[2022-12-25T15:42:53.821+0000] {processor.py:153} INFO - Started process (PID=5239) to work on /home/airflow/.local/lib/python3.7/site-packages/airflow/example_dags/example_bash_operator.py
[2022-12-25T15:42:53.822+0000] {processor.py:743} INFO - Processing file /home/airflow/.local/lib/python3.7/site-packages/airflow/example_dags/example_bash_operator.py for tasks to queue
[2022-12-25T15:42:53.823+0000] {logging_mixin.py:137} INFO - [2022-12-25T15:42:53.823+0000] {dagbag.py:538} INFO - Filling up the DagBag from /home/airflow/.local/lib/python3.7/site-packages/airflow/example_dags/example_bash_operator.py
[2022-12-25T15:42:53.844+0000] {processor.py:753} INFO - DAG(s) dict_keys(['example_bash_operator']) retrieved from /home/airflow/.local/lib/python3.7/site-packages/airflow/example_dags/example_bash_operator.py
[2022-12-25T15:42:53.898+0000] {logging_mixin.py:137} INFO - [2022-12-25T15:42:53.898+0000] {dag.py:2676} INFO - Sync 1 DAGs
[2022-12-25T15:42:53.924+0000] {logging_mixin.py:137} INFO - [2022-12-25T15:42:53.924+0000] {dag.py:3427} INFO - Setting next_dagrun for example_bash_operator to 2022-12-24T00:00:00+00:00, run_after=2022-12-25T00:00:00+00:00
[2022-12-25T15:42:53.943+0000] {processor.py:175} INFO - Processing /home/airflow/.local/lib/python3.7/site-packages/airflow/example_dags/example_bash_operator.py took 0.125 seconds
[2022-12-25T15:43:24.493+0000] {processor.py:153} INFO - Started process (PID=5489) to work on /home/airflow/.local/lib/python3.7/site-packages/airflow/example_dags/example_bash_operator.py
[2022-12-25T15:43:24.494+0000] {processor.py:743} INFO - Processing file /home/airflow/.local/lib/python3.7/site-packages/airflow/example_dags/example_bash_operator.py for tasks to queue
[2022-12-25T15:43:24.495+0000] {logging_mixin.py:137} INFO - [2022-12-25T15:43:24.495+0000] {dagbag.py:538} INFO - Filling up the DagBag from /home/airflow/.local/lib/python3.7/site-packages/airflow/example_dags/example_bash_operator.py
[2022-12-25T15:43:24.519+0000] {processor.py:753} INFO - DAG(s) dict_keys(['example_bash_operator']) retrieved from /home/airflow/.local/lib/python3.7/site-packages/airflow/example_dags/example_bash_operator.py
[2022-12-25T15:43:24.583+0000] {logging_mixin.py:137} INFO - [2022-12-25T15:43:24.582+0000] {dag.py:2676} INFO - Sync 1 DAGs
[2022-12-25T15:43:24.619+0000] {logging_mixin.py:137} INFO - [2022-12-25T15:43:24.619+0000] {dag.py:3427} INFO - Setting next_dagrun for example_bash_operator to 2022-12-24T00:00:00+00:00, run_after=2022-12-25T00:00:00+00:00
[2022-12-25T15:43:24.643+0000] {processor.py:175} INFO - Processing /home/airflow/.local/lib/python3.7/site-packages/airflow/example_dags/example_bash_operator.py took 0.153 seconds
[2022-12-25T15:43:54.717+0000] {processor.py:153} INFO - Started process (PID=5720) to work on /home/airflow/.local/lib/python3.7/site-packages/airflow/example_dags/example_bash_operator.py
[2022-12-25T15:43:54.718+0000] {processor.py:743} INFO - Processing file /home/airflow/.local/lib/python3.7/site-packages/airflow/example_dags/example_bash_operator.py for tasks to queue
[2022-12-25T15:43:54.718+0000] {logging_mixin.py:137} INFO - [2022-12-25T15:43:54.718+0000] {dagbag.py:538} INFO - Filling up the DagBag from /home/airflow/.local/lib/python3.7/site-packages/airflow/example_dags/example_bash_operator.py
[2022-12-25T15:43:54.744+0000] {processor.py:753} INFO - DAG(s) dict_keys(['example_bash_operator']) retrieved from /home/airflow/.local/lib/python3.7/site-packages/airflow/example_dags/example_bash_operator.py
[2022-12-25T15:43:54.793+0000] {logging_mixin.py:137} INFO - [2022-12-25T15:43:54.793+0000] {dag.py:2676} INFO - Sync 1 DAGs
[2022-12-25T15:43:54.819+0000] {logging_mixin.py:137} INFO - [2022-12-25T15:43:54.819+0000] {dag.py:3427} INFO - Setting next_dagrun for example_bash_operator to 2022-12-24T00:00:00+00:00, run_after=2022-12-25T00:00:00+00:00
[2022-12-25T15:43:54.840+0000] {processor.py:175} INFO - Processing /home/airflow/.local/lib/python3.7/site-packages/airflow/example_dags/example_bash_operator.py took 0.126 seconds
[2022-12-25T15:44:25.563+0000] {processor.py:153} INFO - Started process (PID=5959) to work on /home/airflow/.local/lib/python3.7/site-packages/airflow/example_dags/example_bash_operator.py
[2022-12-25T15:44:25.565+0000] {processor.py:743} INFO - Processing file /home/airflow/.local/lib/python3.7/site-packages/airflow/example_dags/example_bash_operator.py for tasks to queue
[2022-12-25T15:44:25.565+0000] {logging_mixin.py:137} INFO - [2022-12-25T15:44:25.565+0000] {dagbag.py:538} INFO - Filling up the DagBag from /home/airflow/.local/lib/python3.7/site-packages/airflow/example_dags/example_bash_operator.py
[2022-12-25T15:44:25.587+0000] {processor.py:753} INFO - DAG(s) dict_keys(['example_bash_operator']) retrieved from /home/airflow/.local/lib/python3.7/site-packages/airflow/example_dags/example_bash_operator.py
[2022-12-25T15:44:25.637+0000] {logging_mixin.py:137} INFO - [2022-12-25T15:44:25.637+0000] {dag.py:2676} INFO - Sync 1 DAGs
[2022-12-25T15:44:25.668+0000] {logging_mixin.py:137} INFO - [2022-12-25T15:44:25.668+0000] {dag.py:3427} INFO - Setting next_dagrun for example_bash_operator to 2022-12-24T00:00:00+00:00, run_after=2022-12-25T00:00:00+00:00
[2022-12-25T15:44:25.689+0000] {processor.py:175} INFO - Processing /home/airflow/.local/lib/python3.7/site-packages/airflow/example_dags/example_bash_operator.py took 0.129 seconds
[2022-12-25T15:44:56.528+0000] {processor.py:153} INFO - Started process (PID=6200) to work on /home/airflow/.local/lib/python3.7/site-packages/airflow/example_dags/example_bash_operator.py
[2022-12-25T15:44:56.529+0000] {processor.py:743} INFO - Processing file /home/airflow/.local/lib/python3.7/site-packages/airflow/example_dags/example_bash_operator.py for tasks to queue
[2022-12-25T15:44:56.529+0000] {logging_mixin.py:137} INFO - [2022-12-25T15:44:56.529+0000] {dagbag.py:538} INFO - Filling up the DagBag from /home/airflow/.local/lib/python3.7/site-packages/airflow/example_dags/example_bash_operator.py
[2022-12-25T15:44:56.551+0000] {processor.py:753} INFO - DAG(s) dict_keys(['example_bash_operator']) retrieved from /home/airflow/.local/lib/python3.7/site-packages/airflow/example_dags/example_bash_operator.py
[2022-12-25T15:44:56.604+0000] {logging_mixin.py:137} INFO - [2022-12-25T15:44:56.604+0000] {dag.py:2676} INFO - Sync 1 DAGs
[2022-12-25T15:44:56.641+0000] {logging_mixin.py:137} INFO - [2022-12-25T15:44:56.641+0000] {dag.py:3427} INFO - Setting next_dagrun for example_bash_operator to 2022-12-24T00:00:00+00:00, run_after=2022-12-25T00:00:00+00:00
[2022-12-25T15:44:56.676+0000] {processor.py:175} INFO - Processing /home/airflow/.local/lib/python3.7/site-packages/airflow/example_dags/example_bash_operator.py took 0.151 seconds
[2022-12-25T15:45:27.616+0000] {processor.py:153} INFO - Started process (PID=6430) to work on /home/airflow/.local/lib/python3.7/site-packages/airflow/example_dags/example_bash_operator.py
[2022-12-25T15:45:27.618+0000] {processor.py:743} INFO - Processing file /home/airflow/.local/lib/python3.7/site-packages/airflow/example_dags/example_bash_operator.py for tasks to queue
[2022-12-25T15:45:27.619+0000] {logging_mixin.py:137} INFO - [2022-12-25T15:45:27.619+0000] {dagbag.py:538} INFO - Filling up the DagBag from /home/airflow/.local/lib/python3.7/site-packages/airflow/example_dags/example_bash_operator.py
[2022-12-25T15:45:27.641+0000] {processor.py:753} INFO - DAG(s) dict_keys(['example_bash_operator']) retrieved from /home/airflow/.local/lib/python3.7/site-packages/airflow/example_dags/example_bash_operator.py
[2022-12-25T15:45:27.693+0000] {logging_mixin.py:137} INFO - [2022-12-25T15:45:27.693+0000] {dag.py:2676} INFO - Sync 1 DAGs
[2022-12-25T15:45:27.721+0000] {logging_mixin.py:137} INFO - [2022-12-25T15:45:27.720+0000] {dag.py:3427} INFO - Setting next_dagrun for example_bash_operator to 2022-12-24T00:00:00+00:00, run_after=2022-12-25T00:00:00+00:00
[2022-12-25T15:45:27.740+0000] {processor.py:175} INFO - Processing /home/airflow/.local/lib/python3.7/site-packages/airflow/example_dags/example_bash_operator.py took 0.127 seconds
[2022-12-25T15:45:58.013+0000] {processor.py:153} INFO - Started process (PID=6680) to work on /home/airflow/.local/lib/python3.7/site-packages/airflow/example_dags/example_bash_operator.py
[2022-12-25T15:45:58.015+0000] {processor.py:743} INFO - Processing file /home/airflow/.local/lib/python3.7/site-packages/airflow/example_dags/example_bash_operator.py for tasks to queue
[2022-12-25T15:45:58.015+0000] {logging_mixin.py:137} INFO - [2022-12-25T15:45:58.015+0000] {dagbag.py:538} INFO - Filling up the DagBag from /home/airflow/.local/lib/python3.7/site-packages/airflow/example_dags/example_bash_operator.py
[2022-12-25T15:45:58.039+0000] {processor.py:753} INFO - DAG(s) dict_keys(['example_bash_operator']) retrieved from /home/airflow/.local/lib/python3.7/site-packages/airflow/example_dags/example_bash_operator.py
[2022-12-25T15:45:58.097+0000] {logging_mixin.py:137} INFO - [2022-12-25T15:45:58.097+0000] {dag.py:2676} INFO - Sync 1 DAGs
[2022-12-25T15:45:58.126+0000] {logging_mixin.py:137} INFO - [2022-12-25T15:45:58.126+0000] {dag.py:3427} INFO - Setting next_dagrun for example_bash_operator to 2022-12-24T00:00:00+00:00, run_after=2022-12-25T00:00:00+00:00
[2022-12-25T15:45:58.153+0000] {processor.py:175} INFO - Processing /home/airflow/.local/lib/python3.7/site-packages/airflow/example_dags/example_bash_operator.py took 0.143 seconds
[2022-12-25T15:46:28.263+0000] {processor.py:153} INFO - Started process (PID=6910) to work on /home/airflow/.local/lib/python3.7/site-packages/airflow/example_dags/example_bash_operator.py
[2022-12-25T15:46:28.265+0000] {processor.py:743} INFO - Processing file /home/airflow/.local/lib/python3.7/site-packages/airflow/example_dags/example_bash_operator.py for tasks to queue
[2022-12-25T15:46:28.265+0000] {logging_mixin.py:137} INFO - [2022-12-25T15:46:28.265+0000] {dagbag.py:538} INFO - Filling up the DagBag from /home/airflow/.local/lib/python3.7/site-packages/airflow/example_dags/example_bash_operator.py
[2022-12-25T15:46:28.291+0000] {processor.py:753} INFO - DAG(s) dict_keys(['example_bash_operator']) retrieved from /home/airflow/.local/lib/python3.7/site-packages/airflow/example_dags/example_bash_operator.py
[2022-12-25T15:46:28.348+0000] {logging_mixin.py:137} INFO - [2022-12-25T15:46:28.347+0000] {dag.py:2676} INFO - Sync 1 DAGs
[2022-12-25T15:46:28.376+0000] {logging_mixin.py:137} INFO - [2022-12-25T15:46:28.376+0000] {dag.py:3427} INFO - Setting next_dagrun for example_bash_operator to 2022-12-24T00:00:00+00:00, run_after=2022-12-25T00:00:00+00:00
[2022-12-25T15:46:28.402+0000] {processor.py:175} INFO - Processing /home/airflow/.local/lib/python3.7/site-packages/airflow/example_dags/example_bash_operator.py took 0.141 seconds
[2022-12-25T15:46:58.592+0000] {processor.py:153} INFO - Started process (PID=7160) to work on /home/airflow/.local/lib/python3.7/site-packages/airflow/example_dags/example_bash_operator.py
[2022-12-25T15:46:58.594+0000] {processor.py:743} INFO - Processing file /home/airflow/.local/lib/python3.7/site-packages/airflow/example_dags/example_bash_operator.py for tasks to queue
[2022-12-25T15:46:58.595+0000] {logging_mixin.py:137} INFO - [2022-12-25T15:46:58.595+0000] {dagbag.py:538} INFO - Filling up the DagBag from /home/airflow/.local/lib/python3.7/site-packages/airflow/example_dags/example_bash_operator.py
[2022-12-25T15:46:58.637+0000] {processor.py:753} INFO - DAG(s) dict_keys(['example_bash_operator']) retrieved from /home/airflow/.local/lib/python3.7/site-packages/airflow/example_dags/example_bash_operator.py
[2022-12-25T15:46:58.722+0000] {logging_mixin.py:137} INFO - [2022-12-25T15:46:58.722+0000] {dag.py:2676} INFO - Sync 1 DAGs
[2022-12-25T15:46:58.781+0000] {logging_mixin.py:137} INFO - [2022-12-25T15:46:58.780+0000] {dag.py:3427} INFO - Setting next_dagrun for example_bash_operator to 2022-12-24T00:00:00+00:00, run_after=2022-12-25T00:00:00+00:00
[2022-12-25T15:46:58.813+0000] {processor.py:175} INFO - Processing /home/airflow/.local/lib/python3.7/site-packages/airflow/example_dags/example_bash_operator.py took 0.224 seconds
[2022-12-25T15:47:29.231+0000] {processor.py:153} INFO - Started process (PID=7391) to work on /home/airflow/.local/lib/python3.7/site-packages/airflow/example_dags/example_bash_operator.py
[2022-12-25T15:47:29.233+0000] {processor.py:743} INFO - Processing file /home/airflow/.local/lib/python3.7/site-packages/airflow/example_dags/example_bash_operator.py for tasks to queue
[2022-12-25T15:47:29.233+0000] {logging_mixin.py:137} INFO - [2022-12-25T15:47:29.233+0000] {dagbag.py:538} INFO - Filling up the DagBag from /home/airflow/.local/lib/python3.7/site-packages/airflow/example_dags/example_bash_operator.py
[2022-12-25T15:47:29.258+0000] {processor.py:753} INFO - DAG(s) dict_keys(['example_bash_operator']) retrieved from /home/airflow/.local/lib/python3.7/site-packages/airflow/example_dags/example_bash_operator.py
[2022-12-25T15:47:29.312+0000] {logging_mixin.py:137} INFO - [2022-12-25T15:47:29.312+0000] {dag.py:2676} INFO - Sync 1 DAGs
[2022-12-25T15:47:29.342+0000] {logging_mixin.py:137} INFO - [2022-12-25T15:47:29.342+0000] {dag.py:3427} INFO - Setting next_dagrun for example_bash_operator to 2022-12-24T00:00:00+00:00, run_after=2022-12-25T00:00:00+00:00
[2022-12-25T15:47:29.370+0000] {processor.py:175} INFO - Processing /home/airflow/.local/lib/python3.7/site-packages/airflow/example_dags/example_bash_operator.py took 0.142 seconds
[2022-12-25T15:48:00.190+0000] {processor.py:153} INFO - Started process (PID=7621) to work on /home/airflow/.local/lib/python3.7/site-packages/airflow/example_dags/example_bash_operator.py
[2022-12-25T15:48:00.191+0000] {processor.py:743} INFO - Processing file /home/airflow/.local/lib/python3.7/site-packages/airflow/example_dags/example_bash_operator.py for tasks to queue
[2022-12-25T15:48:00.191+0000] {logging_mixin.py:137} INFO - [2022-12-25T15:48:00.191+0000] {dagbag.py:538} INFO - Filling up the DagBag from /home/airflow/.local/lib/python3.7/site-packages/airflow/example_dags/example_bash_operator.py
[2022-12-25T15:48:00.215+0000] {processor.py:753} INFO - DAG(s) dict_keys(['example_bash_operator']) retrieved from /home/airflow/.local/lib/python3.7/site-packages/airflow/example_dags/example_bash_operator.py
[2022-12-25T15:48:00.267+0000] {logging_mixin.py:137} INFO - [2022-12-25T15:48:00.267+0000] {dag.py:2676} INFO - Sync 1 DAGs
[2022-12-25T15:48:00.294+0000] {logging_mixin.py:137} INFO - [2022-12-25T15:48:00.294+0000] {dag.py:3427} INFO - Setting next_dagrun for example_bash_operator to 2022-12-24T00:00:00+00:00, run_after=2022-12-25T00:00:00+00:00
[2022-12-25T15:48:00.315+0000] {processor.py:175} INFO - Processing /home/airflow/.local/lib/python3.7/site-packages/airflow/example_dags/example_bash_operator.py took 0.129 seconds
[2022-12-25T15:48:30.704+0000] {processor.py:153} INFO - Started process (PID=7860) to work on /home/airflow/.local/lib/python3.7/site-packages/airflow/example_dags/example_bash_operator.py
[2022-12-25T15:48:30.705+0000] {processor.py:743} INFO - Processing file /home/airflow/.local/lib/python3.7/site-packages/airflow/example_dags/example_bash_operator.py for tasks to queue
[2022-12-25T15:48:30.706+0000] {logging_mixin.py:137} INFO - [2022-12-25T15:48:30.706+0000] {dagbag.py:538} INFO - Filling up the DagBag from /home/airflow/.local/lib/python3.7/site-packages/airflow/example_dags/example_bash_operator.py
[2022-12-25T15:48:30.731+0000] {processor.py:753} INFO - DAG(s) dict_keys(['example_bash_operator']) retrieved from /home/airflow/.local/lib/python3.7/site-packages/airflow/example_dags/example_bash_operator.py
[2022-12-25T15:48:30.783+0000] {logging_mixin.py:137} INFO - [2022-12-25T15:48:30.783+0000] {dag.py:2676} INFO - Sync 1 DAGs
[2022-12-25T15:48:30.811+0000] {logging_mixin.py:137} INFO - [2022-12-25T15:48:30.811+0000] {dag.py:3427} INFO - Setting next_dagrun for example_bash_operator to 2022-12-24T00:00:00+00:00, run_after=2022-12-25T00:00:00+00:00
[2022-12-25T15:48:30.831+0000] {processor.py:175} INFO - Processing /home/airflow/.local/lib/python3.7/site-packages/airflow/example_dags/example_bash_operator.py took 0.130 seconds
[2022-12-25T15:49:01.276+0000] {processor.py:153} INFO - Started process (PID=8101) to work on /home/airflow/.local/lib/python3.7/site-packages/airflow/example_dags/example_bash_operator.py
[2022-12-25T15:49:01.278+0000] {processor.py:743} INFO - Processing file /home/airflow/.local/lib/python3.7/site-packages/airflow/example_dags/example_bash_operator.py for tasks to queue
[2022-12-25T15:49:01.279+0000] {logging_mixin.py:137} INFO - [2022-12-25T15:49:01.279+0000] {dagbag.py:538} INFO - Filling up the DagBag from /home/airflow/.local/lib/python3.7/site-packages/airflow/example_dags/example_bash_operator.py
[2022-12-25T15:49:01.304+0000] {processor.py:753} INFO - DAG(s) dict_keys(['example_bash_operator']) retrieved from /home/airflow/.local/lib/python3.7/site-packages/airflow/example_dags/example_bash_operator.py
[2022-12-25T15:49:01.360+0000] {logging_mixin.py:137} INFO - [2022-12-25T15:49:01.359+0000] {dag.py:2676} INFO - Sync 1 DAGs
[2022-12-25T15:49:01.387+0000] {logging_mixin.py:137} INFO - [2022-12-25T15:49:01.386+0000] {dag.py:3427} INFO - Setting next_dagrun for example_bash_operator to 2022-12-24T00:00:00+00:00, run_after=2022-12-25T00:00:00+00:00
[2022-12-25T15:49:01.406+0000] {processor.py:175} INFO - Processing /home/airflow/.local/lib/python3.7/site-packages/airflow/example_dags/example_bash_operator.py took 0.133 seconds
[2022-12-25T15:49:32.286+0000] {processor.py:153} INFO - Started process (PID=8331) to work on /home/airflow/.local/lib/python3.7/site-packages/airflow/example_dags/example_bash_operator.py
[2022-12-25T15:49:32.287+0000] {processor.py:743} INFO - Processing file /home/airflow/.local/lib/python3.7/site-packages/airflow/example_dags/example_bash_operator.py for tasks to queue
[2022-12-25T15:49:32.288+0000] {logging_mixin.py:137} INFO - [2022-12-25T15:49:32.288+0000] {dagbag.py:538} INFO - Filling up the DagBag from /home/airflow/.local/lib/python3.7/site-packages/airflow/example_dags/example_bash_operator.py
[2022-12-25T15:49:32.308+0000] {processor.py:753} INFO - DAG(s) dict_keys(['example_bash_operator']) retrieved from /home/airflow/.local/lib/python3.7/site-packages/airflow/example_dags/example_bash_operator.py
[2022-12-25T15:49:32.356+0000] {logging_mixin.py:137} INFO - [2022-12-25T15:49:32.356+0000] {dag.py:2676} INFO - Sync 1 DAGs
[2022-12-25T15:49:32.383+0000] {logging_mixin.py:137} INFO - [2022-12-25T15:49:32.382+0000] {dag.py:3427} INFO - Setting next_dagrun for example_bash_operator to 2022-12-24T00:00:00+00:00, run_after=2022-12-25T00:00:00+00:00
[2022-12-25T15:49:32.401+0000] {processor.py:175} INFO - Processing /home/airflow/.local/lib/python3.7/site-packages/airflow/example_dags/example_bash_operator.py took 0.118 seconds
[2022-12-25T15:50:02.623+0000] {processor.py:153} INFO - Started process (PID=8581) to work on /home/airflow/.local/lib/python3.7/site-packages/airflow/example_dags/example_bash_operator.py
[2022-12-25T15:50:02.624+0000] {processor.py:743} INFO - Processing file /home/airflow/.local/lib/python3.7/site-packages/airflow/example_dags/example_bash_operator.py for tasks to queue
[2022-12-25T15:50:02.624+0000] {logging_mixin.py:137} INFO - [2022-12-25T15:50:02.624+0000] {dagbag.py:538} INFO - Filling up the DagBag from /home/airflow/.local/lib/python3.7/site-packages/airflow/example_dags/example_bash_operator.py
[2022-12-25T15:50:02.648+0000] {processor.py:753} INFO - DAG(s) dict_keys(['example_bash_operator']) retrieved from /home/airflow/.local/lib/python3.7/site-packages/airflow/example_dags/example_bash_operator.py
[2022-12-25T15:50:02.702+0000] {logging_mixin.py:137} INFO - [2022-12-25T15:50:02.702+0000] {dag.py:2676} INFO - Sync 1 DAGs
[2022-12-25T15:50:02.732+0000] {logging_mixin.py:137} INFO - [2022-12-25T15:50:02.732+0000] {dag.py:3427} INFO - Setting next_dagrun for example_bash_operator to 2022-12-24T00:00:00+00:00, run_after=2022-12-25T00:00:00+00:00
[2022-12-25T15:50:02.754+0000] {processor.py:175} INFO - Processing /home/airflow/.local/lib/python3.7/site-packages/airflow/example_dags/example_bash_operator.py took 0.136 seconds
[2022-12-25T15:50:32.908+0000] {processor.py:153} INFO - Started process (PID=8811) to work on /home/airflow/.local/lib/python3.7/site-packages/airflow/example_dags/example_bash_operator.py
[2022-12-25T15:50:32.910+0000] {processor.py:743} INFO - Processing file /home/airflow/.local/lib/python3.7/site-packages/airflow/example_dags/example_bash_operator.py for tasks to queue
[2022-12-25T15:50:32.911+0000] {logging_mixin.py:137} INFO - [2022-12-25T15:50:32.911+0000] {dagbag.py:538} INFO - Filling up the DagBag from /home/airflow/.local/lib/python3.7/site-packages/airflow/example_dags/example_bash_operator.py
[2022-12-25T15:50:32.937+0000] {processor.py:753} INFO - DAG(s) dict_keys(['example_bash_operator']) retrieved from /home/airflow/.local/lib/python3.7/site-packages/airflow/example_dags/example_bash_operator.py
[2022-12-25T15:50:32.990+0000] {logging_mixin.py:137} INFO - [2022-12-25T15:50:32.989+0000] {dag.py:2676} INFO - Sync 1 DAGs
[2022-12-25T15:50:33.019+0000] {logging_mixin.py:137} INFO - [2022-12-25T15:50:33.019+0000] {dag.py:3427} INFO - Setting next_dagrun for example_bash_operator to 2022-12-24T00:00:00+00:00, run_after=2022-12-25T00:00:00+00:00
[2022-12-25T15:50:33.038+0000] {processor.py:175} INFO - Processing /home/airflow/.local/lib/python3.7/site-packages/airflow/example_dags/example_bash_operator.py took 0.133 seconds
[2022-12-25T15:51:03.163+0000] {processor.py:153} INFO - Started process (PID=9060) to work on /home/airflow/.local/lib/python3.7/site-packages/airflow/example_dags/example_bash_operator.py
[2022-12-25T15:51:03.164+0000] {processor.py:743} INFO - Processing file /home/airflow/.local/lib/python3.7/site-packages/airflow/example_dags/example_bash_operator.py for tasks to queue
[2022-12-25T15:51:03.165+0000] {logging_mixin.py:137} INFO - [2022-12-25T15:51:03.165+0000] {dagbag.py:538} INFO - Filling up the DagBag from /home/airflow/.local/lib/python3.7/site-packages/airflow/example_dags/example_bash_operator.py
[2022-12-25T15:51:03.187+0000] {processor.py:753} INFO - DAG(s) dict_keys(['example_bash_operator']) retrieved from /home/airflow/.local/lib/python3.7/site-packages/airflow/example_dags/example_bash_operator.py
[2022-12-25T15:51:03.244+0000] {logging_mixin.py:137} INFO - [2022-12-25T15:51:03.244+0000] {dag.py:2676} INFO - Sync 1 DAGs
[2022-12-25T15:51:03.285+0000] {logging_mixin.py:137} INFO - [2022-12-25T15:51:03.285+0000] {dag.py:3427} INFO - Setting next_dagrun for example_bash_operator to 2022-12-24T00:00:00+00:00, run_after=2022-12-25T00:00:00+00:00
[2022-12-25T15:51:03.309+0000] {processor.py:175} INFO - Processing /home/airflow/.local/lib/python3.7/site-packages/airflow/example_dags/example_bash_operator.py took 0.150 seconds
[2022-12-25T15:51:33.578+0000] {processor.py:153} INFO - Started process (PID=9291) to work on /home/airflow/.local/lib/python3.7/site-packages/airflow/example_dags/example_bash_operator.py
[2022-12-25T15:51:33.580+0000] {processor.py:743} INFO - Processing file /home/airflow/.local/lib/python3.7/site-packages/airflow/example_dags/example_bash_operator.py for tasks to queue
[2022-12-25T15:51:33.580+0000] {logging_mixin.py:137} INFO - [2022-12-25T15:51:33.580+0000] {dagbag.py:538} INFO - Filling up the DagBag from /home/airflow/.local/lib/python3.7/site-packages/airflow/example_dags/example_bash_operator.py
[2022-12-25T15:51:33.605+0000] {processor.py:753} INFO - DAG(s) dict_keys(['example_bash_operator']) retrieved from /home/airflow/.local/lib/python3.7/site-packages/airflow/example_dags/example_bash_operator.py
[2022-12-25T15:51:33.677+0000] {logging_mixin.py:137} INFO - [2022-12-25T15:51:33.677+0000] {dag.py:2676} INFO - Sync 1 DAGs
[2022-12-25T15:51:33.711+0000] {logging_mixin.py:137} INFO - [2022-12-25T15:51:33.711+0000] {dag.py:3427} INFO - Setting next_dagrun for example_bash_operator to 2022-12-24T00:00:00+00:00, run_after=2022-12-25T00:00:00+00:00
[2022-12-25T15:51:33.735+0000] {processor.py:175} INFO - Processing /home/airflow/.local/lib/python3.7/site-packages/airflow/example_dags/example_bash_operator.py took 0.162 seconds
[2022-12-25T15:52:03.830+0000] {processor.py:153} INFO - Started process (PID=9521) to work on /home/airflow/.local/lib/python3.7/site-packages/airflow/example_dags/example_bash_operator.py
[2022-12-25T15:52:03.832+0000] {processor.py:743} INFO - Processing file /home/airflow/.local/lib/python3.7/site-packages/airflow/example_dags/example_bash_operator.py for tasks to queue
[2022-12-25T15:52:03.833+0000] {logging_mixin.py:137} INFO - [2022-12-25T15:52:03.833+0000] {dagbag.py:538} INFO - Filling up the DagBag from /home/airflow/.local/lib/python3.7/site-packages/airflow/example_dags/example_bash_operator.py
[2022-12-25T15:52:03.865+0000] {processor.py:753} INFO - DAG(s) dict_keys(['example_bash_operator']) retrieved from /home/airflow/.local/lib/python3.7/site-packages/airflow/example_dags/example_bash_operator.py
[2022-12-25T15:52:03.935+0000] {logging_mixin.py:137} INFO - [2022-12-25T15:52:03.934+0000] {dag.py:2676} INFO - Sync 1 DAGs
[2022-12-25T15:52:03.978+0000] {logging_mixin.py:137} INFO - [2022-12-25T15:52:03.977+0000] {dag.py:3427} INFO - Setting next_dagrun for example_bash_operator to 2022-12-24T00:00:00+00:00, run_after=2022-12-25T00:00:00+00:00
[2022-12-25T15:52:04.014+0000] {processor.py:175} INFO - Processing /home/airflow/.local/lib/python3.7/site-packages/airflow/example_dags/example_bash_operator.py took 0.189 seconds
[2022-12-25T15:52:34.906+0000] {processor.py:153} INFO - Started process (PID=9753) to work on /home/airflow/.local/lib/python3.7/site-packages/airflow/example_dags/example_bash_operator.py
[2022-12-25T15:52:34.908+0000] {processor.py:743} INFO - Processing file /home/airflow/.local/lib/python3.7/site-packages/airflow/example_dags/example_bash_operator.py for tasks to queue
[2022-12-25T15:52:34.909+0000] {logging_mixin.py:137} INFO - [2022-12-25T15:52:34.909+0000] {dagbag.py:538} INFO - Filling up the DagBag from /home/airflow/.local/lib/python3.7/site-packages/airflow/example_dags/example_bash_operator.py
[2022-12-25T15:52:34.946+0000] {processor.py:753} INFO - DAG(s) dict_keys(['example_bash_operator']) retrieved from /home/airflow/.local/lib/python3.7/site-packages/airflow/example_dags/example_bash_operator.py
[2022-12-25T15:52:35.023+0000] {logging_mixin.py:137} INFO - [2022-12-25T15:52:35.022+0000] {dag.py:2676} INFO - Sync 1 DAGs
[2022-12-25T15:52:35.055+0000] {logging_mixin.py:137} INFO - [2022-12-25T15:52:35.054+0000] {dag.py:3427} INFO - Setting next_dagrun for example_bash_operator to 2022-12-24T00:00:00+00:00, run_after=2022-12-25T00:00:00+00:00
[2022-12-25T15:52:35.081+0000] {processor.py:175} INFO - Processing /home/airflow/.local/lib/python3.7/site-packages/airflow/example_dags/example_bash_operator.py took 0.180 seconds
[2022-12-25T15:53:05.892+0000] {processor.py:153} INFO - Started process (PID=10001) to work on /home/airflow/.local/lib/python3.7/site-packages/airflow/example_dags/example_bash_operator.py
[2022-12-25T15:53:05.893+0000] {processor.py:743} INFO - Processing file /home/airflow/.local/lib/python3.7/site-packages/airflow/example_dags/example_bash_operator.py for tasks to queue
[2022-12-25T15:53:05.894+0000] {logging_mixin.py:137} INFO - [2022-12-25T15:53:05.894+0000] {dagbag.py:538} INFO - Filling up the DagBag from /home/airflow/.local/lib/python3.7/site-packages/airflow/example_dags/example_bash_operator.py
[2022-12-25T15:53:05.919+0000] {processor.py:753} INFO - DAG(s) dict_keys(['example_bash_operator']) retrieved from /home/airflow/.local/lib/python3.7/site-packages/airflow/example_dags/example_bash_operator.py
[2022-12-25T15:53:05.994+0000] {logging_mixin.py:137} INFO - [2022-12-25T15:53:05.993+0000] {dag.py:2676} INFO - Sync 1 DAGs
[2022-12-25T15:53:06.022+0000] {logging_mixin.py:137} INFO - [2022-12-25T15:53:06.022+0000] {dag.py:3427} INFO - Setting next_dagrun for example_bash_operator to 2022-12-24T00:00:00+00:00, run_after=2022-12-25T00:00:00+00:00
[2022-12-25T15:53:06.044+0000] {processor.py:175} INFO - Processing /home/airflow/.local/lib/python3.7/site-packages/airflow/example_dags/example_bash_operator.py took 0.158 seconds
