[2022-12-25T15:32:13.672+0000] {processor.py:153} INFO - Started process (PID=368) to work on /home/airflow/.local/lib/python3.7/site-packages/airflow/example_dags/example_branch_operator.py
[2022-12-25T15:32:13.673+0000] {processor.py:743} INFO - Processing file /home/airflow/.local/lib/python3.7/site-packages/airflow/example_dags/example_branch_operator.py for tasks to queue
[2022-12-25T15:32:13.674+0000] {logging_mixin.py:137} INFO - [2022-12-25T15:32:13.674+0000] {dagbag.py:538} INFO - Filling up the DagBag from /home/airflow/.local/lib/python3.7/site-packages/airflow/example_dags/example_branch_operator.py
[2022-12-25T15:32:13.698+0000] {processor.py:753} INFO - DAG(s) dict_keys(['example_branch_operator']) retrieved from /home/airflow/.local/lib/python3.7/site-packages/airflow/example_dags/example_branch_operator.py
[2022-12-25T15:32:13.756+0000] {logging_mixin.py:137} INFO - [2022-12-25T15:32:13.756+0000] {dag.py:2676} INFO - Sync 1 DAGs
[2022-12-25T15:32:13.797+0000] {logging_mixin.py:137} INFO - [2022-12-25T15:32:13.797+0000] {dag.py:3427} INFO - Setting next_dagrun for example_branch_operator to 2022-12-24T00:00:00+00:00, run_after=2022-12-25T00:00:00+00:00
[2022-12-25T15:32:13.825+0000] {processor.py:175} INFO - Processing /home/airflow/.local/lib/python3.7/site-packages/airflow/example_dags/example_branch_operator.py took 0.161 seconds
[2022-12-25T15:32:43.883+0000] {processor.py:153} INFO - Started process (PID=598) to work on /home/airflow/.local/lib/python3.7/site-packages/airflow/example_dags/example_branch_operator.py
[2022-12-25T15:32:43.884+0000] {processor.py:743} INFO - Processing file /home/airflow/.local/lib/python3.7/site-packages/airflow/example_dags/example_branch_operator.py for tasks to queue
[2022-12-25T15:32:43.885+0000] {logging_mixin.py:137} INFO - [2022-12-25T15:32:43.885+0000] {dagbag.py:538} INFO - Filling up the DagBag from /home/airflow/.local/lib/python3.7/site-packages/airflow/example_dags/example_branch_operator.py
[2022-12-25T15:32:43.901+0000] {processor.py:753} INFO - DAG(s) dict_keys(['example_branch_operator']) retrieved from /home/airflow/.local/lib/python3.7/site-packages/airflow/example_dags/example_branch_operator.py
[2022-12-25T15:32:43.940+0000] {logging_mixin.py:137} INFO - [2022-12-25T15:32:43.940+0000] {dag.py:2676} INFO - Sync 1 DAGs
[2022-12-25T15:32:43.966+0000] {logging_mixin.py:137} INFO - [2022-12-25T15:32:43.966+0000] {dag.py:3427} INFO - Setting next_dagrun for example_branch_operator to 2022-12-24T00:00:00+00:00, run_after=2022-12-25T00:00:00+00:00
[2022-12-25T15:32:43.987+0000] {processor.py:175} INFO - Processing /home/airflow/.local/lib/python3.7/site-packages/airflow/example_dags/example_branch_operator.py took 0.107 seconds
[2022-12-25T15:33:16.869+0000] {processor.py:153} INFO - Started process (PID=849) to work on /home/airflow/.local/lib/python3.7/site-packages/airflow/example_dags/example_branch_operator.py
[2022-12-25T15:33:16.871+0000] {processor.py:743} INFO - Processing file /home/airflow/.local/lib/python3.7/site-packages/airflow/example_dags/example_branch_operator.py for tasks to queue
[2022-12-25T15:33:16.874+0000] {logging_mixin.py:137} INFO - [2022-12-25T15:33:16.873+0000] {dagbag.py:538} INFO - Filling up the DagBag from /home/airflow/.local/lib/python3.7/site-packages/airflow/example_dags/example_branch_operator.py
[2022-12-25T15:33:16.914+0000] {processor.py:753} INFO - DAG(s) dict_keys(['example_branch_operator']) retrieved from /home/airflow/.local/lib/python3.7/site-packages/airflow/example_dags/example_branch_operator.py
[2022-12-25T15:33:17.018+0000] {logging_mixin.py:137} INFO - [2022-12-25T15:33:17.017+0000] {dag.py:2676} INFO - Sync 1 DAGs
[2022-12-25T15:33:17.110+0000] {logging_mixin.py:137} INFO - [2022-12-25T15:33:17.109+0000] {dag.py:3427} INFO - Setting next_dagrun for example_branch_operator to 2022-12-24T00:00:00+00:00, run_after=2022-12-25T00:00:00+00:00
[2022-12-25T15:33:17.217+0000] {processor.py:175} INFO - Processing /home/airflow/.local/lib/python3.7/site-packages/airflow/example_dags/example_branch_operator.py took 0.352 seconds
[2022-12-25T15:33:47.311+0000] {processor.py:153} INFO - Started process (PID=1084) to work on /home/airflow/.local/lib/python3.7/site-packages/airflow/example_dags/example_branch_operator.py
[2022-12-25T15:33:47.312+0000] {processor.py:743} INFO - Processing file /home/airflow/.local/lib/python3.7/site-packages/airflow/example_dags/example_branch_operator.py for tasks to queue
[2022-12-25T15:33:47.313+0000] {logging_mixin.py:137} INFO - [2022-12-25T15:33:47.313+0000] {dagbag.py:538} INFO - Filling up the DagBag from /home/airflow/.local/lib/python3.7/site-packages/airflow/example_dags/example_branch_operator.py
[2022-12-25T15:33:47.332+0000] {processor.py:753} INFO - DAG(s) dict_keys(['example_branch_operator']) retrieved from /home/airflow/.local/lib/python3.7/site-packages/airflow/example_dags/example_branch_operator.py
[2022-12-25T15:33:47.408+0000] {logging_mixin.py:137} INFO - [2022-12-25T15:33:47.408+0000] {dag.py:2676} INFO - Sync 1 DAGs
[2022-12-25T15:33:47.447+0000] {logging_mixin.py:137} INFO - [2022-12-25T15:33:47.447+0000] {dag.py:3427} INFO - Setting next_dagrun for example_branch_operator to 2022-12-24T00:00:00+00:00, run_after=2022-12-25T00:00:00+00:00
[2022-12-25T15:33:47.474+0000] {processor.py:175} INFO - Processing /home/airflow/.local/lib/python3.7/site-packages/airflow/example_dags/example_branch_operator.py took 0.167 seconds
[2022-12-25T15:34:18.562+0000] {processor.py:153} INFO - Started process (PID=1312) to work on /home/airflow/.local/lib/python3.7/site-packages/airflow/example_dags/example_branch_operator.py
[2022-12-25T15:34:18.564+0000] {processor.py:743} INFO - Processing file /home/airflow/.local/lib/python3.7/site-packages/airflow/example_dags/example_branch_operator.py for tasks to queue
[2022-12-25T15:34:18.565+0000] {logging_mixin.py:137} INFO - [2022-12-25T15:34:18.564+0000] {dagbag.py:538} INFO - Filling up the DagBag from /home/airflow/.local/lib/python3.7/site-packages/airflow/example_dags/example_branch_operator.py
[2022-12-25T15:34:18.588+0000] {processor.py:753} INFO - DAG(s) dict_keys(['example_branch_operator']) retrieved from /home/airflow/.local/lib/python3.7/site-packages/airflow/example_dags/example_branch_operator.py
[2022-12-25T15:34:18.644+0000] {logging_mixin.py:137} INFO - [2022-12-25T15:34:18.644+0000] {dag.py:2676} INFO - Sync 1 DAGs
[2022-12-25T15:34:18.703+0000] {logging_mixin.py:137} INFO - [2022-12-25T15:34:18.702+0000] {dag.py:3427} INFO - Setting next_dagrun for example_branch_operator to 2022-12-24T00:00:00+00:00, run_after=2022-12-25T00:00:00+00:00
[2022-12-25T15:34:18.748+0000] {processor.py:175} INFO - Processing /home/airflow/.local/lib/python3.7/site-packages/airflow/example_dags/example_branch_operator.py took 0.190 seconds
[2022-12-25T15:34:49.961+0000] {processor.py:153} INFO - Started process (PID=1562) to work on /home/airflow/.local/lib/python3.7/site-packages/airflow/example_dags/example_branch_operator.py
[2022-12-25T15:34:49.963+0000] {processor.py:743} INFO - Processing file /home/airflow/.local/lib/python3.7/site-packages/airflow/example_dags/example_branch_operator.py for tasks to queue
[2022-12-25T15:34:49.964+0000] {logging_mixin.py:137} INFO - [2022-12-25T15:34:49.964+0000] {dagbag.py:538} INFO - Filling up the DagBag from /home/airflow/.local/lib/python3.7/site-packages/airflow/example_dags/example_branch_operator.py
[2022-12-25T15:34:49.989+0000] {processor.py:753} INFO - DAG(s) dict_keys(['example_branch_operator']) retrieved from /home/airflow/.local/lib/python3.7/site-packages/airflow/example_dags/example_branch_operator.py
[2022-12-25T15:34:50.078+0000] {logging_mixin.py:137} INFO - [2022-12-25T15:34:50.078+0000] {dag.py:2676} INFO - Sync 1 DAGs
[2022-12-25T15:34:50.124+0000] {logging_mixin.py:137} INFO - [2022-12-25T15:34:50.123+0000] {dag.py:3427} INFO - Setting next_dagrun for example_branch_operator to 2022-12-24T00:00:00+00:00, run_after=2022-12-25T00:00:00+00:00
[2022-12-25T15:34:50.152+0000] {processor.py:175} INFO - Processing /home/airflow/.local/lib/python3.7/site-packages/airflow/example_dags/example_branch_operator.py took 0.195 seconds
[2022-12-25T15:35:20.703+0000] {processor.py:153} INFO - Started process (PID=1790) to work on /home/airflow/.local/lib/python3.7/site-packages/airflow/example_dags/example_branch_operator.py
[2022-12-25T15:35:20.704+0000] {processor.py:743} INFO - Processing file /home/airflow/.local/lib/python3.7/site-packages/airflow/example_dags/example_branch_operator.py for tasks to queue
[2022-12-25T15:35:20.705+0000] {logging_mixin.py:137} INFO - [2022-12-25T15:35:20.705+0000] {dagbag.py:538} INFO - Filling up the DagBag from /home/airflow/.local/lib/python3.7/site-packages/airflow/example_dags/example_branch_operator.py
[2022-12-25T15:35:20.724+0000] {processor.py:753} INFO - DAG(s) dict_keys(['example_branch_operator']) retrieved from /home/airflow/.local/lib/python3.7/site-packages/airflow/example_dags/example_branch_operator.py
[2022-12-25T15:35:20.774+0000] {logging_mixin.py:137} INFO - [2022-12-25T15:35:20.773+0000] {dag.py:2676} INFO - Sync 1 DAGs
[2022-12-25T15:35:20.805+0000] {logging_mixin.py:137} INFO - [2022-12-25T15:35:20.805+0000] {dag.py:3427} INFO - Setting next_dagrun for example_branch_operator to 2022-12-24T00:00:00+00:00, run_after=2022-12-25T00:00:00+00:00
[2022-12-25T15:35:20.828+0000] {processor.py:175} INFO - Processing /home/airflow/.local/lib/python3.7/site-packages/airflow/example_dags/example_branch_operator.py took 0.129 seconds
[2022-12-25T15:35:51.059+0000] {processor.py:153} INFO - Started process (PID=2022) to work on /home/airflow/.local/lib/python3.7/site-packages/airflow/example_dags/example_branch_operator.py
[2022-12-25T15:35:51.061+0000] {processor.py:743} INFO - Processing file /home/airflow/.local/lib/python3.7/site-packages/airflow/example_dags/example_branch_operator.py for tasks to queue
[2022-12-25T15:35:51.061+0000] {logging_mixin.py:137} INFO - [2022-12-25T15:35:51.061+0000] {dagbag.py:538} INFO - Filling up the DagBag from /home/airflow/.local/lib/python3.7/site-packages/airflow/example_dags/example_branch_operator.py
[2022-12-25T15:35:51.081+0000] {processor.py:753} INFO - DAG(s) dict_keys(['example_branch_operator']) retrieved from /home/airflow/.local/lib/python3.7/site-packages/airflow/example_dags/example_branch_operator.py
[2022-12-25T15:35:51.127+0000] {logging_mixin.py:137} INFO - [2022-12-25T15:35:51.127+0000] {dag.py:2676} INFO - Sync 1 DAGs
[2022-12-25T15:35:51.158+0000] {logging_mixin.py:137} INFO - [2022-12-25T15:35:51.158+0000] {dag.py:3427} INFO - Setting next_dagrun for example_branch_operator to 2022-12-24T00:00:00+00:00, run_after=2022-12-25T00:00:00+00:00
[2022-12-25T15:35:51.182+0000] {processor.py:175} INFO - Processing /home/airflow/.local/lib/python3.7/site-packages/airflow/example_dags/example_branch_operator.py took 0.126 seconds
[2022-12-25T15:36:22.356+0000] {processor.py:153} INFO - Started process (PID=2272) to work on /home/airflow/.local/lib/python3.7/site-packages/airflow/example_dags/example_branch_operator.py
[2022-12-25T15:36:22.358+0000] {processor.py:743} INFO - Processing file /home/airflow/.local/lib/python3.7/site-packages/airflow/example_dags/example_branch_operator.py for tasks to queue
[2022-12-25T15:36:22.359+0000] {logging_mixin.py:137} INFO - [2022-12-25T15:36:22.358+0000] {dagbag.py:538} INFO - Filling up the DagBag from /home/airflow/.local/lib/python3.7/site-packages/airflow/example_dags/example_branch_operator.py
[2022-12-25T15:36:22.387+0000] {processor.py:753} INFO - DAG(s) dict_keys(['example_branch_operator']) retrieved from /home/airflow/.local/lib/python3.7/site-packages/airflow/example_dags/example_branch_operator.py
[2022-12-25T15:36:22.453+0000] {logging_mixin.py:137} INFO - [2022-12-25T15:36:22.453+0000] {dag.py:2676} INFO - Sync 1 DAGs
[2022-12-25T15:36:22.514+0000] {logging_mixin.py:137} INFO - [2022-12-25T15:36:22.514+0000] {dag.py:3427} INFO - Setting next_dagrun for example_branch_operator to 2022-12-24T00:00:00+00:00, run_after=2022-12-25T00:00:00+00:00
[2022-12-25T15:36:22.549+0000] {processor.py:175} INFO - Processing /home/airflow/.local/lib/python3.7/site-packages/airflow/example_dags/example_branch_operator.py took 0.199 seconds
[2022-12-25T15:36:53.125+0000] {processor.py:153} INFO - Started process (PID=2502) to work on /home/airflow/.local/lib/python3.7/site-packages/airflow/example_dags/example_branch_operator.py
[2022-12-25T15:36:53.126+0000] {processor.py:743} INFO - Processing file /home/airflow/.local/lib/python3.7/site-packages/airflow/example_dags/example_branch_operator.py for tasks to queue
[2022-12-25T15:36:53.127+0000] {logging_mixin.py:137} INFO - [2022-12-25T15:36:53.127+0000] {dagbag.py:538} INFO - Filling up the DagBag from /home/airflow/.local/lib/python3.7/site-packages/airflow/example_dags/example_branch_operator.py
[2022-12-25T15:36:53.144+0000] {processor.py:753} INFO - DAG(s) dict_keys(['example_branch_operator']) retrieved from /home/airflow/.local/lib/python3.7/site-packages/airflow/example_dags/example_branch_operator.py
[2022-12-25T15:36:53.186+0000] {logging_mixin.py:137} INFO - [2022-12-25T15:36:53.186+0000] {dag.py:2676} INFO - Sync 1 DAGs
[2022-12-25T15:36:53.212+0000] {logging_mixin.py:137} INFO - [2022-12-25T15:36:53.212+0000] {dag.py:3427} INFO - Setting next_dagrun for example_branch_operator to 2022-12-24T00:00:00+00:00, run_after=2022-12-25T00:00:00+00:00
[2022-12-25T15:36:53.229+0000] {processor.py:175} INFO - Processing /home/airflow/.local/lib/python3.7/site-packages/airflow/example_dags/example_branch_operator.py took 0.108 seconds
[2022-12-25T15:37:23.282+0000] {processor.py:153} INFO - Started process (PID=2732) to work on /home/airflow/.local/lib/python3.7/site-packages/airflow/example_dags/example_branch_operator.py
[2022-12-25T15:37:23.283+0000] {processor.py:743} INFO - Processing file /home/airflow/.local/lib/python3.7/site-packages/airflow/example_dags/example_branch_operator.py for tasks to queue
[2022-12-25T15:37:23.284+0000] {logging_mixin.py:137} INFO - [2022-12-25T15:37:23.284+0000] {dagbag.py:538} INFO - Filling up the DagBag from /home/airflow/.local/lib/python3.7/site-packages/airflow/example_dags/example_branch_operator.py
[2022-12-25T15:37:23.301+0000] {processor.py:753} INFO - DAG(s) dict_keys(['example_branch_operator']) retrieved from /home/airflow/.local/lib/python3.7/site-packages/airflow/example_dags/example_branch_operator.py
[2022-12-25T15:37:23.339+0000] {logging_mixin.py:137} INFO - [2022-12-25T15:37:23.339+0000] {dag.py:2676} INFO - Sync 1 DAGs
[2022-12-25T15:37:23.365+0000] {logging_mixin.py:137} INFO - [2022-12-25T15:37:23.365+0000] {dag.py:3427} INFO - Setting next_dagrun for example_branch_operator to 2022-12-24T00:00:00+00:00, run_after=2022-12-25T00:00:00+00:00
[2022-12-25T15:37:23.384+0000] {processor.py:175} INFO - Processing /home/airflow/.local/lib/python3.7/site-packages/airflow/example_dags/example_branch_operator.py took 0.105 seconds
[2022-12-25T15:37:54.148+0000] {processor.py:153} INFO - Started process (PID=2982) to work on /home/airflow/.local/lib/python3.7/site-packages/airflow/example_dags/example_branch_operator.py
[2022-12-25T15:37:54.150+0000] {processor.py:743} INFO - Processing file /home/airflow/.local/lib/python3.7/site-packages/airflow/example_dags/example_branch_operator.py for tasks to queue
[2022-12-25T15:37:54.152+0000] {logging_mixin.py:137} INFO - [2022-12-25T15:37:54.151+0000] {dagbag.py:538} INFO - Filling up the DagBag from /home/airflow/.local/lib/python3.7/site-packages/airflow/example_dags/example_branch_operator.py
[2022-12-25T15:37:54.177+0000] {processor.py:753} INFO - DAG(s) dict_keys(['example_branch_operator']) retrieved from /home/airflow/.local/lib/python3.7/site-packages/airflow/example_dags/example_branch_operator.py
[2022-12-25T15:37:54.231+0000] {logging_mixin.py:137} INFO - [2022-12-25T15:37:54.231+0000] {dag.py:2676} INFO - Sync 1 DAGs
[2022-12-25T15:37:54.313+0000] {logging_mixin.py:137} INFO - [2022-12-25T15:37:54.313+0000] {dag.py:3427} INFO - Setting next_dagrun for example_branch_operator to 2022-12-24T00:00:00+00:00, run_after=2022-12-25T00:00:00+00:00
[2022-12-25T15:37:54.346+0000] {processor.py:175} INFO - Processing /home/airflow/.local/lib/python3.7/site-packages/airflow/example_dags/example_branch_operator.py took 0.201 seconds
[2022-12-25T15:38:24.787+0000] {processor.py:153} INFO - Started process (PID=3212) to work on /home/airflow/.local/lib/python3.7/site-packages/airflow/example_dags/example_branch_operator.py
[2022-12-25T15:38:24.791+0000] {processor.py:743} INFO - Processing file /home/airflow/.local/lib/python3.7/site-packages/airflow/example_dags/example_branch_operator.py for tasks to queue
[2022-12-25T15:38:24.792+0000] {logging_mixin.py:137} INFO - [2022-12-25T15:38:24.792+0000] {dagbag.py:538} INFO - Filling up the DagBag from /home/airflow/.local/lib/python3.7/site-packages/airflow/example_dags/example_branch_operator.py
[2022-12-25T15:38:24.809+0000] {processor.py:753} INFO - DAG(s) dict_keys(['example_branch_operator']) retrieved from /home/airflow/.local/lib/python3.7/site-packages/airflow/example_dags/example_branch_operator.py
[2022-12-25T15:38:24.849+0000] {logging_mixin.py:137} INFO - [2022-12-25T15:38:24.849+0000] {dag.py:2676} INFO - Sync 1 DAGs
[2022-12-25T15:38:24.879+0000] {logging_mixin.py:137} INFO - [2022-12-25T15:38:24.879+0000] {dag.py:3427} INFO - Setting next_dagrun for example_branch_operator to 2022-12-24T00:00:00+00:00, run_after=2022-12-25T00:00:00+00:00
[2022-12-25T15:38:24.897+0000] {processor.py:175} INFO - Processing /home/airflow/.local/lib/python3.7/site-packages/airflow/example_dags/example_branch_operator.py took 0.114 seconds
[2022-12-25T15:38:55.054+0000] {processor.py:153} INFO - Started process (PID=3460) to work on /home/airflow/.local/lib/python3.7/site-packages/airflow/example_dags/example_branch_operator.py
[2022-12-25T15:38:55.055+0000] {processor.py:743} INFO - Processing file /home/airflow/.local/lib/python3.7/site-packages/airflow/example_dags/example_branch_operator.py for tasks to queue
[2022-12-25T15:38:55.056+0000] {logging_mixin.py:137} INFO - [2022-12-25T15:38:55.056+0000] {dagbag.py:538} INFO - Filling up the DagBag from /home/airflow/.local/lib/python3.7/site-packages/airflow/example_dags/example_branch_operator.py
[2022-12-25T15:38:55.073+0000] {processor.py:753} INFO - DAG(s) dict_keys(['example_branch_operator']) retrieved from /home/airflow/.local/lib/python3.7/site-packages/airflow/example_dags/example_branch_operator.py
[2022-12-25T15:38:55.119+0000] {logging_mixin.py:137} INFO - [2022-12-25T15:38:55.119+0000] {dag.py:2676} INFO - Sync 1 DAGs
[2022-12-25T15:38:55.173+0000] {logging_mixin.py:137} INFO - [2022-12-25T15:38:55.173+0000] {dag.py:3427} INFO - Setting next_dagrun for example_branch_operator to 2022-12-24T00:00:00+00:00, run_after=2022-12-25T00:00:00+00:00
[2022-12-25T15:38:55.208+0000] {processor.py:175} INFO - Processing /home/airflow/.local/lib/python3.7/site-packages/airflow/example_dags/example_branch_operator.py took 0.157 seconds
[2022-12-25T15:39:26.083+0000] {processor.py:153} INFO - Started process (PID=3690) to work on /home/airflow/.local/lib/python3.7/site-packages/airflow/example_dags/example_branch_operator.py
[2022-12-25T15:39:26.085+0000] {processor.py:743} INFO - Processing file /home/airflow/.local/lib/python3.7/site-packages/airflow/example_dags/example_branch_operator.py for tasks to queue
[2022-12-25T15:39:26.086+0000] {logging_mixin.py:137} INFO - [2022-12-25T15:39:26.086+0000] {dagbag.py:538} INFO - Filling up the DagBag from /home/airflow/.local/lib/python3.7/site-packages/airflow/example_dags/example_branch_operator.py
[2022-12-25T15:39:26.105+0000] {processor.py:753} INFO - DAG(s) dict_keys(['example_branch_operator']) retrieved from /home/airflow/.local/lib/python3.7/site-packages/airflow/example_dags/example_branch_operator.py
[2022-12-25T15:39:26.133+0000] {logging_mixin.py:137} INFO - [2022-12-25T15:39:26.133+0000] {dag.py:2676} INFO - Sync 1 DAGs
[2022-12-25T15:39:26.168+0000] {logging_mixin.py:137} INFO - [2022-12-25T15:39:26.167+0000] {dag.py:3427} INFO - Setting next_dagrun for example_branch_operator to 2022-12-24T00:00:00+00:00, run_after=2022-12-25T00:00:00+00:00
[2022-12-25T15:39:26.199+0000] {processor.py:175} INFO - Processing /home/airflow/.local/lib/python3.7/site-packages/airflow/example_dags/example_branch_operator.py took 0.119 seconds
[2022-12-25T15:39:57.042+0000] {processor.py:153} INFO - Started process (PID=3940) to work on /home/airflow/.local/lib/python3.7/site-packages/airflow/example_dags/example_branch_operator.py
[2022-12-25T15:39:57.056+0000] {processor.py:743} INFO - Processing file /home/airflow/.local/lib/python3.7/site-packages/airflow/example_dags/example_branch_operator.py for tasks to queue
[2022-12-25T15:39:57.059+0000] {logging_mixin.py:137} INFO - [2022-12-25T15:39:57.059+0000] {dagbag.py:538} INFO - Filling up the DagBag from /home/airflow/.local/lib/python3.7/site-packages/airflow/example_dags/example_branch_operator.py
[2022-12-25T15:39:57.109+0000] {processor.py:753} INFO - DAG(s) dict_keys(['example_branch_operator']) retrieved from /home/airflow/.local/lib/python3.7/site-packages/airflow/example_dags/example_branch_operator.py
[2022-12-25T15:39:57.167+0000] {logging_mixin.py:137} INFO - [2022-12-25T15:39:57.167+0000] {dag.py:2676} INFO - Sync 1 DAGs
[2022-12-25T15:39:57.197+0000] {logging_mixin.py:137} INFO - [2022-12-25T15:39:57.197+0000] {dag.py:3427} INFO - Setting next_dagrun for example_branch_operator to 2022-12-24T00:00:00+00:00, run_after=2022-12-25T00:00:00+00:00
[2022-12-25T15:39:57.232+0000] {processor.py:175} INFO - Processing /home/airflow/.local/lib/python3.7/site-packages/airflow/example_dags/example_branch_operator.py took 0.194 seconds
[2022-12-25T15:40:27.290+0000] {processor.py:153} INFO - Started process (PID=4171) to work on /home/airflow/.local/lib/python3.7/site-packages/airflow/example_dags/example_branch_operator.py
[2022-12-25T15:40:27.292+0000] {processor.py:743} INFO - Processing file /home/airflow/.local/lib/python3.7/site-packages/airflow/example_dags/example_branch_operator.py for tasks to queue
[2022-12-25T15:40:27.292+0000] {logging_mixin.py:137} INFO - [2022-12-25T15:40:27.292+0000] {dagbag.py:538} INFO - Filling up the DagBag from /home/airflow/.local/lib/python3.7/site-packages/airflow/example_dags/example_branch_operator.py
[2022-12-25T15:40:27.308+0000] {processor.py:753} INFO - DAG(s) dict_keys(['example_branch_operator']) retrieved from /home/airflow/.local/lib/python3.7/site-packages/airflow/example_dags/example_branch_operator.py
[2022-12-25T15:40:27.351+0000] {logging_mixin.py:137} INFO - [2022-12-25T15:40:27.351+0000] {dag.py:2676} INFO - Sync 1 DAGs
[2022-12-25T15:40:27.381+0000] {logging_mixin.py:137} INFO - [2022-12-25T15:40:27.381+0000] {dag.py:3427} INFO - Setting next_dagrun for example_branch_operator to 2022-12-24T00:00:00+00:00, run_after=2022-12-25T00:00:00+00:00
[2022-12-25T15:40:27.402+0000] {processor.py:175} INFO - Processing /home/airflow/.local/lib/python3.7/site-packages/airflow/example_dags/example_branch_operator.py took 0.115 seconds
[2022-12-25T15:40:57.516+0000] {processor.py:153} INFO - Started process (PID=4401) to work on /home/airflow/.local/lib/python3.7/site-packages/airflow/example_dags/example_branch_operator.py
[2022-12-25T15:40:57.517+0000] {processor.py:743} INFO - Processing file /home/airflow/.local/lib/python3.7/site-packages/airflow/example_dags/example_branch_operator.py for tasks to queue
[2022-12-25T15:40:57.518+0000] {logging_mixin.py:137} INFO - [2022-12-25T15:40:57.518+0000] {dagbag.py:538} INFO - Filling up the DagBag from /home/airflow/.local/lib/python3.7/site-packages/airflow/example_dags/example_branch_operator.py
[2022-12-25T15:40:57.550+0000] {processor.py:753} INFO - DAG(s) dict_keys(['example_branch_operator']) retrieved from /home/airflow/.local/lib/python3.7/site-packages/airflow/example_dags/example_branch_operator.py
[2022-12-25T15:40:57.608+0000] {logging_mixin.py:137} INFO - [2022-12-25T15:40:57.607+0000] {dag.py:2676} INFO - Sync 1 DAGs
[2022-12-25T15:40:57.661+0000] {logging_mixin.py:137} INFO - [2022-12-25T15:40:57.661+0000] {dag.py:3427} INFO - Setting next_dagrun for example_branch_operator to 2022-12-24T00:00:00+00:00, run_after=2022-12-25T00:00:00+00:00
[2022-12-25T15:40:57.710+0000] {processor.py:175} INFO - Processing /home/airflow/.local/lib/python3.7/site-packages/airflow/example_dags/example_branch_operator.py took 0.198 seconds
[2022-12-25T15:41:28.035+0000] {processor.py:153} INFO - Started process (PID=4651) to work on /home/airflow/.local/lib/python3.7/site-packages/airflow/example_dags/example_branch_operator.py
[2022-12-25T15:41:28.036+0000] {processor.py:743} INFO - Processing file /home/airflow/.local/lib/python3.7/site-packages/airflow/example_dags/example_branch_operator.py for tasks to queue
[2022-12-25T15:41:28.036+0000] {logging_mixin.py:137} INFO - [2022-12-25T15:41:28.036+0000] {dagbag.py:538} INFO - Filling up the DagBag from /home/airflow/.local/lib/python3.7/site-packages/airflow/example_dags/example_branch_operator.py
[2022-12-25T15:41:28.052+0000] {processor.py:753} INFO - DAG(s) dict_keys(['example_branch_operator']) retrieved from /home/airflow/.local/lib/python3.7/site-packages/airflow/example_dags/example_branch_operator.py
[2022-12-25T15:41:28.091+0000] {logging_mixin.py:137} INFO - [2022-12-25T15:41:28.091+0000] {dag.py:2676} INFO - Sync 1 DAGs
[2022-12-25T15:41:28.118+0000] {logging_mixin.py:137} INFO - [2022-12-25T15:41:28.118+0000] {dag.py:3427} INFO - Setting next_dagrun for example_branch_operator to 2022-12-24T00:00:00+00:00, run_after=2022-12-25T00:00:00+00:00
[2022-12-25T15:41:28.139+0000] {processor.py:175} INFO - Processing /home/airflow/.local/lib/python3.7/site-packages/airflow/example_dags/example_branch_operator.py took 0.106 seconds
[2022-12-25T15:41:58.293+0000] {processor.py:153} INFO - Started process (PID=4881) to work on /home/airflow/.local/lib/python3.7/site-packages/airflow/example_dags/example_branch_operator.py
[2022-12-25T15:41:58.294+0000] {processor.py:743} INFO - Processing file /home/airflow/.local/lib/python3.7/site-packages/airflow/example_dags/example_branch_operator.py for tasks to queue
[2022-12-25T15:41:58.294+0000] {logging_mixin.py:137} INFO - [2022-12-25T15:41:58.294+0000] {dagbag.py:538} INFO - Filling up the DagBag from /home/airflow/.local/lib/python3.7/site-packages/airflow/example_dags/example_branch_operator.py
[2022-12-25T15:41:58.310+0000] {processor.py:753} INFO - DAG(s) dict_keys(['example_branch_operator']) retrieved from /home/airflow/.local/lib/python3.7/site-packages/airflow/example_dags/example_branch_operator.py
[2022-12-25T15:41:58.348+0000] {logging_mixin.py:137} INFO - [2022-12-25T15:41:58.348+0000] {dag.py:2676} INFO - Sync 1 DAGs
[2022-12-25T15:41:58.379+0000] {logging_mixin.py:137} INFO - [2022-12-25T15:41:58.379+0000] {dag.py:3427} INFO - Setting next_dagrun for example_branch_operator to 2022-12-24T00:00:00+00:00, run_after=2022-12-25T00:00:00+00:00
[2022-12-25T15:41:58.399+0000] {processor.py:175} INFO - Processing /home/airflow/.local/lib/python3.7/site-packages/airflow/example_dags/example_branch_operator.py took 0.109 seconds
[2022-12-25T15:42:28.511+0000] {processor.py:153} INFO - Started process (PID=5111) to work on /home/airflow/.local/lib/python3.7/site-packages/airflow/example_dags/example_branch_operator.py
[2022-12-25T15:42:28.512+0000] {processor.py:743} INFO - Processing file /home/airflow/.local/lib/python3.7/site-packages/airflow/example_dags/example_branch_operator.py for tasks to queue
[2022-12-25T15:42:28.513+0000] {logging_mixin.py:137} INFO - [2022-12-25T15:42:28.513+0000] {dagbag.py:538} INFO - Filling up the DagBag from /home/airflow/.local/lib/python3.7/site-packages/airflow/example_dags/example_branch_operator.py
[2022-12-25T15:42:28.529+0000] {processor.py:753} INFO - DAG(s) dict_keys(['example_branch_operator']) retrieved from /home/airflow/.local/lib/python3.7/site-packages/airflow/example_dags/example_branch_operator.py
[2022-12-25T15:42:28.567+0000] {logging_mixin.py:137} INFO - [2022-12-25T15:42:28.567+0000] {dag.py:2676} INFO - Sync 1 DAGs
[2022-12-25T15:42:28.594+0000] {logging_mixin.py:137} INFO - [2022-12-25T15:42:28.594+0000] {dag.py:3427} INFO - Setting next_dagrun for example_branch_operator to 2022-12-24T00:00:00+00:00, run_after=2022-12-25T00:00:00+00:00
[2022-12-25T15:42:28.614+0000] {processor.py:175} INFO - Processing /home/airflow/.local/lib/python3.7/site-packages/airflow/example_dags/example_branch_operator.py took 0.107 seconds
[2022-12-25T15:42:59.245+0000] {processor.py:153} INFO - Started process (PID=5362) to work on /home/airflow/.local/lib/python3.7/site-packages/airflow/example_dags/example_branch_operator.py
[2022-12-25T15:42:59.247+0000] {processor.py:743} INFO - Processing file /home/airflow/.local/lib/python3.7/site-packages/airflow/example_dags/example_branch_operator.py for tasks to queue
[2022-12-25T15:42:59.248+0000] {logging_mixin.py:137} INFO - [2022-12-25T15:42:59.248+0000] {dagbag.py:538} INFO - Filling up the DagBag from /home/airflow/.local/lib/python3.7/site-packages/airflow/example_dags/example_branch_operator.py
[2022-12-25T15:42:59.268+0000] {processor.py:753} INFO - DAG(s) dict_keys(['example_branch_operator']) retrieved from /home/airflow/.local/lib/python3.7/site-packages/airflow/example_dags/example_branch_operator.py
[2022-12-25T15:42:59.321+0000] {logging_mixin.py:137} INFO - [2022-12-25T15:42:59.320+0000] {dag.py:2676} INFO - Sync 1 DAGs
[2022-12-25T15:42:59.352+0000] {logging_mixin.py:137} INFO - [2022-12-25T15:42:59.352+0000] {dag.py:3427} INFO - Setting next_dagrun for example_branch_operator to 2022-12-24T00:00:00+00:00, run_after=2022-12-25T00:00:00+00:00
[2022-12-25T15:42:59.376+0000] {processor.py:175} INFO - Processing /home/airflow/.local/lib/python3.7/site-packages/airflow/example_dags/example_branch_operator.py took 0.134 seconds
[2022-12-25T15:43:29.484+0000] {processor.py:153} INFO - Started process (PID=5592) to work on /home/airflow/.local/lib/python3.7/site-packages/airflow/example_dags/example_branch_operator.py
[2022-12-25T15:43:29.486+0000] {processor.py:743} INFO - Processing file /home/airflow/.local/lib/python3.7/site-packages/airflow/example_dags/example_branch_operator.py for tasks to queue
[2022-12-25T15:43:29.487+0000] {logging_mixin.py:137} INFO - [2022-12-25T15:43:29.487+0000] {dagbag.py:538} INFO - Filling up the DagBag from /home/airflow/.local/lib/python3.7/site-packages/airflow/example_dags/example_branch_operator.py
[2022-12-25T15:43:29.505+0000] {processor.py:753} INFO - DAG(s) dict_keys(['example_branch_operator']) retrieved from /home/airflow/.local/lib/python3.7/site-packages/airflow/example_dags/example_branch_operator.py
[2022-12-25T15:43:29.546+0000] {logging_mixin.py:137} INFO - [2022-12-25T15:43:29.546+0000] {dag.py:2676} INFO - Sync 1 DAGs
[2022-12-25T15:43:29.575+0000] {logging_mixin.py:137} INFO - [2022-12-25T15:43:29.575+0000] {dag.py:3427} INFO - Setting next_dagrun for example_branch_operator to 2022-12-24T00:00:00+00:00, run_after=2022-12-25T00:00:00+00:00
[2022-12-25T15:43:29.597+0000] {processor.py:175} INFO - Processing /home/airflow/.local/lib/python3.7/site-packages/airflow/example_dags/example_branch_operator.py took 0.115 seconds
[2022-12-25T15:44:00.207+0000] {processor.py:153} INFO - Started process (PID=5832) to work on /home/airflow/.local/lib/python3.7/site-packages/airflow/example_dags/example_branch_operator.py
[2022-12-25T15:44:00.213+0000] {processor.py:743} INFO - Processing file /home/airflow/.local/lib/python3.7/site-packages/airflow/example_dags/example_branch_operator.py for tasks to queue
[2022-12-25T15:44:00.215+0000] {logging_mixin.py:137} INFO - [2022-12-25T15:44:00.215+0000] {dagbag.py:538} INFO - Filling up the DagBag from /home/airflow/.local/lib/python3.7/site-packages/airflow/example_dags/example_branch_operator.py
[2022-12-25T15:44:00.242+0000] {processor.py:753} INFO - DAG(s) dict_keys(['example_branch_operator']) retrieved from /home/airflow/.local/lib/python3.7/site-packages/airflow/example_dags/example_branch_operator.py
[2022-12-25T15:44:00.289+0000] {logging_mixin.py:137} INFO - [2022-12-25T15:44:00.289+0000] {dag.py:2676} INFO - Sync 1 DAGs
[2022-12-25T15:44:00.321+0000] {logging_mixin.py:137} INFO - [2022-12-25T15:44:00.321+0000] {dag.py:3427} INFO - Setting next_dagrun for example_branch_operator to 2022-12-24T00:00:00+00:00, run_after=2022-12-25T00:00:00+00:00
[2022-12-25T15:44:00.349+0000] {processor.py:175} INFO - Processing /home/airflow/.local/lib/python3.7/site-packages/airflow/example_dags/example_branch_operator.py took 0.146 seconds
[2022-12-25T15:44:31.227+0000] {processor.py:153} INFO - Started process (PID=6073) to work on /home/airflow/.local/lib/python3.7/site-packages/airflow/example_dags/example_branch_operator.py
[2022-12-25T15:44:31.229+0000] {processor.py:743} INFO - Processing file /home/airflow/.local/lib/python3.7/site-packages/airflow/example_dags/example_branch_operator.py for tasks to queue
[2022-12-25T15:44:31.229+0000] {logging_mixin.py:137} INFO - [2022-12-25T15:44:31.229+0000] {dagbag.py:538} INFO - Filling up the DagBag from /home/airflow/.local/lib/python3.7/site-packages/airflow/example_dags/example_branch_operator.py
[2022-12-25T15:44:31.245+0000] {processor.py:753} INFO - DAG(s) dict_keys(['example_branch_operator']) retrieved from /home/airflow/.local/lib/python3.7/site-packages/airflow/example_dags/example_branch_operator.py
[2022-12-25T15:44:31.282+0000] {logging_mixin.py:137} INFO - [2022-12-25T15:44:31.282+0000] {dag.py:2676} INFO - Sync 1 DAGs
[2022-12-25T15:44:31.307+0000] {logging_mixin.py:137} INFO - [2022-12-25T15:44:31.307+0000] {dag.py:3427} INFO - Setting next_dagrun for example_branch_operator to 2022-12-24T00:00:00+00:00, run_after=2022-12-25T00:00:00+00:00
[2022-12-25T15:44:31.327+0000] {processor.py:175} INFO - Processing /home/airflow/.local/lib/python3.7/site-packages/airflow/example_dags/example_branch_operator.py took 0.102 seconds
[2022-12-25T15:45:02.141+0000] {processor.py:153} INFO - Started process (PID=6303) to work on /home/airflow/.local/lib/python3.7/site-packages/airflow/example_dags/example_branch_operator.py
[2022-12-25T15:45:02.148+0000] {processor.py:743} INFO - Processing file /home/airflow/.local/lib/python3.7/site-packages/airflow/example_dags/example_branch_operator.py for tasks to queue
[2022-12-25T15:45:02.149+0000] {logging_mixin.py:137} INFO - [2022-12-25T15:45:02.149+0000] {dagbag.py:538} INFO - Filling up the DagBag from /home/airflow/.local/lib/python3.7/site-packages/airflow/example_dags/example_branch_operator.py
[2022-12-25T15:45:02.164+0000] {processor.py:753} INFO - DAG(s) dict_keys(['example_branch_operator']) retrieved from /home/airflow/.local/lib/python3.7/site-packages/airflow/example_dags/example_branch_operator.py
[2022-12-25T15:45:02.203+0000] {logging_mixin.py:137} INFO - [2022-12-25T15:45:02.203+0000] {dag.py:2676} INFO - Sync 1 DAGs
[2022-12-25T15:45:02.227+0000] {logging_mixin.py:137} INFO - [2022-12-25T15:45:02.227+0000] {dag.py:3427} INFO - Setting next_dagrun for example_branch_operator to 2022-12-24T00:00:00+00:00, run_after=2022-12-25T00:00:00+00:00
[2022-12-25T15:45:02.246+0000] {processor.py:175} INFO - Processing /home/airflow/.local/lib/python3.7/site-packages/airflow/example_dags/example_branch_operator.py took 0.107 seconds
[2022-12-25T15:45:32.328+0000] {processor.py:153} INFO - Started process (PID=6553) to work on /home/airflow/.local/lib/python3.7/site-packages/airflow/example_dags/example_branch_operator.py
[2022-12-25T15:45:32.331+0000] {processor.py:743} INFO - Processing file /home/airflow/.local/lib/python3.7/site-packages/airflow/example_dags/example_branch_operator.py for tasks to queue
[2022-12-25T15:45:32.332+0000] {logging_mixin.py:137} INFO - [2022-12-25T15:45:32.332+0000] {dagbag.py:538} INFO - Filling up the DagBag from /home/airflow/.local/lib/python3.7/site-packages/airflow/example_dags/example_branch_operator.py
[2022-12-25T15:45:32.353+0000] {processor.py:753} INFO - DAG(s) dict_keys(['example_branch_operator']) retrieved from /home/airflow/.local/lib/python3.7/site-packages/airflow/example_dags/example_branch_operator.py
[2022-12-25T15:45:32.403+0000] {logging_mixin.py:137} INFO - [2022-12-25T15:45:32.403+0000] {dag.py:2676} INFO - Sync 1 DAGs
[2022-12-25T15:45:32.437+0000] {logging_mixin.py:137} INFO - [2022-12-25T15:45:32.437+0000] {dag.py:3427} INFO - Setting next_dagrun for example_branch_operator to 2022-12-24T00:00:00+00:00, run_after=2022-12-25T00:00:00+00:00
[2022-12-25T15:45:32.470+0000] {processor.py:175} INFO - Processing /home/airflow/.local/lib/python3.7/site-packages/airflow/example_dags/example_branch_operator.py took 0.145 seconds
[2022-12-25T15:46:02.683+0000] {processor.py:153} INFO - Started process (PID=6783) to work on /home/airflow/.local/lib/python3.7/site-packages/airflow/example_dags/example_branch_operator.py
[2022-12-25T15:46:02.685+0000] {processor.py:743} INFO - Processing file /home/airflow/.local/lib/python3.7/site-packages/airflow/example_dags/example_branch_operator.py for tasks to queue
[2022-12-25T15:46:02.685+0000] {logging_mixin.py:137} INFO - [2022-12-25T15:46:02.685+0000] {dagbag.py:538} INFO - Filling up the DagBag from /home/airflow/.local/lib/python3.7/site-packages/airflow/example_dags/example_branch_operator.py
[2022-12-25T15:46:02.704+0000] {processor.py:753} INFO - DAG(s) dict_keys(['example_branch_operator']) retrieved from /home/airflow/.local/lib/python3.7/site-packages/airflow/example_dags/example_branch_operator.py
[2022-12-25T15:46:02.751+0000] {logging_mixin.py:137} INFO - [2022-12-25T15:46:02.751+0000] {dag.py:2676} INFO - Sync 1 DAGs
[2022-12-25T15:46:02.780+0000] {logging_mixin.py:137} INFO - [2022-12-25T15:46:02.780+0000] {dag.py:3427} INFO - Setting next_dagrun for example_branch_operator to 2022-12-24T00:00:00+00:00, run_after=2022-12-25T00:00:00+00:00
[2022-12-25T15:46:02.804+0000] {processor.py:175} INFO - Processing /home/airflow/.local/lib/python3.7/site-packages/airflow/example_dags/example_branch_operator.py took 0.124 seconds
[2022-12-25T15:46:32.881+0000] {processor.py:153} INFO - Started process (PID=7031) to work on /home/airflow/.local/lib/python3.7/site-packages/airflow/example_dags/example_branch_operator.py
[2022-12-25T15:46:32.895+0000] {processor.py:743} INFO - Processing file /home/airflow/.local/lib/python3.7/site-packages/airflow/example_dags/example_branch_operator.py for tasks to queue
[2022-12-25T15:46:32.896+0000] {logging_mixin.py:137} INFO - [2022-12-25T15:46:32.895+0000] {dagbag.py:538} INFO - Filling up the DagBag from /home/airflow/.local/lib/python3.7/site-packages/airflow/example_dags/example_branch_operator.py
[2022-12-25T15:46:32.927+0000] {processor.py:753} INFO - DAG(s) dict_keys(['example_branch_operator']) retrieved from /home/airflow/.local/lib/python3.7/site-packages/airflow/example_dags/example_branch_operator.py
[2022-12-25T15:46:32.979+0000] {logging_mixin.py:137} INFO - [2022-12-25T15:46:32.979+0000] {dag.py:2676} INFO - Sync 1 DAGs
[2022-12-25T15:46:33.013+0000] {logging_mixin.py:137} INFO - [2022-12-25T15:46:33.013+0000] {dag.py:3427} INFO - Setting next_dagrun for example_branch_operator to 2022-12-24T00:00:00+00:00, run_after=2022-12-25T00:00:00+00:00
[2022-12-25T15:46:33.036+0000] {processor.py:175} INFO - Processing /home/airflow/.local/lib/python3.7/site-packages/airflow/example_dags/example_branch_operator.py took 0.160 seconds
[2022-12-25T15:47:03.601+0000] {processor.py:153} INFO - Started process (PID=7263) to work on /home/airflow/.local/lib/python3.7/site-packages/airflow/example_dags/example_branch_operator.py
[2022-12-25T15:47:03.602+0000] {processor.py:743} INFO - Processing file /home/airflow/.local/lib/python3.7/site-packages/airflow/example_dags/example_branch_operator.py for tasks to queue
[2022-12-25T15:47:03.602+0000] {logging_mixin.py:137} INFO - [2022-12-25T15:47:03.602+0000] {dagbag.py:538} INFO - Filling up the DagBag from /home/airflow/.local/lib/python3.7/site-packages/airflow/example_dags/example_branch_operator.py
[2022-12-25T15:47:03.618+0000] {processor.py:753} INFO - DAG(s) dict_keys(['example_branch_operator']) retrieved from /home/airflow/.local/lib/python3.7/site-packages/airflow/example_dags/example_branch_operator.py
[2022-12-25T15:47:03.658+0000] {logging_mixin.py:137} INFO - [2022-12-25T15:47:03.658+0000] {dag.py:2676} INFO - Sync 1 DAGs
[2022-12-25T15:47:03.684+0000] {logging_mixin.py:137} INFO - [2022-12-25T15:47:03.683+0000] {dag.py:3427} INFO - Setting next_dagrun for example_branch_operator to 2022-12-24T00:00:00+00:00, run_after=2022-12-25T00:00:00+00:00
[2022-12-25T15:47:03.703+0000] {processor.py:175} INFO - Processing /home/airflow/.local/lib/python3.7/site-packages/airflow/example_dags/example_branch_operator.py took 0.106 seconds
[2022-12-25T15:47:34.674+0000] {processor.py:153} INFO - Started process (PID=7494) to work on /home/airflow/.local/lib/python3.7/site-packages/airflow/example_dags/example_branch_operator.py
[2022-12-25T15:47:34.676+0000] {processor.py:743} INFO - Processing file /home/airflow/.local/lib/python3.7/site-packages/airflow/example_dags/example_branch_operator.py for tasks to queue
[2022-12-25T15:47:34.677+0000] {logging_mixin.py:137} INFO - [2022-12-25T15:47:34.676+0000] {dagbag.py:538} INFO - Filling up the DagBag from /home/airflow/.local/lib/python3.7/site-packages/airflow/example_dags/example_branch_operator.py
[2022-12-25T15:47:34.696+0000] {processor.py:753} INFO - DAG(s) dict_keys(['example_branch_operator']) retrieved from /home/airflow/.local/lib/python3.7/site-packages/airflow/example_dags/example_branch_operator.py
[2022-12-25T15:47:34.746+0000] {logging_mixin.py:137} INFO - [2022-12-25T15:47:34.746+0000] {dag.py:2676} INFO - Sync 1 DAGs
[2022-12-25T15:47:34.782+0000] {logging_mixin.py:137} INFO - [2022-12-25T15:47:34.782+0000] {dag.py:3427} INFO - Setting next_dagrun for example_branch_operator to 2022-12-24T00:00:00+00:00, run_after=2022-12-25T00:00:00+00:00
[2022-12-25T15:47:34.810+0000] {processor.py:175} INFO - Processing /home/airflow/.local/lib/python3.7/site-packages/airflow/example_dags/example_branch_operator.py took 0.144 seconds
[2022-12-25T15:48:05.161+0000] {processor.py:153} INFO - Started process (PID=7733) to work on /home/airflow/.local/lib/python3.7/site-packages/airflow/example_dags/example_branch_operator.py
[2022-12-25T15:48:05.163+0000] {processor.py:743} INFO - Processing file /home/airflow/.local/lib/python3.7/site-packages/airflow/example_dags/example_branch_operator.py for tasks to queue
[2022-12-25T15:48:05.164+0000] {logging_mixin.py:137} INFO - [2022-12-25T15:48:05.164+0000] {dagbag.py:538} INFO - Filling up the DagBag from /home/airflow/.local/lib/python3.7/site-packages/airflow/example_dags/example_branch_operator.py
[2022-12-25T15:48:05.186+0000] {processor.py:753} INFO - DAG(s) dict_keys(['example_branch_operator']) retrieved from /home/airflow/.local/lib/python3.7/site-packages/airflow/example_dags/example_branch_operator.py
[2022-12-25T15:48:05.247+0000] {logging_mixin.py:137} INFO - [2022-12-25T15:48:05.247+0000] {dag.py:2676} INFO - Sync 1 DAGs
[2022-12-25T15:48:05.289+0000] {logging_mixin.py:137} INFO - [2022-12-25T15:48:05.289+0000] {dag.py:3427} INFO - Setting next_dagrun for example_branch_operator to 2022-12-24T00:00:00+00:00, run_after=2022-12-25T00:00:00+00:00
[2022-12-25T15:48:05.322+0000] {processor.py:175} INFO - Processing /home/airflow/.local/lib/python3.7/site-packages/airflow/example_dags/example_branch_operator.py took 0.166 seconds
[2022-12-25T15:48:35.436+0000] {processor.py:153} INFO - Started process (PID=7974) to work on /home/airflow/.local/lib/python3.7/site-packages/airflow/example_dags/example_branch_operator.py
[2022-12-25T15:48:35.446+0000] {processor.py:743} INFO - Processing file /home/airflow/.local/lib/python3.7/site-packages/airflow/example_dags/example_branch_operator.py for tasks to queue
[2022-12-25T15:48:35.446+0000] {logging_mixin.py:137} INFO - [2022-12-25T15:48:35.446+0000] {dagbag.py:538} INFO - Filling up the DagBag from /home/airflow/.local/lib/python3.7/site-packages/airflow/example_dags/example_branch_operator.py
[2022-12-25T15:48:35.464+0000] {processor.py:753} INFO - DAG(s) dict_keys(['example_branch_operator']) retrieved from /home/airflow/.local/lib/python3.7/site-packages/airflow/example_dags/example_branch_operator.py
[2022-12-25T15:48:35.543+0000] {logging_mixin.py:137} INFO - [2022-12-25T15:48:35.543+0000] {dag.py:2676} INFO - Sync 1 DAGs
[2022-12-25T15:48:35.591+0000] {logging_mixin.py:137} INFO - [2022-12-25T15:48:35.591+0000] {dag.py:3427} INFO - Setting next_dagrun for example_branch_operator to 2022-12-24T00:00:00+00:00, run_after=2022-12-25T00:00:00+00:00
[2022-12-25T15:48:35.613+0000] {processor.py:175} INFO - Processing /home/airflow/.local/lib/python3.7/site-packages/airflow/example_dags/example_branch_operator.py took 0.181 seconds
[2022-12-25T15:49:05.830+0000] {processor.py:153} INFO - Started process (PID=8204) to work on /home/airflow/.local/lib/python3.7/site-packages/airflow/example_dags/example_branch_operator.py
[2022-12-25T15:49:05.831+0000] {processor.py:743} INFO - Processing file /home/airflow/.local/lib/python3.7/site-packages/airflow/example_dags/example_branch_operator.py for tasks to queue
[2022-12-25T15:49:05.832+0000] {logging_mixin.py:137} INFO - [2022-12-25T15:49:05.832+0000] {dagbag.py:538} INFO - Filling up the DagBag from /home/airflow/.local/lib/python3.7/site-packages/airflow/example_dags/example_branch_operator.py
[2022-12-25T15:49:05.848+0000] {processor.py:753} INFO - DAG(s) dict_keys(['example_branch_operator']) retrieved from /home/airflow/.local/lib/python3.7/site-packages/airflow/example_dags/example_branch_operator.py
[2022-12-25T15:49:05.888+0000] {logging_mixin.py:137} INFO - [2022-12-25T15:49:05.888+0000] {dag.py:2676} INFO - Sync 1 DAGs
[2022-12-25T15:49:05.916+0000] {logging_mixin.py:137} INFO - [2022-12-25T15:49:05.916+0000] {dag.py:3427} INFO - Setting next_dagrun for example_branch_operator to 2022-12-24T00:00:00+00:00, run_after=2022-12-25T00:00:00+00:00
[2022-12-25T15:49:05.936+0000] {processor.py:175} INFO - Processing /home/airflow/.local/lib/python3.7/site-packages/airflow/example_dags/example_branch_operator.py took 0.109 seconds
[2022-12-25T15:49:36.072+0000] {processor.py:153} INFO - Started process (PID=8454) to work on /home/airflow/.local/lib/python3.7/site-packages/airflow/example_dags/example_branch_operator.py
[2022-12-25T15:49:36.074+0000] {processor.py:743} INFO - Processing file /home/airflow/.local/lib/python3.7/site-packages/airflow/example_dags/example_branch_operator.py for tasks to queue
[2022-12-25T15:49:36.075+0000] {logging_mixin.py:137} INFO - [2022-12-25T15:49:36.075+0000] {dagbag.py:538} INFO - Filling up the DagBag from /home/airflow/.local/lib/python3.7/site-packages/airflow/example_dags/example_branch_operator.py
[2022-12-25T15:49:36.094+0000] {processor.py:753} INFO - DAG(s) dict_keys(['example_branch_operator']) retrieved from /home/airflow/.local/lib/python3.7/site-packages/airflow/example_dags/example_branch_operator.py
[2022-12-25T15:49:36.147+0000] {logging_mixin.py:137} INFO - [2022-12-25T15:49:36.146+0000] {dag.py:2676} INFO - Sync 1 DAGs
[2022-12-25T15:49:36.179+0000] {logging_mixin.py:137} INFO - [2022-12-25T15:49:36.179+0000] {dag.py:3427} INFO - Setting next_dagrun for example_branch_operator to 2022-12-24T00:00:00+00:00, run_after=2022-12-25T00:00:00+00:00
[2022-12-25T15:49:36.199+0000] {processor.py:175} INFO - Processing /home/airflow/.local/lib/python3.7/site-packages/airflow/example_dags/example_branch_operator.py took 0.131 seconds
[2022-12-25T15:50:06.379+0000] {processor.py:153} INFO - Started process (PID=8679) to work on /home/airflow/.local/lib/python3.7/site-packages/airflow/example_dags/example_branch_operator.py
[2022-12-25T15:50:06.380+0000] {processor.py:743} INFO - Processing file /home/airflow/.local/lib/python3.7/site-packages/airflow/example_dags/example_branch_operator.py for tasks to queue
[2022-12-25T15:50:06.381+0000] {logging_mixin.py:137} INFO - [2022-12-25T15:50:06.381+0000] {dagbag.py:538} INFO - Filling up the DagBag from /home/airflow/.local/lib/python3.7/site-packages/airflow/example_dags/example_branch_operator.py
[2022-12-25T15:50:06.404+0000] {processor.py:753} INFO - DAG(s) dict_keys(['example_branch_operator']) retrieved from /home/airflow/.local/lib/python3.7/site-packages/airflow/example_dags/example_branch_operator.py
[2022-12-25T15:50:06.446+0000] {logging_mixin.py:137} INFO - [2022-12-25T15:50:06.446+0000] {dag.py:2676} INFO - Sync 1 DAGs
[2022-12-25T15:50:06.480+0000] {logging_mixin.py:137} INFO - [2022-12-25T15:50:06.480+0000] {dag.py:3427} INFO - Setting next_dagrun for example_branch_operator to 2022-12-24T00:00:00+00:00, run_after=2022-12-25T00:00:00+00:00
[2022-12-25T15:50:06.502+0000] {processor.py:175} INFO - Processing /home/airflow/.local/lib/python3.7/site-packages/airflow/example_dags/example_branch_operator.py took 0.126 seconds
[2022-12-25T15:50:36.816+0000] {processor.py:153} INFO - Started process (PID=8923) to work on /home/airflow/.local/lib/python3.7/site-packages/airflow/example_dags/example_branch_operator.py
[2022-12-25T15:50:36.818+0000] {processor.py:743} INFO - Processing file /home/airflow/.local/lib/python3.7/site-packages/airflow/example_dags/example_branch_operator.py for tasks to queue
[2022-12-25T15:50:36.818+0000] {logging_mixin.py:137} INFO - [2022-12-25T15:50:36.818+0000] {dagbag.py:538} INFO - Filling up the DagBag from /home/airflow/.local/lib/python3.7/site-packages/airflow/example_dags/example_branch_operator.py
[2022-12-25T15:50:36.841+0000] {processor.py:753} INFO - DAG(s) dict_keys(['example_branch_operator']) retrieved from /home/airflow/.local/lib/python3.7/site-packages/airflow/example_dags/example_branch_operator.py
[2022-12-25T15:50:36.894+0000] {logging_mixin.py:137} INFO - [2022-12-25T15:50:36.894+0000] {dag.py:2676} INFO - Sync 1 DAGs
[2022-12-25T15:50:36.939+0000] {logging_mixin.py:137} INFO - [2022-12-25T15:50:36.939+0000] {dag.py:3427} INFO - Setting next_dagrun for example_branch_operator to 2022-12-24T00:00:00+00:00, run_after=2022-12-25T00:00:00+00:00
[2022-12-25T15:50:36.966+0000] {processor.py:175} INFO - Processing /home/airflow/.local/lib/python3.7/site-packages/airflow/example_dags/example_branch_operator.py took 0.155 seconds
[2022-12-25T15:51:07.159+0000] {processor.py:153} INFO - Started process (PID=9174) to work on /home/airflow/.local/lib/python3.7/site-packages/airflow/example_dags/example_branch_operator.py
[2022-12-25T15:51:07.161+0000] {processor.py:743} INFO - Processing file /home/airflow/.local/lib/python3.7/site-packages/airflow/example_dags/example_branch_operator.py for tasks to queue
[2022-12-25T15:51:07.161+0000] {logging_mixin.py:137} INFO - [2022-12-25T15:51:07.161+0000] {dagbag.py:538} INFO - Filling up the DagBag from /home/airflow/.local/lib/python3.7/site-packages/airflow/example_dags/example_branch_operator.py
[2022-12-25T15:51:07.178+0000] {processor.py:753} INFO - DAG(s) dict_keys(['example_branch_operator']) retrieved from /home/airflow/.local/lib/python3.7/site-packages/airflow/example_dags/example_branch_operator.py
[2022-12-25T15:51:07.215+0000] {logging_mixin.py:137} INFO - [2022-12-25T15:51:07.214+0000] {dag.py:2676} INFO - Sync 1 DAGs
[2022-12-25T15:51:07.241+0000] {logging_mixin.py:137} INFO - [2022-12-25T15:51:07.240+0000] {dag.py:3427} INFO - Setting next_dagrun for example_branch_operator to 2022-12-24T00:00:00+00:00, run_after=2022-12-25T00:00:00+00:00
[2022-12-25T15:51:07.260+0000] {processor.py:175} INFO - Processing /home/airflow/.local/lib/python3.7/site-packages/airflow/example_dags/example_branch_operator.py took 0.103 seconds
[2022-12-25T15:51:37.364+0000] {processor.py:153} INFO - Started process (PID=9401) to work on /home/airflow/.local/lib/python3.7/site-packages/airflow/example_dags/example_branch_operator.py
[2022-12-25T15:51:37.365+0000] {processor.py:743} INFO - Processing file /home/airflow/.local/lib/python3.7/site-packages/airflow/example_dags/example_branch_operator.py for tasks to queue
[2022-12-25T15:51:37.366+0000] {logging_mixin.py:137} INFO - [2022-12-25T15:51:37.365+0000] {dagbag.py:538} INFO - Filling up the DagBag from /home/airflow/.local/lib/python3.7/site-packages/airflow/example_dags/example_branch_operator.py
[2022-12-25T15:51:37.397+0000] {processor.py:753} INFO - DAG(s) dict_keys(['example_branch_operator']) retrieved from /home/airflow/.local/lib/python3.7/site-packages/airflow/example_dags/example_branch_operator.py
[2022-12-25T15:51:37.447+0000] {logging_mixin.py:137} INFO - [2022-12-25T15:51:37.447+0000] {dag.py:2676} INFO - Sync 1 DAGs
[2022-12-25T15:51:37.478+0000] {logging_mixin.py:137} INFO - [2022-12-25T15:51:37.478+0000] {dag.py:3427} INFO - Setting next_dagrun for example_branch_operator to 2022-12-24T00:00:00+00:00, run_after=2022-12-25T00:00:00+00:00
[2022-12-25T15:51:37.502+0000] {processor.py:175} INFO - Processing /home/airflow/.local/lib/python3.7/site-packages/airflow/example_dags/example_branch_operator.py took 0.145 seconds
[2022-12-25T15:52:09.355+0000] {processor.py:153} INFO - Started process (PID=9633) to work on /home/airflow/.local/lib/python3.7/site-packages/airflow/example_dags/example_branch_operator.py
[2022-12-25T15:52:09.358+0000] {processor.py:743} INFO - Processing file /home/airflow/.local/lib/python3.7/site-packages/airflow/example_dags/example_branch_operator.py for tasks to queue
[2022-12-25T15:52:09.359+0000] {logging_mixin.py:137} INFO - [2022-12-25T15:52:09.359+0000] {dagbag.py:538} INFO - Filling up the DagBag from /home/airflow/.local/lib/python3.7/site-packages/airflow/example_dags/example_branch_operator.py
[2022-12-25T15:52:09.389+0000] {processor.py:753} INFO - DAG(s) dict_keys(['example_branch_operator']) retrieved from /home/airflow/.local/lib/python3.7/site-packages/airflow/example_dags/example_branch_operator.py
[2022-12-25T15:52:09.478+0000] {logging_mixin.py:137} INFO - [2022-12-25T15:52:09.477+0000] {dag.py:2676} INFO - Sync 1 DAGs
[2022-12-25T15:52:09.537+0000] {logging_mixin.py:137} INFO - [2022-12-25T15:52:09.537+0000] {dag.py:3427} INFO - Setting next_dagrun for example_branch_operator to 2022-12-24T00:00:00+00:00, run_after=2022-12-25T00:00:00+00:00
[2022-12-25T15:52:09.587+0000] {processor.py:175} INFO - Processing /home/airflow/.local/lib/python3.7/site-packages/airflow/example_dags/example_branch_operator.py took 0.240 seconds
[2022-12-25T15:52:39.921+0000] {processor.py:153} INFO - Started process (PID=9875) to work on /home/airflow/.local/lib/python3.7/site-packages/airflow/example_dags/example_branch_operator.py
[2022-12-25T15:52:39.923+0000] {processor.py:743} INFO - Processing file /home/airflow/.local/lib/python3.7/site-packages/airflow/example_dags/example_branch_operator.py for tasks to queue
[2022-12-25T15:52:39.925+0000] {logging_mixin.py:137} INFO - [2022-12-25T15:52:39.925+0000] {dagbag.py:538} INFO - Filling up the DagBag from /home/airflow/.local/lib/python3.7/site-packages/airflow/example_dags/example_branch_operator.py
[2022-12-25T15:52:39.955+0000] {processor.py:753} INFO - DAG(s) dict_keys(['example_branch_operator']) retrieved from /home/airflow/.local/lib/python3.7/site-packages/airflow/example_dags/example_branch_operator.py
[2022-12-25T15:52:40.007+0000] {logging_mixin.py:137} INFO - [2022-12-25T15:52:40.006+0000] {dag.py:2676} INFO - Sync 1 DAGs
[2022-12-25T15:52:40.045+0000] {logging_mixin.py:137} INFO - [2022-12-25T15:52:40.045+0000] {dag.py:3427} INFO - Setting next_dagrun for example_branch_operator to 2022-12-24T00:00:00+00:00, run_after=2022-12-25T00:00:00+00:00
[2022-12-25T15:52:40.075+0000] {processor.py:175} INFO - Processing /home/airflow/.local/lib/python3.7/site-packages/airflow/example_dags/example_branch_operator.py took 0.160 seconds
[2022-12-25T15:53:10.634+0000] {processor.py:153} INFO - Started process (PID=10106) to work on /home/airflow/.local/lib/python3.7/site-packages/airflow/example_dags/example_branch_operator.py
[2022-12-25T15:53:10.635+0000] {processor.py:743} INFO - Processing file /home/airflow/.local/lib/python3.7/site-packages/airflow/example_dags/example_branch_operator.py for tasks to queue
[2022-12-25T15:53:10.636+0000] {logging_mixin.py:137} INFO - [2022-12-25T15:53:10.636+0000] {dagbag.py:538} INFO - Filling up the DagBag from /home/airflow/.local/lib/python3.7/site-packages/airflow/example_dags/example_branch_operator.py
[2022-12-25T15:53:10.657+0000] {processor.py:753} INFO - DAG(s) dict_keys(['example_branch_operator']) retrieved from /home/airflow/.local/lib/python3.7/site-packages/airflow/example_dags/example_branch_operator.py
[2022-12-25T15:53:10.696+0000] {logging_mixin.py:137} INFO - [2022-12-25T15:53:10.696+0000] {dag.py:2676} INFO - Sync 1 DAGs
[2022-12-25T15:53:10.724+0000] {logging_mixin.py:137} INFO - [2022-12-25T15:53:10.724+0000] {dag.py:3427} INFO - Setting next_dagrun for example_branch_operator to 2022-12-24T00:00:00+00:00, run_after=2022-12-25T00:00:00+00:00
[2022-12-25T15:53:10.747+0000] {processor.py:175} INFO - Processing /home/airflow/.local/lib/python3.7/site-packages/airflow/example_dags/example_branch_operator.py took 0.117 seconds
