[2022-12-25T15:32:13.474+0000] {processor.py:153} INFO - Started process (PID=358) to work on /home/airflow/.local/lib/python3.7/site-packages/airflow/example_dags/example_sensors.py
[2022-12-25T15:32:13.475+0000] {processor.py:743} INFO - Processing file /home/airflow/.local/lib/python3.7/site-packages/airflow/example_dags/example_sensors.py for tasks to queue
[2022-12-25T15:32:13.476+0000] {logging_mixin.py:137} INFO - [2022-12-25T15:32:13.475+0000] {dagbag.py:538} INFO - Filling up the DagBag from /home/airflow/.local/lib/python3.7/site-packages/airflow/example_dags/example_sensors.py
[2022-12-25T15:32:13.515+0000] {processor.py:753} INFO - DAG(s) dict_keys(['example_sensors']) retrieved from /home/airflow/.local/lib/python3.7/site-packages/airflow/example_dags/example_sensors.py
[2022-12-25T15:32:13.568+0000] {logging_mixin.py:137} INFO - [2022-12-25T15:32:13.568+0000] {dag.py:2676} INFO - Sync 1 DAGs
[2022-12-25T15:32:13.603+0000] {logging_mixin.py:137} INFO - [2022-12-25T15:32:13.602+0000] {dag.py:3427} INFO - Setting next_dagrun for example_sensors to None, run_after=None
[2022-12-25T15:32:13.632+0000] {processor.py:175} INFO - Processing /home/airflow/.local/lib/python3.7/site-packages/airflow/example_dags/example_sensors.py took 0.163 seconds
[2022-12-25T15:32:43.751+0000] {processor.py:153} INFO - Started process (PID=590) to work on /home/airflow/.local/lib/python3.7/site-packages/airflow/example_dags/example_sensors.py
[2022-12-25T15:32:43.752+0000] {processor.py:743} INFO - Processing file /home/airflow/.local/lib/python3.7/site-packages/airflow/example_dags/example_sensors.py for tasks to queue
[2022-12-25T15:32:43.752+0000] {logging_mixin.py:137} INFO - [2022-12-25T15:32:43.752+0000] {dagbag.py:538} INFO - Filling up the DagBag from /home/airflow/.local/lib/python3.7/site-packages/airflow/example_dags/example_sensors.py
[2022-12-25T15:32:43.771+0000] {processor.py:753} INFO - DAG(s) dict_keys(['example_sensors']) retrieved from /home/airflow/.local/lib/python3.7/site-packages/airflow/example_dags/example_sensors.py
[2022-12-25T15:32:43.811+0000] {logging_mixin.py:137} INFO - [2022-12-25T15:32:43.811+0000] {dag.py:2676} INFO - Sync 1 DAGs
[2022-12-25T15:32:43.836+0000] {logging_mixin.py:137} INFO - [2022-12-25T15:32:43.836+0000] {dag.py:3427} INFO - Setting next_dagrun for example_sensors to None, run_after=None
[2022-12-25T15:32:43.856+0000] {processor.py:175} INFO - Processing /home/airflow/.local/lib/python3.7/site-packages/airflow/example_dags/example_sensors.py took 0.109 seconds
[2022-12-25T15:33:16.503+0000] {processor.py:153} INFO - Started process (PID=839) to work on /home/airflow/.local/lib/python3.7/site-packages/airflow/example_dags/example_sensors.py
[2022-12-25T15:33:16.505+0000] {processor.py:743} INFO - Processing file /home/airflow/.local/lib/python3.7/site-packages/airflow/example_dags/example_sensors.py for tasks to queue
[2022-12-25T15:33:16.511+0000] {logging_mixin.py:137} INFO - [2022-12-25T15:33:16.510+0000] {dagbag.py:538} INFO - Filling up the DagBag from /home/airflow/.local/lib/python3.7/site-packages/airflow/example_dags/example_sensors.py
[2022-12-25T15:33:16.568+0000] {processor.py:753} INFO - DAG(s) dict_keys(['example_sensors']) retrieved from /home/airflow/.local/lib/python3.7/site-packages/airflow/example_dags/example_sensors.py
[2022-12-25T15:33:16.666+0000] {logging_mixin.py:137} INFO - [2022-12-25T15:33:16.666+0000] {dag.py:2676} INFO - Sync 1 DAGs
[2022-12-25T15:33:16.734+0000] {logging_mixin.py:137} INFO - [2022-12-25T15:33:16.734+0000] {dag.py:3427} INFO - Setting next_dagrun for example_sensors to None, run_after=None
[2022-12-25T15:33:16.799+0000] {processor.py:175} INFO - Processing /home/airflow/.local/lib/python3.7/site-packages/airflow/example_dags/example_sensors.py took 0.301 seconds
[2022-12-25T15:33:47.130+0000] {processor.py:153} INFO - Started process (PID=1071) to work on /home/airflow/.local/lib/python3.7/site-packages/airflow/example_dags/example_sensors.py
[2022-12-25T15:33:47.132+0000] {processor.py:743} INFO - Processing file /home/airflow/.local/lib/python3.7/site-packages/airflow/example_dags/example_sensors.py for tasks to queue
[2022-12-25T15:33:47.132+0000] {logging_mixin.py:137} INFO - [2022-12-25T15:33:47.132+0000] {dagbag.py:538} INFO - Filling up the DagBag from /home/airflow/.local/lib/python3.7/site-packages/airflow/example_dags/example_sensors.py
[2022-12-25T15:33:47.153+0000] {processor.py:753} INFO - DAG(s) dict_keys(['example_sensors']) retrieved from /home/airflow/.local/lib/python3.7/site-packages/airflow/example_dags/example_sensors.py
[2022-12-25T15:33:47.180+0000] {logging_mixin.py:137} INFO - [2022-12-25T15:33:47.179+0000] {dag.py:2676} INFO - Sync 1 DAGs
[2022-12-25T15:33:47.207+0000] {logging_mixin.py:137} INFO - [2022-12-25T15:33:47.206+0000] {dag.py:3427} INFO - Setting next_dagrun for example_sensors to None, run_after=None
[2022-12-25T15:33:47.228+0000] {processor.py:175} INFO - Processing /home/airflow/.local/lib/python3.7/site-packages/airflow/example_dags/example_sensors.py took 0.101 seconds
[2022-12-25T15:34:18.019+0000] {processor.py:153} INFO - Started process (PID=1300) to work on /home/airflow/.local/lib/python3.7/site-packages/airflow/example_dags/example_sensors.py
[2022-12-25T15:34:18.022+0000] {processor.py:743} INFO - Processing file /home/airflow/.local/lib/python3.7/site-packages/airflow/example_dags/example_sensors.py for tasks to queue
[2022-12-25T15:34:18.024+0000] {logging_mixin.py:137} INFO - [2022-12-25T15:34:18.024+0000] {dagbag.py:538} INFO - Filling up the DagBag from /home/airflow/.local/lib/python3.7/site-packages/airflow/example_dags/example_sensors.py
[2022-12-25T15:34:18.075+0000] {processor.py:753} INFO - DAG(s) dict_keys(['example_sensors']) retrieved from /home/airflow/.local/lib/python3.7/site-packages/airflow/example_dags/example_sensors.py
[2022-12-25T15:34:18.175+0000] {logging_mixin.py:137} INFO - [2022-12-25T15:34:18.174+0000] {dag.py:2676} INFO - Sync 1 DAGs
[2022-12-25T15:34:18.226+0000] {logging_mixin.py:137} INFO - [2022-12-25T15:34:18.226+0000] {dag.py:3427} INFO - Setting next_dagrun for example_sensors to None, run_after=None
[2022-12-25T15:34:18.265+0000] {processor.py:175} INFO - Processing /home/airflow/.local/lib/python3.7/site-packages/airflow/example_dags/example_sensors.py took 0.257 seconds
[2022-12-25T15:34:49.282+0000] {processor.py:153} INFO - Started process (PID=1550) to work on /home/airflow/.local/lib/python3.7/site-packages/airflow/example_dags/example_sensors.py
[2022-12-25T15:34:49.284+0000] {processor.py:743} INFO - Processing file /home/airflow/.local/lib/python3.7/site-packages/airflow/example_dags/example_sensors.py for tasks to queue
[2022-12-25T15:34:49.286+0000] {logging_mixin.py:137} INFO - [2022-12-25T15:34:49.286+0000] {dagbag.py:538} INFO - Filling up the DagBag from /home/airflow/.local/lib/python3.7/site-packages/airflow/example_dags/example_sensors.py
[2022-12-25T15:34:49.338+0000] {processor.py:753} INFO - DAG(s) dict_keys(['example_sensors']) retrieved from /home/airflow/.local/lib/python3.7/site-packages/airflow/example_dags/example_sensors.py
[2022-12-25T15:34:49.469+0000] {logging_mixin.py:137} INFO - [2022-12-25T15:34:49.468+0000] {dag.py:2676} INFO - Sync 1 DAGs
[2022-12-25T15:34:49.521+0000] {logging_mixin.py:137} INFO - [2022-12-25T15:34:49.521+0000] {dag.py:3427} INFO - Setting next_dagrun for example_sensors to None, run_after=None
[2022-12-25T15:34:49.584+0000] {processor.py:175} INFO - Processing /home/airflow/.local/lib/python3.7/site-packages/airflow/example_dags/example_sensors.py took 0.308 seconds
[2022-12-25T15:35:19.675+0000] {processor.py:153} INFO - Started process (PID=1780) to work on /home/airflow/.local/lib/python3.7/site-packages/airflow/example_dags/example_sensors.py
[2022-12-25T15:35:19.678+0000] {processor.py:743} INFO - Processing file /home/airflow/.local/lib/python3.7/site-packages/airflow/example_dags/example_sensors.py for tasks to queue
[2022-12-25T15:35:19.678+0000] {logging_mixin.py:137} INFO - [2022-12-25T15:35:19.678+0000] {dagbag.py:538} INFO - Filling up the DagBag from /home/airflow/.local/lib/python3.7/site-packages/airflow/example_dags/example_sensors.py
[2022-12-25T15:35:19.697+0000] {processor.py:753} INFO - DAG(s) dict_keys(['example_sensors']) retrieved from /home/airflow/.local/lib/python3.7/site-packages/airflow/example_dags/example_sensors.py
[2022-12-25T15:35:19.737+0000] {logging_mixin.py:137} INFO - [2022-12-25T15:35:19.737+0000] {dag.py:2676} INFO - Sync 1 DAGs
[2022-12-25T15:35:19.763+0000] {logging_mixin.py:137} INFO - [2022-12-25T15:35:19.762+0000] {dag.py:3427} INFO - Setting next_dagrun for example_sensors to None, run_after=None
[2022-12-25T15:35:19.785+0000] {processor.py:175} INFO - Processing /home/airflow/.local/lib/python3.7/site-packages/airflow/example_dags/example_sensors.py took 0.112 seconds
[2022-12-25T15:35:50.731+0000] {processor.py:153} INFO - Started process (PID=2010) to work on /home/airflow/.local/lib/python3.7/site-packages/airflow/example_dags/example_sensors.py
[2022-12-25T15:35:50.732+0000] {processor.py:743} INFO - Processing file /home/airflow/.local/lib/python3.7/site-packages/airflow/example_dags/example_sensors.py for tasks to queue
[2022-12-25T15:35:50.733+0000] {logging_mixin.py:137} INFO - [2022-12-25T15:35:50.733+0000] {dagbag.py:538} INFO - Filling up the DagBag from /home/airflow/.local/lib/python3.7/site-packages/airflow/example_dags/example_sensors.py
[2022-12-25T15:35:50.757+0000] {processor.py:753} INFO - DAG(s) dict_keys(['example_sensors']) retrieved from /home/airflow/.local/lib/python3.7/site-packages/airflow/example_dags/example_sensors.py
[2022-12-25T15:35:50.800+0000] {logging_mixin.py:137} INFO - [2022-12-25T15:35:50.800+0000] {dag.py:2676} INFO - Sync 1 DAGs
[2022-12-25T15:35:50.833+0000] {logging_mixin.py:137} INFO - [2022-12-25T15:35:50.833+0000] {dag.py:3427} INFO - Setting next_dagrun for example_sensors to None, run_after=None
[2022-12-25T15:35:50.859+0000] {processor.py:175} INFO - Processing /home/airflow/.local/lib/python3.7/site-packages/airflow/example_dags/example_sensors.py took 0.131 seconds
[2022-12-25T15:36:21.903+0000] {processor.py:153} INFO - Started process (PID=2260) to work on /home/airflow/.local/lib/python3.7/site-packages/airflow/example_dags/example_sensors.py
[2022-12-25T15:36:21.905+0000] {processor.py:743} INFO - Processing file /home/airflow/.local/lib/python3.7/site-packages/airflow/example_dags/example_sensors.py for tasks to queue
[2022-12-25T15:36:21.906+0000] {logging_mixin.py:137} INFO - [2022-12-25T15:36:21.906+0000] {dagbag.py:538} INFO - Filling up the DagBag from /home/airflow/.local/lib/python3.7/site-packages/airflow/example_dags/example_sensors.py
[2022-12-25T15:36:21.955+0000] {processor.py:753} INFO - DAG(s) dict_keys(['example_sensors']) retrieved from /home/airflow/.local/lib/python3.7/site-packages/airflow/example_dags/example_sensors.py
[2022-12-25T15:36:22.054+0000] {logging_mixin.py:137} INFO - [2022-12-25T15:36:22.054+0000] {dag.py:2676} INFO - Sync 1 DAGs
[2022-12-25T15:36:22.101+0000] {logging_mixin.py:137} INFO - [2022-12-25T15:36:22.101+0000] {dag.py:3427} INFO - Setting next_dagrun for example_sensors to None, run_after=None
[2022-12-25T15:36:22.133+0000] {processor.py:175} INFO - Processing /home/airflow/.local/lib/python3.7/site-packages/airflow/example_dags/example_sensors.py took 0.240 seconds
[2022-12-25T15:36:52.855+0000] {processor.py:153} INFO - Started process (PID=2490) to work on /home/airflow/.local/lib/python3.7/site-packages/airflow/example_dags/example_sensors.py
[2022-12-25T15:36:52.856+0000] {processor.py:743} INFO - Processing file /home/airflow/.local/lib/python3.7/site-packages/airflow/example_dags/example_sensors.py for tasks to queue
[2022-12-25T15:36:52.857+0000] {logging_mixin.py:137} INFO - [2022-12-25T15:36:52.857+0000] {dagbag.py:538} INFO - Filling up the DagBag from /home/airflow/.local/lib/python3.7/site-packages/airflow/example_dags/example_sensors.py
[2022-12-25T15:36:52.876+0000] {processor.py:753} INFO - DAG(s) dict_keys(['example_sensors']) retrieved from /home/airflow/.local/lib/python3.7/site-packages/airflow/example_dags/example_sensors.py
[2022-12-25T15:36:52.916+0000] {logging_mixin.py:137} INFO - [2022-12-25T15:36:52.915+0000] {dag.py:2676} INFO - Sync 1 DAGs
[2022-12-25T15:36:52.942+0000] {logging_mixin.py:137} INFO - [2022-12-25T15:36:52.942+0000] {dag.py:3427} INFO - Setting next_dagrun for example_sensors to None, run_after=None
[2022-12-25T15:36:52.964+0000] {processor.py:175} INFO - Processing /home/airflow/.local/lib/python3.7/site-packages/airflow/example_dags/example_sensors.py took 0.113 seconds
[2022-12-25T15:37:23.002+0000] {processor.py:153} INFO - Started process (PID=2720) to work on /home/airflow/.local/lib/python3.7/site-packages/airflow/example_dags/example_sensors.py
[2022-12-25T15:37:23.003+0000] {processor.py:743} INFO - Processing file /home/airflow/.local/lib/python3.7/site-packages/airflow/example_dags/example_sensors.py for tasks to queue
[2022-12-25T15:37:23.004+0000] {logging_mixin.py:137} INFO - [2022-12-25T15:37:23.003+0000] {dagbag.py:538} INFO - Filling up the DagBag from /home/airflow/.local/lib/python3.7/site-packages/airflow/example_dags/example_sensors.py
[2022-12-25T15:37:23.024+0000] {processor.py:753} INFO - DAG(s) dict_keys(['example_sensors']) retrieved from /home/airflow/.local/lib/python3.7/site-packages/airflow/example_dags/example_sensors.py
[2022-12-25T15:37:23.071+0000] {logging_mixin.py:137} INFO - [2022-12-25T15:37:23.071+0000] {dag.py:2676} INFO - Sync 1 DAGs
[2022-12-25T15:37:23.095+0000] {logging_mixin.py:137} INFO - [2022-12-25T15:37:23.095+0000] {dag.py:3427} INFO - Setting next_dagrun for example_sensors to None, run_after=None
[2022-12-25T15:37:23.120+0000] {processor.py:175} INFO - Processing /home/airflow/.local/lib/python3.7/site-packages/airflow/example_dags/example_sensors.py took 0.122 seconds
[2022-12-25T15:37:53.685+0000] {processor.py:153} INFO - Started process (PID=2970) to work on /home/airflow/.local/lib/python3.7/site-packages/airflow/example_dags/example_sensors.py
[2022-12-25T15:37:53.688+0000] {processor.py:743} INFO - Processing file /home/airflow/.local/lib/python3.7/site-packages/airflow/example_dags/example_sensors.py for tasks to queue
[2022-12-25T15:37:53.690+0000] {logging_mixin.py:137} INFO - [2022-12-25T15:37:53.690+0000] {dagbag.py:538} INFO - Filling up the DagBag from /home/airflow/.local/lib/python3.7/site-packages/airflow/example_dags/example_sensors.py
[2022-12-25T15:37:53.722+0000] {processor.py:753} INFO - DAG(s) dict_keys(['example_sensors']) retrieved from /home/airflow/.local/lib/python3.7/site-packages/airflow/example_dags/example_sensors.py
[2022-12-25T15:37:53.784+0000] {logging_mixin.py:137} INFO - [2022-12-25T15:37:53.783+0000] {dag.py:2676} INFO - Sync 1 DAGs
[2022-12-25T15:37:53.880+0000] {logging_mixin.py:137} INFO - [2022-12-25T15:37:53.876+0000] {dag.py:3427} INFO - Setting next_dagrun for example_sensors to None, run_after=None
[2022-12-25T15:37:53.943+0000] {processor.py:175} INFO - Processing /home/airflow/.local/lib/python3.7/site-packages/airflow/example_dags/example_sensors.py took 0.265 seconds
[2022-12-25T15:38:24.487+0000] {processor.py:153} INFO - Started process (PID=3200) to work on /home/airflow/.local/lib/python3.7/site-packages/airflow/example_dags/example_sensors.py
[2022-12-25T15:38:24.491+0000] {processor.py:743} INFO - Processing file /home/airflow/.local/lib/python3.7/site-packages/airflow/example_dags/example_sensors.py for tasks to queue
[2022-12-25T15:38:24.491+0000] {logging_mixin.py:137} INFO - [2022-12-25T15:38:24.491+0000] {dagbag.py:538} INFO - Filling up the DagBag from /home/airflow/.local/lib/python3.7/site-packages/airflow/example_dags/example_sensors.py
[2022-12-25T15:38:24.520+0000] {processor.py:753} INFO - DAG(s) dict_keys(['example_sensors']) retrieved from /home/airflow/.local/lib/python3.7/site-packages/airflow/example_dags/example_sensors.py
[2022-12-25T15:38:24.571+0000] {logging_mixin.py:137} INFO - [2022-12-25T15:38:24.571+0000] {dag.py:2676} INFO - Sync 1 DAGs
[2022-12-25T15:38:24.599+0000] {logging_mixin.py:137} INFO - [2022-12-25T15:38:24.599+0000] {dag.py:3427} INFO - Setting next_dagrun for example_sensors to None, run_after=None
[2022-12-25T15:38:24.621+0000] {processor.py:175} INFO - Processing /home/airflow/.local/lib/python3.7/site-packages/airflow/example_dags/example_sensors.py took 0.138 seconds
[2022-12-25T15:38:54.828+0000] {processor.py:153} INFO - Started process (PID=3450) to work on /home/airflow/.local/lib/python3.7/site-packages/airflow/example_dags/example_sensors.py
[2022-12-25T15:38:54.831+0000] {processor.py:743} INFO - Processing file /home/airflow/.local/lib/python3.7/site-packages/airflow/example_dags/example_sensors.py for tasks to queue
[2022-12-25T15:38:54.832+0000] {logging_mixin.py:137} INFO - [2022-12-25T15:38:54.832+0000] {dagbag.py:538} INFO - Filling up the DagBag from /home/airflow/.local/lib/python3.7/site-packages/airflow/example_dags/example_sensors.py
[2022-12-25T15:38:54.854+0000] {processor.py:753} INFO - DAG(s) dict_keys(['example_sensors']) retrieved from /home/airflow/.local/lib/python3.7/site-packages/airflow/example_dags/example_sensors.py
[2022-12-25T15:38:54.933+0000] {logging_mixin.py:137} INFO - [2022-12-25T15:38:54.933+0000] {dag.py:2676} INFO - Sync 1 DAGs
[2022-12-25T15:38:54.974+0000] {logging_mixin.py:137} INFO - [2022-12-25T15:38:54.973+0000] {dag.py:3427} INFO - Setting next_dagrun for example_sensors to None, run_after=None
[2022-12-25T15:38:55.009+0000] {processor.py:175} INFO - Processing /home/airflow/.local/lib/python3.7/site-packages/airflow/example_dags/example_sensors.py took 0.184 seconds
[2022-12-25T15:39:25.067+0000] {processor.py:153} INFO - Started process (PID=3680) to work on /home/airflow/.local/lib/python3.7/site-packages/airflow/example_dags/example_sensors.py
[2022-12-25T15:39:25.069+0000] {processor.py:743} INFO - Processing file /home/airflow/.local/lib/python3.7/site-packages/airflow/example_dags/example_sensors.py for tasks to queue
[2022-12-25T15:39:25.070+0000] {logging_mixin.py:137} INFO - [2022-12-25T15:39:25.070+0000] {dagbag.py:538} INFO - Filling up the DagBag from /home/airflow/.local/lib/python3.7/site-packages/airflow/example_dags/example_sensors.py
[2022-12-25T15:39:25.098+0000] {processor.py:753} INFO - DAG(s) dict_keys(['example_sensors']) retrieved from /home/airflow/.local/lib/python3.7/site-packages/airflow/example_dags/example_sensors.py
[2022-12-25T15:39:25.130+0000] {logging_mixin.py:137} INFO - [2022-12-25T15:39:25.129+0000] {dag.py:2676} INFO - Sync 1 DAGs
[2022-12-25T15:39:25.156+0000] {logging_mixin.py:137} INFO - [2022-12-25T15:39:25.155+0000] {dag.py:3427} INFO - Setting next_dagrun for example_sensors to None, run_after=None
[2022-12-25T15:39:25.183+0000] {processor.py:175} INFO - Processing /home/airflow/.local/lib/python3.7/site-packages/airflow/example_dags/example_sensors.py took 0.121 seconds
[2022-12-25T15:39:55.826+0000] {processor.py:153} INFO - Started process (PID=3910) to work on /home/airflow/.local/lib/python3.7/site-packages/airflow/example_dags/example_sensors.py
[2022-12-25T15:39:55.830+0000] {processor.py:743} INFO - Processing file /home/airflow/.local/lib/python3.7/site-packages/airflow/example_dags/example_sensors.py for tasks to queue
[2022-12-25T15:39:55.833+0000] {logging_mixin.py:137} INFO - [2022-12-25T15:39:55.832+0000] {dagbag.py:538} INFO - Filling up the DagBag from /home/airflow/.local/lib/python3.7/site-packages/airflow/example_dags/example_sensors.py
[2022-12-25T15:39:55.871+0000] {processor.py:753} INFO - DAG(s) dict_keys(['example_sensors']) retrieved from /home/airflow/.local/lib/python3.7/site-packages/airflow/example_dags/example_sensors.py
[2022-12-25T15:39:55.943+0000] {logging_mixin.py:137} INFO - [2022-12-25T15:39:55.942+0000] {dag.py:2676} INFO - Sync 1 DAGs
[2022-12-25T15:39:55.982+0000] {logging_mixin.py:137} INFO - [2022-12-25T15:39:55.982+0000] {dag.py:3427} INFO - Setting next_dagrun for example_sensors to None, run_after=None
[2022-12-25T15:39:56.014+0000] {processor.py:175} INFO - Processing /home/airflow/.local/lib/python3.7/site-packages/airflow/example_dags/example_sensors.py took 0.195 seconds
[2022-12-25T15:40:26.175+0000] {processor.py:153} INFO - Started process (PID=4161) to work on /home/airflow/.local/lib/python3.7/site-packages/airflow/example_dags/example_sensors.py
[2022-12-25T15:40:26.176+0000] {processor.py:743} INFO - Processing file /home/airflow/.local/lib/python3.7/site-packages/airflow/example_dags/example_sensors.py for tasks to queue
[2022-12-25T15:40:26.177+0000] {logging_mixin.py:137} INFO - [2022-12-25T15:40:26.177+0000] {dagbag.py:538} INFO - Filling up the DagBag from /home/airflow/.local/lib/python3.7/site-packages/airflow/example_dags/example_sensors.py
[2022-12-25T15:40:26.195+0000] {processor.py:753} INFO - DAG(s) dict_keys(['example_sensors']) retrieved from /home/airflow/.local/lib/python3.7/site-packages/airflow/example_dags/example_sensors.py
[2022-12-25T15:40:26.234+0000] {logging_mixin.py:137} INFO - [2022-12-25T15:40:26.233+0000] {dag.py:2676} INFO - Sync 1 DAGs
[2022-12-25T15:40:26.260+0000] {logging_mixin.py:137} INFO - [2022-12-25T15:40:26.260+0000] {dag.py:3427} INFO - Setting next_dagrun for example_sensors to None, run_after=None
[2022-12-25T15:40:26.282+0000] {processor.py:175} INFO - Processing /home/airflow/.local/lib/python3.7/site-packages/airflow/example_dags/example_sensors.py took 0.110 seconds
[2022-12-25T15:40:56.471+0000] {processor.py:153} INFO - Started process (PID=4391) to work on /home/airflow/.local/lib/python3.7/site-packages/airflow/example_dags/example_sensors.py
[2022-12-25T15:40:56.474+0000] {processor.py:743} INFO - Processing file /home/airflow/.local/lib/python3.7/site-packages/airflow/example_dags/example_sensors.py for tasks to queue
[2022-12-25T15:40:56.479+0000] {logging_mixin.py:137} INFO - [2022-12-25T15:40:56.478+0000] {dagbag.py:538} INFO - Filling up the DagBag from /home/airflow/.local/lib/python3.7/site-packages/airflow/example_dags/example_sensors.py
[2022-12-25T15:40:56.526+0000] {processor.py:753} INFO - DAG(s) dict_keys(['example_sensors']) retrieved from /home/airflow/.local/lib/python3.7/site-packages/airflow/example_dags/example_sensors.py
[2022-12-25T15:40:56.602+0000] {logging_mixin.py:137} INFO - [2022-12-25T15:40:56.602+0000] {dag.py:2676} INFO - Sync 1 DAGs
[2022-12-25T15:40:56.652+0000] {logging_mixin.py:137} INFO - [2022-12-25T15:40:56.652+0000] {dag.py:3427} INFO - Setting next_dagrun for example_sensors to None, run_after=None
[2022-12-25T15:40:56.712+0000] {processor.py:175} INFO - Processing /home/airflow/.local/lib/python3.7/site-packages/airflow/example_dags/example_sensors.py took 0.246 seconds
[2022-12-25T15:41:26.862+0000] {processor.py:153} INFO - Started process (PID=4641) to work on /home/airflow/.local/lib/python3.7/site-packages/airflow/example_dags/example_sensors.py
[2022-12-25T15:41:26.864+0000] {processor.py:743} INFO - Processing file /home/airflow/.local/lib/python3.7/site-packages/airflow/example_dags/example_sensors.py for tasks to queue
[2022-12-25T15:41:26.865+0000] {logging_mixin.py:137} INFO - [2022-12-25T15:41:26.865+0000] {dagbag.py:538} INFO - Filling up the DagBag from /home/airflow/.local/lib/python3.7/site-packages/airflow/example_dags/example_sensors.py
[2022-12-25T15:41:26.894+0000] {processor.py:753} INFO - DAG(s) dict_keys(['example_sensors']) retrieved from /home/airflow/.local/lib/python3.7/site-packages/airflow/example_dags/example_sensors.py
[2022-12-25T15:41:26.950+0000] {logging_mixin.py:137} INFO - [2022-12-25T15:41:26.950+0000] {dag.py:2676} INFO - Sync 1 DAGs
[2022-12-25T15:41:26.986+0000] {logging_mixin.py:137} INFO - [2022-12-25T15:41:26.986+0000] {dag.py:3427} INFO - Setting next_dagrun for example_sensors to None, run_after=None
[2022-12-25T15:41:27.015+0000] {processor.py:175} INFO - Processing /home/airflow/.local/lib/python3.7/site-packages/airflow/example_dags/example_sensors.py took 0.157 seconds
[2022-12-25T15:41:57.147+0000] {processor.py:153} INFO - Started process (PID=4871) to work on /home/airflow/.local/lib/python3.7/site-packages/airflow/example_dags/example_sensors.py
[2022-12-25T15:41:57.148+0000] {processor.py:743} INFO - Processing file /home/airflow/.local/lib/python3.7/site-packages/airflow/example_dags/example_sensors.py for tasks to queue
[2022-12-25T15:41:57.148+0000] {logging_mixin.py:137} INFO - [2022-12-25T15:41:57.148+0000] {dagbag.py:538} INFO - Filling up the DagBag from /home/airflow/.local/lib/python3.7/site-packages/airflow/example_dags/example_sensors.py
[2022-12-25T15:41:57.167+0000] {processor.py:753} INFO - DAG(s) dict_keys(['example_sensors']) retrieved from /home/airflow/.local/lib/python3.7/site-packages/airflow/example_dags/example_sensors.py
[2022-12-25T15:41:57.205+0000] {logging_mixin.py:137} INFO - [2022-12-25T15:41:57.204+0000] {dag.py:2676} INFO - Sync 1 DAGs
[2022-12-25T15:41:57.229+0000] {logging_mixin.py:137} INFO - [2022-12-25T15:41:57.229+0000] {dag.py:3427} INFO - Setting next_dagrun for example_sensors to None, run_after=None
[2022-12-25T15:41:57.252+0000] {processor.py:175} INFO - Processing /home/airflow/.local/lib/python3.7/site-packages/airflow/example_dags/example_sensors.py took 0.108 seconds
[2022-12-25T15:42:27.485+0000] {processor.py:153} INFO - Started process (PID=5103) to work on /home/airflow/.local/lib/python3.7/site-packages/airflow/example_dags/example_sensors.py
[2022-12-25T15:42:27.486+0000] {processor.py:743} INFO - Processing file /home/airflow/.local/lib/python3.7/site-packages/airflow/example_dags/example_sensors.py for tasks to queue
[2022-12-25T15:42:27.487+0000] {logging_mixin.py:137} INFO - [2022-12-25T15:42:27.486+0000] {dagbag.py:538} INFO - Filling up the DagBag from /home/airflow/.local/lib/python3.7/site-packages/airflow/example_dags/example_sensors.py
[2022-12-25T15:42:27.504+0000] {processor.py:753} INFO - DAG(s) dict_keys(['example_sensors']) retrieved from /home/airflow/.local/lib/python3.7/site-packages/airflow/example_dags/example_sensors.py
[2022-12-25T15:42:27.542+0000] {logging_mixin.py:137} INFO - [2022-12-25T15:42:27.542+0000] {dag.py:2676} INFO - Sync 1 DAGs
[2022-12-25T15:42:27.565+0000] {logging_mixin.py:137} INFO - [2022-12-25T15:42:27.565+0000] {dag.py:3427} INFO - Setting next_dagrun for example_sensors to None, run_after=None
[2022-12-25T15:42:27.584+0000] {processor.py:175} INFO - Processing /home/airflow/.local/lib/python3.7/site-packages/airflow/example_dags/example_sensors.py took 0.102 seconds
[2022-12-25T15:42:58.052+0000] {processor.py:153} INFO - Started process (PID=5341) to work on /home/airflow/.local/lib/python3.7/site-packages/airflow/example_dags/example_sensors.py
[2022-12-25T15:42:58.053+0000] {processor.py:743} INFO - Processing file /home/airflow/.local/lib/python3.7/site-packages/airflow/example_dags/example_sensors.py for tasks to queue
[2022-12-25T15:42:58.054+0000] {logging_mixin.py:137} INFO - [2022-12-25T15:42:58.054+0000] {dagbag.py:538} INFO - Filling up the DagBag from /home/airflow/.local/lib/python3.7/site-packages/airflow/example_dags/example_sensors.py
[2022-12-25T15:42:58.081+0000] {processor.py:753} INFO - DAG(s) dict_keys(['example_sensors']) retrieved from /home/airflow/.local/lib/python3.7/site-packages/airflow/example_dags/example_sensors.py
[2022-12-25T15:42:58.137+0000] {logging_mixin.py:137} INFO - [2022-12-25T15:42:58.136+0000] {dag.py:2676} INFO - Sync 1 DAGs
[2022-12-25T15:42:58.173+0000] {logging_mixin.py:137} INFO - [2022-12-25T15:42:58.172+0000] {dag.py:3427} INFO - Setting next_dagrun for example_sensors to None, run_after=None
[2022-12-25T15:42:58.201+0000] {processor.py:175} INFO - Processing /home/airflow/.local/lib/python3.7/site-packages/airflow/example_dags/example_sensors.py took 0.153 seconds
[2022-12-25T15:43:28.341+0000] {processor.py:153} INFO - Started process (PID=5582) to work on /home/airflow/.local/lib/python3.7/site-packages/airflow/example_dags/example_sensors.py
[2022-12-25T15:43:28.342+0000] {processor.py:743} INFO - Processing file /home/airflow/.local/lib/python3.7/site-packages/airflow/example_dags/example_sensors.py for tasks to queue
[2022-12-25T15:43:28.343+0000] {logging_mixin.py:137} INFO - [2022-12-25T15:43:28.343+0000] {dagbag.py:538} INFO - Filling up the DagBag from /home/airflow/.local/lib/python3.7/site-packages/airflow/example_dags/example_sensors.py
[2022-12-25T15:43:28.363+0000] {processor.py:753} INFO - DAG(s) dict_keys(['example_sensors']) retrieved from /home/airflow/.local/lib/python3.7/site-packages/airflow/example_dags/example_sensors.py
[2022-12-25T15:43:28.406+0000] {logging_mixin.py:137} INFO - [2022-12-25T15:43:28.406+0000] {dag.py:2676} INFO - Sync 1 DAGs
[2022-12-25T15:43:28.433+0000] {logging_mixin.py:137} INFO - [2022-12-25T15:43:28.433+0000] {dag.py:3427} INFO - Setting next_dagrun for example_sensors to None, run_after=None
[2022-12-25T15:43:28.458+0000] {processor.py:175} INFO - Processing /home/airflow/.local/lib/python3.7/site-packages/airflow/example_dags/example_sensors.py took 0.121 seconds
[2022-12-25T15:43:59.084+0000] {processor.py:153} INFO - Started process (PID=5813) to work on /home/airflow/.local/lib/python3.7/site-packages/airflow/example_dags/example_sensors.py
[2022-12-25T15:43:59.085+0000] {processor.py:743} INFO - Processing file /home/airflow/.local/lib/python3.7/site-packages/airflow/example_dags/example_sensors.py for tasks to queue
[2022-12-25T15:43:59.086+0000] {logging_mixin.py:137} INFO - [2022-12-25T15:43:59.085+0000] {dagbag.py:538} INFO - Filling up the DagBag from /home/airflow/.local/lib/python3.7/site-packages/airflow/example_dags/example_sensors.py
[2022-12-25T15:43:59.104+0000] {processor.py:753} INFO - DAG(s) dict_keys(['example_sensors']) retrieved from /home/airflow/.local/lib/python3.7/site-packages/airflow/example_dags/example_sensors.py
[2022-12-25T15:43:59.143+0000] {logging_mixin.py:137} INFO - [2022-12-25T15:43:59.143+0000] {dag.py:2676} INFO - Sync 1 DAGs
[2022-12-25T15:43:59.167+0000] {logging_mixin.py:137} INFO - [2022-12-25T15:43:59.166+0000] {dag.py:3427} INFO - Setting next_dagrun for example_sensors to None, run_after=None
[2022-12-25T15:43:59.189+0000] {processor.py:175} INFO - Processing /home/airflow/.local/lib/python3.7/site-packages/airflow/example_dags/example_sensors.py took 0.108 seconds
[2022-12-25T15:44:30.109+0000] {processor.py:153} INFO - Started process (PID=6063) to work on /home/airflow/.local/lib/python3.7/site-packages/airflow/example_dags/example_sensors.py
[2022-12-25T15:44:30.110+0000] {processor.py:743} INFO - Processing file /home/airflow/.local/lib/python3.7/site-packages/airflow/example_dags/example_sensors.py for tasks to queue
[2022-12-25T15:44:30.111+0000] {logging_mixin.py:137} INFO - [2022-12-25T15:44:30.111+0000] {dagbag.py:538} INFO - Filling up the DagBag from /home/airflow/.local/lib/python3.7/site-packages/airflow/example_dags/example_sensors.py
[2022-12-25T15:44:30.131+0000] {processor.py:753} INFO - DAG(s) dict_keys(['example_sensors']) retrieved from /home/airflow/.local/lib/python3.7/site-packages/airflow/example_dags/example_sensors.py
[2022-12-25T15:44:30.170+0000] {logging_mixin.py:137} INFO - [2022-12-25T15:44:30.170+0000] {dag.py:2676} INFO - Sync 1 DAGs
[2022-12-25T15:44:30.199+0000] {logging_mixin.py:137} INFO - [2022-12-25T15:44:30.198+0000] {dag.py:3427} INFO - Setting next_dagrun for example_sensors to None, run_after=None
[2022-12-25T15:44:30.218+0000] {processor.py:175} INFO - Processing /home/airflow/.local/lib/python3.7/site-packages/airflow/example_dags/example_sensors.py took 0.112 seconds
[2022-12-25T15:45:00.970+0000] {processor.py:153} INFO - Started process (PID=6293) to work on /home/airflow/.local/lib/python3.7/site-packages/airflow/example_dags/example_sensors.py
[2022-12-25T15:45:00.971+0000] {processor.py:743} INFO - Processing file /home/airflow/.local/lib/python3.7/site-packages/airflow/example_dags/example_sensors.py for tasks to queue
[2022-12-25T15:45:00.973+0000] {logging_mixin.py:137} INFO - [2022-12-25T15:45:00.972+0000] {dagbag.py:538} INFO - Filling up the DagBag from /home/airflow/.local/lib/python3.7/site-packages/airflow/example_dags/example_sensors.py
[2022-12-25T15:45:00.996+0000] {processor.py:753} INFO - DAG(s) dict_keys(['example_sensors']) retrieved from /home/airflow/.local/lib/python3.7/site-packages/airflow/example_dags/example_sensors.py
[2022-12-25T15:45:01.048+0000] {logging_mixin.py:137} INFO - [2022-12-25T15:45:01.048+0000] {dag.py:2676} INFO - Sync 1 DAGs
[2022-12-25T15:45:01.082+0000] {logging_mixin.py:137} INFO - [2022-12-25T15:45:01.082+0000] {dag.py:3427} INFO - Setting next_dagrun for example_sensors to None, run_after=None
[2022-12-25T15:45:01.111+0000] {processor.py:175} INFO - Processing /home/airflow/.local/lib/python3.7/site-packages/airflow/example_dags/example_sensors.py took 0.145 seconds
[2022-12-25T15:45:31.207+0000] {processor.py:153} INFO - Started process (PID=6543) to work on /home/airflow/.local/lib/python3.7/site-packages/airflow/example_dags/example_sensors.py
[2022-12-25T15:45:31.208+0000] {processor.py:743} INFO - Processing file /home/airflow/.local/lib/python3.7/site-packages/airflow/example_dags/example_sensors.py for tasks to queue
[2022-12-25T15:45:31.208+0000] {logging_mixin.py:137} INFO - [2022-12-25T15:45:31.208+0000] {dagbag.py:538} INFO - Filling up the DagBag from /home/airflow/.local/lib/python3.7/site-packages/airflow/example_dags/example_sensors.py
[2022-12-25T15:45:31.227+0000] {processor.py:753} INFO - DAG(s) dict_keys(['example_sensors']) retrieved from /home/airflow/.local/lib/python3.7/site-packages/airflow/example_dags/example_sensors.py
[2022-12-25T15:45:31.267+0000] {logging_mixin.py:137} INFO - [2022-12-25T15:45:31.266+0000] {dag.py:2676} INFO - Sync 1 DAGs
[2022-12-25T15:45:31.294+0000] {logging_mixin.py:137} INFO - [2022-12-25T15:45:31.294+0000] {dag.py:3427} INFO - Setting next_dagrun for example_sensors to None, run_after=None
[2022-12-25T15:45:31.314+0000] {processor.py:175} INFO - Processing /home/airflow/.local/lib/python3.7/site-packages/airflow/example_dags/example_sensors.py took 0.110 seconds
[2022-12-25T15:46:01.522+0000] {processor.py:153} INFO - Started process (PID=6773) to work on /home/airflow/.local/lib/python3.7/site-packages/airflow/example_dags/example_sensors.py
[2022-12-25T15:46:01.523+0000] {processor.py:743} INFO - Processing file /home/airflow/.local/lib/python3.7/site-packages/airflow/example_dags/example_sensors.py for tasks to queue
[2022-12-25T15:46:01.524+0000] {logging_mixin.py:137} INFO - [2022-12-25T15:46:01.524+0000] {dagbag.py:538} INFO - Filling up the DagBag from /home/airflow/.local/lib/python3.7/site-packages/airflow/example_dags/example_sensors.py
[2022-12-25T15:46:01.546+0000] {processor.py:753} INFO - DAG(s) dict_keys(['example_sensors']) retrieved from /home/airflow/.local/lib/python3.7/site-packages/airflow/example_dags/example_sensors.py
[2022-12-25T15:46:01.604+0000] {logging_mixin.py:137} INFO - [2022-12-25T15:46:01.604+0000] {dag.py:2676} INFO - Sync 1 DAGs
[2022-12-25T15:46:01.635+0000] {logging_mixin.py:137} INFO - [2022-12-25T15:46:01.635+0000] {dag.py:3427} INFO - Setting next_dagrun for example_sensors to None, run_after=None
[2022-12-25T15:46:01.658+0000] {processor.py:175} INFO - Processing /home/airflow/.local/lib/python3.7/site-packages/airflow/example_dags/example_sensors.py took 0.139 seconds
[2022-12-25T15:46:31.709+0000] {processor.py:153} INFO - Started process (PID=7003) to work on /home/airflow/.local/lib/python3.7/site-packages/airflow/example_dags/example_sensors.py
[2022-12-25T15:46:31.710+0000] {processor.py:743} INFO - Processing file /home/airflow/.local/lib/python3.7/site-packages/airflow/example_dags/example_sensors.py for tasks to queue
[2022-12-25T15:46:31.710+0000] {logging_mixin.py:137} INFO - [2022-12-25T15:46:31.710+0000] {dagbag.py:538} INFO - Filling up the DagBag from /home/airflow/.local/lib/python3.7/site-packages/airflow/example_dags/example_sensors.py
[2022-12-25T15:46:31.729+0000] {processor.py:753} INFO - DAG(s) dict_keys(['example_sensors']) retrieved from /home/airflow/.local/lib/python3.7/site-packages/airflow/example_dags/example_sensors.py
[2022-12-25T15:46:31.767+0000] {logging_mixin.py:137} INFO - [2022-12-25T15:46:31.766+0000] {dag.py:2676} INFO - Sync 1 DAGs
[2022-12-25T15:46:31.794+0000] {logging_mixin.py:137} INFO - [2022-12-25T15:46:31.794+0000] {dag.py:3427} INFO - Setting next_dagrun for example_sensors to None, run_after=None
[2022-12-25T15:46:31.823+0000] {processor.py:175} INFO - Processing /home/airflow/.local/lib/python3.7/site-packages/airflow/example_dags/example_sensors.py took 0.117 seconds
[2022-12-25T15:47:02.469+0000] {processor.py:153} INFO - Started process (PID=7253) to work on /home/airflow/.local/lib/python3.7/site-packages/airflow/example_dags/example_sensors.py
[2022-12-25T15:47:02.470+0000] {processor.py:743} INFO - Processing file /home/airflow/.local/lib/python3.7/site-packages/airflow/example_dags/example_sensors.py for tasks to queue
[2022-12-25T15:47:02.471+0000] {logging_mixin.py:137} INFO - [2022-12-25T15:47:02.471+0000] {dagbag.py:538} INFO - Filling up the DagBag from /home/airflow/.local/lib/python3.7/site-packages/airflow/example_dags/example_sensors.py
[2022-12-25T15:47:02.490+0000] {processor.py:753} INFO - DAG(s) dict_keys(['example_sensors']) retrieved from /home/airflow/.local/lib/python3.7/site-packages/airflow/example_dags/example_sensors.py
[2022-12-25T15:47:02.531+0000] {logging_mixin.py:137} INFO - [2022-12-25T15:47:02.531+0000] {dag.py:2676} INFO - Sync 1 DAGs
[2022-12-25T15:47:02.557+0000] {logging_mixin.py:137} INFO - [2022-12-25T15:47:02.557+0000] {dag.py:3427} INFO - Setting next_dagrun for example_sensors to None, run_after=None
[2022-12-25T15:47:02.577+0000] {processor.py:175} INFO - Processing /home/airflow/.local/lib/python3.7/site-packages/airflow/example_dags/example_sensors.py took 0.111 seconds
[2022-12-25T15:47:33.483+0000] {processor.py:153} INFO - Started process (PID=7484) to work on /home/airflow/.local/lib/python3.7/site-packages/airflow/example_dags/example_sensors.py
[2022-12-25T15:47:33.485+0000] {processor.py:743} INFO - Processing file /home/airflow/.local/lib/python3.7/site-packages/airflow/example_dags/example_sensors.py for tasks to queue
[2022-12-25T15:47:33.487+0000] {logging_mixin.py:137} INFO - [2022-12-25T15:47:33.486+0000] {dagbag.py:538} INFO - Filling up the DagBag from /home/airflow/.local/lib/python3.7/site-packages/airflow/example_dags/example_sensors.py
[2022-12-25T15:47:33.515+0000] {processor.py:753} INFO - DAG(s) dict_keys(['example_sensors']) retrieved from /home/airflow/.local/lib/python3.7/site-packages/airflow/example_dags/example_sensors.py
[2022-12-25T15:47:33.566+0000] {logging_mixin.py:137} INFO - [2022-12-25T15:47:33.566+0000] {dag.py:2676} INFO - Sync 1 DAGs
[2022-12-25T15:47:33.608+0000] {logging_mixin.py:137} INFO - [2022-12-25T15:47:33.608+0000] {dag.py:3427} INFO - Setting next_dagrun for example_sensors to None, run_after=None
[2022-12-25T15:47:33.645+0000] {processor.py:175} INFO - Processing /home/airflow/.local/lib/python3.7/site-packages/airflow/example_dags/example_sensors.py took 0.165 seconds
[2022-12-25T15:48:04.012+0000] {processor.py:153} INFO - Started process (PID=7714) to work on /home/airflow/.local/lib/python3.7/site-packages/airflow/example_dags/example_sensors.py
[2022-12-25T15:48:04.014+0000] {processor.py:743} INFO - Processing file /home/airflow/.local/lib/python3.7/site-packages/airflow/example_dags/example_sensors.py for tasks to queue
[2022-12-25T15:48:04.014+0000] {logging_mixin.py:137} INFO - [2022-12-25T15:48:04.014+0000] {dagbag.py:538} INFO - Filling up the DagBag from /home/airflow/.local/lib/python3.7/site-packages/airflow/example_dags/example_sensors.py
[2022-12-25T15:48:04.033+0000] {processor.py:753} INFO - DAG(s) dict_keys(['example_sensors']) retrieved from /home/airflow/.local/lib/python3.7/site-packages/airflow/example_dags/example_sensors.py
[2022-12-25T15:48:04.075+0000] {logging_mixin.py:137} INFO - [2022-12-25T15:48:04.075+0000] {dag.py:2676} INFO - Sync 1 DAGs
[2022-12-25T15:48:04.108+0000] {logging_mixin.py:137} INFO - [2022-12-25T15:48:04.108+0000] {dag.py:3427} INFO - Setting next_dagrun for example_sensors to None, run_after=None
[2022-12-25T15:48:04.134+0000] {processor.py:175} INFO - Processing /home/airflow/.local/lib/python3.7/site-packages/airflow/example_dags/example_sensors.py took 0.124 seconds
[2022-12-25T15:48:34.400+0000] {processor.py:153} INFO - Started process (PID=7964) to work on /home/airflow/.local/lib/python3.7/site-packages/airflow/example_dags/example_sensors.py
[2022-12-25T15:48:34.402+0000] {processor.py:743} INFO - Processing file /home/airflow/.local/lib/python3.7/site-packages/airflow/example_dags/example_sensors.py for tasks to queue
[2022-12-25T15:48:34.402+0000] {logging_mixin.py:137} INFO - [2022-12-25T15:48:34.402+0000] {dagbag.py:538} INFO - Filling up the DagBag from /home/airflow/.local/lib/python3.7/site-packages/airflow/example_dags/example_sensors.py
[2022-12-25T15:48:34.420+0000] {processor.py:753} INFO - DAG(s) dict_keys(['example_sensors']) retrieved from /home/airflow/.local/lib/python3.7/site-packages/airflow/example_dags/example_sensors.py
[2022-12-25T15:48:34.464+0000] {logging_mixin.py:137} INFO - [2022-12-25T15:48:34.463+0000] {dag.py:2676} INFO - Sync 1 DAGs
[2022-12-25T15:48:34.490+0000] {logging_mixin.py:137} INFO - [2022-12-25T15:48:34.490+0000] {dag.py:3427} INFO - Setting next_dagrun for example_sensors to None, run_after=None
[2022-12-25T15:48:34.510+0000] {processor.py:175} INFO - Processing /home/airflow/.local/lib/python3.7/site-packages/airflow/example_dags/example_sensors.py took 0.112 seconds
[2022-12-25T15:49:04.815+0000] {processor.py:153} INFO - Started process (PID=8196) to work on /home/airflow/.local/lib/python3.7/site-packages/airflow/example_dags/example_sensors.py
[2022-12-25T15:49:04.816+0000] {processor.py:743} INFO - Processing file /home/airflow/.local/lib/python3.7/site-packages/airflow/example_dags/example_sensors.py for tasks to queue
[2022-12-25T15:49:04.817+0000] {logging_mixin.py:137} INFO - [2022-12-25T15:49:04.817+0000] {dagbag.py:538} INFO - Filling up the DagBag from /home/airflow/.local/lib/python3.7/site-packages/airflow/example_dags/example_sensors.py
[2022-12-25T15:49:04.834+0000] {processor.py:753} INFO - DAG(s) dict_keys(['example_sensors']) retrieved from /home/airflow/.local/lib/python3.7/site-packages/airflow/example_dags/example_sensors.py
[2022-12-25T15:49:04.872+0000] {logging_mixin.py:137} INFO - [2022-12-25T15:49:04.872+0000] {dag.py:2676} INFO - Sync 1 DAGs
[2022-12-25T15:49:04.895+0000] {logging_mixin.py:137} INFO - [2022-12-25T15:49:04.895+0000] {dag.py:3427} INFO - Setting next_dagrun for example_sensors to None, run_after=None
[2022-12-25T15:49:04.913+0000] {processor.py:175} INFO - Processing /home/airflow/.local/lib/python3.7/site-packages/airflow/example_dags/example_sensors.py took 0.101 seconds
[2022-12-25T15:49:35.871+0000] {processor.py:153} INFO - Started process (PID=8446) to work on /home/airflow/.local/lib/python3.7/site-packages/airflow/example_dags/example_sensors.py
[2022-12-25T15:49:35.873+0000] {processor.py:743} INFO - Processing file /home/airflow/.local/lib/python3.7/site-packages/airflow/example_dags/example_sensors.py for tasks to queue
[2022-12-25T15:49:35.874+0000] {logging_mixin.py:137} INFO - [2022-12-25T15:49:35.874+0000] {dagbag.py:538} INFO - Filling up the DagBag from /home/airflow/.local/lib/python3.7/site-packages/airflow/example_dags/example_sensors.py
[2022-12-25T15:49:35.904+0000] {processor.py:753} INFO - DAG(s) dict_keys(['example_sensors']) retrieved from /home/airflow/.local/lib/python3.7/site-packages/airflow/example_dags/example_sensors.py
[2022-12-25T15:49:35.968+0000] {logging_mixin.py:137} INFO - [2022-12-25T15:49:35.967+0000] {dag.py:2676} INFO - Sync 1 DAGs
[2022-12-25T15:49:35.997+0000] {logging_mixin.py:137} INFO - [2022-12-25T15:49:35.997+0000] {dag.py:3427} INFO - Setting next_dagrun for example_sensors to None, run_after=None
[2022-12-25T15:49:36.026+0000] {processor.py:175} INFO - Processing /home/airflow/.local/lib/python3.7/site-packages/airflow/example_dags/example_sensors.py took 0.160 seconds
[2022-12-25T15:50:06.265+0000] {processor.py:153} INFO - Started process (PID=8674) to work on /home/airflow/.local/lib/python3.7/site-packages/airflow/example_dags/example_sensors.py
[2022-12-25T15:50:06.267+0000] {processor.py:743} INFO - Processing file /home/airflow/.local/lib/python3.7/site-packages/airflow/example_dags/example_sensors.py for tasks to queue
[2022-12-25T15:50:06.268+0000] {logging_mixin.py:137} INFO - [2022-12-25T15:50:06.268+0000] {dagbag.py:538} INFO - Filling up the DagBag from /home/airflow/.local/lib/python3.7/site-packages/airflow/example_dags/example_sensors.py
[2022-12-25T15:50:06.289+0000] {processor.py:753} INFO - DAG(s) dict_keys(['example_sensors']) retrieved from /home/airflow/.local/lib/python3.7/site-packages/airflow/example_dags/example_sensors.py
[2022-12-25T15:50:06.329+0000] {logging_mixin.py:137} INFO - [2022-12-25T15:50:06.329+0000] {dag.py:2676} INFO - Sync 1 DAGs
[2022-12-25T15:50:06.358+0000] {logging_mixin.py:137} INFO - [2022-12-25T15:50:06.358+0000] {dag.py:3427} INFO - Setting next_dagrun for example_sensors to None, run_after=None
[2022-12-25T15:50:06.378+0000] {processor.py:175} INFO - Processing /home/airflow/.local/lib/python3.7/site-packages/airflow/example_dags/example_sensors.py took 0.116 seconds
[2022-12-25T15:50:36.642+0000] {processor.py:153} INFO - Started process (PID=8913) to work on /home/airflow/.local/lib/python3.7/site-packages/airflow/example_dags/example_sensors.py
[2022-12-25T15:50:36.644+0000] {processor.py:743} INFO - Processing file /home/airflow/.local/lib/python3.7/site-packages/airflow/example_dags/example_sensors.py for tasks to queue
[2022-12-25T15:50:36.645+0000] {logging_mixin.py:137} INFO - [2022-12-25T15:50:36.645+0000] {dagbag.py:538} INFO - Filling up the DagBag from /home/airflow/.local/lib/python3.7/site-packages/airflow/example_dags/example_sensors.py
[2022-12-25T15:50:36.666+0000] {processor.py:753} INFO - DAG(s) dict_keys(['example_sensors']) retrieved from /home/airflow/.local/lib/python3.7/site-packages/airflow/example_dags/example_sensors.py
[2022-12-25T15:50:36.718+0000] {logging_mixin.py:137} INFO - [2022-12-25T15:50:36.718+0000] {dag.py:2676} INFO - Sync 1 DAGs
[2022-12-25T15:50:36.750+0000] {logging_mixin.py:137} INFO - [2022-12-25T15:50:36.750+0000] {dag.py:3427} INFO - Setting next_dagrun for example_sensors to None, run_after=None
[2022-12-25T15:50:36.774+0000] {processor.py:175} INFO - Processing /home/airflow/.local/lib/python3.7/site-packages/airflow/example_dags/example_sensors.py took 0.137 seconds
[2022-12-25T15:51:06.974+0000] {processor.py:153} INFO - Started process (PID=9156) to work on /home/airflow/.local/lib/python3.7/site-packages/airflow/example_dags/example_sensors.py
[2022-12-25T15:51:06.975+0000] {processor.py:743} INFO - Processing file /home/airflow/.local/lib/python3.7/site-packages/airflow/example_dags/example_sensors.py for tasks to queue
[2022-12-25T15:51:06.976+0000] {logging_mixin.py:137} INFO - [2022-12-25T15:51:06.976+0000] {dagbag.py:538} INFO - Filling up the DagBag from /home/airflow/.local/lib/python3.7/site-packages/airflow/example_dags/example_sensors.py
[2022-12-25T15:51:06.996+0000] {processor.py:753} INFO - DAG(s) dict_keys(['example_sensors']) retrieved from /home/airflow/.local/lib/python3.7/site-packages/airflow/example_dags/example_sensors.py
[2022-12-25T15:51:07.040+0000] {logging_mixin.py:137} INFO - [2022-12-25T15:51:07.040+0000] {dag.py:2676} INFO - Sync 1 DAGs
[2022-12-25T15:51:07.066+0000] {logging_mixin.py:137} INFO - [2022-12-25T15:51:07.066+0000] {dag.py:3427} INFO - Setting next_dagrun for example_sensors to None, run_after=None
[2022-12-25T15:51:07.087+0000] {processor.py:175} INFO - Processing /home/airflow/.local/lib/python3.7/site-packages/airflow/example_dags/example_sensors.py took 0.116 seconds
[2022-12-25T15:51:37.167+0000] {processor.py:153} INFO - Started process (PID=9384) to work on /home/airflow/.local/lib/python3.7/site-packages/airflow/example_dags/example_sensors.py
[2022-12-25T15:51:37.169+0000] {processor.py:743} INFO - Processing file /home/airflow/.local/lib/python3.7/site-packages/airflow/example_dags/example_sensors.py for tasks to queue
[2022-12-25T15:51:37.170+0000] {logging_mixin.py:137} INFO - [2022-12-25T15:51:37.170+0000] {dagbag.py:538} INFO - Filling up the DagBag from /home/airflow/.local/lib/python3.7/site-packages/airflow/example_dags/example_sensors.py
[2022-12-25T15:51:37.190+0000] {processor.py:753} INFO - DAG(s) dict_keys(['example_sensors']) retrieved from /home/airflow/.local/lib/python3.7/site-packages/airflow/example_dags/example_sensors.py
[2022-12-25T15:51:37.233+0000] {logging_mixin.py:137} INFO - [2022-12-25T15:51:37.233+0000] {dag.py:2676} INFO - Sync 1 DAGs
[2022-12-25T15:51:37.258+0000] {logging_mixin.py:137} INFO - [2022-12-25T15:51:37.258+0000] {dag.py:3427} INFO - Setting next_dagrun for example_sensors to None, run_after=None
[2022-12-25T15:51:37.279+0000] {processor.py:175} INFO - Processing /home/airflow/.local/lib/python3.7/site-packages/airflow/example_dags/example_sensors.py took 0.115 seconds
[2022-12-25T15:52:09.066+0000] {processor.py:153} INFO - Started process (PID=9623) to work on /home/airflow/.local/lib/python3.7/site-packages/airflow/example_dags/example_sensors.py
[2022-12-25T15:52:09.068+0000] {processor.py:743} INFO - Processing file /home/airflow/.local/lib/python3.7/site-packages/airflow/example_dags/example_sensors.py for tasks to queue
[2022-12-25T15:52:09.069+0000] {logging_mixin.py:137} INFO - [2022-12-25T15:52:09.069+0000] {dagbag.py:538} INFO - Filling up the DagBag from /home/airflow/.local/lib/python3.7/site-packages/airflow/example_dags/example_sensors.py
[2022-12-25T15:52:09.110+0000] {processor.py:753} INFO - DAG(s) dict_keys(['example_sensors']) retrieved from /home/airflow/.local/lib/python3.7/site-packages/airflow/example_dags/example_sensors.py
[2022-12-25T15:52:09.194+0000] {logging_mixin.py:137} INFO - [2022-12-25T15:52:09.193+0000] {dag.py:2676} INFO - Sync 1 DAGs
[2022-12-25T15:52:09.251+0000] {logging_mixin.py:137} INFO - [2022-12-25T15:52:09.250+0000] {dag.py:3427} INFO - Setting next_dagrun for example_sensors to None, run_after=None
[2022-12-25T15:52:09.304+0000] {processor.py:175} INFO - Processing /home/airflow/.local/lib/python3.7/site-packages/airflow/example_dags/example_sensors.py took 0.252 seconds
[2022-12-25T15:52:39.766+0000] {processor.py:153} INFO - Started process (PID=9866) to work on /home/airflow/.local/lib/python3.7/site-packages/airflow/example_dags/example_sensors.py
[2022-12-25T15:52:39.767+0000] {processor.py:743} INFO - Processing file /home/airflow/.local/lib/python3.7/site-packages/airflow/example_dags/example_sensors.py for tasks to queue
[2022-12-25T15:52:39.768+0000] {logging_mixin.py:137} INFO - [2022-12-25T15:52:39.768+0000] {dagbag.py:538} INFO - Filling up the DagBag from /home/airflow/.local/lib/python3.7/site-packages/airflow/example_dags/example_sensors.py
[2022-12-25T15:52:39.788+0000] {processor.py:753} INFO - DAG(s) dict_keys(['example_sensors']) retrieved from /home/airflow/.local/lib/python3.7/site-packages/airflow/example_dags/example_sensors.py
[2022-12-25T15:52:39.836+0000] {logging_mixin.py:137} INFO - [2022-12-25T15:52:39.836+0000] {dag.py:2676} INFO - Sync 1 DAGs
[2022-12-25T15:52:39.862+0000] {logging_mixin.py:137} INFO - [2022-12-25T15:52:39.862+0000] {dag.py:3427} INFO - Setting next_dagrun for example_sensors to None, run_after=None
[2022-12-25T15:52:39.885+0000] {processor.py:175} INFO - Processing /home/airflow/.local/lib/python3.7/site-packages/airflow/example_dags/example_sensors.py took 0.123 seconds
[2022-12-25T15:53:10.480+0000] {processor.py:153} INFO - Started process (PID=10096) to work on /home/airflow/.local/lib/python3.7/site-packages/airflow/example_dags/example_sensors.py
[2022-12-25T15:53:10.482+0000] {processor.py:743} INFO - Processing file /home/airflow/.local/lib/python3.7/site-packages/airflow/example_dags/example_sensors.py for tasks to queue
[2022-12-25T15:53:10.483+0000] {logging_mixin.py:137} INFO - [2022-12-25T15:53:10.482+0000] {dagbag.py:538} INFO - Filling up the DagBag from /home/airflow/.local/lib/python3.7/site-packages/airflow/example_dags/example_sensors.py
[2022-12-25T15:53:10.508+0000] {processor.py:753} INFO - DAG(s) dict_keys(['example_sensors']) retrieved from /home/airflow/.local/lib/python3.7/site-packages/airflow/example_dags/example_sensors.py
[2022-12-25T15:53:10.552+0000] {logging_mixin.py:137} INFO - [2022-12-25T15:53:10.551+0000] {dag.py:2676} INFO - Sync 1 DAGs
[2022-12-25T15:53:10.575+0000] {logging_mixin.py:137} INFO - [2022-12-25T15:53:10.575+0000] {dag.py:3427} INFO - Setting next_dagrun for example_sensors to None, run_after=None
[2022-12-25T15:53:10.595+0000] {processor.py:175} INFO - Processing /home/airflow/.local/lib/python3.7/site-packages/airflow/example_dags/example_sensors.py took 0.121 seconds
