[2022-12-25T15:32:11.230+0000] {processor.py:153} INFO - Started process (PID=283) to work on /home/airflow/.local/lib/python3.7/site-packages/airflow/example_dags/example_dag_decorator.py
[2022-12-25T15:32:11.231+0000] {processor.py:743} INFO - Processing file /home/airflow/.local/lib/python3.7/site-packages/airflow/example_dags/example_dag_decorator.py for tasks to queue
[2022-12-25T15:32:11.232+0000] {logging_mixin.py:137} INFO - [2022-12-25T15:32:11.232+0000] {dagbag.py:538} INFO - Filling up the DagBag from /home/airflow/.local/lib/python3.7/site-packages/airflow/example_dags/example_dag_decorator.py
[2022-12-25T15:32:11.266+0000] {logging_mixin.py:137} INFO - [2022-12-25T15:32:11.265+0000] {taskmixin.py:205} WARNING - Dependency <Task(_PythonDecoratedOperator): prepare_email>, send_email already registered for DAG: example_dag_decorator
[2022-12-25T15:32:11.266+0000] {logging_mixin.py:137} INFO - [2022-12-25T15:32:11.266+0000] {taskmixin.py:205} WARNING - Dependency <Task(EmailOperator): send_email>, prepare_email already registered for DAG: example_dag_decorator
[2022-12-25T15:32:11.295+0000] {processor.py:753} INFO - DAG(s) dict_keys(['example_dag_decorator']) retrieved from /home/airflow/.local/lib/python3.7/site-packages/airflow/example_dags/example_dag_decorator.py
[2022-12-25T15:32:11.458+0000] {logging_mixin.py:137} INFO - [2022-12-25T15:32:11.458+0000] {dag.py:2676} INFO - Sync 1 DAGs
[2022-12-25T15:32:11.513+0000] {logging_mixin.py:137} INFO - [2022-12-25T15:32:11.513+0000] {dag.py:3427} INFO - Setting next_dagrun for example_dag_decorator to None, run_after=None
[2022-12-25T15:32:11.551+0000] {processor.py:175} INFO - Processing /home/airflow/.local/lib/python3.7/site-packages/airflow/example_dags/example_dag_decorator.py took 0.326 seconds
[2022-12-25T15:32:42.505+0000] {processor.py:153} INFO - Started process (PID=515) to work on /home/airflow/.local/lib/python3.7/site-packages/airflow/example_dags/example_dag_decorator.py
[2022-12-25T15:32:42.507+0000] {processor.py:743} INFO - Processing file /home/airflow/.local/lib/python3.7/site-packages/airflow/example_dags/example_dag_decorator.py for tasks to queue
[2022-12-25T15:32:42.508+0000] {logging_mixin.py:137} INFO - [2022-12-25T15:32:42.508+0000] {dagbag.py:538} INFO - Filling up the DagBag from /home/airflow/.local/lib/python3.7/site-packages/airflow/example_dags/example_dag_decorator.py
[2022-12-25T15:32:42.523+0000] {logging_mixin.py:137} INFO - [2022-12-25T15:32:42.523+0000] {taskmixin.py:205} WARNING - Dependency <Task(_PythonDecoratedOperator): prepare_email>, send_email already registered for DAG: example_dag_decorator
[2022-12-25T15:32:42.523+0000] {logging_mixin.py:137} INFO - [2022-12-25T15:32:42.523+0000] {taskmixin.py:205} WARNING - Dependency <Task(EmailOperator): send_email>, prepare_email already registered for DAG: example_dag_decorator
[2022-12-25T15:32:42.534+0000] {processor.py:753} INFO - DAG(s) dict_keys(['example_dag_decorator']) retrieved from /home/airflow/.local/lib/python3.7/site-packages/airflow/example_dags/example_dag_decorator.py
[2022-12-25T15:32:42.629+0000] {logging_mixin.py:137} INFO - [2022-12-25T15:32:42.629+0000] {dag.py:2676} INFO - Sync 1 DAGs
[2022-12-25T15:32:42.664+0000] {logging_mixin.py:137} INFO - [2022-12-25T15:32:42.664+0000] {dag.py:3427} INFO - Setting next_dagrun for example_dag_decorator to None, run_after=None
[2022-12-25T15:32:42.688+0000] {processor.py:175} INFO - Processing /home/airflow/.local/lib/python3.7/site-packages/airflow/example_dags/example_dag_decorator.py took 0.186 seconds
[2022-12-25T15:33:12.840+0000] {processor.py:153} INFO - Started process (PID=748) to work on /home/airflow/.local/lib/python3.7/site-packages/airflow/example_dags/example_dag_decorator.py
[2022-12-25T15:33:12.843+0000] {processor.py:743} INFO - Processing file /home/airflow/.local/lib/python3.7/site-packages/airflow/example_dags/example_dag_decorator.py for tasks to queue
[2022-12-25T15:33:12.847+0000] {logging_mixin.py:137} INFO - [2022-12-25T15:33:12.846+0000] {dagbag.py:538} INFO - Filling up the DagBag from /home/airflow/.local/lib/python3.7/site-packages/airflow/example_dags/example_dag_decorator.py
[2022-12-25T15:33:12.886+0000] {logging_mixin.py:137} INFO - [2022-12-25T15:33:12.886+0000] {taskmixin.py:205} WARNING - Dependency <Task(_PythonDecoratedOperator): prepare_email>, send_email already registered for DAG: example_dag_decorator
[2022-12-25T15:33:12.886+0000] {logging_mixin.py:137} INFO - [2022-12-25T15:33:12.886+0000] {taskmixin.py:205} WARNING - Dependency <Task(EmailOperator): send_email>, prepare_email already registered for DAG: example_dag_decorator
[2022-12-25T15:33:12.913+0000] {processor.py:753} INFO - DAG(s) dict_keys(['example_dag_decorator']) retrieved from /home/airflow/.local/lib/python3.7/site-packages/airflow/example_dags/example_dag_decorator.py
[2022-12-25T15:33:13.131+0000] {logging_mixin.py:137} INFO - [2022-12-25T15:33:13.130+0000] {dag.py:2676} INFO - Sync 1 DAGs
[2022-12-25T15:33:13.304+0000] {logging_mixin.py:137} INFO - [2022-12-25T15:33:13.304+0000] {dag.py:3427} INFO - Setting next_dagrun for example_dag_decorator to None, run_after=None
[2022-12-25T15:33:13.454+0000] {processor.py:175} INFO - Processing /home/airflow/.local/lib/python3.7/site-packages/airflow/example_dags/example_dag_decorator.py took 0.620 seconds
[2022-12-25T15:33:43.620+0000] {processor.py:153} INFO - Started process (PID=1001) to work on /home/airflow/.local/lib/python3.7/site-packages/airflow/example_dags/example_dag_decorator.py
[2022-12-25T15:33:43.622+0000] {processor.py:743} INFO - Processing file /home/airflow/.local/lib/python3.7/site-packages/airflow/example_dags/example_dag_decorator.py for tasks to queue
[2022-12-25T15:33:43.623+0000] {logging_mixin.py:137} INFO - [2022-12-25T15:33:43.623+0000] {dagbag.py:538} INFO - Filling up the DagBag from /home/airflow/.local/lib/python3.7/site-packages/airflow/example_dags/example_dag_decorator.py
[2022-12-25T15:33:43.649+0000] {logging_mixin.py:137} INFO - [2022-12-25T15:33:43.649+0000] {taskmixin.py:205} WARNING - Dependency <Task(_PythonDecoratedOperator): prepare_email>, send_email already registered for DAG: example_dag_decorator
[2022-12-25T15:33:43.649+0000] {logging_mixin.py:137} INFO - [2022-12-25T15:33:43.649+0000] {taskmixin.py:205} WARNING - Dependency <Task(EmailOperator): send_email>, prepare_email already registered for DAG: example_dag_decorator
[2022-12-25T15:33:43.671+0000] {processor.py:753} INFO - DAG(s) dict_keys(['example_dag_decorator']) retrieved from /home/airflow/.local/lib/python3.7/site-packages/airflow/example_dags/example_dag_decorator.py
[2022-12-25T15:33:43.706+0000] {logging_mixin.py:137} INFO - [2022-12-25T15:33:43.706+0000] {dag.py:2676} INFO - Sync 1 DAGs
[2022-12-25T15:33:43.770+0000] {logging_mixin.py:137} INFO - [2022-12-25T15:33:43.770+0000] {dag.py:3427} INFO - Setting next_dagrun for example_dag_decorator to None, run_after=None
[2022-12-25T15:33:43.812+0000] {processor.py:175} INFO - Processing /home/airflow/.local/lib/python3.7/site-packages/airflow/example_dags/example_dag_decorator.py took 0.197 seconds
[2022-12-25T15:34:14.476+0000] {processor.py:153} INFO - Started process (PID=1227) to work on /home/airflow/.local/lib/python3.7/site-packages/airflow/example_dags/example_dag_decorator.py
[2022-12-25T15:34:14.477+0000] {processor.py:743} INFO - Processing file /home/airflow/.local/lib/python3.7/site-packages/airflow/example_dags/example_dag_decorator.py for tasks to queue
[2022-12-25T15:34:14.478+0000] {logging_mixin.py:137} INFO - [2022-12-25T15:34:14.478+0000] {dagbag.py:538} INFO - Filling up the DagBag from /home/airflow/.local/lib/python3.7/site-packages/airflow/example_dags/example_dag_decorator.py
[2022-12-25T15:34:14.498+0000] {logging_mixin.py:137} INFO - [2022-12-25T15:34:14.497+0000] {taskmixin.py:205} WARNING - Dependency <Task(_PythonDecoratedOperator): prepare_email>, send_email already registered for DAG: example_dag_decorator
[2022-12-25T15:34:14.498+0000] {logging_mixin.py:137} INFO - [2022-12-25T15:34:14.498+0000] {taskmixin.py:205} WARNING - Dependency <Task(EmailOperator): send_email>, prepare_email already registered for DAG: example_dag_decorator
[2022-12-25T15:34:14.511+0000] {processor.py:753} INFO - DAG(s) dict_keys(['example_dag_decorator']) retrieved from /home/airflow/.local/lib/python3.7/site-packages/airflow/example_dags/example_dag_decorator.py
[2022-12-25T15:34:14.624+0000] {logging_mixin.py:137} INFO - [2022-12-25T15:34:14.623+0000] {dag.py:2676} INFO - Sync 1 DAGs
[2022-12-25T15:34:14.659+0000] {logging_mixin.py:137} INFO - [2022-12-25T15:34:14.659+0000] {dag.py:3427} INFO - Setting next_dagrun for example_dag_decorator to None, run_after=None
[2022-12-25T15:34:14.681+0000] {processor.py:175} INFO - Processing /home/airflow/.local/lib/python3.7/site-packages/airflow/example_dags/example_dag_decorator.py took 0.209 seconds
[2022-12-25T15:34:44.994+0000] {processor.py:153} INFO - Started process (PID=1457) to work on /home/airflow/.local/lib/python3.7/site-packages/airflow/example_dags/example_dag_decorator.py
[2022-12-25T15:34:44.995+0000] {processor.py:743} INFO - Processing file /home/airflow/.local/lib/python3.7/site-packages/airflow/example_dags/example_dag_decorator.py for tasks to queue
[2022-12-25T15:34:44.996+0000] {logging_mixin.py:137} INFO - [2022-12-25T15:34:44.996+0000] {dagbag.py:538} INFO - Filling up the DagBag from /home/airflow/.local/lib/python3.7/site-packages/airflow/example_dags/example_dag_decorator.py
[2022-12-25T15:34:45.017+0000] {logging_mixin.py:137} INFO - [2022-12-25T15:34:45.017+0000] {taskmixin.py:205} WARNING - Dependency <Task(_PythonDecoratedOperator): prepare_email>, send_email already registered for DAG: example_dag_decorator
[2022-12-25T15:34:45.017+0000] {logging_mixin.py:137} INFO - [2022-12-25T15:34:45.017+0000] {taskmixin.py:205} WARNING - Dependency <Task(EmailOperator): send_email>, prepare_email already registered for DAG: example_dag_decorator
[2022-12-25T15:34:45.029+0000] {processor.py:753} INFO - DAG(s) dict_keys(['example_dag_decorator']) retrieved from /home/airflow/.local/lib/python3.7/site-packages/airflow/example_dags/example_dag_decorator.py
[2022-12-25T15:34:45.108+0000] {logging_mixin.py:137} INFO - [2022-12-25T15:34:45.108+0000] {dag.py:2676} INFO - Sync 1 DAGs
[2022-12-25T15:34:45.130+0000] {logging_mixin.py:137} INFO - [2022-12-25T15:34:45.130+0000] {dag.py:3427} INFO - Setting next_dagrun for example_dag_decorator to None, run_after=None
[2022-12-25T15:34:45.150+0000] {processor.py:175} INFO - Processing /home/airflow/.local/lib/python3.7/site-packages/airflow/example_dags/example_dag_decorator.py took 0.161 seconds
[2022-12-25T15:35:15.951+0000] {processor.py:153} INFO - Started process (PID=1707) to work on /home/airflow/.local/lib/python3.7/site-packages/airflow/example_dags/example_dag_decorator.py
[2022-12-25T15:35:15.955+0000] {processor.py:743} INFO - Processing file /home/airflow/.local/lib/python3.7/site-packages/airflow/example_dags/example_dag_decorator.py for tasks to queue
[2022-12-25T15:35:15.957+0000] {logging_mixin.py:137} INFO - [2022-12-25T15:35:15.957+0000] {dagbag.py:538} INFO - Filling up the DagBag from /home/airflow/.local/lib/python3.7/site-packages/airflow/example_dags/example_dag_decorator.py
[2022-12-25T15:35:16.150+0000] {logging_mixin.py:137} INFO - [2022-12-25T15:35:16.149+0000] {taskmixin.py:205} WARNING - Dependency <Task(_PythonDecoratedOperator): prepare_email>, send_email already registered for DAG: example_dag_decorator
[2022-12-25T15:35:16.151+0000] {logging_mixin.py:137} INFO - [2022-12-25T15:35:16.151+0000] {taskmixin.py:205} WARNING - Dependency <Task(EmailOperator): send_email>, prepare_email already registered for DAG: example_dag_decorator
[2022-12-25T15:35:16.292+0000] {processor.py:753} INFO - DAG(s) dict_keys(['example_dag_decorator']) retrieved from /home/airflow/.local/lib/python3.7/site-packages/airflow/example_dags/example_dag_decorator.py
[2022-12-25T15:35:16.546+0000] {logging_mixin.py:137} INFO - [2022-12-25T15:35:16.546+0000] {dag.py:2676} INFO - Sync 1 DAGs
[2022-12-25T15:35:16.585+0000] {logging_mixin.py:137} INFO - [2022-12-25T15:35:16.585+0000] {dag.py:3427} INFO - Setting next_dagrun for example_dag_decorator to None, run_after=None
[2022-12-25T15:35:16.616+0000] {processor.py:175} INFO - Processing /home/airflow/.local/lib/python3.7/site-packages/airflow/example_dags/example_dag_decorator.py took 0.679 seconds
[2022-12-25T15:35:47.115+0000] {processor.py:153} INFO - Started process (PID=1937) to work on /home/airflow/.local/lib/python3.7/site-packages/airflow/example_dags/example_dag_decorator.py
[2022-12-25T15:35:47.117+0000] {processor.py:743} INFO - Processing file /home/airflow/.local/lib/python3.7/site-packages/airflow/example_dags/example_dag_decorator.py for tasks to queue
[2022-12-25T15:35:47.118+0000] {logging_mixin.py:137} INFO - [2022-12-25T15:35:47.118+0000] {dagbag.py:538} INFO - Filling up the DagBag from /home/airflow/.local/lib/python3.7/site-packages/airflow/example_dags/example_dag_decorator.py
[2022-12-25T15:35:47.157+0000] {logging_mixin.py:137} INFO - [2022-12-25T15:35:47.156+0000] {taskmixin.py:205} WARNING - Dependency <Task(_PythonDecoratedOperator): prepare_email>, send_email already registered for DAG: example_dag_decorator
[2022-12-25T15:35:47.158+0000] {logging_mixin.py:137} INFO - [2022-12-25T15:35:47.158+0000] {taskmixin.py:205} WARNING - Dependency <Task(EmailOperator): send_email>, prepare_email already registered for DAG: example_dag_decorator
[2022-12-25T15:35:47.190+0000] {processor.py:753} INFO - DAG(s) dict_keys(['example_dag_decorator']) retrieved from /home/airflow/.local/lib/python3.7/site-packages/airflow/example_dags/example_dag_decorator.py
[2022-12-25T15:35:47.378+0000] {logging_mixin.py:137} INFO - [2022-12-25T15:35:47.378+0000] {dag.py:2676} INFO - Sync 1 DAGs
[2022-12-25T15:35:47.437+0000] {logging_mixin.py:137} INFO - [2022-12-25T15:35:47.437+0000] {dag.py:3427} INFO - Setting next_dagrun for example_dag_decorator to None, run_after=None
[2022-12-25T15:35:47.492+0000] {processor.py:175} INFO - Processing /home/airflow/.local/lib/python3.7/site-packages/airflow/example_dags/example_dag_decorator.py took 0.381 seconds
[2022-12-25T15:36:17.881+0000] {processor.py:153} INFO - Started process (PID=2167) to work on /home/airflow/.local/lib/python3.7/site-packages/airflow/example_dags/example_dag_decorator.py
[2022-12-25T15:36:17.883+0000] {processor.py:743} INFO - Processing file /home/airflow/.local/lib/python3.7/site-packages/airflow/example_dags/example_dag_decorator.py for tasks to queue
[2022-12-25T15:36:17.884+0000] {logging_mixin.py:137} INFO - [2022-12-25T15:36:17.883+0000] {dagbag.py:538} INFO - Filling up the DagBag from /home/airflow/.local/lib/python3.7/site-packages/airflow/example_dags/example_dag_decorator.py
[2022-12-25T15:36:17.903+0000] {logging_mixin.py:137} INFO - [2022-12-25T15:36:17.903+0000] {taskmixin.py:205} WARNING - Dependency <Task(_PythonDecoratedOperator): prepare_email>, send_email already registered for DAG: example_dag_decorator
[2022-12-25T15:36:17.904+0000] {logging_mixin.py:137} INFO - [2022-12-25T15:36:17.904+0000] {taskmixin.py:205} WARNING - Dependency <Task(EmailOperator): send_email>, prepare_email already registered for DAG: example_dag_decorator
[2022-12-25T15:36:17.916+0000] {processor.py:753} INFO - DAG(s) dict_keys(['example_dag_decorator']) retrieved from /home/airflow/.local/lib/python3.7/site-packages/airflow/example_dags/example_dag_decorator.py
[2022-12-25T15:36:18.004+0000] {logging_mixin.py:137} INFO - [2022-12-25T15:36:18.004+0000] {dag.py:2676} INFO - Sync 1 DAGs
[2022-12-25T15:36:18.031+0000] {logging_mixin.py:137} INFO - [2022-12-25T15:36:18.031+0000] {dag.py:3427} INFO - Setting next_dagrun for example_dag_decorator to None, run_after=None
[2022-12-25T15:36:18.053+0000] {processor.py:175} INFO - Processing /home/airflow/.local/lib/python3.7/site-packages/airflow/example_dags/example_dag_decorator.py took 0.176 seconds
[2022-12-25T15:36:48.263+0000] {processor.py:153} INFO - Started process (PID=2417) to work on /home/airflow/.local/lib/python3.7/site-packages/airflow/example_dags/example_dag_decorator.py
[2022-12-25T15:36:48.271+0000] {processor.py:743} INFO - Processing file /home/airflow/.local/lib/python3.7/site-packages/airflow/example_dags/example_dag_decorator.py for tasks to queue
[2022-12-25T15:36:48.273+0000] {logging_mixin.py:137} INFO - [2022-12-25T15:36:48.273+0000] {dagbag.py:538} INFO - Filling up the DagBag from /home/airflow/.local/lib/python3.7/site-packages/airflow/example_dags/example_dag_decorator.py
[2022-12-25T15:36:48.325+0000] {logging_mixin.py:137} INFO - [2022-12-25T15:36:48.324+0000] {taskmixin.py:205} WARNING - Dependency <Task(_PythonDecoratedOperator): prepare_email>, send_email already registered for DAG: example_dag_decorator
[2022-12-25T15:36:48.325+0000] {logging_mixin.py:137} INFO - [2022-12-25T15:36:48.325+0000] {taskmixin.py:205} WARNING - Dependency <Task(EmailOperator): send_email>, prepare_email already registered for DAG: example_dag_decorator
[2022-12-25T15:36:48.358+0000] {processor.py:753} INFO - DAG(s) dict_keys(['example_dag_decorator']) retrieved from /home/airflow/.local/lib/python3.7/site-packages/airflow/example_dags/example_dag_decorator.py
[2022-12-25T15:36:48.571+0000] {logging_mixin.py:137} INFO - [2022-12-25T15:36:48.570+0000] {dag.py:2676} INFO - Sync 1 DAGs
[2022-12-25T15:36:48.630+0000] {logging_mixin.py:137} INFO - [2022-12-25T15:36:48.629+0000] {dag.py:3427} INFO - Setting next_dagrun for example_dag_decorator to None, run_after=None
[2022-12-25T15:36:48.708+0000] {processor.py:175} INFO - Processing /home/airflow/.local/lib/python3.7/site-packages/airflow/example_dags/example_dag_decorator.py took 0.456 seconds
[2022-12-25T15:37:18.877+0000] {processor.py:153} INFO - Started process (PID=2647) to work on /home/airflow/.local/lib/python3.7/site-packages/airflow/example_dags/example_dag_decorator.py
[2022-12-25T15:37:18.878+0000] {processor.py:743} INFO - Processing file /home/airflow/.local/lib/python3.7/site-packages/airflow/example_dags/example_dag_decorator.py for tasks to queue
[2022-12-25T15:37:18.879+0000] {logging_mixin.py:137} INFO - [2022-12-25T15:37:18.879+0000] {dagbag.py:538} INFO - Filling up the DagBag from /home/airflow/.local/lib/python3.7/site-packages/airflow/example_dags/example_dag_decorator.py
[2022-12-25T15:37:18.897+0000] {logging_mixin.py:137} INFO - [2022-12-25T15:37:18.897+0000] {taskmixin.py:205} WARNING - Dependency <Task(_PythonDecoratedOperator): prepare_email>, send_email already registered for DAG: example_dag_decorator
[2022-12-25T15:37:18.898+0000] {logging_mixin.py:137} INFO - [2022-12-25T15:37:18.898+0000] {taskmixin.py:205} WARNING - Dependency <Task(EmailOperator): send_email>, prepare_email already registered for DAG: example_dag_decorator
[2022-12-25T15:37:18.909+0000] {processor.py:753} INFO - DAG(s) dict_keys(['example_dag_decorator']) retrieved from /home/airflow/.local/lib/python3.7/site-packages/airflow/example_dags/example_dag_decorator.py
[2022-12-25T15:37:19.003+0000] {logging_mixin.py:137} INFO - [2022-12-25T15:37:19.003+0000] {dag.py:2676} INFO - Sync 1 DAGs
[2022-12-25T15:37:19.036+0000] {logging_mixin.py:137} INFO - [2022-12-25T15:37:19.035+0000] {dag.py:3427} INFO - Setting next_dagrun for example_dag_decorator to None, run_after=None
[2022-12-25T15:37:19.057+0000] {processor.py:175} INFO - Processing /home/airflow/.local/lib/python3.7/site-packages/airflow/example_dags/example_dag_decorator.py took 0.185 seconds
[2022-12-25T15:37:49.199+0000] {processor.py:153} INFO - Started process (PID=2886) to work on /home/airflow/.local/lib/python3.7/site-packages/airflow/example_dags/example_dag_decorator.py
[2022-12-25T15:37:49.201+0000] {processor.py:743} INFO - Processing file /home/airflow/.local/lib/python3.7/site-packages/airflow/example_dags/example_dag_decorator.py for tasks to queue
[2022-12-25T15:37:49.202+0000] {logging_mixin.py:137} INFO - [2022-12-25T15:37:49.202+0000] {dagbag.py:538} INFO - Filling up the DagBag from /home/airflow/.local/lib/python3.7/site-packages/airflow/example_dags/example_dag_decorator.py
[2022-12-25T15:37:49.224+0000] {logging_mixin.py:137} INFO - [2022-12-25T15:37:49.224+0000] {taskmixin.py:205} WARNING - Dependency <Task(_PythonDecoratedOperator): prepare_email>, send_email already registered for DAG: example_dag_decorator
[2022-12-25T15:37:49.224+0000] {logging_mixin.py:137} INFO - [2022-12-25T15:37:49.224+0000] {taskmixin.py:205} WARNING - Dependency <Task(EmailOperator): send_email>, prepare_email already registered for DAG: example_dag_decorator
[2022-12-25T15:37:49.239+0000] {processor.py:753} INFO - DAG(s) dict_keys(['example_dag_decorator']) retrieved from /home/airflow/.local/lib/python3.7/site-packages/airflow/example_dags/example_dag_decorator.py
[2022-12-25T15:37:49.336+0000] {logging_mixin.py:137} INFO - [2022-12-25T15:37:49.336+0000] {dag.py:2676} INFO - Sync 1 DAGs
[2022-12-25T15:37:49.367+0000] {logging_mixin.py:137} INFO - [2022-12-25T15:37:49.367+0000] {dag.py:3427} INFO - Setting next_dagrun for example_dag_decorator to None, run_after=None
[2022-12-25T15:37:49.396+0000] {processor.py:175} INFO - Processing /home/airflow/.local/lib/python3.7/site-packages/airflow/example_dags/example_dag_decorator.py took 0.201 seconds
[2022-12-25T15:38:19.548+0000] {processor.py:153} INFO - Started process (PID=3127) to work on /home/airflow/.local/lib/python3.7/site-packages/airflow/example_dags/example_dag_decorator.py
[2022-12-25T15:38:19.550+0000] {processor.py:743} INFO - Processing file /home/airflow/.local/lib/python3.7/site-packages/airflow/example_dags/example_dag_decorator.py for tasks to queue
[2022-12-25T15:38:19.550+0000] {logging_mixin.py:137} INFO - [2022-12-25T15:38:19.550+0000] {dagbag.py:538} INFO - Filling up the DagBag from /home/airflow/.local/lib/python3.7/site-packages/airflow/example_dags/example_dag_decorator.py
[2022-12-25T15:38:19.566+0000] {logging_mixin.py:137} INFO - [2022-12-25T15:38:19.566+0000] {taskmixin.py:205} WARNING - Dependency <Task(_PythonDecoratedOperator): prepare_email>, send_email already registered for DAG: example_dag_decorator
[2022-12-25T15:38:19.566+0000] {logging_mixin.py:137} INFO - [2022-12-25T15:38:19.566+0000] {taskmixin.py:205} WARNING - Dependency <Task(EmailOperator): send_email>, prepare_email already registered for DAG: example_dag_decorator
[2022-12-25T15:38:19.577+0000] {processor.py:753} INFO - DAG(s) dict_keys(['example_dag_decorator']) retrieved from /home/airflow/.local/lib/python3.7/site-packages/airflow/example_dags/example_dag_decorator.py
[2022-12-25T15:38:19.658+0000] {logging_mixin.py:137} INFO - [2022-12-25T15:38:19.658+0000] {dag.py:2676} INFO - Sync 1 DAGs
[2022-12-25T15:38:19.682+0000] {logging_mixin.py:137} INFO - [2022-12-25T15:38:19.682+0000] {dag.py:3427} INFO - Setting next_dagrun for example_dag_decorator to None, run_after=None
[2022-12-25T15:38:19.704+0000] {processor.py:175} INFO - Processing /home/airflow/.local/lib/python3.7/site-packages/airflow/example_dags/example_dag_decorator.py took 0.158 seconds
[2022-12-25T15:38:50.411+0000] {processor.py:153} INFO - Started process (PID=3357) to work on /home/airflow/.local/lib/python3.7/site-packages/airflow/example_dags/example_dag_decorator.py
[2022-12-25T15:38:50.414+0000] {processor.py:743} INFO - Processing file /home/airflow/.local/lib/python3.7/site-packages/airflow/example_dags/example_dag_decorator.py for tasks to queue
[2022-12-25T15:38:50.414+0000] {logging_mixin.py:137} INFO - [2022-12-25T15:38:50.414+0000] {dagbag.py:538} INFO - Filling up the DagBag from /home/airflow/.local/lib/python3.7/site-packages/airflow/example_dags/example_dag_decorator.py
[2022-12-25T15:38:50.433+0000] {logging_mixin.py:137} INFO - [2022-12-25T15:38:50.432+0000] {taskmixin.py:205} WARNING - Dependency <Task(_PythonDecoratedOperator): prepare_email>, send_email already registered for DAG: example_dag_decorator
[2022-12-25T15:38:50.433+0000] {logging_mixin.py:137} INFO - [2022-12-25T15:38:50.433+0000] {taskmixin.py:205} WARNING - Dependency <Task(EmailOperator): send_email>, prepare_email already registered for DAG: example_dag_decorator
[2022-12-25T15:38:50.444+0000] {processor.py:753} INFO - DAG(s) dict_keys(['example_dag_decorator']) retrieved from /home/airflow/.local/lib/python3.7/site-packages/airflow/example_dags/example_dag_decorator.py
[2022-12-25T15:38:50.534+0000] {logging_mixin.py:137} INFO - [2022-12-25T15:38:50.534+0000] {dag.py:2676} INFO - Sync 1 DAGs
[2022-12-25T15:38:50.560+0000] {logging_mixin.py:137} INFO - [2022-12-25T15:38:50.560+0000] {dag.py:3427} INFO - Setting next_dagrun for example_dag_decorator to None, run_after=None
[2022-12-25T15:38:50.585+0000] {processor.py:175} INFO - Processing /home/airflow/.local/lib/python3.7/site-packages/airflow/example_dags/example_dag_decorator.py took 0.177 seconds
[2022-12-25T15:39:20.649+0000] {processor.py:153} INFO - Started process (PID=3607) to work on /home/airflow/.local/lib/python3.7/site-packages/airflow/example_dags/example_dag_decorator.py
[2022-12-25T15:39:20.651+0000] {processor.py:743} INFO - Processing file /home/airflow/.local/lib/python3.7/site-packages/airflow/example_dags/example_dag_decorator.py for tasks to queue
[2022-12-25T15:39:20.651+0000] {logging_mixin.py:137} INFO - [2022-12-25T15:39:20.651+0000] {dagbag.py:538} INFO - Filling up the DagBag from /home/airflow/.local/lib/python3.7/site-packages/airflow/example_dags/example_dag_decorator.py
[2022-12-25T15:39:20.671+0000] {logging_mixin.py:137} INFO - [2022-12-25T15:39:20.671+0000] {taskmixin.py:205} WARNING - Dependency <Task(_PythonDecoratedOperator): prepare_email>, send_email already registered for DAG: example_dag_decorator
[2022-12-25T15:39:20.671+0000] {logging_mixin.py:137} INFO - [2022-12-25T15:39:20.671+0000] {taskmixin.py:205} WARNING - Dependency <Task(EmailOperator): send_email>, prepare_email already registered for DAG: example_dag_decorator
[2022-12-25T15:39:20.684+0000] {processor.py:753} INFO - DAG(s) dict_keys(['example_dag_decorator']) retrieved from /home/airflow/.local/lib/python3.7/site-packages/airflow/example_dags/example_dag_decorator.py
[2022-12-25T15:39:20.712+0000] {logging_mixin.py:137} INFO - [2022-12-25T15:39:20.711+0000] {dag.py:2676} INFO - Sync 1 DAGs
[2022-12-25T15:39:20.742+0000] {logging_mixin.py:137} INFO - [2022-12-25T15:39:20.742+0000] {dag.py:3427} INFO - Setting next_dagrun for example_dag_decorator to None, run_after=None
[2022-12-25T15:39:20.761+0000] {processor.py:175} INFO - Processing /home/airflow/.local/lib/python3.7/site-packages/airflow/example_dags/example_dag_decorator.py took 0.115 seconds
[2022-12-25T15:39:51.461+0000] {processor.py:153} INFO - Started process (PID=3835) to work on /home/airflow/.local/lib/python3.7/site-packages/airflow/example_dags/example_dag_decorator.py
[2022-12-25T15:39:51.462+0000] {processor.py:743} INFO - Processing file /home/airflow/.local/lib/python3.7/site-packages/airflow/example_dags/example_dag_decorator.py for tasks to queue
[2022-12-25T15:39:51.463+0000] {logging_mixin.py:137} INFO - [2022-12-25T15:39:51.463+0000] {dagbag.py:538} INFO - Filling up the DagBag from /home/airflow/.local/lib/python3.7/site-packages/airflow/example_dags/example_dag_decorator.py
[2022-12-25T15:39:51.481+0000] {logging_mixin.py:137} INFO - [2022-12-25T15:39:51.481+0000] {taskmixin.py:205} WARNING - Dependency <Task(_PythonDecoratedOperator): prepare_email>, send_email already registered for DAG: example_dag_decorator
[2022-12-25T15:39:51.481+0000] {logging_mixin.py:137} INFO - [2022-12-25T15:39:51.481+0000] {taskmixin.py:205} WARNING - Dependency <Task(EmailOperator): send_email>, prepare_email already registered for DAG: example_dag_decorator
[2022-12-25T15:39:51.494+0000] {processor.py:753} INFO - DAG(s) dict_keys(['example_dag_decorator']) retrieved from /home/airflow/.local/lib/python3.7/site-packages/airflow/example_dags/example_dag_decorator.py
[2022-12-25T15:39:51.584+0000] {logging_mixin.py:137} INFO - [2022-12-25T15:39:51.584+0000] {dag.py:2676} INFO - Sync 1 DAGs
[2022-12-25T15:39:51.608+0000] {logging_mixin.py:137} INFO - [2022-12-25T15:39:51.608+0000] {dag.py:3427} INFO - Setting next_dagrun for example_dag_decorator to None, run_after=None
[2022-12-25T15:39:51.647+0000] {processor.py:175} INFO - Processing /home/airflow/.local/lib/python3.7/site-packages/airflow/example_dags/example_dag_decorator.py took 0.190 seconds
[2022-12-25T15:40:21.917+0000] {processor.py:153} INFO - Started process (PID=4075) to work on /home/airflow/.local/lib/python3.7/site-packages/airflow/example_dags/example_dag_decorator.py
[2022-12-25T15:40:21.919+0000] {processor.py:743} INFO - Processing file /home/airflow/.local/lib/python3.7/site-packages/airflow/example_dags/example_dag_decorator.py for tasks to queue
[2022-12-25T15:40:21.919+0000] {logging_mixin.py:137} INFO - [2022-12-25T15:40:21.919+0000] {dagbag.py:538} INFO - Filling up the DagBag from /home/airflow/.local/lib/python3.7/site-packages/airflow/example_dags/example_dag_decorator.py
[2022-12-25T15:40:21.938+0000] {logging_mixin.py:137} INFO - [2022-12-25T15:40:21.937+0000] {taskmixin.py:205} WARNING - Dependency <Task(_PythonDecoratedOperator): prepare_email>, send_email already registered for DAG: example_dag_decorator
[2022-12-25T15:40:21.938+0000] {logging_mixin.py:137} INFO - [2022-12-25T15:40:21.938+0000] {taskmixin.py:205} WARNING - Dependency <Task(EmailOperator): send_email>, prepare_email already registered for DAG: example_dag_decorator
[2022-12-25T15:40:21.951+0000] {processor.py:753} INFO - DAG(s) dict_keys(['example_dag_decorator']) retrieved from /home/airflow/.local/lib/python3.7/site-packages/airflow/example_dags/example_dag_decorator.py
[2022-12-25T15:40:22.042+0000] {logging_mixin.py:137} INFO - [2022-12-25T15:40:22.042+0000] {dag.py:2676} INFO - Sync 1 DAGs
[2022-12-25T15:40:22.069+0000] {logging_mixin.py:137} INFO - [2022-12-25T15:40:22.068+0000] {dag.py:3427} INFO - Setting next_dagrun for example_dag_decorator to None, run_after=None
[2022-12-25T15:40:22.095+0000] {processor.py:175} INFO - Processing /home/airflow/.local/lib/python3.7/site-packages/airflow/example_dags/example_dag_decorator.py took 0.181 seconds
[2022-12-25T15:40:52.271+0000] {processor.py:153} INFO - Started process (PID=4318) to work on /home/airflow/.local/lib/python3.7/site-packages/airflow/example_dags/example_dag_decorator.py
[2022-12-25T15:40:52.273+0000] {processor.py:743} INFO - Processing file /home/airflow/.local/lib/python3.7/site-packages/airflow/example_dags/example_dag_decorator.py for tasks to queue
[2022-12-25T15:40:52.274+0000] {logging_mixin.py:137} INFO - [2022-12-25T15:40:52.274+0000] {dagbag.py:538} INFO - Filling up the DagBag from /home/airflow/.local/lib/python3.7/site-packages/airflow/example_dags/example_dag_decorator.py
[2022-12-25T15:40:52.314+0000] {logging_mixin.py:137} INFO - [2022-12-25T15:40:52.314+0000] {taskmixin.py:205} WARNING - Dependency <Task(_PythonDecoratedOperator): prepare_email>, send_email already registered for DAG: example_dag_decorator
[2022-12-25T15:40:52.314+0000] {logging_mixin.py:137} INFO - [2022-12-25T15:40:52.314+0000] {taskmixin.py:205} WARNING - Dependency <Task(EmailOperator): send_email>, prepare_email already registered for DAG: example_dag_decorator
[2022-12-25T15:40:52.326+0000] {processor.py:753} INFO - DAG(s) dict_keys(['example_dag_decorator']) retrieved from /home/airflow/.local/lib/python3.7/site-packages/airflow/example_dags/example_dag_decorator.py
[2022-12-25T15:40:52.418+0000] {logging_mixin.py:137} INFO - [2022-12-25T15:40:52.417+0000] {dag.py:2676} INFO - Sync 1 DAGs
[2022-12-25T15:40:52.450+0000] {logging_mixin.py:137} INFO - [2022-12-25T15:40:52.450+0000] {dag.py:3427} INFO - Setting next_dagrun for example_dag_decorator to None, run_after=None
[2022-12-25T15:40:52.477+0000] {processor.py:175} INFO - Processing /home/airflow/.local/lib/python3.7/site-packages/airflow/example_dags/example_dag_decorator.py took 0.213 seconds
[2022-12-25T15:41:22.975+0000] {processor.py:153} INFO - Started process (PID=4553) to work on /home/airflow/.local/lib/python3.7/site-packages/airflow/example_dags/example_dag_decorator.py
[2022-12-25T15:41:22.976+0000] {processor.py:743} INFO - Processing file /home/airflow/.local/lib/python3.7/site-packages/airflow/example_dags/example_dag_decorator.py for tasks to queue
[2022-12-25T15:41:22.977+0000] {logging_mixin.py:137} INFO - [2022-12-25T15:41:22.976+0000] {dagbag.py:538} INFO - Filling up the DagBag from /home/airflow/.local/lib/python3.7/site-packages/airflow/example_dags/example_dag_decorator.py
[2022-12-25T15:41:22.996+0000] {logging_mixin.py:137} INFO - [2022-12-25T15:41:22.996+0000] {taskmixin.py:205} WARNING - Dependency <Task(_PythonDecoratedOperator): prepare_email>, send_email already registered for DAG: example_dag_decorator
[2022-12-25T15:41:22.996+0000] {logging_mixin.py:137} INFO - [2022-12-25T15:41:22.996+0000] {taskmixin.py:205} WARNING - Dependency <Task(EmailOperator): send_email>, prepare_email already registered for DAG: example_dag_decorator
[2022-12-25T15:41:23.008+0000] {processor.py:753} INFO - DAG(s) dict_keys(['example_dag_decorator']) retrieved from /home/airflow/.local/lib/python3.7/site-packages/airflow/example_dags/example_dag_decorator.py
[2022-12-25T15:41:23.087+0000] {logging_mixin.py:137} INFO - [2022-12-25T15:41:23.086+0000] {dag.py:2676} INFO - Sync 1 DAGs
[2022-12-25T15:41:23.113+0000] {logging_mixin.py:137} INFO - [2022-12-25T15:41:23.113+0000] {dag.py:3427} INFO - Setting next_dagrun for example_dag_decorator to None, run_after=None
[2022-12-25T15:41:23.134+0000] {processor.py:175} INFO - Processing /home/airflow/.local/lib/python3.7/site-packages/airflow/example_dags/example_dag_decorator.py took 0.163 seconds
[2022-12-25T15:41:53.281+0000] {processor.py:153} INFO - Started process (PID=4806) to work on /home/airflow/.local/lib/python3.7/site-packages/airflow/example_dags/example_dag_decorator.py
[2022-12-25T15:41:53.282+0000] {processor.py:743} INFO - Processing file /home/airflow/.local/lib/python3.7/site-packages/airflow/example_dags/example_dag_decorator.py for tasks to queue
[2022-12-25T15:41:53.282+0000] {logging_mixin.py:137} INFO - [2022-12-25T15:41:53.282+0000] {dagbag.py:538} INFO - Filling up the DagBag from /home/airflow/.local/lib/python3.7/site-packages/airflow/example_dags/example_dag_decorator.py
[2022-12-25T15:41:53.303+0000] {logging_mixin.py:137} INFO - [2022-12-25T15:41:53.303+0000] {taskmixin.py:205} WARNING - Dependency <Task(_PythonDecoratedOperator): prepare_email>, send_email already registered for DAG: example_dag_decorator
[2022-12-25T15:41:53.303+0000] {logging_mixin.py:137} INFO - [2022-12-25T15:41:53.303+0000] {taskmixin.py:205} WARNING - Dependency <Task(EmailOperator): send_email>, prepare_email already registered for DAG: example_dag_decorator
[2022-12-25T15:41:53.320+0000] {processor.py:753} INFO - DAG(s) dict_keys(['example_dag_decorator']) retrieved from /home/airflow/.local/lib/python3.7/site-packages/airflow/example_dags/example_dag_decorator.py
[2022-12-25T15:41:53.473+0000] {logging_mixin.py:137} INFO - [2022-12-25T15:41:53.472+0000] {dag.py:2676} INFO - Sync 1 DAGs
[2022-12-25T15:41:53.506+0000] {logging_mixin.py:137} INFO - [2022-12-25T15:41:53.506+0000] {dag.py:3427} INFO - Setting next_dagrun for example_dag_decorator to None, run_after=None
[2022-12-25T15:41:53.529+0000] {processor.py:175} INFO - Processing /home/airflow/.local/lib/python3.7/site-packages/airflow/example_dags/example_dag_decorator.py took 0.252 seconds
[2022-12-25T15:42:24.260+0000] {processor.py:153} INFO - Started process (PID=5038) to work on /home/airflow/.local/lib/python3.7/site-packages/airflow/example_dags/example_dag_decorator.py
[2022-12-25T15:42:24.263+0000] {processor.py:743} INFO - Processing file /home/airflow/.local/lib/python3.7/site-packages/airflow/example_dags/example_dag_decorator.py for tasks to queue
[2022-12-25T15:42:24.264+0000] {logging_mixin.py:137} INFO - [2022-12-25T15:42:24.264+0000] {dagbag.py:538} INFO - Filling up the DagBag from /home/airflow/.local/lib/python3.7/site-packages/airflow/example_dags/example_dag_decorator.py
[2022-12-25T15:42:24.288+0000] {logging_mixin.py:137} INFO - [2022-12-25T15:42:24.288+0000] {taskmixin.py:205} WARNING - Dependency <Task(_PythonDecoratedOperator): prepare_email>, send_email already registered for DAG: example_dag_decorator
[2022-12-25T15:42:24.289+0000] {logging_mixin.py:137} INFO - [2022-12-25T15:42:24.289+0000] {taskmixin.py:205} WARNING - Dependency <Task(EmailOperator): send_email>, prepare_email already registered for DAG: example_dag_decorator
[2022-12-25T15:42:24.311+0000] {processor.py:753} INFO - DAG(s) dict_keys(['example_dag_decorator']) retrieved from /home/airflow/.local/lib/python3.7/site-packages/airflow/example_dags/example_dag_decorator.py
[2022-12-25T15:42:24.434+0000] {logging_mixin.py:137} INFO - [2022-12-25T15:42:24.434+0000] {dag.py:2676} INFO - Sync 1 DAGs
[2022-12-25T15:42:24.463+0000] {logging_mixin.py:137} INFO - [2022-12-25T15:42:24.463+0000] {dag.py:3427} INFO - Setting next_dagrun for example_dag_decorator to None, run_after=None
[2022-12-25T15:42:24.491+0000] {processor.py:175} INFO - Processing /home/airflow/.local/lib/python3.7/site-packages/airflow/example_dags/example_dag_decorator.py took 0.237 seconds
[2022-12-25T15:42:55.459+0000] {processor.py:153} INFO - Started process (PID=5269) to work on /home/airflow/.local/lib/python3.7/site-packages/airflow/example_dags/example_dag_decorator.py
[2022-12-25T15:42:55.460+0000] {processor.py:743} INFO - Processing file /home/airflow/.local/lib/python3.7/site-packages/airflow/example_dags/example_dag_decorator.py for tasks to queue
[2022-12-25T15:42:55.461+0000] {logging_mixin.py:137} INFO - [2022-12-25T15:42:55.461+0000] {dagbag.py:538} INFO - Filling up the DagBag from /home/airflow/.local/lib/python3.7/site-packages/airflow/example_dags/example_dag_decorator.py
[2022-12-25T15:42:55.479+0000] {logging_mixin.py:137} INFO - [2022-12-25T15:42:55.479+0000] {taskmixin.py:205} WARNING - Dependency <Task(_PythonDecoratedOperator): prepare_email>, send_email already registered for DAG: example_dag_decorator
[2022-12-25T15:42:55.479+0000] {logging_mixin.py:137} INFO - [2022-12-25T15:42:55.479+0000] {taskmixin.py:205} WARNING - Dependency <Task(EmailOperator): send_email>, prepare_email already registered for DAG: example_dag_decorator
[2022-12-25T15:42:55.492+0000] {processor.py:753} INFO - DAG(s) dict_keys(['example_dag_decorator']) retrieved from /home/airflow/.local/lib/python3.7/site-packages/airflow/example_dags/example_dag_decorator.py
[2022-12-25T15:42:55.575+0000] {logging_mixin.py:137} INFO - [2022-12-25T15:42:55.575+0000] {dag.py:2676} INFO - Sync 1 DAGs
[2022-12-25T15:42:55.601+0000] {logging_mixin.py:137} INFO - [2022-12-25T15:42:55.601+0000] {dag.py:3427} INFO - Setting next_dagrun for example_dag_decorator to None, run_after=None
[2022-12-25T15:42:55.622+0000] {processor.py:175} INFO - Processing /home/airflow/.local/lib/python3.7/site-packages/airflow/example_dags/example_dag_decorator.py took 0.169 seconds
[2022-12-25T15:43:26.042+0000] {processor.py:153} INFO - Started process (PID=5519) to work on /home/airflow/.local/lib/python3.7/site-packages/airflow/example_dags/example_dag_decorator.py
[2022-12-25T15:43:26.044+0000] {processor.py:743} INFO - Processing file /home/airflow/.local/lib/python3.7/site-packages/airflow/example_dags/example_dag_decorator.py for tasks to queue
[2022-12-25T15:43:26.044+0000] {logging_mixin.py:137} INFO - [2022-12-25T15:43:26.044+0000] {dagbag.py:538} INFO - Filling up the DagBag from /home/airflow/.local/lib/python3.7/site-packages/airflow/example_dags/example_dag_decorator.py
[2022-12-25T15:43:26.060+0000] {logging_mixin.py:137} INFO - [2022-12-25T15:43:26.060+0000] {taskmixin.py:205} WARNING - Dependency <Task(_PythonDecoratedOperator): prepare_email>, send_email already registered for DAG: example_dag_decorator
[2022-12-25T15:43:26.060+0000] {logging_mixin.py:137} INFO - [2022-12-25T15:43:26.060+0000] {taskmixin.py:205} WARNING - Dependency <Task(EmailOperator): send_email>, prepare_email already registered for DAG: example_dag_decorator
[2022-12-25T15:43:26.071+0000] {processor.py:753} INFO - DAG(s) dict_keys(['example_dag_decorator']) retrieved from /home/airflow/.local/lib/python3.7/site-packages/airflow/example_dags/example_dag_decorator.py
[2022-12-25T15:43:26.149+0000] {logging_mixin.py:137} INFO - [2022-12-25T15:43:26.149+0000] {dag.py:2676} INFO - Sync 1 DAGs
[2022-12-25T15:43:26.173+0000] {logging_mixin.py:137} INFO - [2022-12-25T15:43:26.173+0000] {dag.py:3427} INFO - Setting next_dagrun for example_dag_decorator to None, run_after=None
[2022-12-25T15:43:26.194+0000] {processor.py:175} INFO - Processing /home/airflow/.local/lib/python3.7/site-packages/airflow/example_dags/example_dag_decorator.py took 0.155 seconds
[2022-12-25T15:43:56.245+0000] {processor.py:153} INFO - Started process (PID=5750) to work on /home/airflow/.local/lib/python3.7/site-packages/airflow/example_dags/example_dag_decorator.py
[2022-12-25T15:43:56.246+0000] {processor.py:743} INFO - Processing file /home/airflow/.local/lib/python3.7/site-packages/airflow/example_dags/example_dag_decorator.py for tasks to queue
[2022-12-25T15:43:56.247+0000] {logging_mixin.py:137} INFO - [2022-12-25T15:43:56.247+0000] {dagbag.py:538} INFO - Filling up the DagBag from /home/airflow/.local/lib/python3.7/site-packages/airflow/example_dags/example_dag_decorator.py
[2022-12-25T15:43:56.264+0000] {logging_mixin.py:137} INFO - [2022-12-25T15:43:56.264+0000] {taskmixin.py:205} WARNING - Dependency <Task(_PythonDecoratedOperator): prepare_email>, send_email already registered for DAG: example_dag_decorator
[2022-12-25T15:43:56.265+0000] {logging_mixin.py:137} INFO - [2022-12-25T15:43:56.265+0000] {taskmixin.py:205} WARNING - Dependency <Task(EmailOperator): send_email>, prepare_email already registered for DAG: example_dag_decorator
[2022-12-25T15:43:56.276+0000] {processor.py:753} INFO - DAG(s) dict_keys(['example_dag_decorator']) retrieved from /home/airflow/.local/lib/python3.7/site-packages/airflow/example_dags/example_dag_decorator.py
[2022-12-25T15:43:56.353+0000] {logging_mixin.py:137} INFO - [2022-12-25T15:43:56.353+0000] {dag.py:2676} INFO - Sync 1 DAGs
[2022-12-25T15:43:56.376+0000] {logging_mixin.py:137} INFO - [2022-12-25T15:43:56.376+0000] {dag.py:3427} INFO - Setting next_dagrun for example_dag_decorator to None, run_after=None
[2022-12-25T15:43:56.397+0000] {processor.py:175} INFO - Processing /home/airflow/.local/lib/python3.7/site-packages/airflow/example_dags/example_dag_decorator.py took 0.156 seconds
[2022-12-25T15:44:27.221+0000] {processor.py:153} INFO - Started process (PID=6000) to work on /home/airflow/.local/lib/python3.7/site-packages/airflow/example_dags/example_dag_decorator.py
[2022-12-25T15:44:27.223+0000] {processor.py:743} INFO - Processing file /home/airflow/.local/lib/python3.7/site-packages/airflow/example_dags/example_dag_decorator.py for tasks to queue
[2022-12-25T15:44:27.223+0000] {logging_mixin.py:137} INFO - [2022-12-25T15:44:27.223+0000] {dagbag.py:538} INFO - Filling up the DagBag from /home/airflow/.local/lib/python3.7/site-packages/airflow/example_dags/example_dag_decorator.py
[2022-12-25T15:44:27.241+0000] {logging_mixin.py:137} INFO - [2022-12-25T15:44:27.241+0000] {taskmixin.py:205} WARNING - Dependency <Task(_PythonDecoratedOperator): prepare_email>, send_email already registered for DAG: example_dag_decorator
[2022-12-25T15:44:27.241+0000] {logging_mixin.py:137} INFO - [2022-12-25T15:44:27.241+0000] {taskmixin.py:205} WARNING - Dependency <Task(EmailOperator): send_email>, prepare_email already registered for DAG: example_dag_decorator
[2022-12-25T15:44:27.252+0000] {processor.py:753} INFO - DAG(s) dict_keys(['example_dag_decorator']) retrieved from /home/airflow/.local/lib/python3.7/site-packages/airflow/example_dags/example_dag_decorator.py
[2022-12-25T15:44:27.341+0000] {logging_mixin.py:137} INFO - [2022-12-25T15:44:27.341+0000] {dag.py:2676} INFO - Sync 1 DAGs
[2022-12-25T15:44:27.362+0000] {logging_mixin.py:137} INFO - [2022-12-25T15:44:27.362+0000] {dag.py:3427} INFO - Setting next_dagrun for example_dag_decorator to None, run_after=None
[2022-12-25T15:44:27.383+0000] {processor.py:175} INFO - Processing /home/airflow/.local/lib/python3.7/site-packages/airflow/example_dags/example_dag_decorator.py took 0.164 seconds
[2022-12-25T15:44:58.029+0000] {processor.py:153} INFO - Started process (PID=6230) to work on /home/airflow/.local/lib/python3.7/site-packages/airflow/example_dags/example_dag_decorator.py
[2022-12-25T15:44:58.031+0000] {processor.py:743} INFO - Processing file /home/airflow/.local/lib/python3.7/site-packages/airflow/example_dags/example_dag_decorator.py for tasks to queue
[2022-12-25T15:44:58.032+0000] {logging_mixin.py:137} INFO - [2022-12-25T15:44:58.032+0000] {dagbag.py:538} INFO - Filling up the DagBag from /home/airflow/.local/lib/python3.7/site-packages/airflow/example_dags/example_dag_decorator.py
[2022-12-25T15:44:58.055+0000] {logging_mixin.py:137} INFO - [2022-12-25T15:44:58.055+0000] {taskmixin.py:205} WARNING - Dependency <Task(_PythonDecoratedOperator): prepare_email>, send_email already registered for DAG: example_dag_decorator
[2022-12-25T15:44:58.055+0000] {logging_mixin.py:137} INFO - [2022-12-25T15:44:58.055+0000] {taskmixin.py:205} WARNING - Dependency <Task(EmailOperator): send_email>, prepare_email already registered for DAG: example_dag_decorator
[2022-12-25T15:44:58.068+0000] {processor.py:753} INFO - DAG(s) dict_keys(['example_dag_decorator']) retrieved from /home/airflow/.local/lib/python3.7/site-packages/airflow/example_dags/example_dag_decorator.py
[2022-12-25T15:44:58.146+0000] {logging_mixin.py:137} INFO - [2022-12-25T15:44:58.146+0000] {dag.py:2676} INFO - Sync 1 DAGs
[2022-12-25T15:44:58.168+0000] {logging_mixin.py:137} INFO - [2022-12-25T15:44:58.168+0000] {dag.py:3427} INFO - Setting next_dagrun for example_dag_decorator to None, run_after=None
[2022-12-25T15:44:58.190+0000] {processor.py:175} INFO - Processing /home/airflow/.local/lib/python3.7/site-packages/airflow/example_dags/example_dag_decorator.py took 0.165 seconds
[2022-12-25T15:45:28.216+0000] {processor.py:153} INFO - Started process (PID=6458) to work on /home/airflow/.local/lib/python3.7/site-packages/airflow/example_dags/example_dag_decorator.py
[2022-12-25T15:45:28.218+0000] {processor.py:743} INFO - Processing file /home/airflow/.local/lib/python3.7/site-packages/airflow/example_dags/example_dag_decorator.py for tasks to queue
[2022-12-25T15:45:28.218+0000] {logging_mixin.py:137} INFO - [2022-12-25T15:45:28.218+0000] {dagbag.py:538} INFO - Filling up the DagBag from /home/airflow/.local/lib/python3.7/site-packages/airflow/example_dags/example_dag_decorator.py
[2022-12-25T15:45:28.239+0000] {logging_mixin.py:137} INFO - [2022-12-25T15:45:28.239+0000] {taskmixin.py:205} WARNING - Dependency <Task(_PythonDecoratedOperator): prepare_email>, send_email already registered for DAG: example_dag_decorator
[2022-12-25T15:45:28.240+0000] {logging_mixin.py:137} INFO - [2022-12-25T15:45:28.239+0000] {taskmixin.py:205} WARNING - Dependency <Task(EmailOperator): send_email>, prepare_email already registered for DAG: example_dag_decorator
[2022-12-25T15:45:28.254+0000] {processor.py:753} INFO - DAG(s) dict_keys(['example_dag_decorator']) retrieved from /home/airflow/.local/lib/python3.7/site-packages/airflow/example_dags/example_dag_decorator.py
[2022-12-25T15:45:28.343+0000] {logging_mixin.py:137} INFO - [2022-12-25T15:45:28.343+0000] {dag.py:2676} INFO - Sync 1 DAGs
[2022-12-25T15:45:28.369+0000] {logging_mixin.py:137} INFO - [2022-12-25T15:45:28.369+0000] {dag.py:3427} INFO - Setting next_dagrun for example_dag_decorator to None, run_after=None
[2022-12-25T15:45:28.388+0000] {processor.py:175} INFO - Processing /home/airflow/.local/lib/python3.7/site-packages/airflow/example_dags/example_dag_decorator.py took 0.176 seconds
[2022-12-25T15:45:58.506+0000] {processor.py:153} INFO - Started process (PID=6700) to work on /home/airflow/.local/lib/python3.7/site-packages/airflow/example_dags/example_dag_decorator.py
[2022-12-25T15:45:58.508+0000] {processor.py:743} INFO - Processing file /home/airflow/.local/lib/python3.7/site-packages/airflow/example_dags/example_dag_decorator.py for tasks to queue
[2022-12-25T15:45:58.509+0000] {logging_mixin.py:137} INFO - [2022-12-25T15:45:58.509+0000] {dagbag.py:538} INFO - Filling up the DagBag from /home/airflow/.local/lib/python3.7/site-packages/airflow/example_dags/example_dag_decorator.py
[2022-12-25T15:45:58.532+0000] {logging_mixin.py:137} INFO - [2022-12-25T15:45:58.531+0000] {taskmixin.py:205} WARNING - Dependency <Task(_PythonDecoratedOperator): prepare_email>, send_email already registered for DAG: example_dag_decorator
[2022-12-25T15:45:58.532+0000] {logging_mixin.py:137} INFO - [2022-12-25T15:45:58.532+0000] {taskmixin.py:205} WARNING - Dependency <Task(EmailOperator): send_email>, prepare_email already registered for DAG: example_dag_decorator
[2022-12-25T15:45:58.547+0000] {processor.py:753} INFO - DAG(s) dict_keys(['example_dag_decorator']) retrieved from /home/airflow/.local/lib/python3.7/site-packages/airflow/example_dags/example_dag_decorator.py
[2022-12-25T15:45:58.655+0000] {logging_mixin.py:137} INFO - [2022-12-25T15:45:58.655+0000] {dag.py:2676} INFO - Sync 1 DAGs
[2022-12-25T15:45:58.687+0000] {logging_mixin.py:137} INFO - [2022-12-25T15:45:58.687+0000] {dag.py:3427} INFO - Setting next_dagrun for example_dag_decorator to None, run_after=None
[2022-12-25T15:45:58.712+0000] {processor.py:175} INFO - Processing /home/airflow/.local/lib/python3.7/site-packages/airflow/example_dags/example_dag_decorator.py took 0.209 seconds
[2022-12-25T15:46:28.738+0000] {processor.py:153} INFO - Started process (PID=6930) to work on /home/airflow/.local/lib/python3.7/site-packages/airflow/example_dags/example_dag_decorator.py
[2022-12-25T15:46:28.739+0000] {processor.py:743} INFO - Processing file /home/airflow/.local/lib/python3.7/site-packages/airflow/example_dags/example_dag_decorator.py for tasks to queue
[2022-12-25T15:46:28.740+0000] {logging_mixin.py:137} INFO - [2022-12-25T15:46:28.740+0000] {dagbag.py:538} INFO - Filling up the DagBag from /home/airflow/.local/lib/python3.7/site-packages/airflow/example_dags/example_dag_decorator.py
[2022-12-25T15:46:28.758+0000] {logging_mixin.py:137} INFO - [2022-12-25T15:46:28.758+0000] {taskmixin.py:205} WARNING - Dependency <Task(_PythonDecoratedOperator): prepare_email>, send_email already registered for DAG: example_dag_decorator
[2022-12-25T15:46:28.758+0000] {logging_mixin.py:137} INFO - [2022-12-25T15:46:28.758+0000] {taskmixin.py:205} WARNING - Dependency <Task(EmailOperator): send_email>, prepare_email already registered for DAG: example_dag_decorator
[2022-12-25T15:46:28.770+0000] {processor.py:753} INFO - DAG(s) dict_keys(['example_dag_decorator']) retrieved from /home/airflow/.local/lib/python3.7/site-packages/airflow/example_dags/example_dag_decorator.py
[2022-12-25T15:46:28.851+0000] {logging_mixin.py:137} INFO - [2022-12-25T15:46:28.851+0000] {dag.py:2676} INFO - Sync 1 DAGs
[2022-12-25T15:46:28.887+0000] {logging_mixin.py:137} INFO - [2022-12-25T15:46:28.887+0000] {dag.py:3427} INFO - Setting next_dagrun for example_dag_decorator to None, run_after=None
[2022-12-25T15:46:28.915+0000] {processor.py:175} INFO - Processing /home/airflow/.local/lib/python3.7/site-packages/airflow/example_dags/example_dag_decorator.py took 0.180 seconds
[2022-12-25T15:46:59.142+0000] {processor.py:153} INFO - Started process (PID=7180) to work on /home/airflow/.local/lib/python3.7/site-packages/airflow/example_dags/example_dag_decorator.py
[2022-12-25T15:46:59.163+0000] {processor.py:743} INFO - Processing file /home/airflow/.local/lib/python3.7/site-packages/airflow/example_dags/example_dag_decorator.py for tasks to queue
[2022-12-25T15:46:59.165+0000] {logging_mixin.py:137} INFO - [2022-12-25T15:46:59.165+0000] {dagbag.py:538} INFO - Filling up the DagBag from /home/airflow/.local/lib/python3.7/site-packages/airflow/example_dags/example_dag_decorator.py
[2022-12-25T15:46:59.186+0000] {logging_mixin.py:137} INFO - [2022-12-25T15:46:59.186+0000] {taskmixin.py:205} WARNING - Dependency <Task(_PythonDecoratedOperator): prepare_email>, send_email already registered for DAG: example_dag_decorator
[2022-12-25T15:46:59.187+0000] {logging_mixin.py:137} INFO - [2022-12-25T15:46:59.186+0000] {taskmixin.py:205} WARNING - Dependency <Task(EmailOperator): send_email>, prepare_email already registered for DAG: example_dag_decorator
[2022-12-25T15:46:59.205+0000] {processor.py:753} INFO - DAG(s) dict_keys(['example_dag_decorator']) retrieved from /home/airflow/.local/lib/python3.7/site-packages/airflow/example_dags/example_dag_decorator.py
[2022-12-25T15:46:59.375+0000] {logging_mixin.py:137} INFO - [2022-12-25T15:46:59.374+0000] {dag.py:2676} INFO - Sync 1 DAGs
[2022-12-25T15:46:59.419+0000] {logging_mixin.py:137} INFO - [2022-12-25T15:46:59.419+0000] {dag.py:3427} INFO - Setting next_dagrun for example_dag_decorator to None, run_after=None
[2022-12-25T15:46:59.446+0000] {processor.py:175} INFO - Processing /home/airflow/.local/lib/python3.7/site-packages/airflow/example_dags/example_dag_decorator.py took 0.309 seconds
[2022-12-25T15:47:29.797+0000] {processor.py:153} INFO - Started process (PID=7411) to work on /home/airflow/.local/lib/python3.7/site-packages/airflow/example_dags/example_dag_decorator.py
[2022-12-25T15:47:29.799+0000] {processor.py:743} INFO - Processing file /home/airflow/.local/lib/python3.7/site-packages/airflow/example_dags/example_dag_decorator.py for tasks to queue
[2022-12-25T15:47:29.800+0000] {logging_mixin.py:137} INFO - [2022-12-25T15:47:29.800+0000] {dagbag.py:538} INFO - Filling up the DagBag from /home/airflow/.local/lib/python3.7/site-packages/airflow/example_dags/example_dag_decorator.py
[2022-12-25T15:47:29.848+0000] {logging_mixin.py:137} INFO - [2022-12-25T15:47:29.847+0000] {taskmixin.py:205} WARNING - Dependency <Task(_PythonDecoratedOperator): prepare_email>, send_email already registered for DAG: example_dag_decorator
[2022-12-25T15:47:29.848+0000] {logging_mixin.py:137} INFO - [2022-12-25T15:47:29.848+0000] {taskmixin.py:205} WARNING - Dependency <Task(EmailOperator): send_email>, prepare_email already registered for DAG: example_dag_decorator
[2022-12-25T15:47:29.889+0000] {processor.py:753} INFO - DAG(s) dict_keys(['example_dag_decorator']) retrieved from /home/airflow/.local/lib/python3.7/site-packages/airflow/example_dags/example_dag_decorator.py
[2022-12-25T15:47:30.122+0000] {logging_mixin.py:137} INFO - [2022-12-25T15:47:30.121+0000] {dag.py:2676} INFO - Sync 1 DAGs
[2022-12-25T15:47:30.151+0000] {logging_mixin.py:137} INFO - [2022-12-25T15:47:30.150+0000] {dag.py:3427} INFO - Setting next_dagrun for example_dag_decorator to None, run_after=None
[2022-12-25T15:47:30.174+0000] {processor.py:175} INFO - Processing /home/airflow/.local/lib/python3.7/site-packages/airflow/example_dags/example_dag_decorator.py took 0.382 seconds
[2022-12-25T15:48:00.791+0000] {processor.py:153} INFO - Started process (PID=7641) to work on /home/airflow/.local/lib/python3.7/site-packages/airflow/example_dags/example_dag_decorator.py
[2022-12-25T15:48:00.793+0000] {processor.py:743} INFO - Processing file /home/airflow/.local/lib/python3.7/site-packages/airflow/example_dags/example_dag_decorator.py for tasks to queue
[2022-12-25T15:48:00.794+0000] {logging_mixin.py:137} INFO - [2022-12-25T15:48:00.794+0000] {dagbag.py:538} INFO - Filling up the DagBag from /home/airflow/.local/lib/python3.7/site-packages/airflow/example_dags/example_dag_decorator.py
[2022-12-25T15:48:00.813+0000] {logging_mixin.py:137} INFO - [2022-12-25T15:48:00.813+0000] {taskmixin.py:205} WARNING - Dependency <Task(_PythonDecoratedOperator): prepare_email>, send_email already registered for DAG: example_dag_decorator
[2022-12-25T15:48:00.813+0000] {logging_mixin.py:137} INFO - [2022-12-25T15:48:00.813+0000] {taskmixin.py:205} WARNING - Dependency <Task(EmailOperator): send_email>, prepare_email already registered for DAG: example_dag_decorator
[2022-12-25T15:48:00.826+0000] {processor.py:753} INFO - DAG(s) dict_keys(['example_dag_decorator']) retrieved from /home/airflow/.local/lib/python3.7/site-packages/airflow/example_dags/example_dag_decorator.py
[2022-12-25T15:48:00.916+0000] {logging_mixin.py:137} INFO - [2022-12-25T15:48:00.916+0000] {dag.py:2676} INFO - Sync 1 DAGs
[2022-12-25T15:48:00.941+0000] {logging_mixin.py:137} INFO - [2022-12-25T15:48:00.941+0000] {dag.py:3427} INFO - Setting next_dagrun for example_dag_decorator to None, run_after=None
[2022-12-25T15:48:00.964+0000] {processor.py:175} INFO - Processing /home/airflow/.local/lib/python3.7/site-packages/airflow/example_dags/example_dag_decorator.py took 0.177 seconds
[2022-12-25T15:48:31.303+0000] {processor.py:153} INFO - Started process (PID=7891) to work on /home/airflow/.local/lib/python3.7/site-packages/airflow/example_dags/example_dag_decorator.py
[2022-12-25T15:48:31.305+0000] {processor.py:743} INFO - Processing file /home/airflow/.local/lib/python3.7/site-packages/airflow/example_dags/example_dag_decorator.py for tasks to queue
[2022-12-25T15:48:31.306+0000] {logging_mixin.py:137} INFO - [2022-12-25T15:48:31.306+0000] {dagbag.py:538} INFO - Filling up the DagBag from /home/airflow/.local/lib/python3.7/site-packages/airflow/example_dags/example_dag_decorator.py
[2022-12-25T15:48:31.329+0000] {logging_mixin.py:137} INFO - [2022-12-25T15:48:31.329+0000] {taskmixin.py:205} WARNING - Dependency <Task(_PythonDecoratedOperator): prepare_email>, send_email already registered for DAG: example_dag_decorator
[2022-12-25T15:48:31.329+0000] {logging_mixin.py:137} INFO - [2022-12-25T15:48:31.329+0000] {taskmixin.py:205} WARNING - Dependency <Task(EmailOperator): send_email>, prepare_email already registered for DAG: example_dag_decorator
[2022-12-25T15:48:31.346+0000] {processor.py:753} INFO - DAG(s) dict_keys(['example_dag_decorator']) retrieved from /home/airflow/.local/lib/python3.7/site-packages/airflow/example_dags/example_dag_decorator.py
[2022-12-25T15:48:31.459+0000] {logging_mixin.py:137} INFO - [2022-12-25T15:48:31.459+0000] {dag.py:2676} INFO - Sync 1 DAGs
[2022-12-25T15:48:31.490+0000] {logging_mixin.py:137} INFO - [2022-12-25T15:48:31.489+0000] {dag.py:3427} INFO - Setting next_dagrun for example_dag_decorator to None, run_after=None
[2022-12-25T15:48:31.513+0000] {processor.py:175} INFO - Processing /home/airflow/.local/lib/python3.7/site-packages/airflow/example_dags/example_dag_decorator.py took 0.216 seconds
[2022-12-25T15:49:01.747+0000] {processor.py:153} INFO - Started process (PID=8121) to work on /home/airflow/.local/lib/python3.7/site-packages/airflow/example_dags/example_dag_decorator.py
[2022-12-25T15:49:01.748+0000] {processor.py:743} INFO - Processing file /home/airflow/.local/lib/python3.7/site-packages/airflow/example_dags/example_dag_decorator.py for tasks to queue
[2022-12-25T15:49:01.749+0000] {logging_mixin.py:137} INFO - [2022-12-25T15:49:01.749+0000] {dagbag.py:538} INFO - Filling up the DagBag from /home/airflow/.local/lib/python3.7/site-packages/airflow/example_dags/example_dag_decorator.py
[2022-12-25T15:49:01.770+0000] {logging_mixin.py:137} INFO - [2022-12-25T15:49:01.770+0000] {taskmixin.py:205} WARNING - Dependency <Task(_PythonDecoratedOperator): prepare_email>, send_email already registered for DAG: example_dag_decorator
[2022-12-25T15:49:01.770+0000] {logging_mixin.py:137} INFO - [2022-12-25T15:49:01.770+0000] {taskmixin.py:205} WARNING - Dependency <Task(EmailOperator): send_email>, prepare_email already registered for DAG: example_dag_decorator
[2022-12-25T15:49:01.784+0000] {processor.py:753} INFO - DAG(s) dict_keys(['example_dag_decorator']) retrieved from /home/airflow/.local/lib/python3.7/site-packages/airflow/example_dags/example_dag_decorator.py
[2022-12-25T15:49:01.881+0000] {logging_mixin.py:137} INFO - [2022-12-25T15:49:01.880+0000] {dag.py:2676} INFO - Sync 1 DAGs
[2022-12-25T15:49:01.910+0000] {logging_mixin.py:137} INFO - [2022-12-25T15:49:01.910+0000] {dag.py:3427} INFO - Setting next_dagrun for example_dag_decorator to None, run_after=None
[2022-12-25T15:49:01.932+0000] {processor.py:175} INFO - Processing /home/airflow/.local/lib/python3.7/site-packages/airflow/example_dags/example_dag_decorator.py took 0.192 seconds
[2022-12-25T15:49:32.680+0000] {processor.py:153} INFO - Started process (PID=8351) to work on /home/airflow/.local/lib/python3.7/site-packages/airflow/example_dags/example_dag_decorator.py
[2022-12-25T15:49:32.681+0000] {processor.py:743} INFO - Processing file /home/airflow/.local/lib/python3.7/site-packages/airflow/example_dags/example_dag_decorator.py for tasks to queue
[2022-12-25T15:49:32.681+0000] {logging_mixin.py:137} INFO - [2022-12-25T15:49:32.681+0000] {dagbag.py:538} INFO - Filling up the DagBag from /home/airflow/.local/lib/python3.7/site-packages/airflow/example_dags/example_dag_decorator.py
[2022-12-25T15:49:32.697+0000] {logging_mixin.py:137} INFO - [2022-12-25T15:49:32.697+0000] {taskmixin.py:205} WARNING - Dependency <Task(_PythonDecoratedOperator): prepare_email>, send_email already registered for DAG: example_dag_decorator
[2022-12-25T15:49:32.697+0000] {logging_mixin.py:137} INFO - [2022-12-25T15:49:32.697+0000] {taskmixin.py:205} WARNING - Dependency <Task(EmailOperator): send_email>, prepare_email already registered for DAG: example_dag_decorator
[2022-12-25T15:49:32.714+0000] {processor.py:753} INFO - DAG(s) dict_keys(['example_dag_decorator']) retrieved from /home/airflow/.local/lib/python3.7/site-packages/airflow/example_dags/example_dag_decorator.py
[2022-12-25T15:49:32.876+0000] {logging_mixin.py:137} INFO - [2022-12-25T15:49:32.876+0000] {dag.py:2676} INFO - Sync 1 DAGs
[2022-12-25T15:49:32.902+0000] {logging_mixin.py:137} INFO - [2022-12-25T15:49:32.902+0000] {dag.py:3427} INFO - Setting next_dagrun for example_dag_decorator to None, run_after=None
[2022-12-25T15:49:32.923+0000] {processor.py:175} INFO - Processing /home/airflow/.local/lib/python3.7/site-packages/airflow/example_dags/example_dag_decorator.py took 0.247 seconds
[2022-12-25T15:50:03.132+0000] {processor.py:153} INFO - Started process (PID=8601) to work on /home/airflow/.local/lib/python3.7/site-packages/airflow/example_dags/example_dag_decorator.py
[2022-12-25T15:50:03.133+0000] {processor.py:743} INFO - Processing file /home/airflow/.local/lib/python3.7/site-packages/airflow/example_dags/example_dag_decorator.py for tasks to queue
[2022-12-25T15:50:03.134+0000] {logging_mixin.py:137} INFO - [2022-12-25T15:50:03.134+0000] {dagbag.py:538} INFO - Filling up the DagBag from /home/airflow/.local/lib/python3.7/site-packages/airflow/example_dags/example_dag_decorator.py
[2022-12-25T15:50:03.151+0000] {logging_mixin.py:137} INFO - [2022-12-25T15:50:03.150+0000] {taskmixin.py:205} WARNING - Dependency <Task(_PythonDecoratedOperator): prepare_email>, send_email already registered for DAG: example_dag_decorator
[2022-12-25T15:50:03.151+0000] {logging_mixin.py:137} INFO - [2022-12-25T15:50:03.151+0000] {taskmixin.py:205} WARNING - Dependency <Task(EmailOperator): send_email>, prepare_email already registered for DAG: example_dag_decorator
[2022-12-25T15:50:03.162+0000] {processor.py:753} INFO - DAG(s) dict_keys(['example_dag_decorator']) retrieved from /home/airflow/.local/lib/python3.7/site-packages/airflow/example_dags/example_dag_decorator.py
[2022-12-25T15:50:03.298+0000] {logging_mixin.py:137} INFO - [2022-12-25T15:50:03.297+0000] {dag.py:2676} INFO - Sync 1 DAGs
[2022-12-25T15:50:03.329+0000] {logging_mixin.py:137} INFO - [2022-12-25T15:50:03.329+0000] {dag.py:3427} INFO - Setting next_dagrun for example_dag_decorator to None, run_after=None
[2022-12-25T15:50:03.356+0000] {processor.py:175} INFO - Processing /home/airflow/.local/lib/python3.7/site-packages/airflow/example_dags/example_dag_decorator.py took 0.227 seconds
[2022-12-25T15:50:34.255+0000] {processor.py:153} INFO - Started process (PID=8831) to work on /home/airflow/.local/lib/python3.7/site-packages/airflow/example_dags/example_dag_decorator.py
[2022-12-25T15:50:34.257+0000] {processor.py:743} INFO - Processing file /home/airflow/.local/lib/python3.7/site-packages/airflow/example_dags/example_dag_decorator.py for tasks to queue
[2022-12-25T15:50:34.258+0000] {logging_mixin.py:137} INFO - [2022-12-25T15:50:34.258+0000] {dagbag.py:538} INFO - Filling up the DagBag from /home/airflow/.local/lib/python3.7/site-packages/airflow/example_dags/example_dag_decorator.py
[2022-12-25T15:50:34.280+0000] {logging_mixin.py:137} INFO - [2022-12-25T15:50:34.280+0000] {taskmixin.py:205} WARNING - Dependency <Task(_PythonDecoratedOperator): prepare_email>, send_email already registered for DAG: example_dag_decorator
[2022-12-25T15:50:34.280+0000] {logging_mixin.py:137} INFO - [2022-12-25T15:50:34.280+0000] {taskmixin.py:205} WARNING - Dependency <Task(EmailOperator): send_email>, prepare_email already registered for DAG: example_dag_decorator
[2022-12-25T15:50:34.295+0000] {processor.py:753} INFO - DAG(s) dict_keys(['example_dag_decorator']) retrieved from /home/airflow/.local/lib/python3.7/site-packages/airflow/example_dags/example_dag_decorator.py
[2022-12-25T15:50:34.383+0000] {logging_mixin.py:137} INFO - [2022-12-25T15:50:34.383+0000] {dag.py:2676} INFO - Sync 1 DAGs
[2022-12-25T15:50:34.409+0000] {logging_mixin.py:137} INFO - [2022-12-25T15:50:34.409+0000] {dag.py:3427} INFO - Setting next_dagrun for example_dag_decorator to None, run_after=None
[2022-12-25T15:50:34.435+0000] {processor.py:175} INFO - Processing /home/airflow/.local/lib/python3.7/site-packages/airflow/example_dags/example_dag_decorator.py took 0.184 seconds
[2022-12-25T15:51:04.711+0000] {processor.py:153} INFO - Started process (PID=9081) to work on /home/airflow/.local/lib/python3.7/site-packages/airflow/example_dags/example_dag_decorator.py
[2022-12-25T15:51:04.724+0000] {processor.py:743} INFO - Processing file /home/airflow/.local/lib/python3.7/site-packages/airflow/example_dags/example_dag_decorator.py for tasks to queue
[2022-12-25T15:51:04.724+0000] {logging_mixin.py:137} INFO - [2022-12-25T15:51:04.724+0000] {dagbag.py:538} INFO - Filling up the DagBag from /home/airflow/.local/lib/python3.7/site-packages/airflow/example_dags/example_dag_decorator.py
[2022-12-25T15:51:04.740+0000] {logging_mixin.py:137} INFO - [2022-12-25T15:51:04.740+0000] {taskmixin.py:205} WARNING - Dependency <Task(_PythonDecoratedOperator): prepare_email>, send_email already registered for DAG: example_dag_decorator
[2022-12-25T15:51:04.740+0000] {logging_mixin.py:137} INFO - [2022-12-25T15:51:04.740+0000] {taskmixin.py:205} WARNING - Dependency <Task(EmailOperator): send_email>, prepare_email already registered for DAG: example_dag_decorator
[2022-12-25T15:51:04.752+0000] {processor.py:753} INFO - DAG(s) dict_keys(['example_dag_decorator']) retrieved from /home/airflow/.local/lib/python3.7/site-packages/airflow/example_dags/example_dag_decorator.py
[2022-12-25T15:51:04.830+0000] {logging_mixin.py:137} INFO - [2022-12-25T15:51:04.830+0000] {dag.py:2676} INFO - Sync 1 DAGs
[2022-12-25T15:51:04.853+0000] {logging_mixin.py:137} INFO - [2022-12-25T15:51:04.853+0000] {dag.py:3427} INFO - Setting next_dagrun for example_dag_decorator to None, run_after=None
[2022-12-25T15:51:04.878+0000] {processor.py:175} INFO - Processing /home/airflow/.local/lib/python3.7/site-packages/airflow/example_dags/example_dag_decorator.py took 0.171 seconds
[2022-12-25T15:51:34.982+0000] {processor.py:153} INFO - Started process (PID=9311) to work on /home/airflow/.local/lib/python3.7/site-packages/airflow/example_dags/example_dag_decorator.py
[2022-12-25T15:51:34.984+0000] {processor.py:743} INFO - Processing file /home/airflow/.local/lib/python3.7/site-packages/airflow/example_dags/example_dag_decorator.py for tasks to queue
[2022-12-25T15:51:34.984+0000] {logging_mixin.py:137} INFO - [2022-12-25T15:51:34.984+0000] {dagbag.py:538} INFO - Filling up the DagBag from /home/airflow/.local/lib/python3.7/site-packages/airflow/example_dags/example_dag_decorator.py
[2022-12-25T15:51:35.002+0000] {logging_mixin.py:137} INFO - [2022-12-25T15:51:35.002+0000] {taskmixin.py:205} WARNING - Dependency <Task(_PythonDecoratedOperator): prepare_email>, send_email already registered for DAG: example_dag_decorator
[2022-12-25T15:51:35.002+0000] {logging_mixin.py:137} INFO - [2022-12-25T15:51:35.002+0000] {taskmixin.py:205} WARNING - Dependency <Task(EmailOperator): send_email>, prepare_email already registered for DAG: example_dag_decorator
[2022-12-25T15:51:35.015+0000] {processor.py:753} INFO - DAG(s) dict_keys(['example_dag_decorator']) retrieved from /home/airflow/.local/lib/python3.7/site-packages/airflow/example_dags/example_dag_decorator.py
[2022-12-25T15:51:35.098+0000] {logging_mixin.py:137} INFO - [2022-12-25T15:51:35.098+0000] {dag.py:2676} INFO - Sync 1 DAGs
[2022-12-25T15:51:35.124+0000] {logging_mixin.py:137} INFO - [2022-12-25T15:51:35.124+0000] {dag.py:3427} INFO - Setting next_dagrun for example_dag_decorator to None, run_after=None
[2022-12-25T15:51:35.146+0000] {processor.py:175} INFO - Processing /home/airflow/.local/lib/python3.7/site-packages/airflow/example_dags/example_dag_decorator.py took 0.167 seconds
[2022-12-25T15:52:05.240+0000] {processor.py:153} INFO - Started process (PID=9541) to work on /home/airflow/.local/lib/python3.7/site-packages/airflow/example_dags/example_dag_decorator.py
[2022-12-25T15:52:05.242+0000] {processor.py:743} INFO - Processing file /home/airflow/.local/lib/python3.7/site-packages/airflow/example_dags/example_dag_decorator.py for tasks to queue
[2022-12-25T15:52:05.243+0000] {logging_mixin.py:137} INFO - [2022-12-25T15:52:05.242+0000] {dagbag.py:538} INFO - Filling up the DagBag from /home/airflow/.local/lib/python3.7/site-packages/airflow/example_dags/example_dag_decorator.py
[2022-12-25T15:52:05.271+0000] {logging_mixin.py:137} INFO - [2022-12-25T15:52:05.270+0000] {taskmixin.py:205} WARNING - Dependency <Task(_PythonDecoratedOperator): prepare_email>, send_email already registered for DAG: example_dag_decorator
[2022-12-25T15:52:05.271+0000] {logging_mixin.py:137} INFO - [2022-12-25T15:52:05.271+0000] {taskmixin.py:205} WARNING - Dependency <Task(EmailOperator): send_email>, prepare_email already registered for DAG: example_dag_decorator
[2022-12-25T15:52:05.286+0000] {processor.py:753} INFO - DAG(s) dict_keys(['example_dag_decorator']) retrieved from /home/airflow/.local/lib/python3.7/site-packages/airflow/example_dags/example_dag_decorator.py
[2022-12-25T15:52:05.425+0000] {logging_mixin.py:137} INFO - [2022-12-25T15:52:05.424+0000] {dag.py:2676} INFO - Sync 1 DAGs
[2022-12-25T15:52:05.465+0000] {logging_mixin.py:137} INFO - [2022-12-25T15:52:05.465+0000] {dag.py:3427} INFO - Setting next_dagrun for example_dag_decorator to None, run_after=None
[2022-12-25T15:52:05.497+0000] {processor.py:175} INFO - Processing /home/airflow/.local/lib/python3.7/site-packages/airflow/example_dags/example_dag_decorator.py took 0.261 seconds
[2022-12-25T15:52:36.156+0000] {processor.py:153} INFO - Started process (PID=9791) to work on /home/airflow/.local/lib/python3.7/site-packages/airflow/example_dags/example_dag_decorator.py
[2022-12-25T15:52:36.169+0000] {processor.py:743} INFO - Processing file /home/airflow/.local/lib/python3.7/site-packages/airflow/example_dags/example_dag_decorator.py for tasks to queue
[2022-12-25T15:52:36.170+0000] {logging_mixin.py:137} INFO - [2022-12-25T15:52:36.170+0000] {dagbag.py:538} INFO - Filling up the DagBag from /home/airflow/.local/lib/python3.7/site-packages/airflow/example_dags/example_dag_decorator.py
[2022-12-25T15:52:36.197+0000] {logging_mixin.py:137} INFO - [2022-12-25T15:52:36.197+0000] {taskmixin.py:205} WARNING - Dependency <Task(_PythonDecoratedOperator): prepare_email>, send_email already registered for DAG: example_dag_decorator
[2022-12-25T15:52:36.198+0000] {logging_mixin.py:137} INFO - [2022-12-25T15:52:36.198+0000] {taskmixin.py:205} WARNING - Dependency <Task(EmailOperator): send_email>, prepare_email already registered for DAG: example_dag_decorator
[2022-12-25T15:52:36.215+0000] {processor.py:753} INFO - DAG(s) dict_keys(['example_dag_decorator']) retrieved from /home/airflow/.local/lib/python3.7/site-packages/airflow/example_dags/example_dag_decorator.py
[2022-12-25T15:52:36.325+0000] {logging_mixin.py:137} INFO - [2022-12-25T15:52:36.325+0000] {dag.py:2676} INFO - Sync 1 DAGs
[2022-12-25T15:52:36.350+0000] {logging_mixin.py:137} INFO - [2022-12-25T15:52:36.350+0000] {dag.py:3427} INFO - Setting next_dagrun for example_dag_decorator to None, run_after=None
[2022-12-25T15:52:36.378+0000] {processor.py:175} INFO - Processing /home/airflow/.local/lib/python3.7/site-packages/airflow/example_dags/example_dag_decorator.py took 0.227 seconds
[2022-12-25T15:53:07.236+0000] {processor.py:153} INFO - Started process (PID=10021) to work on /home/airflow/.local/lib/python3.7/site-packages/airflow/example_dags/example_dag_decorator.py
[2022-12-25T15:53:07.237+0000] {processor.py:743} INFO - Processing file /home/airflow/.local/lib/python3.7/site-packages/airflow/example_dags/example_dag_decorator.py for tasks to queue
[2022-12-25T15:53:07.238+0000] {logging_mixin.py:137} INFO - [2022-12-25T15:53:07.238+0000] {dagbag.py:538} INFO - Filling up the DagBag from /home/airflow/.local/lib/python3.7/site-packages/airflow/example_dags/example_dag_decorator.py
[2022-12-25T15:53:07.257+0000] {logging_mixin.py:137} INFO - [2022-12-25T15:53:07.257+0000] {taskmixin.py:205} WARNING - Dependency <Task(_PythonDecoratedOperator): prepare_email>, send_email already registered for DAG: example_dag_decorator
[2022-12-25T15:53:07.257+0000] {logging_mixin.py:137} INFO - [2022-12-25T15:53:07.257+0000] {taskmixin.py:205} WARNING - Dependency <Task(EmailOperator): send_email>, prepare_email already registered for DAG: example_dag_decorator
[2022-12-25T15:53:07.268+0000] {processor.py:753} INFO - DAG(s) dict_keys(['example_dag_decorator']) retrieved from /home/airflow/.local/lib/python3.7/site-packages/airflow/example_dags/example_dag_decorator.py
[2022-12-25T15:53:07.368+0000] {logging_mixin.py:137} INFO - [2022-12-25T15:53:07.367+0000] {dag.py:2676} INFO - Sync 1 DAGs
[2022-12-25T15:53:07.400+0000] {logging_mixin.py:137} INFO - [2022-12-25T15:53:07.399+0000] {dag.py:3427} INFO - Setting next_dagrun for example_dag_decorator to None, run_after=None
[2022-12-25T15:53:07.426+0000] {processor.py:175} INFO - Processing /home/airflow/.local/lib/python3.7/site-packages/airflow/example_dags/example_dag_decorator.py took 0.193 seconds
