[2022-12-25T15:32:09.028+0000] {processor.py:153} INFO - Started process (PID=228) to work on /home/airflow/.local/lib/python3.7/site-packages/airflow/example_dags/example_branch_day_of_week_operator.py
[2022-12-25T15:32:09.030+0000] {processor.py:743} INFO - Processing file /home/airflow/.local/lib/python3.7/site-packages/airflow/example_dags/example_branch_day_of_week_operator.py for tasks to queue
[2022-12-25T15:32:09.031+0000] {logging_mixin.py:137} INFO - [2022-12-25T15:32:09.031+0000] {dagbag.py:538} INFO - Filling up the DagBag from /home/airflow/.local/lib/python3.7/site-packages/airflow/example_dags/example_branch_day_of_week_operator.py
[2022-12-25T15:32:09.071+0000] {processor.py:753} INFO - DAG(s) dict_keys(['example_weekday_branch_operator']) retrieved from /home/airflow/.local/lib/python3.7/site-packages/airflow/example_dags/example_branch_day_of_week_operator.py
[2022-12-25T15:32:09.156+0000] {logging_mixin.py:137} INFO - [2022-12-25T15:32:09.155+0000] {dag.py:2676} INFO - Sync 1 DAGs
[2022-12-25T15:32:09.203+0000] {logging_mixin.py:137} INFO - [2022-12-25T15:32:09.203+0000] {dag.py:3427} INFO - Setting next_dagrun for example_weekday_branch_operator to 2022-12-24T00:00:00+00:00, run_after=2022-12-25T00:00:00+00:00
[2022-12-25T15:32:09.239+0000] {processor.py:175} INFO - Processing /home/airflow/.local/lib/python3.7/site-packages/airflow/example_dags/example_branch_day_of_week_operator.py took 0.216 seconds
[2022-12-25T15:32:39.585+0000] {processor.py:153} INFO - Started process (PID=460) to work on /home/airflow/.local/lib/python3.7/site-packages/airflow/example_dags/example_branch_day_of_week_operator.py
[2022-12-25T15:32:39.586+0000] {processor.py:743} INFO - Processing file /home/airflow/.local/lib/python3.7/site-packages/airflow/example_dags/example_branch_day_of_week_operator.py for tasks to queue
[2022-12-25T15:32:39.588+0000] {logging_mixin.py:137} INFO - [2022-12-25T15:32:39.587+0000] {dagbag.py:538} INFO - Filling up the DagBag from /home/airflow/.local/lib/python3.7/site-packages/airflow/example_dags/example_branch_day_of_week_operator.py
[2022-12-25T15:32:39.603+0000] {processor.py:753} INFO - DAG(s) dict_keys(['example_weekday_branch_operator']) retrieved from /home/airflow/.local/lib/python3.7/site-packages/airflow/example_dags/example_branch_day_of_week_operator.py
[2022-12-25T15:32:39.645+0000] {logging_mixin.py:137} INFO - [2022-12-25T15:32:39.645+0000] {dag.py:2676} INFO - Sync 1 DAGs
[2022-12-25T15:32:39.676+0000] {logging_mixin.py:137} INFO - [2022-12-25T15:32:39.676+0000] {dag.py:3427} INFO - Setting next_dagrun for example_weekday_branch_operator to 2022-12-24T00:00:00+00:00, run_after=2022-12-25T00:00:00+00:00
[2022-12-25T15:32:39.695+0000] {processor.py:175} INFO - Processing /home/airflow/.local/lib/python3.7/site-packages/airflow/example_dags/example_branch_day_of_week_operator.py took 0.113 seconds
[2022-12-25T15:33:10.429+0000] {processor.py:153} INFO - Started process (PID=689) to work on /home/airflow/.local/lib/python3.7/site-packages/airflow/example_dags/example_branch_day_of_week_operator.py
[2022-12-25T15:33:10.433+0000] {processor.py:743} INFO - Processing file /home/airflow/.local/lib/python3.7/site-packages/airflow/example_dags/example_branch_day_of_week_operator.py for tasks to queue
[2022-12-25T15:33:10.435+0000] {logging_mixin.py:137} INFO - [2022-12-25T15:33:10.434+0000] {dagbag.py:538} INFO - Filling up the DagBag from /home/airflow/.local/lib/python3.7/site-packages/airflow/example_dags/example_branch_day_of_week_operator.py
[2022-12-25T15:33:10.494+0000] {processor.py:753} INFO - DAG(s) dict_keys(['example_weekday_branch_operator']) retrieved from /home/airflow/.local/lib/python3.7/site-packages/airflow/example_dags/example_branch_day_of_week_operator.py
[2022-12-25T15:33:10.561+0000] {logging_mixin.py:137} INFO - [2022-12-25T15:33:10.560+0000] {dag.py:2676} INFO - Sync 1 DAGs
[2022-12-25T15:33:10.610+0000] {logging_mixin.py:137} INFO - [2022-12-25T15:33:10.610+0000] {dag.py:3427} INFO - Setting next_dagrun for example_weekday_branch_operator to 2022-12-24T00:00:00+00:00, run_after=2022-12-25T00:00:00+00:00
[2022-12-25T15:33:10.655+0000] {processor.py:175} INFO - Processing /home/airflow/.local/lib/python3.7/site-packages/airflow/example_dags/example_branch_day_of_week_operator.py took 0.238 seconds
[2022-12-25T15:33:41.074+0000] {processor.py:153} INFO - Started process (PID=919) to work on /home/airflow/.local/lib/python3.7/site-packages/airflow/example_dags/example_branch_day_of_week_operator.py
[2022-12-25T15:33:41.075+0000] {processor.py:743} INFO - Processing file /home/airflow/.local/lib/python3.7/site-packages/airflow/example_dags/example_branch_day_of_week_operator.py for tasks to queue
[2022-12-25T15:33:41.076+0000] {logging_mixin.py:137} INFO - [2022-12-25T15:33:41.076+0000] {dagbag.py:538} INFO - Filling up the DagBag from /home/airflow/.local/lib/python3.7/site-packages/airflow/example_dags/example_branch_day_of_week_operator.py
[2022-12-25T15:33:41.094+0000] {processor.py:753} INFO - DAG(s) dict_keys(['example_weekday_branch_operator']) retrieved from /home/airflow/.local/lib/python3.7/site-packages/airflow/example_dags/example_branch_day_of_week_operator.py
[2022-12-25T15:33:41.139+0000] {logging_mixin.py:137} INFO - [2022-12-25T15:33:41.138+0000] {dag.py:2676} INFO - Sync 1 DAGs
[2022-12-25T15:33:41.171+0000] {logging_mixin.py:137} INFO - [2022-12-25T15:33:41.171+0000] {dag.py:3427} INFO - Setting next_dagrun for example_weekday_branch_operator to 2022-12-24T00:00:00+00:00, run_after=2022-12-25T00:00:00+00:00
[2022-12-25T15:33:41.194+0000] {processor.py:175} INFO - Processing /home/airflow/.local/lib/python3.7/site-packages/airflow/example_dags/example_branch_day_of_week_operator.py took 0.126 seconds
[2022-12-25T15:34:12.318+0000] {processor.py:153} INFO - Started process (PID=1170) to work on /home/airflow/.local/lib/python3.7/site-packages/airflow/example_dags/example_branch_day_of_week_operator.py
[2022-12-25T15:34:12.320+0000] {processor.py:743} INFO - Processing file /home/airflow/.local/lib/python3.7/site-packages/airflow/example_dags/example_branch_day_of_week_operator.py for tasks to queue
[2022-12-25T15:34:12.321+0000] {logging_mixin.py:137} INFO - [2022-12-25T15:34:12.321+0000] {dagbag.py:538} INFO - Filling up the DagBag from /home/airflow/.local/lib/python3.7/site-packages/airflow/example_dags/example_branch_day_of_week_operator.py
[2022-12-25T15:34:12.343+0000] {processor.py:753} INFO - DAG(s) dict_keys(['example_weekday_branch_operator']) retrieved from /home/airflow/.local/lib/python3.7/site-packages/airflow/example_dags/example_branch_day_of_week_operator.py
[2022-12-25T15:34:12.396+0000] {logging_mixin.py:137} INFO - [2022-12-25T15:34:12.396+0000] {dag.py:2676} INFO - Sync 1 DAGs
[2022-12-25T15:34:12.447+0000] {logging_mixin.py:137} INFO - [2022-12-25T15:34:12.447+0000] {dag.py:3427} INFO - Setting next_dagrun for example_weekday_branch_operator to 2022-12-24T00:00:00+00:00, run_after=2022-12-25T00:00:00+00:00
[2022-12-25T15:34:12.483+0000] {processor.py:175} INFO - Processing /home/airflow/.local/lib/python3.7/site-packages/airflow/example_dags/example_branch_day_of_week_operator.py took 0.170 seconds
[2022-12-25T15:34:43.269+0000] {processor.py:153} INFO - Started process (PID=1400) to work on /home/airflow/.local/lib/python3.7/site-packages/airflow/example_dags/example_branch_day_of_week_operator.py
[2022-12-25T15:34:43.270+0000] {processor.py:743} INFO - Processing file /home/airflow/.local/lib/python3.7/site-packages/airflow/example_dags/example_branch_day_of_week_operator.py for tasks to queue
[2022-12-25T15:34:43.270+0000] {logging_mixin.py:137} INFO - [2022-12-25T15:34:43.270+0000] {dagbag.py:538} INFO - Filling up the DagBag from /home/airflow/.local/lib/python3.7/site-packages/airflow/example_dags/example_branch_day_of_week_operator.py
[2022-12-25T15:34:43.285+0000] {processor.py:753} INFO - DAG(s) dict_keys(['example_weekday_branch_operator']) retrieved from /home/airflow/.local/lib/python3.7/site-packages/airflow/example_dags/example_branch_day_of_week_operator.py
[2022-12-25T15:34:43.324+0000] {logging_mixin.py:137} INFO - [2022-12-25T15:34:43.323+0000] {dag.py:2676} INFO - Sync 1 DAGs
[2022-12-25T15:34:43.352+0000] {logging_mixin.py:137} INFO - [2022-12-25T15:34:43.352+0000] {dag.py:3427} INFO - Setting next_dagrun for example_weekday_branch_operator to 2022-12-24T00:00:00+00:00, run_after=2022-12-25T00:00:00+00:00
[2022-12-25T15:34:43.372+0000] {processor.py:175} INFO - Processing /home/airflow/.local/lib/python3.7/site-packages/airflow/example_dags/example_branch_day_of_week_operator.py took 0.107 seconds
[2022-12-25T15:35:13.898+0000] {processor.py:153} INFO - Started process (PID=1641) to work on /home/airflow/.local/lib/python3.7/site-packages/airflow/example_dags/example_branch_day_of_week_operator.py
[2022-12-25T15:35:13.899+0000] {processor.py:743} INFO - Processing file /home/airflow/.local/lib/python3.7/site-packages/airflow/example_dags/example_branch_day_of_week_operator.py for tasks to queue
[2022-12-25T15:35:13.900+0000] {logging_mixin.py:137} INFO - [2022-12-25T15:35:13.900+0000] {dagbag.py:538} INFO - Filling up the DagBag from /home/airflow/.local/lib/python3.7/site-packages/airflow/example_dags/example_branch_day_of_week_operator.py
[2022-12-25T15:35:13.914+0000] {processor.py:753} INFO - DAG(s) dict_keys(['example_weekday_branch_operator']) retrieved from /home/airflow/.local/lib/python3.7/site-packages/airflow/example_dags/example_branch_day_of_week_operator.py
[2022-12-25T15:35:13.957+0000] {logging_mixin.py:137} INFO - [2022-12-25T15:35:13.957+0000] {dag.py:2676} INFO - Sync 1 DAGs
[2022-12-25T15:35:13.987+0000] {logging_mixin.py:137} INFO - [2022-12-25T15:35:13.987+0000] {dag.py:3427} INFO - Setting next_dagrun for example_weekday_branch_operator to 2022-12-24T00:00:00+00:00, run_after=2022-12-25T00:00:00+00:00
[2022-12-25T15:35:14.009+0000] {processor.py:175} INFO - Processing /home/airflow/.local/lib/python3.7/site-packages/airflow/example_dags/example_branch_day_of_week_operator.py took 0.114 seconds
[2022-12-25T15:35:44.157+0000] {processor.py:153} INFO - Started process (PID=1882) to work on /home/airflow/.local/lib/python3.7/site-packages/airflow/example_dags/example_branch_day_of_week_operator.py
[2022-12-25T15:35:44.158+0000] {processor.py:743} INFO - Processing file /home/airflow/.local/lib/python3.7/site-packages/airflow/example_dags/example_branch_day_of_week_operator.py for tasks to queue
[2022-12-25T15:35:44.160+0000] {logging_mixin.py:137} INFO - [2022-12-25T15:35:44.159+0000] {dagbag.py:538} INFO - Filling up the DagBag from /home/airflow/.local/lib/python3.7/site-packages/airflow/example_dags/example_branch_day_of_week_operator.py
[2022-12-25T15:35:44.178+0000] {processor.py:753} INFO - DAG(s) dict_keys(['example_weekday_branch_operator']) retrieved from /home/airflow/.local/lib/python3.7/site-packages/airflow/example_dags/example_branch_day_of_week_operator.py
[2022-12-25T15:35:44.225+0000] {logging_mixin.py:137} INFO - [2022-12-25T15:35:44.224+0000] {dag.py:2676} INFO - Sync 1 DAGs
[2022-12-25T15:35:44.255+0000] {logging_mixin.py:137} INFO - [2022-12-25T15:35:44.255+0000] {dag.py:3427} INFO - Setting next_dagrun for example_weekday_branch_operator to 2022-12-24T00:00:00+00:00, run_after=2022-12-25T00:00:00+00:00
[2022-12-25T15:35:44.278+0000] {processor.py:175} INFO - Processing /home/airflow/.local/lib/python3.7/site-packages/airflow/example_dags/example_branch_day_of_week_operator.py took 0.125 seconds
[2022-12-25T15:36:14.933+0000] {processor.py:153} INFO - Started process (PID=2110) to work on /home/airflow/.local/lib/python3.7/site-packages/airflow/example_dags/example_branch_day_of_week_operator.py
[2022-12-25T15:36:14.934+0000] {processor.py:743} INFO - Processing file /home/airflow/.local/lib/python3.7/site-packages/airflow/example_dags/example_branch_day_of_week_operator.py for tasks to queue
[2022-12-25T15:36:14.935+0000] {logging_mixin.py:137} INFO - [2022-12-25T15:36:14.934+0000] {dagbag.py:538} INFO - Filling up the DagBag from /home/airflow/.local/lib/python3.7/site-packages/airflow/example_dags/example_branch_day_of_week_operator.py
[2022-12-25T15:36:14.956+0000] {processor.py:753} INFO - DAG(s) dict_keys(['example_weekday_branch_operator']) retrieved from /home/airflow/.local/lib/python3.7/site-packages/airflow/example_dags/example_branch_day_of_week_operator.py
[2022-12-25T15:36:15.004+0000] {logging_mixin.py:137} INFO - [2022-12-25T15:36:15.004+0000] {dag.py:2676} INFO - Sync 1 DAGs
[2022-12-25T15:36:15.033+0000] {logging_mixin.py:137} INFO - [2022-12-25T15:36:15.033+0000] {dag.py:3427} INFO - Setting next_dagrun for example_weekday_branch_operator to 2022-12-24T00:00:00+00:00, run_after=2022-12-25T00:00:00+00:00
[2022-12-25T15:36:15.054+0000] {processor.py:175} INFO - Processing /home/airflow/.local/lib/python3.7/site-packages/airflow/example_dags/example_branch_day_of_week_operator.py took 0.125 seconds
[2022-12-25T15:36:45.187+0000] {processor.py:153} INFO - Started process (PID=2340) to work on /home/airflow/.local/lib/python3.7/site-packages/airflow/example_dags/example_branch_day_of_week_operator.py
[2022-12-25T15:36:45.188+0000] {processor.py:743} INFO - Processing file /home/airflow/.local/lib/python3.7/site-packages/airflow/example_dags/example_branch_day_of_week_operator.py for tasks to queue
[2022-12-25T15:36:45.189+0000] {logging_mixin.py:137} INFO - [2022-12-25T15:36:45.189+0000] {dagbag.py:538} INFO - Filling up the DagBag from /home/airflow/.local/lib/python3.7/site-packages/airflow/example_dags/example_branch_day_of_week_operator.py
[2022-12-25T15:36:45.205+0000] {processor.py:753} INFO - DAG(s) dict_keys(['example_weekday_branch_operator']) retrieved from /home/airflow/.local/lib/python3.7/site-packages/airflow/example_dags/example_branch_day_of_week_operator.py
[2022-12-25T15:36:45.248+0000] {logging_mixin.py:137} INFO - [2022-12-25T15:36:45.248+0000] {dag.py:2676} INFO - Sync 1 DAGs
[2022-12-25T15:36:45.284+0000] {logging_mixin.py:137} INFO - [2022-12-25T15:36:45.284+0000] {dag.py:3427} INFO - Setting next_dagrun for example_weekday_branch_operator to 2022-12-24T00:00:00+00:00, run_after=2022-12-25T00:00:00+00:00
[2022-12-25T15:36:45.308+0000] {processor.py:175} INFO - Processing /home/airflow/.local/lib/python3.7/site-packages/airflow/example_dags/example_branch_day_of_week_operator.py took 0.124 seconds
[2022-12-25T15:37:15.788+0000] {processor.py:153} INFO - Started process (PID=2590) to work on /home/airflow/.local/lib/python3.7/site-packages/airflow/example_dags/example_branch_day_of_week_operator.py
[2022-12-25T15:37:15.790+0000] {processor.py:743} INFO - Processing file /home/airflow/.local/lib/python3.7/site-packages/airflow/example_dags/example_branch_day_of_week_operator.py for tasks to queue
[2022-12-25T15:37:15.791+0000] {logging_mixin.py:137} INFO - [2022-12-25T15:37:15.791+0000] {dagbag.py:538} INFO - Filling up the DagBag from /home/airflow/.local/lib/python3.7/site-packages/airflow/example_dags/example_branch_day_of_week_operator.py
[2022-12-25T15:37:15.815+0000] {processor.py:753} INFO - DAG(s) dict_keys(['example_weekday_branch_operator']) retrieved from /home/airflow/.local/lib/python3.7/site-packages/airflow/example_dags/example_branch_day_of_week_operator.py
[2022-12-25T15:37:15.860+0000] {logging_mixin.py:137} INFO - [2022-12-25T15:37:15.860+0000] {dag.py:2676} INFO - Sync 1 DAGs
[2022-12-25T15:37:15.888+0000] {logging_mixin.py:137} INFO - [2022-12-25T15:37:15.887+0000] {dag.py:3427} INFO - Setting next_dagrun for example_weekday_branch_operator to 2022-12-24T00:00:00+00:00, run_after=2022-12-25T00:00:00+00:00
[2022-12-25T15:37:15.906+0000] {processor.py:175} INFO - Processing /home/airflow/.local/lib/python3.7/site-packages/airflow/example_dags/example_branch_day_of_week_operator.py took 0.123 seconds
[2022-12-25T15:37:46.010+0000] {processor.py:153} INFO - Started process (PID=2820) to work on /home/airflow/.local/lib/python3.7/site-packages/airflow/example_dags/example_branch_day_of_week_operator.py
[2022-12-25T15:37:46.012+0000] {processor.py:743} INFO - Processing file /home/airflow/.local/lib/python3.7/site-packages/airflow/example_dags/example_branch_day_of_week_operator.py for tasks to queue
[2022-12-25T15:37:46.012+0000] {logging_mixin.py:137} INFO - [2022-12-25T15:37:46.012+0000] {dagbag.py:538} INFO - Filling up the DagBag from /home/airflow/.local/lib/python3.7/site-packages/airflow/example_dags/example_branch_day_of_week_operator.py
[2022-12-25T15:37:46.030+0000] {processor.py:753} INFO - DAG(s) dict_keys(['example_weekday_branch_operator']) retrieved from /home/airflow/.local/lib/python3.7/site-packages/airflow/example_dags/example_branch_day_of_week_operator.py
[2022-12-25T15:37:46.073+0000] {logging_mixin.py:137} INFO - [2022-12-25T15:37:46.073+0000] {dag.py:2676} INFO - Sync 1 DAGs
[2022-12-25T15:37:46.104+0000] {logging_mixin.py:137} INFO - [2022-12-25T15:37:46.103+0000] {dag.py:3427} INFO - Setting next_dagrun for example_weekday_branch_operator to 2022-12-24T00:00:00+00:00, run_after=2022-12-25T00:00:00+00:00
[2022-12-25T15:37:46.128+0000] {processor.py:175} INFO - Processing /home/airflow/.local/lib/python3.7/site-packages/airflow/example_dags/example_branch_day_of_week_operator.py took 0.120 seconds
[2022-12-25T15:38:16.857+0000] {processor.py:153} INFO - Started process (PID=3070) to work on /home/airflow/.local/lib/python3.7/site-packages/airflow/example_dags/example_branch_day_of_week_operator.py
[2022-12-25T15:38:16.858+0000] {processor.py:743} INFO - Processing file /home/airflow/.local/lib/python3.7/site-packages/airflow/example_dags/example_branch_day_of_week_operator.py for tasks to queue
[2022-12-25T15:38:16.859+0000] {logging_mixin.py:137} INFO - [2022-12-25T15:38:16.859+0000] {dagbag.py:538} INFO - Filling up the DagBag from /home/airflow/.local/lib/python3.7/site-packages/airflow/example_dags/example_branch_day_of_week_operator.py
[2022-12-25T15:38:16.875+0000] {processor.py:753} INFO - DAG(s) dict_keys(['example_weekday_branch_operator']) retrieved from /home/airflow/.local/lib/python3.7/site-packages/airflow/example_dags/example_branch_day_of_week_operator.py
[2022-12-25T15:38:16.911+0000] {logging_mixin.py:137} INFO - [2022-12-25T15:38:16.911+0000] {dag.py:2676} INFO - Sync 1 DAGs
[2022-12-25T15:38:16.938+0000] {logging_mixin.py:137} INFO - [2022-12-25T15:38:16.938+0000] {dag.py:3427} INFO - Setting next_dagrun for example_weekday_branch_operator to 2022-12-24T00:00:00+00:00, run_after=2022-12-25T00:00:00+00:00
[2022-12-25T15:38:16.960+0000] {processor.py:175} INFO - Processing /home/airflow/.local/lib/python3.7/site-packages/airflow/example_dags/example_branch_day_of_week_operator.py took 0.106 seconds
[2022-12-25T15:38:47.500+0000] {processor.py:153} INFO - Started process (PID=3300) to work on /home/airflow/.local/lib/python3.7/site-packages/airflow/example_dags/example_branch_day_of_week_operator.py
[2022-12-25T15:38:47.500+0000] {processor.py:743} INFO - Processing file /home/airflow/.local/lib/python3.7/site-packages/airflow/example_dags/example_branch_day_of_week_operator.py for tasks to queue
[2022-12-25T15:38:47.501+0000] {logging_mixin.py:137} INFO - [2022-12-25T15:38:47.501+0000] {dagbag.py:538} INFO - Filling up the DagBag from /home/airflow/.local/lib/python3.7/site-packages/airflow/example_dags/example_branch_day_of_week_operator.py
[2022-12-25T15:38:47.517+0000] {processor.py:753} INFO - DAG(s) dict_keys(['example_weekday_branch_operator']) retrieved from /home/airflow/.local/lib/python3.7/site-packages/airflow/example_dags/example_branch_day_of_week_operator.py
[2022-12-25T15:38:47.557+0000] {logging_mixin.py:137} INFO - [2022-12-25T15:38:47.557+0000] {dag.py:2676} INFO - Sync 1 DAGs
[2022-12-25T15:38:47.586+0000] {logging_mixin.py:137} INFO - [2022-12-25T15:38:47.586+0000] {dag.py:3427} INFO - Setting next_dagrun for example_weekday_branch_operator to 2022-12-24T00:00:00+00:00, run_after=2022-12-25T00:00:00+00:00
[2022-12-25T15:38:47.610+0000] {processor.py:175} INFO - Processing /home/airflow/.local/lib/python3.7/site-packages/airflow/example_dags/example_branch_day_of_week_operator.py took 0.114 seconds
[2022-12-25T15:39:18.899+0000] {processor.py:153} INFO - Started process (PID=3552) to work on /home/airflow/.local/lib/python3.7/site-packages/airflow/example_dags/example_branch_day_of_week_operator.py
[2022-12-25T15:39:18.901+0000] {processor.py:743} INFO - Processing file /home/airflow/.local/lib/python3.7/site-packages/airflow/example_dags/example_branch_day_of_week_operator.py for tasks to queue
[2022-12-25T15:39:18.902+0000] {logging_mixin.py:137} INFO - [2022-12-25T15:39:18.902+0000] {dagbag.py:538} INFO - Filling up the DagBag from /home/airflow/.local/lib/python3.7/site-packages/airflow/example_dags/example_branch_day_of_week_operator.py
[2022-12-25T15:39:18.923+0000] {processor.py:753} INFO - DAG(s) dict_keys(['example_weekday_branch_operator']) retrieved from /home/airflow/.local/lib/python3.7/site-packages/airflow/example_dags/example_branch_day_of_week_operator.py
[2022-12-25T15:39:19.213+0000] {logging_mixin.py:137} INFO - [2022-12-25T15:39:19.212+0000] {dag.py:2676} INFO - Sync 1 DAGs
[2022-12-25T15:39:19.337+0000] {logging_mixin.py:137} INFO - [2022-12-25T15:39:19.336+0000] {dag.py:3427} INFO - Setting next_dagrun for example_weekday_branch_operator to 2022-12-24T00:00:00+00:00, run_after=2022-12-25T00:00:00+00:00
[2022-12-25T15:39:19.377+0000] {processor.py:175} INFO - Processing /home/airflow/.local/lib/python3.7/site-packages/airflow/example_dags/example_branch_day_of_week_operator.py took 0.483 seconds
[2022-12-25T15:39:49.574+0000] {processor.py:153} INFO - Started process (PID=3782) to work on /home/airflow/.local/lib/python3.7/site-packages/airflow/example_dags/example_branch_day_of_week_operator.py
[2022-12-25T15:39:49.576+0000] {processor.py:743} INFO - Processing file /home/airflow/.local/lib/python3.7/site-packages/airflow/example_dags/example_branch_day_of_week_operator.py for tasks to queue
[2022-12-25T15:39:49.577+0000] {logging_mixin.py:137} INFO - [2022-12-25T15:39:49.577+0000] {dagbag.py:538} INFO - Filling up the DagBag from /home/airflow/.local/lib/python3.7/site-packages/airflow/example_dags/example_branch_day_of_week_operator.py
[2022-12-25T15:39:49.620+0000] {processor.py:753} INFO - DAG(s) dict_keys(['example_weekday_branch_operator']) retrieved from /home/airflow/.local/lib/python3.7/site-packages/airflow/example_dags/example_branch_day_of_week_operator.py
[2022-12-25T15:39:49.703+0000] {logging_mixin.py:137} INFO - [2022-12-25T15:39:49.702+0000] {dag.py:2676} INFO - Sync 1 DAGs
[2022-12-25T15:39:49.749+0000] {logging_mixin.py:137} INFO - [2022-12-25T15:39:49.749+0000] {dag.py:3427} INFO - Setting next_dagrun for example_weekday_branch_operator to 2022-12-24T00:00:00+00:00, run_after=2022-12-25T00:00:00+00:00
[2022-12-25T15:39:49.788+0000] {processor.py:175} INFO - Processing /home/airflow/.local/lib/python3.7/site-packages/airflow/example_dags/example_branch_day_of_week_operator.py took 0.221 seconds
[2022-12-25T15:40:19.995+0000] {processor.py:153} INFO - Started process (PID=4011) to work on /home/airflow/.local/lib/python3.7/site-packages/airflow/example_dags/example_branch_day_of_week_operator.py
[2022-12-25T15:40:19.997+0000] {processor.py:743} INFO - Processing file /home/airflow/.local/lib/python3.7/site-packages/airflow/example_dags/example_branch_day_of_week_operator.py for tasks to queue
[2022-12-25T15:40:19.997+0000] {logging_mixin.py:137} INFO - [2022-12-25T15:40:19.997+0000] {dagbag.py:538} INFO - Filling up the DagBag from /home/airflow/.local/lib/python3.7/site-packages/airflow/example_dags/example_branch_day_of_week_operator.py
[2022-12-25T15:40:20.015+0000] {processor.py:753} INFO - DAG(s) dict_keys(['example_weekday_branch_operator']) retrieved from /home/airflow/.local/lib/python3.7/site-packages/airflow/example_dags/example_branch_day_of_week_operator.py
[2022-12-25T15:40:20.052+0000] {logging_mixin.py:137} INFO - [2022-12-25T15:40:20.052+0000] {dag.py:2676} INFO - Sync 1 DAGs
[2022-12-25T15:40:20.078+0000] {logging_mixin.py:137} INFO - [2022-12-25T15:40:20.078+0000] {dag.py:3427} INFO - Setting next_dagrun for example_weekday_branch_operator to 2022-12-24T00:00:00+00:00, run_after=2022-12-25T00:00:00+00:00
[2022-12-25T15:40:20.103+0000] {processor.py:175} INFO - Processing /home/airflow/.local/lib/python3.7/site-packages/airflow/example_dags/example_branch_day_of_week_operator.py took 0.111 seconds
[2022-12-25T15:40:50.157+0000] {processor.py:153} INFO - Started process (PID=4261) to work on /home/airflow/.local/lib/python3.7/site-packages/airflow/example_dags/example_branch_day_of_week_operator.py
[2022-12-25T15:40:50.158+0000] {processor.py:743} INFO - Processing file /home/airflow/.local/lib/python3.7/site-packages/airflow/example_dags/example_branch_day_of_week_operator.py for tasks to queue
[2022-12-25T15:40:50.159+0000] {logging_mixin.py:137} INFO - [2022-12-25T15:40:50.159+0000] {dagbag.py:538} INFO - Filling up the DagBag from /home/airflow/.local/lib/python3.7/site-packages/airflow/example_dags/example_branch_day_of_week_operator.py
[2022-12-25T15:40:50.183+0000] {processor.py:753} INFO - DAG(s) dict_keys(['example_weekday_branch_operator']) retrieved from /home/airflow/.local/lib/python3.7/site-packages/airflow/example_dags/example_branch_day_of_week_operator.py
[2022-12-25T15:40:50.225+0000] {logging_mixin.py:137} INFO - [2022-12-25T15:40:50.225+0000] {dag.py:2676} INFO - Sync 1 DAGs
[2022-12-25T15:40:50.278+0000] {logging_mixin.py:137} INFO - [2022-12-25T15:40:50.277+0000] {dag.py:3427} INFO - Setting next_dagrun for example_weekday_branch_operator to 2022-12-24T00:00:00+00:00, run_after=2022-12-25T00:00:00+00:00
[2022-12-25T15:40:50.314+0000] {processor.py:175} INFO - Processing /home/airflow/.local/lib/python3.7/site-packages/airflow/example_dags/example_branch_day_of_week_operator.py took 0.161 seconds
[2022-12-25T15:41:20.418+0000] {processor.py:153} INFO - Started process (PID=4491) to work on /home/airflow/.local/lib/python3.7/site-packages/airflow/example_dags/example_branch_day_of_week_operator.py
[2022-12-25T15:41:20.420+0000] {processor.py:743} INFO - Processing file /home/airflow/.local/lib/python3.7/site-packages/airflow/example_dags/example_branch_day_of_week_operator.py for tasks to queue
[2022-12-25T15:41:20.420+0000] {logging_mixin.py:137} INFO - [2022-12-25T15:41:20.420+0000] {dagbag.py:538} INFO - Filling up the DagBag from /home/airflow/.local/lib/python3.7/site-packages/airflow/example_dags/example_branch_day_of_week_operator.py
[2022-12-25T15:41:20.436+0000] {processor.py:753} INFO - DAG(s) dict_keys(['example_weekday_branch_operator']) retrieved from /home/airflow/.local/lib/python3.7/site-packages/airflow/example_dags/example_branch_day_of_week_operator.py
[2022-12-25T15:41:20.474+0000] {logging_mixin.py:137} INFO - [2022-12-25T15:41:20.474+0000] {dag.py:2676} INFO - Sync 1 DAGs
[2022-12-25T15:41:20.502+0000] {logging_mixin.py:137} INFO - [2022-12-25T15:41:20.502+0000] {dag.py:3427} INFO - Setting next_dagrun for example_weekday_branch_operator to 2022-12-24T00:00:00+00:00, run_after=2022-12-25T00:00:00+00:00
[2022-12-25T15:41:20.523+0000] {processor.py:175} INFO - Processing /home/airflow/.local/lib/python3.7/site-packages/airflow/example_dags/example_branch_day_of_week_operator.py took 0.107 seconds
[2022-12-25T15:41:50.908+0000] {processor.py:153} INFO - Started process (PID=4721) to work on /home/airflow/.local/lib/python3.7/site-packages/airflow/example_dags/example_branch_day_of_week_operator.py
[2022-12-25T15:41:50.909+0000] {processor.py:743} INFO - Processing file /home/airflow/.local/lib/python3.7/site-packages/airflow/example_dags/example_branch_day_of_week_operator.py for tasks to queue
[2022-12-25T15:41:50.910+0000] {logging_mixin.py:137} INFO - [2022-12-25T15:41:50.910+0000] {dagbag.py:538} INFO - Filling up the DagBag from /home/airflow/.local/lib/python3.7/site-packages/airflow/example_dags/example_branch_day_of_week_operator.py
[2022-12-25T15:41:50.925+0000] {processor.py:753} INFO - DAG(s) dict_keys(['example_weekday_branch_operator']) retrieved from /home/airflow/.local/lib/python3.7/site-packages/airflow/example_dags/example_branch_day_of_week_operator.py
[2022-12-25T15:41:50.966+0000] {logging_mixin.py:137} INFO - [2022-12-25T15:41:50.966+0000] {dag.py:2676} INFO - Sync 1 DAGs
[2022-12-25T15:41:50.996+0000] {logging_mixin.py:137} INFO - [2022-12-25T15:41:50.995+0000] {dag.py:3427} INFO - Setting next_dagrun for example_weekday_branch_operator to 2022-12-24T00:00:00+00:00, run_after=2022-12-25T00:00:00+00:00
[2022-12-25T15:41:51.017+0000] {processor.py:175} INFO - Processing /home/airflow/.local/lib/python3.7/site-packages/airflow/example_dags/example_branch_day_of_week_operator.py took 0.113 seconds
[2022-12-25T15:42:21.121+0000] {processor.py:153} INFO - Started process (PID=4971) to work on /home/airflow/.local/lib/python3.7/site-packages/airflow/example_dags/example_branch_day_of_week_operator.py
[2022-12-25T15:42:21.123+0000] {processor.py:743} INFO - Processing file /home/airflow/.local/lib/python3.7/site-packages/airflow/example_dags/example_branch_day_of_week_operator.py for tasks to queue
[2022-12-25T15:42:21.123+0000] {logging_mixin.py:137} INFO - [2022-12-25T15:42:21.123+0000] {dagbag.py:538} INFO - Filling up the DagBag from /home/airflow/.local/lib/python3.7/site-packages/airflow/example_dags/example_branch_day_of_week_operator.py
[2022-12-25T15:42:21.140+0000] {processor.py:753} INFO - DAG(s) dict_keys(['example_weekday_branch_operator']) retrieved from /home/airflow/.local/lib/python3.7/site-packages/airflow/example_dags/example_branch_day_of_week_operator.py
[2022-12-25T15:42:21.180+0000] {logging_mixin.py:137} INFO - [2022-12-25T15:42:21.180+0000] {dag.py:2676} INFO - Sync 1 DAGs
[2022-12-25T15:42:21.211+0000] {logging_mixin.py:137} INFO - [2022-12-25T15:42:21.210+0000] {dag.py:3427} INFO - Setting next_dagrun for example_weekday_branch_operator to 2022-12-24T00:00:00+00:00, run_after=2022-12-25T00:00:00+00:00
[2022-12-25T15:42:21.233+0000] {processor.py:175} INFO - Processing /home/airflow/.local/lib/python3.7/site-packages/airflow/example_dags/example_branch_day_of_week_operator.py took 0.114 seconds
[2022-12-25T15:42:51.305+0000] {processor.py:153} INFO - Started process (PID=5202) to work on /home/airflow/.local/lib/python3.7/site-packages/airflow/example_dags/example_branch_day_of_week_operator.py
[2022-12-25T15:42:51.306+0000] {processor.py:743} INFO - Processing file /home/airflow/.local/lib/python3.7/site-packages/airflow/example_dags/example_branch_day_of_week_operator.py for tasks to queue
[2022-12-25T15:42:51.307+0000] {logging_mixin.py:137} INFO - [2022-12-25T15:42:51.307+0000] {dagbag.py:538} INFO - Filling up the DagBag from /home/airflow/.local/lib/python3.7/site-packages/airflow/example_dags/example_branch_day_of_week_operator.py
[2022-12-25T15:42:51.322+0000] {processor.py:753} INFO - DAG(s) dict_keys(['example_weekday_branch_operator']) retrieved from /home/airflow/.local/lib/python3.7/site-packages/airflow/example_dags/example_branch_day_of_week_operator.py
[2022-12-25T15:42:51.363+0000] {logging_mixin.py:137} INFO - [2022-12-25T15:42:51.363+0000] {dag.py:2676} INFO - Sync 1 DAGs
[2022-12-25T15:42:51.395+0000] {logging_mixin.py:137} INFO - [2022-12-25T15:42:51.395+0000] {dag.py:3427} INFO - Setting next_dagrun for example_weekday_branch_operator to 2022-12-24T00:00:00+00:00, run_after=2022-12-25T00:00:00+00:00
[2022-12-25T15:42:51.417+0000] {processor.py:175} INFO - Processing /home/airflow/.local/lib/python3.7/site-packages/airflow/example_dags/example_branch_day_of_week_operator.py took 0.114 seconds
[2022-12-25T15:43:22.071+0000] {processor.py:153} INFO - Started process (PID=5432) to work on /home/airflow/.local/lib/python3.7/site-packages/airflow/example_dags/example_branch_day_of_week_operator.py
[2022-12-25T15:43:22.072+0000] {processor.py:743} INFO - Processing file /home/airflow/.local/lib/python3.7/site-packages/airflow/example_dags/example_branch_day_of_week_operator.py for tasks to queue
[2022-12-25T15:43:22.072+0000] {logging_mixin.py:137} INFO - [2022-12-25T15:43:22.072+0000] {dagbag.py:538} INFO - Filling up the DagBag from /home/airflow/.local/lib/python3.7/site-packages/airflow/example_dags/example_branch_day_of_week_operator.py
[2022-12-25T15:43:22.088+0000] {processor.py:753} INFO - DAG(s) dict_keys(['example_weekday_branch_operator']) retrieved from /home/airflow/.local/lib/python3.7/site-packages/airflow/example_dags/example_branch_day_of_week_operator.py
[2022-12-25T15:43:22.125+0000] {logging_mixin.py:137} INFO - [2022-12-25T15:43:22.125+0000] {dag.py:2676} INFO - Sync 1 DAGs
[2022-12-25T15:43:22.152+0000] {logging_mixin.py:137} INFO - [2022-12-25T15:43:22.152+0000] {dag.py:3427} INFO - Setting next_dagrun for example_weekday_branch_operator to 2022-12-24T00:00:00+00:00, run_after=2022-12-25T00:00:00+00:00
[2022-12-25T15:43:22.171+0000] {processor.py:175} INFO - Processing /home/airflow/.local/lib/python3.7/site-packages/airflow/example_dags/example_branch_day_of_week_operator.py took 0.104 seconds
[2022-12-25T15:43:52.284+0000] {processor.py:153} INFO - Started process (PID=5683) to work on /home/airflow/.local/lib/python3.7/site-packages/airflow/example_dags/example_branch_day_of_week_operator.py
[2022-12-25T15:43:52.285+0000] {processor.py:743} INFO - Processing file /home/airflow/.local/lib/python3.7/site-packages/airflow/example_dags/example_branch_day_of_week_operator.py for tasks to queue
[2022-12-25T15:43:52.286+0000] {logging_mixin.py:137} INFO - [2022-12-25T15:43:52.286+0000] {dagbag.py:538} INFO - Filling up the DagBag from /home/airflow/.local/lib/python3.7/site-packages/airflow/example_dags/example_branch_day_of_week_operator.py
[2022-12-25T15:43:52.301+0000] {processor.py:753} INFO - DAG(s) dict_keys(['example_weekday_branch_operator']) retrieved from /home/airflow/.local/lib/python3.7/site-packages/airflow/example_dags/example_branch_day_of_week_operator.py
[2022-12-25T15:43:52.336+0000] {logging_mixin.py:137} INFO - [2022-12-25T15:43:52.336+0000] {dag.py:2676} INFO - Sync 1 DAGs
[2022-12-25T15:43:52.364+0000] {logging_mixin.py:137} INFO - [2022-12-25T15:43:52.363+0000] {dag.py:3427} INFO - Setting next_dagrun for example_weekday_branch_operator to 2022-12-24T00:00:00+00:00, run_after=2022-12-25T00:00:00+00:00
[2022-12-25T15:43:52.394+0000] {processor.py:175} INFO - Processing /home/airflow/.local/lib/python3.7/site-packages/airflow/example_dags/example_branch_day_of_week_operator.py took 0.113 seconds
[2022-12-25T15:44:23.024+0000] {processor.py:153} INFO - Started process (PID=5913) to work on /home/airflow/.local/lib/python3.7/site-packages/airflow/example_dags/example_branch_day_of_week_operator.py
[2022-12-25T15:44:23.025+0000] {processor.py:743} INFO - Processing file /home/airflow/.local/lib/python3.7/site-packages/airflow/example_dags/example_branch_day_of_week_operator.py for tasks to queue
[2022-12-25T15:44:23.026+0000] {logging_mixin.py:137} INFO - [2022-12-25T15:44:23.026+0000] {dagbag.py:538} INFO - Filling up the DagBag from /home/airflow/.local/lib/python3.7/site-packages/airflow/example_dags/example_branch_day_of_week_operator.py
[2022-12-25T15:44:23.043+0000] {processor.py:753} INFO - DAG(s) dict_keys(['example_weekday_branch_operator']) retrieved from /home/airflow/.local/lib/python3.7/site-packages/airflow/example_dags/example_branch_day_of_week_operator.py
[2022-12-25T15:44:23.082+0000] {logging_mixin.py:137} INFO - [2022-12-25T15:44:23.082+0000] {dag.py:2676} INFO - Sync 1 DAGs
[2022-12-25T15:44:23.112+0000] {logging_mixin.py:137} INFO - [2022-12-25T15:44:23.111+0000] {dag.py:3427} INFO - Setting next_dagrun for example_weekday_branch_operator to 2022-12-24T00:00:00+00:00, run_after=2022-12-25T00:00:00+00:00
[2022-12-25T15:44:23.133+0000] {processor.py:175} INFO - Processing /home/airflow/.local/lib/python3.7/site-packages/airflow/example_dags/example_branch_day_of_week_operator.py took 0.112 seconds
[2022-12-25T15:44:53.990+0000] {processor.py:153} INFO - Started process (PID=6163) to work on /home/airflow/.local/lib/python3.7/site-packages/airflow/example_dags/example_branch_day_of_week_operator.py
[2022-12-25T15:44:53.991+0000] {processor.py:743} INFO - Processing file /home/airflow/.local/lib/python3.7/site-packages/airflow/example_dags/example_branch_day_of_week_operator.py for tasks to queue
[2022-12-25T15:44:53.991+0000] {logging_mixin.py:137} INFO - [2022-12-25T15:44:53.991+0000] {dagbag.py:538} INFO - Filling up the DagBag from /home/airflow/.local/lib/python3.7/site-packages/airflow/example_dags/example_branch_day_of_week_operator.py
[2022-12-25T15:44:54.007+0000] {processor.py:753} INFO - DAG(s) dict_keys(['example_weekday_branch_operator']) retrieved from /home/airflow/.local/lib/python3.7/site-packages/airflow/example_dags/example_branch_day_of_week_operator.py
[2022-12-25T15:44:54.046+0000] {logging_mixin.py:137} INFO - [2022-12-25T15:44:54.046+0000] {dag.py:2676} INFO - Sync 1 DAGs
[2022-12-25T15:44:54.077+0000] {logging_mixin.py:137} INFO - [2022-12-25T15:44:54.077+0000] {dag.py:3427} INFO - Setting next_dagrun for example_weekday_branch_operator to 2022-12-24T00:00:00+00:00, run_after=2022-12-25T00:00:00+00:00
[2022-12-25T15:44:54.117+0000] {processor.py:175} INFO - Processing /home/airflow/.local/lib/python3.7/site-packages/airflow/example_dags/example_branch_day_of_week_operator.py took 0.131 seconds
[2022-12-25T15:45:25.077+0000] {processor.py:153} INFO - Started process (PID=6393) to work on /home/airflow/.local/lib/python3.7/site-packages/airflow/example_dags/example_branch_day_of_week_operator.py
[2022-12-25T15:45:25.078+0000] {processor.py:743} INFO - Processing file /home/airflow/.local/lib/python3.7/site-packages/airflow/example_dags/example_branch_day_of_week_operator.py for tasks to queue
[2022-12-25T15:45:25.080+0000] {logging_mixin.py:137} INFO - [2022-12-25T15:45:25.079+0000] {dagbag.py:538} INFO - Filling up the DagBag from /home/airflow/.local/lib/python3.7/site-packages/airflow/example_dags/example_branch_day_of_week_operator.py
[2022-12-25T15:45:25.102+0000] {processor.py:753} INFO - DAG(s) dict_keys(['example_weekday_branch_operator']) retrieved from /home/airflow/.local/lib/python3.7/site-packages/airflow/example_dags/example_branch_day_of_week_operator.py
[2022-12-25T15:45:25.179+0000] {logging_mixin.py:137} INFO - [2022-12-25T15:45:25.178+0000] {dag.py:2676} INFO - Sync 1 DAGs
[2022-12-25T15:45:25.225+0000] {logging_mixin.py:137} INFO - [2022-12-25T15:45:25.225+0000] {dag.py:3427} INFO - Setting next_dagrun for example_weekday_branch_operator to 2022-12-24T00:00:00+00:00, run_after=2022-12-25T00:00:00+00:00
[2022-12-25T15:45:25.255+0000] {processor.py:175} INFO - Processing /home/airflow/.local/lib/python3.7/site-packages/airflow/example_dags/example_branch_day_of_week_operator.py took 0.183 seconds
[2022-12-25T15:45:55.378+0000] {processor.py:153} INFO - Started process (PID=6643) to work on /home/airflow/.local/lib/python3.7/site-packages/airflow/example_dags/example_branch_day_of_week_operator.py
[2022-12-25T15:45:55.379+0000] {processor.py:743} INFO - Processing file /home/airflow/.local/lib/python3.7/site-packages/airflow/example_dags/example_branch_day_of_week_operator.py for tasks to queue
[2022-12-25T15:45:55.379+0000] {logging_mixin.py:137} INFO - [2022-12-25T15:45:55.379+0000] {dagbag.py:538} INFO - Filling up the DagBag from /home/airflow/.local/lib/python3.7/site-packages/airflow/example_dags/example_branch_day_of_week_operator.py
[2022-12-25T15:45:55.395+0000] {processor.py:753} INFO - DAG(s) dict_keys(['example_weekday_branch_operator']) retrieved from /home/airflow/.local/lib/python3.7/site-packages/airflow/example_dags/example_branch_day_of_week_operator.py
[2022-12-25T15:45:55.441+0000] {logging_mixin.py:137} INFO - [2022-12-25T15:45:55.440+0000] {dag.py:2676} INFO - Sync 1 DAGs
[2022-12-25T15:45:55.485+0000] {logging_mixin.py:137} INFO - [2022-12-25T15:45:55.485+0000] {dag.py:3427} INFO - Setting next_dagrun for example_weekday_branch_operator to 2022-12-24T00:00:00+00:00, run_after=2022-12-25T00:00:00+00:00
[2022-12-25T15:45:55.514+0000] {processor.py:175} INFO - Processing /home/airflow/.local/lib/python3.7/site-packages/airflow/example_dags/example_branch_day_of_week_operator.py took 0.140 seconds
[2022-12-25T15:46:25.620+0000] {processor.py:153} INFO - Started process (PID=6873) to work on /home/airflow/.local/lib/python3.7/site-packages/airflow/example_dags/example_branch_day_of_week_operator.py
[2022-12-25T15:46:25.621+0000] {processor.py:743} INFO - Processing file /home/airflow/.local/lib/python3.7/site-packages/airflow/example_dags/example_branch_day_of_week_operator.py for tasks to queue
[2022-12-25T15:46:25.621+0000] {logging_mixin.py:137} INFO - [2022-12-25T15:46:25.621+0000] {dagbag.py:538} INFO - Filling up the DagBag from /home/airflow/.local/lib/python3.7/site-packages/airflow/example_dags/example_branch_day_of_week_operator.py
[2022-12-25T15:46:25.636+0000] {processor.py:753} INFO - DAG(s) dict_keys(['example_weekday_branch_operator']) retrieved from /home/airflow/.local/lib/python3.7/site-packages/airflow/example_dags/example_branch_day_of_week_operator.py
[2022-12-25T15:46:25.676+0000] {logging_mixin.py:137} INFO - [2022-12-25T15:46:25.676+0000] {dag.py:2676} INFO - Sync 1 DAGs
[2022-12-25T15:46:25.708+0000] {logging_mixin.py:137} INFO - [2022-12-25T15:46:25.708+0000] {dag.py:3427} INFO - Setting next_dagrun for example_weekday_branch_operator to 2022-12-24T00:00:00+00:00, run_after=2022-12-25T00:00:00+00:00
[2022-12-25T15:46:25.731+0000] {processor.py:175} INFO - Processing /home/airflow/.local/lib/python3.7/site-packages/airflow/example_dags/example_branch_day_of_week_operator.py took 0.114 seconds
[2022-12-25T15:46:55.986+0000] {processor.py:153} INFO - Started process (PID=7105) to work on /home/airflow/.local/lib/python3.7/site-packages/airflow/example_dags/example_branch_day_of_week_operator.py
[2022-12-25T15:46:55.988+0000] {processor.py:743} INFO - Processing file /home/airflow/.local/lib/python3.7/site-packages/airflow/example_dags/example_branch_day_of_week_operator.py for tasks to queue
[2022-12-25T15:46:55.988+0000] {logging_mixin.py:137} INFO - [2022-12-25T15:46:55.988+0000] {dagbag.py:538} INFO - Filling up the DagBag from /home/airflow/.local/lib/python3.7/site-packages/airflow/example_dags/example_branch_day_of_week_operator.py
[2022-12-25T15:46:56.005+0000] {processor.py:753} INFO - DAG(s) dict_keys(['example_weekday_branch_operator']) retrieved from /home/airflow/.local/lib/python3.7/site-packages/airflow/example_dags/example_branch_day_of_week_operator.py
[2022-12-25T15:46:56.088+0000] {logging_mixin.py:137} INFO - [2022-12-25T15:46:56.088+0000] {dag.py:2676} INFO - Sync 1 DAGs
[2022-12-25T15:46:56.124+0000] {logging_mixin.py:137} INFO - [2022-12-25T15:46:56.124+0000] {dag.py:3427} INFO - Setting next_dagrun for example_weekday_branch_operator to 2022-12-24T00:00:00+00:00, run_after=2022-12-25T00:00:00+00:00
[2022-12-25T15:46:56.146+0000] {processor.py:175} INFO - Processing /home/airflow/.local/lib/python3.7/site-packages/airflow/example_dags/example_branch_day_of_week_operator.py took 0.163 seconds
[2022-12-25T15:47:27.261+0000] {processor.py:153} INFO - Started process (PID=7354) to work on /home/airflow/.local/lib/python3.7/site-packages/airflow/example_dags/example_branch_day_of_week_operator.py
[2022-12-25T15:47:27.264+0000] {processor.py:743} INFO - Processing file /home/airflow/.local/lib/python3.7/site-packages/airflow/example_dags/example_branch_day_of_week_operator.py for tasks to queue
[2022-12-25T15:47:27.265+0000] {logging_mixin.py:137} INFO - [2022-12-25T15:47:27.265+0000] {dagbag.py:538} INFO - Filling up the DagBag from /home/airflow/.local/lib/python3.7/site-packages/airflow/example_dags/example_branch_day_of_week_operator.py
[2022-12-25T15:47:27.302+0000] {processor.py:753} INFO - DAG(s) dict_keys(['example_weekday_branch_operator']) retrieved from /home/airflow/.local/lib/python3.7/site-packages/airflow/example_dags/example_branch_day_of_week_operator.py
[2022-12-25T15:47:27.441+0000] {logging_mixin.py:137} INFO - [2022-12-25T15:47:27.440+0000] {dag.py:2676} INFO - Sync 1 DAGs
[2022-12-25T15:47:27.506+0000] {logging_mixin.py:137} INFO - [2022-12-25T15:47:27.506+0000] {dag.py:3427} INFO - Setting next_dagrun for example_weekday_branch_operator to 2022-12-24T00:00:00+00:00, run_after=2022-12-25T00:00:00+00:00
[2022-12-25T15:47:27.559+0000] {processor.py:175} INFO - Processing /home/airflow/.local/lib/python3.7/site-packages/airflow/example_dags/example_branch_day_of_week_operator.py took 0.307 seconds
[2022-12-25T15:47:57.589+0000] {processor.py:153} INFO - Started process (PID=7584) to work on /home/airflow/.local/lib/python3.7/site-packages/airflow/example_dags/example_branch_day_of_week_operator.py
[2022-12-25T15:47:57.591+0000] {processor.py:743} INFO - Processing file /home/airflow/.local/lib/python3.7/site-packages/airflow/example_dags/example_branch_day_of_week_operator.py for tasks to queue
[2022-12-25T15:47:57.591+0000] {logging_mixin.py:137} INFO - [2022-12-25T15:47:57.591+0000] {dagbag.py:538} INFO - Filling up the DagBag from /home/airflow/.local/lib/python3.7/site-packages/airflow/example_dags/example_branch_day_of_week_operator.py
[2022-12-25T15:47:57.607+0000] {processor.py:753} INFO - DAG(s) dict_keys(['example_weekday_branch_operator']) retrieved from /home/airflow/.local/lib/python3.7/site-packages/airflow/example_dags/example_branch_day_of_week_operator.py
[2022-12-25T15:47:57.644+0000] {logging_mixin.py:137} INFO - [2022-12-25T15:47:57.644+0000] {dag.py:2676} INFO - Sync 1 DAGs
[2022-12-25T15:47:57.672+0000] {logging_mixin.py:137} INFO - [2022-12-25T15:47:57.672+0000] {dag.py:3427} INFO - Setting next_dagrun for example_weekday_branch_operator to 2022-12-24T00:00:00+00:00, run_after=2022-12-25T00:00:00+00:00
[2022-12-25T15:47:57.692+0000] {processor.py:175} INFO - Processing /home/airflow/.local/lib/python3.7/site-packages/airflow/example_dags/example_branch_day_of_week_operator.py took 0.105 seconds
[2022-12-25T15:48:28.063+0000] {processor.py:153} INFO - Started process (PID=7814) to work on /home/airflow/.local/lib/python3.7/site-packages/airflow/example_dags/example_branch_day_of_week_operator.py
[2022-12-25T15:48:28.064+0000] {processor.py:743} INFO - Processing file /home/airflow/.local/lib/python3.7/site-packages/airflow/example_dags/example_branch_day_of_week_operator.py for tasks to queue
[2022-12-25T15:48:28.065+0000] {logging_mixin.py:137} INFO - [2022-12-25T15:48:28.065+0000] {dagbag.py:538} INFO - Filling up the DagBag from /home/airflow/.local/lib/python3.7/site-packages/airflow/example_dags/example_branch_day_of_week_operator.py
[2022-12-25T15:48:28.082+0000] {processor.py:753} INFO - DAG(s) dict_keys(['example_weekday_branch_operator']) retrieved from /home/airflow/.local/lib/python3.7/site-packages/airflow/example_dags/example_branch_day_of_week_operator.py
[2022-12-25T15:48:28.132+0000] {logging_mixin.py:137} INFO - [2022-12-25T15:48:28.131+0000] {dag.py:2676} INFO - Sync 1 DAGs
[2022-12-25T15:48:28.178+0000] {logging_mixin.py:137} INFO - [2022-12-25T15:48:28.178+0000] {dag.py:3427} INFO - Setting next_dagrun for example_weekday_branch_operator to 2022-12-24T00:00:00+00:00, run_after=2022-12-25T00:00:00+00:00
[2022-12-25T15:48:28.205+0000] {processor.py:175} INFO - Processing /home/airflow/.local/lib/python3.7/site-packages/airflow/example_dags/example_branch_day_of_week_operator.py took 0.146 seconds
[2022-12-25T15:48:58.663+0000] {processor.py:153} INFO - Started process (PID=8064) to work on /home/airflow/.local/lib/python3.7/site-packages/airflow/example_dags/example_branch_day_of_week_operator.py
[2022-12-25T15:48:58.665+0000] {processor.py:743} INFO - Processing file /home/airflow/.local/lib/python3.7/site-packages/airflow/example_dags/example_branch_day_of_week_operator.py for tasks to queue
[2022-12-25T15:48:58.666+0000] {logging_mixin.py:137} INFO - [2022-12-25T15:48:58.666+0000] {dagbag.py:538} INFO - Filling up the DagBag from /home/airflow/.local/lib/python3.7/site-packages/airflow/example_dags/example_branch_day_of_week_operator.py
[2022-12-25T15:48:58.684+0000] {processor.py:753} INFO - DAG(s) dict_keys(['example_weekday_branch_operator']) retrieved from /home/airflow/.local/lib/python3.7/site-packages/airflow/example_dags/example_branch_day_of_week_operator.py
[2022-12-25T15:48:58.737+0000] {logging_mixin.py:137} INFO - [2022-12-25T15:48:58.737+0000] {dag.py:2676} INFO - Sync 1 DAGs
[2022-12-25T15:48:58.776+0000] {logging_mixin.py:137} INFO - [2022-12-25T15:48:58.776+0000] {dag.py:3427} INFO - Setting next_dagrun for example_weekday_branch_operator to 2022-12-24T00:00:00+00:00, run_after=2022-12-25T00:00:00+00:00
[2022-12-25T15:48:58.805+0000] {processor.py:175} INFO - Processing /home/airflow/.local/lib/python3.7/site-packages/airflow/example_dags/example_branch_day_of_week_operator.py took 0.145 seconds
[2022-12-25T15:49:28.853+0000] {processor.py:153} INFO - Started process (PID=8294) to work on /home/airflow/.local/lib/python3.7/site-packages/airflow/example_dags/example_branch_day_of_week_operator.py
[2022-12-25T15:49:28.854+0000] {processor.py:743} INFO - Processing file /home/airflow/.local/lib/python3.7/site-packages/airflow/example_dags/example_branch_day_of_week_operator.py for tasks to queue
[2022-12-25T15:49:28.855+0000] {logging_mixin.py:137} INFO - [2022-12-25T15:49:28.854+0000] {dagbag.py:538} INFO - Filling up the DagBag from /home/airflow/.local/lib/python3.7/site-packages/airflow/example_dags/example_branch_day_of_week_operator.py
[2022-12-25T15:49:28.869+0000] {processor.py:753} INFO - DAG(s) dict_keys(['example_weekday_branch_operator']) retrieved from /home/airflow/.local/lib/python3.7/site-packages/airflow/example_dags/example_branch_day_of_week_operator.py
[2022-12-25T15:49:28.910+0000] {logging_mixin.py:137} INFO - [2022-12-25T15:49:28.910+0000] {dag.py:2676} INFO - Sync 1 DAGs
[2022-12-25T15:49:28.937+0000] {logging_mixin.py:137} INFO - [2022-12-25T15:49:28.936+0000] {dag.py:3427} INFO - Setting next_dagrun for example_weekday_branch_operator to 2022-12-24T00:00:00+00:00, run_after=2022-12-25T00:00:00+00:00
[2022-12-25T15:49:28.957+0000] {processor.py:175} INFO - Processing /home/airflow/.local/lib/python3.7/site-packages/airflow/example_dags/example_branch_day_of_week_operator.py took 0.107 seconds
[2022-12-25T15:49:59.011+0000] {processor.py:153} INFO - Started process (PID=8531) to work on /home/airflow/.local/lib/python3.7/site-packages/airflow/example_dags/example_branch_day_of_week_operator.py
[2022-12-25T15:49:59.012+0000] {processor.py:743} INFO - Processing file /home/airflow/.local/lib/python3.7/site-packages/airflow/example_dags/example_branch_day_of_week_operator.py for tasks to queue
[2022-12-25T15:49:59.013+0000] {logging_mixin.py:137} INFO - [2022-12-25T15:49:59.013+0000] {dagbag.py:538} INFO - Filling up the DagBag from /home/airflow/.local/lib/python3.7/site-packages/airflow/example_dags/example_branch_day_of_week_operator.py
[2022-12-25T15:49:59.029+0000] {processor.py:753} INFO - DAG(s) dict_keys(['example_weekday_branch_operator']) retrieved from /home/airflow/.local/lib/python3.7/site-packages/airflow/example_dags/example_branch_day_of_week_operator.py
[2022-12-25T15:49:59.071+0000] {logging_mixin.py:137} INFO - [2022-12-25T15:49:59.071+0000] {dag.py:2676} INFO - Sync 1 DAGs
[2022-12-25T15:49:59.102+0000] {logging_mixin.py:137} INFO - [2022-12-25T15:49:59.101+0000] {dag.py:3427} INFO - Setting next_dagrun for example_weekday_branch_operator to 2022-12-24T00:00:00+00:00, run_after=2022-12-25T00:00:00+00:00
[2022-12-25T15:49:59.126+0000] {processor.py:175} INFO - Processing /home/airflow/.local/lib/python3.7/site-packages/airflow/example_dags/example_branch_day_of_week_operator.py took 0.119 seconds
[2022-12-25T15:50:29.323+0000] {processor.py:153} INFO - Started process (PID=8774) to work on /home/airflow/.local/lib/python3.7/site-packages/airflow/example_dags/example_branch_day_of_week_operator.py
[2022-12-25T15:50:29.324+0000] {processor.py:743} INFO - Processing file /home/airflow/.local/lib/python3.7/site-packages/airflow/example_dags/example_branch_day_of_week_operator.py for tasks to queue
[2022-12-25T15:50:29.325+0000] {logging_mixin.py:137} INFO - [2022-12-25T15:50:29.325+0000] {dagbag.py:538} INFO - Filling up the DagBag from /home/airflow/.local/lib/python3.7/site-packages/airflow/example_dags/example_branch_day_of_week_operator.py
[2022-12-25T15:50:29.346+0000] {processor.py:753} INFO - DAG(s) dict_keys(['example_weekday_branch_operator']) retrieved from /home/airflow/.local/lib/python3.7/site-packages/airflow/example_dags/example_branch_day_of_week_operator.py
[2022-12-25T15:50:29.391+0000] {logging_mixin.py:137} INFO - [2022-12-25T15:50:29.391+0000] {dag.py:2676} INFO - Sync 1 DAGs
[2022-12-25T15:50:29.430+0000] {logging_mixin.py:137} INFO - [2022-12-25T15:50:29.430+0000] {dag.py:3427} INFO - Setting next_dagrun for example_weekday_branch_operator to 2022-12-24T00:00:00+00:00, run_after=2022-12-25T00:00:00+00:00
[2022-12-25T15:50:29.454+0000] {processor.py:175} INFO - Processing /home/airflow/.local/lib/python3.7/site-packages/airflow/example_dags/example_branch_day_of_week_operator.py took 0.135 seconds
[2022-12-25T15:50:59.569+0000] {processor.py:153} INFO - Started process (PID=9004) to work on /home/airflow/.local/lib/python3.7/site-packages/airflow/example_dags/example_branch_day_of_week_operator.py
[2022-12-25T15:50:59.570+0000] {processor.py:743} INFO - Processing file /home/airflow/.local/lib/python3.7/site-packages/airflow/example_dags/example_branch_day_of_week_operator.py for tasks to queue
[2022-12-25T15:50:59.571+0000] {logging_mixin.py:137} INFO - [2022-12-25T15:50:59.571+0000] {dagbag.py:538} INFO - Filling up the DagBag from /home/airflow/.local/lib/python3.7/site-packages/airflow/example_dags/example_branch_day_of_week_operator.py
[2022-12-25T15:50:59.587+0000] {processor.py:753} INFO - DAG(s) dict_keys(['example_weekday_branch_operator']) retrieved from /home/airflow/.local/lib/python3.7/site-packages/airflow/example_dags/example_branch_day_of_week_operator.py
[2022-12-25T15:50:59.625+0000] {logging_mixin.py:137} INFO - [2022-12-25T15:50:59.625+0000] {dag.py:2676} INFO - Sync 1 DAGs
[2022-12-25T15:50:59.653+0000] {logging_mixin.py:137} INFO - [2022-12-25T15:50:59.653+0000] {dag.py:3427} INFO - Setting next_dagrun for example_weekday_branch_operator to 2022-12-24T00:00:00+00:00, run_after=2022-12-25T00:00:00+00:00
[2022-12-25T15:50:59.673+0000] {processor.py:175} INFO - Processing /home/airflow/.local/lib/python3.7/site-packages/airflow/example_dags/example_branch_day_of_week_operator.py took 0.108 seconds
[2022-12-25T15:51:30.521+0000] {processor.py:153} INFO - Started process (PID=9254) to work on /home/airflow/.local/lib/python3.7/site-packages/airflow/example_dags/example_branch_day_of_week_operator.py
[2022-12-25T15:51:30.524+0000] {processor.py:743} INFO - Processing file /home/airflow/.local/lib/python3.7/site-packages/airflow/example_dags/example_branch_day_of_week_operator.py for tasks to queue
[2022-12-25T15:51:30.528+0000] {logging_mixin.py:137} INFO - [2022-12-25T15:51:30.528+0000] {dagbag.py:538} INFO - Filling up the DagBag from /home/airflow/.local/lib/python3.7/site-packages/airflow/example_dags/example_branch_day_of_week_operator.py
[2022-12-25T15:51:30.632+0000] {processor.py:753} INFO - DAG(s) dict_keys(['example_weekday_branch_operator']) retrieved from /home/airflow/.local/lib/python3.7/site-packages/airflow/example_dags/example_branch_day_of_week_operator.py
[2022-12-25T15:51:30.783+0000] {logging_mixin.py:137} INFO - [2022-12-25T15:51:30.783+0000] {dag.py:2676} INFO - Sync 1 DAGs
[2022-12-25T15:51:30.866+0000] {logging_mixin.py:137} INFO - [2022-12-25T15:51:30.866+0000] {dag.py:3427} INFO - Setting next_dagrun for example_weekday_branch_operator to 2022-12-24T00:00:00+00:00, run_after=2022-12-25T00:00:00+00:00
[2022-12-25T15:51:30.964+0000] {processor.py:175} INFO - Processing /home/airflow/.local/lib/python3.7/site-packages/airflow/example_dags/example_branch_day_of_week_operator.py took 0.452 seconds
[2022-12-25T15:52:01.334+0000] {processor.py:153} INFO - Started process (PID=9486) to work on /home/airflow/.local/lib/python3.7/site-packages/airflow/example_dags/example_branch_day_of_week_operator.py
[2022-12-25T15:52:01.336+0000] {processor.py:743} INFO - Processing file /home/airflow/.local/lib/python3.7/site-packages/airflow/example_dags/example_branch_day_of_week_operator.py for tasks to queue
[2022-12-25T15:52:01.336+0000] {logging_mixin.py:137} INFO - [2022-12-25T15:52:01.336+0000] {dagbag.py:538} INFO - Filling up the DagBag from /home/airflow/.local/lib/python3.7/site-packages/airflow/example_dags/example_branch_day_of_week_operator.py
[2022-12-25T15:52:01.352+0000] {processor.py:753} INFO - DAG(s) dict_keys(['example_weekday_branch_operator']) retrieved from /home/airflow/.local/lib/python3.7/site-packages/airflow/example_dags/example_branch_day_of_week_operator.py
[2022-12-25T15:52:01.393+0000] {logging_mixin.py:137} INFO - [2022-12-25T15:52:01.392+0000] {dag.py:2676} INFO - Sync 1 DAGs
[2022-12-25T15:52:01.420+0000] {logging_mixin.py:137} INFO - [2022-12-25T15:52:01.419+0000] {dag.py:3427} INFO - Setting next_dagrun for example_weekday_branch_operator to 2022-12-24T00:00:00+00:00, run_after=2022-12-25T00:00:00+00:00
[2022-12-25T15:52:01.441+0000] {processor.py:175} INFO - Processing /home/airflow/.local/lib/python3.7/site-packages/airflow/example_dags/example_branch_day_of_week_operator.py took 0.110 seconds
[2022-12-25T15:52:32.303+0000] {processor.py:153} INFO - Started process (PID=9714) to work on /home/airflow/.local/lib/python3.7/site-packages/airflow/example_dags/example_branch_day_of_week_operator.py
[2022-12-25T15:52:32.305+0000] {processor.py:743} INFO - Processing file /home/airflow/.local/lib/python3.7/site-packages/airflow/example_dags/example_branch_day_of_week_operator.py for tasks to queue
[2022-12-25T15:52:32.305+0000] {logging_mixin.py:137} INFO - [2022-12-25T15:52:32.305+0000] {dagbag.py:538} INFO - Filling up the DagBag from /home/airflow/.local/lib/python3.7/site-packages/airflow/example_dags/example_branch_day_of_week_operator.py
[2022-12-25T15:52:32.326+0000] {processor.py:753} INFO - DAG(s) dict_keys(['example_weekday_branch_operator']) retrieved from /home/airflow/.local/lib/python3.7/site-packages/airflow/example_dags/example_branch_day_of_week_operator.py
[2022-12-25T15:52:32.372+0000] {logging_mixin.py:137} INFO - [2022-12-25T15:52:32.372+0000] {dag.py:2676} INFO - Sync 1 DAGs
[2022-12-25T15:52:32.404+0000] {logging_mixin.py:137} INFO - [2022-12-25T15:52:32.403+0000] {dag.py:3427} INFO - Setting next_dagrun for example_weekday_branch_operator to 2022-12-24T00:00:00+00:00, run_after=2022-12-25T00:00:00+00:00
[2022-12-25T15:52:32.426+0000] {processor.py:175} INFO - Processing /home/airflow/.local/lib/python3.7/site-packages/airflow/example_dags/example_branch_day_of_week_operator.py took 0.127 seconds
[2022-12-25T15:53:03.237+0000] {processor.py:153} INFO - Started process (PID=9962) to work on /home/airflow/.local/lib/python3.7/site-packages/airflow/example_dags/example_branch_day_of_week_operator.py
[2022-12-25T15:53:03.239+0000] {processor.py:743} INFO - Processing file /home/airflow/.local/lib/python3.7/site-packages/airflow/example_dags/example_branch_day_of_week_operator.py for tasks to queue
[2022-12-25T15:53:03.241+0000] {logging_mixin.py:137} INFO - [2022-12-25T15:53:03.241+0000] {dagbag.py:538} INFO - Filling up the DagBag from /home/airflow/.local/lib/python3.7/site-packages/airflow/example_dags/example_branch_day_of_week_operator.py
[2022-12-25T15:53:03.259+0000] {processor.py:753} INFO - DAG(s) dict_keys(['example_weekday_branch_operator']) retrieved from /home/airflow/.local/lib/python3.7/site-packages/airflow/example_dags/example_branch_day_of_week_operator.py
[2022-12-25T15:53:03.298+0000] {logging_mixin.py:137} INFO - [2022-12-25T15:53:03.298+0000] {dag.py:2676} INFO - Sync 1 DAGs
[2022-12-25T15:53:03.326+0000] {logging_mixin.py:137} INFO - [2022-12-25T15:53:03.326+0000] {dag.py:3427} INFO - Setting next_dagrun for example_weekday_branch_operator to 2022-12-24T00:00:00+00:00, run_after=2022-12-25T00:00:00+00:00
[2022-12-25T15:53:03.350+0000] {processor.py:175} INFO - Processing /home/airflow/.local/lib/python3.7/site-packages/airflow/example_dags/example_branch_day_of_week_operator.py took 0.118 seconds
