[2022-12-25T15:32:09.733+0000] {processor.py:153} INFO - Started process (PID=258) to work on /home/airflow/.local/lib/python3.7/site-packages/airflow/example_dags/example_nested_branch_dag.py
[2022-12-25T15:32:09.734+0000] {processor.py:743} INFO - Processing file /home/airflow/.local/lib/python3.7/site-packages/airflow/example_dags/example_nested_branch_dag.py for tasks to queue
[2022-12-25T15:32:09.735+0000] {logging_mixin.py:137} INFO - [2022-12-25T15:32:09.735+0000] {dagbag.py:538} INFO - Filling up the DagBag from /home/airflow/.local/lib/python3.7/site-packages/airflow/example_dags/example_nested_branch_dag.py
[2022-12-25T15:32:10.057+0000] {processor.py:753} INFO - DAG(s) dict_keys(['example_nested_branch_dag']) retrieved from /home/airflow/.local/lib/python3.7/site-packages/airflow/example_dags/example_nested_branch_dag.py
[2022-12-25T15:32:10.193+0000] {logging_mixin.py:137} INFO - [2022-12-25T15:32:10.193+0000] {dag.py:2676} INFO - Sync 1 DAGs
[2022-12-25T15:32:10.289+0000] {logging_mixin.py:137} INFO - [2022-12-25T15:32:10.289+0000] {dag.py:3427} INFO - Setting next_dagrun for example_nested_branch_dag to 2022-12-24T00:00:00+00:00, run_after=2022-12-25T00:00:00+00:00
[2022-12-25T15:32:10.368+0000] {processor.py:175} INFO - Processing /home/airflow/.local/lib/python3.7/site-packages/airflow/example_dags/example_nested_branch_dag.py took 0.642 seconds
[2022-12-25T15:32:40.898+0000] {processor.py:153} INFO - Started process (PID=488) to work on /home/airflow/.local/lib/python3.7/site-packages/airflow/example_dags/example_nested_branch_dag.py
[2022-12-25T15:32:40.900+0000] {processor.py:743} INFO - Processing file /home/airflow/.local/lib/python3.7/site-packages/airflow/example_dags/example_nested_branch_dag.py for tasks to queue
[2022-12-25T15:32:40.900+0000] {logging_mixin.py:137} INFO - [2022-12-25T15:32:40.900+0000] {dagbag.py:538} INFO - Filling up the DagBag from /home/airflow/.local/lib/python3.7/site-packages/airflow/example_dags/example_nested_branch_dag.py
[2022-12-25T15:32:40.925+0000] {processor.py:753} INFO - DAG(s) dict_keys(['example_nested_branch_dag']) retrieved from /home/airflow/.local/lib/python3.7/site-packages/airflow/example_dags/example_nested_branch_dag.py
[2022-12-25T15:32:40.965+0000] {logging_mixin.py:137} INFO - [2022-12-25T15:32:40.965+0000] {dag.py:2676} INFO - Sync 1 DAGs
[2022-12-25T15:32:40.992+0000] {logging_mixin.py:137} INFO - [2022-12-25T15:32:40.992+0000] {dag.py:3427} INFO - Setting next_dagrun for example_nested_branch_dag to 2022-12-24T00:00:00+00:00, run_after=2022-12-25T00:00:00+00:00
[2022-12-25T15:32:41.013+0000] {processor.py:175} INFO - Processing /home/airflow/.local/lib/python3.7/site-packages/airflow/example_dags/example_nested_branch_dag.py took 0.122 seconds
[2022-12-25T15:33:11.284+0000] {processor.py:153} INFO - Started process (PID=719) to work on /home/airflow/.local/lib/python3.7/site-packages/airflow/example_dags/example_nested_branch_dag.py
[2022-12-25T15:33:11.286+0000] {processor.py:743} INFO - Processing file /home/airflow/.local/lib/python3.7/site-packages/airflow/example_dags/example_nested_branch_dag.py for tasks to queue
[2022-12-25T15:33:11.287+0000] {logging_mixin.py:137} INFO - [2022-12-25T15:33:11.287+0000] {dagbag.py:538} INFO - Filling up the DagBag from /home/airflow/.local/lib/python3.7/site-packages/airflow/example_dags/example_nested_branch_dag.py
[2022-12-25T15:33:11.329+0000] {processor.py:753} INFO - DAG(s) dict_keys(['example_nested_branch_dag']) retrieved from /home/airflow/.local/lib/python3.7/site-packages/airflow/example_dags/example_nested_branch_dag.py
[2022-12-25T15:33:11.381+0000] {logging_mixin.py:137} INFO - [2022-12-25T15:33:11.381+0000] {dag.py:2676} INFO - Sync 1 DAGs
[2022-12-25T15:33:11.420+0000] {logging_mixin.py:137} INFO - [2022-12-25T15:33:11.420+0000] {dag.py:3427} INFO - Setting next_dagrun for example_nested_branch_dag to 2022-12-24T00:00:00+00:00, run_after=2022-12-25T00:00:00+00:00
[2022-12-25T15:33:11.447+0000] {processor.py:175} INFO - Processing /home/airflow/.local/lib/python3.7/site-packages/airflow/example_dags/example_nested_branch_dag.py took 0.169 seconds
[2022-12-25T15:33:41.668+0000] {processor.py:153} INFO - Started process (PID=956) to work on /home/airflow/.local/lib/python3.7/site-packages/airflow/example_dags/example_nested_branch_dag.py
[2022-12-25T15:33:41.669+0000] {processor.py:743} INFO - Processing file /home/airflow/.local/lib/python3.7/site-packages/airflow/example_dags/example_nested_branch_dag.py for tasks to queue
[2022-12-25T15:33:41.670+0000] {logging_mixin.py:137} INFO - [2022-12-25T15:33:41.670+0000] {dagbag.py:538} INFO - Filling up the DagBag from /home/airflow/.local/lib/python3.7/site-packages/airflow/example_dags/example_nested_branch_dag.py
[2022-12-25T15:33:41.709+0000] {processor.py:753} INFO - DAG(s) dict_keys(['example_nested_branch_dag']) retrieved from /home/airflow/.local/lib/python3.7/site-packages/airflow/example_dags/example_nested_branch_dag.py
[2022-12-25T15:33:41.805+0000] {logging_mixin.py:137} INFO - [2022-12-25T15:33:41.804+0000] {dag.py:2676} INFO - Sync 1 DAGs
[2022-12-25T15:33:41.851+0000] {logging_mixin.py:137} INFO - [2022-12-25T15:33:41.851+0000] {dag.py:3427} INFO - Setting next_dagrun for example_nested_branch_dag to 2022-12-24T00:00:00+00:00, run_after=2022-12-25T00:00:00+00:00
[2022-12-25T15:33:41.883+0000] {processor.py:175} INFO - Processing /home/airflow/.local/lib/python3.7/site-packages/airflow/example_dags/example_nested_branch_dag.py took 0.221 seconds
[2022-12-25T15:34:12.915+0000] {processor.py:153} INFO - Started process (PID=1200) to work on /home/airflow/.local/lib/python3.7/site-packages/airflow/example_dags/example_nested_branch_dag.py
[2022-12-25T15:34:12.916+0000] {processor.py:743} INFO - Processing file /home/airflow/.local/lib/python3.7/site-packages/airflow/example_dags/example_nested_branch_dag.py for tasks to queue
[2022-12-25T15:34:12.917+0000] {logging_mixin.py:137} INFO - [2022-12-25T15:34:12.917+0000] {dagbag.py:538} INFO - Filling up the DagBag from /home/airflow/.local/lib/python3.7/site-packages/airflow/example_dags/example_nested_branch_dag.py
[2022-12-25T15:34:12.947+0000] {processor.py:753} INFO - DAG(s) dict_keys(['example_nested_branch_dag']) retrieved from /home/airflow/.local/lib/python3.7/site-packages/airflow/example_dags/example_nested_branch_dag.py
[2022-12-25T15:34:12.993+0000] {logging_mixin.py:137} INFO - [2022-12-25T15:34:12.992+0000] {dag.py:2676} INFO - Sync 1 DAGs
[2022-12-25T15:34:13.027+0000] {logging_mixin.py:137} INFO - [2022-12-25T15:34:13.027+0000] {dag.py:3427} INFO - Setting next_dagrun for example_nested_branch_dag to 2022-12-24T00:00:00+00:00, run_after=2022-12-25T00:00:00+00:00
[2022-12-25T15:34:13.061+0000] {processor.py:175} INFO - Processing /home/airflow/.local/lib/python3.7/site-packages/airflow/example_dags/example_nested_branch_dag.py took 0.150 seconds
[2022-12-25T15:34:43.675+0000] {processor.py:153} INFO - Started process (PID=1430) to work on /home/airflow/.local/lib/python3.7/site-packages/airflow/example_dags/example_nested_branch_dag.py
[2022-12-25T15:34:43.677+0000] {processor.py:743} INFO - Processing file /home/airflow/.local/lib/python3.7/site-packages/airflow/example_dags/example_nested_branch_dag.py for tasks to queue
[2022-12-25T15:34:43.677+0000] {logging_mixin.py:137} INFO - [2022-12-25T15:34:43.677+0000] {dagbag.py:538} INFO - Filling up the DagBag from /home/airflow/.local/lib/python3.7/site-packages/airflow/example_dags/example_nested_branch_dag.py
[2022-12-25T15:34:43.702+0000] {processor.py:753} INFO - DAG(s) dict_keys(['example_nested_branch_dag']) retrieved from /home/airflow/.local/lib/python3.7/site-packages/airflow/example_dags/example_nested_branch_dag.py
[2022-12-25T15:34:43.744+0000] {logging_mixin.py:137} INFO - [2022-12-25T15:34:43.744+0000] {dag.py:2676} INFO - Sync 1 DAGs
[2022-12-25T15:34:43.775+0000] {logging_mixin.py:137} INFO - [2022-12-25T15:34:43.775+0000] {dag.py:3427} INFO - Setting next_dagrun for example_nested_branch_dag to 2022-12-24T00:00:00+00:00, run_after=2022-12-25T00:00:00+00:00
[2022-12-25T15:34:43.795+0000] {processor.py:175} INFO - Processing /home/airflow/.local/lib/python3.7/site-packages/airflow/example_dags/example_nested_branch_dag.py took 0.122 seconds
[2022-12-25T15:35:14.424+0000] {processor.py:153} INFO - Started process (PID=1669) to work on /home/airflow/.local/lib/python3.7/site-packages/airflow/example_dags/example_nested_branch_dag.py
[2022-12-25T15:35:14.425+0000] {processor.py:743} INFO - Processing file /home/airflow/.local/lib/python3.7/site-packages/airflow/example_dags/example_nested_branch_dag.py for tasks to queue
[2022-12-25T15:35:14.426+0000] {logging_mixin.py:137} INFO - [2022-12-25T15:35:14.426+0000] {dagbag.py:538} INFO - Filling up the DagBag from /home/airflow/.local/lib/python3.7/site-packages/airflow/example_dags/example_nested_branch_dag.py
[2022-12-25T15:35:14.450+0000] {processor.py:753} INFO - DAG(s) dict_keys(['example_nested_branch_dag']) retrieved from /home/airflow/.local/lib/python3.7/site-packages/airflow/example_dags/example_nested_branch_dag.py
[2022-12-25T15:35:14.493+0000] {logging_mixin.py:137} INFO - [2022-12-25T15:35:14.493+0000] {dag.py:2676} INFO - Sync 1 DAGs
[2022-12-25T15:35:14.567+0000] {logging_mixin.py:137} INFO - [2022-12-25T15:35:14.566+0000] {dag.py:3427} INFO - Setting next_dagrun for example_nested_branch_dag to 2022-12-24T00:00:00+00:00, run_after=2022-12-25T00:00:00+00:00
[2022-12-25T15:35:14.608+0000] {processor.py:175} INFO - Processing /home/airflow/.local/lib/python3.7/site-packages/airflow/example_dags/example_nested_branch_dag.py took 0.187 seconds
[2022-12-25T15:35:44.752+0000] {processor.py:153} INFO - Started process (PID=1912) to work on /home/airflow/.local/lib/python3.7/site-packages/airflow/example_dags/example_nested_branch_dag.py
[2022-12-25T15:35:44.753+0000] {processor.py:743} INFO - Processing file /home/airflow/.local/lib/python3.7/site-packages/airflow/example_dags/example_nested_branch_dag.py for tasks to queue
[2022-12-25T15:35:44.754+0000] {logging_mixin.py:137} INFO - [2022-12-25T15:35:44.754+0000] {dagbag.py:538} INFO - Filling up the DagBag from /home/airflow/.local/lib/python3.7/site-packages/airflow/example_dags/example_nested_branch_dag.py
[2022-12-25T15:35:44.781+0000] {processor.py:753} INFO - DAG(s) dict_keys(['example_nested_branch_dag']) retrieved from /home/airflow/.local/lib/python3.7/site-packages/airflow/example_dags/example_nested_branch_dag.py
[2022-12-25T15:35:44.821+0000] {logging_mixin.py:137} INFO - [2022-12-25T15:35:44.821+0000] {dag.py:2676} INFO - Sync 1 DAGs
[2022-12-25T15:35:44.849+0000] {logging_mixin.py:137} INFO - [2022-12-25T15:35:44.849+0000] {dag.py:3427} INFO - Setting next_dagrun for example_nested_branch_dag to 2022-12-24T00:00:00+00:00, run_after=2022-12-25T00:00:00+00:00
[2022-12-25T15:35:44.871+0000] {processor.py:175} INFO - Processing /home/airflow/.local/lib/python3.7/site-packages/airflow/example_dags/example_nested_branch_dag.py took 0.122 seconds
[2022-12-25T15:36:15.403+0000] {processor.py:153} INFO - Started process (PID=2140) to work on /home/airflow/.local/lib/python3.7/site-packages/airflow/example_dags/example_nested_branch_dag.py
[2022-12-25T15:36:15.404+0000] {processor.py:743} INFO - Processing file /home/airflow/.local/lib/python3.7/site-packages/airflow/example_dags/example_nested_branch_dag.py for tasks to queue
[2022-12-25T15:36:15.405+0000] {logging_mixin.py:137} INFO - [2022-12-25T15:36:15.404+0000] {dagbag.py:538} INFO - Filling up the DagBag from /home/airflow/.local/lib/python3.7/site-packages/airflow/example_dags/example_nested_branch_dag.py
[2022-12-25T15:36:15.434+0000] {processor.py:753} INFO - DAG(s) dict_keys(['example_nested_branch_dag']) retrieved from /home/airflow/.local/lib/python3.7/site-packages/airflow/example_dags/example_nested_branch_dag.py
[2022-12-25T15:36:15.480+0000] {logging_mixin.py:137} INFO - [2022-12-25T15:36:15.480+0000] {dag.py:2676} INFO - Sync 1 DAGs
[2022-12-25T15:36:15.519+0000] {logging_mixin.py:137} INFO - [2022-12-25T15:36:15.519+0000] {dag.py:3427} INFO - Setting next_dagrun for example_nested_branch_dag to 2022-12-24T00:00:00+00:00, run_after=2022-12-25T00:00:00+00:00
[2022-12-25T15:36:15.546+0000] {processor.py:175} INFO - Processing /home/airflow/.local/lib/python3.7/site-packages/airflow/example_dags/example_nested_branch_dag.py took 0.147 seconds
[2022-12-25T15:36:45.634+0000] {processor.py:153} INFO - Started process (PID=2370) to work on /home/airflow/.local/lib/python3.7/site-packages/airflow/example_dags/example_nested_branch_dag.py
[2022-12-25T15:36:45.635+0000] {processor.py:743} INFO - Processing file /home/airflow/.local/lib/python3.7/site-packages/airflow/example_dags/example_nested_branch_dag.py for tasks to queue
[2022-12-25T15:36:45.636+0000] {logging_mixin.py:137} INFO - [2022-12-25T15:36:45.635+0000] {dagbag.py:538} INFO - Filling up the DagBag from /home/airflow/.local/lib/python3.7/site-packages/airflow/example_dags/example_nested_branch_dag.py
[2022-12-25T15:36:45.660+0000] {processor.py:753} INFO - DAG(s) dict_keys(['example_nested_branch_dag']) retrieved from /home/airflow/.local/lib/python3.7/site-packages/airflow/example_dags/example_nested_branch_dag.py
[2022-12-25T15:36:45.706+0000] {logging_mixin.py:137} INFO - [2022-12-25T15:36:45.706+0000] {dag.py:2676} INFO - Sync 1 DAGs
[2022-12-25T15:36:45.739+0000] {logging_mixin.py:137} INFO - [2022-12-25T15:36:45.738+0000] {dag.py:3427} INFO - Setting next_dagrun for example_nested_branch_dag to 2022-12-24T00:00:00+00:00, run_after=2022-12-25T00:00:00+00:00
[2022-12-25T15:36:45.759+0000] {processor.py:175} INFO - Processing /home/airflow/.local/lib/python3.7/site-packages/airflow/example_dags/example_nested_branch_dag.py took 0.128 seconds
[2022-12-25T15:37:16.537+0000] {processor.py:153} INFO - Started process (PID=2622) to work on /home/airflow/.local/lib/python3.7/site-packages/airflow/example_dags/example_nested_branch_dag.py
[2022-12-25T15:37:16.539+0000] {processor.py:743} INFO - Processing file /home/airflow/.local/lib/python3.7/site-packages/airflow/example_dags/example_nested_branch_dag.py for tasks to queue
[2022-12-25T15:37:16.539+0000] {logging_mixin.py:137} INFO - [2022-12-25T15:37:16.539+0000] {dagbag.py:538} INFO - Filling up the DagBag from /home/airflow/.local/lib/python3.7/site-packages/airflow/example_dags/example_nested_branch_dag.py
[2022-12-25T15:37:16.567+0000] {processor.py:753} INFO - DAG(s) dict_keys(['example_nested_branch_dag']) retrieved from /home/airflow/.local/lib/python3.7/site-packages/airflow/example_dags/example_nested_branch_dag.py
[2022-12-25T15:37:16.607+0000] {logging_mixin.py:137} INFO - [2022-12-25T15:37:16.607+0000] {dag.py:2676} INFO - Sync 1 DAGs
[2022-12-25T15:37:16.634+0000] {logging_mixin.py:137} INFO - [2022-12-25T15:37:16.634+0000] {dag.py:3427} INFO - Setting next_dagrun for example_nested_branch_dag to 2022-12-24T00:00:00+00:00, run_after=2022-12-25T00:00:00+00:00
[2022-12-25T15:37:16.655+0000] {processor.py:175} INFO - Processing /home/airflow/.local/lib/python3.7/site-packages/airflow/example_dags/example_nested_branch_dag.py took 0.122 seconds
[2022-12-25T15:37:46.709+0000] {processor.py:153} INFO - Started process (PID=2852) to work on /home/airflow/.local/lib/python3.7/site-packages/airflow/example_dags/example_nested_branch_dag.py
[2022-12-25T15:37:46.710+0000] {processor.py:743} INFO - Processing file /home/airflow/.local/lib/python3.7/site-packages/airflow/example_dags/example_nested_branch_dag.py for tasks to queue
[2022-12-25T15:37:46.711+0000] {logging_mixin.py:137} INFO - [2022-12-25T15:37:46.710+0000] {dagbag.py:538} INFO - Filling up the DagBag from /home/airflow/.local/lib/python3.7/site-packages/airflow/example_dags/example_nested_branch_dag.py
[2022-12-25T15:37:46.745+0000] {processor.py:753} INFO - DAG(s) dict_keys(['example_nested_branch_dag']) retrieved from /home/airflow/.local/lib/python3.7/site-packages/airflow/example_dags/example_nested_branch_dag.py
[2022-12-25T15:37:46.807+0000] {logging_mixin.py:137} INFO - [2022-12-25T15:37:46.807+0000] {dag.py:2676} INFO - Sync 1 DAGs
[2022-12-25T15:37:46.838+0000] {logging_mixin.py:137} INFO - [2022-12-25T15:37:46.838+0000] {dag.py:3427} INFO - Setting next_dagrun for example_nested_branch_dag to 2022-12-24T00:00:00+00:00, run_after=2022-12-25T00:00:00+00:00
[2022-12-25T15:37:46.862+0000] {processor.py:175} INFO - Processing /home/airflow/.local/lib/python3.7/site-packages/airflow/example_dags/example_nested_branch_dag.py took 0.159 seconds
[2022-12-25T15:38:17.257+0000] {processor.py:153} INFO - Started process (PID=3100) to work on /home/airflow/.local/lib/python3.7/site-packages/airflow/example_dags/example_nested_branch_dag.py
[2022-12-25T15:38:17.258+0000] {processor.py:743} INFO - Processing file /home/airflow/.local/lib/python3.7/site-packages/airflow/example_dags/example_nested_branch_dag.py for tasks to queue
[2022-12-25T15:38:17.259+0000] {logging_mixin.py:137} INFO - [2022-12-25T15:38:17.259+0000] {dagbag.py:538} INFO - Filling up the DagBag from /home/airflow/.local/lib/python3.7/site-packages/airflow/example_dags/example_nested_branch_dag.py
[2022-12-25T15:38:17.282+0000] {processor.py:753} INFO - DAG(s) dict_keys(['example_nested_branch_dag']) retrieved from /home/airflow/.local/lib/python3.7/site-packages/airflow/example_dags/example_nested_branch_dag.py
[2022-12-25T15:38:17.316+0000] {logging_mixin.py:137} INFO - [2022-12-25T15:38:17.316+0000] {dag.py:2676} INFO - Sync 1 DAGs
[2022-12-25T15:38:17.344+0000] {logging_mixin.py:137} INFO - [2022-12-25T15:38:17.343+0000] {dag.py:3427} INFO - Setting next_dagrun for example_nested_branch_dag to 2022-12-24T00:00:00+00:00, run_after=2022-12-25T00:00:00+00:00
[2022-12-25T15:38:17.363+0000] {processor.py:175} INFO - Processing /home/airflow/.local/lib/python3.7/site-packages/airflow/example_dags/example_nested_branch_dag.py took 0.110 seconds
[2022-12-25T15:38:47.923+0000] {processor.py:153} INFO - Started process (PID=3330) to work on /home/airflow/.local/lib/python3.7/site-packages/airflow/example_dags/example_nested_branch_dag.py
[2022-12-25T15:38:47.924+0000] {processor.py:743} INFO - Processing file /home/airflow/.local/lib/python3.7/site-packages/airflow/example_dags/example_nested_branch_dag.py for tasks to queue
[2022-12-25T15:38:47.925+0000] {logging_mixin.py:137} INFO - [2022-12-25T15:38:47.925+0000] {dagbag.py:538} INFO - Filling up the DagBag from /home/airflow/.local/lib/python3.7/site-packages/airflow/example_dags/example_nested_branch_dag.py
[2022-12-25T15:38:47.949+0000] {processor.py:753} INFO - DAG(s) dict_keys(['example_nested_branch_dag']) retrieved from /home/airflow/.local/lib/python3.7/site-packages/airflow/example_dags/example_nested_branch_dag.py
[2022-12-25T15:38:47.987+0000] {logging_mixin.py:137} INFO - [2022-12-25T15:38:47.987+0000] {dag.py:2676} INFO - Sync 1 DAGs
[2022-12-25T15:38:48.015+0000] {logging_mixin.py:137} INFO - [2022-12-25T15:38:48.015+0000] {dag.py:3427} INFO - Setting next_dagrun for example_nested_branch_dag to 2022-12-24T00:00:00+00:00, run_after=2022-12-25T00:00:00+00:00
[2022-12-25T15:38:48.036+0000] {processor.py:175} INFO - Processing /home/airflow/.local/lib/python3.7/site-packages/airflow/example_dags/example_nested_branch_dag.py took 0.119 seconds
[2022-12-25T15:39:20.199+0000] {processor.py:153} INFO - Started process (PID=3582) to work on /home/airflow/.local/lib/python3.7/site-packages/airflow/example_dags/example_nested_branch_dag.py
[2022-12-25T15:39:20.200+0000] {processor.py:743} INFO - Processing file /home/airflow/.local/lib/python3.7/site-packages/airflow/example_dags/example_nested_branch_dag.py for tasks to queue
[2022-12-25T15:39:20.201+0000] {logging_mixin.py:137} INFO - [2022-12-25T15:39:20.201+0000] {dagbag.py:538} INFO - Filling up the DagBag from /home/airflow/.local/lib/python3.7/site-packages/airflow/example_dags/example_nested_branch_dag.py
[2022-12-25T15:39:20.230+0000] {processor.py:753} INFO - DAG(s) dict_keys(['example_nested_branch_dag']) retrieved from /home/airflow/.local/lib/python3.7/site-packages/airflow/example_dags/example_nested_branch_dag.py
[2022-12-25T15:39:20.260+0000] {logging_mixin.py:137} INFO - [2022-12-25T15:39:20.260+0000] {dag.py:2676} INFO - Sync 1 DAGs
[2022-12-25T15:39:20.297+0000] {logging_mixin.py:137} INFO - [2022-12-25T15:39:20.297+0000] {dag.py:3427} INFO - Setting next_dagrun for example_nested_branch_dag to 2022-12-24T00:00:00+00:00, run_after=2022-12-25T00:00:00+00:00
[2022-12-25T15:39:20.326+0000] {processor.py:175} INFO - Processing /home/airflow/.local/lib/python3.7/site-packages/airflow/example_dags/example_nested_branch_dag.py took 0.132 seconds
[2022-12-25T15:39:51.110+0000] {processor.py:153} INFO - Started process (PID=3812) to work on /home/airflow/.local/lib/python3.7/site-packages/airflow/example_dags/example_nested_branch_dag.py
[2022-12-25T15:39:51.111+0000] {processor.py:743} INFO - Processing file /home/airflow/.local/lib/python3.7/site-packages/airflow/example_dags/example_nested_branch_dag.py for tasks to queue
[2022-12-25T15:39:51.112+0000] {logging_mixin.py:137} INFO - [2022-12-25T15:39:51.112+0000] {dagbag.py:538} INFO - Filling up the DagBag from /home/airflow/.local/lib/python3.7/site-packages/airflow/example_dags/example_nested_branch_dag.py
[2022-12-25T15:39:51.137+0000] {processor.py:753} INFO - DAG(s) dict_keys(['example_nested_branch_dag']) retrieved from /home/airflow/.local/lib/python3.7/site-packages/airflow/example_dags/example_nested_branch_dag.py
[2022-12-25T15:39:51.179+0000] {logging_mixin.py:137} INFO - [2022-12-25T15:39:51.179+0000] {dag.py:2676} INFO - Sync 1 DAGs
[2022-12-25T15:39:51.208+0000] {logging_mixin.py:137} INFO - [2022-12-25T15:39:51.207+0000] {dag.py:3427} INFO - Setting next_dagrun for example_nested_branch_dag to 2022-12-24T00:00:00+00:00, run_after=2022-12-25T00:00:00+00:00
[2022-12-25T15:39:51.236+0000] {processor.py:175} INFO - Processing /home/airflow/.local/lib/python3.7/site-packages/airflow/example_dags/example_nested_branch_dag.py took 0.130 seconds
[2022-12-25T15:40:21.541+0000] {processor.py:153} INFO - Started process (PID=4050) to work on /home/airflow/.local/lib/python3.7/site-packages/airflow/example_dags/example_nested_branch_dag.py
[2022-12-25T15:40:21.543+0000] {processor.py:743} INFO - Processing file /home/airflow/.local/lib/python3.7/site-packages/airflow/example_dags/example_nested_branch_dag.py for tasks to queue
[2022-12-25T15:40:21.545+0000] {logging_mixin.py:137} INFO - [2022-12-25T15:40:21.544+0000] {dagbag.py:538} INFO - Filling up the DagBag from /home/airflow/.local/lib/python3.7/site-packages/airflow/example_dags/example_nested_branch_dag.py
[2022-12-25T15:40:21.577+0000] {processor.py:753} INFO - DAG(s) dict_keys(['example_nested_branch_dag']) retrieved from /home/airflow/.local/lib/python3.7/site-packages/airflow/example_dags/example_nested_branch_dag.py
[2022-12-25T15:40:21.628+0000] {logging_mixin.py:137} INFO - [2022-12-25T15:40:21.627+0000] {dag.py:2676} INFO - Sync 1 DAGs
[2022-12-25T15:40:21.657+0000] {logging_mixin.py:137} INFO - [2022-12-25T15:40:21.656+0000] {dag.py:3427} INFO - Setting next_dagrun for example_nested_branch_dag to 2022-12-24T00:00:00+00:00, run_after=2022-12-25T00:00:00+00:00
[2022-12-25T15:40:21.684+0000] {processor.py:175} INFO - Processing /home/airflow/.local/lib/python3.7/site-packages/airflow/example_dags/example_nested_branch_dag.py took 0.148 seconds
[2022-12-25T15:40:51.807+0000] {processor.py:153} INFO - Started process (PID=4293) to work on /home/airflow/.local/lib/python3.7/site-packages/airflow/example_dags/example_nested_branch_dag.py
[2022-12-25T15:40:51.808+0000] {processor.py:743} INFO - Processing file /home/airflow/.local/lib/python3.7/site-packages/airflow/example_dags/example_nested_branch_dag.py for tasks to queue
[2022-12-25T15:40:51.808+0000] {logging_mixin.py:137} INFO - [2022-12-25T15:40:51.808+0000] {dagbag.py:538} INFO - Filling up the DagBag from /home/airflow/.local/lib/python3.7/site-packages/airflow/example_dags/example_nested_branch_dag.py
[2022-12-25T15:40:51.831+0000] {processor.py:753} INFO - DAG(s) dict_keys(['example_nested_branch_dag']) retrieved from /home/airflow/.local/lib/python3.7/site-packages/airflow/example_dags/example_nested_branch_dag.py
[2022-12-25T15:40:51.869+0000] {logging_mixin.py:137} INFO - [2022-12-25T15:40:51.869+0000] {dag.py:2676} INFO - Sync 1 DAGs
[2022-12-25T15:40:51.898+0000] {logging_mixin.py:137} INFO - [2022-12-25T15:40:51.898+0000] {dag.py:3427} INFO - Setting next_dagrun for example_nested_branch_dag to 2022-12-24T00:00:00+00:00, run_after=2022-12-25T00:00:00+00:00
[2022-12-25T15:40:51.918+0000] {processor.py:175} INFO - Processing /home/airflow/.local/lib/python3.7/site-packages/airflow/example_dags/example_nested_branch_dag.py took 0.114 seconds
[2022-12-25T15:41:22.197+0000] {processor.py:153} INFO - Started process (PID=4523) to work on /home/airflow/.local/lib/python3.7/site-packages/airflow/example_dags/example_nested_branch_dag.py
[2022-12-25T15:41:22.200+0000] {processor.py:743} INFO - Processing file /home/airflow/.local/lib/python3.7/site-packages/airflow/example_dags/example_nested_branch_dag.py for tasks to queue
[2022-12-25T15:41:22.203+0000] {logging_mixin.py:137} INFO - [2022-12-25T15:41:22.202+0000] {dagbag.py:538} INFO - Filling up the DagBag from /home/airflow/.local/lib/python3.7/site-packages/airflow/example_dags/example_nested_branch_dag.py
[2022-12-25T15:41:22.247+0000] {processor.py:753} INFO - DAG(s) dict_keys(['example_nested_branch_dag']) retrieved from /home/airflow/.local/lib/python3.7/site-packages/airflow/example_dags/example_nested_branch_dag.py
[2022-12-25T15:41:22.315+0000] {logging_mixin.py:137} INFO - [2022-12-25T15:41:22.314+0000] {dag.py:2676} INFO - Sync 1 DAGs
[2022-12-25T15:41:22.371+0000] {logging_mixin.py:137} INFO - [2022-12-25T15:41:22.370+0000] {dag.py:3427} INFO - Setting next_dagrun for example_nested_branch_dag to 2022-12-24T00:00:00+00:00, run_after=2022-12-25T00:00:00+00:00
[2022-12-25T15:41:22.412+0000] {processor.py:175} INFO - Processing /home/airflow/.local/lib/python3.7/site-packages/airflow/example_dags/example_nested_branch_dag.py took 0.219 seconds
[2022-12-25T15:41:52.549+0000] {processor.py:153} INFO - Started process (PID=4773) to work on /home/airflow/.local/lib/python3.7/site-packages/airflow/example_dags/example_nested_branch_dag.py
[2022-12-25T15:41:52.551+0000] {processor.py:743} INFO - Processing file /home/airflow/.local/lib/python3.7/site-packages/airflow/example_dags/example_nested_branch_dag.py for tasks to queue
[2022-12-25T15:41:52.553+0000] {logging_mixin.py:137} INFO - [2022-12-25T15:41:52.552+0000] {dagbag.py:538} INFO - Filling up the DagBag from /home/airflow/.local/lib/python3.7/site-packages/airflow/example_dags/example_nested_branch_dag.py
[2022-12-25T15:41:52.597+0000] {processor.py:753} INFO - DAG(s) dict_keys(['example_nested_branch_dag']) retrieved from /home/airflow/.local/lib/python3.7/site-packages/airflow/example_dags/example_nested_branch_dag.py
[2022-12-25T15:41:52.650+0000] {logging_mixin.py:137} INFO - [2022-12-25T15:41:52.649+0000] {dag.py:2676} INFO - Sync 1 DAGs
[2022-12-25T15:41:52.688+0000] {logging_mixin.py:137} INFO - [2022-12-25T15:41:52.688+0000] {dag.py:3427} INFO - Setting next_dagrun for example_nested_branch_dag to 2022-12-24T00:00:00+00:00, run_after=2022-12-25T00:00:00+00:00
[2022-12-25T15:41:52.716+0000] {processor.py:175} INFO - Processing /home/airflow/.local/lib/python3.7/site-packages/airflow/example_dags/example_nested_branch_dag.py took 0.172 seconds
[2022-12-25T15:42:23.405+0000] {processor.py:153} INFO - Started process (PID=5001) to work on /home/airflow/.local/lib/python3.7/site-packages/airflow/example_dags/example_nested_branch_dag.py
[2022-12-25T15:42:23.407+0000] {processor.py:743} INFO - Processing file /home/airflow/.local/lib/python3.7/site-packages/airflow/example_dags/example_nested_branch_dag.py for tasks to queue
[2022-12-25T15:42:23.407+0000] {logging_mixin.py:137} INFO - [2022-12-25T15:42:23.407+0000] {dagbag.py:538} INFO - Filling up the DagBag from /home/airflow/.local/lib/python3.7/site-packages/airflow/example_dags/example_nested_branch_dag.py
[2022-12-25T15:42:23.444+0000] {processor.py:753} INFO - DAG(s) dict_keys(['example_nested_branch_dag']) retrieved from /home/airflow/.local/lib/python3.7/site-packages/airflow/example_dags/example_nested_branch_dag.py
[2022-12-25T15:42:23.506+0000] {logging_mixin.py:137} INFO - [2022-12-25T15:42:23.506+0000] {dag.py:2676} INFO - Sync 1 DAGs
[2022-12-25T15:42:23.545+0000] {logging_mixin.py:137} INFO - [2022-12-25T15:42:23.545+0000] {dag.py:3427} INFO - Setting next_dagrun for example_nested_branch_dag to 2022-12-24T00:00:00+00:00, run_after=2022-12-25T00:00:00+00:00
[2022-12-25T15:42:23.573+0000] {processor.py:175} INFO - Processing /home/airflow/.local/lib/python3.7/site-packages/airflow/example_dags/example_nested_branch_dag.py took 0.172 seconds
[2022-12-25T15:42:53.685+0000] {processor.py:153} INFO - Started process (PID=5232) to work on /home/airflow/.local/lib/python3.7/site-packages/airflow/example_dags/example_nested_branch_dag.py
[2022-12-25T15:42:53.686+0000] {processor.py:743} INFO - Processing file /home/airflow/.local/lib/python3.7/site-packages/airflow/example_dags/example_nested_branch_dag.py for tasks to queue
[2022-12-25T15:42:53.686+0000] {logging_mixin.py:137} INFO - [2022-12-25T15:42:53.686+0000] {dagbag.py:538} INFO - Filling up the DagBag from /home/airflow/.local/lib/python3.7/site-packages/airflow/example_dags/example_nested_branch_dag.py
[2022-12-25T15:42:53.710+0000] {processor.py:753} INFO - DAG(s) dict_keys(['example_nested_branch_dag']) retrieved from /home/airflow/.local/lib/python3.7/site-packages/airflow/example_dags/example_nested_branch_dag.py
[2022-12-25T15:42:53.754+0000] {logging_mixin.py:137} INFO - [2022-12-25T15:42:53.753+0000] {dag.py:2676} INFO - Sync 1 DAGs
[2022-12-25T15:42:53.782+0000] {logging_mixin.py:137} INFO - [2022-12-25T15:42:53.781+0000] {dag.py:3427} INFO - Setting next_dagrun for example_nested_branch_dag to 2022-12-24T00:00:00+00:00, run_after=2022-12-25T00:00:00+00:00
[2022-12-25T15:42:53.800+0000] {processor.py:175} INFO - Processing /home/airflow/.local/lib/python3.7/site-packages/airflow/example_dags/example_nested_branch_dag.py took 0.120 seconds
[2022-12-25T15:43:24.347+0000] {processor.py:153} INFO - Started process (PID=5482) to work on /home/airflow/.local/lib/python3.7/site-packages/airflow/example_dags/example_nested_branch_dag.py
[2022-12-25T15:43:24.351+0000] {processor.py:743} INFO - Processing file /home/airflow/.local/lib/python3.7/site-packages/airflow/example_dags/example_nested_branch_dag.py for tasks to queue
[2022-12-25T15:43:24.352+0000] {logging_mixin.py:137} INFO - [2022-12-25T15:43:24.352+0000] {dagbag.py:538} INFO - Filling up the DagBag from /home/airflow/.local/lib/python3.7/site-packages/airflow/example_dags/example_nested_branch_dag.py
[2022-12-25T15:43:24.384+0000] {processor.py:753} INFO - DAG(s) dict_keys(['example_nested_branch_dag']) retrieved from /home/airflow/.local/lib/python3.7/site-packages/airflow/example_dags/example_nested_branch_dag.py
[2022-12-25T15:43:24.429+0000] {logging_mixin.py:137} INFO - [2022-12-25T15:43:24.429+0000] {dag.py:2676} INFO - Sync 1 DAGs
[2022-12-25T15:43:24.455+0000] {logging_mixin.py:137} INFO - [2022-12-25T15:43:24.455+0000] {dag.py:3427} INFO - Setting next_dagrun for example_nested_branch_dag to 2022-12-24T00:00:00+00:00, run_after=2022-12-25T00:00:00+00:00
[2022-12-25T15:43:24.476+0000] {processor.py:175} INFO - Processing /home/airflow/.local/lib/python3.7/site-packages/airflow/example_dags/example_nested_branch_dag.py took 0.133 seconds
[2022-12-25T15:43:54.570+0000] {processor.py:153} INFO - Started process (PID=5713) to work on /home/airflow/.local/lib/python3.7/site-packages/airflow/example_dags/example_nested_branch_dag.py
[2022-12-25T15:43:54.571+0000] {processor.py:743} INFO - Processing file /home/airflow/.local/lib/python3.7/site-packages/airflow/example_dags/example_nested_branch_dag.py for tasks to queue
[2022-12-25T15:43:54.572+0000] {logging_mixin.py:137} INFO - [2022-12-25T15:43:54.572+0000] {dagbag.py:538} INFO - Filling up the DagBag from /home/airflow/.local/lib/python3.7/site-packages/airflow/example_dags/example_nested_branch_dag.py
[2022-12-25T15:43:54.598+0000] {processor.py:753} INFO - DAG(s) dict_keys(['example_nested_branch_dag']) retrieved from /home/airflow/.local/lib/python3.7/site-packages/airflow/example_dags/example_nested_branch_dag.py
[2022-12-25T15:43:54.639+0000] {logging_mixin.py:137} INFO - [2022-12-25T15:43:54.639+0000] {dag.py:2676} INFO - Sync 1 DAGs
[2022-12-25T15:43:54.669+0000] {logging_mixin.py:137} INFO - [2022-12-25T15:43:54.669+0000] {dag.py:3427} INFO - Setting next_dagrun for example_nested_branch_dag to 2022-12-24T00:00:00+00:00, run_after=2022-12-25T00:00:00+00:00
[2022-12-25T15:43:54.691+0000] {processor.py:175} INFO - Processing /home/airflow/.local/lib/python3.7/site-packages/airflow/example_dags/example_nested_branch_dag.py took 0.124 seconds
[2022-12-25T15:44:25.415+0000] {processor.py:153} INFO - Started process (PID=5952) to work on /home/airflow/.local/lib/python3.7/site-packages/airflow/example_dags/example_nested_branch_dag.py
[2022-12-25T15:44:25.421+0000] {processor.py:743} INFO - Processing file /home/airflow/.local/lib/python3.7/site-packages/airflow/example_dags/example_nested_branch_dag.py for tasks to queue
[2022-12-25T15:44:25.422+0000] {logging_mixin.py:137} INFO - [2022-12-25T15:44:25.422+0000] {dagbag.py:538} INFO - Filling up the DagBag from /home/airflow/.local/lib/python3.7/site-packages/airflow/example_dags/example_nested_branch_dag.py
[2022-12-25T15:44:25.447+0000] {processor.py:753} INFO - DAG(s) dict_keys(['example_nested_branch_dag']) retrieved from /home/airflow/.local/lib/python3.7/site-packages/airflow/example_dags/example_nested_branch_dag.py
[2022-12-25T15:44:25.486+0000] {logging_mixin.py:137} INFO - [2022-12-25T15:44:25.486+0000] {dag.py:2676} INFO - Sync 1 DAGs
[2022-12-25T15:44:25.516+0000] {logging_mixin.py:137} INFO - [2022-12-25T15:44:25.516+0000] {dag.py:3427} INFO - Setting next_dagrun for example_nested_branch_dag to 2022-12-24T00:00:00+00:00, run_after=2022-12-25T00:00:00+00:00
[2022-12-25T15:44:25.539+0000] {processor.py:175} INFO - Processing /home/airflow/.local/lib/python3.7/site-packages/airflow/example_dags/example_nested_branch_dag.py took 0.127 seconds
[2022-12-25T15:44:56.328+0000] {processor.py:153} INFO - Started process (PID=6193) to work on /home/airflow/.local/lib/python3.7/site-packages/airflow/example_dags/example_nested_branch_dag.py
[2022-12-25T15:44:56.330+0000] {processor.py:743} INFO - Processing file /home/airflow/.local/lib/python3.7/site-packages/airflow/example_dags/example_nested_branch_dag.py for tasks to queue
[2022-12-25T15:44:56.330+0000] {logging_mixin.py:137} INFO - [2022-12-25T15:44:56.330+0000] {dagbag.py:538} INFO - Filling up the DagBag from /home/airflow/.local/lib/python3.7/site-packages/airflow/example_dags/example_nested_branch_dag.py
[2022-12-25T15:44:56.359+0000] {processor.py:753} INFO - DAG(s) dict_keys(['example_nested_branch_dag']) retrieved from /home/airflow/.local/lib/python3.7/site-packages/airflow/example_dags/example_nested_branch_dag.py
[2022-12-25T15:44:56.436+0000] {logging_mixin.py:137} INFO - [2022-12-25T15:44:56.436+0000] {dag.py:2676} INFO - Sync 1 DAGs
[2022-12-25T15:44:56.472+0000] {logging_mixin.py:137} INFO - [2022-12-25T15:44:56.471+0000] {dag.py:3427} INFO - Setting next_dagrun for example_nested_branch_dag to 2022-12-24T00:00:00+00:00, run_after=2022-12-25T00:00:00+00:00
[2022-12-25T15:44:56.501+0000] {processor.py:175} INFO - Processing /home/airflow/.local/lib/python3.7/site-packages/airflow/example_dags/example_nested_branch_dag.py took 0.175 seconds
[2022-12-25T15:45:27.445+0000] {processor.py:153} INFO - Started process (PID=6423) to work on /home/airflow/.local/lib/python3.7/site-packages/airflow/example_dags/example_nested_branch_dag.py
[2022-12-25T15:45:27.447+0000] {processor.py:743} INFO - Processing file /home/airflow/.local/lib/python3.7/site-packages/airflow/example_dags/example_nested_branch_dag.py for tasks to queue
[2022-12-25T15:45:27.448+0000] {logging_mixin.py:137} INFO - [2022-12-25T15:45:27.448+0000] {dagbag.py:538} INFO - Filling up the DagBag from /home/airflow/.local/lib/python3.7/site-packages/airflow/example_dags/example_nested_branch_dag.py
[2022-12-25T15:45:27.484+0000] {processor.py:753} INFO - DAG(s) dict_keys(['example_nested_branch_dag']) retrieved from /home/airflow/.local/lib/python3.7/site-packages/airflow/example_dags/example_nested_branch_dag.py
[2022-12-25T15:45:27.535+0000] {logging_mixin.py:137} INFO - [2022-12-25T15:45:27.535+0000] {dag.py:2676} INFO - Sync 1 DAGs
[2022-12-25T15:45:27.566+0000] {logging_mixin.py:137} INFO - [2022-12-25T15:45:27.566+0000] {dag.py:3427} INFO - Setting next_dagrun for example_nested_branch_dag to 2022-12-24T00:00:00+00:00, run_after=2022-12-25T00:00:00+00:00
[2022-12-25T15:45:27.590+0000] {processor.py:175} INFO - Processing /home/airflow/.local/lib/python3.7/site-packages/airflow/example_dags/example_nested_branch_dag.py took 0.149 seconds
[2022-12-25T15:45:57.865+0000] {processor.py:153} INFO - Started process (PID=6673) to work on /home/airflow/.local/lib/python3.7/site-packages/airflow/example_dags/example_nested_branch_dag.py
[2022-12-25T15:45:57.867+0000] {processor.py:743} INFO - Processing file /home/airflow/.local/lib/python3.7/site-packages/airflow/example_dags/example_nested_branch_dag.py for tasks to queue
[2022-12-25T15:45:57.868+0000] {logging_mixin.py:137} INFO - [2022-12-25T15:45:57.867+0000] {dagbag.py:538} INFO - Filling up the DagBag from /home/airflow/.local/lib/python3.7/site-packages/airflow/example_dags/example_nested_branch_dag.py
[2022-12-25T15:45:57.894+0000] {processor.py:753} INFO - DAG(s) dict_keys(['example_nested_branch_dag']) retrieved from /home/airflow/.local/lib/python3.7/site-packages/airflow/example_dags/example_nested_branch_dag.py
[2022-12-25T15:45:57.937+0000] {logging_mixin.py:137} INFO - [2022-12-25T15:45:57.937+0000] {dag.py:2676} INFO - Sync 1 DAGs
[2022-12-25T15:45:57.965+0000] {logging_mixin.py:137} INFO - [2022-12-25T15:45:57.965+0000] {dag.py:3427} INFO - Setting next_dagrun for example_nested_branch_dag to 2022-12-24T00:00:00+00:00, run_after=2022-12-25T00:00:00+00:00
[2022-12-25T15:45:57.990+0000] {processor.py:175} INFO - Processing /home/airflow/.local/lib/python3.7/site-packages/airflow/example_dags/example_nested_branch_dag.py took 0.128 seconds
[2022-12-25T15:46:28.123+0000] {processor.py:153} INFO - Started process (PID=6903) to work on /home/airflow/.local/lib/python3.7/site-packages/airflow/example_dags/example_nested_branch_dag.py
[2022-12-25T15:46:28.124+0000] {processor.py:743} INFO - Processing file /home/airflow/.local/lib/python3.7/site-packages/airflow/example_dags/example_nested_branch_dag.py for tasks to queue
[2022-12-25T15:46:28.125+0000] {logging_mixin.py:137} INFO - [2022-12-25T15:46:28.125+0000] {dagbag.py:538} INFO - Filling up the DagBag from /home/airflow/.local/lib/python3.7/site-packages/airflow/example_dags/example_nested_branch_dag.py
[2022-12-25T15:46:28.150+0000] {processor.py:753} INFO - DAG(s) dict_keys(['example_nested_branch_dag']) retrieved from /home/airflow/.local/lib/python3.7/site-packages/airflow/example_dags/example_nested_branch_dag.py
[2022-12-25T15:46:28.185+0000] {logging_mixin.py:137} INFO - [2022-12-25T15:46:28.185+0000] {dag.py:2676} INFO - Sync 1 DAGs
[2022-12-25T15:46:28.216+0000] {logging_mixin.py:137} INFO - [2022-12-25T15:46:28.216+0000] {dag.py:3427} INFO - Setting next_dagrun for example_nested_branch_dag to 2022-12-24T00:00:00+00:00, run_after=2022-12-25T00:00:00+00:00
[2022-12-25T15:46:28.238+0000] {processor.py:175} INFO - Processing /home/airflow/.local/lib/python3.7/site-packages/airflow/example_dags/example_nested_branch_dag.py took 0.119 seconds
[2022-12-25T15:46:58.441+0000] {processor.py:153} INFO - Started process (PID=7153) to work on /home/airflow/.local/lib/python3.7/site-packages/airflow/example_dags/example_nested_branch_dag.py
[2022-12-25T15:46:58.442+0000] {processor.py:743} INFO - Processing file /home/airflow/.local/lib/python3.7/site-packages/airflow/example_dags/example_nested_branch_dag.py for tasks to queue
[2022-12-25T15:46:58.443+0000] {logging_mixin.py:137} INFO - [2022-12-25T15:46:58.443+0000] {dagbag.py:538} INFO - Filling up the DagBag from /home/airflow/.local/lib/python3.7/site-packages/airflow/example_dags/example_nested_branch_dag.py
[2022-12-25T15:46:58.468+0000] {processor.py:753} INFO - DAG(s) dict_keys(['example_nested_branch_dag']) retrieved from /home/airflow/.local/lib/python3.7/site-packages/airflow/example_dags/example_nested_branch_dag.py
[2022-12-25T15:46:58.515+0000] {logging_mixin.py:137} INFO - [2022-12-25T15:46:58.515+0000] {dag.py:2676} INFO - Sync 1 DAGs
[2022-12-25T15:46:58.549+0000] {logging_mixin.py:137} INFO - [2022-12-25T15:46:58.549+0000] {dag.py:3427} INFO - Setting next_dagrun for example_nested_branch_dag to 2022-12-24T00:00:00+00:00, run_after=2022-12-25T00:00:00+00:00
[2022-12-25T15:46:58.573+0000] {processor.py:175} INFO - Processing /home/airflow/.local/lib/python3.7/site-packages/airflow/example_dags/example_nested_branch_dag.py took 0.134 seconds
[2022-12-25T15:47:29.055+0000] {processor.py:153} INFO - Started process (PID=7384) to work on /home/airflow/.local/lib/python3.7/site-packages/airflow/example_dags/example_nested_branch_dag.py
[2022-12-25T15:47:29.057+0000] {processor.py:743} INFO - Processing file /home/airflow/.local/lib/python3.7/site-packages/airflow/example_dags/example_nested_branch_dag.py for tasks to queue
[2022-12-25T15:47:29.058+0000] {logging_mixin.py:137} INFO - [2022-12-25T15:47:29.058+0000] {dagbag.py:538} INFO - Filling up the DagBag from /home/airflow/.local/lib/python3.7/site-packages/airflow/example_dags/example_nested_branch_dag.py
[2022-12-25T15:47:29.086+0000] {processor.py:753} INFO - DAG(s) dict_keys(['example_nested_branch_dag']) retrieved from /home/airflow/.local/lib/python3.7/site-packages/airflow/example_dags/example_nested_branch_dag.py
[2022-12-25T15:47:29.135+0000] {logging_mixin.py:137} INFO - [2022-12-25T15:47:29.135+0000] {dag.py:2676} INFO - Sync 1 DAGs
[2022-12-25T15:47:29.169+0000] {logging_mixin.py:137} INFO - [2022-12-25T15:47:29.169+0000] {dag.py:3427} INFO - Setting next_dagrun for example_nested_branch_dag to 2022-12-24T00:00:00+00:00, run_after=2022-12-25T00:00:00+00:00
[2022-12-25T15:47:29.197+0000] {processor.py:175} INFO - Processing /home/airflow/.local/lib/python3.7/site-packages/airflow/example_dags/example_nested_branch_dag.py took 0.147 seconds
[2022-12-25T15:48:00.020+0000] {processor.py:153} INFO - Started process (PID=7614) to work on /home/airflow/.local/lib/python3.7/site-packages/airflow/example_dags/example_nested_branch_dag.py
[2022-12-25T15:48:00.022+0000] {processor.py:743} INFO - Processing file /home/airflow/.local/lib/python3.7/site-packages/airflow/example_dags/example_nested_branch_dag.py for tasks to queue
[2022-12-25T15:48:00.022+0000] {logging_mixin.py:137} INFO - [2022-12-25T15:48:00.022+0000] {dagbag.py:538} INFO - Filling up the DagBag from /home/airflow/.local/lib/python3.7/site-packages/airflow/example_dags/example_nested_branch_dag.py
[2022-12-25T15:48:00.058+0000] {processor.py:753} INFO - DAG(s) dict_keys(['example_nested_branch_dag']) retrieved from /home/airflow/.local/lib/python3.7/site-packages/airflow/example_dags/example_nested_branch_dag.py
[2022-12-25T15:48:00.106+0000] {logging_mixin.py:137} INFO - [2022-12-25T15:48:00.106+0000] {dag.py:2676} INFO - Sync 1 DAGs
[2022-12-25T15:48:00.139+0000] {logging_mixin.py:137} INFO - [2022-12-25T15:48:00.138+0000] {dag.py:3427} INFO - Setting next_dagrun for example_nested_branch_dag to 2022-12-24T00:00:00+00:00, run_after=2022-12-25T00:00:00+00:00
[2022-12-25T15:48:00.169+0000] {processor.py:175} INFO - Processing /home/airflow/.local/lib/python3.7/site-packages/airflow/example_dags/example_nested_branch_dag.py took 0.153 seconds
[2022-12-25T15:48:30.558+0000] {processor.py:153} INFO - Started process (PID=7853) to work on /home/airflow/.local/lib/python3.7/site-packages/airflow/example_dags/example_nested_branch_dag.py
[2022-12-25T15:48:30.560+0000] {processor.py:743} INFO - Processing file /home/airflow/.local/lib/python3.7/site-packages/airflow/example_dags/example_nested_branch_dag.py for tasks to queue
[2022-12-25T15:48:30.560+0000] {logging_mixin.py:137} INFO - [2022-12-25T15:48:30.560+0000] {dagbag.py:538} INFO - Filling up the DagBag from /home/airflow/.local/lib/python3.7/site-packages/airflow/example_dags/example_nested_branch_dag.py
[2022-12-25T15:48:30.585+0000] {processor.py:753} INFO - DAG(s) dict_keys(['example_nested_branch_dag']) retrieved from /home/airflow/.local/lib/python3.7/site-packages/airflow/example_dags/example_nested_branch_dag.py
[2022-12-25T15:48:30.626+0000] {logging_mixin.py:137} INFO - [2022-12-25T15:48:30.625+0000] {dag.py:2676} INFO - Sync 1 DAGs
[2022-12-25T15:48:30.659+0000] {logging_mixin.py:137} INFO - [2022-12-25T15:48:30.659+0000] {dag.py:3427} INFO - Setting next_dagrun for example_nested_branch_dag to 2022-12-24T00:00:00+00:00, run_after=2022-12-25T00:00:00+00:00
[2022-12-25T15:48:30.683+0000] {processor.py:175} INFO - Processing /home/airflow/.local/lib/python3.7/site-packages/airflow/example_dags/example_nested_branch_dag.py took 0.128 seconds
[2022-12-25T15:49:01.133+0000] {processor.py:153} INFO - Started process (PID=8094) to work on /home/airflow/.local/lib/python3.7/site-packages/airflow/example_dags/example_nested_branch_dag.py
[2022-12-25T15:49:01.134+0000] {processor.py:743} INFO - Processing file /home/airflow/.local/lib/python3.7/site-packages/airflow/example_dags/example_nested_branch_dag.py for tasks to queue
[2022-12-25T15:49:01.134+0000] {logging_mixin.py:137} INFO - [2022-12-25T15:49:01.134+0000] {dagbag.py:538} INFO - Filling up the DagBag from /home/airflow/.local/lib/python3.7/site-packages/airflow/example_dags/example_nested_branch_dag.py
[2022-12-25T15:49:01.159+0000] {processor.py:753} INFO - DAG(s) dict_keys(['example_nested_branch_dag']) retrieved from /home/airflow/.local/lib/python3.7/site-packages/airflow/example_dags/example_nested_branch_dag.py
[2022-12-25T15:49:01.198+0000] {logging_mixin.py:137} INFO - [2022-12-25T15:49:01.198+0000] {dag.py:2676} INFO - Sync 1 DAGs
[2022-12-25T15:49:01.227+0000] {logging_mixin.py:137} INFO - [2022-12-25T15:49:01.227+0000] {dag.py:3427} INFO - Setting next_dagrun for example_nested_branch_dag to 2022-12-24T00:00:00+00:00, run_after=2022-12-25T00:00:00+00:00
[2022-12-25T15:49:01.248+0000] {processor.py:175} INFO - Processing /home/airflow/.local/lib/python3.7/site-packages/airflow/example_dags/example_nested_branch_dag.py took 0.117 seconds
[2022-12-25T15:49:32.154+0000] {processor.py:153} INFO - Started process (PID=8324) to work on /home/airflow/.local/lib/python3.7/site-packages/airflow/example_dags/example_nested_branch_dag.py
[2022-12-25T15:49:32.156+0000] {processor.py:743} INFO - Processing file /home/airflow/.local/lib/python3.7/site-packages/airflow/example_dags/example_nested_branch_dag.py for tasks to queue
[2022-12-25T15:49:32.157+0000] {logging_mixin.py:137} INFO - [2022-12-25T15:49:32.156+0000] {dagbag.py:538} INFO - Filling up the DagBag from /home/airflow/.local/lib/python3.7/site-packages/airflow/example_dags/example_nested_branch_dag.py
[2022-12-25T15:49:32.181+0000] {processor.py:753} INFO - DAG(s) dict_keys(['example_nested_branch_dag']) retrieved from /home/airflow/.local/lib/python3.7/site-packages/airflow/example_dags/example_nested_branch_dag.py
[2022-12-25T15:49:32.218+0000] {logging_mixin.py:137} INFO - [2022-12-25T15:49:32.218+0000] {dag.py:2676} INFO - Sync 1 DAGs
[2022-12-25T15:49:32.243+0000] {logging_mixin.py:137} INFO - [2022-12-25T15:49:32.243+0000] {dag.py:3427} INFO - Setting next_dagrun for example_nested_branch_dag to 2022-12-24T00:00:00+00:00, run_after=2022-12-25T00:00:00+00:00
[2022-12-25T15:49:32.263+0000] {processor.py:175} INFO - Processing /home/airflow/.local/lib/python3.7/site-packages/airflow/example_dags/example_nested_branch_dag.py took 0.113 seconds
[2022-12-25T15:50:02.460+0000] {processor.py:153} INFO - Started process (PID=8574) to work on /home/airflow/.local/lib/python3.7/site-packages/airflow/example_dags/example_nested_branch_dag.py
[2022-12-25T15:50:02.462+0000] {processor.py:743} INFO - Processing file /home/airflow/.local/lib/python3.7/site-packages/airflow/example_dags/example_nested_branch_dag.py for tasks to queue
[2022-12-25T15:50:02.463+0000] {logging_mixin.py:137} INFO - [2022-12-25T15:50:02.463+0000] {dagbag.py:538} INFO - Filling up the DagBag from /home/airflow/.local/lib/python3.7/site-packages/airflow/example_dags/example_nested_branch_dag.py
[2022-12-25T15:50:02.498+0000] {processor.py:753} INFO - DAG(s) dict_keys(['example_nested_branch_dag']) retrieved from /home/airflow/.local/lib/python3.7/site-packages/airflow/example_dags/example_nested_branch_dag.py
[2022-12-25T15:50:02.539+0000] {logging_mixin.py:137} INFO - [2022-12-25T15:50:02.539+0000] {dag.py:2676} INFO - Sync 1 DAGs
[2022-12-25T15:50:02.568+0000] {logging_mixin.py:137} INFO - [2022-12-25T15:50:02.568+0000] {dag.py:3427} INFO - Setting next_dagrun for example_nested_branch_dag to 2022-12-24T00:00:00+00:00, run_after=2022-12-25T00:00:00+00:00
[2022-12-25T15:50:02.595+0000] {processor.py:175} INFO - Processing /home/airflow/.local/lib/python3.7/site-packages/airflow/example_dags/example_nested_branch_dag.py took 0.143 seconds
[2022-12-25T15:50:32.728+0000] {processor.py:153} INFO - Started process (PID=8804) to work on /home/airflow/.local/lib/python3.7/site-packages/airflow/example_dags/example_nested_branch_dag.py
[2022-12-25T15:50:32.732+0000] {processor.py:743} INFO - Processing file /home/airflow/.local/lib/python3.7/site-packages/airflow/example_dags/example_nested_branch_dag.py for tasks to queue
[2022-12-25T15:50:32.733+0000] {logging_mixin.py:137} INFO - [2022-12-25T15:50:32.732+0000] {dagbag.py:538} INFO - Filling up the DagBag from /home/airflow/.local/lib/python3.7/site-packages/airflow/example_dags/example_nested_branch_dag.py
[2022-12-25T15:50:32.761+0000] {processor.py:753} INFO - DAG(s) dict_keys(['example_nested_branch_dag']) retrieved from /home/airflow/.local/lib/python3.7/site-packages/airflow/example_dags/example_nested_branch_dag.py
[2022-12-25T15:50:32.816+0000] {logging_mixin.py:137} INFO - [2022-12-25T15:50:32.816+0000] {dag.py:2676} INFO - Sync 1 DAGs
[2022-12-25T15:50:32.855+0000] {logging_mixin.py:137} INFO - [2022-12-25T15:50:32.855+0000] {dag.py:3427} INFO - Setting next_dagrun for example_nested_branch_dag to 2022-12-24T00:00:00+00:00, run_after=2022-12-25T00:00:00+00:00
[2022-12-25T15:50:32.884+0000] {processor.py:175} INFO - Processing /home/airflow/.local/lib/python3.7/site-packages/airflow/example_dags/example_nested_branch_dag.py took 0.161 seconds
[2022-12-25T15:51:03.001+0000] {processor.py:153} INFO - Started process (PID=9054) to work on /home/airflow/.local/lib/python3.7/site-packages/airflow/example_dags/example_nested_branch_dag.py
[2022-12-25T15:51:03.002+0000] {processor.py:743} INFO - Processing file /home/airflow/.local/lib/python3.7/site-packages/airflow/example_dags/example_nested_branch_dag.py for tasks to queue
[2022-12-25T15:51:03.003+0000] {logging_mixin.py:137} INFO - [2022-12-25T15:51:03.003+0000] {dagbag.py:538} INFO - Filling up the DagBag from /home/airflow/.local/lib/python3.7/site-packages/airflow/example_dags/example_nested_branch_dag.py
[2022-12-25T15:51:03.027+0000] {processor.py:753} INFO - DAG(s) dict_keys(['example_nested_branch_dag']) retrieved from /home/airflow/.local/lib/python3.7/site-packages/airflow/example_dags/example_nested_branch_dag.py
[2022-12-25T15:51:03.069+0000] {logging_mixin.py:137} INFO - [2022-12-25T15:51:03.069+0000] {dag.py:2676} INFO - Sync 1 DAGs
[2022-12-25T15:51:03.104+0000] {logging_mixin.py:137} INFO - [2022-12-25T15:51:03.104+0000] {dag.py:3427} INFO - Setting next_dagrun for example_nested_branch_dag to 2022-12-24T00:00:00+00:00, run_after=2022-12-25T00:00:00+00:00
[2022-12-25T15:51:03.135+0000] {processor.py:175} INFO - Processing /home/airflow/.local/lib/python3.7/site-packages/airflow/example_dags/example_nested_branch_dag.py took 0.137 seconds
[2022-12-25T15:51:33.403+0000] {processor.py:153} INFO - Started process (PID=9284) to work on /home/airflow/.local/lib/python3.7/site-packages/airflow/example_dags/example_nested_branch_dag.py
[2022-12-25T15:51:33.405+0000] {processor.py:743} INFO - Processing file /home/airflow/.local/lib/python3.7/site-packages/airflow/example_dags/example_nested_branch_dag.py for tasks to queue
[2022-12-25T15:51:33.405+0000] {logging_mixin.py:137} INFO - [2022-12-25T15:51:33.405+0000] {dagbag.py:538} INFO - Filling up the DagBag from /home/airflow/.local/lib/python3.7/site-packages/airflow/example_dags/example_nested_branch_dag.py
[2022-12-25T15:51:33.430+0000] {processor.py:753} INFO - DAG(s) dict_keys(['example_nested_branch_dag']) retrieved from /home/airflow/.local/lib/python3.7/site-packages/airflow/example_dags/example_nested_branch_dag.py
[2022-12-25T15:51:33.484+0000] {logging_mixin.py:137} INFO - [2022-12-25T15:51:33.484+0000] {dag.py:2676} INFO - Sync 1 DAGs
[2022-12-25T15:51:33.523+0000] {logging_mixin.py:137} INFO - [2022-12-25T15:51:33.522+0000] {dag.py:3427} INFO - Setting next_dagrun for example_nested_branch_dag to 2022-12-24T00:00:00+00:00, run_after=2022-12-25T00:00:00+00:00
[2022-12-25T15:51:33.552+0000] {processor.py:175} INFO - Processing /home/airflow/.local/lib/python3.7/site-packages/airflow/example_dags/example_nested_branch_dag.py took 0.152 seconds
[2022-12-25T15:52:03.653+0000] {processor.py:153} INFO - Started process (PID=9514) to work on /home/airflow/.local/lib/python3.7/site-packages/airflow/example_dags/example_nested_branch_dag.py
[2022-12-25T15:52:03.655+0000] {processor.py:743} INFO - Processing file /home/airflow/.local/lib/python3.7/site-packages/airflow/example_dags/example_nested_branch_dag.py for tasks to queue
[2022-12-25T15:52:03.655+0000] {logging_mixin.py:137} INFO - [2022-12-25T15:52:03.655+0000] {dagbag.py:538} INFO - Filling up the DagBag from /home/airflow/.local/lib/python3.7/site-packages/airflow/example_dags/example_nested_branch_dag.py
[2022-12-25T15:52:03.684+0000] {processor.py:753} INFO - DAG(s) dict_keys(['example_nested_branch_dag']) retrieved from /home/airflow/.local/lib/python3.7/site-packages/airflow/example_dags/example_nested_branch_dag.py
[2022-12-25T15:52:03.733+0000] {logging_mixin.py:137} INFO - [2022-12-25T15:52:03.733+0000] {dag.py:2676} INFO - Sync 1 DAGs
[2022-12-25T15:52:03.761+0000] {logging_mixin.py:137} INFO - [2022-12-25T15:52:03.761+0000] {dag.py:3427} INFO - Setting next_dagrun for example_nested_branch_dag to 2022-12-24T00:00:00+00:00, run_after=2022-12-25T00:00:00+00:00
[2022-12-25T15:52:03.791+0000] {processor.py:175} INFO - Processing /home/airflow/.local/lib/python3.7/site-packages/airflow/example_dags/example_nested_branch_dag.py took 0.142 seconds
[2022-12-25T15:52:34.698+0000] {processor.py:153} INFO - Started process (PID=9744) to work on /home/airflow/.local/lib/python3.7/site-packages/airflow/example_dags/example_nested_branch_dag.py
[2022-12-25T15:52:34.700+0000] {processor.py:743} INFO - Processing file /home/airflow/.local/lib/python3.7/site-packages/airflow/example_dags/example_nested_branch_dag.py for tasks to queue
[2022-12-25T15:52:34.700+0000] {logging_mixin.py:137} INFO - [2022-12-25T15:52:34.700+0000] {dagbag.py:538} INFO - Filling up the DagBag from /home/airflow/.local/lib/python3.7/site-packages/airflow/example_dags/example_nested_branch_dag.py
[2022-12-25T15:52:34.723+0000] {processor.py:753} INFO - DAG(s) dict_keys(['example_nested_branch_dag']) retrieved from /home/airflow/.local/lib/python3.7/site-packages/airflow/example_dags/example_nested_branch_dag.py
[2022-12-25T15:52:34.761+0000] {logging_mixin.py:137} INFO - [2022-12-25T15:52:34.760+0000] {dag.py:2676} INFO - Sync 1 DAGs
[2022-12-25T15:52:34.789+0000] {logging_mixin.py:137} INFO - [2022-12-25T15:52:34.789+0000] {dag.py:3427} INFO - Setting next_dagrun for example_nested_branch_dag to 2022-12-24T00:00:00+00:00, run_after=2022-12-25T00:00:00+00:00
[2022-12-25T15:52:34.818+0000] {processor.py:175} INFO - Processing /home/airflow/.local/lib/python3.7/site-packages/airflow/example_dags/example_nested_branch_dag.py took 0.123 seconds
[2022-12-25T15:53:05.704+0000] {processor.py:153} INFO - Started process (PID=9994) to work on /home/airflow/.local/lib/python3.7/site-packages/airflow/example_dags/example_nested_branch_dag.py
[2022-12-25T15:53:05.707+0000] {processor.py:743} INFO - Processing file /home/airflow/.local/lib/python3.7/site-packages/airflow/example_dags/example_nested_branch_dag.py for tasks to queue
[2022-12-25T15:53:05.708+0000] {logging_mixin.py:137} INFO - [2022-12-25T15:53:05.708+0000] {dagbag.py:538} INFO - Filling up the DagBag from /home/airflow/.local/lib/python3.7/site-packages/airflow/example_dags/example_nested_branch_dag.py
[2022-12-25T15:53:05.742+0000] {processor.py:753} INFO - DAG(s) dict_keys(['example_nested_branch_dag']) retrieved from /home/airflow/.local/lib/python3.7/site-packages/airflow/example_dags/example_nested_branch_dag.py
[2022-12-25T15:53:05.801+0000] {logging_mixin.py:137} INFO - [2022-12-25T15:53:05.801+0000] {dag.py:2676} INFO - Sync 1 DAGs
[2022-12-25T15:53:05.842+0000] {logging_mixin.py:137} INFO - [2022-12-25T15:53:05.842+0000] {dag.py:3427} INFO - Setting next_dagrun for example_nested_branch_dag to 2022-12-24T00:00:00+00:00, run_after=2022-12-25T00:00:00+00:00
[2022-12-25T15:53:05.864+0000] {processor.py:175} INFO - Processing /home/airflow/.local/lib/python3.7/site-packages/airflow/example_dags/example_nested_branch_dag.py took 0.164 seconds
