[2022-12-25T15:32:09.624+0000] {processor.py:153} INFO - Started process (PID=253) to work on /home/airflow/.local/lib/python3.7/site-packages/airflow/example_dags/example_branch_operator_decorator.py
[2022-12-25T15:32:09.625+0000] {processor.py:743} INFO - Processing file /home/airflow/.local/lib/python3.7/site-packages/airflow/example_dags/example_branch_operator_decorator.py for tasks to queue
[2022-12-25T15:32:09.626+0000] {logging_mixin.py:137} INFO - [2022-12-25T15:32:09.626+0000] {dagbag.py:538} INFO - Filling up the DagBag from /home/airflow/.local/lib/python3.7/site-packages/airflow/example_dags/example_branch_operator_decorator.py
[2022-12-25T15:32:09.708+0000] {processor.py:753} INFO - DAG(s) dict_keys(['example_branch_python_operator_decorator']) retrieved from /home/airflow/.local/lib/python3.7/site-packages/airflow/example_dags/example_branch_operator_decorator.py
[2022-12-25T15:32:09.892+0000] {logging_mixin.py:137} INFO - [2022-12-25T15:32:09.892+0000] {dag.py:2676} INFO - Sync 1 DAGs
[2022-12-25T15:32:10.106+0000] {logging_mixin.py:137} INFO - [2022-12-25T15:32:10.106+0000] {dag.py:3427} INFO - Setting next_dagrun for example_branch_python_operator_decorator to 2022-12-24T00:00:00+00:00, run_after=2022-12-25T00:00:00+00:00
[2022-12-25T15:32:10.218+0000] {processor.py:175} INFO - Processing /home/airflow/.local/lib/python3.7/site-packages/airflow/example_dags/example_branch_operator_decorator.py took 0.598 seconds
[2022-12-25T15:32:40.886+0000] {processor.py:153} INFO - Started process (PID=485) to work on /home/airflow/.local/lib/python3.7/site-packages/airflow/example_dags/example_branch_operator_decorator.py
[2022-12-25T15:32:40.896+0000] {processor.py:743} INFO - Processing file /home/airflow/.local/lib/python3.7/site-packages/airflow/example_dags/example_branch_operator_decorator.py for tasks to queue
[2022-12-25T15:32:40.897+0000] {logging_mixin.py:137} INFO - [2022-12-25T15:32:40.897+0000] {dagbag.py:538} INFO - Filling up the DagBag from /home/airflow/.local/lib/python3.7/site-packages/airflow/example_dags/example_branch_operator_decorator.py
[2022-12-25T15:32:40.925+0000] {processor.py:753} INFO - DAG(s) dict_keys(['example_branch_python_operator_decorator']) retrieved from /home/airflow/.local/lib/python3.7/site-packages/airflow/example_dags/example_branch_operator_decorator.py
[2022-12-25T15:32:40.965+0000] {logging_mixin.py:137} INFO - [2022-12-25T15:32:40.965+0000] {dag.py:2676} INFO - Sync 1 DAGs
[2022-12-25T15:32:40.992+0000] {logging_mixin.py:137} INFO - [2022-12-25T15:32:40.992+0000] {dag.py:3427} INFO - Setting next_dagrun for example_branch_python_operator_decorator to 2022-12-24T00:00:00+00:00, run_after=2022-12-25T00:00:00+00:00
[2022-12-25T15:32:41.012+0000] {processor.py:175} INFO - Processing /home/airflow/.local/lib/python3.7/site-packages/airflow/example_dags/example_branch_operator_decorator.py took 0.133 seconds
[2022-12-25T15:33:11.127+0000] {processor.py:153} INFO - Started process (PID=714) to work on /home/airflow/.local/lib/python3.7/site-packages/airflow/example_dags/example_branch_operator_decorator.py
[2022-12-25T15:33:11.129+0000] {processor.py:743} INFO - Processing file /home/airflow/.local/lib/python3.7/site-packages/airflow/example_dags/example_branch_operator_decorator.py for tasks to queue
[2022-12-25T15:33:11.130+0000] {logging_mixin.py:137} INFO - [2022-12-25T15:33:11.130+0000] {dagbag.py:538} INFO - Filling up the DagBag from /home/airflow/.local/lib/python3.7/site-packages/airflow/example_dags/example_branch_operator_decorator.py
[2022-12-25T15:33:11.169+0000] {processor.py:753} INFO - DAG(s) dict_keys(['example_branch_python_operator_decorator']) retrieved from /home/airflow/.local/lib/python3.7/site-packages/airflow/example_dags/example_branch_operator_decorator.py
[2022-12-25T15:33:11.284+0000] {logging_mixin.py:137} INFO - [2022-12-25T15:33:11.284+0000] {dag.py:2676} INFO - Sync 1 DAGs
[2022-12-25T15:33:11.324+0000] {logging_mixin.py:137} INFO - [2022-12-25T15:33:11.323+0000] {dag.py:3427} INFO - Setting next_dagrun for example_branch_python_operator_decorator to 2022-12-24T00:00:00+00:00, run_after=2022-12-25T00:00:00+00:00
[2022-12-25T15:33:11.347+0000] {processor.py:175} INFO - Processing /home/airflow/.local/lib/python3.7/site-packages/airflow/example_dags/example_branch_operator_decorator.py took 0.225 seconds
[2022-12-25T15:33:41.626+0000] {processor.py:153} INFO - Started process (PID=950) to work on /home/airflow/.local/lib/python3.7/site-packages/airflow/example_dags/example_branch_operator_decorator.py
[2022-12-25T15:33:41.628+0000] {processor.py:743} INFO - Processing file /home/airflow/.local/lib/python3.7/site-packages/airflow/example_dags/example_branch_operator_decorator.py for tasks to queue
[2022-12-25T15:33:41.629+0000] {logging_mixin.py:137} INFO - [2022-12-25T15:33:41.628+0000] {dagbag.py:538} INFO - Filling up the DagBag from /home/airflow/.local/lib/python3.7/site-packages/airflow/example_dags/example_branch_operator_decorator.py
[2022-12-25T15:33:41.667+0000] {processor.py:753} INFO - DAG(s) dict_keys(['example_branch_python_operator_decorator']) retrieved from /home/airflow/.local/lib/python3.7/site-packages/airflow/example_dags/example_branch_operator_decorator.py
[2022-12-25T15:33:41.731+0000] {logging_mixin.py:137} INFO - [2022-12-25T15:33:41.730+0000] {dag.py:2676} INFO - Sync 1 DAGs
[2022-12-25T15:33:41.779+0000] {logging_mixin.py:137} INFO - [2022-12-25T15:33:41.779+0000] {dag.py:3427} INFO - Setting next_dagrun for example_branch_python_operator_decorator to 2022-12-24T00:00:00+00:00, run_after=2022-12-25T00:00:00+00:00
[2022-12-25T15:33:41.819+0000] {processor.py:175} INFO - Processing /home/airflow/.local/lib/python3.7/site-packages/airflow/example_dags/example_branch_operator_decorator.py took 0.196 seconds
[2022-12-25T15:34:12.863+0000] {processor.py:153} INFO - Started process (PID=1195) to work on /home/airflow/.local/lib/python3.7/site-packages/airflow/example_dags/example_branch_operator_decorator.py
[2022-12-25T15:34:12.865+0000] {processor.py:743} INFO - Processing file /home/airflow/.local/lib/python3.7/site-packages/airflow/example_dags/example_branch_operator_decorator.py for tasks to queue
[2022-12-25T15:34:12.865+0000] {logging_mixin.py:137} INFO - [2022-12-25T15:34:12.865+0000] {dagbag.py:538} INFO - Filling up the DagBag from /home/airflow/.local/lib/python3.7/site-packages/airflow/example_dags/example_branch_operator_decorator.py
[2022-12-25T15:34:12.907+0000] {processor.py:753} INFO - DAG(s) dict_keys(['example_branch_python_operator_decorator']) retrieved from /home/airflow/.local/lib/python3.7/site-packages/airflow/example_dags/example_branch_operator_decorator.py
[2022-12-25T15:34:12.953+0000] {logging_mixin.py:137} INFO - [2022-12-25T15:34:12.953+0000] {dag.py:2676} INFO - Sync 1 DAGs
[2022-12-25T15:34:12.987+0000] {logging_mixin.py:137} INFO - [2022-12-25T15:34:12.987+0000] {dag.py:3427} INFO - Setting next_dagrun for example_branch_python_operator_decorator to 2022-12-24T00:00:00+00:00, run_after=2022-12-25T00:00:00+00:00
[2022-12-25T15:34:13.012+0000] {processor.py:175} INFO - Processing /home/airflow/.local/lib/python3.7/site-packages/airflow/example_dags/example_branch_operator_decorator.py took 0.152 seconds
[2022-12-25T15:34:43.637+0000] {processor.py:153} INFO - Started process (PID=1425) to work on /home/airflow/.local/lib/python3.7/site-packages/airflow/example_dags/example_branch_operator_decorator.py
[2022-12-25T15:34:43.639+0000] {processor.py:743} INFO - Processing file /home/airflow/.local/lib/python3.7/site-packages/airflow/example_dags/example_branch_operator_decorator.py for tasks to queue
[2022-12-25T15:34:43.639+0000] {logging_mixin.py:137} INFO - [2022-12-25T15:34:43.639+0000] {dagbag.py:538} INFO - Filling up the DagBag from /home/airflow/.local/lib/python3.7/site-packages/airflow/example_dags/example_branch_operator_decorator.py
[2022-12-25T15:34:43.667+0000] {processor.py:753} INFO - DAG(s) dict_keys(['example_branch_python_operator_decorator']) retrieved from /home/airflow/.local/lib/python3.7/site-packages/airflow/example_dags/example_branch_operator_decorator.py
[2022-12-25T15:34:43.706+0000] {logging_mixin.py:137} INFO - [2022-12-25T15:34:43.706+0000] {dag.py:2676} INFO - Sync 1 DAGs
[2022-12-25T15:34:43.734+0000] {logging_mixin.py:137} INFO - [2022-12-25T15:34:43.734+0000] {dag.py:3427} INFO - Setting next_dagrun for example_branch_python_operator_decorator to 2022-12-24T00:00:00+00:00, run_after=2022-12-25T00:00:00+00:00
[2022-12-25T15:34:43.758+0000] {processor.py:175} INFO - Processing /home/airflow/.local/lib/python3.7/site-packages/airflow/example_dags/example_branch_operator_decorator.py took 0.125 seconds
[2022-12-25T15:35:14.403+0000] {processor.py:153} INFO - Started process (PID=1664) to work on /home/airflow/.local/lib/python3.7/site-packages/airflow/example_dags/example_branch_operator_decorator.py
[2022-12-25T15:35:14.405+0000] {processor.py:743} INFO - Processing file /home/airflow/.local/lib/python3.7/site-packages/airflow/example_dags/example_branch_operator_decorator.py for tasks to queue
[2022-12-25T15:35:14.406+0000] {logging_mixin.py:137} INFO - [2022-12-25T15:35:14.406+0000] {dagbag.py:538} INFO - Filling up the DagBag from /home/airflow/.local/lib/python3.7/site-packages/airflow/example_dags/example_branch_operator_decorator.py
[2022-12-25T15:35:14.433+0000] {processor.py:753} INFO - DAG(s) dict_keys(['example_branch_python_operator_decorator']) retrieved from /home/airflow/.local/lib/python3.7/site-packages/airflow/example_dags/example_branch_operator_decorator.py
[2022-12-25T15:35:14.474+0000] {logging_mixin.py:137} INFO - [2022-12-25T15:35:14.474+0000] {dag.py:2676} INFO - Sync 1 DAGs
[2022-12-25T15:35:14.510+0000] {logging_mixin.py:137} INFO - [2022-12-25T15:35:14.510+0000] {dag.py:3427} INFO - Setting next_dagrun for example_branch_python_operator_decorator to 2022-12-24T00:00:00+00:00, run_after=2022-12-25T00:00:00+00:00
[2022-12-25T15:35:14.534+0000] {processor.py:175} INFO - Processing /home/airflow/.local/lib/python3.7/site-packages/airflow/example_dags/example_branch_operator_decorator.py took 0.136 seconds
[2022-12-25T15:35:44.595+0000] {processor.py:153} INFO - Started process (PID=1907) to work on /home/airflow/.local/lib/python3.7/site-packages/airflow/example_dags/example_branch_operator_decorator.py
[2022-12-25T15:35:44.596+0000] {processor.py:743} INFO - Processing file /home/airflow/.local/lib/python3.7/site-packages/airflow/example_dags/example_branch_operator_decorator.py for tasks to queue
[2022-12-25T15:35:44.597+0000] {logging_mixin.py:137} INFO - [2022-12-25T15:35:44.597+0000] {dagbag.py:538} INFO - Filling up the DagBag from /home/airflow/.local/lib/python3.7/site-packages/airflow/example_dags/example_branch_operator_decorator.py
[2022-12-25T15:35:44.629+0000] {processor.py:753} INFO - DAG(s) dict_keys(['example_branch_python_operator_decorator']) retrieved from /home/airflow/.local/lib/python3.7/site-packages/airflow/example_dags/example_branch_operator_decorator.py
[2022-12-25T15:35:44.673+0000] {logging_mixin.py:137} INFO - [2022-12-25T15:35:44.673+0000] {dag.py:2676} INFO - Sync 1 DAGs
[2022-12-25T15:35:44.703+0000] {logging_mixin.py:137} INFO - [2022-12-25T15:35:44.703+0000] {dag.py:3427} INFO - Setting next_dagrun for example_branch_python_operator_decorator to 2022-12-24T00:00:00+00:00, run_after=2022-12-25T00:00:00+00:00
[2022-12-25T15:35:44.729+0000] {processor.py:175} INFO - Processing /home/airflow/.local/lib/python3.7/site-packages/airflow/example_dags/example_branch_operator_decorator.py took 0.137 seconds
[2022-12-25T15:36:15.358+0000] {processor.py:153} INFO - Started process (PID=2135) to work on /home/airflow/.local/lib/python3.7/site-packages/airflow/example_dags/example_branch_operator_decorator.py
[2022-12-25T15:36:15.359+0000] {processor.py:743} INFO - Processing file /home/airflow/.local/lib/python3.7/site-packages/airflow/example_dags/example_branch_operator_decorator.py for tasks to queue
[2022-12-25T15:36:15.360+0000] {logging_mixin.py:137} INFO - [2022-12-25T15:36:15.360+0000] {dagbag.py:538} INFO - Filling up the DagBag from /home/airflow/.local/lib/python3.7/site-packages/airflow/example_dags/example_branch_operator_decorator.py
[2022-12-25T15:36:15.389+0000] {processor.py:753} INFO - DAG(s) dict_keys(['example_branch_python_operator_decorator']) retrieved from /home/airflow/.local/lib/python3.7/site-packages/airflow/example_dags/example_branch_operator_decorator.py
[2022-12-25T15:36:15.434+0000] {logging_mixin.py:137} INFO - [2022-12-25T15:36:15.434+0000] {dag.py:2676} INFO - Sync 1 DAGs
[2022-12-25T15:36:15.467+0000] {logging_mixin.py:137} INFO - [2022-12-25T15:36:15.467+0000] {dag.py:3427} INFO - Setting next_dagrun for example_branch_python_operator_decorator to 2022-12-24T00:00:00+00:00, run_after=2022-12-25T00:00:00+00:00
[2022-12-25T15:36:15.495+0000] {processor.py:175} INFO - Processing /home/airflow/.local/lib/python3.7/site-packages/airflow/example_dags/example_branch_operator_decorator.py took 0.141 seconds
[2022-12-25T15:36:45.552+0000] {processor.py:153} INFO - Started process (PID=2365) to work on /home/airflow/.local/lib/python3.7/site-packages/airflow/example_dags/example_branch_operator_decorator.py
[2022-12-25T15:36:45.553+0000] {processor.py:743} INFO - Processing file /home/airflow/.local/lib/python3.7/site-packages/airflow/example_dags/example_branch_operator_decorator.py for tasks to queue
[2022-12-25T15:36:45.553+0000] {logging_mixin.py:137} INFO - [2022-12-25T15:36:45.553+0000] {dagbag.py:538} INFO - Filling up the DagBag from /home/airflow/.local/lib/python3.7/site-packages/airflow/example_dags/example_branch_operator_decorator.py
[2022-12-25T15:36:45.577+0000] {processor.py:753} INFO - DAG(s) dict_keys(['example_branch_python_operator_decorator']) retrieved from /home/airflow/.local/lib/python3.7/site-packages/airflow/example_dags/example_branch_operator_decorator.py
[2022-12-25T15:36:45.619+0000] {logging_mixin.py:137} INFO - [2022-12-25T15:36:45.619+0000] {dag.py:2676} INFO - Sync 1 DAGs
[2022-12-25T15:36:45.649+0000] {logging_mixin.py:137} INFO - [2022-12-25T15:36:45.649+0000] {dag.py:3427} INFO - Setting next_dagrun for example_branch_python_operator_decorator to 2022-12-24T00:00:00+00:00, run_after=2022-12-25T00:00:00+00:00
[2022-12-25T15:36:45.671+0000] {processor.py:175} INFO - Processing /home/airflow/.local/lib/python3.7/site-packages/airflow/example_dags/example_branch_operator_decorator.py took 0.122 seconds
[2022-12-25T15:37:16.394+0000] {processor.py:153} INFO - Started process (PID=2617) to work on /home/airflow/.local/lib/python3.7/site-packages/airflow/example_dags/example_branch_operator_decorator.py
[2022-12-25T15:37:16.396+0000] {processor.py:743} INFO - Processing file /home/airflow/.local/lib/python3.7/site-packages/airflow/example_dags/example_branch_operator_decorator.py for tasks to queue
[2022-12-25T15:37:16.397+0000] {logging_mixin.py:137} INFO - [2022-12-25T15:37:16.396+0000] {dagbag.py:538} INFO - Filling up the DagBag from /home/airflow/.local/lib/python3.7/site-packages/airflow/example_dags/example_branch_operator_decorator.py
[2022-12-25T15:37:16.421+0000] {processor.py:753} INFO - DAG(s) dict_keys(['example_branch_python_operator_decorator']) retrieved from /home/airflow/.local/lib/python3.7/site-packages/airflow/example_dags/example_branch_operator_decorator.py
[2022-12-25T15:37:16.463+0000] {logging_mixin.py:137} INFO - [2022-12-25T15:37:16.462+0000] {dag.py:2676} INFO - Sync 1 DAGs
[2022-12-25T15:37:16.489+0000] {logging_mixin.py:137} INFO - [2022-12-25T15:37:16.489+0000] {dag.py:3427} INFO - Setting next_dagrun for example_branch_python_operator_decorator to 2022-12-24T00:00:00+00:00, run_after=2022-12-25T00:00:00+00:00
[2022-12-25T15:37:16.511+0000] {processor.py:175} INFO - Processing /home/airflow/.local/lib/python3.7/site-packages/airflow/example_dags/example_branch_operator_decorator.py took 0.120 seconds
[2022-12-25T15:37:46.566+0000] {processor.py:153} INFO - Started process (PID=2847) to work on /home/airflow/.local/lib/python3.7/site-packages/airflow/example_dags/example_branch_operator_decorator.py
[2022-12-25T15:37:46.568+0000] {processor.py:743} INFO - Processing file /home/airflow/.local/lib/python3.7/site-packages/airflow/example_dags/example_branch_operator_decorator.py for tasks to queue
[2022-12-25T15:37:46.568+0000] {logging_mixin.py:137} INFO - [2022-12-25T15:37:46.568+0000] {dagbag.py:538} INFO - Filling up the DagBag from /home/airflow/.local/lib/python3.7/site-packages/airflow/example_dags/example_branch_operator_decorator.py
[2022-12-25T15:37:46.594+0000] {processor.py:753} INFO - DAG(s) dict_keys(['example_branch_python_operator_decorator']) retrieved from /home/airflow/.local/lib/python3.7/site-packages/airflow/example_dags/example_branch_operator_decorator.py
[2022-12-25T15:37:46.633+0000] {logging_mixin.py:137} INFO - [2022-12-25T15:37:46.632+0000] {dag.py:2676} INFO - Sync 1 DAGs
[2022-12-25T15:37:46.659+0000] {logging_mixin.py:137} INFO - [2022-12-25T15:37:46.659+0000] {dag.py:3427} INFO - Setting next_dagrun for example_branch_python_operator_decorator to 2022-12-24T00:00:00+00:00, run_after=2022-12-25T00:00:00+00:00
[2022-12-25T15:37:46.681+0000] {processor.py:175} INFO - Processing /home/airflow/.local/lib/python3.7/site-packages/airflow/example_dags/example_branch_operator_decorator.py took 0.118 seconds
[2022-12-25T15:38:17.216+0000] {processor.py:153} INFO - Started process (PID=3095) to work on /home/airflow/.local/lib/python3.7/site-packages/airflow/example_dags/example_branch_operator_decorator.py
[2022-12-25T15:38:17.217+0000] {processor.py:743} INFO - Processing file /home/airflow/.local/lib/python3.7/site-packages/airflow/example_dags/example_branch_operator_decorator.py for tasks to queue
[2022-12-25T15:38:17.218+0000] {logging_mixin.py:137} INFO - [2022-12-25T15:38:17.218+0000] {dagbag.py:538} INFO - Filling up the DagBag from /home/airflow/.local/lib/python3.7/site-packages/airflow/example_dags/example_branch_operator_decorator.py
[2022-12-25T15:38:17.244+0000] {processor.py:753} INFO - DAG(s) dict_keys(['example_branch_python_operator_decorator']) retrieved from /home/airflow/.local/lib/python3.7/site-packages/airflow/example_dags/example_branch_operator_decorator.py
[2022-12-25T15:38:17.285+0000] {logging_mixin.py:137} INFO - [2022-12-25T15:38:17.285+0000] {dag.py:2676} INFO - Sync 1 DAGs
[2022-12-25T15:38:17.313+0000] {logging_mixin.py:137} INFO - [2022-12-25T15:38:17.313+0000] {dag.py:3427} INFO - Setting next_dagrun for example_branch_python_operator_decorator to 2022-12-24T00:00:00+00:00, run_after=2022-12-25T00:00:00+00:00
[2022-12-25T15:38:17.334+0000] {processor.py:175} INFO - Processing /home/airflow/.local/lib/python3.7/site-packages/airflow/example_dags/example_branch_operator_decorator.py took 0.121 seconds
[2022-12-25T15:38:47.874+0000] {processor.py:153} INFO - Started process (PID=3325) to work on /home/airflow/.local/lib/python3.7/site-packages/airflow/example_dags/example_branch_operator_decorator.py
[2022-12-25T15:38:47.875+0000] {processor.py:743} INFO - Processing file /home/airflow/.local/lib/python3.7/site-packages/airflow/example_dags/example_branch_operator_decorator.py for tasks to queue
[2022-12-25T15:38:47.876+0000] {logging_mixin.py:137} INFO - [2022-12-25T15:38:47.876+0000] {dagbag.py:538} INFO - Filling up the DagBag from /home/airflow/.local/lib/python3.7/site-packages/airflow/example_dags/example_branch_operator_decorator.py
[2022-12-25T15:38:47.903+0000] {processor.py:753} INFO - DAG(s) dict_keys(['example_branch_python_operator_decorator']) retrieved from /home/airflow/.local/lib/python3.7/site-packages/airflow/example_dags/example_branch_operator_decorator.py
[2022-12-25T15:38:47.944+0000] {logging_mixin.py:137} INFO - [2022-12-25T15:38:47.944+0000] {dag.py:2676} INFO - Sync 1 DAGs
[2022-12-25T15:38:47.971+0000] {logging_mixin.py:137} INFO - [2022-12-25T15:38:47.971+0000] {dag.py:3427} INFO - Setting next_dagrun for example_branch_python_operator_decorator to 2022-12-24T00:00:00+00:00, run_after=2022-12-25T00:00:00+00:00
[2022-12-25T15:38:47.990+0000] {processor.py:175} INFO - Processing /home/airflow/.local/lib/python3.7/site-packages/airflow/example_dags/example_branch_operator_decorator.py took 0.120 seconds
[2022-12-25T15:39:20.015+0000] {processor.py:153} INFO - Started process (PID=3577) to work on /home/airflow/.local/lib/python3.7/site-packages/airflow/example_dags/example_branch_operator_decorator.py
[2022-12-25T15:39:20.017+0000] {processor.py:743} INFO - Processing file /home/airflow/.local/lib/python3.7/site-packages/airflow/example_dags/example_branch_operator_decorator.py for tasks to queue
[2022-12-25T15:39:20.019+0000] {logging_mixin.py:137} INFO - [2022-12-25T15:39:20.019+0000] {dagbag.py:538} INFO - Filling up the DagBag from /home/airflow/.local/lib/python3.7/site-packages/airflow/example_dags/example_branch_operator_decorator.py
[2022-12-25T15:39:20.050+0000] {processor.py:753} INFO - DAG(s) dict_keys(['example_branch_python_operator_decorator']) retrieved from /home/airflow/.local/lib/python3.7/site-packages/airflow/example_dags/example_branch_operator_decorator.py
[2022-12-25T15:39:20.092+0000] {logging_mixin.py:137} INFO - [2022-12-25T15:39:20.092+0000] {dag.py:2676} INFO - Sync 1 DAGs
[2022-12-25T15:39:20.127+0000] {logging_mixin.py:137} INFO - [2022-12-25T15:39:20.127+0000] {dag.py:3427} INFO - Setting next_dagrun for example_branch_python_operator_decorator to 2022-12-24T00:00:00+00:00, run_after=2022-12-25T00:00:00+00:00
[2022-12-25T15:39:20.160+0000] {processor.py:175} INFO - Processing /home/airflow/.local/lib/python3.7/site-packages/airflow/example_dags/example_branch_operator_decorator.py took 0.150 seconds
[2022-12-25T15:39:50.975+0000] {processor.py:153} INFO - Started process (PID=3807) to work on /home/airflow/.local/lib/python3.7/site-packages/airflow/example_dags/example_branch_operator_decorator.py
[2022-12-25T15:39:50.976+0000] {processor.py:743} INFO - Processing file /home/airflow/.local/lib/python3.7/site-packages/airflow/example_dags/example_branch_operator_decorator.py for tasks to queue
[2022-12-25T15:39:50.977+0000] {logging_mixin.py:137} INFO - [2022-12-25T15:39:50.977+0000] {dagbag.py:538} INFO - Filling up the DagBag from /home/airflow/.local/lib/python3.7/site-packages/airflow/example_dags/example_branch_operator_decorator.py
[2022-12-25T15:39:51.001+0000] {processor.py:753} INFO - DAG(s) dict_keys(['example_branch_python_operator_decorator']) retrieved from /home/airflow/.local/lib/python3.7/site-packages/airflow/example_dags/example_branch_operator_decorator.py
[2022-12-25T15:39:51.039+0000] {logging_mixin.py:137} INFO - [2022-12-25T15:39:51.038+0000] {dag.py:2676} INFO - Sync 1 DAGs
[2022-12-25T15:39:51.065+0000] {logging_mixin.py:137} INFO - [2022-12-25T15:39:51.065+0000] {dag.py:3427} INFO - Setting next_dagrun for example_branch_python_operator_decorator to 2022-12-24T00:00:00+00:00, run_after=2022-12-25T00:00:00+00:00
[2022-12-25T15:39:51.086+0000] {processor.py:175} INFO - Processing /home/airflow/.local/lib/python3.7/site-packages/airflow/example_dags/example_branch_operator_decorator.py took 0.114 seconds
[2022-12-25T15:40:21.397+0000] {processor.py:153} INFO - Started process (PID=4038) to work on /home/airflow/.local/lib/python3.7/site-packages/airflow/example_dags/example_branch_operator_decorator.py
[2022-12-25T15:40:21.398+0000] {processor.py:743} INFO - Processing file /home/airflow/.local/lib/python3.7/site-packages/airflow/example_dags/example_branch_operator_decorator.py for tasks to queue
[2022-12-25T15:40:21.399+0000] {logging_mixin.py:137} INFO - [2022-12-25T15:40:21.399+0000] {dagbag.py:538} INFO - Filling up the DagBag from /home/airflow/.local/lib/python3.7/site-packages/airflow/example_dags/example_branch_operator_decorator.py
[2022-12-25T15:40:21.422+0000] {processor.py:753} INFO - DAG(s) dict_keys(['example_branch_python_operator_decorator']) retrieved from /home/airflow/.local/lib/python3.7/site-packages/airflow/example_dags/example_branch_operator_decorator.py
[2022-12-25T15:40:21.460+0000] {logging_mixin.py:137} INFO - [2022-12-25T15:40:21.460+0000] {dag.py:2676} INFO - Sync 1 DAGs
[2022-12-25T15:40:21.489+0000] {logging_mixin.py:137} INFO - [2022-12-25T15:40:21.489+0000] {dag.py:3427} INFO - Setting next_dagrun for example_branch_python_operator_decorator to 2022-12-24T00:00:00+00:00, run_after=2022-12-25T00:00:00+00:00
[2022-12-25T15:40:21.507+0000] {processor.py:175} INFO - Processing /home/airflow/.local/lib/python3.7/site-packages/airflow/example_dags/example_branch_operator_decorator.py took 0.113 seconds
[2022-12-25T15:40:51.679+0000] {processor.py:153} INFO - Started process (PID=4288) to work on /home/airflow/.local/lib/python3.7/site-packages/airflow/example_dags/example_branch_operator_decorator.py
[2022-12-25T15:40:51.680+0000] {processor.py:743} INFO - Processing file /home/airflow/.local/lib/python3.7/site-packages/airflow/example_dags/example_branch_operator_decorator.py for tasks to queue
[2022-12-25T15:40:51.681+0000] {logging_mixin.py:137} INFO - [2022-12-25T15:40:51.681+0000] {dagbag.py:538} INFO - Filling up the DagBag from /home/airflow/.local/lib/python3.7/site-packages/airflow/example_dags/example_branch_operator_decorator.py
[2022-12-25T15:40:51.704+0000] {processor.py:753} INFO - DAG(s) dict_keys(['example_branch_python_operator_decorator']) retrieved from /home/airflow/.local/lib/python3.7/site-packages/airflow/example_dags/example_branch_operator_decorator.py
[2022-12-25T15:40:51.743+0000] {logging_mixin.py:137} INFO - [2022-12-25T15:40:51.742+0000] {dag.py:2676} INFO - Sync 1 DAGs
[2022-12-25T15:40:51.767+0000] {logging_mixin.py:137} INFO - [2022-12-25T15:40:51.767+0000] {dag.py:3427} INFO - Setting next_dagrun for example_branch_python_operator_decorator to 2022-12-24T00:00:00+00:00, run_after=2022-12-25T00:00:00+00:00
[2022-12-25T15:40:51.785+0000] {processor.py:175} INFO - Processing /home/airflow/.local/lib/python3.7/site-packages/airflow/example_dags/example_branch_operator_decorator.py took 0.108 seconds
[2022-12-25T15:41:22.001+0000] {processor.py:153} INFO - Started process (PID=4518) to work on /home/airflow/.local/lib/python3.7/site-packages/airflow/example_dags/example_branch_operator_decorator.py
[2022-12-25T15:41:22.003+0000] {processor.py:743} INFO - Processing file /home/airflow/.local/lib/python3.7/site-packages/airflow/example_dags/example_branch_operator_decorator.py for tasks to queue
[2022-12-25T15:41:22.005+0000] {logging_mixin.py:137} INFO - [2022-12-25T15:41:22.004+0000] {dagbag.py:538} INFO - Filling up the DagBag from /home/airflow/.local/lib/python3.7/site-packages/airflow/example_dags/example_branch_operator_decorator.py
[2022-12-25T15:41:22.043+0000] {processor.py:753} INFO - DAG(s) dict_keys(['example_branch_python_operator_decorator']) retrieved from /home/airflow/.local/lib/python3.7/site-packages/airflow/example_dags/example_branch_operator_decorator.py
[2022-12-25T15:41:22.095+0000] {logging_mixin.py:137} INFO - [2022-12-25T15:41:22.095+0000] {dag.py:2676} INFO - Sync 1 DAGs
[2022-12-25T15:41:22.129+0000] {logging_mixin.py:137} INFO - [2022-12-25T15:41:22.129+0000] {dag.py:3427} INFO - Setting next_dagrun for example_branch_python_operator_decorator to 2022-12-24T00:00:00+00:00, run_after=2022-12-25T00:00:00+00:00
[2022-12-25T15:41:22.160+0000] {processor.py:175} INFO - Processing /home/airflow/.local/lib/python3.7/site-packages/airflow/example_dags/example_branch_operator_decorator.py took 0.166 seconds
[2022-12-25T15:41:52.339+0000] {processor.py:153} INFO - Started process (PID=4768) to work on /home/airflow/.local/lib/python3.7/site-packages/airflow/example_dags/example_branch_operator_decorator.py
[2022-12-25T15:41:52.346+0000] {processor.py:743} INFO - Processing file /home/airflow/.local/lib/python3.7/site-packages/airflow/example_dags/example_branch_operator_decorator.py for tasks to queue
[2022-12-25T15:41:52.347+0000] {logging_mixin.py:137} INFO - [2022-12-25T15:41:52.347+0000] {dagbag.py:538} INFO - Filling up the DagBag from /home/airflow/.local/lib/python3.7/site-packages/airflow/example_dags/example_branch_operator_decorator.py
[2022-12-25T15:41:52.414+0000] {processor.py:753} INFO - DAG(s) dict_keys(['example_branch_python_operator_decorator']) retrieved from /home/airflow/.local/lib/python3.7/site-packages/airflow/example_dags/example_branch_operator_decorator.py
[2022-12-25T15:41:52.462+0000] {logging_mixin.py:137} INFO - [2022-12-25T15:41:52.462+0000] {dag.py:2676} INFO - Sync 1 DAGs
[2022-12-25T15:41:52.493+0000] {logging_mixin.py:137} INFO - [2022-12-25T15:41:52.493+0000] {dag.py:3427} INFO - Setting next_dagrun for example_branch_python_operator_decorator to 2022-12-24T00:00:00+00:00, run_after=2022-12-25T00:00:00+00:00
[2022-12-25T15:41:52.516+0000] {processor.py:175} INFO - Processing /home/airflow/.local/lib/python3.7/site-packages/airflow/example_dags/example_branch_operator_decorator.py took 0.191 seconds
[2022-12-25T15:42:23.399+0000] {processor.py:153} INFO - Started process (PID=4998) to work on /home/airflow/.local/lib/python3.7/site-packages/airflow/example_dags/example_branch_operator_decorator.py
[2022-12-25T15:42:23.400+0000] {processor.py:743} INFO - Processing file /home/airflow/.local/lib/python3.7/site-packages/airflow/example_dags/example_branch_operator_decorator.py for tasks to queue
[2022-12-25T15:42:23.401+0000] {logging_mixin.py:137} INFO - [2022-12-25T15:42:23.401+0000] {dagbag.py:538} INFO - Filling up the DagBag from /home/airflow/.local/lib/python3.7/site-packages/airflow/example_dags/example_branch_operator_decorator.py
[2022-12-25T15:42:23.436+0000] {processor.py:753} INFO - DAG(s) dict_keys(['example_branch_python_operator_decorator']) retrieved from /home/airflow/.local/lib/python3.7/site-packages/airflow/example_dags/example_branch_operator_decorator.py
[2022-12-25T15:42:23.497+0000] {logging_mixin.py:137} INFO - [2022-12-25T15:42:23.496+0000] {dag.py:2676} INFO - Sync 1 DAGs
[2022-12-25T15:42:23.535+0000] {logging_mixin.py:137} INFO - [2022-12-25T15:42:23.535+0000] {dag.py:3427} INFO - Setting next_dagrun for example_branch_python_operator_decorator to 2022-12-24T00:00:00+00:00, run_after=2022-12-25T00:00:00+00:00
[2022-12-25T15:42:23.559+0000] {processor.py:175} INFO - Processing /home/airflow/.local/lib/python3.7/site-packages/airflow/example_dags/example_branch_operator_decorator.py took 0.164 seconds
[2022-12-25T15:42:53.606+0000] {processor.py:153} INFO - Started process (PID=5229) to work on /home/airflow/.local/lib/python3.7/site-packages/airflow/example_dags/example_branch_operator_decorator.py
[2022-12-25T15:42:53.608+0000] {processor.py:743} INFO - Processing file /home/airflow/.local/lib/python3.7/site-packages/airflow/example_dags/example_branch_operator_decorator.py for tasks to queue
[2022-12-25T15:42:53.609+0000] {logging_mixin.py:137} INFO - [2022-12-25T15:42:53.608+0000] {dagbag.py:538} INFO - Filling up the DagBag from /home/airflow/.local/lib/python3.7/site-packages/airflow/example_dags/example_branch_operator_decorator.py
[2022-12-25T15:42:53.638+0000] {processor.py:753} INFO - DAG(s) dict_keys(['example_branch_python_operator_decorator']) retrieved from /home/airflow/.local/lib/python3.7/site-packages/airflow/example_dags/example_branch_operator_decorator.py
[2022-12-25T15:42:53.678+0000] {logging_mixin.py:137} INFO - [2022-12-25T15:42:53.678+0000] {dag.py:2676} INFO - Sync 1 DAGs
[2022-12-25T15:42:53.706+0000] {logging_mixin.py:137} INFO - [2022-12-25T15:42:53.706+0000] {dag.py:3427} INFO - Setting next_dagrun for example_branch_python_operator_decorator to 2022-12-24T00:00:00+00:00, run_after=2022-12-25T00:00:00+00:00
[2022-12-25T15:42:53.728+0000] {processor.py:175} INFO - Processing /home/airflow/.local/lib/python3.7/site-packages/airflow/example_dags/example_branch_operator_decorator.py took 0.127 seconds
[2022-12-25T15:43:24.339+0000] {processor.py:153} INFO - Started process (PID=5479) to work on /home/airflow/.local/lib/python3.7/site-packages/airflow/example_dags/example_branch_operator_decorator.py
[2022-12-25T15:43:24.351+0000] {processor.py:743} INFO - Processing file /home/airflow/.local/lib/python3.7/site-packages/airflow/example_dags/example_branch_operator_decorator.py for tasks to queue
[2022-12-25T15:43:24.352+0000] {logging_mixin.py:137} INFO - [2022-12-25T15:43:24.352+0000] {dagbag.py:538} INFO - Filling up the DagBag from /home/airflow/.local/lib/python3.7/site-packages/airflow/example_dags/example_branch_operator_decorator.py
[2022-12-25T15:43:24.382+0000] {processor.py:753} INFO - DAG(s) dict_keys(['example_branch_python_operator_decorator']) retrieved from /home/airflow/.local/lib/python3.7/site-packages/airflow/example_dags/example_branch_operator_decorator.py
[2022-12-25T15:43:24.422+0000] {logging_mixin.py:137} INFO - [2022-12-25T15:43:24.422+0000] {dag.py:2676} INFO - Sync 1 DAGs
[2022-12-25T15:43:24.448+0000] {logging_mixin.py:137} INFO - [2022-12-25T15:43:24.447+0000] {dag.py:3427} INFO - Setting next_dagrun for example_branch_python_operator_decorator to 2022-12-24T00:00:00+00:00, run_after=2022-12-25T00:00:00+00:00
[2022-12-25T15:43:24.468+0000] {processor.py:175} INFO - Processing /home/airflow/.local/lib/python3.7/site-packages/airflow/example_dags/example_branch_operator_decorator.py took 0.134 seconds
[2022-12-25T15:43:54.565+0000] {processor.py:153} INFO - Started process (PID=5710) to work on /home/airflow/.local/lib/python3.7/site-packages/airflow/example_dags/example_branch_operator_decorator.py
[2022-12-25T15:43:54.566+0000] {processor.py:743} INFO - Processing file /home/airflow/.local/lib/python3.7/site-packages/airflow/example_dags/example_branch_operator_decorator.py for tasks to queue
[2022-12-25T15:43:54.567+0000] {logging_mixin.py:137} INFO - [2022-12-25T15:43:54.567+0000] {dagbag.py:538} INFO - Filling up the DagBag from /home/airflow/.local/lib/python3.7/site-packages/airflow/example_dags/example_branch_operator_decorator.py
[2022-12-25T15:43:54.592+0000] {processor.py:753} INFO - DAG(s) dict_keys(['example_branch_python_operator_decorator']) retrieved from /home/airflow/.local/lib/python3.7/site-packages/airflow/example_dags/example_branch_operator_decorator.py
[2022-12-25T15:43:54.636+0000] {logging_mixin.py:137} INFO - [2022-12-25T15:43:54.636+0000] {dag.py:2676} INFO - Sync 1 DAGs
[2022-12-25T15:43:54.669+0000] {logging_mixin.py:137} INFO - [2022-12-25T15:43:54.669+0000] {dag.py:3427} INFO - Setting next_dagrun for example_branch_python_operator_decorator to 2022-12-24T00:00:00+00:00, run_after=2022-12-25T00:00:00+00:00
[2022-12-25T15:43:54.693+0000] {processor.py:175} INFO - Processing /home/airflow/.local/lib/python3.7/site-packages/airflow/example_dags/example_branch_operator_decorator.py took 0.132 seconds
[2022-12-25T15:44:25.409+0000] {processor.py:153} INFO - Started process (PID=5949) to work on /home/airflow/.local/lib/python3.7/site-packages/airflow/example_dags/example_branch_operator_decorator.py
[2022-12-25T15:44:25.421+0000] {processor.py:743} INFO - Processing file /home/airflow/.local/lib/python3.7/site-packages/airflow/example_dags/example_branch_operator_decorator.py for tasks to queue
[2022-12-25T15:44:25.422+0000] {logging_mixin.py:137} INFO - [2022-12-25T15:44:25.422+0000] {dagbag.py:538} INFO - Filling up the DagBag from /home/airflow/.local/lib/python3.7/site-packages/airflow/example_dags/example_branch_operator_decorator.py
[2022-12-25T15:44:25.447+0000] {processor.py:753} INFO - DAG(s) dict_keys(['example_branch_python_operator_decorator']) retrieved from /home/airflow/.local/lib/python3.7/site-packages/airflow/example_dags/example_branch_operator_decorator.py
[2022-12-25T15:44:25.486+0000] {logging_mixin.py:137} INFO - [2022-12-25T15:44:25.486+0000] {dag.py:2676} INFO - Sync 1 DAGs
[2022-12-25T15:44:25.516+0000] {logging_mixin.py:137} INFO - [2022-12-25T15:44:25.515+0000] {dag.py:3427} INFO - Setting next_dagrun for example_branch_python_operator_decorator to 2022-12-24T00:00:00+00:00, run_after=2022-12-25T00:00:00+00:00
[2022-12-25T15:44:25.538+0000] {processor.py:175} INFO - Processing /home/airflow/.local/lib/python3.7/site-packages/airflow/example_dags/example_branch_operator_decorator.py took 0.133 seconds
[2022-12-25T15:44:56.325+0000] {processor.py:153} INFO - Started process (PID=6190) to work on /home/airflow/.local/lib/python3.7/site-packages/airflow/example_dags/example_branch_operator_decorator.py
[2022-12-25T15:44:56.326+0000] {processor.py:743} INFO - Processing file /home/airflow/.local/lib/python3.7/site-packages/airflow/example_dags/example_branch_operator_decorator.py for tasks to queue
[2022-12-25T15:44:56.327+0000] {logging_mixin.py:137} INFO - [2022-12-25T15:44:56.327+0000] {dagbag.py:538} INFO - Filling up the DagBag from /home/airflow/.local/lib/python3.7/site-packages/airflow/example_dags/example_branch_operator_decorator.py
[2022-12-25T15:44:56.354+0000] {processor.py:753} INFO - DAG(s) dict_keys(['example_branch_python_operator_decorator']) retrieved from /home/airflow/.local/lib/python3.7/site-packages/airflow/example_dags/example_branch_operator_decorator.py
[2022-12-25T15:44:56.429+0000] {logging_mixin.py:137} INFO - [2022-12-25T15:44:56.429+0000] {dag.py:2676} INFO - Sync 1 DAGs
[2022-12-25T15:44:56.469+0000] {logging_mixin.py:137} INFO - [2022-12-25T15:44:56.468+0000] {dag.py:3427} INFO - Setting next_dagrun for example_branch_python_operator_decorator to 2022-12-24T00:00:00+00:00, run_after=2022-12-25T00:00:00+00:00
[2022-12-25T15:44:56.501+0000] {processor.py:175} INFO - Processing /home/airflow/.local/lib/python3.7/site-packages/airflow/example_dags/example_branch_operator_decorator.py took 0.180 seconds
[2022-12-25T15:45:27.438+0000] {processor.py:153} INFO - Started process (PID=6420) to work on /home/airflow/.local/lib/python3.7/site-packages/airflow/example_dags/example_branch_operator_decorator.py
[2022-12-25T15:45:27.439+0000] {processor.py:743} INFO - Processing file /home/airflow/.local/lib/python3.7/site-packages/airflow/example_dags/example_branch_operator_decorator.py for tasks to queue
[2022-12-25T15:45:27.440+0000] {logging_mixin.py:137} INFO - [2022-12-25T15:45:27.440+0000] {dagbag.py:538} INFO - Filling up the DagBag from /home/airflow/.local/lib/python3.7/site-packages/airflow/example_dags/example_branch_operator_decorator.py
[2022-12-25T15:45:27.474+0000] {processor.py:753} INFO - DAG(s) dict_keys(['example_branch_python_operator_decorator']) retrieved from /home/airflow/.local/lib/python3.7/site-packages/airflow/example_dags/example_branch_operator_decorator.py
[2022-12-25T15:45:27.530+0000] {logging_mixin.py:137} INFO - [2022-12-25T15:45:27.530+0000] {dag.py:2676} INFO - Sync 1 DAGs
[2022-12-25T15:45:27.561+0000] {logging_mixin.py:137} INFO - [2022-12-25T15:45:27.561+0000] {dag.py:3427} INFO - Setting next_dagrun for example_branch_python_operator_decorator to 2022-12-24T00:00:00+00:00, run_after=2022-12-25T00:00:00+00:00
[2022-12-25T15:45:27.584+0000] {processor.py:175} INFO - Processing /home/airflow/.local/lib/python3.7/site-packages/airflow/example_dags/example_branch_operator_decorator.py took 0.151 seconds
[2022-12-25T15:45:57.861+0000] {processor.py:153} INFO - Started process (PID=6670) to work on /home/airflow/.local/lib/python3.7/site-packages/airflow/example_dags/example_branch_operator_decorator.py
[2022-12-25T15:45:57.862+0000] {processor.py:743} INFO - Processing file /home/airflow/.local/lib/python3.7/site-packages/airflow/example_dags/example_branch_operator_decorator.py for tasks to queue
[2022-12-25T15:45:57.863+0000] {logging_mixin.py:137} INFO - [2022-12-25T15:45:57.863+0000] {dagbag.py:538} INFO - Filling up the DagBag from /home/airflow/.local/lib/python3.7/site-packages/airflow/example_dags/example_branch_operator_decorator.py
[2022-12-25T15:45:57.894+0000] {processor.py:753} INFO - DAG(s) dict_keys(['example_branch_python_operator_decorator']) retrieved from /home/airflow/.local/lib/python3.7/site-packages/airflow/example_dags/example_branch_operator_decorator.py
[2022-12-25T15:45:57.937+0000] {logging_mixin.py:137} INFO - [2022-12-25T15:45:57.937+0000] {dag.py:2676} INFO - Sync 1 DAGs
[2022-12-25T15:45:57.965+0000] {logging_mixin.py:137} INFO - [2022-12-25T15:45:57.965+0000] {dag.py:3427} INFO - Setting next_dagrun for example_branch_python_operator_decorator to 2022-12-24T00:00:00+00:00, run_after=2022-12-25T00:00:00+00:00
[2022-12-25T15:45:57.988+0000] {processor.py:175} INFO - Processing /home/airflow/.local/lib/python3.7/site-packages/airflow/example_dags/example_branch_operator_decorator.py took 0.132 seconds
[2022-12-25T15:46:28.014+0000] {processor.py:153} INFO - Started process (PID=6900) to work on /home/airflow/.local/lib/python3.7/site-packages/airflow/example_dags/example_branch_operator_decorator.py
[2022-12-25T15:46:28.015+0000] {processor.py:743} INFO - Processing file /home/airflow/.local/lib/python3.7/site-packages/airflow/example_dags/example_branch_operator_decorator.py for tasks to queue
[2022-12-25T15:46:28.016+0000] {logging_mixin.py:137} INFO - [2022-12-25T15:46:28.016+0000] {dagbag.py:538} INFO - Filling up the DagBag from /home/airflow/.local/lib/python3.7/site-packages/airflow/example_dags/example_branch_operator_decorator.py
[2022-12-25T15:46:28.037+0000] {processor.py:753} INFO - DAG(s) dict_keys(['example_branch_python_operator_decorator']) retrieved from /home/airflow/.local/lib/python3.7/site-packages/airflow/example_dags/example_branch_operator_decorator.py
[2022-12-25T15:46:28.078+0000] {logging_mixin.py:137} INFO - [2022-12-25T15:46:28.078+0000] {dag.py:2676} INFO - Sync 1 DAGs
[2022-12-25T15:46:28.111+0000] {logging_mixin.py:137} INFO - [2022-12-25T15:46:28.111+0000] {dag.py:3427} INFO - Setting next_dagrun for example_branch_python_operator_decorator to 2022-12-24T00:00:00+00:00, run_after=2022-12-25T00:00:00+00:00
[2022-12-25T15:46:28.136+0000] {processor.py:175} INFO - Processing /home/airflow/.local/lib/python3.7/site-packages/airflow/example_dags/example_branch_operator_decorator.py took 0.124 seconds
[2022-12-25T15:46:58.435+0000] {processor.py:153} INFO - Started process (PID=7150) to work on /home/airflow/.local/lib/python3.7/site-packages/airflow/example_dags/example_branch_operator_decorator.py
[2022-12-25T15:46:58.436+0000] {processor.py:743} INFO - Processing file /home/airflow/.local/lib/python3.7/site-packages/airflow/example_dags/example_branch_operator_decorator.py for tasks to queue
[2022-12-25T15:46:58.437+0000] {logging_mixin.py:137} INFO - [2022-12-25T15:46:58.437+0000] {dagbag.py:538} INFO - Filling up the DagBag from /home/airflow/.local/lib/python3.7/site-packages/airflow/example_dags/example_branch_operator_decorator.py
[2022-12-25T15:46:58.462+0000] {processor.py:753} INFO - DAG(s) dict_keys(['example_branch_python_operator_decorator']) retrieved from /home/airflow/.local/lib/python3.7/site-packages/airflow/example_dags/example_branch_operator_decorator.py
[2022-12-25T15:46:58.513+0000] {logging_mixin.py:137} INFO - [2022-12-25T15:46:58.512+0000] {dag.py:2676} INFO - Sync 1 DAGs
[2022-12-25T15:46:58.541+0000] {logging_mixin.py:137} INFO - [2022-12-25T15:46:58.541+0000] {dag.py:3427} INFO - Setting next_dagrun for example_branch_python_operator_decorator to 2022-12-24T00:00:00+00:00, run_after=2022-12-25T00:00:00+00:00
[2022-12-25T15:46:58.563+0000] {processor.py:175} INFO - Processing /home/airflow/.local/lib/python3.7/site-packages/airflow/example_dags/example_branch_operator_decorator.py took 0.131 seconds
[2022-12-25T15:47:29.049+0000] {processor.py:153} INFO - Started process (PID=7381) to work on /home/airflow/.local/lib/python3.7/site-packages/airflow/example_dags/example_branch_operator_decorator.py
[2022-12-25T15:47:29.050+0000] {processor.py:743} INFO - Processing file /home/airflow/.local/lib/python3.7/site-packages/airflow/example_dags/example_branch_operator_decorator.py for tasks to queue
[2022-12-25T15:47:29.050+0000] {logging_mixin.py:137} INFO - [2022-12-25T15:47:29.050+0000] {dagbag.py:538} INFO - Filling up the DagBag from /home/airflow/.local/lib/python3.7/site-packages/airflow/example_dags/example_branch_operator_decorator.py
[2022-12-25T15:47:29.078+0000] {processor.py:753} INFO - DAG(s) dict_keys(['example_branch_python_operator_decorator']) retrieved from /home/airflow/.local/lib/python3.7/site-packages/airflow/example_dags/example_branch_operator_decorator.py
[2022-12-25T15:47:29.129+0000] {logging_mixin.py:137} INFO - [2022-12-25T15:47:29.128+0000] {dag.py:2676} INFO - Sync 1 DAGs
[2022-12-25T15:47:29.162+0000] {logging_mixin.py:137} INFO - [2022-12-25T15:47:29.162+0000] {dag.py:3427} INFO - Setting next_dagrun for example_branch_python_operator_decorator to 2022-12-24T00:00:00+00:00, run_after=2022-12-25T00:00:00+00:00
[2022-12-25T15:47:29.188+0000] {processor.py:175} INFO - Processing /home/airflow/.local/lib/python3.7/site-packages/airflow/example_dags/example_branch_operator_decorator.py took 0.142 seconds
[2022-12-25T15:48:00.010+0000] {processor.py:153} INFO - Started process (PID=7611) to work on /home/airflow/.local/lib/python3.7/site-packages/airflow/example_dags/example_branch_operator_decorator.py
[2022-12-25T15:48:00.014+0000] {processor.py:743} INFO - Processing file /home/airflow/.local/lib/python3.7/site-packages/airflow/example_dags/example_branch_operator_decorator.py for tasks to queue
[2022-12-25T15:48:00.016+0000] {logging_mixin.py:137} INFO - [2022-12-25T15:48:00.015+0000] {dagbag.py:538} INFO - Filling up the DagBag from /home/airflow/.local/lib/python3.7/site-packages/airflow/example_dags/example_branch_operator_decorator.py
[2022-12-25T15:48:00.055+0000] {processor.py:753} INFO - DAG(s) dict_keys(['example_branch_python_operator_decorator']) retrieved from /home/airflow/.local/lib/python3.7/site-packages/airflow/example_dags/example_branch_operator_decorator.py
[2022-12-25T15:48:00.104+0000] {logging_mixin.py:137} INFO - [2022-12-25T15:48:00.104+0000] {dag.py:2676} INFO - Sync 1 DAGs
[2022-12-25T15:48:00.137+0000] {logging_mixin.py:137} INFO - [2022-12-25T15:48:00.137+0000] {dag.py:3427} INFO - Setting next_dagrun for example_branch_python_operator_decorator to 2022-12-24T00:00:00+00:00, run_after=2022-12-25T00:00:00+00:00
[2022-12-25T15:48:00.165+0000] {processor.py:175} INFO - Processing /home/airflow/.local/lib/python3.7/site-packages/airflow/example_dags/example_branch_operator_decorator.py took 0.162 seconds
[2022-12-25T15:48:30.553+0000] {processor.py:153} INFO - Started process (PID=7850) to work on /home/airflow/.local/lib/python3.7/site-packages/airflow/example_dags/example_branch_operator_decorator.py
[2022-12-25T15:48:30.554+0000] {processor.py:743} INFO - Processing file /home/airflow/.local/lib/python3.7/site-packages/airflow/example_dags/example_branch_operator_decorator.py for tasks to queue
[2022-12-25T15:48:30.555+0000] {logging_mixin.py:137} INFO - [2022-12-25T15:48:30.555+0000] {dagbag.py:538} INFO - Filling up the DagBag from /home/airflow/.local/lib/python3.7/site-packages/airflow/example_dags/example_branch_operator_decorator.py
[2022-12-25T15:48:30.580+0000] {processor.py:753} INFO - DAG(s) dict_keys(['example_branch_python_operator_decorator']) retrieved from /home/airflow/.local/lib/python3.7/site-packages/airflow/example_dags/example_branch_operator_decorator.py
[2022-12-25T15:48:30.620+0000] {logging_mixin.py:137} INFO - [2022-12-25T15:48:30.620+0000] {dag.py:2676} INFO - Sync 1 DAGs
[2022-12-25T15:48:30.654+0000] {logging_mixin.py:137} INFO - [2022-12-25T15:48:30.654+0000] {dag.py:3427} INFO - Setting next_dagrun for example_branch_python_operator_decorator to 2022-12-24T00:00:00+00:00, run_after=2022-12-25T00:00:00+00:00
[2022-12-25T15:48:30.676+0000] {processor.py:175} INFO - Processing /home/airflow/.local/lib/python3.7/site-packages/airflow/example_dags/example_branch_operator_decorator.py took 0.127 seconds
[2022-12-25T15:49:01.128+0000] {processor.py:153} INFO - Started process (PID=8091) to work on /home/airflow/.local/lib/python3.7/site-packages/airflow/example_dags/example_branch_operator_decorator.py
[2022-12-25T15:49:01.130+0000] {processor.py:743} INFO - Processing file /home/airflow/.local/lib/python3.7/site-packages/airflow/example_dags/example_branch_operator_decorator.py for tasks to queue
[2022-12-25T15:49:01.131+0000] {logging_mixin.py:137} INFO - [2022-12-25T15:49:01.131+0000] {dagbag.py:538} INFO - Filling up the DagBag from /home/airflow/.local/lib/python3.7/site-packages/airflow/example_dags/example_branch_operator_decorator.py
[2022-12-25T15:49:01.156+0000] {processor.py:753} INFO - DAG(s) dict_keys(['example_branch_python_operator_decorator']) retrieved from /home/airflow/.local/lib/python3.7/site-packages/airflow/example_dags/example_branch_operator_decorator.py
[2022-12-25T15:49:01.196+0000] {logging_mixin.py:137} INFO - [2022-12-25T15:49:01.196+0000] {dag.py:2676} INFO - Sync 1 DAGs
[2022-12-25T15:49:01.225+0000] {logging_mixin.py:137} INFO - [2022-12-25T15:49:01.225+0000] {dag.py:3427} INFO - Setting next_dagrun for example_branch_python_operator_decorator to 2022-12-24T00:00:00+00:00, run_after=2022-12-25T00:00:00+00:00
[2022-12-25T15:49:01.245+0000] {processor.py:175} INFO - Processing /home/airflow/.local/lib/python3.7/site-packages/airflow/example_dags/example_branch_operator_decorator.py took 0.121 seconds
[2022-12-25T15:49:32.149+0000] {processor.py:153} INFO - Started process (PID=8321) to work on /home/airflow/.local/lib/python3.7/site-packages/airflow/example_dags/example_branch_operator_decorator.py
[2022-12-25T15:49:32.153+0000] {processor.py:743} INFO - Processing file /home/airflow/.local/lib/python3.7/site-packages/airflow/example_dags/example_branch_operator_decorator.py for tasks to queue
[2022-12-25T15:49:32.154+0000] {logging_mixin.py:137} INFO - [2022-12-25T15:49:32.153+0000] {dagbag.py:538} INFO - Filling up the DagBag from /home/airflow/.local/lib/python3.7/site-packages/airflow/example_dags/example_branch_operator_decorator.py
[2022-12-25T15:49:32.180+0000] {processor.py:753} INFO - DAG(s) dict_keys(['example_branch_python_operator_decorator']) retrieved from /home/airflow/.local/lib/python3.7/site-packages/airflow/example_dags/example_branch_operator_decorator.py
[2022-12-25T15:49:32.218+0000] {logging_mixin.py:137} INFO - [2022-12-25T15:49:32.218+0000] {dag.py:2676} INFO - Sync 1 DAGs
[2022-12-25T15:49:32.243+0000] {logging_mixin.py:137} INFO - [2022-12-25T15:49:32.243+0000] {dag.py:3427} INFO - Setting next_dagrun for example_branch_python_operator_decorator to 2022-12-24T00:00:00+00:00, run_after=2022-12-25T00:00:00+00:00
[2022-12-25T15:49:32.265+0000] {processor.py:175} INFO - Processing /home/airflow/.local/lib/python3.7/site-packages/airflow/example_dags/example_branch_operator_decorator.py took 0.120 seconds
[2022-12-25T15:50:02.449+0000] {processor.py:153} INFO - Started process (PID=8571) to work on /home/airflow/.local/lib/python3.7/site-packages/airflow/example_dags/example_branch_operator_decorator.py
[2022-12-25T15:50:02.451+0000] {processor.py:743} INFO - Processing file /home/airflow/.local/lib/python3.7/site-packages/airflow/example_dags/example_branch_operator_decorator.py for tasks to queue
[2022-12-25T15:50:02.452+0000] {logging_mixin.py:137} INFO - [2022-12-25T15:50:02.452+0000] {dagbag.py:538} INFO - Filling up the DagBag from /home/airflow/.local/lib/python3.7/site-packages/airflow/example_dags/example_branch_operator_decorator.py
[2022-12-25T15:50:02.497+0000] {processor.py:753} INFO - DAG(s) dict_keys(['example_branch_python_operator_decorator']) retrieved from /home/airflow/.local/lib/python3.7/site-packages/airflow/example_dags/example_branch_operator_decorator.py
[2022-12-25T15:50:02.539+0000] {logging_mixin.py:137} INFO - [2022-12-25T15:50:02.539+0000] {dag.py:2676} INFO - Sync 1 DAGs
[2022-12-25T15:50:02.568+0000] {logging_mixin.py:137} INFO - [2022-12-25T15:50:02.568+0000] {dag.py:3427} INFO - Setting next_dagrun for example_branch_python_operator_decorator to 2022-12-24T00:00:00+00:00, run_after=2022-12-25T00:00:00+00:00
[2022-12-25T15:50:02.594+0000] {processor.py:175} INFO - Processing /home/airflow/.local/lib/python3.7/site-packages/airflow/example_dags/example_branch_operator_decorator.py took 0.149 seconds
[2022-12-25T15:50:32.718+0000] {processor.py:153} INFO - Started process (PID=8801) to work on /home/airflow/.local/lib/python3.7/site-packages/airflow/example_dags/example_branch_operator_decorator.py
[2022-12-25T15:50:32.732+0000] {processor.py:743} INFO - Processing file /home/airflow/.local/lib/python3.7/site-packages/airflow/example_dags/example_branch_operator_decorator.py for tasks to queue
[2022-12-25T15:50:32.733+0000] {logging_mixin.py:137} INFO - [2022-12-25T15:50:32.732+0000] {dagbag.py:538} INFO - Filling up the DagBag from /home/airflow/.local/lib/python3.7/site-packages/airflow/example_dags/example_branch_operator_decorator.py
[2022-12-25T15:50:32.761+0000] {processor.py:753} INFO - DAG(s) dict_keys(['example_branch_python_operator_decorator']) retrieved from /home/airflow/.local/lib/python3.7/site-packages/airflow/example_dags/example_branch_operator_decorator.py
[2022-12-25T15:50:32.816+0000] {logging_mixin.py:137} INFO - [2022-12-25T15:50:32.816+0000] {dag.py:2676} INFO - Sync 1 DAGs
[2022-12-25T15:50:32.855+0000] {logging_mixin.py:137} INFO - [2022-12-25T15:50:32.855+0000] {dag.py:3427} INFO - Setting next_dagrun for example_branch_python_operator_decorator to 2022-12-24T00:00:00+00:00, run_after=2022-12-25T00:00:00+00:00
[2022-12-25T15:50:32.882+0000] {processor.py:175} INFO - Processing /home/airflow/.local/lib/python3.7/site-packages/airflow/example_dags/example_branch_operator_decorator.py took 0.170 seconds
[2022-12-25T15:51:02.994+0000] {processor.py:153} INFO - Started process (PID=9051) to work on /home/airflow/.local/lib/python3.7/site-packages/airflow/example_dags/example_branch_operator_decorator.py
[2022-12-25T15:51:02.996+0000] {processor.py:743} INFO - Processing file /home/airflow/.local/lib/python3.7/site-packages/airflow/example_dags/example_branch_operator_decorator.py for tasks to queue
[2022-12-25T15:51:02.997+0000] {logging_mixin.py:137} INFO - [2022-12-25T15:51:02.996+0000] {dagbag.py:538} INFO - Filling up the DagBag from /home/airflow/.local/lib/python3.7/site-packages/airflow/example_dags/example_branch_operator_decorator.py
[2022-12-25T15:51:03.028+0000] {processor.py:753} INFO - DAG(s) dict_keys(['example_branch_python_operator_decorator']) retrieved from /home/airflow/.local/lib/python3.7/site-packages/airflow/example_dags/example_branch_operator_decorator.py
[2022-12-25T15:51:03.069+0000] {logging_mixin.py:137} INFO - [2022-12-25T15:51:03.069+0000] {dag.py:2676} INFO - Sync 1 DAGs
[2022-12-25T15:51:03.125+0000] {logging_mixin.py:137} INFO - [2022-12-25T15:51:03.125+0000] {dag.py:3427} INFO - Setting next_dagrun for example_branch_python_operator_decorator to 2022-12-24T00:00:00+00:00, run_after=2022-12-25T00:00:00+00:00
[2022-12-25T15:51:03.151+0000] {processor.py:175} INFO - Processing /home/airflow/.local/lib/python3.7/site-packages/airflow/example_dags/example_branch_operator_decorator.py took 0.161 seconds
[2022-12-25T15:51:33.398+0000] {processor.py:153} INFO - Started process (PID=9281) to work on /home/airflow/.local/lib/python3.7/site-packages/airflow/example_dags/example_branch_operator_decorator.py
[2022-12-25T15:51:33.399+0000] {processor.py:743} INFO - Processing file /home/airflow/.local/lib/python3.7/site-packages/airflow/example_dags/example_branch_operator_decorator.py for tasks to queue
[2022-12-25T15:51:33.400+0000] {logging_mixin.py:137} INFO - [2022-12-25T15:51:33.399+0000] {dagbag.py:538} INFO - Filling up the DagBag from /home/airflow/.local/lib/python3.7/site-packages/airflow/example_dags/example_branch_operator_decorator.py
[2022-12-25T15:51:33.424+0000] {processor.py:753} INFO - DAG(s) dict_keys(['example_branch_python_operator_decorator']) retrieved from /home/airflow/.local/lib/python3.7/site-packages/airflow/example_dags/example_branch_operator_decorator.py
[2022-12-25T15:51:33.476+0000] {logging_mixin.py:137} INFO - [2022-12-25T15:51:33.475+0000] {dag.py:2676} INFO - Sync 1 DAGs
[2022-12-25T15:51:33.513+0000] {logging_mixin.py:137} INFO - [2022-12-25T15:51:33.513+0000] {dag.py:3427} INFO - Setting next_dagrun for example_branch_python_operator_decorator to 2022-12-24T00:00:00+00:00, run_after=2022-12-25T00:00:00+00:00
[2022-12-25T15:51:33.545+0000] {processor.py:175} INFO - Processing /home/airflow/.local/lib/python3.7/site-packages/airflow/example_dags/example_branch_operator_decorator.py took 0.151 seconds
[2022-12-25T15:52:03.647+0000] {processor.py:153} INFO - Started process (PID=9511) to work on /home/airflow/.local/lib/python3.7/site-packages/airflow/example_dags/example_branch_operator_decorator.py
[2022-12-25T15:52:03.649+0000] {processor.py:743} INFO - Processing file /home/airflow/.local/lib/python3.7/site-packages/airflow/example_dags/example_branch_operator_decorator.py for tasks to queue
[2022-12-25T15:52:03.650+0000] {logging_mixin.py:137} INFO - [2022-12-25T15:52:03.649+0000] {dagbag.py:538} INFO - Filling up the DagBag from /home/airflow/.local/lib/python3.7/site-packages/airflow/example_dags/example_branch_operator_decorator.py
[2022-12-25T15:52:03.680+0000] {processor.py:753} INFO - DAG(s) dict_keys(['example_branch_python_operator_decorator']) retrieved from /home/airflow/.local/lib/python3.7/site-packages/airflow/example_dags/example_branch_operator_decorator.py
[2022-12-25T15:52:03.732+0000] {logging_mixin.py:137} INFO - [2022-12-25T15:52:03.732+0000] {dag.py:2676} INFO - Sync 1 DAGs
[2022-12-25T15:52:03.763+0000] {logging_mixin.py:137} INFO - [2022-12-25T15:52:03.763+0000] {dag.py:3427} INFO - Setting next_dagrun for example_branch_python_operator_decorator to 2022-12-24T00:00:00+00:00, run_after=2022-12-25T00:00:00+00:00
[2022-12-25T15:52:03.792+0000] {processor.py:175} INFO - Processing /home/airflow/.local/lib/python3.7/site-packages/airflow/example_dags/example_branch_operator_decorator.py took 0.150 seconds
[2022-12-25T15:52:34.693+0000] {processor.py:153} INFO - Started process (PID=9741) to work on /home/airflow/.local/lib/python3.7/site-packages/airflow/example_dags/example_branch_operator_decorator.py
[2022-12-25T15:52:34.694+0000] {processor.py:743} INFO - Processing file /home/airflow/.local/lib/python3.7/site-packages/airflow/example_dags/example_branch_operator_decorator.py for tasks to queue
[2022-12-25T15:52:34.695+0000] {logging_mixin.py:137} INFO - [2022-12-25T15:52:34.694+0000] {dagbag.py:538} INFO - Filling up the DagBag from /home/airflow/.local/lib/python3.7/site-packages/airflow/example_dags/example_branch_operator_decorator.py
[2022-12-25T15:52:34.718+0000] {processor.py:753} INFO - DAG(s) dict_keys(['example_branch_python_operator_decorator']) retrieved from /home/airflow/.local/lib/python3.7/site-packages/airflow/example_dags/example_branch_operator_decorator.py
[2022-12-25T15:52:34.756+0000] {logging_mixin.py:137} INFO - [2022-12-25T15:52:34.756+0000] {dag.py:2676} INFO - Sync 1 DAGs
[2022-12-25T15:52:34.782+0000] {logging_mixin.py:137} INFO - [2022-12-25T15:52:34.782+0000] {dag.py:3427} INFO - Setting next_dagrun for example_branch_python_operator_decorator to 2022-12-24T00:00:00+00:00, run_after=2022-12-25T00:00:00+00:00
[2022-12-25T15:52:34.807+0000] {processor.py:175} INFO - Processing /home/airflow/.local/lib/python3.7/site-packages/airflow/example_dags/example_branch_operator_decorator.py took 0.118 seconds
[2022-12-25T15:53:05.699+0000] {processor.py:153} INFO - Started process (PID=9991) to work on /home/airflow/.local/lib/python3.7/site-packages/airflow/example_dags/example_branch_operator_decorator.py
[2022-12-25T15:53:05.700+0000] {processor.py:743} INFO - Processing file /home/airflow/.local/lib/python3.7/site-packages/airflow/example_dags/example_branch_operator_decorator.py for tasks to queue
[2022-12-25T15:53:05.701+0000] {logging_mixin.py:137} INFO - [2022-12-25T15:53:05.701+0000] {dagbag.py:538} INFO - Filling up the DagBag from /home/airflow/.local/lib/python3.7/site-packages/airflow/example_dags/example_branch_operator_decorator.py
[2022-12-25T15:53:05.736+0000] {processor.py:753} INFO - DAG(s) dict_keys(['example_branch_python_operator_decorator']) retrieved from /home/airflow/.local/lib/python3.7/site-packages/airflow/example_dags/example_branch_operator_decorator.py
[2022-12-25T15:53:05.800+0000] {logging_mixin.py:137} INFO - [2022-12-25T15:53:05.800+0000] {dag.py:2676} INFO - Sync 1 DAGs
[2022-12-25T15:53:05.840+0000] {logging_mixin.py:137} INFO - [2022-12-25T15:53:05.840+0000] {dag.py:3427} INFO - Setting next_dagrun for example_branch_python_operator_decorator to 2022-12-24T00:00:00+00:00, run_after=2022-12-25T00:00:00+00:00
[2022-12-25T15:53:05.863+0000] {processor.py:175} INFO - Processing /home/airflow/.local/lib/python3.7/site-packages/airflow/example_dags/example_branch_operator_decorator.py took 0.168 seconds
