[2022-12-25T15:32:12.650+0000] {processor.py:153} INFO - Started process (PID=328) to work on /home/airflow/.local/lib/python3.7/site-packages/airflow/example_dags/example_short_circuit_decorator.py
[2022-12-25T15:32:12.651+0000] {processor.py:743} INFO - Processing file /home/airflow/.local/lib/python3.7/site-packages/airflow/example_dags/example_short_circuit_decorator.py for tasks to queue
[2022-12-25T15:32:12.652+0000] {logging_mixin.py:137} INFO - [2022-12-25T15:32:12.652+0000] {dagbag.py:538} INFO - Filling up the DagBag from /home/airflow/.local/lib/python3.7/site-packages/airflow/example_dags/example_short_circuit_decorator.py
[2022-12-25T15:32:12.698+0000] {processor.py:753} INFO - DAG(s) dict_keys(['example_short_circuit_decorator']) retrieved from /home/airflow/.local/lib/python3.7/site-packages/airflow/example_dags/example_short_circuit_decorator.py
[2022-12-25T15:32:12.755+0000] {logging_mixin.py:137} INFO - [2022-12-25T15:32:12.755+0000] {dag.py:2676} INFO - Sync 1 DAGs
[2022-12-25T15:32:12.795+0000] {logging_mixin.py:137} INFO - [2022-12-25T15:32:12.795+0000] {dag.py:3427} INFO - Setting next_dagrun for example_short_circuit_decorator to 2022-12-24T15:32:12.795111+00:00, run_after=2022-12-25T15:32:12.795111+00:00
[2022-12-25T15:32:12.822+0000] {processor.py:175} INFO - Processing /home/airflow/.local/lib/python3.7/site-packages/airflow/example_dags/example_short_circuit_decorator.py took 0.178 seconds
[2022-12-25T15:32:43.169+0000] {processor.py:153} INFO - Started process (PID=558) to work on /home/airflow/.local/lib/python3.7/site-packages/airflow/example_dags/example_short_circuit_decorator.py
[2022-12-25T15:32:43.170+0000] {processor.py:743} INFO - Processing file /home/airflow/.local/lib/python3.7/site-packages/airflow/example_dags/example_short_circuit_decorator.py for tasks to queue
[2022-12-25T15:32:43.171+0000] {logging_mixin.py:137} INFO - [2022-12-25T15:32:43.170+0000] {dagbag.py:538} INFO - Filling up the DagBag from /home/airflow/.local/lib/python3.7/site-packages/airflow/example_dags/example_short_circuit_decorator.py
[2022-12-25T15:32:43.197+0000] {processor.py:753} INFO - DAG(s) dict_keys(['example_short_circuit_decorator']) retrieved from /home/airflow/.local/lib/python3.7/site-packages/airflow/example_dags/example_short_circuit_decorator.py
[2022-12-25T15:32:43.238+0000] {logging_mixin.py:137} INFO - [2022-12-25T15:32:43.238+0000] {dag.py:2676} INFO - Sync 1 DAGs
[2022-12-25T15:32:43.265+0000] {logging_mixin.py:137} INFO - [2022-12-25T15:32:43.265+0000] {dag.py:3427} INFO - Setting next_dagrun for example_short_circuit_decorator to 2022-12-24T15:32:43.264815+00:00, run_after=2022-12-25T15:32:43.264815+00:00
[2022-12-25T15:32:43.285+0000] {processor.py:175} INFO - Processing /home/airflow/.local/lib/python3.7/site-packages/airflow/example_dags/example_short_circuit_decorator.py took 0.120 seconds
[2022-12-25T15:33:15.067+0000] {processor.py:153} INFO - Started process (PID=798) to work on /home/airflow/.local/lib/python3.7/site-packages/airflow/example_dags/example_short_circuit_decorator.py
[2022-12-25T15:33:15.069+0000] {processor.py:743} INFO - Processing file /home/airflow/.local/lib/python3.7/site-packages/airflow/example_dags/example_short_circuit_decorator.py for tasks to queue
[2022-12-25T15:33:15.071+0000] {logging_mixin.py:137} INFO - [2022-12-25T15:33:15.071+0000] {dagbag.py:538} INFO - Filling up the DagBag from /home/airflow/.local/lib/python3.7/site-packages/airflow/example_dags/example_short_circuit_decorator.py
[2022-12-25T15:33:15.169+0000] {processor.py:753} INFO - DAG(s) dict_keys(['example_short_circuit_decorator']) retrieved from /home/airflow/.local/lib/python3.7/site-packages/airflow/example_dags/example_short_circuit_decorator.py
[2022-12-25T15:33:15.315+0000] {logging_mixin.py:137} INFO - [2022-12-25T15:33:15.315+0000] {dag.py:2676} INFO - Sync 1 DAGs
[2022-12-25T15:33:15.384+0000] {logging_mixin.py:137} INFO - [2022-12-25T15:33:15.383+0000] {dag.py:3427} INFO - Setting next_dagrun for example_short_circuit_decorator to 2022-12-24T15:33:15.383133+00:00, run_after=2022-12-25T15:33:15.383133+00:00
[2022-12-25T15:33:15.446+0000] {processor.py:175} INFO - Processing /home/airflow/.local/lib/python3.7/site-packages/airflow/example_dags/example_short_circuit_decorator.py took 0.391 seconds
[2022-12-25T15:33:45.598+0000] {processor.py:153} INFO - Started process (PID=1039) to work on /home/airflow/.local/lib/python3.7/site-packages/airflow/example_dags/example_short_circuit_decorator.py
[2022-12-25T15:33:45.599+0000] {processor.py:743} INFO - Processing file /home/airflow/.local/lib/python3.7/site-packages/airflow/example_dags/example_short_circuit_decorator.py for tasks to queue
[2022-12-25T15:33:45.601+0000] {logging_mixin.py:137} INFO - [2022-12-25T15:33:45.600+0000] {dagbag.py:538} INFO - Filling up the DagBag from /home/airflow/.local/lib/python3.7/site-packages/airflow/example_dags/example_short_circuit_decorator.py
[2022-12-25T15:33:45.641+0000] {processor.py:753} INFO - DAG(s) dict_keys(['example_short_circuit_decorator']) retrieved from /home/airflow/.local/lib/python3.7/site-packages/airflow/example_dags/example_short_circuit_decorator.py
[2022-12-25T15:33:45.679+0000] {logging_mixin.py:137} INFO - [2022-12-25T15:33:45.679+0000] {dag.py:2676} INFO - Sync 1 DAGs
[2022-12-25T15:33:45.715+0000] {logging_mixin.py:137} INFO - [2022-12-25T15:33:45.715+0000] {dag.py:3427} INFO - Setting next_dagrun for example_short_circuit_decorator to 2022-12-24T15:33:45.715060+00:00, run_after=2022-12-25T15:33:45.715060+00:00
[2022-12-25T15:33:45.742+0000] {processor.py:175} INFO - Processing /home/airflow/.local/lib/python3.7/site-packages/airflow/example_dags/example_short_circuit_decorator.py took 0.148 seconds
[2022-12-25T15:34:16.433+0000] {processor.py:153} INFO - Started process (PID=1270) to work on /home/airflow/.local/lib/python3.7/site-packages/airflow/example_dags/example_short_circuit_decorator.py
[2022-12-25T15:34:16.436+0000] {processor.py:743} INFO - Processing file /home/airflow/.local/lib/python3.7/site-packages/airflow/example_dags/example_short_circuit_decorator.py for tasks to queue
[2022-12-25T15:34:16.438+0000] {logging_mixin.py:137} INFO - [2022-12-25T15:34:16.438+0000] {dagbag.py:538} INFO - Filling up the DagBag from /home/airflow/.local/lib/python3.7/site-packages/airflow/example_dags/example_short_circuit_decorator.py
[2022-12-25T15:34:16.469+0000] {processor.py:753} INFO - DAG(s) dict_keys(['example_short_circuit_decorator']) retrieved from /home/airflow/.local/lib/python3.7/site-packages/airflow/example_dags/example_short_circuit_decorator.py
[2022-12-25T15:34:16.513+0000] {logging_mixin.py:137} INFO - [2022-12-25T15:34:16.512+0000] {dag.py:2676} INFO - Sync 1 DAGs
[2022-12-25T15:34:16.565+0000] {logging_mixin.py:137} INFO - [2022-12-25T15:34:16.564+0000] {dag.py:3427} INFO - Setting next_dagrun for example_short_circuit_decorator to 2022-12-24T15:34:16.564486+00:00, run_after=2022-12-25T15:34:16.564486+00:00
[2022-12-25T15:34:16.600+0000] {processor.py:175} INFO - Processing /home/airflow/.local/lib/python3.7/site-packages/airflow/example_dags/example_short_circuit_decorator.py took 0.171 seconds
[2022-12-25T15:34:46.662+0000] {processor.py:153} INFO - Started process (PID=1502) to work on /home/airflow/.local/lib/python3.7/site-packages/airflow/example_dags/example_short_circuit_decorator.py
[2022-12-25T15:34:46.664+0000] {processor.py:743} INFO - Processing file /home/airflow/.local/lib/python3.7/site-packages/airflow/example_dags/example_short_circuit_decorator.py for tasks to queue
[2022-12-25T15:34:46.664+0000] {logging_mixin.py:137} INFO - [2022-12-25T15:34:46.664+0000] {dagbag.py:538} INFO - Filling up the DagBag from /home/airflow/.local/lib/python3.7/site-packages/airflow/example_dags/example_short_circuit_decorator.py
[2022-12-25T15:34:46.688+0000] {processor.py:753} INFO - DAG(s) dict_keys(['example_short_circuit_decorator']) retrieved from /home/airflow/.local/lib/python3.7/site-packages/airflow/example_dags/example_short_circuit_decorator.py
[2022-12-25T15:34:46.724+0000] {logging_mixin.py:137} INFO - [2022-12-25T15:34:46.724+0000] {dag.py:2676} INFO - Sync 1 DAGs
[2022-12-25T15:34:46.748+0000] {logging_mixin.py:137} INFO - [2022-12-25T15:34:46.748+0000] {dag.py:3427} INFO - Setting next_dagrun for example_short_circuit_decorator to 2022-12-24T15:34:46.748412+00:00, run_after=2022-12-25T15:34:46.748412+00:00
[2022-12-25T15:34:46.768+0000] {processor.py:175} INFO - Processing /home/airflow/.local/lib/python3.7/site-packages/airflow/example_dags/example_short_circuit_decorator.py took 0.107 seconds
[2022-12-25T15:35:17.234+0000] {processor.py:153} INFO - Started process (PID=1750) to work on /home/airflow/.local/lib/python3.7/site-packages/airflow/example_dags/example_short_circuit_decorator.py
[2022-12-25T15:35:17.236+0000] {processor.py:743} INFO - Processing file /home/airflow/.local/lib/python3.7/site-packages/airflow/example_dags/example_short_circuit_decorator.py for tasks to queue
[2022-12-25T15:35:17.237+0000] {logging_mixin.py:137} INFO - [2022-12-25T15:35:17.236+0000] {dagbag.py:538} INFO - Filling up the DagBag from /home/airflow/.local/lib/python3.7/site-packages/airflow/example_dags/example_short_circuit_decorator.py
[2022-12-25T15:35:17.270+0000] {processor.py:753} INFO - DAG(s) dict_keys(['example_short_circuit_decorator']) retrieved from /home/airflow/.local/lib/python3.7/site-packages/airflow/example_dags/example_short_circuit_decorator.py
[2022-12-25T15:35:17.317+0000] {logging_mixin.py:137} INFO - [2022-12-25T15:35:17.317+0000] {dag.py:2676} INFO - Sync 1 DAGs
[2022-12-25T15:35:17.347+0000] {logging_mixin.py:137} INFO - [2022-12-25T15:35:17.346+0000] {dag.py:3427} INFO - Setting next_dagrun for example_short_circuit_decorator to 2022-12-24T15:35:17.346475+00:00, run_after=2022-12-25T15:35:17.346475+00:00
[2022-12-25T15:35:17.370+0000] {processor.py:175} INFO - Processing /home/airflow/.local/lib/python3.7/site-packages/airflow/example_dags/example_short_circuit_decorator.py took 0.139 seconds
[2022-12-25T15:35:48.270+0000] {processor.py:153} INFO - Started process (PID=1980) to work on /home/airflow/.local/lib/python3.7/site-packages/airflow/example_dags/example_short_circuit_decorator.py
[2022-12-25T15:35:48.272+0000] {processor.py:743} INFO - Processing file /home/airflow/.local/lib/python3.7/site-packages/airflow/example_dags/example_short_circuit_decorator.py for tasks to queue
[2022-12-25T15:35:48.273+0000] {logging_mixin.py:137} INFO - [2022-12-25T15:35:48.273+0000] {dagbag.py:538} INFO - Filling up the DagBag from /home/airflow/.local/lib/python3.7/site-packages/airflow/example_dags/example_short_circuit_decorator.py
[2022-12-25T15:35:48.316+0000] {processor.py:753} INFO - DAG(s) dict_keys(['example_short_circuit_decorator']) retrieved from /home/airflow/.local/lib/python3.7/site-packages/airflow/example_dags/example_short_circuit_decorator.py
[2022-12-25T15:35:48.379+0000] {logging_mixin.py:137} INFO - [2022-12-25T15:35:48.378+0000] {dag.py:2676} INFO - Sync 1 DAGs
[2022-12-25T15:35:48.414+0000] {logging_mixin.py:137} INFO - [2022-12-25T15:35:48.414+0000] {dag.py:3427} INFO - Setting next_dagrun for example_short_circuit_decorator to 2022-12-24T15:35:48.414500+00:00, run_after=2022-12-25T15:35:48.414500+00:00
[2022-12-25T15:35:48.444+0000] {processor.py:175} INFO - Processing /home/airflow/.local/lib/python3.7/site-packages/airflow/example_dags/example_short_circuit_decorator.py took 0.178 seconds
[2022-12-25T15:36:18.535+0000] {processor.py:153} INFO - Started process (PID=2210) to work on /home/airflow/.local/lib/python3.7/site-packages/airflow/example_dags/example_short_circuit_decorator.py
[2022-12-25T15:36:18.537+0000] {processor.py:743} INFO - Processing file /home/airflow/.local/lib/python3.7/site-packages/airflow/example_dags/example_short_circuit_decorator.py for tasks to queue
[2022-12-25T15:36:18.538+0000] {logging_mixin.py:137} INFO - [2022-12-25T15:36:18.537+0000] {dagbag.py:538} INFO - Filling up the DagBag from /home/airflow/.local/lib/python3.7/site-packages/airflow/example_dags/example_short_circuit_decorator.py
[2022-12-25T15:36:18.565+0000] {processor.py:753} INFO - DAG(s) dict_keys(['example_short_circuit_decorator']) retrieved from /home/airflow/.local/lib/python3.7/site-packages/airflow/example_dags/example_short_circuit_decorator.py
[2022-12-25T15:36:18.602+0000] {logging_mixin.py:137} INFO - [2022-12-25T15:36:18.602+0000] {dag.py:2676} INFO - Sync 1 DAGs
[2022-12-25T15:36:18.632+0000] {logging_mixin.py:137} INFO - [2022-12-25T15:36:18.632+0000] {dag.py:3427} INFO - Setting next_dagrun for example_short_circuit_decorator to 2022-12-24T15:36:18.631754+00:00, run_after=2022-12-25T15:36:18.631754+00:00
[2022-12-25T15:36:18.654+0000] {processor.py:175} INFO - Processing /home/airflow/.local/lib/python3.7/site-packages/airflow/example_dags/example_short_circuit_decorator.py took 0.122 seconds
[2022-12-25T15:36:49.505+0000] {processor.py:153} INFO - Started process (PID=2460) to work on /home/airflow/.local/lib/python3.7/site-packages/airflow/example_dags/example_short_circuit_decorator.py
[2022-12-25T15:36:49.506+0000] {processor.py:743} INFO - Processing file /home/airflow/.local/lib/python3.7/site-packages/airflow/example_dags/example_short_circuit_decorator.py for tasks to queue
[2022-12-25T15:36:49.507+0000] {logging_mixin.py:137} INFO - [2022-12-25T15:36:49.507+0000] {dagbag.py:538} INFO - Filling up the DagBag from /home/airflow/.local/lib/python3.7/site-packages/airflow/example_dags/example_short_circuit_decorator.py
[2022-12-25T15:36:49.535+0000] {processor.py:753} INFO - DAG(s) dict_keys(['example_short_circuit_decorator']) retrieved from /home/airflow/.local/lib/python3.7/site-packages/airflow/example_dags/example_short_circuit_decorator.py
[2022-12-25T15:36:49.579+0000] {logging_mixin.py:137} INFO - [2022-12-25T15:36:49.579+0000] {dag.py:2676} INFO - Sync 1 DAGs
[2022-12-25T15:36:49.606+0000] {logging_mixin.py:137} INFO - [2022-12-25T15:36:49.606+0000] {dag.py:3427} INFO - Setting next_dagrun for example_short_circuit_decorator to 2022-12-24T15:36:49.606547+00:00, run_after=2022-12-25T15:36:49.606547+00:00
[2022-12-25T15:36:49.627+0000] {processor.py:175} INFO - Processing /home/airflow/.local/lib/python3.7/site-packages/airflow/example_dags/example_short_circuit_decorator.py took 0.126 seconds
[2022-12-25T15:37:19.694+0000] {processor.py:153} INFO - Started process (PID=2690) to work on /home/airflow/.local/lib/python3.7/site-packages/airflow/example_dags/example_short_circuit_decorator.py
[2022-12-25T15:37:19.696+0000] {processor.py:743} INFO - Processing file /home/airflow/.local/lib/python3.7/site-packages/airflow/example_dags/example_short_circuit_decorator.py for tasks to queue
[2022-12-25T15:37:19.697+0000] {logging_mixin.py:137} INFO - [2022-12-25T15:37:19.697+0000] {dagbag.py:538} INFO - Filling up the DagBag from /home/airflow/.local/lib/python3.7/site-packages/airflow/example_dags/example_short_circuit_decorator.py
[2022-12-25T15:37:19.723+0000] {processor.py:753} INFO - DAG(s) dict_keys(['example_short_circuit_decorator']) retrieved from /home/airflow/.local/lib/python3.7/site-packages/airflow/example_dags/example_short_circuit_decorator.py
[2022-12-25T15:37:19.764+0000] {logging_mixin.py:137} INFO - [2022-12-25T15:37:19.764+0000] {dag.py:2676} INFO - Sync 1 DAGs
[2022-12-25T15:37:19.790+0000] {logging_mixin.py:137} INFO - [2022-12-25T15:37:19.789+0000] {dag.py:3427} INFO - Setting next_dagrun for example_short_circuit_decorator to 2022-12-24T15:37:19.789649+00:00, run_after=2022-12-25T15:37:19.789649+00:00
[2022-12-25T15:37:19.810+0000] {processor.py:175} INFO - Processing /home/airflow/.local/lib/python3.7/site-packages/airflow/example_dags/example_short_circuit_decorator.py took 0.119 seconds
[2022-12-25T15:37:50.162+0000] {processor.py:153} INFO - Started process (PID=2941) to work on /home/airflow/.local/lib/python3.7/site-packages/airflow/example_dags/example_short_circuit_decorator.py
[2022-12-25T15:37:50.164+0000] {processor.py:743} INFO - Processing file /home/airflow/.local/lib/python3.7/site-packages/airflow/example_dags/example_short_circuit_decorator.py for tasks to queue
[2022-12-25T15:37:50.165+0000] {logging_mixin.py:137} INFO - [2022-12-25T15:37:50.165+0000] {dagbag.py:538} INFO - Filling up the DagBag from /home/airflow/.local/lib/python3.7/site-packages/airflow/example_dags/example_short_circuit_decorator.py
[2022-12-25T15:37:50.229+0000] {processor.py:753} INFO - DAG(s) dict_keys(['example_short_circuit_decorator']) retrieved from /home/airflow/.local/lib/python3.7/site-packages/airflow/example_dags/example_short_circuit_decorator.py
[2022-12-25T15:37:50.278+0000] {logging_mixin.py:137} INFO - [2022-12-25T15:37:50.278+0000] {dag.py:2676} INFO - Sync 1 DAGs
[2022-12-25T15:37:50.306+0000] {logging_mixin.py:137} INFO - [2022-12-25T15:37:50.306+0000] {dag.py:3427} INFO - Setting next_dagrun for example_short_circuit_decorator to 2022-12-24T15:37:50.305990+00:00, run_after=2022-12-25T15:37:50.305990+00:00
[2022-12-25T15:37:50.330+0000] {processor.py:175} INFO - Processing /home/airflow/.local/lib/python3.7/site-packages/airflow/example_dags/example_short_circuit_decorator.py took 0.173 seconds
[2022-12-25T15:38:21.151+0000] {processor.py:153} INFO - Started process (PID=3172) to work on /home/airflow/.local/lib/python3.7/site-packages/airflow/example_dags/example_short_circuit_decorator.py
[2022-12-25T15:38:21.153+0000] {processor.py:743} INFO - Processing file /home/airflow/.local/lib/python3.7/site-packages/airflow/example_dags/example_short_circuit_decorator.py for tasks to queue
[2022-12-25T15:38:21.153+0000] {logging_mixin.py:137} INFO - [2022-12-25T15:38:21.153+0000] {dagbag.py:538} INFO - Filling up the DagBag from /home/airflow/.local/lib/python3.7/site-packages/airflow/example_dags/example_short_circuit_decorator.py
[2022-12-25T15:38:21.179+0000] {processor.py:753} INFO - DAG(s) dict_keys(['example_short_circuit_decorator']) retrieved from /home/airflow/.local/lib/python3.7/site-packages/airflow/example_dags/example_short_circuit_decorator.py
[2022-12-25T15:38:21.215+0000] {logging_mixin.py:137} INFO - [2022-12-25T15:38:21.215+0000] {dag.py:2676} INFO - Sync 1 DAGs
[2022-12-25T15:38:21.243+0000] {logging_mixin.py:137} INFO - [2022-12-25T15:38:21.243+0000] {dag.py:3427} INFO - Setting next_dagrun for example_short_circuit_decorator to 2022-12-24T15:38:21.242698+00:00, run_after=2022-12-25T15:38:21.242698+00:00
[2022-12-25T15:38:21.281+0000] {processor.py:175} INFO - Processing /home/airflow/.local/lib/python3.7/site-packages/airflow/example_dags/example_short_circuit_decorator.py took 0.132 seconds
[2022-12-25T15:38:52.075+0000] {processor.py:153} INFO - Started process (PID=3411) to work on /home/airflow/.local/lib/python3.7/site-packages/airflow/example_dags/example_short_circuit_decorator.py
[2022-12-25T15:38:52.075+0000] {processor.py:743} INFO - Processing file /home/airflow/.local/lib/python3.7/site-packages/airflow/example_dags/example_short_circuit_decorator.py for tasks to queue
[2022-12-25T15:38:52.076+0000] {logging_mixin.py:137} INFO - [2022-12-25T15:38:52.076+0000] {dagbag.py:538} INFO - Filling up the DagBag from /home/airflow/.local/lib/python3.7/site-packages/airflow/example_dags/example_short_circuit_decorator.py
[2022-12-25T15:38:52.101+0000] {processor.py:753} INFO - DAG(s) dict_keys(['example_short_circuit_decorator']) retrieved from /home/airflow/.local/lib/python3.7/site-packages/airflow/example_dags/example_short_circuit_decorator.py
[2022-12-25T15:38:52.141+0000] {logging_mixin.py:137} INFO - [2022-12-25T15:38:52.141+0000] {dag.py:2676} INFO - Sync 1 DAGs
[2022-12-25T15:38:52.168+0000] {logging_mixin.py:137} INFO - [2022-12-25T15:38:52.167+0000] {dag.py:3427} INFO - Setting next_dagrun for example_short_circuit_decorator to 2022-12-24T15:38:52.167496+00:00, run_after=2022-12-25T15:38:52.167496+00:00
[2022-12-25T15:38:52.190+0000] {processor.py:175} INFO - Processing /home/airflow/.local/lib/python3.7/site-packages/airflow/example_dags/example_short_circuit_decorator.py took 0.118 seconds
[2022-12-25T15:39:22.425+0000] {processor.py:153} INFO - Started process (PID=3652) to work on /home/airflow/.local/lib/python3.7/site-packages/airflow/example_dags/example_short_circuit_decorator.py
[2022-12-25T15:39:22.426+0000] {processor.py:743} INFO - Processing file /home/airflow/.local/lib/python3.7/site-packages/airflow/example_dags/example_short_circuit_decorator.py for tasks to queue
[2022-12-25T15:39:22.427+0000] {logging_mixin.py:137} INFO - [2022-12-25T15:39:22.427+0000] {dagbag.py:538} INFO - Filling up the DagBag from /home/airflow/.local/lib/python3.7/site-packages/airflow/example_dags/example_short_circuit_decorator.py
[2022-12-25T15:39:22.453+0000] {processor.py:753} INFO - DAG(s) dict_keys(['example_short_circuit_decorator']) retrieved from /home/airflow/.local/lib/python3.7/site-packages/airflow/example_dags/example_short_circuit_decorator.py
[2022-12-25T15:39:22.485+0000] {logging_mixin.py:137} INFO - [2022-12-25T15:39:22.484+0000] {dag.py:2676} INFO - Sync 1 DAGs
[2022-12-25T15:39:22.515+0000] {logging_mixin.py:137} INFO - [2022-12-25T15:39:22.515+0000] {dag.py:3427} INFO - Setting next_dagrun for example_short_circuit_decorator to 2022-12-24T15:39:22.515403+00:00, run_after=2022-12-25T15:39:22.515403+00:00
[2022-12-25T15:39:22.536+0000] {processor.py:175} INFO - Processing /home/airflow/.local/lib/python3.7/site-packages/airflow/example_dags/example_short_circuit_decorator.py took 0.113 seconds
[2022-12-25T15:39:53.364+0000] {processor.py:153} INFO - Started process (PID=3882) to work on /home/airflow/.local/lib/python3.7/site-packages/airflow/example_dags/example_short_circuit_decorator.py
[2022-12-25T15:39:53.368+0000] {processor.py:743} INFO - Processing file /home/airflow/.local/lib/python3.7/site-packages/airflow/example_dags/example_short_circuit_decorator.py for tasks to queue
[2022-12-25T15:39:53.369+0000] {logging_mixin.py:137} INFO - [2022-12-25T15:39:53.369+0000] {dagbag.py:538} INFO - Filling up the DagBag from /home/airflow/.local/lib/python3.7/site-packages/airflow/example_dags/example_short_circuit_decorator.py
[2022-12-25T15:39:53.420+0000] {processor.py:753} INFO - DAG(s) dict_keys(['example_short_circuit_decorator']) retrieved from /home/airflow/.local/lib/python3.7/site-packages/airflow/example_dags/example_short_circuit_decorator.py
[2022-12-25T15:39:53.491+0000] {logging_mixin.py:137} INFO - [2022-12-25T15:39:53.491+0000] {dag.py:2676} INFO - Sync 1 DAGs
[2022-12-25T15:39:53.523+0000] {logging_mixin.py:137} INFO - [2022-12-25T15:39:53.523+0000] {dag.py:3427} INFO - Setting next_dagrun for example_short_circuit_decorator to 2022-12-24T15:39:53.522810+00:00, run_after=2022-12-25T15:39:53.522810+00:00
[2022-12-25T15:39:53.546+0000] {processor.py:175} INFO - Processing /home/airflow/.local/lib/python3.7/site-packages/airflow/example_dags/example_short_circuit_decorator.py took 0.190 seconds
[2022-12-25T15:40:23.811+0000] {processor.py:153} INFO - Started process (PID=4133) to work on /home/airflow/.local/lib/python3.7/site-packages/airflow/example_dags/example_short_circuit_decorator.py
[2022-12-25T15:40:23.812+0000] {processor.py:743} INFO - Processing file /home/airflow/.local/lib/python3.7/site-packages/airflow/example_dags/example_short_circuit_decorator.py for tasks to queue
[2022-12-25T15:40:23.813+0000] {logging_mixin.py:137} INFO - [2022-12-25T15:40:23.813+0000] {dagbag.py:538} INFO - Filling up the DagBag from /home/airflow/.local/lib/python3.7/site-packages/airflow/example_dags/example_short_circuit_decorator.py
[2022-12-25T15:40:23.840+0000] {processor.py:753} INFO - DAG(s) dict_keys(['example_short_circuit_decorator']) retrieved from /home/airflow/.local/lib/python3.7/site-packages/airflow/example_dags/example_short_circuit_decorator.py
[2022-12-25T15:40:23.886+0000] {logging_mixin.py:137} INFO - [2022-12-25T15:40:23.885+0000] {dag.py:2676} INFO - Sync 1 DAGs
[2022-12-25T15:40:23.916+0000] {logging_mixin.py:137} INFO - [2022-12-25T15:40:23.915+0000] {dag.py:3427} INFO - Setting next_dagrun for example_short_circuit_decorator to 2022-12-24T15:40:23.915679+00:00, run_after=2022-12-25T15:40:23.915679+00:00
[2022-12-25T15:40:23.936+0000] {processor.py:175} INFO - Processing /home/airflow/.local/lib/python3.7/site-packages/airflow/example_dags/example_short_circuit_decorator.py took 0.129 seconds
[2022-12-25T15:40:53.971+0000] {processor.py:153} INFO - Started process (PID=4363) to work on /home/airflow/.local/lib/python3.7/site-packages/airflow/example_dags/example_short_circuit_decorator.py
[2022-12-25T15:40:53.972+0000] {processor.py:743} INFO - Processing file /home/airflow/.local/lib/python3.7/site-packages/airflow/example_dags/example_short_circuit_decorator.py for tasks to queue
[2022-12-25T15:40:53.973+0000] {logging_mixin.py:137} INFO - [2022-12-25T15:40:53.973+0000] {dagbag.py:538} INFO - Filling up the DagBag from /home/airflow/.local/lib/python3.7/site-packages/airflow/example_dags/example_short_circuit_decorator.py
[2022-12-25T15:40:53.995+0000] {processor.py:753} INFO - DAG(s) dict_keys(['example_short_circuit_decorator']) retrieved from /home/airflow/.local/lib/python3.7/site-packages/airflow/example_dags/example_short_circuit_decorator.py
[2022-12-25T15:40:54.030+0000] {logging_mixin.py:137} INFO - [2022-12-25T15:40:54.030+0000] {dag.py:2676} INFO - Sync 1 DAGs
[2022-12-25T15:40:54.075+0000] {logging_mixin.py:137} INFO - [2022-12-25T15:40:54.075+0000] {dag.py:3427} INFO - Setting next_dagrun for example_short_circuit_decorator to 2022-12-24T15:40:54.074755+00:00, run_after=2022-12-25T15:40:54.074755+00:00
[2022-12-25T15:40:54.109+0000] {processor.py:175} INFO - Processing /home/airflow/.local/lib/python3.7/site-packages/airflow/example_dags/example_short_circuit_decorator.py took 0.140 seconds
[2022-12-25T15:41:24.545+0000] {processor.py:153} INFO - Started process (PID=4593) to work on /home/airflow/.local/lib/python3.7/site-packages/airflow/example_dags/example_short_circuit_decorator.py
[2022-12-25T15:41:24.546+0000] {processor.py:743} INFO - Processing file /home/airflow/.local/lib/python3.7/site-packages/airflow/example_dags/example_short_circuit_decorator.py for tasks to queue
[2022-12-25T15:41:24.546+0000] {logging_mixin.py:137} INFO - [2022-12-25T15:41:24.546+0000] {dagbag.py:538} INFO - Filling up the DagBag from /home/airflow/.local/lib/python3.7/site-packages/airflow/example_dags/example_short_circuit_decorator.py
[2022-12-25T15:41:24.570+0000] {processor.py:753} INFO - DAG(s) dict_keys(['example_short_circuit_decorator']) retrieved from /home/airflow/.local/lib/python3.7/site-packages/airflow/example_dags/example_short_circuit_decorator.py
[2022-12-25T15:41:24.610+0000] {logging_mixin.py:137} INFO - [2022-12-25T15:41:24.610+0000] {dag.py:2676} INFO - Sync 1 DAGs
[2022-12-25T15:41:24.634+0000] {logging_mixin.py:137} INFO - [2022-12-25T15:41:24.633+0000] {dag.py:3427} INFO - Setting next_dagrun for example_short_circuit_decorator to 2022-12-24T15:41:24.633705+00:00, run_after=2022-12-25T15:41:24.633705+00:00
[2022-12-25T15:41:24.654+0000] {processor.py:175} INFO - Processing /home/airflow/.local/lib/python3.7/site-packages/airflow/example_dags/example_short_circuit_decorator.py took 0.112 seconds
[2022-12-25T15:41:54.949+0000] {processor.py:153} INFO - Started process (PID=4843) to work on /home/airflow/.local/lib/python3.7/site-packages/airflow/example_dags/example_short_circuit_decorator.py
[2022-12-25T15:41:54.951+0000] {processor.py:743} INFO - Processing file /home/airflow/.local/lib/python3.7/site-packages/airflow/example_dags/example_short_circuit_decorator.py for tasks to queue
[2022-12-25T15:41:54.951+0000] {logging_mixin.py:137} INFO - [2022-12-25T15:41:54.951+0000] {dagbag.py:538} INFO - Filling up the DagBag from /home/airflow/.local/lib/python3.7/site-packages/airflow/example_dags/example_short_circuit_decorator.py
[2022-12-25T15:41:54.983+0000] {processor.py:753} INFO - DAG(s) dict_keys(['example_short_circuit_decorator']) retrieved from /home/airflow/.local/lib/python3.7/site-packages/airflow/example_dags/example_short_circuit_decorator.py
[2022-12-25T15:41:55.026+0000] {logging_mixin.py:137} INFO - [2022-12-25T15:41:55.026+0000] {dag.py:2676} INFO - Sync 1 DAGs
[2022-12-25T15:41:55.057+0000] {logging_mixin.py:137} INFO - [2022-12-25T15:41:55.057+0000] {dag.py:3427} INFO - Setting next_dagrun for example_short_circuit_decorator to 2022-12-24T15:41:55.056958+00:00, run_after=2022-12-25T15:41:55.056958+00:00
[2022-12-25T15:41:55.083+0000] {processor.py:175} INFO - Processing /home/airflow/.local/lib/python3.7/site-packages/airflow/example_dags/example_short_circuit_decorator.py took 0.136 seconds
[2022-12-25T15:42:25.976+0000] {processor.py:153} INFO - Started process (PID=5073) to work on /home/airflow/.local/lib/python3.7/site-packages/airflow/example_dags/example_short_circuit_decorator.py
[2022-12-25T15:42:25.977+0000] {processor.py:743} INFO - Processing file /home/airflow/.local/lib/python3.7/site-packages/airflow/example_dags/example_short_circuit_decorator.py for tasks to queue
[2022-12-25T15:42:25.978+0000] {logging_mixin.py:137} INFO - [2022-12-25T15:42:25.978+0000] {dagbag.py:538} INFO - Filling up the DagBag from /home/airflow/.local/lib/python3.7/site-packages/airflow/example_dags/example_short_circuit_decorator.py
[2022-12-25T15:42:26.002+0000] {processor.py:753} INFO - DAG(s) dict_keys(['example_short_circuit_decorator']) retrieved from /home/airflow/.local/lib/python3.7/site-packages/airflow/example_dags/example_short_circuit_decorator.py
[2022-12-25T15:42:26.037+0000] {logging_mixin.py:137} INFO - [2022-12-25T15:42:26.037+0000] {dag.py:2676} INFO - Sync 1 DAGs
[2022-12-25T15:42:26.061+0000] {logging_mixin.py:137} INFO - [2022-12-25T15:42:26.061+0000] {dag.py:3427} INFO - Setting next_dagrun for example_short_circuit_decorator to 2022-12-24T15:42:26.061515+00:00, run_after=2022-12-25T15:42:26.061515+00:00
[2022-12-25T15:42:26.079+0000] {processor.py:175} INFO - Processing /home/airflow/.local/lib/python3.7/site-packages/airflow/example_dags/example_short_circuit_decorator.py took 0.106 seconds
[2022-12-25T15:42:57.218+0000] {processor.py:153} INFO - Started process (PID=5313) to work on /home/airflow/.local/lib/python3.7/site-packages/airflow/example_dags/example_short_circuit_decorator.py
[2022-12-25T15:42:57.220+0000] {processor.py:743} INFO - Processing file /home/airflow/.local/lib/python3.7/site-packages/airflow/example_dags/example_short_circuit_decorator.py for tasks to queue
[2022-12-25T15:42:57.221+0000] {logging_mixin.py:137} INFO - [2022-12-25T15:42:57.221+0000] {dagbag.py:538} INFO - Filling up the DagBag from /home/airflow/.local/lib/python3.7/site-packages/airflow/example_dags/example_short_circuit_decorator.py
[2022-12-25T15:42:57.279+0000] {processor.py:753} INFO - DAG(s) dict_keys(['example_short_circuit_decorator']) retrieved from /home/airflow/.local/lib/python3.7/site-packages/airflow/example_dags/example_short_circuit_decorator.py
[2022-12-25T15:42:57.366+0000] {logging_mixin.py:137} INFO - [2022-12-25T15:42:57.366+0000] {dag.py:2676} INFO - Sync 1 DAGs
[2022-12-25T15:42:57.420+0000] {logging_mixin.py:137} INFO - [2022-12-25T15:42:57.420+0000] {dag.py:3427} INFO - Setting next_dagrun for example_short_circuit_decorator to 2022-12-24T15:42:57.419802+00:00, run_after=2022-12-25T15:42:57.419802+00:00
[2022-12-25T15:42:57.465+0000] {processor.py:175} INFO - Processing /home/airflow/.local/lib/python3.7/site-packages/airflow/example_dags/example_short_circuit_decorator.py took 0.253 seconds
[2022-12-25T15:43:27.600+0000] {processor.py:153} INFO - Started process (PID=5554) to work on /home/airflow/.local/lib/python3.7/site-packages/airflow/example_dags/example_short_circuit_decorator.py
[2022-12-25T15:43:27.601+0000] {processor.py:743} INFO - Processing file /home/airflow/.local/lib/python3.7/site-packages/airflow/example_dags/example_short_circuit_decorator.py for tasks to queue
[2022-12-25T15:43:27.601+0000] {logging_mixin.py:137} INFO - [2022-12-25T15:43:27.601+0000] {dagbag.py:538} INFO - Filling up the DagBag from /home/airflow/.local/lib/python3.7/site-packages/airflow/example_dags/example_short_circuit_decorator.py
[2022-12-25T15:43:27.624+0000] {processor.py:753} INFO - DAG(s) dict_keys(['example_short_circuit_decorator']) retrieved from /home/airflow/.local/lib/python3.7/site-packages/airflow/example_dags/example_short_circuit_decorator.py
[2022-12-25T15:43:27.669+0000] {logging_mixin.py:137} INFO - [2022-12-25T15:43:27.669+0000] {dag.py:2676} INFO - Sync 1 DAGs
[2022-12-25T15:43:27.717+0000] {logging_mixin.py:137} INFO - [2022-12-25T15:43:27.717+0000] {dag.py:3427} INFO - Setting next_dagrun for example_short_circuit_decorator to 2022-12-24T15:43:27.717073+00:00, run_after=2022-12-25T15:43:27.717073+00:00
[2022-12-25T15:43:27.743+0000] {processor.py:175} INFO - Processing /home/airflow/.local/lib/python3.7/site-packages/airflow/example_dags/example_short_circuit_decorator.py took 0.147 seconds
[2022-12-25T15:43:57.802+0000] {processor.py:153} INFO - Started process (PID=5785) to work on /home/airflow/.local/lib/python3.7/site-packages/airflow/example_dags/example_short_circuit_decorator.py
[2022-12-25T15:43:57.803+0000] {processor.py:743} INFO - Processing file /home/airflow/.local/lib/python3.7/site-packages/airflow/example_dags/example_short_circuit_decorator.py for tasks to queue
[2022-12-25T15:43:57.804+0000] {logging_mixin.py:137} INFO - [2022-12-25T15:43:57.804+0000] {dagbag.py:538} INFO - Filling up the DagBag from /home/airflow/.local/lib/python3.7/site-packages/airflow/example_dags/example_short_circuit_decorator.py
[2022-12-25T15:43:57.826+0000] {processor.py:753} INFO - DAG(s) dict_keys(['example_short_circuit_decorator']) retrieved from /home/airflow/.local/lib/python3.7/site-packages/airflow/example_dags/example_short_circuit_decorator.py
[2022-12-25T15:43:57.861+0000] {logging_mixin.py:137} INFO - [2022-12-25T15:43:57.861+0000] {dag.py:2676} INFO - Sync 1 DAGs
[2022-12-25T15:43:57.885+0000] {logging_mixin.py:137} INFO - [2022-12-25T15:43:57.885+0000] {dag.py:3427} INFO - Setting next_dagrun for example_short_circuit_decorator to 2022-12-24T15:43:57.884965+00:00, run_after=2022-12-25T15:43:57.884965+00:00
[2022-12-25T15:43:57.904+0000] {processor.py:175} INFO - Processing /home/airflow/.local/lib/python3.7/site-packages/airflow/example_dags/example_short_circuit_decorator.py took 0.105 seconds
[2022-12-25T15:44:28.811+0000] {processor.py:153} INFO - Started process (PID=6035) to work on /home/airflow/.local/lib/python3.7/site-packages/airflow/example_dags/example_short_circuit_decorator.py
[2022-12-25T15:44:28.813+0000] {processor.py:743} INFO - Processing file /home/airflow/.local/lib/python3.7/site-packages/airflow/example_dags/example_short_circuit_decorator.py for tasks to queue
[2022-12-25T15:44:28.813+0000] {logging_mixin.py:137} INFO - [2022-12-25T15:44:28.813+0000] {dagbag.py:538} INFO - Filling up the DagBag from /home/airflow/.local/lib/python3.7/site-packages/airflow/example_dags/example_short_circuit_decorator.py
[2022-12-25T15:44:28.835+0000] {processor.py:753} INFO - DAG(s) dict_keys(['example_short_circuit_decorator']) retrieved from /home/airflow/.local/lib/python3.7/site-packages/airflow/example_dags/example_short_circuit_decorator.py
[2022-12-25T15:44:28.871+0000] {logging_mixin.py:137} INFO - [2022-12-25T15:44:28.871+0000] {dag.py:2676} INFO - Sync 1 DAGs
[2022-12-25T15:44:28.895+0000] {logging_mixin.py:137} INFO - [2022-12-25T15:44:28.895+0000] {dag.py:3427} INFO - Setting next_dagrun for example_short_circuit_decorator to 2022-12-24T15:44:28.895251+00:00, run_after=2022-12-25T15:44:28.895251+00:00
[2022-12-25T15:44:28.914+0000] {processor.py:175} INFO - Processing /home/airflow/.local/lib/python3.7/site-packages/airflow/example_dags/example_short_circuit_decorator.py took 0.105 seconds
[2022-12-25T15:44:59.530+0000] {processor.py:153} INFO - Started process (PID=6265) to work on /home/airflow/.local/lib/python3.7/site-packages/airflow/example_dags/example_short_circuit_decorator.py
[2022-12-25T15:44:59.531+0000] {processor.py:743} INFO - Processing file /home/airflow/.local/lib/python3.7/site-packages/airflow/example_dags/example_short_circuit_decorator.py for tasks to queue
[2022-12-25T15:44:59.532+0000] {logging_mixin.py:137} INFO - [2022-12-25T15:44:59.532+0000] {dagbag.py:538} INFO - Filling up the DagBag from /home/airflow/.local/lib/python3.7/site-packages/airflow/example_dags/example_short_circuit_decorator.py
[2022-12-25T15:44:59.559+0000] {processor.py:753} INFO - DAG(s) dict_keys(['example_short_circuit_decorator']) retrieved from /home/airflow/.local/lib/python3.7/site-packages/airflow/example_dags/example_short_circuit_decorator.py
[2022-12-25T15:44:59.597+0000] {logging_mixin.py:137} INFO - [2022-12-25T15:44:59.597+0000] {dag.py:2676} INFO - Sync 1 DAGs
[2022-12-25T15:44:59.622+0000] {logging_mixin.py:137} INFO - [2022-12-25T15:44:59.622+0000] {dag.py:3427} INFO - Setting next_dagrun for example_short_circuit_decorator to 2022-12-24T15:44:59.622545+00:00, run_after=2022-12-25T15:44:59.622545+00:00
[2022-12-25T15:44:59.641+0000] {processor.py:175} INFO - Processing /home/airflow/.local/lib/python3.7/site-packages/airflow/example_dags/example_short_circuit_decorator.py took 0.114 seconds
[2022-12-25T15:45:29.761+0000] {processor.py:153} INFO - Started process (PID=6513) to work on /home/airflow/.local/lib/python3.7/site-packages/airflow/example_dags/example_short_circuit_decorator.py
[2022-12-25T15:45:29.762+0000] {processor.py:743} INFO - Processing file /home/airflow/.local/lib/python3.7/site-packages/airflow/example_dags/example_short_circuit_decorator.py for tasks to queue
[2022-12-25T15:45:29.763+0000] {logging_mixin.py:137} INFO - [2022-12-25T15:45:29.763+0000] {dagbag.py:538} INFO - Filling up the DagBag from /home/airflow/.local/lib/python3.7/site-packages/airflow/example_dags/example_short_circuit_decorator.py
[2022-12-25T15:45:29.788+0000] {processor.py:753} INFO - DAG(s) dict_keys(['example_short_circuit_decorator']) retrieved from /home/airflow/.local/lib/python3.7/site-packages/airflow/example_dags/example_short_circuit_decorator.py
[2022-12-25T15:45:29.827+0000] {logging_mixin.py:137} INFO - [2022-12-25T15:45:29.827+0000] {dag.py:2676} INFO - Sync 1 DAGs
[2022-12-25T15:45:29.852+0000] {logging_mixin.py:137} INFO - [2022-12-25T15:45:29.852+0000] {dag.py:3427} INFO - Setting next_dagrun for example_short_circuit_decorator to 2022-12-24T15:45:29.852409+00:00, run_after=2022-12-25T15:45:29.852409+00:00
[2022-12-25T15:45:29.873+0000] {processor.py:175} INFO - Processing /home/airflow/.local/lib/python3.7/site-packages/airflow/example_dags/example_short_circuit_decorator.py took 0.117 seconds
[2022-12-25T15:46:00.207+0000] {processor.py:153} INFO - Started process (PID=6745) to work on /home/airflow/.local/lib/python3.7/site-packages/airflow/example_dags/example_short_circuit_decorator.py
[2022-12-25T15:46:00.208+0000] {processor.py:743} INFO - Processing file /home/airflow/.local/lib/python3.7/site-packages/airflow/example_dags/example_short_circuit_decorator.py for tasks to queue
[2022-12-25T15:46:00.208+0000] {logging_mixin.py:137} INFO - [2022-12-25T15:46:00.208+0000] {dagbag.py:538} INFO - Filling up the DagBag from /home/airflow/.local/lib/python3.7/site-packages/airflow/example_dags/example_short_circuit_decorator.py
[2022-12-25T15:46:00.234+0000] {processor.py:753} INFO - DAG(s) dict_keys(['example_short_circuit_decorator']) retrieved from /home/airflow/.local/lib/python3.7/site-packages/airflow/example_dags/example_short_circuit_decorator.py
[2022-12-25T15:46:00.271+0000] {logging_mixin.py:137} INFO - [2022-12-25T15:46:00.271+0000] {dag.py:2676} INFO - Sync 1 DAGs
[2022-12-25T15:46:00.299+0000] {logging_mixin.py:137} INFO - [2022-12-25T15:46:00.299+0000] {dag.py:3427} INFO - Setting next_dagrun for example_short_circuit_decorator to 2022-12-24T15:46:00.298840+00:00, run_after=2022-12-25T15:46:00.298840+00:00
[2022-12-25T15:46:00.318+0000] {processor.py:175} INFO - Processing /home/airflow/.local/lib/python3.7/site-packages/airflow/example_dags/example_short_circuit_decorator.py took 0.115 seconds
[2022-12-25T15:46:30.402+0000] {processor.py:153} INFO - Started process (PID=6975) to work on /home/airflow/.local/lib/python3.7/site-packages/airflow/example_dags/example_short_circuit_decorator.py
[2022-12-25T15:46:30.404+0000] {processor.py:743} INFO - Processing file /home/airflow/.local/lib/python3.7/site-packages/airflow/example_dags/example_short_circuit_decorator.py for tasks to queue
[2022-12-25T15:46:30.404+0000] {logging_mixin.py:137} INFO - [2022-12-25T15:46:30.404+0000] {dagbag.py:538} INFO - Filling up the DagBag from /home/airflow/.local/lib/python3.7/site-packages/airflow/example_dags/example_short_circuit_decorator.py
[2022-12-25T15:46:30.430+0000] {processor.py:753} INFO - DAG(s) dict_keys(['example_short_circuit_decorator']) retrieved from /home/airflow/.local/lib/python3.7/site-packages/airflow/example_dags/example_short_circuit_decorator.py
[2022-12-25T15:46:30.470+0000] {logging_mixin.py:137} INFO - [2022-12-25T15:46:30.470+0000] {dag.py:2676} INFO - Sync 1 DAGs
[2022-12-25T15:46:30.500+0000] {logging_mixin.py:137} INFO - [2022-12-25T15:46:30.500+0000] {dag.py:3427} INFO - Setting next_dagrun for example_short_circuit_decorator to 2022-12-24T15:46:30.500230+00:00, run_after=2022-12-25T15:46:30.500230+00:00
[2022-12-25T15:46:30.527+0000] {processor.py:175} INFO - Processing /home/airflow/.local/lib/python3.7/site-packages/airflow/example_dags/example_short_circuit_decorator.py took 0.128 seconds
[2022-12-25T15:47:01.155+0000] {processor.py:153} INFO - Started process (PID=7225) to work on /home/airflow/.local/lib/python3.7/site-packages/airflow/example_dags/example_short_circuit_decorator.py
[2022-12-25T15:47:01.157+0000] {processor.py:743} INFO - Processing file /home/airflow/.local/lib/python3.7/site-packages/airflow/example_dags/example_short_circuit_decorator.py for tasks to queue
[2022-12-25T15:47:01.158+0000] {logging_mixin.py:137} INFO - [2022-12-25T15:47:01.157+0000] {dagbag.py:538} INFO - Filling up the DagBag from /home/airflow/.local/lib/python3.7/site-packages/airflow/example_dags/example_short_circuit_decorator.py
[2022-12-25T15:47:01.188+0000] {processor.py:753} INFO - DAG(s) dict_keys(['example_short_circuit_decorator']) retrieved from /home/airflow/.local/lib/python3.7/site-packages/airflow/example_dags/example_short_circuit_decorator.py
[2022-12-25T15:47:01.230+0000] {logging_mixin.py:137} INFO - [2022-12-25T15:47:01.230+0000] {dag.py:2676} INFO - Sync 1 DAGs
[2022-12-25T15:47:01.258+0000] {logging_mixin.py:137} INFO - [2022-12-25T15:47:01.258+0000] {dag.py:3427} INFO - Setting next_dagrun for example_short_circuit_decorator to 2022-12-24T15:47:01.258344+00:00, run_after=2022-12-25T15:47:01.258344+00:00
[2022-12-25T15:47:01.278+0000] {processor.py:175} INFO - Processing /home/airflow/.local/lib/python3.7/site-packages/airflow/example_dags/example_short_circuit_decorator.py took 0.127 seconds
[2022-12-25T15:47:31.982+0000] {processor.py:153} INFO - Started process (PID=7456) to work on /home/airflow/.local/lib/python3.7/site-packages/airflow/example_dags/example_short_circuit_decorator.py
[2022-12-25T15:47:31.983+0000] {processor.py:743} INFO - Processing file /home/airflow/.local/lib/python3.7/site-packages/airflow/example_dags/example_short_circuit_decorator.py for tasks to queue
[2022-12-25T15:47:31.984+0000] {logging_mixin.py:137} INFO - [2022-12-25T15:47:31.984+0000] {dagbag.py:538} INFO - Filling up the DagBag from /home/airflow/.local/lib/python3.7/site-packages/airflow/example_dags/example_short_circuit_decorator.py
[2022-12-25T15:47:32.016+0000] {processor.py:753} INFO - DAG(s) dict_keys(['example_short_circuit_decorator']) retrieved from /home/airflow/.local/lib/python3.7/site-packages/airflow/example_dags/example_short_circuit_decorator.py
[2022-12-25T15:47:32.063+0000] {logging_mixin.py:137} INFO - [2022-12-25T15:47:32.063+0000] {dag.py:2676} INFO - Sync 1 DAGs
[2022-12-25T15:47:32.097+0000] {logging_mixin.py:137} INFO - [2022-12-25T15:47:32.097+0000] {dag.py:3427} INFO - Setting next_dagrun for example_short_circuit_decorator to 2022-12-24T15:47:32.097064+00:00, run_after=2022-12-25T15:47:32.097064+00:00
[2022-12-25T15:47:32.133+0000] {processor.py:175} INFO - Processing /home/airflow/.local/lib/python3.7/site-packages/airflow/example_dags/example_short_circuit_decorator.py took 0.154 seconds
[2022-12-25T15:48:02.557+0000] {processor.py:153} INFO - Started process (PID=7686) to work on /home/airflow/.local/lib/python3.7/site-packages/airflow/example_dags/example_short_circuit_decorator.py
[2022-12-25T15:48:02.559+0000] {processor.py:743} INFO - Processing file /home/airflow/.local/lib/python3.7/site-packages/airflow/example_dags/example_short_circuit_decorator.py for tasks to queue
[2022-12-25T15:48:02.560+0000] {logging_mixin.py:137} INFO - [2022-12-25T15:48:02.560+0000] {dagbag.py:538} INFO - Filling up the DagBag from /home/airflow/.local/lib/python3.7/site-packages/airflow/example_dags/example_short_circuit_decorator.py
[2022-12-25T15:48:02.603+0000] {processor.py:753} INFO - DAG(s) dict_keys(['example_short_circuit_decorator']) retrieved from /home/airflow/.local/lib/python3.7/site-packages/airflow/example_dags/example_short_circuit_decorator.py
[2022-12-25T15:48:02.643+0000] {logging_mixin.py:137} INFO - [2022-12-25T15:48:02.642+0000] {dag.py:2676} INFO - Sync 1 DAGs
[2022-12-25T15:48:02.670+0000] {logging_mixin.py:137} INFO - [2022-12-25T15:48:02.670+0000] {dag.py:3427} INFO - Setting next_dagrun for example_short_circuit_decorator to 2022-12-24T15:48:02.670503+00:00, run_after=2022-12-25T15:48:02.670503+00:00
[2022-12-25T15:48:02.690+0000] {processor.py:175} INFO - Processing /home/airflow/.local/lib/python3.7/site-packages/airflow/example_dags/example_short_circuit_decorator.py took 0.136 seconds
[2022-12-25T15:48:33.111+0000] {processor.py:153} INFO - Started process (PID=7936) to work on /home/airflow/.local/lib/python3.7/site-packages/airflow/example_dags/example_short_circuit_decorator.py
[2022-12-25T15:48:33.112+0000] {processor.py:743} INFO - Processing file /home/airflow/.local/lib/python3.7/site-packages/airflow/example_dags/example_short_circuit_decorator.py for tasks to queue
[2022-12-25T15:48:33.112+0000] {logging_mixin.py:137} INFO - [2022-12-25T15:48:33.112+0000] {dagbag.py:538} INFO - Filling up the DagBag from /home/airflow/.local/lib/python3.7/site-packages/airflow/example_dags/example_short_circuit_decorator.py
[2022-12-25T15:48:33.142+0000] {processor.py:753} INFO - DAG(s) dict_keys(['example_short_circuit_decorator']) retrieved from /home/airflow/.local/lib/python3.7/site-packages/airflow/example_dags/example_short_circuit_decorator.py
[2022-12-25T15:48:33.179+0000] {logging_mixin.py:137} INFO - [2022-12-25T15:48:33.179+0000] {dag.py:2676} INFO - Sync 1 DAGs
[2022-12-25T15:48:33.207+0000] {logging_mixin.py:137} INFO - [2022-12-25T15:48:33.207+0000] {dag.py:3427} INFO - Setting next_dagrun for example_short_circuit_decorator to 2022-12-24T15:48:33.206972+00:00, run_after=2022-12-25T15:48:33.206972+00:00
[2022-12-25T15:48:33.227+0000] {processor.py:175} INFO - Processing /home/airflow/.local/lib/python3.7/site-packages/airflow/example_dags/example_short_circuit_decorator.py took 0.120 seconds
[2022-12-25T15:49:03.407+0000] {processor.py:153} INFO - Started process (PID=8166) to work on /home/airflow/.local/lib/python3.7/site-packages/airflow/example_dags/example_short_circuit_decorator.py
[2022-12-25T15:49:03.408+0000] {processor.py:743} INFO - Processing file /home/airflow/.local/lib/python3.7/site-packages/airflow/example_dags/example_short_circuit_decorator.py for tasks to queue
[2022-12-25T15:49:03.409+0000] {logging_mixin.py:137} INFO - [2022-12-25T15:49:03.409+0000] {dagbag.py:538} INFO - Filling up the DagBag from /home/airflow/.local/lib/python3.7/site-packages/airflow/example_dags/example_short_circuit_decorator.py
[2022-12-25T15:49:03.431+0000] {processor.py:753} INFO - DAG(s) dict_keys(['example_short_circuit_decorator']) retrieved from /home/airflow/.local/lib/python3.7/site-packages/airflow/example_dags/example_short_circuit_decorator.py
[2022-12-25T15:49:03.474+0000] {logging_mixin.py:137} INFO - [2022-12-25T15:49:03.474+0000] {dag.py:2676} INFO - Sync 1 DAGs
[2022-12-25T15:49:03.503+0000] {logging_mixin.py:137} INFO - [2022-12-25T15:49:03.503+0000] {dag.py:3427} INFO - Setting next_dagrun for example_short_circuit_decorator to 2022-12-24T15:49:03.503285+00:00, run_after=2022-12-25T15:49:03.503285+00:00
[2022-12-25T15:49:03.521+0000] {processor.py:175} INFO - Processing /home/airflow/.local/lib/python3.7/site-packages/airflow/example_dags/example_short_circuit_decorator.py took 0.117 seconds
[2022-12-25T15:49:34.388+0000] {processor.py:153} INFO - Started process (PID=8405) to work on /home/airflow/.local/lib/python3.7/site-packages/airflow/example_dags/example_short_circuit_decorator.py
[2022-12-25T15:49:34.389+0000] {processor.py:743} INFO - Processing file /home/airflow/.local/lib/python3.7/site-packages/airflow/example_dags/example_short_circuit_decorator.py for tasks to queue
[2022-12-25T15:49:34.390+0000] {logging_mixin.py:137} INFO - [2022-12-25T15:49:34.390+0000] {dagbag.py:538} INFO - Filling up the DagBag from /home/airflow/.local/lib/python3.7/site-packages/airflow/example_dags/example_short_circuit_decorator.py
[2022-12-25T15:49:34.416+0000] {processor.py:753} INFO - DAG(s) dict_keys(['example_short_circuit_decorator']) retrieved from /home/airflow/.local/lib/python3.7/site-packages/airflow/example_dags/example_short_circuit_decorator.py
[2022-12-25T15:49:34.456+0000] {logging_mixin.py:137} INFO - [2022-12-25T15:49:34.456+0000] {dag.py:2676} INFO - Sync 1 DAGs
[2022-12-25T15:49:34.483+0000] {logging_mixin.py:137} INFO - [2022-12-25T15:49:34.483+0000] {dag.py:3427} INFO - Setting next_dagrun for example_short_circuit_decorator to 2022-12-24T15:49:34.483118+00:00, run_after=2022-12-25T15:49:34.483118+00:00
[2022-12-25T15:49:34.504+0000] {processor.py:175} INFO - Processing /home/airflow/.local/lib/python3.7/site-packages/airflow/example_dags/example_short_circuit_decorator.py took 0.119 seconds
[2022-12-25T15:50:04.950+0000] {processor.py:153} INFO - Started process (PID=8646) to work on /home/airflow/.local/lib/python3.7/site-packages/airflow/example_dags/example_short_circuit_decorator.py
[2022-12-25T15:50:04.952+0000] {processor.py:743} INFO - Processing file /home/airflow/.local/lib/python3.7/site-packages/airflow/example_dags/example_short_circuit_decorator.py for tasks to queue
[2022-12-25T15:50:04.952+0000] {logging_mixin.py:137} INFO - [2022-12-25T15:50:04.952+0000] {dagbag.py:538} INFO - Filling up the DagBag from /home/airflow/.local/lib/python3.7/site-packages/airflow/example_dags/example_short_circuit_decorator.py
[2022-12-25T15:50:04.977+0000] {processor.py:753} INFO - DAG(s) dict_keys(['example_short_circuit_decorator']) retrieved from /home/airflow/.local/lib/python3.7/site-packages/airflow/example_dags/example_short_circuit_decorator.py
[2022-12-25T15:50:05.013+0000] {logging_mixin.py:137} INFO - [2022-12-25T15:50:05.013+0000] {dag.py:2676} INFO - Sync 1 DAGs
[2022-12-25T15:50:05.039+0000] {logging_mixin.py:137} INFO - [2022-12-25T15:50:05.039+0000] {dag.py:3427} INFO - Setting next_dagrun for example_short_circuit_decorator to 2022-12-24T15:50:05.039071+00:00, run_after=2022-12-25T15:50:05.039071+00:00
[2022-12-25T15:50:05.060+0000] {processor.py:175} INFO - Processing /home/airflow/.local/lib/python3.7/site-packages/airflow/example_dags/example_short_circuit_decorator.py took 0.114 seconds
[2022-12-25T15:50:35.955+0000] {processor.py:153} INFO - Started process (PID=8876) to work on /home/airflow/.local/lib/python3.7/site-packages/airflow/example_dags/example_short_circuit_decorator.py
[2022-12-25T15:50:35.956+0000] {processor.py:743} INFO - Processing file /home/airflow/.local/lib/python3.7/site-packages/airflow/example_dags/example_short_circuit_decorator.py for tasks to queue
[2022-12-25T15:50:35.957+0000] {logging_mixin.py:137} INFO - [2022-12-25T15:50:35.957+0000] {dagbag.py:538} INFO - Filling up the DagBag from /home/airflow/.local/lib/python3.7/site-packages/airflow/example_dags/example_short_circuit_decorator.py
[2022-12-25T15:50:35.982+0000] {processor.py:753} INFO - DAG(s) dict_keys(['example_short_circuit_decorator']) retrieved from /home/airflow/.local/lib/python3.7/site-packages/airflow/example_dags/example_short_circuit_decorator.py
[2022-12-25T15:50:36.029+0000] {logging_mixin.py:137} INFO - [2022-12-25T15:50:36.029+0000] {dag.py:2676} INFO - Sync 1 DAGs
[2022-12-25T15:50:36.056+0000] {logging_mixin.py:137} INFO - [2022-12-25T15:50:36.056+0000] {dag.py:3427} INFO - Setting next_dagrun for example_short_circuit_decorator to 2022-12-24T15:50:36.055930+00:00, run_after=2022-12-25T15:50:36.055930+00:00
[2022-12-25T15:50:36.082+0000] {processor.py:175} INFO - Processing /home/airflow/.local/lib/python3.7/site-packages/airflow/example_dags/example_short_circuit_decorator.py took 0.130 seconds
[2022-12-25T15:51:06.404+0000] {processor.py:153} INFO - Started process (PID=9126) to work on /home/airflow/.local/lib/python3.7/site-packages/airflow/example_dags/example_short_circuit_decorator.py
[2022-12-25T15:51:06.405+0000] {processor.py:743} INFO - Processing file /home/airflow/.local/lib/python3.7/site-packages/airflow/example_dags/example_short_circuit_decorator.py for tasks to queue
[2022-12-25T15:51:06.405+0000] {logging_mixin.py:137} INFO - [2022-12-25T15:51:06.405+0000] {dagbag.py:538} INFO - Filling up the DagBag from /home/airflow/.local/lib/python3.7/site-packages/airflow/example_dags/example_short_circuit_decorator.py
[2022-12-25T15:51:06.433+0000] {processor.py:753} INFO - DAG(s) dict_keys(['example_short_circuit_decorator']) retrieved from /home/airflow/.local/lib/python3.7/site-packages/airflow/example_dags/example_short_circuit_decorator.py
[2022-12-25T15:51:06.494+0000] {logging_mixin.py:137} INFO - [2022-12-25T15:51:06.494+0000] {dag.py:2676} INFO - Sync 1 DAGs
[2022-12-25T15:51:06.524+0000] {logging_mixin.py:137} INFO - [2022-12-25T15:51:06.524+0000] {dag.py:3427} INFO - Setting next_dagrun for example_short_circuit_decorator to 2022-12-24T15:51:06.524085+00:00, run_after=2022-12-25T15:51:06.524085+00:00
[2022-12-25T15:51:06.546+0000] {processor.py:175} INFO - Processing /home/airflow/.local/lib/python3.7/site-packages/airflow/example_dags/example_short_circuit_decorator.py took 0.146 seconds
[2022-12-25T15:51:36.617+0000] {processor.py:153} INFO - Started process (PID=9356) to work on /home/airflow/.local/lib/python3.7/site-packages/airflow/example_dags/example_short_circuit_decorator.py
[2022-12-25T15:51:36.619+0000] {processor.py:743} INFO - Processing file /home/airflow/.local/lib/python3.7/site-packages/airflow/example_dags/example_short_circuit_decorator.py for tasks to queue
[2022-12-25T15:51:36.619+0000] {logging_mixin.py:137} INFO - [2022-12-25T15:51:36.619+0000] {dagbag.py:538} INFO - Filling up the DagBag from /home/airflow/.local/lib/python3.7/site-packages/airflow/example_dags/example_short_circuit_decorator.py
[2022-12-25T15:51:36.643+0000] {processor.py:753} INFO - DAG(s) dict_keys(['example_short_circuit_decorator']) retrieved from /home/airflow/.local/lib/python3.7/site-packages/airflow/example_dags/example_short_circuit_decorator.py
[2022-12-25T15:51:36.682+0000] {logging_mixin.py:137} INFO - [2022-12-25T15:51:36.682+0000] {dag.py:2676} INFO - Sync 1 DAGs
[2022-12-25T15:51:36.715+0000] {logging_mixin.py:137} INFO - [2022-12-25T15:51:36.715+0000] {dag.py:3427} INFO - Setting next_dagrun for example_short_circuit_decorator to 2022-12-24T15:51:36.715023+00:00, run_after=2022-12-25T15:51:36.715023+00:00
[2022-12-25T15:51:36.740+0000] {processor.py:175} INFO - Processing /home/airflow/.local/lib/python3.7/site-packages/airflow/example_dags/example_short_circuit_decorator.py took 0.126 seconds
[2022-12-25T15:52:07.794+0000] {processor.py:153} INFO - Started process (PID=9593) to work on /home/airflow/.local/lib/python3.7/site-packages/airflow/example_dags/example_short_circuit_decorator.py
[2022-12-25T15:52:07.797+0000] {processor.py:743} INFO - Processing file /home/airflow/.local/lib/python3.7/site-packages/airflow/example_dags/example_short_circuit_decorator.py for tasks to queue
[2022-12-25T15:52:07.811+0000] {logging_mixin.py:137} INFO - [2022-12-25T15:52:07.810+0000] {dagbag.py:538} INFO - Filling up the DagBag from /home/airflow/.local/lib/python3.7/site-packages/airflow/example_dags/example_short_circuit_decorator.py
[2022-12-25T15:52:07.924+0000] {processor.py:753} INFO - DAG(s) dict_keys(['example_short_circuit_decorator']) retrieved from /home/airflow/.local/lib/python3.7/site-packages/airflow/example_dags/example_short_circuit_decorator.py
[2022-12-25T15:52:08.096+0000] {logging_mixin.py:137} INFO - [2022-12-25T15:52:08.095+0000] {dag.py:2676} INFO - Sync 1 DAGs
[2022-12-25T15:52:08.235+0000] {logging_mixin.py:137} INFO - [2022-12-25T15:52:08.233+0000] {dag.py:3427} INFO - Setting next_dagrun for example_short_circuit_decorator to 2022-12-24T15:52:08.228755+00:00, run_after=2022-12-25T15:52:08.228755+00:00
[2022-12-25T15:52:08.316+0000] {processor.py:175} INFO - Processing /home/airflow/.local/lib/python3.7/site-packages/airflow/example_dags/example_short_circuit_decorator.py took 0.544 seconds
[2022-12-25T15:52:39.098+0000] {processor.py:153} INFO - Started process (PID=9836) to work on /home/airflow/.local/lib/python3.7/site-packages/airflow/example_dags/example_short_circuit_decorator.py
[2022-12-25T15:52:39.100+0000] {processor.py:743} INFO - Processing file /home/airflow/.local/lib/python3.7/site-packages/airflow/example_dags/example_short_circuit_decorator.py for tasks to queue
[2022-12-25T15:52:39.100+0000] {logging_mixin.py:137} INFO - [2022-12-25T15:52:39.100+0000] {dagbag.py:538} INFO - Filling up the DagBag from /home/airflow/.local/lib/python3.7/site-packages/airflow/example_dags/example_short_circuit_decorator.py
[2022-12-25T15:52:39.123+0000] {processor.py:753} INFO - DAG(s) dict_keys(['example_short_circuit_decorator']) retrieved from /home/airflow/.local/lib/python3.7/site-packages/airflow/example_dags/example_short_circuit_decorator.py
[2022-12-25T15:52:39.163+0000] {logging_mixin.py:137} INFO - [2022-12-25T15:52:39.162+0000] {dag.py:2676} INFO - Sync 1 DAGs
[2022-12-25T15:52:39.191+0000] {logging_mixin.py:137} INFO - [2022-12-25T15:52:39.190+0000] {dag.py:3427} INFO - Setting next_dagrun for example_short_circuit_decorator to 2022-12-24T15:52:39.190574+00:00, run_after=2022-12-25T15:52:39.190574+00:00
[2022-12-25T15:52:39.220+0000] {processor.py:175} INFO - Processing /home/airflow/.local/lib/python3.7/site-packages/airflow/example_dags/example_short_circuit_decorator.py took 0.125 seconds
[2022-12-25T15:53:09.934+0000] {processor.py:153} INFO - Started process (PID=10066) to work on /home/airflow/.local/lib/python3.7/site-packages/airflow/example_dags/example_short_circuit_decorator.py
[2022-12-25T15:53:09.936+0000] {processor.py:743} INFO - Processing file /home/airflow/.local/lib/python3.7/site-packages/airflow/example_dags/example_short_circuit_decorator.py for tasks to queue
[2022-12-25T15:53:09.936+0000] {logging_mixin.py:137} INFO - [2022-12-25T15:53:09.936+0000] {dagbag.py:538} INFO - Filling up the DagBag from /home/airflow/.local/lib/python3.7/site-packages/airflow/example_dags/example_short_circuit_decorator.py
[2022-12-25T15:53:09.963+0000] {processor.py:753} INFO - DAG(s) dict_keys(['example_short_circuit_decorator']) retrieved from /home/airflow/.local/lib/python3.7/site-packages/airflow/example_dags/example_short_circuit_decorator.py
[2022-12-25T15:53:09.999+0000] {logging_mixin.py:137} INFO - [2022-12-25T15:53:09.999+0000] {dag.py:2676} INFO - Sync 1 DAGs
[2022-12-25T15:53:10.024+0000] {logging_mixin.py:137} INFO - [2022-12-25T15:53:10.024+0000] {dag.py:3427} INFO - Setting next_dagrun for example_short_circuit_decorator to 2022-12-24T15:53:10.024107+00:00, run_after=2022-12-25T15:53:10.024107+00:00
[2022-12-25T15:53:10.045+0000] {processor.py:175} INFO - Processing /home/airflow/.local/lib/python3.7/site-packages/airflow/example_dags/example_short_circuit_decorator.py took 0.114 seconds
