[2022-12-25T15:32:12.148+0000] {processor.py:153} INFO - Started process (PID=308) to work on /home/airflow/.local/lib/python3.7/site-packages/airflow/example_dags/example_skip_dag.py
[2022-12-25T15:32:12.150+0000] {processor.py:743} INFO - Processing file /home/airflow/.local/lib/python3.7/site-packages/airflow/example_dags/example_skip_dag.py for tasks to queue
[2022-12-25T15:32:12.151+0000] {logging_mixin.py:137} INFO - [2022-12-25T15:32:12.151+0000] {dagbag.py:538} INFO - Filling up the DagBag from /home/airflow/.local/lib/python3.7/site-packages/airflow/example_dags/example_skip_dag.py
[2022-12-25T15:32:12.176+0000] {processor.py:753} INFO - DAG(s) dict_keys(['example_skip_dag']) retrieved from /home/airflow/.local/lib/python3.7/site-packages/airflow/example_dags/example_skip_dag.py
[2022-12-25T15:32:12.236+0000] {logging_mixin.py:137} INFO - [2022-12-25T15:32:12.236+0000] {dag.py:2676} INFO - Sync 1 DAGs
[2022-12-25T15:32:12.285+0000] {logging_mixin.py:137} INFO - [2022-12-25T15:32:12.285+0000] {dag.py:3427} INFO - Setting next_dagrun for example_skip_dag to 2022-12-24T15:32:12.284822+00:00, run_after=2022-12-25T15:32:12.284822+00:00
[2022-12-25T15:32:12.324+0000] {processor.py:175} INFO - Processing /home/airflow/.local/lib/python3.7/site-packages/airflow/example_dags/example_skip_dag.py took 0.182 seconds
[2022-12-25T15:32:42.906+0000] {processor.py:153} INFO - Started process (PID=538) to work on /home/airflow/.local/lib/python3.7/site-packages/airflow/example_dags/example_skip_dag.py
[2022-12-25T15:32:42.907+0000] {processor.py:743} INFO - Processing file /home/airflow/.local/lib/python3.7/site-packages/airflow/example_dags/example_skip_dag.py for tasks to queue
[2022-12-25T15:32:42.908+0000] {logging_mixin.py:137} INFO - [2022-12-25T15:32:42.908+0000] {dagbag.py:538} INFO - Filling up the DagBag from /home/airflow/.local/lib/python3.7/site-packages/airflow/example_dags/example_skip_dag.py
[2022-12-25T15:32:42.923+0000] {processor.py:753} INFO - DAG(s) dict_keys(['example_skip_dag']) retrieved from /home/airflow/.local/lib/python3.7/site-packages/airflow/example_dags/example_skip_dag.py
[2022-12-25T15:32:42.962+0000] {logging_mixin.py:137} INFO - [2022-12-25T15:32:42.962+0000] {dag.py:2676} INFO - Sync 1 DAGs
[2022-12-25T15:32:42.990+0000] {logging_mixin.py:137} INFO - [2022-12-25T15:32:42.990+0000] {dag.py:3427} INFO - Setting next_dagrun for example_skip_dag to 2022-12-24T15:32:42.990124+00:00, run_after=2022-12-25T15:32:42.990124+00:00
[2022-12-25T15:32:43.010+0000] {processor.py:175} INFO - Processing /home/airflow/.local/lib/python3.7/site-packages/airflow/example_dags/example_skip_dag.py took 0.107 seconds
[2022-12-25T15:33:14.219+0000] {processor.py:153} INFO - Started process (PID=778) to work on /home/airflow/.local/lib/python3.7/site-packages/airflow/example_dags/example_skip_dag.py
[2022-12-25T15:33:14.223+0000] {processor.py:743} INFO - Processing file /home/airflow/.local/lib/python3.7/site-packages/airflow/example_dags/example_skip_dag.py for tasks to queue
[2022-12-25T15:33:14.225+0000] {logging_mixin.py:137} INFO - [2022-12-25T15:33:14.224+0000] {dagbag.py:538} INFO - Filling up the DagBag from /home/airflow/.local/lib/python3.7/site-packages/airflow/example_dags/example_skip_dag.py
[2022-12-25T15:33:14.267+0000] {processor.py:753} INFO - DAG(s) dict_keys(['example_skip_dag']) retrieved from /home/airflow/.local/lib/python3.7/site-packages/airflow/example_dags/example_skip_dag.py
[2022-12-25T15:33:14.389+0000] {logging_mixin.py:137} INFO - [2022-12-25T15:33:14.389+0000] {dag.py:2676} INFO - Sync 1 DAGs
[2022-12-25T15:33:14.483+0000] {logging_mixin.py:137} INFO - [2022-12-25T15:33:14.482+0000] {dag.py:3427} INFO - Setting next_dagrun for example_skip_dag to 2022-12-24T15:33:14.481315+00:00, run_after=2022-12-25T15:33:14.481315+00:00
[2022-12-25T15:33:14.554+0000] {processor.py:175} INFO - Processing /home/airflow/.local/lib/python3.7/site-packages/airflow/example_dags/example_skip_dag.py took 0.345 seconds
[2022-12-25T15:33:45.298+0000] {processor.py:153} INFO - Started process (PID=1019) to work on /home/airflow/.local/lib/python3.7/site-packages/airflow/example_dags/example_skip_dag.py
[2022-12-25T15:33:45.299+0000] {processor.py:743} INFO - Processing file /home/airflow/.local/lib/python3.7/site-packages/airflow/example_dags/example_skip_dag.py for tasks to queue
[2022-12-25T15:33:45.300+0000] {logging_mixin.py:137} INFO - [2022-12-25T15:33:45.300+0000] {dagbag.py:538} INFO - Filling up the DagBag from /home/airflow/.local/lib/python3.7/site-packages/airflow/example_dags/example_skip_dag.py
[2022-12-25T15:33:45.320+0000] {processor.py:753} INFO - DAG(s) dict_keys(['example_skip_dag']) retrieved from /home/airflow/.local/lib/python3.7/site-packages/airflow/example_dags/example_skip_dag.py
[2022-12-25T15:33:45.354+0000] {logging_mixin.py:137} INFO - [2022-12-25T15:33:45.354+0000] {dag.py:2676} INFO - Sync 1 DAGs
[2022-12-25T15:33:45.389+0000] {logging_mixin.py:137} INFO - [2022-12-25T15:33:45.389+0000] {dag.py:3427} INFO - Setting next_dagrun for example_skip_dag to 2022-12-24T15:33:45.388787+00:00, run_after=2022-12-25T15:33:45.388787+00:00
[2022-12-25T15:33:45.414+0000] {processor.py:175} INFO - Processing /home/airflow/.local/lib/python3.7/site-packages/airflow/example_dags/example_skip_dag.py took 0.120 seconds
[2022-12-25T15:34:16.098+0000] {processor.py:153} INFO - Started process (PID=1250) to work on /home/airflow/.local/lib/python3.7/site-packages/airflow/example_dags/example_skip_dag.py
[2022-12-25T15:34:16.100+0000] {processor.py:743} INFO - Processing file /home/airflow/.local/lib/python3.7/site-packages/airflow/example_dags/example_skip_dag.py for tasks to queue
[2022-12-25T15:34:16.101+0000] {logging_mixin.py:137} INFO - [2022-12-25T15:34:16.101+0000] {dagbag.py:538} INFO - Filling up the DagBag from /home/airflow/.local/lib/python3.7/site-packages/airflow/example_dags/example_skip_dag.py
[2022-12-25T15:34:16.127+0000] {processor.py:753} INFO - DAG(s) dict_keys(['example_skip_dag']) retrieved from /home/airflow/.local/lib/python3.7/site-packages/airflow/example_dags/example_skip_dag.py
[2022-12-25T15:34:16.188+0000] {logging_mixin.py:137} INFO - [2022-12-25T15:34:16.188+0000] {dag.py:2676} INFO - Sync 1 DAGs
[2022-12-25T15:34:16.225+0000] {logging_mixin.py:137} INFO - [2022-12-25T15:34:16.225+0000] {dag.py:3427} INFO - Setting next_dagrun for example_skip_dag to 2022-12-24T15:34:16.224750+00:00, run_after=2022-12-25T15:34:16.224750+00:00
[2022-12-25T15:34:16.249+0000] {processor.py:175} INFO - Processing /home/airflow/.local/lib/python3.7/site-packages/airflow/example_dags/example_skip_dag.py took 0.155 seconds
[2022-12-25T15:34:46.294+0000] {processor.py:153} INFO - Started process (PID=1480) to work on /home/airflow/.local/lib/python3.7/site-packages/airflow/example_dags/example_skip_dag.py
[2022-12-25T15:34:46.296+0000] {processor.py:743} INFO - Processing file /home/airflow/.local/lib/python3.7/site-packages/airflow/example_dags/example_skip_dag.py for tasks to queue
[2022-12-25T15:34:46.297+0000] {logging_mixin.py:137} INFO - [2022-12-25T15:34:46.296+0000] {dagbag.py:538} INFO - Filling up the DagBag from /home/airflow/.local/lib/python3.7/site-packages/airflow/example_dags/example_skip_dag.py
[2022-12-25T15:34:46.310+0000] {processor.py:753} INFO - DAG(s) dict_keys(['example_skip_dag']) retrieved from /home/airflow/.local/lib/python3.7/site-packages/airflow/example_dags/example_skip_dag.py
[2022-12-25T15:34:46.347+0000] {logging_mixin.py:137} INFO - [2022-12-25T15:34:46.347+0000] {dag.py:2676} INFO - Sync 1 DAGs
[2022-12-25T15:34:46.372+0000] {logging_mixin.py:137} INFO - [2022-12-25T15:34:46.372+0000] {dag.py:3427} INFO - Setting next_dagrun for example_skip_dag to 2022-12-24T15:34:46.372582+00:00, run_after=2022-12-25T15:34:46.372582+00:00
[2022-12-25T15:34:46.393+0000] {processor.py:175} INFO - Processing /home/airflow/.local/lib/python3.7/site-packages/airflow/example_dags/example_skip_dag.py took 0.102 seconds
[2022-12-25T15:35:16.909+0000] {processor.py:153} INFO - Started process (PID=1730) to work on /home/airflow/.local/lib/python3.7/site-packages/airflow/example_dags/example_skip_dag.py
[2022-12-25T15:35:16.911+0000] {processor.py:743} INFO - Processing file /home/airflow/.local/lib/python3.7/site-packages/airflow/example_dags/example_skip_dag.py for tasks to queue
[2022-12-25T15:35:16.912+0000] {logging_mixin.py:137} INFO - [2022-12-25T15:35:16.911+0000] {dagbag.py:538} INFO - Filling up the DagBag from /home/airflow/.local/lib/python3.7/site-packages/airflow/example_dags/example_skip_dag.py
[2022-12-25T15:35:16.930+0000] {processor.py:753} INFO - DAG(s) dict_keys(['example_skip_dag']) retrieved from /home/airflow/.local/lib/python3.7/site-packages/airflow/example_dags/example_skip_dag.py
[2022-12-25T15:35:16.981+0000] {logging_mixin.py:137} INFO - [2022-12-25T15:35:16.981+0000] {dag.py:2676} INFO - Sync 1 DAGs
[2022-12-25T15:35:17.018+0000] {logging_mixin.py:137} INFO - [2022-12-25T15:35:17.018+0000] {dag.py:3427} INFO - Setting next_dagrun for example_skip_dag to 2022-12-24T15:35:17.018147+00:00, run_after=2022-12-25T15:35:17.018147+00:00
[2022-12-25T15:35:17.043+0000] {processor.py:175} INFO - Processing /home/airflow/.local/lib/python3.7/site-packages/airflow/example_dags/example_skip_dag.py took 0.137 seconds
[2022-12-25T15:35:47.894+0000] {processor.py:153} INFO - Started process (PID=1960) to work on /home/airflow/.local/lib/python3.7/site-packages/airflow/example_dags/example_skip_dag.py
[2022-12-25T15:35:47.896+0000] {processor.py:743} INFO - Processing file /home/airflow/.local/lib/python3.7/site-packages/airflow/example_dags/example_skip_dag.py for tasks to queue
[2022-12-25T15:35:47.897+0000] {logging_mixin.py:137} INFO - [2022-12-25T15:35:47.897+0000] {dagbag.py:538} INFO - Filling up the DagBag from /home/airflow/.local/lib/python3.7/site-packages/airflow/example_dags/example_skip_dag.py
[2022-12-25T15:35:47.920+0000] {processor.py:753} INFO - DAG(s) dict_keys(['example_skip_dag']) retrieved from /home/airflow/.local/lib/python3.7/site-packages/airflow/example_dags/example_skip_dag.py
[2022-12-25T15:35:47.975+0000] {logging_mixin.py:137} INFO - [2022-12-25T15:35:47.975+0000] {dag.py:2676} INFO - Sync 1 DAGs
[2022-12-25T15:35:48.018+0000] {logging_mixin.py:137} INFO - [2022-12-25T15:35:48.018+0000] {dag.py:3427} INFO - Setting next_dagrun for example_skip_dag to 2022-12-24T15:35:48.017522+00:00, run_after=2022-12-25T15:35:48.017522+00:00
[2022-12-25T15:35:48.052+0000] {processor.py:175} INFO - Processing /home/airflow/.local/lib/python3.7/site-packages/airflow/example_dags/example_skip_dag.py took 0.165 seconds
[2022-12-25T15:36:18.257+0000] {processor.py:153} INFO - Started process (PID=2190) to work on /home/airflow/.local/lib/python3.7/site-packages/airflow/example_dags/example_skip_dag.py
[2022-12-25T15:36:18.258+0000] {processor.py:743} INFO - Processing file /home/airflow/.local/lib/python3.7/site-packages/airflow/example_dags/example_skip_dag.py for tasks to queue
[2022-12-25T15:36:18.259+0000] {logging_mixin.py:137} INFO - [2022-12-25T15:36:18.259+0000] {dagbag.py:538} INFO - Filling up the DagBag from /home/airflow/.local/lib/python3.7/site-packages/airflow/example_dags/example_skip_dag.py
[2022-12-25T15:36:18.272+0000] {processor.py:753} INFO - DAG(s) dict_keys(['example_skip_dag']) retrieved from /home/airflow/.local/lib/python3.7/site-packages/airflow/example_dags/example_skip_dag.py
[2022-12-25T15:36:18.310+0000] {logging_mixin.py:137} INFO - [2022-12-25T15:36:18.310+0000] {dag.py:2676} INFO - Sync 1 DAGs
[2022-12-25T15:36:18.335+0000] {logging_mixin.py:137} INFO - [2022-12-25T15:36:18.335+0000] {dag.py:3427} INFO - Setting next_dagrun for example_skip_dag to 2022-12-24T15:36:18.335159+00:00, run_after=2022-12-25T15:36:18.335159+00:00
[2022-12-25T15:36:18.356+0000] {processor.py:175} INFO - Processing /home/airflow/.local/lib/python3.7/site-packages/airflow/example_dags/example_skip_dag.py took 0.102 seconds
[2022-12-25T15:36:49.136+0000] {processor.py:153} INFO - Started process (PID=2440) to work on /home/airflow/.local/lib/python3.7/site-packages/airflow/example_dags/example_skip_dag.py
[2022-12-25T15:36:49.141+0000] {processor.py:743} INFO - Processing file /home/airflow/.local/lib/python3.7/site-packages/airflow/example_dags/example_skip_dag.py for tasks to queue
[2022-12-25T15:36:49.142+0000] {logging_mixin.py:137} INFO - [2022-12-25T15:36:49.142+0000] {dagbag.py:538} INFO - Filling up the DagBag from /home/airflow/.local/lib/python3.7/site-packages/airflow/example_dags/example_skip_dag.py
[2022-12-25T15:36:49.176+0000] {processor.py:753} INFO - DAG(s) dict_keys(['example_skip_dag']) retrieved from /home/airflow/.local/lib/python3.7/site-packages/airflow/example_dags/example_skip_dag.py
[2022-12-25T15:36:49.242+0000] {logging_mixin.py:137} INFO - [2022-12-25T15:36:49.242+0000] {dag.py:2676} INFO - Sync 1 DAGs
[2022-12-25T15:36:49.284+0000] {logging_mixin.py:137} INFO - [2022-12-25T15:36:49.284+0000] {dag.py:3427} INFO - Setting next_dagrun for example_skip_dag to 2022-12-24T15:36:49.284030+00:00, run_after=2022-12-25T15:36:49.284030+00:00
[2022-12-25T15:36:49.314+0000] {processor.py:175} INFO - Processing /home/airflow/.local/lib/python3.7/site-packages/airflow/example_dags/example_skip_dag.py took 0.185 seconds
[2022-12-25T15:37:19.393+0000] {processor.py:153} INFO - Started process (PID=2670) to work on /home/airflow/.local/lib/python3.7/site-packages/airflow/example_dags/example_skip_dag.py
[2022-12-25T15:37:19.394+0000] {processor.py:743} INFO - Processing file /home/airflow/.local/lib/python3.7/site-packages/airflow/example_dags/example_skip_dag.py for tasks to queue
[2022-12-25T15:37:19.395+0000] {logging_mixin.py:137} INFO - [2022-12-25T15:37:19.395+0000] {dagbag.py:538} INFO - Filling up the DagBag from /home/airflow/.local/lib/python3.7/site-packages/airflow/example_dags/example_skip_dag.py
[2022-12-25T15:37:19.412+0000] {processor.py:753} INFO - DAG(s) dict_keys(['example_skip_dag']) retrieved from /home/airflow/.local/lib/python3.7/site-packages/airflow/example_dags/example_skip_dag.py
[2022-12-25T15:37:19.454+0000] {logging_mixin.py:137} INFO - [2022-12-25T15:37:19.454+0000] {dag.py:2676} INFO - Sync 1 DAGs
[2022-12-25T15:37:19.483+0000] {logging_mixin.py:137} INFO - [2022-12-25T15:37:19.483+0000] {dag.py:3427} INFO - Setting next_dagrun for example_skip_dag to 2022-12-24T15:37:19.483527+00:00, run_after=2022-12-25T15:37:19.483527+00:00
[2022-12-25T15:37:19.510+0000] {processor.py:175} INFO - Processing /home/airflow/.local/lib/python3.7/site-packages/airflow/example_dags/example_skip_dag.py took 0.120 seconds
[2022-12-25T15:37:49.598+0000] {processor.py:153} INFO - Started process (PID=2909) to work on /home/airflow/.local/lib/python3.7/site-packages/airflow/example_dags/example_skip_dag.py
[2022-12-25T15:37:49.600+0000] {processor.py:743} INFO - Processing file /home/airflow/.local/lib/python3.7/site-packages/airflow/example_dags/example_skip_dag.py for tasks to queue
[2022-12-25T15:37:49.600+0000] {logging_mixin.py:137} INFO - [2022-12-25T15:37:49.600+0000] {dagbag.py:538} INFO - Filling up the DagBag from /home/airflow/.local/lib/python3.7/site-packages/airflow/example_dags/example_skip_dag.py
[2022-12-25T15:37:49.617+0000] {processor.py:753} INFO - DAG(s) dict_keys(['example_skip_dag']) retrieved from /home/airflow/.local/lib/python3.7/site-packages/airflow/example_dags/example_skip_dag.py
[2022-12-25T15:37:49.660+0000] {logging_mixin.py:137} INFO - [2022-12-25T15:37:49.660+0000] {dag.py:2676} INFO - Sync 1 DAGs
[2022-12-25T15:37:49.687+0000] {logging_mixin.py:137} INFO - [2022-12-25T15:37:49.687+0000] {dag.py:3427} INFO - Setting next_dagrun for example_skip_dag to 2022-12-24T15:37:49.687193+00:00, run_after=2022-12-25T15:37:49.687193+00:00
[2022-12-25T15:37:49.709+0000] {processor.py:175} INFO - Processing /home/airflow/.local/lib/python3.7/site-packages/airflow/example_dags/example_skip_dag.py took 0.114 seconds
[2022-12-25T15:38:19.863+0000] {processor.py:153} INFO - Started process (PID=3150) to work on /home/airflow/.local/lib/python3.7/site-packages/airflow/example_dags/example_skip_dag.py
[2022-12-25T15:38:19.864+0000] {processor.py:743} INFO - Processing file /home/airflow/.local/lib/python3.7/site-packages/airflow/example_dags/example_skip_dag.py for tasks to queue
[2022-12-25T15:38:19.865+0000] {logging_mixin.py:137} INFO - [2022-12-25T15:38:19.865+0000] {dagbag.py:538} INFO - Filling up the DagBag from /home/airflow/.local/lib/python3.7/site-packages/airflow/example_dags/example_skip_dag.py
[2022-12-25T15:38:19.878+0000] {processor.py:753} INFO - DAG(s) dict_keys(['example_skip_dag']) retrieved from /home/airflow/.local/lib/python3.7/site-packages/airflow/example_dags/example_skip_dag.py
[2022-12-25T15:38:19.914+0000] {logging_mixin.py:137} INFO - [2022-12-25T15:38:19.914+0000] {dag.py:2676} INFO - Sync 1 DAGs
[2022-12-25T15:38:19.940+0000] {logging_mixin.py:137} INFO - [2022-12-25T15:38:19.940+0000] {dag.py:3427} INFO - Setting next_dagrun for example_skip_dag to 2022-12-24T15:38:19.940353+00:00, run_after=2022-12-25T15:38:19.940353+00:00
[2022-12-25T15:38:19.960+0000] {processor.py:175} INFO - Processing /home/airflow/.local/lib/python3.7/site-packages/airflow/example_dags/example_skip_dag.py took 0.100 seconds
[2022-12-25T15:38:50.791+0000] {processor.py:153} INFO - Started process (PID=3380) to work on /home/airflow/.local/lib/python3.7/site-packages/airflow/example_dags/example_skip_dag.py
[2022-12-25T15:38:50.792+0000] {processor.py:743} INFO - Processing file /home/airflow/.local/lib/python3.7/site-packages/airflow/example_dags/example_skip_dag.py for tasks to queue
[2022-12-25T15:38:50.793+0000] {logging_mixin.py:137} INFO - [2022-12-25T15:38:50.793+0000] {dagbag.py:538} INFO - Filling up the DagBag from /home/airflow/.local/lib/python3.7/site-packages/airflow/example_dags/example_skip_dag.py
[2022-12-25T15:38:50.807+0000] {processor.py:753} INFO - DAG(s) dict_keys(['example_skip_dag']) retrieved from /home/airflow/.local/lib/python3.7/site-packages/airflow/example_dags/example_skip_dag.py
[2022-12-25T15:38:50.843+0000] {logging_mixin.py:137} INFO - [2022-12-25T15:38:50.843+0000] {dag.py:2676} INFO - Sync 1 DAGs
[2022-12-25T15:38:50.869+0000] {logging_mixin.py:137} INFO - [2022-12-25T15:38:50.869+0000] {dag.py:3427} INFO - Setting next_dagrun for example_skip_dag to 2022-12-24T15:38:50.869291+00:00, run_after=2022-12-25T15:38:50.869291+00:00
[2022-12-25T15:38:50.889+0000] {processor.py:175} INFO - Processing /home/airflow/.local/lib/python3.7/site-packages/airflow/example_dags/example_skip_dag.py took 0.100 seconds
[2022-12-25T15:39:21.115+0000] {processor.py:153} INFO - Started process (PID=3630) to work on /home/airflow/.local/lib/python3.7/site-packages/airflow/example_dags/example_skip_dag.py
[2022-12-25T15:39:21.117+0000] {processor.py:743} INFO - Processing file /home/airflow/.local/lib/python3.7/site-packages/airflow/example_dags/example_skip_dag.py for tasks to queue
[2022-12-25T15:39:21.117+0000] {logging_mixin.py:137} INFO - [2022-12-25T15:39:21.117+0000] {dagbag.py:538} INFO - Filling up the DagBag from /home/airflow/.local/lib/python3.7/site-packages/airflow/example_dags/example_skip_dag.py
[2022-12-25T15:39:21.135+0000] {processor.py:753} INFO - DAG(s) dict_keys(['example_skip_dag']) retrieved from /home/airflow/.local/lib/python3.7/site-packages/airflow/example_dags/example_skip_dag.py
[2022-12-25T15:39:21.171+0000] {logging_mixin.py:137} INFO - [2022-12-25T15:39:21.170+0000] {dag.py:2676} INFO - Sync 1 DAGs
[2022-12-25T15:39:21.210+0000] {logging_mixin.py:137} INFO - [2022-12-25T15:39:21.209+0000] {dag.py:3427} INFO - Setting next_dagrun for example_skip_dag to 2022-12-24T15:39:21.209606+00:00, run_after=2022-12-25T15:39:21.209606+00:00
[2022-12-25T15:39:21.233+0000] {processor.py:175} INFO - Processing /home/airflow/.local/lib/python3.7/site-packages/airflow/example_dags/example_skip_dag.py took 0.121 seconds
[2022-12-25T15:39:52.025+0000] {processor.py:153} INFO - Started process (PID=3860) to work on /home/airflow/.local/lib/python3.7/site-packages/airflow/example_dags/example_skip_dag.py
[2022-12-25T15:39:52.027+0000] {processor.py:743} INFO - Processing file /home/airflow/.local/lib/python3.7/site-packages/airflow/example_dags/example_skip_dag.py for tasks to queue
[2022-12-25T15:39:52.027+0000] {logging_mixin.py:137} INFO - [2022-12-25T15:39:52.027+0000] {dagbag.py:538} INFO - Filling up the DagBag from /home/airflow/.local/lib/python3.7/site-packages/airflow/example_dags/example_skip_dag.py
[2022-12-25T15:39:52.041+0000] {processor.py:753} INFO - DAG(s) dict_keys(['example_skip_dag']) retrieved from /home/airflow/.local/lib/python3.7/site-packages/airflow/example_dags/example_skip_dag.py
[2022-12-25T15:39:52.083+0000] {logging_mixin.py:137} INFO - [2022-12-25T15:39:52.083+0000] {dag.py:2676} INFO - Sync 1 DAGs
[2022-12-25T15:39:52.113+0000] {logging_mixin.py:137} INFO - [2022-12-25T15:39:52.112+0000] {dag.py:3427} INFO - Setting next_dagrun for example_skip_dag to 2022-12-24T15:39:52.112636+00:00, run_after=2022-12-25T15:39:52.112636+00:00
[2022-12-25T15:39:52.135+0000] {processor.py:175} INFO - Processing /home/airflow/.local/lib/python3.7/site-packages/airflow/example_dags/example_skip_dag.py took 0.113 seconds
[2022-12-25T15:40:22.429+0000] {processor.py:153} INFO - Started process (PID=4100) to work on /home/airflow/.local/lib/python3.7/site-packages/airflow/example_dags/example_skip_dag.py
[2022-12-25T15:40:22.431+0000] {processor.py:743} INFO - Processing file /home/airflow/.local/lib/python3.7/site-packages/airflow/example_dags/example_skip_dag.py for tasks to queue
[2022-12-25T15:40:22.432+0000] {logging_mixin.py:137} INFO - [2022-12-25T15:40:22.432+0000] {dagbag.py:538} INFO - Filling up the DagBag from /home/airflow/.local/lib/python3.7/site-packages/airflow/example_dags/example_skip_dag.py
[2022-12-25T15:40:22.450+0000] {processor.py:753} INFO - DAG(s) dict_keys(['example_skip_dag']) retrieved from /home/airflow/.local/lib/python3.7/site-packages/airflow/example_dags/example_skip_dag.py
[2022-12-25T15:40:22.500+0000] {logging_mixin.py:137} INFO - [2022-12-25T15:40:22.500+0000] {dag.py:2676} INFO - Sync 1 DAGs
[2022-12-25T15:40:22.531+0000] {logging_mixin.py:137} INFO - [2022-12-25T15:40:22.531+0000] {dag.py:3427} INFO - Setting next_dagrun for example_skip_dag to 2022-12-24T15:40:22.530919+00:00, run_after=2022-12-25T15:40:22.530919+00:00
[2022-12-25T15:40:22.566+0000] {processor.py:175} INFO - Processing /home/airflow/.local/lib/python3.7/site-packages/airflow/example_dags/example_skip_dag.py took 0.141 seconds
[2022-12-25T15:40:52.698+0000] {processor.py:153} INFO - Started process (PID=4341) to work on /home/airflow/.local/lib/python3.7/site-packages/airflow/example_dags/example_skip_dag.py
[2022-12-25T15:40:52.700+0000] {processor.py:743} INFO - Processing file /home/airflow/.local/lib/python3.7/site-packages/airflow/example_dags/example_skip_dag.py for tasks to queue
[2022-12-25T15:40:52.700+0000] {logging_mixin.py:137} INFO - [2022-12-25T15:40:52.700+0000] {dagbag.py:538} INFO - Filling up the DagBag from /home/airflow/.local/lib/python3.7/site-packages/airflow/example_dags/example_skip_dag.py
[2022-12-25T15:40:52.714+0000] {processor.py:753} INFO - DAG(s) dict_keys(['example_skip_dag']) retrieved from /home/airflow/.local/lib/python3.7/site-packages/airflow/example_dags/example_skip_dag.py
[2022-12-25T15:40:52.751+0000] {logging_mixin.py:137} INFO - [2022-12-25T15:40:52.751+0000] {dag.py:2676} INFO - Sync 1 DAGs
[2022-12-25T15:40:52.780+0000] {logging_mixin.py:137} INFO - [2022-12-25T15:40:52.780+0000] {dag.py:3427} INFO - Setting next_dagrun for example_skip_dag to 2022-12-24T15:40:52.780608+00:00, run_after=2022-12-25T15:40:52.780608+00:00
[2022-12-25T15:40:52.802+0000] {processor.py:175} INFO - Processing /home/airflow/.local/lib/python3.7/site-packages/airflow/example_dags/example_skip_dag.py took 0.107 seconds
[2022-12-25T15:41:23.288+0000] {processor.py:153} INFO - Started process (PID=4573) to work on /home/airflow/.local/lib/python3.7/site-packages/airflow/example_dags/example_skip_dag.py
[2022-12-25T15:41:23.290+0000] {processor.py:743} INFO - Processing file /home/airflow/.local/lib/python3.7/site-packages/airflow/example_dags/example_skip_dag.py for tasks to queue
[2022-12-25T15:41:23.290+0000] {logging_mixin.py:137} INFO - [2022-12-25T15:41:23.290+0000] {dagbag.py:538} INFO - Filling up the DagBag from /home/airflow/.local/lib/python3.7/site-packages/airflow/example_dags/example_skip_dag.py
[2022-12-25T15:41:23.302+0000] {processor.py:753} INFO - DAG(s) dict_keys(['example_skip_dag']) retrieved from /home/airflow/.local/lib/python3.7/site-packages/airflow/example_dags/example_skip_dag.py
[2022-12-25T15:41:23.337+0000] {logging_mixin.py:137} INFO - [2022-12-25T15:41:23.337+0000] {dag.py:2676} INFO - Sync 1 DAGs
[2022-12-25T15:41:23.365+0000] {logging_mixin.py:137} INFO - [2022-12-25T15:41:23.365+0000] {dag.py:3427} INFO - Setting next_dagrun for example_skip_dag to 2022-12-24T15:41:23.365065+00:00, run_after=2022-12-25T15:41:23.365065+00:00
[2022-12-25T15:41:23.383+0000] {processor.py:175} INFO - Processing /home/airflow/.local/lib/python3.7/site-packages/airflow/example_dags/example_skip_dag.py took 0.097 seconds
[2022-12-25T15:41:53.591+0000] {processor.py:153} INFO - Started process (PID=4821) to work on /home/airflow/.local/lib/python3.7/site-packages/airflow/example_dags/example_skip_dag.py
[2022-12-25T15:41:53.593+0000] {processor.py:743} INFO - Processing file /home/airflow/.local/lib/python3.7/site-packages/airflow/example_dags/example_skip_dag.py for tasks to queue
[2022-12-25T15:41:53.594+0000] {logging_mixin.py:137} INFO - [2022-12-25T15:41:53.594+0000] {dagbag.py:538} INFO - Filling up the DagBag from /home/airflow/.local/lib/python3.7/site-packages/airflow/example_dags/example_skip_dag.py
[2022-12-25T15:41:53.608+0000] {processor.py:753} INFO - DAG(s) dict_keys(['example_skip_dag']) retrieved from /home/airflow/.local/lib/python3.7/site-packages/airflow/example_dags/example_skip_dag.py
[2022-12-25T15:41:53.650+0000] {logging_mixin.py:137} INFO - [2022-12-25T15:41:53.649+0000] {dag.py:2676} INFO - Sync 1 DAGs
[2022-12-25T15:41:53.700+0000] {logging_mixin.py:137} INFO - [2022-12-25T15:41:53.700+0000] {dag.py:3427} INFO - Setting next_dagrun for example_skip_dag to 2022-12-24T15:41:53.699477+00:00, run_after=2022-12-25T15:41:53.699477+00:00
[2022-12-25T15:41:53.744+0000] {processor.py:175} INFO - Processing /home/airflow/.local/lib/python3.7/site-packages/airflow/example_dags/example_skip_dag.py took 0.155 seconds
[2022-12-25T15:42:24.672+0000] {processor.py:153} INFO - Started process (PID=5053) to work on /home/airflow/.local/lib/python3.7/site-packages/airflow/example_dags/example_skip_dag.py
[2022-12-25T15:42:24.674+0000] {processor.py:743} INFO - Processing file /home/airflow/.local/lib/python3.7/site-packages/airflow/example_dags/example_skip_dag.py for tasks to queue
[2022-12-25T15:42:24.674+0000] {logging_mixin.py:137} INFO - [2022-12-25T15:42:24.674+0000] {dagbag.py:538} INFO - Filling up the DagBag from /home/airflow/.local/lib/python3.7/site-packages/airflow/example_dags/example_skip_dag.py
[2022-12-25T15:42:24.689+0000] {processor.py:753} INFO - DAG(s) dict_keys(['example_skip_dag']) retrieved from /home/airflow/.local/lib/python3.7/site-packages/airflow/example_dags/example_skip_dag.py
[2022-12-25T15:42:24.747+0000] {logging_mixin.py:137} INFO - [2022-12-25T15:42:24.747+0000] {dag.py:2676} INFO - Sync 1 DAGs
[2022-12-25T15:42:24.781+0000] {logging_mixin.py:137} INFO - [2022-12-25T15:42:24.781+0000] {dag.py:3427} INFO - Setting next_dagrun for example_skip_dag to 2022-12-24T15:42:24.781088+00:00, run_after=2022-12-25T15:42:24.781088+00:00
[2022-12-25T15:42:24.805+0000] {processor.py:175} INFO - Processing /home/airflow/.local/lib/python3.7/site-packages/airflow/example_dags/example_skip_dag.py took 0.136 seconds
[2022-12-25T15:42:55.772+0000] {processor.py:153} INFO - Started process (PID=5284) to work on /home/airflow/.local/lib/python3.7/site-packages/airflow/example_dags/example_skip_dag.py
[2022-12-25T15:42:55.774+0000] {processor.py:743} INFO - Processing file /home/airflow/.local/lib/python3.7/site-packages/airflow/example_dags/example_skip_dag.py for tasks to queue
[2022-12-25T15:42:55.774+0000] {logging_mixin.py:137} INFO - [2022-12-25T15:42:55.774+0000] {dagbag.py:538} INFO - Filling up the DagBag from /home/airflow/.local/lib/python3.7/site-packages/airflow/example_dags/example_skip_dag.py
[2022-12-25T15:42:55.789+0000] {processor.py:753} INFO - DAG(s) dict_keys(['example_skip_dag']) retrieved from /home/airflow/.local/lib/python3.7/site-packages/airflow/example_dags/example_skip_dag.py
[2022-12-25T15:42:55.829+0000] {logging_mixin.py:137} INFO - [2022-12-25T15:42:55.829+0000] {dag.py:2676} INFO - Sync 1 DAGs
[2022-12-25T15:42:55.857+0000] {logging_mixin.py:137} INFO - [2022-12-25T15:42:55.857+0000] {dag.py:3427} INFO - Setting next_dagrun for example_skip_dag to 2022-12-24T15:42:55.857299+00:00, run_after=2022-12-25T15:42:55.857299+00:00
[2022-12-25T15:42:55.881+0000] {processor.py:175} INFO - Processing /home/airflow/.local/lib/python3.7/site-packages/airflow/example_dags/example_skip_dag.py took 0.111 seconds
[2022-12-25T15:43:26.328+0000] {processor.py:153} INFO - Started process (PID=5534) to work on /home/airflow/.local/lib/python3.7/site-packages/airflow/example_dags/example_skip_dag.py
[2022-12-25T15:43:26.329+0000] {processor.py:743} INFO - Processing file /home/airflow/.local/lib/python3.7/site-packages/airflow/example_dags/example_skip_dag.py for tasks to queue
[2022-12-25T15:43:26.330+0000] {logging_mixin.py:137} INFO - [2022-12-25T15:43:26.329+0000] {dagbag.py:538} INFO - Filling up the DagBag from /home/airflow/.local/lib/python3.7/site-packages/airflow/example_dags/example_skip_dag.py
[2022-12-25T15:43:26.342+0000] {processor.py:753} INFO - DAG(s) dict_keys(['example_skip_dag']) retrieved from /home/airflow/.local/lib/python3.7/site-packages/airflow/example_dags/example_skip_dag.py
[2022-12-25T15:43:26.384+0000] {logging_mixin.py:137} INFO - [2022-12-25T15:43:26.384+0000] {dag.py:2676} INFO - Sync 1 DAGs
[2022-12-25T15:43:26.410+0000] {logging_mixin.py:137} INFO - [2022-12-25T15:43:26.410+0000] {dag.py:3427} INFO - Setting next_dagrun for example_skip_dag to 2022-12-24T15:43:26.410444+00:00, run_after=2022-12-25T15:43:26.410444+00:00
[2022-12-25T15:43:26.430+0000] {processor.py:175} INFO - Processing /home/airflow/.local/lib/python3.7/site-packages/airflow/example_dags/example_skip_dag.py took 0.106 seconds
[2022-12-25T15:43:56.523+0000] {processor.py:153} INFO - Started process (PID=5765) to work on /home/airflow/.local/lib/python3.7/site-packages/airflow/example_dags/example_skip_dag.py
[2022-12-25T15:43:56.524+0000] {processor.py:743} INFO - Processing file /home/airflow/.local/lib/python3.7/site-packages/airflow/example_dags/example_skip_dag.py for tasks to queue
[2022-12-25T15:43:56.525+0000] {logging_mixin.py:137} INFO - [2022-12-25T15:43:56.524+0000] {dagbag.py:538} INFO - Filling up the DagBag from /home/airflow/.local/lib/python3.7/site-packages/airflow/example_dags/example_skip_dag.py
[2022-12-25T15:43:56.540+0000] {processor.py:753} INFO - DAG(s) dict_keys(['example_skip_dag']) retrieved from /home/airflow/.local/lib/python3.7/site-packages/airflow/example_dags/example_skip_dag.py
[2022-12-25T15:43:56.578+0000] {logging_mixin.py:137} INFO - [2022-12-25T15:43:56.577+0000] {dag.py:2676} INFO - Sync 1 DAGs
[2022-12-25T15:43:56.605+0000] {logging_mixin.py:137} INFO - [2022-12-25T15:43:56.604+0000] {dag.py:3427} INFO - Setting next_dagrun for example_skip_dag to 2022-12-24T15:43:56.604459+00:00, run_after=2022-12-25T15:43:56.604459+00:00
[2022-12-25T15:43:56.628+0000] {processor.py:175} INFO - Processing /home/airflow/.local/lib/python3.7/site-packages/airflow/example_dags/example_skip_dag.py took 0.107 seconds
[2022-12-25T15:44:27.528+0000] {processor.py:153} INFO - Started process (PID=6015) to work on /home/airflow/.local/lib/python3.7/site-packages/airflow/example_dags/example_skip_dag.py
[2022-12-25T15:44:27.529+0000] {processor.py:743} INFO - Processing file /home/airflow/.local/lib/python3.7/site-packages/airflow/example_dags/example_skip_dag.py for tasks to queue
[2022-12-25T15:44:27.529+0000] {logging_mixin.py:137} INFO - [2022-12-25T15:44:27.529+0000] {dagbag.py:538} INFO - Filling up the DagBag from /home/airflow/.local/lib/python3.7/site-packages/airflow/example_dags/example_skip_dag.py
[2022-12-25T15:44:27.543+0000] {processor.py:753} INFO - DAG(s) dict_keys(['example_skip_dag']) retrieved from /home/airflow/.local/lib/python3.7/site-packages/airflow/example_dags/example_skip_dag.py
[2022-12-25T15:44:27.583+0000] {logging_mixin.py:137} INFO - [2022-12-25T15:44:27.583+0000] {dag.py:2676} INFO - Sync 1 DAGs
[2022-12-25T15:44:27.609+0000] {logging_mixin.py:137} INFO - [2022-12-25T15:44:27.608+0000] {dag.py:3427} INFO - Setting next_dagrun for example_skip_dag to 2022-12-24T15:44:27.608738+00:00, run_after=2022-12-25T15:44:27.608738+00:00
[2022-12-25T15:44:27.628+0000] {processor.py:175} INFO - Processing /home/airflow/.local/lib/python3.7/site-packages/airflow/example_dags/example_skip_dag.py took 0.104 seconds
[2022-12-25T15:44:58.215+0000] {processor.py:153} INFO - Started process (PID=6243) to work on /home/airflow/.local/lib/python3.7/site-packages/airflow/example_dags/example_skip_dag.py
[2022-12-25T15:44:58.216+0000] {processor.py:743} INFO - Processing file /home/airflow/.local/lib/python3.7/site-packages/airflow/example_dags/example_skip_dag.py for tasks to queue
[2022-12-25T15:44:58.217+0000] {logging_mixin.py:137} INFO - [2022-12-25T15:44:58.217+0000] {dagbag.py:538} INFO - Filling up the DagBag from /home/airflow/.local/lib/python3.7/site-packages/airflow/example_dags/example_skip_dag.py
[2022-12-25T15:44:58.230+0000] {processor.py:753} INFO - DAG(s) dict_keys(['example_skip_dag']) retrieved from /home/airflow/.local/lib/python3.7/site-packages/airflow/example_dags/example_skip_dag.py
[2022-12-25T15:44:58.267+0000] {logging_mixin.py:137} INFO - [2022-12-25T15:44:58.267+0000] {dag.py:2676} INFO - Sync 1 DAGs
[2022-12-25T15:44:58.296+0000] {logging_mixin.py:137} INFO - [2022-12-25T15:44:58.296+0000] {dag.py:3427} INFO - Setting next_dagrun for example_skip_dag to 2022-12-24T15:44:58.296538+00:00, run_after=2022-12-25T15:44:58.296538+00:00
[2022-12-25T15:44:58.316+0000] {processor.py:175} INFO - Processing /home/airflow/.local/lib/python3.7/site-packages/airflow/example_dags/example_skip_dag.py took 0.104 seconds
[2022-12-25T15:45:28.432+0000] {processor.py:153} INFO - Started process (PID=6473) to work on /home/airflow/.local/lib/python3.7/site-packages/airflow/example_dags/example_skip_dag.py
[2022-12-25T15:45:28.433+0000] {processor.py:743} INFO - Processing file /home/airflow/.local/lib/python3.7/site-packages/airflow/example_dags/example_skip_dag.py for tasks to queue
[2022-12-25T15:45:28.434+0000] {logging_mixin.py:137} INFO - [2022-12-25T15:45:28.434+0000] {dagbag.py:538} INFO - Filling up the DagBag from /home/airflow/.local/lib/python3.7/site-packages/airflow/example_dags/example_skip_dag.py
[2022-12-25T15:45:28.450+0000] {processor.py:753} INFO - DAG(s) dict_keys(['example_skip_dag']) retrieved from /home/airflow/.local/lib/python3.7/site-packages/airflow/example_dags/example_skip_dag.py
[2022-12-25T15:45:28.495+0000] {logging_mixin.py:137} INFO - [2022-12-25T15:45:28.495+0000] {dag.py:2676} INFO - Sync 1 DAGs
[2022-12-25T15:45:28.527+0000] {logging_mixin.py:137} INFO - [2022-12-25T15:45:28.526+0000] {dag.py:3427} INFO - Setting next_dagrun for example_skip_dag to 2022-12-24T15:45:28.526650+00:00, run_after=2022-12-25T15:45:28.526650+00:00
[2022-12-25T15:45:28.550+0000] {processor.py:175} INFO - Processing /home/airflow/.local/lib/python3.7/site-packages/airflow/example_dags/example_skip_dag.py took 0.122 seconds
[2022-12-25T15:45:58.924+0000] {processor.py:153} INFO - Started process (PID=6723) to work on /home/airflow/.local/lib/python3.7/site-packages/airflow/example_dags/example_skip_dag.py
[2022-12-25T15:45:58.925+0000] {processor.py:743} INFO - Processing file /home/airflow/.local/lib/python3.7/site-packages/airflow/example_dags/example_skip_dag.py for tasks to queue
[2022-12-25T15:45:58.926+0000] {logging_mixin.py:137} INFO - [2022-12-25T15:45:58.926+0000] {dagbag.py:538} INFO - Filling up the DagBag from /home/airflow/.local/lib/python3.7/site-packages/airflow/example_dags/example_skip_dag.py
[2022-12-25T15:45:58.940+0000] {processor.py:753} INFO - DAG(s) dict_keys(['example_skip_dag']) retrieved from /home/airflow/.local/lib/python3.7/site-packages/airflow/example_dags/example_skip_dag.py
[2022-12-25T15:45:58.979+0000] {logging_mixin.py:137} INFO - [2022-12-25T15:45:58.979+0000] {dag.py:2676} INFO - Sync 1 DAGs
[2022-12-25T15:45:59.004+0000] {logging_mixin.py:137} INFO - [2022-12-25T15:45:59.004+0000] {dag.py:3427} INFO - Setting next_dagrun for example_skip_dag to 2022-12-24T15:45:59.004530+00:00, run_after=2022-12-25T15:45:59.004530+00:00
[2022-12-25T15:45:59.025+0000] {processor.py:175} INFO - Processing /home/airflow/.local/lib/python3.7/site-packages/airflow/example_dags/example_skip_dag.py took 0.104 seconds
[2022-12-25T15:46:29.123+0000] {processor.py:153} INFO - Started process (PID=6953) to work on /home/airflow/.local/lib/python3.7/site-packages/airflow/example_dags/example_skip_dag.py
[2022-12-25T15:46:29.124+0000] {processor.py:743} INFO - Processing file /home/airflow/.local/lib/python3.7/site-packages/airflow/example_dags/example_skip_dag.py for tasks to queue
[2022-12-25T15:46:29.124+0000] {logging_mixin.py:137} INFO - [2022-12-25T15:46:29.124+0000] {dagbag.py:538} INFO - Filling up the DagBag from /home/airflow/.local/lib/python3.7/site-packages/airflow/example_dags/example_skip_dag.py
[2022-12-25T15:46:29.138+0000] {processor.py:753} INFO - DAG(s) dict_keys(['example_skip_dag']) retrieved from /home/airflow/.local/lib/python3.7/site-packages/airflow/example_dags/example_skip_dag.py
[2022-12-25T15:46:29.178+0000] {logging_mixin.py:137} INFO - [2022-12-25T15:46:29.178+0000] {dag.py:2676} INFO - Sync 1 DAGs
[2022-12-25T15:46:29.205+0000] {logging_mixin.py:137} INFO - [2022-12-25T15:46:29.204+0000] {dag.py:3427} INFO - Setting next_dagrun for example_skip_dag to 2022-12-24T15:46:29.204772+00:00, run_after=2022-12-25T15:46:29.204772+00:00
[2022-12-25T15:46:29.225+0000] {processor.py:175} INFO - Processing /home/airflow/.local/lib/python3.7/site-packages/airflow/example_dags/example_skip_dag.py took 0.105 seconds
[2022-12-25T15:46:59.869+0000] {processor.py:153} INFO - Started process (PID=7203) to work on /home/airflow/.local/lib/python3.7/site-packages/airflow/example_dags/example_skip_dag.py
[2022-12-25T15:46:59.871+0000] {processor.py:743} INFO - Processing file /home/airflow/.local/lib/python3.7/site-packages/airflow/example_dags/example_skip_dag.py for tasks to queue
[2022-12-25T15:46:59.871+0000] {logging_mixin.py:137} INFO - [2022-12-25T15:46:59.871+0000] {dagbag.py:538} INFO - Filling up the DagBag from /home/airflow/.local/lib/python3.7/site-packages/airflow/example_dags/example_skip_dag.py
[2022-12-25T15:46:59.886+0000] {processor.py:753} INFO - DAG(s) dict_keys(['example_skip_dag']) retrieved from /home/airflow/.local/lib/python3.7/site-packages/airflow/example_dags/example_skip_dag.py
[2022-12-25T15:46:59.922+0000] {logging_mixin.py:137} INFO - [2022-12-25T15:46:59.922+0000] {dag.py:2676} INFO - Sync 1 DAGs
[2022-12-25T15:46:59.948+0000] {logging_mixin.py:137} INFO - [2022-12-25T15:46:59.948+0000] {dag.py:3427} INFO - Setting next_dagrun for example_skip_dag to 2022-12-24T15:46:59.948418+00:00, run_after=2022-12-25T15:46:59.948418+00:00
[2022-12-25T15:46:59.968+0000] {processor.py:175} INFO - Processing /home/airflow/.local/lib/python3.7/site-packages/airflow/example_dags/example_skip_dag.py took 0.102 seconds
[2022-12-25T15:47:30.598+0000] {processor.py:153} INFO - Started process (PID=7434) to work on /home/airflow/.local/lib/python3.7/site-packages/airflow/example_dags/example_skip_dag.py
[2022-12-25T15:47:30.600+0000] {processor.py:743} INFO - Processing file /home/airflow/.local/lib/python3.7/site-packages/airflow/example_dags/example_skip_dag.py for tasks to queue
[2022-12-25T15:47:30.601+0000] {logging_mixin.py:137} INFO - [2022-12-25T15:47:30.601+0000] {dagbag.py:538} INFO - Filling up the DagBag from /home/airflow/.local/lib/python3.7/site-packages/airflow/example_dags/example_skip_dag.py
[2022-12-25T15:47:30.623+0000] {processor.py:753} INFO - DAG(s) dict_keys(['example_skip_dag']) retrieved from /home/airflow/.local/lib/python3.7/site-packages/airflow/example_dags/example_skip_dag.py
[2022-12-25T15:47:30.681+0000] {logging_mixin.py:137} INFO - [2022-12-25T15:47:30.681+0000] {dag.py:2676} INFO - Sync 1 DAGs
[2022-12-25T15:47:30.719+0000] {logging_mixin.py:137} INFO - [2022-12-25T15:47:30.719+0000] {dag.py:3427} INFO - Setting next_dagrun for example_skip_dag to 2022-12-24T15:47:30.718783+00:00, run_after=2022-12-25T15:47:30.718783+00:00
[2022-12-25T15:47:30.750+0000] {processor.py:175} INFO - Processing /home/airflow/.local/lib/python3.7/site-packages/airflow/example_dags/example_skip_dag.py took 0.156 seconds
[2022-12-25T15:48:01.166+0000] {processor.py:153} INFO - Started process (PID=7664) to work on /home/airflow/.local/lib/python3.7/site-packages/airflow/example_dags/example_skip_dag.py
[2022-12-25T15:48:01.168+0000] {processor.py:743} INFO - Processing file /home/airflow/.local/lib/python3.7/site-packages/airflow/example_dags/example_skip_dag.py for tasks to queue
[2022-12-25T15:48:01.168+0000] {logging_mixin.py:137} INFO - [2022-12-25T15:48:01.168+0000] {dagbag.py:538} INFO - Filling up the DagBag from /home/airflow/.local/lib/python3.7/site-packages/airflow/example_dags/example_skip_dag.py
[2022-12-25T15:48:01.183+0000] {processor.py:753} INFO - DAG(s) dict_keys(['example_skip_dag']) retrieved from /home/airflow/.local/lib/python3.7/site-packages/airflow/example_dags/example_skip_dag.py
[2022-12-25T15:48:01.226+0000] {logging_mixin.py:137} INFO - [2022-12-25T15:48:01.225+0000] {dag.py:2676} INFO - Sync 1 DAGs
[2022-12-25T15:48:01.254+0000] {logging_mixin.py:137} INFO - [2022-12-25T15:48:01.254+0000] {dag.py:3427} INFO - Setting next_dagrun for example_skip_dag to 2022-12-24T15:48:01.253993+00:00, run_after=2022-12-25T15:48:01.253993+00:00
[2022-12-25T15:48:01.281+0000] {processor.py:175} INFO - Processing /home/airflow/.local/lib/python3.7/site-packages/airflow/example_dags/example_skip_dag.py took 0.118 seconds
[2022-12-25T15:48:31.781+0000] {processor.py:153} INFO - Started process (PID=7914) to work on /home/airflow/.local/lib/python3.7/site-packages/airflow/example_dags/example_skip_dag.py
[2022-12-25T15:48:31.782+0000] {processor.py:743} INFO - Processing file /home/airflow/.local/lib/python3.7/site-packages/airflow/example_dags/example_skip_dag.py for tasks to queue
[2022-12-25T15:48:31.783+0000] {logging_mixin.py:137} INFO - [2022-12-25T15:48:31.783+0000] {dagbag.py:538} INFO - Filling up the DagBag from /home/airflow/.local/lib/python3.7/site-packages/airflow/example_dags/example_skip_dag.py
[2022-12-25T15:48:31.802+0000] {processor.py:753} INFO - DAG(s) dict_keys(['example_skip_dag']) retrieved from /home/airflow/.local/lib/python3.7/site-packages/airflow/example_dags/example_skip_dag.py
[2022-12-25T15:48:31.861+0000] {logging_mixin.py:137} INFO - [2022-12-25T15:48:31.860+0000] {dag.py:2676} INFO - Sync 1 DAGs
[2022-12-25T15:48:31.897+0000] {logging_mixin.py:137} INFO - [2022-12-25T15:48:31.897+0000] {dag.py:3427} INFO - Setting next_dagrun for example_skip_dag to 2022-12-24T15:48:31.896915+00:00, run_after=2022-12-25T15:48:31.896915+00:00
[2022-12-25T15:48:31.923+0000] {processor.py:175} INFO - Processing /home/airflow/.local/lib/python3.7/site-packages/airflow/example_dags/example_skip_dag.py took 0.146 seconds
[2022-12-25T15:49:02.130+0000] {processor.py:153} INFO - Started process (PID=8144) to work on /home/airflow/.local/lib/python3.7/site-packages/airflow/example_dags/example_skip_dag.py
[2022-12-25T15:49:02.131+0000] {processor.py:743} INFO - Processing file /home/airflow/.local/lib/python3.7/site-packages/airflow/example_dags/example_skip_dag.py for tasks to queue
[2022-12-25T15:49:02.132+0000] {logging_mixin.py:137} INFO - [2022-12-25T15:49:02.132+0000] {dagbag.py:538} INFO - Filling up the DagBag from /home/airflow/.local/lib/python3.7/site-packages/airflow/example_dags/example_skip_dag.py
[2022-12-25T15:49:02.148+0000] {processor.py:753} INFO - DAG(s) dict_keys(['example_skip_dag']) retrieved from /home/airflow/.local/lib/python3.7/site-packages/airflow/example_dags/example_skip_dag.py
[2022-12-25T15:49:02.189+0000] {logging_mixin.py:137} INFO - [2022-12-25T15:49:02.189+0000] {dag.py:2676} INFO - Sync 1 DAGs
[2022-12-25T15:49:02.221+0000] {logging_mixin.py:137} INFO - [2022-12-25T15:49:02.221+0000] {dag.py:3427} INFO - Setting next_dagrun for example_skip_dag to 2022-12-24T15:49:02.221163+00:00, run_after=2022-12-25T15:49:02.221163+00:00
[2022-12-25T15:49:02.245+0000] {processor.py:175} INFO - Processing /home/airflow/.local/lib/python3.7/site-packages/airflow/example_dags/example_skip_dag.py took 0.118 seconds
[2022-12-25T15:49:33.113+0000] {processor.py:153} INFO - Started process (PID=8376) to work on /home/airflow/.local/lib/python3.7/site-packages/airflow/example_dags/example_skip_dag.py
[2022-12-25T15:49:33.114+0000] {processor.py:743} INFO - Processing file /home/airflow/.local/lib/python3.7/site-packages/airflow/example_dags/example_skip_dag.py for tasks to queue
[2022-12-25T15:49:33.114+0000] {logging_mixin.py:137} INFO - [2022-12-25T15:49:33.114+0000] {dagbag.py:538} INFO - Filling up the DagBag from /home/airflow/.local/lib/python3.7/site-packages/airflow/example_dags/example_skip_dag.py
[2022-12-25T15:49:33.127+0000] {processor.py:753} INFO - DAG(s) dict_keys(['example_skip_dag']) retrieved from /home/airflow/.local/lib/python3.7/site-packages/airflow/example_dags/example_skip_dag.py
[2022-12-25T15:49:33.163+0000] {logging_mixin.py:137} INFO - [2022-12-25T15:49:33.163+0000] {dag.py:2676} INFO - Sync 1 DAGs
[2022-12-25T15:49:33.187+0000] {logging_mixin.py:137} INFO - [2022-12-25T15:49:33.187+0000] {dag.py:3427} INFO - Setting next_dagrun for example_skip_dag to 2022-12-24T15:49:33.187015+00:00, run_after=2022-12-25T15:49:33.187015+00:00
[2022-12-25T15:49:33.206+0000] {processor.py:175} INFO - Processing /home/airflow/.local/lib/python3.7/site-packages/airflow/example_dags/example_skip_dag.py took 0.097 seconds
[2022-12-25T15:50:03.659+0000] {processor.py:153} INFO - Started process (PID=8624) to work on /home/airflow/.local/lib/python3.7/site-packages/airflow/example_dags/example_skip_dag.py
[2022-12-25T15:50:03.660+0000] {processor.py:743} INFO - Processing file /home/airflow/.local/lib/python3.7/site-packages/airflow/example_dags/example_skip_dag.py for tasks to queue
[2022-12-25T15:50:03.661+0000] {logging_mixin.py:137} INFO - [2022-12-25T15:50:03.661+0000] {dagbag.py:538} INFO - Filling up the DagBag from /home/airflow/.local/lib/python3.7/site-packages/airflow/example_dags/example_skip_dag.py
[2022-12-25T15:50:03.676+0000] {processor.py:753} INFO - DAG(s) dict_keys(['example_skip_dag']) retrieved from /home/airflow/.local/lib/python3.7/site-packages/airflow/example_dags/example_skip_dag.py
[2022-12-25T15:50:03.718+0000] {logging_mixin.py:137} INFO - [2022-12-25T15:50:03.717+0000] {dag.py:2676} INFO - Sync 1 DAGs
[2022-12-25T15:50:03.748+0000] {logging_mixin.py:137} INFO - [2022-12-25T15:50:03.748+0000] {dag.py:3427} INFO - Setting next_dagrun for example_skip_dag to 2022-12-24T15:50:03.748246+00:00, run_after=2022-12-25T15:50:03.748246+00:00
[2022-12-25T15:50:03.771+0000] {processor.py:175} INFO - Processing /home/airflow/.local/lib/python3.7/site-packages/airflow/example_dags/example_skip_dag.py took 0.116 seconds
[2022-12-25T15:50:34.649+0000] {processor.py:153} INFO - Started process (PID=8854) to work on /home/airflow/.local/lib/python3.7/site-packages/airflow/example_dags/example_skip_dag.py
[2022-12-25T15:50:34.650+0000] {processor.py:743} INFO - Processing file /home/airflow/.local/lib/python3.7/site-packages/airflow/example_dags/example_skip_dag.py for tasks to queue
[2022-12-25T15:50:34.651+0000] {logging_mixin.py:137} INFO - [2022-12-25T15:50:34.651+0000] {dagbag.py:538} INFO - Filling up the DagBag from /home/airflow/.local/lib/python3.7/site-packages/airflow/example_dags/example_skip_dag.py
[2022-12-25T15:50:34.665+0000] {processor.py:753} INFO - DAG(s) dict_keys(['example_skip_dag']) retrieved from /home/airflow/.local/lib/python3.7/site-packages/airflow/example_dags/example_skip_dag.py
[2022-12-25T15:50:34.705+0000] {logging_mixin.py:137} INFO - [2022-12-25T15:50:34.705+0000] {dag.py:2676} INFO - Sync 1 DAGs
[2022-12-25T15:50:34.735+0000] {logging_mixin.py:137} INFO - [2022-12-25T15:50:34.735+0000] {dag.py:3427} INFO - Setting next_dagrun for example_skip_dag to 2022-12-24T15:50:34.734852+00:00, run_after=2022-12-25T15:50:34.734852+00:00
[2022-12-25T15:50:34.756+0000] {processor.py:175} INFO - Processing /home/airflow/.local/lib/python3.7/site-packages/airflow/example_dags/example_skip_dag.py took 0.111 seconds
[2022-12-25T15:51:05.090+0000] {processor.py:153} INFO - Started process (PID=9104) to work on /home/airflow/.local/lib/python3.7/site-packages/airflow/example_dags/example_skip_dag.py
[2022-12-25T15:51:05.090+0000] {processor.py:743} INFO - Processing file /home/airflow/.local/lib/python3.7/site-packages/airflow/example_dags/example_skip_dag.py for tasks to queue
[2022-12-25T15:51:05.091+0000] {logging_mixin.py:137} INFO - [2022-12-25T15:51:05.091+0000] {dagbag.py:538} INFO - Filling up the DagBag from /home/airflow/.local/lib/python3.7/site-packages/airflow/example_dags/example_skip_dag.py
[2022-12-25T15:51:05.106+0000] {processor.py:753} INFO - DAG(s) dict_keys(['example_skip_dag']) retrieved from /home/airflow/.local/lib/python3.7/site-packages/airflow/example_dags/example_skip_dag.py
[2022-12-25T15:51:05.148+0000] {logging_mixin.py:137} INFO - [2022-12-25T15:51:05.148+0000] {dag.py:2676} INFO - Sync 1 DAGs
[2022-12-25T15:51:05.175+0000] {logging_mixin.py:137} INFO - [2022-12-25T15:51:05.175+0000] {dag.py:3427} INFO - Setting next_dagrun for example_skip_dag to 2022-12-24T15:51:05.175097+00:00, run_after=2022-12-25T15:51:05.175097+00:00
[2022-12-25T15:51:05.194+0000] {processor.py:175} INFO - Processing /home/airflow/.local/lib/python3.7/site-packages/airflow/example_dags/example_skip_dag.py took 0.108 seconds
[2022-12-25T15:51:35.340+0000] {processor.py:153} INFO - Started process (PID=9334) to work on /home/airflow/.local/lib/python3.7/site-packages/airflow/example_dags/example_skip_dag.py
[2022-12-25T15:51:35.341+0000] {processor.py:743} INFO - Processing file /home/airflow/.local/lib/python3.7/site-packages/airflow/example_dags/example_skip_dag.py for tasks to queue
[2022-12-25T15:51:35.342+0000] {logging_mixin.py:137} INFO - [2022-12-25T15:51:35.342+0000] {dagbag.py:538} INFO - Filling up the DagBag from /home/airflow/.local/lib/python3.7/site-packages/airflow/example_dags/example_skip_dag.py
[2022-12-25T15:51:35.356+0000] {processor.py:753} INFO - DAG(s) dict_keys(['example_skip_dag']) retrieved from /home/airflow/.local/lib/python3.7/site-packages/airflow/example_dags/example_skip_dag.py
[2022-12-25T15:51:35.398+0000] {logging_mixin.py:137} INFO - [2022-12-25T15:51:35.398+0000] {dag.py:2676} INFO - Sync 1 DAGs
[2022-12-25T15:51:35.426+0000] {logging_mixin.py:137} INFO - [2022-12-25T15:51:35.426+0000] {dag.py:3427} INFO - Setting next_dagrun for example_skip_dag to 2022-12-24T15:51:35.425975+00:00, run_after=2022-12-25T15:51:35.425975+00:00
[2022-12-25T15:51:35.450+0000] {processor.py:175} INFO - Processing /home/airflow/.local/lib/python3.7/site-packages/airflow/example_dags/example_skip_dag.py took 0.113 seconds
[2022-12-25T15:52:05.767+0000] {processor.py:153} INFO - Started process (PID=9564) to work on /home/airflow/.local/lib/python3.7/site-packages/airflow/example_dags/example_skip_dag.py
[2022-12-25T15:52:05.768+0000] {processor.py:743} INFO - Processing file /home/airflow/.local/lib/python3.7/site-packages/airflow/example_dags/example_skip_dag.py for tasks to queue
[2022-12-25T15:52:05.769+0000] {logging_mixin.py:137} INFO - [2022-12-25T15:52:05.769+0000] {dagbag.py:538} INFO - Filling up the DagBag from /home/airflow/.local/lib/python3.7/site-packages/airflow/example_dags/example_skip_dag.py
[2022-12-25T15:52:05.785+0000] {processor.py:753} INFO - DAG(s) dict_keys(['example_skip_dag']) retrieved from /home/airflow/.local/lib/python3.7/site-packages/airflow/example_dags/example_skip_dag.py
[2022-12-25T15:52:05.842+0000] {logging_mixin.py:137} INFO - [2022-12-25T15:52:05.842+0000] {dag.py:2676} INFO - Sync 1 DAGs
[2022-12-25T15:52:05.872+0000] {logging_mixin.py:137} INFO - [2022-12-25T15:52:05.872+0000] {dag.py:3427} INFO - Setting next_dagrun for example_skip_dag to 2022-12-24T15:52:05.872212+00:00, run_after=2022-12-25T15:52:05.872212+00:00
[2022-12-25T15:52:05.894+0000] {processor.py:175} INFO - Processing /home/airflow/.local/lib/python3.7/site-packages/airflow/example_dags/example_skip_dag.py took 0.130 seconds
[2022-12-25T15:52:36.828+0000] {processor.py:153} INFO - Started process (PID=9814) to work on /home/airflow/.local/lib/python3.7/site-packages/airflow/example_dags/example_skip_dag.py
[2022-12-25T15:52:36.830+0000] {processor.py:743} INFO - Processing file /home/airflow/.local/lib/python3.7/site-packages/airflow/example_dags/example_skip_dag.py for tasks to queue
[2022-12-25T15:52:36.830+0000] {logging_mixin.py:137} INFO - [2022-12-25T15:52:36.830+0000] {dagbag.py:538} INFO - Filling up the DagBag from /home/airflow/.local/lib/python3.7/site-packages/airflow/example_dags/example_skip_dag.py
[2022-12-25T15:52:36.849+0000] {processor.py:753} INFO - DAG(s) dict_keys(['example_skip_dag']) retrieved from /home/airflow/.local/lib/python3.7/site-packages/airflow/example_dags/example_skip_dag.py
[2022-12-25T15:52:36.893+0000] {logging_mixin.py:137} INFO - [2022-12-25T15:52:36.893+0000] {dag.py:2676} INFO - Sync 1 DAGs
[2022-12-25T15:52:36.924+0000] {logging_mixin.py:137} INFO - [2022-12-25T15:52:36.924+0000] {dag.py:3427} INFO - Setting next_dagrun for example_skip_dag to 2022-12-24T15:52:36.924043+00:00, run_after=2022-12-25T15:52:36.924043+00:00
[2022-12-25T15:52:36.952+0000] {processor.py:175} INFO - Processing /home/airflow/.local/lib/python3.7/site-packages/airflow/example_dags/example_skip_dag.py took 0.128 seconds
[2022-12-25T15:53:07.635+0000] {processor.py:153} INFO - Started process (PID=10044) to work on /home/airflow/.local/lib/python3.7/site-packages/airflow/example_dags/example_skip_dag.py
[2022-12-25T15:53:07.636+0000] {processor.py:743} INFO - Processing file /home/airflow/.local/lib/python3.7/site-packages/airflow/example_dags/example_skip_dag.py for tasks to queue
[2022-12-25T15:53:07.637+0000] {logging_mixin.py:137} INFO - [2022-12-25T15:53:07.637+0000] {dagbag.py:538} INFO - Filling up the DagBag from /home/airflow/.local/lib/python3.7/site-packages/airflow/example_dags/example_skip_dag.py
[2022-12-25T15:53:07.650+0000] {processor.py:753} INFO - DAG(s) dict_keys(['example_skip_dag']) retrieved from /home/airflow/.local/lib/python3.7/site-packages/airflow/example_dags/example_skip_dag.py
[2022-12-25T15:53:07.688+0000] {logging_mixin.py:137} INFO - [2022-12-25T15:53:07.688+0000] {dag.py:2676} INFO - Sync 1 DAGs
[2022-12-25T15:53:07.713+0000] {logging_mixin.py:137} INFO - [2022-12-25T15:53:07.713+0000] {dag.py:3427} INFO - Setting next_dagrun for example_skip_dag to 2022-12-24T15:53:07.713251+00:00, run_after=2022-12-25T15:53:07.713251+00:00
[2022-12-25T15:53:07.735+0000] {processor.py:175} INFO - Processing /home/airflow/.local/lib/python3.7/site-packages/airflow/example_dags/example_skip_dag.py took 0.103 seconds
