[2022-12-25T15:32:12.364+0000] {processor.py:153} INFO - Started process (PID=318) to work on /home/airflow/.local/lib/python3.7/site-packages/airflow/example_dags/example_xcom.py
[2022-12-25T15:32:12.365+0000] {processor.py:743} INFO - Processing file /home/airflow/.local/lib/python3.7/site-packages/airflow/example_dags/example_xcom.py for tasks to queue
[2022-12-25T15:32:12.366+0000] {logging_mixin.py:137} INFO - [2022-12-25T15:32:12.366+0000] {dagbag.py:538} INFO - Filling up the DagBag from /home/airflow/.local/lib/python3.7/site-packages/airflow/example_dags/example_xcom.py
[2022-12-25T15:32:12.412+0000] {processor.py:753} INFO - DAG(s) dict_keys(['example_xcom']) retrieved from /home/airflow/.local/lib/python3.7/site-packages/airflow/example_dags/example_xcom.py
[2022-12-25T15:32:12.541+0000] {logging_mixin.py:137} INFO - [2022-12-25T15:32:12.541+0000] {dag.py:2676} INFO - Sync 1 DAGs
[2022-12-25T15:32:12.580+0000] {logging_mixin.py:137} INFO - [2022-12-25T15:32:12.580+0000] {dag.py:3427} INFO - Setting next_dagrun for example_xcom to 2021-01-01T00:00:00+00:00, run_after=2021-01-01T00:00:00+00:00
[2022-12-25T15:32:12.610+0000] {processor.py:175} INFO - Processing /home/airflow/.local/lib/python3.7/site-packages/airflow/example_dags/example_xcom.py took 0.252 seconds
[2022-12-25T15:32:43.034+0000] {processor.py:153} INFO - Started process (PID=548) to work on /home/airflow/.local/lib/python3.7/site-packages/airflow/example_dags/example_xcom.py
[2022-12-25T15:32:43.036+0000] {processor.py:743} INFO - Processing file /home/airflow/.local/lib/python3.7/site-packages/airflow/example_dags/example_xcom.py for tasks to queue
[2022-12-25T15:32:43.036+0000] {logging_mixin.py:137} INFO - [2022-12-25T15:32:43.036+0000] {dagbag.py:538} INFO - Filling up the DagBag from /home/airflow/.local/lib/python3.7/site-packages/airflow/example_dags/example_xcom.py
[2022-12-25T15:32:43.059+0000] {processor.py:753} INFO - DAG(s) dict_keys(['example_xcom']) retrieved from /home/airflow/.local/lib/python3.7/site-packages/airflow/example_dags/example_xcom.py
[2022-12-25T15:32:43.098+0000] {logging_mixin.py:137} INFO - [2022-12-25T15:32:43.097+0000] {dag.py:2676} INFO - Sync 1 DAGs
[2022-12-25T15:32:43.123+0000] {logging_mixin.py:137} INFO - [2022-12-25T15:32:43.123+0000] {dag.py:3427} INFO - Setting next_dagrun for example_xcom to 2021-01-01T00:00:00+00:00, run_after=2021-01-01T00:00:00+00:00
[2022-12-25T15:32:43.145+0000] {processor.py:175} INFO - Processing /home/airflow/.local/lib/python3.7/site-packages/airflow/example_dags/example_xcom.py took 0.113 seconds
[2022-12-25T15:33:14.623+0000] {processor.py:153} INFO - Started process (PID=788) to work on /home/airflow/.local/lib/python3.7/site-packages/airflow/example_dags/example_xcom.py
[2022-12-25T15:33:14.626+0000] {processor.py:743} INFO - Processing file /home/airflow/.local/lib/python3.7/site-packages/airflow/example_dags/example_xcom.py for tasks to queue
[2022-12-25T15:33:14.629+0000] {logging_mixin.py:137} INFO - [2022-12-25T15:33:14.628+0000] {dagbag.py:538} INFO - Filling up the DagBag from /home/airflow/.local/lib/python3.7/site-packages/airflow/example_dags/example_xcom.py
[2022-12-25T15:33:14.694+0000] {processor.py:753} INFO - DAG(s) dict_keys(['example_xcom']) retrieved from /home/airflow/.local/lib/python3.7/site-packages/airflow/example_dags/example_xcom.py
[2022-12-25T15:33:14.848+0000] {logging_mixin.py:137} INFO - [2022-12-25T15:33:14.848+0000] {dag.py:2676} INFO - Sync 1 DAGs
[2022-12-25T15:33:14.942+0000] {logging_mixin.py:137} INFO - [2022-12-25T15:33:14.941+0000] {dag.py:3427} INFO - Setting next_dagrun for example_xcom to 2021-01-01T00:00:00+00:00, run_after=2021-01-01T00:00:00+00:00
[2022-12-25T15:33:15.000+0000] {processor.py:175} INFO - Processing /home/airflow/.local/lib/python3.7/site-packages/airflow/example_dags/example_xcom.py took 0.384 seconds
[2022-12-25T15:33:45.444+0000] {processor.py:153} INFO - Started process (PID=1029) to work on /home/airflow/.local/lib/python3.7/site-packages/airflow/example_dags/example_xcom.py
[2022-12-25T15:33:45.445+0000] {processor.py:743} INFO - Processing file /home/airflow/.local/lib/python3.7/site-packages/airflow/example_dags/example_xcom.py for tasks to queue
[2022-12-25T15:33:45.446+0000] {logging_mixin.py:137} INFO - [2022-12-25T15:33:45.446+0000] {dagbag.py:538} INFO - Filling up the DagBag from /home/airflow/.local/lib/python3.7/site-packages/airflow/example_dags/example_xcom.py
[2022-12-25T15:33:45.475+0000] {processor.py:753} INFO - DAG(s) dict_keys(['example_xcom']) retrieved from /home/airflow/.local/lib/python3.7/site-packages/airflow/example_dags/example_xcom.py
[2022-12-25T15:33:45.505+0000] {logging_mixin.py:137} INFO - [2022-12-25T15:33:45.505+0000] {dag.py:2676} INFO - Sync 1 DAGs
[2022-12-25T15:33:45.540+0000] {logging_mixin.py:137} INFO - [2022-12-25T15:33:45.539+0000] {dag.py:3427} INFO - Setting next_dagrun for example_xcom to 2021-01-01T00:00:00+00:00, run_after=2021-01-01T00:00:00+00:00
[2022-12-25T15:33:45.567+0000] {processor.py:175} INFO - Processing /home/airflow/.local/lib/python3.7/site-packages/airflow/example_dags/example_xcom.py took 0.127 seconds
[2022-12-25T15:34:16.277+0000] {processor.py:153} INFO - Started process (PID=1260) to work on /home/airflow/.local/lib/python3.7/site-packages/airflow/example_dags/example_xcom.py
[2022-12-25T15:34:16.278+0000] {processor.py:743} INFO - Processing file /home/airflow/.local/lib/python3.7/site-packages/airflow/example_dags/example_xcom.py for tasks to queue
[2022-12-25T15:34:16.279+0000] {logging_mixin.py:137} INFO - [2022-12-25T15:34:16.279+0000] {dagbag.py:538} INFO - Filling up the DagBag from /home/airflow/.local/lib/python3.7/site-packages/airflow/example_dags/example_xcom.py
[2022-12-25T15:34:16.307+0000] {processor.py:753} INFO - DAG(s) dict_keys(['example_xcom']) retrieved from /home/airflow/.local/lib/python3.7/site-packages/airflow/example_dags/example_xcom.py
[2022-12-25T15:34:16.353+0000] {logging_mixin.py:137} INFO - [2022-12-25T15:34:16.352+0000] {dag.py:2676} INFO - Sync 1 DAGs
[2022-12-25T15:34:16.384+0000] {logging_mixin.py:137} INFO - [2022-12-25T15:34:16.383+0000] {dag.py:3427} INFO - Setting next_dagrun for example_xcom to 2021-01-01T00:00:00+00:00, run_after=2021-01-01T00:00:00+00:00
[2022-12-25T15:34:16.407+0000] {processor.py:175} INFO - Processing /home/airflow/.local/lib/python3.7/site-packages/airflow/example_dags/example_xcom.py took 0.134 seconds
[2022-12-25T15:34:46.530+0000] {processor.py:153} INFO - Started process (PID=1492) to work on /home/airflow/.local/lib/python3.7/site-packages/airflow/example_dags/example_xcom.py
[2022-12-25T15:34:46.531+0000] {processor.py:743} INFO - Processing file /home/airflow/.local/lib/python3.7/site-packages/airflow/example_dags/example_xcom.py for tasks to queue
[2022-12-25T15:34:46.532+0000] {logging_mixin.py:137} INFO - [2022-12-25T15:34:46.532+0000] {dagbag.py:538} INFO - Filling up the DagBag from /home/airflow/.local/lib/python3.7/site-packages/airflow/example_dags/example_xcom.py
[2022-12-25T15:34:46.554+0000] {processor.py:753} INFO - DAG(s) dict_keys(['example_xcom']) retrieved from /home/airflow/.local/lib/python3.7/site-packages/airflow/example_dags/example_xcom.py
[2022-12-25T15:34:46.593+0000] {logging_mixin.py:137} INFO - [2022-12-25T15:34:46.593+0000] {dag.py:2676} INFO - Sync 1 DAGs
[2022-12-25T15:34:46.617+0000] {logging_mixin.py:137} INFO - [2022-12-25T15:34:46.617+0000] {dag.py:3427} INFO - Setting next_dagrun for example_xcom to 2021-01-01T00:00:00+00:00, run_after=2021-01-01T00:00:00+00:00
[2022-12-25T15:34:46.637+0000] {processor.py:175} INFO - Processing /home/airflow/.local/lib/python3.7/site-packages/airflow/example_dags/example_xcom.py took 0.110 seconds
[2022-12-25T15:35:17.072+0000] {processor.py:153} INFO - Started process (PID=1740) to work on /home/airflow/.local/lib/python3.7/site-packages/airflow/example_dags/example_xcom.py
[2022-12-25T15:35:17.073+0000] {processor.py:743} INFO - Processing file /home/airflow/.local/lib/python3.7/site-packages/airflow/example_dags/example_xcom.py for tasks to queue
[2022-12-25T15:35:17.074+0000] {logging_mixin.py:137} INFO - [2022-12-25T15:35:17.074+0000] {dagbag.py:538} INFO - Filling up the DagBag from /home/airflow/.local/lib/python3.7/site-packages/airflow/example_dags/example_xcom.py
[2022-12-25T15:35:17.101+0000] {processor.py:753} INFO - DAG(s) dict_keys(['example_xcom']) retrieved from /home/airflow/.local/lib/python3.7/site-packages/airflow/example_dags/example_xcom.py
[2022-12-25T15:35:17.151+0000] {logging_mixin.py:137} INFO - [2022-12-25T15:35:17.151+0000] {dag.py:2676} INFO - Sync 1 DAGs
[2022-12-25T15:35:17.181+0000] {logging_mixin.py:137} INFO - [2022-12-25T15:35:17.181+0000] {dag.py:3427} INFO - Setting next_dagrun for example_xcom to 2021-01-01T00:00:00+00:00, run_after=2021-01-01T00:00:00+00:00
[2022-12-25T15:35:17.206+0000] {processor.py:175} INFO - Processing /home/airflow/.local/lib/python3.7/site-packages/airflow/example_dags/example_xcom.py took 0.138 seconds
[2022-12-25T15:35:48.088+0000] {processor.py:153} INFO - Started process (PID=1970) to work on /home/airflow/.local/lib/python3.7/site-packages/airflow/example_dags/example_xcom.py
[2022-12-25T15:35:48.091+0000] {processor.py:743} INFO - Processing file /home/airflow/.local/lib/python3.7/site-packages/airflow/example_dags/example_xcom.py for tasks to queue
[2022-12-25T15:35:48.092+0000] {logging_mixin.py:137} INFO - [2022-12-25T15:35:48.092+0000] {dagbag.py:538} INFO - Filling up the DagBag from /home/airflow/.local/lib/python3.7/site-packages/airflow/example_dags/example_xcom.py
[2022-12-25T15:35:48.131+0000] {processor.py:753} INFO - DAG(s) dict_keys(['example_xcom']) retrieved from /home/airflow/.local/lib/python3.7/site-packages/airflow/example_dags/example_xcom.py
[2022-12-25T15:35:48.181+0000] {logging_mixin.py:137} INFO - [2022-12-25T15:35:48.181+0000] {dag.py:2676} INFO - Sync 1 DAGs
[2022-12-25T15:35:48.212+0000] {logging_mixin.py:137} INFO - [2022-12-25T15:35:48.212+0000] {dag.py:3427} INFO - Setting next_dagrun for example_xcom to 2021-01-01T00:00:00+00:00, run_after=2021-01-01T00:00:00+00:00
[2022-12-25T15:35:48.240+0000] {processor.py:175} INFO - Processing /home/airflow/.local/lib/python3.7/site-packages/airflow/example_dags/example_xcom.py took 0.158 seconds
[2022-12-25T15:36:18.385+0000] {processor.py:153} INFO - Started process (PID=2200) to work on /home/airflow/.local/lib/python3.7/site-packages/airflow/example_dags/example_xcom.py
[2022-12-25T15:36:18.386+0000] {processor.py:743} INFO - Processing file /home/airflow/.local/lib/python3.7/site-packages/airflow/example_dags/example_xcom.py for tasks to queue
[2022-12-25T15:36:18.386+0000] {logging_mixin.py:137} INFO - [2022-12-25T15:36:18.386+0000] {dagbag.py:538} INFO - Filling up the DagBag from /home/airflow/.local/lib/python3.7/site-packages/airflow/example_dags/example_xcom.py
[2022-12-25T15:36:18.411+0000] {processor.py:753} INFO - DAG(s) dict_keys(['example_xcom']) retrieved from /home/airflow/.local/lib/python3.7/site-packages/airflow/example_dags/example_xcom.py
[2022-12-25T15:36:18.456+0000] {logging_mixin.py:137} INFO - [2022-12-25T15:36:18.456+0000] {dag.py:2676} INFO - Sync 1 DAGs
[2022-12-25T15:36:18.489+0000] {logging_mixin.py:137} INFO - [2022-12-25T15:36:18.489+0000] {dag.py:3427} INFO - Setting next_dagrun for example_xcom to 2021-01-01T00:00:00+00:00, run_after=2021-01-01T00:00:00+00:00
[2022-12-25T15:36:18.510+0000] {processor.py:175} INFO - Processing /home/airflow/.local/lib/python3.7/site-packages/airflow/example_dags/example_xcom.py took 0.128 seconds
[2022-12-25T15:36:49.340+0000] {processor.py:153} INFO - Started process (PID=2450) to work on /home/airflow/.local/lib/python3.7/site-packages/airflow/example_dags/example_xcom.py
[2022-12-25T15:36:49.341+0000] {processor.py:743} INFO - Processing file /home/airflow/.local/lib/python3.7/site-packages/airflow/example_dags/example_xcom.py for tasks to queue
[2022-12-25T15:36:49.342+0000] {logging_mixin.py:137} INFO - [2022-12-25T15:36:49.342+0000] {dagbag.py:538} INFO - Filling up the DagBag from /home/airflow/.local/lib/python3.7/site-packages/airflow/example_dags/example_xcom.py
[2022-12-25T15:36:49.372+0000] {processor.py:753} INFO - DAG(s) dict_keys(['example_xcom']) retrieved from /home/airflow/.local/lib/python3.7/site-packages/airflow/example_dags/example_xcom.py
[2022-12-25T15:36:49.418+0000] {logging_mixin.py:137} INFO - [2022-12-25T15:36:49.418+0000] {dag.py:2676} INFO - Sync 1 DAGs
[2022-12-25T15:36:49.452+0000] {logging_mixin.py:137} INFO - [2022-12-25T15:36:49.452+0000] {dag.py:3427} INFO - Setting next_dagrun for example_xcom to 2021-01-01T00:00:00+00:00, run_after=2021-01-01T00:00:00+00:00
[2022-12-25T15:36:49.476+0000] {processor.py:175} INFO - Processing /home/airflow/.local/lib/python3.7/site-packages/airflow/example_dags/example_xcom.py took 0.139 seconds
[2022-12-25T15:37:19.543+0000] {processor.py:153} INFO - Started process (PID=2680) to work on /home/airflow/.local/lib/python3.7/site-packages/airflow/example_dags/example_xcom.py
[2022-12-25T15:37:19.544+0000] {processor.py:743} INFO - Processing file /home/airflow/.local/lib/python3.7/site-packages/airflow/example_dags/example_xcom.py for tasks to queue
[2022-12-25T15:37:19.545+0000] {logging_mixin.py:137} INFO - [2022-12-25T15:37:19.545+0000] {dagbag.py:538} INFO - Filling up the DagBag from /home/airflow/.local/lib/python3.7/site-packages/airflow/example_dags/example_xcom.py
[2022-12-25T15:37:19.573+0000] {processor.py:753} INFO - DAG(s) dict_keys(['example_xcom']) retrieved from /home/airflow/.local/lib/python3.7/site-packages/airflow/example_dags/example_xcom.py
[2022-12-25T15:37:19.618+0000] {logging_mixin.py:137} INFO - [2022-12-25T15:37:19.617+0000] {dag.py:2676} INFO - Sync 1 DAGs
[2022-12-25T15:37:19.650+0000] {logging_mixin.py:137} INFO - [2022-12-25T15:37:19.650+0000] {dag.py:3427} INFO - Setting next_dagrun for example_xcom to 2021-01-01T00:00:00+00:00, run_after=2021-01-01T00:00:00+00:00
[2022-12-25T15:37:19.670+0000] {processor.py:175} INFO - Processing /home/airflow/.local/lib/python3.7/site-packages/airflow/example_dags/example_xcom.py took 0.131 seconds
[2022-12-25T15:37:49.879+0000] {processor.py:153} INFO - Started process (PID=2921) to work on /home/airflow/.local/lib/python3.7/site-packages/airflow/example_dags/example_xcom.py
[2022-12-25T15:37:49.881+0000] {processor.py:743} INFO - Processing file /home/airflow/.local/lib/python3.7/site-packages/airflow/example_dags/example_xcom.py for tasks to queue
[2022-12-25T15:37:49.882+0000] {logging_mixin.py:137} INFO - [2022-12-25T15:37:49.882+0000] {dagbag.py:538} INFO - Filling up the DagBag from /home/airflow/.local/lib/python3.7/site-packages/airflow/example_dags/example_xcom.py
[2022-12-25T15:37:49.914+0000] {processor.py:753} INFO - DAG(s) dict_keys(['example_xcom']) retrieved from /home/airflow/.local/lib/python3.7/site-packages/airflow/example_dags/example_xcom.py
[2022-12-25T15:37:49.998+0000] {logging_mixin.py:137} INFO - [2022-12-25T15:37:49.998+0000] {dag.py:2676} INFO - Sync 1 DAGs
[2022-12-25T15:37:50.070+0000] {logging_mixin.py:137} INFO - [2022-12-25T15:37:50.070+0000] {dag.py:3427} INFO - Setting next_dagrun for example_xcom to 2021-01-01T00:00:00+00:00, run_after=2021-01-01T00:00:00+00:00
[2022-12-25T15:37:50.113+0000] {processor.py:175} INFO - Processing /home/airflow/.local/lib/python3.7/site-packages/airflow/example_dags/example_xcom.py took 0.239 seconds
[2022-12-25T15:38:21.017+0000] {processor.py:153} INFO - Started process (PID=3162) to work on /home/airflow/.local/lib/python3.7/site-packages/airflow/example_dags/example_xcom.py
[2022-12-25T15:38:21.018+0000] {processor.py:743} INFO - Processing file /home/airflow/.local/lib/python3.7/site-packages/airflow/example_dags/example_xcom.py for tasks to queue
[2022-12-25T15:38:21.019+0000] {logging_mixin.py:137} INFO - [2022-12-25T15:38:21.019+0000] {dagbag.py:538} INFO - Filling up the DagBag from /home/airflow/.local/lib/python3.7/site-packages/airflow/example_dags/example_xcom.py
[2022-12-25T15:38:21.044+0000] {processor.py:753} INFO - DAG(s) dict_keys(['example_xcom']) retrieved from /home/airflow/.local/lib/python3.7/site-packages/airflow/example_dags/example_xcom.py
[2022-12-25T15:38:21.084+0000] {logging_mixin.py:137} INFO - [2022-12-25T15:38:21.084+0000] {dag.py:2676} INFO - Sync 1 DAGs
[2022-12-25T15:38:21.110+0000] {logging_mixin.py:137} INFO - [2022-12-25T15:38:21.110+0000] {dag.py:3427} INFO - Setting next_dagrun for example_xcom to 2021-01-01T00:00:00+00:00, run_after=2021-01-01T00:00:00+00:00
[2022-12-25T15:38:21.129+0000] {processor.py:175} INFO - Processing /home/airflow/.local/lib/python3.7/site-packages/airflow/example_dags/example_xcom.py took 0.115 seconds
[2022-12-25T15:38:51.926+0000] {processor.py:153} INFO - Started process (PID=3401) to work on /home/airflow/.local/lib/python3.7/site-packages/airflow/example_dags/example_xcom.py
[2022-12-25T15:38:51.927+0000] {processor.py:743} INFO - Processing file /home/airflow/.local/lib/python3.7/site-packages/airflow/example_dags/example_xcom.py for tasks to queue
[2022-12-25T15:38:51.928+0000] {logging_mixin.py:137} INFO - [2022-12-25T15:38:51.928+0000] {dagbag.py:538} INFO - Filling up the DagBag from /home/airflow/.local/lib/python3.7/site-packages/airflow/example_dags/example_xcom.py
[2022-12-25T15:38:51.953+0000] {processor.py:753} INFO - DAG(s) dict_keys(['example_xcom']) retrieved from /home/airflow/.local/lib/python3.7/site-packages/airflow/example_dags/example_xcom.py
[2022-12-25T15:38:51.998+0000] {logging_mixin.py:137} INFO - [2022-12-25T15:38:51.998+0000] {dag.py:2676} INFO - Sync 1 DAGs
[2022-12-25T15:38:52.024+0000] {logging_mixin.py:137} INFO - [2022-12-25T15:38:52.024+0000] {dag.py:3427} INFO - Setting next_dagrun for example_xcom to 2021-01-01T00:00:00+00:00, run_after=2021-01-01T00:00:00+00:00
[2022-12-25T15:38:52.048+0000] {processor.py:175} INFO - Processing /home/airflow/.local/lib/python3.7/site-packages/airflow/example_dags/example_xcom.py took 0.126 seconds
[2022-12-25T15:39:22.268+0000] {processor.py:153} INFO - Started process (PID=3642) to work on /home/airflow/.local/lib/python3.7/site-packages/airflow/example_dags/example_xcom.py
[2022-12-25T15:39:22.270+0000] {processor.py:743} INFO - Processing file /home/airflow/.local/lib/python3.7/site-packages/airflow/example_dags/example_xcom.py for tasks to queue
[2022-12-25T15:39:22.271+0000] {logging_mixin.py:137} INFO - [2022-12-25T15:39:22.271+0000] {dagbag.py:538} INFO - Filling up the DagBag from /home/airflow/.local/lib/python3.7/site-packages/airflow/example_dags/example_xcom.py
[2022-12-25T15:39:22.304+0000] {processor.py:753} INFO - DAG(s) dict_keys(['example_xcom']) retrieved from /home/airflow/.local/lib/python3.7/site-packages/airflow/example_dags/example_xcom.py
[2022-12-25T15:39:22.337+0000] {logging_mixin.py:137} INFO - [2022-12-25T15:39:22.336+0000] {dag.py:2676} INFO - Sync 1 DAGs
[2022-12-25T15:39:22.368+0000] {logging_mixin.py:137} INFO - [2022-12-25T15:39:22.368+0000] {dag.py:3427} INFO - Setting next_dagrun for example_xcom to 2021-01-01T00:00:00+00:00, run_after=2021-01-01T00:00:00+00:00
[2022-12-25T15:39:22.397+0000] {processor.py:175} INFO - Processing /home/airflow/.local/lib/python3.7/site-packages/airflow/example_dags/example_xcom.py took 0.135 seconds
[2022-12-25T15:39:53.165+0000] {processor.py:153} INFO - Started process (PID=3872) to work on /home/airflow/.local/lib/python3.7/site-packages/airflow/example_dags/example_xcom.py
[2022-12-25T15:39:53.177+0000] {processor.py:743} INFO - Processing file /home/airflow/.local/lib/python3.7/site-packages/airflow/example_dags/example_xcom.py for tasks to queue
[2022-12-25T15:39:53.178+0000] {logging_mixin.py:137} INFO - [2022-12-25T15:39:53.178+0000] {dagbag.py:538} INFO - Filling up the DagBag from /home/airflow/.local/lib/python3.7/site-packages/airflow/example_dags/example_xcom.py
[2022-12-25T15:39:53.202+0000] {processor.py:753} INFO - DAG(s) dict_keys(['example_xcom']) retrieved from /home/airflow/.local/lib/python3.7/site-packages/airflow/example_dags/example_xcom.py
[2022-12-25T15:39:53.242+0000] {logging_mixin.py:137} INFO - [2022-12-25T15:39:53.241+0000] {dag.py:2676} INFO - Sync 1 DAGs
[2022-12-25T15:39:53.282+0000] {logging_mixin.py:137} INFO - [2022-12-25T15:39:53.281+0000] {dag.py:3427} INFO - Setting next_dagrun for example_xcom to 2021-01-01T00:00:00+00:00, run_after=2021-01-01T00:00:00+00:00
[2022-12-25T15:39:53.316+0000] {processor.py:175} INFO - Processing /home/airflow/.local/lib/python3.7/site-packages/airflow/example_dags/example_xcom.py took 0.153 seconds
[2022-12-25T15:40:23.611+0000] {processor.py:153} INFO - Started process (PID=4123) to work on /home/airflow/.local/lib/python3.7/site-packages/airflow/example_dags/example_xcom.py
[2022-12-25T15:40:23.623+0000] {processor.py:743} INFO - Processing file /home/airflow/.local/lib/python3.7/site-packages/airflow/example_dags/example_xcom.py for tasks to queue
[2022-12-25T15:40:23.624+0000] {logging_mixin.py:137} INFO - [2022-12-25T15:40:23.624+0000] {dagbag.py:538} INFO - Filling up the DagBag from /home/airflow/.local/lib/python3.7/site-packages/airflow/example_dags/example_xcom.py
[2022-12-25T15:40:23.654+0000] {processor.py:753} INFO - DAG(s) dict_keys(['example_xcom']) retrieved from /home/airflow/.local/lib/python3.7/site-packages/airflow/example_dags/example_xcom.py
[2022-12-25T15:40:23.706+0000] {logging_mixin.py:137} INFO - [2022-12-25T15:40:23.706+0000] {dag.py:2676} INFO - Sync 1 DAGs
[2022-12-25T15:40:23.744+0000] {logging_mixin.py:137} INFO - [2022-12-25T15:40:23.744+0000] {dag.py:3427} INFO - Setting next_dagrun for example_xcom to 2021-01-01T00:00:00+00:00, run_after=2021-01-01T00:00:00+00:00
[2022-12-25T15:40:23.780+0000] {processor.py:175} INFO - Processing /home/airflow/.local/lib/python3.7/site-packages/airflow/example_dags/example_xcom.py took 0.174 seconds
[2022-12-25T15:40:53.832+0000] {processor.py:153} INFO - Started process (PID=4353) to work on /home/airflow/.local/lib/python3.7/site-packages/airflow/example_dags/example_xcom.py
[2022-12-25T15:40:53.839+0000] {processor.py:743} INFO - Processing file /home/airflow/.local/lib/python3.7/site-packages/airflow/example_dags/example_xcom.py for tasks to queue
[2022-12-25T15:40:53.840+0000] {logging_mixin.py:137} INFO - [2022-12-25T15:40:53.840+0000] {dagbag.py:538} INFO - Filling up the DagBag from /home/airflow/.local/lib/python3.7/site-packages/airflow/example_dags/example_xcom.py
[2022-12-25T15:40:53.862+0000] {processor.py:753} INFO - DAG(s) dict_keys(['example_xcom']) retrieved from /home/airflow/.local/lib/python3.7/site-packages/airflow/example_dags/example_xcom.py
[2022-12-25T15:40:53.900+0000] {logging_mixin.py:137} INFO - [2022-12-25T15:40:53.900+0000] {dag.py:2676} INFO - Sync 1 DAGs
[2022-12-25T15:40:53.927+0000] {logging_mixin.py:137} INFO - [2022-12-25T15:40:53.927+0000] {dag.py:3427} INFO - Setting next_dagrun for example_xcom to 2021-01-01T00:00:00+00:00, run_after=2021-01-01T00:00:00+00:00
[2022-12-25T15:40:53.948+0000] {processor.py:175} INFO - Processing /home/airflow/.local/lib/python3.7/site-packages/airflow/example_dags/example_xcom.py took 0.119 seconds
[2022-12-25T15:41:24.414+0000] {processor.py:153} INFO - Started process (PID=4583) to work on /home/airflow/.local/lib/python3.7/site-packages/airflow/example_dags/example_xcom.py
[2022-12-25T15:41:24.416+0000] {processor.py:743} INFO - Processing file /home/airflow/.local/lib/python3.7/site-packages/airflow/example_dags/example_xcom.py for tasks to queue
[2022-12-25T15:41:24.416+0000] {logging_mixin.py:137} INFO - [2022-12-25T15:41:24.416+0000] {dagbag.py:538} INFO - Filling up the DagBag from /home/airflow/.local/lib/python3.7/site-packages/airflow/example_dags/example_xcom.py
[2022-12-25T15:41:24.441+0000] {processor.py:753} INFO - DAG(s) dict_keys(['example_xcom']) retrieved from /home/airflow/.local/lib/python3.7/site-packages/airflow/example_dags/example_xcom.py
[2022-12-25T15:41:24.479+0000] {logging_mixin.py:137} INFO - [2022-12-25T15:41:24.479+0000] {dag.py:2676} INFO - Sync 1 DAGs
[2022-12-25T15:41:24.502+0000] {logging_mixin.py:137} INFO - [2022-12-25T15:41:24.502+0000] {dag.py:3427} INFO - Setting next_dagrun for example_xcom to 2021-01-01T00:00:00+00:00, run_after=2021-01-01T00:00:00+00:00
[2022-12-25T15:41:24.523+0000] {processor.py:175} INFO - Processing /home/airflow/.local/lib/python3.7/site-packages/airflow/example_dags/example_xcom.py took 0.112 seconds
[2022-12-25T15:41:54.798+0000] {processor.py:153} INFO - Started process (PID=4833) to work on /home/airflow/.local/lib/python3.7/site-packages/airflow/example_dags/example_xcom.py
[2022-12-25T15:41:54.800+0000] {processor.py:743} INFO - Processing file /home/airflow/.local/lib/python3.7/site-packages/airflow/example_dags/example_xcom.py for tasks to queue
[2022-12-25T15:41:54.801+0000] {logging_mixin.py:137} INFO - [2022-12-25T15:41:54.800+0000] {dagbag.py:538} INFO - Filling up the DagBag from /home/airflow/.local/lib/python3.7/site-packages/airflow/example_dags/example_xcom.py
[2022-12-25T15:41:54.832+0000] {processor.py:753} INFO - DAG(s) dict_keys(['example_xcom']) retrieved from /home/airflow/.local/lib/python3.7/site-packages/airflow/example_dags/example_xcom.py
[2022-12-25T15:41:54.881+0000] {logging_mixin.py:137} INFO - [2022-12-25T15:41:54.881+0000] {dag.py:2676} INFO - Sync 1 DAGs
[2022-12-25T15:41:54.906+0000] {logging_mixin.py:137} INFO - [2022-12-25T15:41:54.905+0000] {dag.py:3427} INFO - Setting next_dagrun for example_xcom to 2021-01-01T00:00:00+00:00, run_after=2021-01-01T00:00:00+00:00
[2022-12-25T15:41:54.926+0000] {processor.py:175} INFO - Processing /home/airflow/.local/lib/python3.7/site-packages/airflow/example_dags/example_xcom.py took 0.133 seconds
[2022-12-25T15:42:25.841+0000] {processor.py:153} INFO - Started process (PID=5063) to work on /home/airflow/.local/lib/python3.7/site-packages/airflow/example_dags/example_xcom.py
[2022-12-25T15:42:25.854+0000] {processor.py:743} INFO - Processing file /home/airflow/.local/lib/python3.7/site-packages/airflow/example_dags/example_xcom.py for tasks to queue
[2022-12-25T15:42:25.855+0000] {logging_mixin.py:137} INFO - [2022-12-25T15:42:25.855+0000] {dagbag.py:538} INFO - Filling up the DagBag from /home/airflow/.local/lib/python3.7/site-packages/airflow/example_dags/example_xcom.py
[2022-12-25T15:42:25.875+0000] {processor.py:753} INFO - DAG(s) dict_keys(['example_xcom']) retrieved from /home/airflow/.local/lib/python3.7/site-packages/airflow/example_dags/example_xcom.py
[2022-12-25T15:42:25.910+0000] {logging_mixin.py:137} INFO - [2022-12-25T15:42:25.910+0000] {dag.py:2676} INFO - Sync 1 DAGs
[2022-12-25T15:42:25.935+0000] {logging_mixin.py:137} INFO - [2022-12-25T15:42:25.934+0000] {dag.py:3427} INFO - Setting next_dagrun for example_xcom to 2021-01-01T00:00:00+00:00, run_after=2021-01-01T00:00:00+00:00
[2022-12-25T15:42:25.954+0000] {processor.py:175} INFO - Processing /home/airflow/.local/lib/python3.7/site-packages/airflow/example_dags/example_xcom.py took 0.117 seconds
[2022-12-25T15:42:56.939+0000] {processor.py:153} INFO - Started process (PID=5301) to work on /home/airflow/.local/lib/python3.7/site-packages/airflow/example_dags/example_xcom.py
[2022-12-25T15:42:56.943+0000] {processor.py:743} INFO - Processing file /home/airflow/.local/lib/python3.7/site-packages/airflow/example_dags/example_xcom.py for tasks to queue
[2022-12-25T15:42:56.944+0000] {logging_mixin.py:137} INFO - [2022-12-25T15:42:56.944+0000] {dagbag.py:538} INFO - Filling up the DagBag from /home/airflow/.local/lib/python3.7/site-packages/airflow/example_dags/example_xcom.py
[2022-12-25T15:42:56.997+0000] {processor.py:753} INFO - DAG(s) dict_keys(['example_xcom']) retrieved from /home/airflow/.local/lib/python3.7/site-packages/airflow/example_dags/example_xcom.py
[2022-12-25T15:42:57.059+0000] {logging_mixin.py:137} INFO - [2022-12-25T15:42:57.059+0000] {dag.py:2676} INFO - Sync 1 DAGs
[2022-12-25T15:42:57.098+0000] {logging_mixin.py:137} INFO - [2022-12-25T15:42:57.098+0000] {dag.py:3427} INFO - Setting next_dagrun for example_xcom to 2021-01-01T00:00:00+00:00, run_after=2021-01-01T00:00:00+00:00
[2022-12-25T15:42:57.152+0000] {processor.py:175} INFO - Processing /home/airflow/.local/lib/python3.7/site-packages/airflow/example_dags/example_xcom.py took 0.224 seconds
[2022-12-25T15:43:27.462+0000] {processor.py:153} INFO - Started process (PID=5544) to work on /home/airflow/.local/lib/python3.7/site-packages/airflow/example_dags/example_xcom.py
[2022-12-25T15:43:27.464+0000] {processor.py:743} INFO - Processing file /home/airflow/.local/lib/python3.7/site-packages/airflow/example_dags/example_xcom.py for tasks to queue
[2022-12-25T15:43:27.465+0000] {logging_mixin.py:137} INFO - [2022-12-25T15:43:27.465+0000] {dagbag.py:538} INFO - Filling up the DagBag from /home/airflow/.local/lib/python3.7/site-packages/airflow/example_dags/example_xcom.py
[2022-12-25T15:43:27.490+0000] {processor.py:753} INFO - DAG(s) dict_keys(['example_xcom']) retrieved from /home/airflow/.local/lib/python3.7/site-packages/airflow/example_dags/example_xcom.py
[2022-12-25T15:43:27.528+0000] {logging_mixin.py:137} INFO - [2022-12-25T15:43:27.528+0000] {dag.py:2676} INFO - Sync 1 DAGs
[2022-12-25T15:43:27.555+0000] {logging_mixin.py:137} INFO - [2022-12-25T15:43:27.555+0000] {dag.py:3427} INFO - Setting next_dagrun for example_xcom to 2021-01-01T00:00:00+00:00, run_after=2021-01-01T00:00:00+00:00
[2022-12-25T15:43:27.575+0000] {processor.py:175} INFO - Processing /home/airflow/.local/lib/python3.7/site-packages/airflow/example_dags/example_xcom.py took 0.117 seconds
[2022-12-25T15:43:57.663+0000] {processor.py:153} INFO - Started process (PID=5775) to work on /home/airflow/.local/lib/python3.7/site-packages/airflow/example_dags/example_xcom.py
[2022-12-25T15:43:57.665+0000] {processor.py:743} INFO - Processing file /home/airflow/.local/lib/python3.7/site-packages/airflow/example_dags/example_xcom.py for tasks to queue
[2022-12-25T15:43:57.665+0000] {logging_mixin.py:137} INFO - [2022-12-25T15:43:57.665+0000] {dagbag.py:538} INFO - Filling up the DagBag from /home/airflow/.local/lib/python3.7/site-packages/airflow/example_dags/example_xcom.py
[2022-12-25T15:43:57.691+0000] {processor.py:753} INFO - DAG(s) dict_keys(['example_xcom']) retrieved from /home/airflow/.local/lib/python3.7/site-packages/airflow/example_dags/example_xcom.py
[2022-12-25T15:43:57.734+0000] {logging_mixin.py:137} INFO - [2022-12-25T15:43:57.734+0000] {dag.py:2676} INFO - Sync 1 DAGs
[2022-12-25T15:43:57.760+0000] {logging_mixin.py:137} INFO - [2022-12-25T15:43:57.759+0000] {dag.py:3427} INFO - Setting next_dagrun for example_xcom to 2021-01-01T00:00:00+00:00, run_after=2021-01-01T00:00:00+00:00
[2022-12-25T15:43:57.779+0000] {processor.py:175} INFO - Processing /home/airflow/.local/lib/python3.7/site-packages/airflow/example_dags/example_xcom.py took 0.121 seconds
[2022-12-25T15:44:28.669+0000] {processor.py:153} INFO - Started process (PID=6025) to work on /home/airflow/.local/lib/python3.7/site-packages/airflow/example_dags/example_xcom.py
[2022-12-25T15:44:28.681+0000] {processor.py:743} INFO - Processing file /home/airflow/.local/lib/python3.7/site-packages/airflow/example_dags/example_xcom.py for tasks to queue
[2022-12-25T15:44:28.682+0000] {logging_mixin.py:137} INFO - [2022-12-25T15:44:28.681+0000] {dagbag.py:538} INFO - Filling up the DagBag from /home/airflow/.local/lib/python3.7/site-packages/airflow/example_dags/example_xcom.py
[2022-12-25T15:44:28.708+0000] {processor.py:753} INFO - DAG(s) dict_keys(['example_xcom']) retrieved from /home/airflow/.local/lib/python3.7/site-packages/airflow/example_dags/example_xcom.py
[2022-12-25T15:44:28.743+0000] {logging_mixin.py:137} INFO - [2022-12-25T15:44:28.743+0000] {dag.py:2676} INFO - Sync 1 DAGs
[2022-12-25T15:44:28.769+0000] {logging_mixin.py:137} INFO - [2022-12-25T15:44:28.769+0000] {dag.py:3427} INFO - Setting next_dagrun for example_xcom to 2021-01-01T00:00:00+00:00, run_after=2021-01-01T00:00:00+00:00
[2022-12-25T15:44:28.789+0000] {processor.py:175} INFO - Processing /home/airflow/.local/lib/python3.7/site-packages/airflow/example_dags/example_xcom.py took 0.124 seconds
[2022-12-25T15:44:59.345+0000] {processor.py:153} INFO - Started process (PID=6255) to work on /home/airflow/.local/lib/python3.7/site-packages/airflow/example_dags/example_xcom.py
[2022-12-25T15:44:59.346+0000] {processor.py:743} INFO - Processing file /home/airflow/.local/lib/python3.7/site-packages/airflow/example_dags/example_xcom.py for tasks to queue
[2022-12-25T15:44:59.347+0000] {logging_mixin.py:137} INFO - [2022-12-25T15:44:59.347+0000] {dagbag.py:538} INFO - Filling up the DagBag from /home/airflow/.local/lib/python3.7/site-packages/airflow/example_dags/example_xcom.py
[2022-12-25T15:44:59.377+0000] {processor.py:753} INFO - DAG(s) dict_keys(['example_xcom']) retrieved from /home/airflow/.local/lib/python3.7/site-packages/airflow/example_dags/example_xcom.py
[2022-12-25T15:44:59.444+0000] {logging_mixin.py:137} INFO - [2022-12-25T15:44:59.443+0000] {dag.py:2676} INFO - Sync 1 DAGs
[2022-12-25T15:44:59.471+0000] {logging_mixin.py:137} INFO - [2022-12-25T15:44:59.471+0000] {dag.py:3427} INFO - Setting next_dagrun for example_xcom to 2021-01-01T00:00:00+00:00, run_after=2021-01-01T00:00:00+00:00
[2022-12-25T15:44:59.495+0000] {processor.py:175} INFO - Processing /home/airflow/.local/lib/python3.7/site-packages/airflow/example_dags/example_xcom.py took 0.153 seconds
[2022-12-25T15:45:29.586+0000] {processor.py:153} INFO - Started process (PID=6494) to work on /home/airflow/.local/lib/python3.7/site-packages/airflow/example_dags/example_xcom.py
[2022-12-25T15:45:29.587+0000] {processor.py:743} INFO - Processing file /home/airflow/.local/lib/python3.7/site-packages/airflow/example_dags/example_xcom.py for tasks to queue
[2022-12-25T15:45:29.588+0000] {logging_mixin.py:137} INFO - [2022-12-25T15:45:29.588+0000] {dagbag.py:538} INFO - Filling up the DagBag from /home/airflow/.local/lib/python3.7/site-packages/airflow/example_dags/example_xcom.py
[2022-12-25T15:45:29.615+0000] {processor.py:753} INFO - DAG(s) dict_keys(['example_xcom']) retrieved from /home/airflow/.local/lib/python3.7/site-packages/airflow/example_dags/example_xcom.py
[2022-12-25T15:45:29.671+0000] {logging_mixin.py:137} INFO - [2022-12-25T15:45:29.671+0000] {dag.py:2676} INFO - Sync 1 DAGs
[2022-12-25T15:45:29.707+0000] {logging_mixin.py:137} INFO - [2022-12-25T15:45:29.706+0000] {dag.py:3427} INFO - Setting next_dagrun for example_xcom to 2021-01-01T00:00:00+00:00, run_after=2021-01-01T00:00:00+00:00
[2022-12-25T15:45:29.731+0000] {processor.py:175} INFO - Processing /home/airflow/.local/lib/python3.7/site-packages/airflow/example_dags/example_xcom.py took 0.149 seconds
[2022-12-25T15:46:00.057+0000] {processor.py:153} INFO - Started process (PID=6735) to work on /home/airflow/.local/lib/python3.7/site-packages/airflow/example_dags/example_xcom.py
[2022-12-25T15:46:00.058+0000] {processor.py:743} INFO - Processing file /home/airflow/.local/lib/python3.7/site-packages/airflow/example_dags/example_xcom.py for tasks to queue
[2022-12-25T15:46:00.058+0000] {logging_mixin.py:137} INFO - [2022-12-25T15:46:00.058+0000] {dagbag.py:538} INFO - Filling up the DagBag from /home/airflow/.local/lib/python3.7/site-packages/airflow/example_dags/example_xcom.py
[2022-12-25T15:46:00.081+0000] {processor.py:753} INFO - DAG(s) dict_keys(['example_xcom']) retrieved from /home/airflow/.local/lib/python3.7/site-packages/airflow/example_dags/example_xcom.py
[2022-12-25T15:46:00.122+0000] {logging_mixin.py:137} INFO - [2022-12-25T15:46:00.121+0000] {dag.py:2676} INFO - Sync 1 DAGs
[2022-12-25T15:46:00.148+0000] {logging_mixin.py:137} INFO - [2022-12-25T15:46:00.148+0000] {dag.py:3427} INFO - Setting next_dagrun for example_xcom to 2021-01-01T00:00:00+00:00, run_after=2021-01-01T00:00:00+00:00
[2022-12-25T15:46:00.171+0000] {processor.py:175} INFO - Processing /home/airflow/.local/lib/python3.7/site-packages/airflow/example_dags/example_xcom.py took 0.118 seconds
[2022-12-25T15:46:30.254+0000] {processor.py:153} INFO - Started process (PID=6965) to work on /home/airflow/.local/lib/python3.7/site-packages/airflow/example_dags/example_xcom.py
[2022-12-25T15:46:30.255+0000] {processor.py:743} INFO - Processing file /home/airflow/.local/lib/python3.7/site-packages/airflow/example_dags/example_xcom.py for tasks to queue
[2022-12-25T15:46:30.256+0000] {logging_mixin.py:137} INFO - [2022-12-25T15:46:30.256+0000] {dagbag.py:538} INFO - Filling up the DagBag from /home/airflow/.local/lib/python3.7/site-packages/airflow/example_dags/example_xcom.py
[2022-12-25T15:46:30.281+0000] {processor.py:753} INFO - DAG(s) dict_keys(['example_xcom']) retrieved from /home/airflow/.local/lib/python3.7/site-packages/airflow/example_dags/example_xcom.py
[2022-12-25T15:46:30.326+0000] {logging_mixin.py:137} INFO - [2022-12-25T15:46:30.326+0000] {dag.py:2676} INFO - Sync 1 DAGs
[2022-12-25T15:46:30.353+0000] {logging_mixin.py:137} INFO - [2022-12-25T15:46:30.353+0000] {dag.py:3427} INFO - Setting next_dagrun for example_xcom to 2021-01-01T00:00:00+00:00, run_after=2021-01-01T00:00:00+00:00
[2022-12-25T15:46:30.376+0000] {processor.py:175} INFO - Processing /home/airflow/.local/lib/python3.7/site-packages/airflow/example_dags/example_xcom.py took 0.124 seconds
[2022-12-25T15:47:01.015+0000] {processor.py:153} INFO - Started process (PID=7215) to work on /home/airflow/.local/lib/python3.7/site-packages/airflow/example_dags/example_xcom.py
[2022-12-25T15:47:01.022+0000] {processor.py:743} INFO - Processing file /home/airflow/.local/lib/python3.7/site-packages/airflow/example_dags/example_xcom.py for tasks to queue
[2022-12-25T15:47:01.023+0000] {logging_mixin.py:137} INFO - [2022-12-25T15:47:01.023+0000] {dagbag.py:538} INFO - Filling up the DagBag from /home/airflow/.local/lib/python3.7/site-packages/airflow/example_dags/example_xcom.py
[2022-12-25T15:47:01.050+0000] {processor.py:753} INFO - DAG(s) dict_keys(['example_xcom']) retrieved from /home/airflow/.local/lib/python3.7/site-packages/airflow/example_dags/example_xcom.py
[2022-12-25T15:47:01.087+0000] {logging_mixin.py:137} INFO - [2022-12-25T15:47:01.087+0000] {dag.py:2676} INFO - Sync 1 DAGs
[2022-12-25T15:47:01.111+0000] {logging_mixin.py:137} INFO - [2022-12-25T15:47:01.111+0000] {dag.py:3427} INFO - Setting next_dagrun for example_xcom to 2021-01-01T00:00:00+00:00, run_after=2021-01-01T00:00:00+00:00
[2022-12-25T15:47:01.130+0000] {processor.py:175} INFO - Processing /home/airflow/.local/lib/python3.7/site-packages/airflow/example_dags/example_xcom.py took 0.120 seconds
[2022-12-25T15:47:31.792+0000] {processor.py:153} INFO - Started process (PID=7446) to work on /home/airflow/.local/lib/python3.7/site-packages/airflow/example_dags/example_xcom.py
[2022-12-25T15:47:31.795+0000] {processor.py:743} INFO - Processing file /home/airflow/.local/lib/python3.7/site-packages/airflow/example_dags/example_xcom.py for tasks to queue
[2022-12-25T15:47:31.797+0000] {logging_mixin.py:137} INFO - [2022-12-25T15:47:31.797+0000] {dagbag.py:538} INFO - Filling up the DagBag from /home/airflow/.local/lib/python3.7/site-packages/airflow/example_dags/example_xcom.py
[2022-12-25T15:47:31.832+0000] {processor.py:753} INFO - DAG(s) dict_keys(['example_xcom']) retrieved from /home/airflow/.local/lib/python3.7/site-packages/airflow/example_dags/example_xcom.py
[2022-12-25T15:47:31.889+0000] {logging_mixin.py:137} INFO - [2022-12-25T15:47:31.888+0000] {dag.py:2676} INFO - Sync 1 DAGs
[2022-12-25T15:47:31.925+0000] {logging_mixin.py:137} INFO - [2022-12-25T15:47:31.925+0000] {dag.py:3427} INFO - Setting next_dagrun for example_xcom to 2021-01-01T00:00:00+00:00, run_after=2021-01-01T00:00:00+00:00
[2022-12-25T15:47:31.950+0000] {processor.py:175} INFO - Processing /home/airflow/.local/lib/python3.7/site-packages/airflow/example_dags/example_xcom.py took 0.166 seconds
[2022-12-25T15:48:02.324+0000] {processor.py:153} INFO - Started process (PID=7676) to work on /home/airflow/.local/lib/python3.7/site-packages/airflow/example_dags/example_xcom.py
[2022-12-25T15:48:02.326+0000] {processor.py:743} INFO - Processing file /home/airflow/.local/lib/python3.7/site-packages/airflow/example_dags/example_xcom.py for tasks to queue
[2022-12-25T15:48:02.327+0000] {logging_mixin.py:137} INFO - [2022-12-25T15:48:02.327+0000] {dagbag.py:538} INFO - Filling up the DagBag from /home/airflow/.local/lib/python3.7/site-packages/airflow/example_dags/example_xcom.py
[2022-12-25T15:48:02.369+0000] {processor.py:753} INFO - DAG(s) dict_keys(['example_xcom']) retrieved from /home/airflow/.local/lib/python3.7/site-packages/airflow/example_dags/example_xcom.py
[2022-12-25T15:48:02.435+0000] {logging_mixin.py:137} INFO - [2022-12-25T15:48:02.434+0000] {dag.py:2676} INFO - Sync 1 DAGs
[2022-12-25T15:48:02.475+0000] {logging_mixin.py:137} INFO - [2022-12-25T15:48:02.474+0000] {dag.py:3427} INFO - Setting next_dagrun for example_xcom to 2021-01-01T00:00:00+00:00, run_after=2021-01-01T00:00:00+00:00
[2022-12-25T15:48:02.510+0000] {processor.py:175} INFO - Processing /home/airflow/.local/lib/python3.7/site-packages/airflow/example_dags/example_xcom.py took 0.190 seconds
[2022-12-25T15:48:32.964+0000] {processor.py:153} INFO - Started process (PID=7926) to work on /home/airflow/.local/lib/python3.7/site-packages/airflow/example_dags/example_xcom.py
[2022-12-25T15:48:32.966+0000] {processor.py:743} INFO - Processing file /home/airflow/.local/lib/python3.7/site-packages/airflow/example_dags/example_xcom.py for tasks to queue
[2022-12-25T15:48:32.967+0000] {logging_mixin.py:137} INFO - [2022-12-25T15:48:32.967+0000] {dagbag.py:538} INFO - Filling up the DagBag from /home/airflow/.local/lib/python3.7/site-packages/airflow/example_dags/example_xcom.py
[2022-12-25T15:48:32.991+0000] {processor.py:753} INFO - DAG(s) dict_keys(['example_xcom']) retrieved from /home/airflow/.local/lib/python3.7/site-packages/airflow/example_dags/example_xcom.py
[2022-12-25T15:48:33.033+0000] {logging_mixin.py:137} INFO - [2022-12-25T15:48:33.033+0000] {dag.py:2676} INFO - Sync 1 DAGs
[2022-12-25T15:48:33.061+0000] {logging_mixin.py:137} INFO - [2022-12-25T15:48:33.061+0000] {dag.py:3427} INFO - Setting next_dagrun for example_xcom to 2021-01-01T00:00:00+00:00, run_after=2021-01-01T00:00:00+00:00
[2022-12-25T15:48:33.083+0000] {processor.py:175} INFO - Processing /home/airflow/.local/lib/python3.7/site-packages/airflow/example_dags/example_xcom.py took 0.122 seconds
[2022-12-25T15:49:03.272+0000] {processor.py:153} INFO - Started process (PID=8156) to work on /home/airflow/.local/lib/python3.7/site-packages/airflow/example_dags/example_xcom.py
[2022-12-25T15:49:03.284+0000] {processor.py:743} INFO - Processing file /home/airflow/.local/lib/python3.7/site-packages/airflow/example_dags/example_xcom.py for tasks to queue
[2022-12-25T15:49:03.285+0000] {logging_mixin.py:137} INFO - [2022-12-25T15:49:03.285+0000] {dagbag.py:538} INFO - Filling up the DagBag from /home/airflow/.local/lib/python3.7/site-packages/airflow/example_dags/example_xcom.py
[2022-12-25T15:49:03.307+0000] {processor.py:753} INFO - DAG(s) dict_keys(['example_xcom']) retrieved from /home/airflow/.local/lib/python3.7/site-packages/airflow/example_dags/example_xcom.py
[2022-12-25T15:49:03.344+0000] {logging_mixin.py:137} INFO - [2022-12-25T15:49:03.343+0000] {dag.py:2676} INFO - Sync 1 DAGs
[2022-12-25T15:49:03.367+0000] {logging_mixin.py:137} INFO - [2022-12-25T15:49:03.367+0000] {dag.py:3427} INFO - Setting next_dagrun for example_xcom to 2021-01-01T00:00:00+00:00, run_after=2021-01-01T00:00:00+00:00
[2022-12-25T15:49:03.386+0000] {processor.py:175} INFO - Processing /home/airflow/.local/lib/python3.7/site-packages/airflow/example_dags/example_xcom.py took 0.117 seconds
[2022-12-25T15:49:34.238+0000] {processor.py:153} INFO - Started process (PID=8395) to work on /home/airflow/.local/lib/python3.7/site-packages/airflow/example_dags/example_xcom.py
[2022-12-25T15:49:34.239+0000] {processor.py:743} INFO - Processing file /home/airflow/.local/lib/python3.7/site-packages/airflow/example_dags/example_xcom.py for tasks to queue
[2022-12-25T15:49:34.240+0000] {logging_mixin.py:137} INFO - [2022-12-25T15:49:34.240+0000] {dagbag.py:538} INFO - Filling up the DagBag from /home/airflow/.local/lib/python3.7/site-packages/airflow/example_dags/example_xcom.py
[2022-12-25T15:49:34.261+0000] {processor.py:753} INFO - DAG(s) dict_keys(['example_xcom']) retrieved from /home/airflow/.local/lib/python3.7/site-packages/airflow/example_dags/example_xcom.py
[2022-12-25T15:49:34.302+0000] {logging_mixin.py:137} INFO - [2022-12-25T15:49:34.302+0000] {dag.py:2676} INFO - Sync 1 DAGs
[2022-12-25T15:49:34.336+0000] {logging_mixin.py:137} INFO - [2022-12-25T15:49:34.336+0000] {dag.py:3427} INFO - Setting next_dagrun for example_xcom to 2021-01-01T00:00:00+00:00, run_after=2021-01-01T00:00:00+00:00
[2022-12-25T15:49:34.360+0000] {processor.py:175} INFO - Processing /home/airflow/.local/lib/python3.7/site-packages/airflow/example_dags/example_xcom.py took 0.126 seconds
[2022-12-25T15:50:04.805+0000] {processor.py:153} INFO - Started process (PID=8636) to work on /home/airflow/.local/lib/python3.7/site-packages/airflow/example_dags/example_xcom.py
[2022-12-25T15:50:04.806+0000] {processor.py:743} INFO - Processing file /home/airflow/.local/lib/python3.7/site-packages/airflow/example_dags/example_xcom.py for tasks to queue
[2022-12-25T15:50:04.806+0000] {logging_mixin.py:137} INFO - [2022-12-25T15:50:04.806+0000] {dagbag.py:538} INFO - Filling up the DagBag from /home/airflow/.local/lib/python3.7/site-packages/airflow/example_dags/example_xcom.py
[2022-12-25T15:50:04.829+0000] {processor.py:753} INFO - DAG(s) dict_keys(['example_xcom']) retrieved from /home/airflow/.local/lib/python3.7/site-packages/airflow/example_dags/example_xcom.py
[2022-12-25T15:50:04.871+0000] {logging_mixin.py:137} INFO - [2022-12-25T15:50:04.871+0000] {dag.py:2676} INFO - Sync 1 DAGs
[2022-12-25T15:50:04.900+0000] {logging_mixin.py:137} INFO - [2022-12-25T15:50:04.900+0000] {dag.py:3427} INFO - Setting next_dagrun for example_xcom to 2021-01-01T00:00:00+00:00, run_after=2021-01-01T00:00:00+00:00
[2022-12-25T15:50:04.925+0000] {processor.py:175} INFO - Processing /home/airflow/.local/lib/python3.7/site-packages/airflow/example_dags/example_xcom.py took 0.125 seconds
[2022-12-25T15:50:35.790+0000] {processor.py:153} INFO - Started process (PID=8866) to work on /home/airflow/.local/lib/python3.7/site-packages/airflow/example_dags/example_xcom.py
[2022-12-25T15:50:35.802+0000] {processor.py:743} INFO - Processing file /home/airflow/.local/lib/python3.7/site-packages/airflow/example_dags/example_xcom.py for tasks to queue
[2022-12-25T15:50:35.803+0000] {logging_mixin.py:137} INFO - [2022-12-25T15:50:35.803+0000] {dagbag.py:538} INFO - Filling up the DagBag from /home/airflow/.local/lib/python3.7/site-packages/airflow/example_dags/example_xcom.py
[2022-12-25T15:50:35.827+0000] {processor.py:753} INFO - DAG(s) dict_keys(['example_xcom']) retrieved from /home/airflow/.local/lib/python3.7/site-packages/airflow/example_dags/example_xcom.py
[2022-12-25T15:50:35.871+0000] {logging_mixin.py:137} INFO - [2022-12-25T15:50:35.871+0000] {dag.py:2676} INFO - Sync 1 DAGs
[2022-12-25T15:50:35.904+0000] {logging_mixin.py:137} INFO - [2022-12-25T15:50:35.903+0000] {dag.py:3427} INFO - Setting next_dagrun for example_xcom to 2021-01-01T00:00:00+00:00, run_after=2021-01-01T00:00:00+00:00
[2022-12-25T15:50:35.929+0000] {processor.py:175} INFO - Processing /home/airflow/.local/lib/python3.7/site-packages/airflow/example_dags/example_xcom.py took 0.144 seconds
[2022-12-25T15:51:06.230+0000] {processor.py:153} INFO - Started process (PID=9116) to work on /home/airflow/.local/lib/python3.7/site-packages/airflow/example_dags/example_xcom.py
[2022-12-25T15:51:06.232+0000] {processor.py:743} INFO - Processing file /home/airflow/.local/lib/python3.7/site-packages/airflow/example_dags/example_xcom.py for tasks to queue
[2022-12-25T15:51:06.233+0000] {logging_mixin.py:137} INFO - [2022-12-25T15:51:06.233+0000] {dagbag.py:538} INFO - Filling up the DagBag from /home/airflow/.local/lib/python3.7/site-packages/airflow/example_dags/example_xcom.py
[2022-12-25T15:51:06.265+0000] {processor.py:753} INFO - DAG(s) dict_keys(['example_xcom']) retrieved from /home/airflow/.local/lib/python3.7/site-packages/airflow/example_dags/example_xcom.py
[2022-12-25T15:51:06.307+0000] {logging_mixin.py:137} INFO - [2022-12-25T15:51:06.307+0000] {dag.py:2676} INFO - Sync 1 DAGs
[2022-12-25T15:51:06.337+0000] {logging_mixin.py:137} INFO - [2022-12-25T15:51:06.337+0000] {dag.py:3427} INFO - Setting next_dagrun for example_xcom to 2021-01-01T00:00:00+00:00, run_after=2021-01-01T00:00:00+00:00
[2022-12-25T15:51:06.373+0000] {processor.py:175} INFO - Processing /home/airflow/.local/lib/python3.7/site-packages/airflow/example_dags/example_xcom.py took 0.148 seconds
[2022-12-25T15:51:36.484+0000] {processor.py:153} INFO - Started process (PID=9346) to work on /home/airflow/.local/lib/python3.7/site-packages/airflow/example_dags/example_xcom.py
[2022-12-25T15:51:36.486+0000] {processor.py:743} INFO - Processing file /home/airflow/.local/lib/python3.7/site-packages/airflow/example_dags/example_xcom.py for tasks to queue
[2022-12-25T15:51:36.487+0000] {logging_mixin.py:137} INFO - [2022-12-25T15:51:36.486+0000] {dagbag.py:538} INFO - Filling up the DagBag from /home/airflow/.local/lib/python3.7/site-packages/airflow/example_dags/example_xcom.py
[2022-12-25T15:51:36.509+0000] {processor.py:753} INFO - DAG(s) dict_keys(['example_xcom']) retrieved from /home/airflow/.local/lib/python3.7/site-packages/airflow/example_dags/example_xcom.py
[2022-12-25T15:51:36.548+0000] {logging_mixin.py:137} INFO - [2022-12-25T15:51:36.548+0000] {dag.py:2676} INFO - Sync 1 DAGs
[2022-12-25T15:51:36.573+0000] {logging_mixin.py:137} INFO - [2022-12-25T15:51:36.573+0000] {dag.py:3427} INFO - Setting next_dagrun for example_xcom to 2021-01-01T00:00:00+00:00, run_after=2021-01-01T00:00:00+00:00
[2022-12-25T15:51:36.593+0000] {processor.py:175} INFO - Processing /home/airflow/.local/lib/python3.7/site-packages/airflow/example_dags/example_xcom.py took 0.113 seconds
[2022-12-25T15:52:06.950+0000] {processor.py:153} INFO - Started process (PID=9583) to work on /home/airflow/.local/lib/python3.7/site-packages/airflow/example_dags/example_xcom.py
[2022-12-25T15:52:06.953+0000] {processor.py:743} INFO - Processing file /home/airflow/.local/lib/python3.7/site-packages/airflow/example_dags/example_xcom.py for tasks to queue
[2022-12-25T15:52:06.955+0000] {logging_mixin.py:137} INFO - [2022-12-25T15:52:06.954+0000] {dagbag.py:538} INFO - Filling up the DagBag from /home/airflow/.local/lib/python3.7/site-packages/airflow/example_dags/example_xcom.py
[2022-12-25T15:52:07.007+0000] {processor.py:753} INFO - DAG(s) dict_keys(['example_xcom']) retrieved from /home/airflow/.local/lib/python3.7/site-packages/airflow/example_dags/example_xcom.py
[2022-12-25T15:52:07.154+0000] {logging_mixin.py:137} INFO - [2022-12-25T15:52:07.153+0000] {dag.py:2676} INFO - Sync 1 DAGs
[2022-12-25T15:52:07.435+0000] {logging_mixin.py:137} INFO - [2022-12-25T15:52:07.434+0000] {dag.py:3427} INFO - Setting next_dagrun for example_xcom to 2021-01-01T00:00:00+00:00, run_after=2021-01-01T00:00:00+00:00
[2022-12-25T15:52:07.600+0000] {processor.py:175} INFO - Processing /home/airflow/.local/lib/python3.7/site-packages/airflow/example_dags/example_xcom.py took 0.659 seconds
[2022-12-25T15:52:37.985+0000] {processor.py:153} INFO - Started process (PID=9826) to work on /home/airflow/.local/lib/python3.7/site-packages/airflow/example_dags/example_xcom.py
[2022-12-25T15:52:37.987+0000] {processor.py:743} INFO - Processing file /home/airflow/.local/lib/python3.7/site-packages/airflow/example_dags/example_xcom.py for tasks to queue
[2022-12-25T15:52:37.988+0000] {logging_mixin.py:137} INFO - [2022-12-25T15:52:37.988+0000] {dagbag.py:538} INFO - Filling up the DagBag from /home/airflow/.local/lib/python3.7/site-packages/airflow/example_dags/example_xcom.py
[2022-12-25T15:52:38.010+0000] {processor.py:753} INFO - DAG(s) dict_keys(['example_xcom']) retrieved from /home/airflow/.local/lib/python3.7/site-packages/airflow/example_dags/example_xcom.py
[2022-12-25T15:52:38.054+0000] {logging_mixin.py:137} INFO - [2022-12-25T15:52:38.054+0000] {dag.py:2676} INFO - Sync 1 DAGs
[2022-12-25T15:52:38.078+0000] {logging_mixin.py:137} INFO - [2022-12-25T15:52:38.078+0000] {dag.py:3427} INFO - Setting next_dagrun for example_xcom to 2021-01-01T00:00:00+00:00, run_after=2021-01-01T00:00:00+00:00
[2022-12-25T15:52:38.100+0000] {processor.py:175} INFO - Processing /home/airflow/.local/lib/python3.7/site-packages/airflow/example_dags/example_xcom.py took 0.118 seconds
[2022-12-25T15:53:08.784+0000] {processor.py:153} INFO - Started process (PID=10056) to work on /home/airflow/.local/lib/python3.7/site-packages/airflow/example_dags/example_xcom.py
[2022-12-25T15:53:08.786+0000] {processor.py:743} INFO - Processing file /home/airflow/.local/lib/python3.7/site-packages/airflow/example_dags/example_xcom.py for tasks to queue
[2022-12-25T15:53:08.789+0000] {logging_mixin.py:137} INFO - [2022-12-25T15:53:08.789+0000] {dagbag.py:538} INFO - Filling up the DagBag from /home/airflow/.local/lib/python3.7/site-packages/airflow/example_dags/example_xcom.py
[2022-12-25T15:53:08.818+0000] {processor.py:753} INFO - DAG(s) dict_keys(['example_xcom']) retrieved from /home/airflow/.local/lib/python3.7/site-packages/airflow/example_dags/example_xcom.py
[2022-12-25T15:53:08.861+0000] {logging_mixin.py:137} INFO - [2022-12-25T15:53:08.861+0000] {dag.py:2676} INFO - Sync 1 DAGs
[2022-12-25T15:53:08.885+0000] {logging_mixin.py:137} INFO - [2022-12-25T15:53:08.885+0000] {dag.py:3427} INFO - Setting next_dagrun for example_xcom to 2021-01-01T00:00:00+00:00, run_after=2021-01-01T00:00:00+00:00
[2022-12-25T15:53:08.904+0000] {processor.py:175} INFO - Processing /home/airflow/.local/lib/python3.7/site-packages/airflow/example_dags/example_xcom.py took 0.125 seconds
