[2022-12-25T15:32:11.091+0000] {processor.py:153} INFO - Started process (PID=278) to work on /home/airflow/.local/lib/python3.7/site-packages/airflow/example_dags/example_short_circuit_operator.py
[2022-12-25T15:32:11.092+0000] {processor.py:743} INFO - Processing file /home/airflow/.local/lib/python3.7/site-packages/airflow/example_dags/example_short_circuit_operator.py for tasks to queue
[2022-12-25T15:32:11.094+0000] {logging_mixin.py:137} INFO - [2022-12-25T15:32:11.093+0000] {dagbag.py:538} INFO - Filling up the DagBag from /home/airflow/.local/lib/python3.7/site-packages/airflow/example_dags/example_short_circuit_operator.py
[2022-12-25T15:32:11.132+0000] {processor.py:753} INFO - DAG(s) dict_keys(['example_short_circuit_operator']) retrieved from /home/airflow/.local/lib/python3.7/site-packages/airflow/example_dags/example_short_circuit_operator.py
[2022-12-25T15:32:11.200+0000] {logging_mixin.py:137} INFO - [2022-12-25T15:32:11.200+0000] {dag.py:2676} INFO - Sync 1 DAGs
[2022-12-25T15:32:11.239+0000] {logging_mixin.py:137} INFO - [2022-12-25T15:32:11.239+0000] {dag.py:3427} INFO - Setting next_dagrun for example_short_circuit_operator to 2022-12-24T15:32:11.239340+00:00, run_after=2022-12-25T15:32:11.239340+00:00
[2022-12-25T15:32:11.274+0000] {processor.py:175} INFO - Processing /home/airflow/.local/lib/python3.7/site-packages/airflow/example_dags/example_short_circuit_operator.py took 0.190 seconds
[2022-12-25T15:32:41.349+0000] {processor.py:153} INFO - Started process (PID=508) to work on /home/airflow/.local/lib/python3.7/site-packages/airflow/example_dags/example_short_circuit_operator.py
[2022-12-25T15:32:41.350+0000] {processor.py:743} INFO - Processing file /home/airflow/.local/lib/python3.7/site-packages/airflow/example_dags/example_short_circuit_operator.py for tasks to queue
[2022-12-25T15:32:41.351+0000] {logging_mixin.py:137} INFO - [2022-12-25T15:32:41.351+0000] {dagbag.py:538} INFO - Filling up the DagBag from /home/airflow/.local/lib/python3.7/site-packages/airflow/example_dags/example_short_circuit_operator.py
[2022-12-25T15:32:41.369+0000] {processor.py:753} INFO - DAG(s) dict_keys(['example_short_circuit_operator']) retrieved from /home/airflow/.local/lib/python3.7/site-packages/airflow/example_dags/example_short_circuit_operator.py
[2022-12-25T15:32:41.410+0000] {logging_mixin.py:137} INFO - [2022-12-25T15:32:41.410+0000] {dag.py:2676} INFO - Sync 1 DAGs
[2022-12-25T15:32:41.438+0000] {logging_mixin.py:137} INFO - [2022-12-25T15:32:41.438+0000] {dag.py:3427} INFO - Setting next_dagrun for example_short_circuit_operator to 2022-12-24T15:32:41.438251+00:00, run_after=2022-12-25T15:32:41.438251+00:00
[2022-12-25T15:32:41.459+0000] {processor.py:175} INFO - Processing /home/airflow/.local/lib/python3.7/site-packages/airflow/example_dags/example_short_circuit_operator.py took 0.114 seconds
[2022-12-25T15:33:11.693+0000] {processor.py:153} INFO - Started process (PID=739) to work on /home/airflow/.local/lib/python3.7/site-packages/airflow/example_dags/example_short_circuit_operator.py
[2022-12-25T15:33:11.695+0000] {processor.py:743} INFO - Processing file /home/airflow/.local/lib/python3.7/site-packages/airflow/example_dags/example_short_circuit_operator.py for tasks to queue
[2022-12-25T15:33:11.696+0000] {logging_mixin.py:137} INFO - [2022-12-25T15:33:11.696+0000] {dagbag.py:538} INFO - Filling up the DagBag from /home/airflow/.local/lib/python3.7/site-packages/airflow/example_dags/example_short_circuit_operator.py
[2022-12-25T15:33:11.722+0000] {processor.py:753} INFO - DAG(s) dict_keys(['example_short_circuit_operator']) retrieved from /home/airflow/.local/lib/python3.7/site-packages/airflow/example_dags/example_short_circuit_operator.py
[2022-12-25T15:33:11.779+0000] {logging_mixin.py:137} INFO - [2022-12-25T15:33:11.779+0000] {dag.py:2676} INFO - Sync 1 DAGs
[2022-12-25T15:33:11.813+0000] {logging_mixin.py:137} INFO - [2022-12-25T15:33:11.812+0000] {dag.py:3427} INFO - Setting next_dagrun for example_short_circuit_operator to 2022-12-24T15:33:11.812536+00:00, run_after=2022-12-25T15:33:11.812536+00:00
[2022-12-25T15:33:11.843+0000] {processor.py:175} INFO - Processing /home/airflow/.local/lib/python3.7/site-packages/airflow/example_dags/example_short_circuit_operator.py took 0.154 seconds
[2022-12-25T15:33:42.236+0000] {processor.py:153} INFO - Started process (PID=978) to work on /home/airflow/.local/lib/python3.7/site-packages/airflow/example_dags/example_short_circuit_operator.py
[2022-12-25T15:33:42.238+0000] {processor.py:743} INFO - Processing file /home/airflow/.local/lib/python3.7/site-packages/airflow/example_dags/example_short_circuit_operator.py for tasks to queue
[2022-12-25T15:33:42.239+0000] {logging_mixin.py:137} INFO - [2022-12-25T15:33:42.239+0000] {dagbag.py:538} INFO - Filling up the DagBag from /home/airflow/.local/lib/python3.7/site-packages/airflow/example_dags/example_short_circuit_operator.py
[2022-12-25T15:33:42.263+0000] {processor.py:753} INFO - DAG(s) dict_keys(['example_short_circuit_operator']) retrieved from /home/airflow/.local/lib/python3.7/site-packages/airflow/example_dags/example_short_circuit_operator.py
[2022-12-25T15:33:42.376+0000] {logging_mixin.py:137} INFO - [2022-12-25T15:33:42.375+0000] {dag.py:2676} INFO - Sync 1 DAGs
[2022-12-25T15:33:42.417+0000] {logging_mixin.py:137} INFO - [2022-12-25T15:33:42.417+0000] {dag.py:3427} INFO - Setting next_dagrun for example_short_circuit_operator to 2022-12-24T15:33:42.416952+00:00, run_after=2022-12-25T15:33:42.416952+00:00
[2022-12-25T15:33:42.443+0000] {processor.py:175} INFO - Processing /home/airflow/.local/lib/python3.7/site-packages/airflow/example_dags/example_short_circuit_operator.py took 0.213 seconds
[2022-12-25T15:34:13.318+0000] {processor.py:153} INFO - Started process (PID=1220) to work on /home/airflow/.local/lib/python3.7/site-packages/airflow/example_dags/example_short_circuit_operator.py
[2022-12-25T15:34:13.320+0000] {processor.py:743} INFO - Processing file /home/airflow/.local/lib/python3.7/site-packages/airflow/example_dags/example_short_circuit_operator.py for tasks to queue
[2022-12-25T15:34:13.321+0000] {logging_mixin.py:137} INFO - [2022-12-25T15:34:13.321+0000] {dagbag.py:538} INFO - Filling up the DagBag from /home/airflow/.local/lib/python3.7/site-packages/airflow/example_dags/example_short_circuit_operator.py
[2022-12-25T15:34:13.343+0000] {processor.py:753} INFO - DAG(s) dict_keys(['example_short_circuit_operator']) retrieved from /home/airflow/.local/lib/python3.7/site-packages/airflow/example_dags/example_short_circuit_operator.py
[2022-12-25T15:34:13.393+0000] {logging_mixin.py:137} INFO - [2022-12-25T15:34:13.392+0000] {dag.py:2676} INFO - Sync 1 DAGs
[2022-12-25T15:34:13.427+0000] {logging_mixin.py:137} INFO - [2022-12-25T15:34:13.427+0000] {dag.py:3427} INFO - Setting next_dagrun for example_short_circuit_operator to 2022-12-24T15:34:13.427044+00:00, run_after=2022-12-25T15:34:13.427044+00:00
[2022-12-25T15:34:13.454+0000] {processor.py:175} INFO - Processing /home/airflow/.local/lib/python3.7/site-packages/airflow/example_dags/example_short_circuit_operator.py took 0.139 seconds
[2022-12-25T15:34:43.968+0000] {processor.py:153} INFO - Started process (PID=1450) to work on /home/airflow/.local/lib/python3.7/site-packages/airflow/example_dags/example_short_circuit_operator.py
[2022-12-25T15:34:43.969+0000] {processor.py:743} INFO - Processing file /home/airflow/.local/lib/python3.7/site-packages/airflow/example_dags/example_short_circuit_operator.py for tasks to queue
[2022-12-25T15:34:43.970+0000] {logging_mixin.py:137} INFO - [2022-12-25T15:34:43.970+0000] {dagbag.py:538} INFO - Filling up the DagBag from /home/airflow/.local/lib/python3.7/site-packages/airflow/example_dags/example_short_circuit_operator.py
[2022-12-25T15:34:43.986+0000] {processor.py:753} INFO - DAG(s) dict_keys(['example_short_circuit_operator']) retrieved from /home/airflow/.local/lib/python3.7/site-packages/airflow/example_dags/example_short_circuit_operator.py
[2022-12-25T15:34:44.024+0000] {logging_mixin.py:137} INFO - [2022-12-25T15:34:44.024+0000] {dag.py:2676} INFO - Sync 1 DAGs
[2022-12-25T15:34:44.052+0000] {logging_mixin.py:137} INFO - [2022-12-25T15:34:44.052+0000] {dag.py:3427} INFO - Setting next_dagrun for example_short_circuit_operator to 2022-12-24T15:34:44.052384+00:00, run_after=2022-12-25T15:34:44.052384+00:00
[2022-12-25T15:34:44.071+0000] {processor.py:175} INFO - Processing /home/airflow/.local/lib/python3.7/site-packages/airflow/example_dags/example_short_circuit_operator.py took 0.106 seconds
[2022-12-25T15:35:14.808+0000] {processor.py:153} INFO - Started process (PID=1700) to work on /home/airflow/.local/lib/python3.7/site-packages/airflow/example_dags/example_short_circuit_operator.py
[2022-12-25T15:35:14.809+0000] {processor.py:743} INFO - Processing file /home/airflow/.local/lib/python3.7/site-packages/airflow/example_dags/example_short_circuit_operator.py for tasks to queue
[2022-12-25T15:35:14.810+0000] {logging_mixin.py:137} INFO - [2022-12-25T15:35:14.809+0000] {dagbag.py:538} INFO - Filling up the DagBag from /home/airflow/.local/lib/python3.7/site-packages/airflow/example_dags/example_short_circuit_operator.py
[2022-12-25T15:35:14.825+0000] {processor.py:753} INFO - DAG(s) dict_keys(['example_short_circuit_operator']) retrieved from /home/airflow/.local/lib/python3.7/site-packages/airflow/example_dags/example_short_circuit_operator.py
[2022-12-25T15:35:14.867+0000] {logging_mixin.py:137} INFO - [2022-12-25T15:35:14.867+0000] {dag.py:2676} INFO - Sync 1 DAGs
[2022-12-25T15:35:14.899+0000] {logging_mixin.py:137} INFO - [2022-12-25T15:35:14.898+0000] {dag.py:3427} INFO - Setting next_dagrun for example_short_circuit_operator to 2022-12-24T15:35:14.898619+00:00, run_after=2022-12-25T15:35:14.898619+00:00
[2022-12-25T15:35:14.919+0000] {processor.py:175} INFO - Processing /home/airflow/.local/lib/python3.7/site-packages/airflow/example_dags/example_short_circuit_operator.py took 0.114 seconds
[2022-12-25T15:35:45.089+0000] {processor.py:153} INFO - Started process (PID=1932) to work on /home/airflow/.local/lib/python3.7/site-packages/airflow/example_dags/example_short_circuit_operator.py
[2022-12-25T15:35:45.090+0000] {processor.py:743} INFO - Processing file /home/airflow/.local/lib/python3.7/site-packages/airflow/example_dags/example_short_circuit_operator.py for tasks to queue
[2022-12-25T15:35:45.091+0000] {logging_mixin.py:137} INFO - [2022-12-25T15:35:45.091+0000] {dagbag.py:538} INFO - Filling up the DagBag from /home/airflow/.local/lib/python3.7/site-packages/airflow/example_dags/example_short_circuit_operator.py
[2022-12-25T15:35:45.109+0000] {processor.py:753} INFO - DAG(s) dict_keys(['example_short_circuit_operator']) retrieved from /home/airflow/.local/lib/python3.7/site-packages/airflow/example_dags/example_short_circuit_operator.py
[2022-12-25T15:35:45.152+0000] {logging_mixin.py:137} INFO - [2022-12-25T15:35:45.152+0000] {dag.py:2676} INFO - Sync 1 DAGs
[2022-12-25T15:35:45.184+0000] {logging_mixin.py:137} INFO - [2022-12-25T15:35:45.184+0000] {dag.py:3427} INFO - Setting next_dagrun for example_short_circuit_operator to 2022-12-24T15:35:45.183797+00:00, run_after=2022-12-25T15:35:45.183797+00:00
[2022-12-25T15:35:45.215+0000] {processor.py:175} INFO - Processing /home/airflow/.local/lib/python3.7/site-packages/airflow/example_dags/example_short_circuit_operator.py took 0.129 seconds
[2022-12-25T15:36:15.761+0000] {processor.py:153} INFO - Started process (PID=2160) to work on /home/airflow/.local/lib/python3.7/site-packages/airflow/example_dags/example_short_circuit_operator.py
[2022-12-25T15:36:15.763+0000] {processor.py:743} INFO - Processing file /home/airflow/.local/lib/python3.7/site-packages/airflow/example_dags/example_short_circuit_operator.py for tasks to queue
[2022-12-25T15:36:15.764+0000] {logging_mixin.py:137} INFO - [2022-12-25T15:36:15.764+0000] {dagbag.py:538} INFO - Filling up the DagBag from /home/airflow/.local/lib/python3.7/site-packages/airflow/example_dags/example_short_circuit_operator.py
[2022-12-25T15:36:15.784+0000] {processor.py:753} INFO - DAG(s) dict_keys(['example_short_circuit_operator']) retrieved from /home/airflow/.local/lib/python3.7/site-packages/airflow/example_dags/example_short_circuit_operator.py
[2022-12-25T15:36:15.826+0000] {logging_mixin.py:137} INFO - [2022-12-25T15:36:15.826+0000] {dag.py:2676} INFO - Sync 1 DAGs
[2022-12-25T15:36:15.856+0000] {logging_mixin.py:137} INFO - [2022-12-25T15:36:15.855+0000] {dag.py:3427} INFO - Setting next_dagrun for example_short_circuit_operator to 2022-12-24T15:36:15.855367+00:00, run_after=2022-12-25T15:36:15.855367+00:00
[2022-12-25T15:36:15.876+0000] {processor.py:175} INFO - Processing /home/airflow/.local/lib/python3.7/site-packages/airflow/example_dags/example_short_circuit_operator.py took 0.119 seconds
[2022-12-25T15:36:46.034+0000] {processor.py:153} INFO - Started process (PID=2397) to work on /home/airflow/.local/lib/python3.7/site-packages/airflow/example_dags/example_short_circuit_operator.py
[2022-12-25T15:36:46.035+0000] {processor.py:743} INFO - Processing file /home/airflow/.local/lib/python3.7/site-packages/airflow/example_dags/example_short_circuit_operator.py for tasks to queue
[2022-12-25T15:36:46.036+0000] {logging_mixin.py:137} INFO - [2022-12-25T15:36:46.036+0000] {dagbag.py:538} INFO - Filling up the DagBag from /home/airflow/.local/lib/python3.7/site-packages/airflow/example_dags/example_short_circuit_operator.py
[2022-12-25T15:36:46.056+0000] {processor.py:753} INFO - DAG(s) dict_keys(['example_short_circuit_operator']) retrieved from /home/airflow/.local/lib/python3.7/site-packages/airflow/example_dags/example_short_circuit_operator.py
[2022-12-25T15:36:46.108+0000] {logging_mixin.py:137} INFO - [2022-12-25T15:36:46.107+0000] {dag.py:2676} INFO - Sync 1 DAGs
[2022-12-25T15:36:46.152+0000] {logging_mixin.py:137} INFO - [2022-12-25T15:36:46.152+0000] {dag.py:3427} INFO - Setting next_dagrun for example_short_circuit_operator to 2022-12-24T15:36:46.152514+00:00, run_after=2022-12-25T15:36:46.152514+00:00
[2022-12-25T15:36:46.181+0000] {processor.py:175} INFO - Processing /home/airflow/.local/lib/python3.7/site-packages/airflow/example_dags/example_short_circuit_operator.py took 0.151 seconds
[2022-12-25T15:37:16.838+0000] {processor.py:153} INFO - Started process (PID=2640) to work on /home/airflow/.local/lib/python3.7/site-packages/airflow/example_dags/example_short_circuit_operator.py
[2022-12-25T15:37:16.839+0000] {processor.py:743} INFO - Processing file /home/airflow/.local/lib/python3.7/site-packages/airflow/example_dags/example_short_circuit_operator.py for tasks to queue
[2022-12-25T15:37:16.839+0000] {logging_mixin.py:137} INFO - [2022-12-25T15:37:16.839+0000] {dagbag.py:538} INFO - Filling up the DagBag from /home/airflow/.local/lib/python3.7/site-packages/airflow/example_dags/example_short_circuit_operator.py
[2022-12-25T15:37:16.856+0000] {processor.py:753} INFO - DAG(s) dict_keys(['example_short_circuit_operator']) retrieved from /home/airflow/.local/lib/python3.7/site-packages/airflow/example_dags/example_short_circuit_operator.py
[2022-12-25T15:37:16.892+0000] {logging_mixin.py:137} INFO - [2022-12-25T15:37:16.892+0000] {dag.py:2676} INFO - Sync 1 DAGs
[2022-12-25T15:37:16.917+0000] {logging_mixin.py:137} INFO - [2022-12-25T15:37:16.916+0000] {dag.py:3427} INFO - Setting next_dagrun for example_short_circuit_operator to 2022-12-24T15:37:16.916650+00:00, run_after=2022-12-25T15:37:16.916650+00:00
[2022-12-25T15:37:16.935+0000] {processor.py:175} INFO - Processing /home/airflow/.local/lib/python3.7/site-packages/airflow/example_dags/example_short_circuit_operator.py took 0.102 seconds
[2022-12-25T15:37:47.179+0000] {processor.py:153} INFO - Started process (PID=2872) to work on /home/airflow/.local/lib/python3.7/site-packages/airflow/example_dags/example_short_circuit_operator.py
[2022-12-25T15:37:47.180+0000] {processor.py:743} INFO - Processing file /home/airflow/.local/lib/python3.7/site-packages/airflow/example_dags/example_short_circuit_operator.py for tasks to queue
[2022-12-25T15:37:47.181+0000] {logging_mixin.py:137} INFO - [2022-12-25T15:37:47.181+0000] {dagbag.py:538} INFO - Filling up the DagBag from /home/airflow/.local/lib/python3.7/site-packages/airflow/example_dags/example_short_circuit_operator.py
[2022-12-25T15:37:47.197+0000] {processor.py:753} INFO - DAG(s) dict_keys(['example_short_circuit_operator']) retrieved from /home/airflow/.local/lib/python3.7/site-packages/airflow/example_dags/example_short_circuit_operator.py
[2022-12-25T15:37:47.234+0000] {logging_mixin.py:137} INFO - [2022-12-25T15:37:47.234+0000] {dag.py:2676} INFO - Sync 1 DAGs
[2022-12-25T15:37:47.259+0000] {logging_mixin.py:137} INFO - [2022-12-25T15:37:47.259+0000] {dag.py:3427} INFO - Setting next_dagrun for example_short_circuit_operator to 2022-12-24T15:37:47.258853+00:00, run_after=2022-12-25T15:37:47.258853+00:00
[2022-12-25T15:37:47.278+0000] {processor.py:175} INFO - Processing /home/airflow/.local/lib/python3.7/site-packages/airflow/example_dags/example_short_circuit_operator.py took 0.101 seconds
[2022-12-25T15:38:17.527+0000] {processor.py:153} INFO - Started process (PID=3120) to work on /home/airflow/.local/lib/python3.7/site-packages/airflow/example_dags/example_short_circuit_operator.py
[2022-12-25T15:38:17.528+0000] {processor.py:743} INFO - Processing file /home/airflow/.local/lib/python3.7/site-packages/airflow/example_dags/example_short_circuit_operator.py for tasks to queue
[2022-12-25T15:38:17.529+0000] {logging_mixin.py:137} INFO - [2022-12-25T15:38:17.529+0000] {dagbag.py:538} INFO - Filling up the DagBag from /home/airflow/.local/lib/python3.7/site-packages/airflow/example_dags/example_short_circuit_operator.py
[2022-12-25T15:38:17.544+0000] {processor.py:753} INFO - DAG(s) dict_keys(['example_short_circuit_operator']) retrieved from /home/airflow/.local/lib/python3.7/site-packages/airflow/example_dags/example_short_circuit_operator.py
[2022-12-25T15:38:17.580+0000] {logging_mixin.py:137} INFO - [2022-12-25T15:38:17.580+0000] {dag.py:2676} INFO - Sync 1 DAGs
[2022-12-25T15:38:17.604+0000] {logging_mixin.py:137} INFO - [2022-12-25T15:38:17.604+0000] {dag.py:3427} INFO - Setting next_dagrun for example_short_circuit_operator to 2022-12-24T15:38:17.603851+00:00, run_after=2022-12-25T15:38:17.603851+00:00
[2022-12-25T15:38:17.624+0000] {processor.py:175} INFO - Processing /home/airflow/.local/lib/python3.7/site-packages/airflow/example_dags/example_short_circuit_operator.py took 0.100 seconds
[2022-12-25T15:38:48.298+0000] {processor.py:153} INFO - Started process (PID=3350) to work on /home/airflow/.local/lib/python3.7/site-packages/airflow/example_dags/example_short_circuit_operator.py
[2022-12-25T15:38:48.299+0000] {processor.py:743} INFO - Processing file /home/airflow/.local/lib/python3.7/site-packages/airflow/example_dags/example_short_circuit_operator.py for tasks to queue
[2022-12-25T15:38:48.300+0000] {logging_mixin.py:137} INFO - [2022-12-25T15:38:48.299+0000] {dagbag.py:538} INFO - Filling up the DagBag from /home/airflow/.local/lib/python3.7/site-packages/airflow/example_dags/example_short_circuit_operator.py
[2022-12-25T15:38:48.322+0000] {processor.py:753} INFO - DAG(s) dict_keys(['example_short_circuit_operator']) retrieved from /home/airflow/.local/lib/python3.7/site-packages/airflow/example_dags/example_short_circuit_operator.py
[2022-12-25T15:38:48.361+0000] {logging_mixin.py:137} INFO - [2022-12-25T15:38:48.361+0000] {dag.py:2676} INFO - Sync 1 DAGs
[2022-12-25T15:38:48.390+0000] {logging_mixin.py:137} INFO - [2022-12-25T15:38:48.389+0000] {dag.py:3427} INFO - Setting next_dagrun for example_short_circuit_operator to 2022-12-24T15:38:48.389695+00:00, run_after=2022-12-25T15:38:48.389695+00:00
[2022-12-25T15:38:48.407+0000] {processor.py:175} INFO - Processing /home/airflow/.local/lib/python3.7/site-packages/airflow/example_dags/example_short_circuit_operator.py took 0.113 seconds
[2022-12-25T15:39:20.510+0000] {processor.py:153} INFO - Started process (PID=3600) to work on /home/airflow/.local/lib/python3.7/site-packages/airflow/example_dags/example_short_circuit_operator.py
[2022-12-25T15:39:20.511+0000] {processor.py:743} INFO - Processing file /home/airflow/.local/lib/python3.7/site-packages/airflow/example_dags/example_short_circuit_operator.py for tasks to queue
[2022-12-25T15:39:20.512+0000] {logging_mixin.py:137} INFO - [2022-12-25T15:39:20.512+0000] {dagbag.py:538} INFO - Filling up the DagBag from /home/airflow/.local/lib/python3.7/site-packages/airflow/example_dags/example_short_circuit_operator.py
[2022-12-25T15:39:20.527+0000] {processor.py:753} INFO - DAG(s) dict_keys(['example_short_circuit_operator']) retrieved from /home/airflow/.local/lib/python3.7/site-packages/airflow/example_dags/example_short_circuit_operator.py
[2022-12-25T15:39:20.555+0000] {logging_mixin.py:137} INFO - [2022-12-25T15:39:20.555+0000] {dag.py:2676} INFO - Sync 1 DAGs
[2022-12-25T15:39:20.585+0000] {logging_mixin.py:137} INFO - [2022-12-25T15:39:20.585+0000] {dag.py:3427} INFO - Setting next_dagrun for example_short_circuit_operator to 2022-12-24T15:39:20.585330+00:00, run_after=2022-12-25T15:39:20.585330+00:00
[2022-12-25T15:39:20.611+0000] {processor.py:175} INFO - Processing /home/airflow/.local/lib/python3.7/site-packages/airflow/example_dags/example_short_circuit_operator.py took 0.106 seconds
[2022-12-25T15:39:51.447+0000] {processor.py:153} INFO - Started process (PID=3832) to work on /home/airflow/.local/lib/python3.7/site-packages/airflow/example_dags/example_short_circuit_operator.py
[2022-12-25T15:39:51.448+0000] {processor.py:743} INFO - Processing file /home/airflow/.local/lib/python3.7/site-packages/airflow/example_dags/example_short_circuit_operator.py for tasks to queue
[2022-12-25T15:39:51.449+0000] {logging_mixin.py:137} INFO - [2022-12-25T15:39:51.449+0000] {dagbag.py:538} INFO - Filling up the DagBag from /home/airflow/.local/lib/python3.7/site-packages/airflow/example_dags/example_short_circuit_operator.py
[2022-12-25T15:39:51.467+0000] {processor.py:753} INFO - DAG(s) dict_keys(['example_short_circuit_operator']) retrieved from /home/airflow/.local/lib/python3.7/site-packages/airflow/example_dags/example_short_circuit_operator.py
[2022-12-25T15:39:51.506+0000] {logging_mixin.py:137} INFO - [2022-12-25T15:39:51.505+0000] {dag.py:2676} INFO - Sync 1 DAGs
[2022-12-25T15:39:51.533+0000] {logging_mixin.py:137} INFO - [2022-12-25T15:39:51.533+0000] {dag.py:3427} INFO - Setting next_dagrun for example_short_circuit_operator to 2022-12-24T15:39:51.533393+00:00, run_after=2022-12-25T15:39:51.533393+00:00
[2022-12-25T15:39:51.553+0000] {processor.py:175} INFO - Processing /home/airflow/.local/lib/python3.7/site-packages/airflow/example_dags/example_short_circuit_operator.py took 0.109 seconds
[2022-12-25T15:40:21.898+0000] {processor.py:153} INFO - Started process (PID=4071) to work on /home/airflow/.local/lib/python3.7/site-packages/airflow/example_dags/example_short_circuit_operator.py
[2022-12-25T15:40:21.900+0000] {processor.py:743} INFO - Processing file /home/airflow/.local/lib/python3.7/site-packages/airflow/example_dags/example_short_circuit_operator.py for tasks to queue
[2022-12-25T15:40:21.901+0000] {logging_mixin.py:137} INFO - [2022-12-25T15:40:21.900+0000] {dagbag.py:538} INFO - Filling up the DagBag from /home/airflow/.local/lib/python3.7/site-packages/airflow/example_dags/example_short_circuit_operator.py
[2022-12-25T15:40:21.920+0000] {processor.py:753} INFO - DAG(s) dict_keys(['example_short_circuit_operator']) retrieved from /home/airflow/.local/lib/python3.7/site-packages/airflow/example_dags/example_short_circuit_operator.py
[2022-12-25T15:40:21.969+0000] {logging_mixin.py:137} INFO - [2022-12-25T15:40:21.969+0000] {dag.py:2676} INFO - Sync 1 DAGs
[2022-12-25T15:40:22.002+0000] {logging_mixin.py:137} INFO - [2022-12-25T15:40:22.002+0000] {dag.py:3427} INFO - Setting next_dagrun for example_short_circuit_operator to 2022-12-24T15:40:22.002211+00:00, run_after=2022-12-25T15:40:22.002211+00:00
[2022-12-25T15:40:22.023+0000] {processor.py:175} INFO - Processing /home/airflow/.local/lib/python3.7/site-packages/airflow/example_dags/example_short_circuit_operator.py took 0.128 seconds
[2022-12-25T15:40:52.094+0000] {processor.py:153} INFO - Started process (PID=4313) to work on /home/airflow/.local/lib/python3.7/site-packages/airflow/example_dags/example_short_circuit_operator.py
[2022-12-25T15:40:52.096+0000] {processor.py:743} INFO - Processing file /home/airflow/.local/lib/python3.7/site-packages/airflow/example_dags/example_short_circuit_operator.py for tasks to queue
[2022-12-25T15:40:52.096+0000] {logging_mixin.py:137} INFO - [2022-12-25T15:40:52.096+0000] {dagbag.py:538} INFO - Filling up the DagBag from /home/airflow/.local/lib/python3.7/site-packages/airflow/example_dags/example_short_circuit_operator.py
[2022-12-25T15:40:52.111+0000] {processor.py:753} INFO - DAG(s) dict_keys(['example_short_circuit_operator']) retrieved from /home/airflow/.local/lib/python3.7/site-packages/airflow/example_dags/example_short_circuit_operator.py
[2022-12-25T15:40:52.163+0000] {logging_mixin.py:137} INFO - [2022-12-25T15:40:52.163+0000] {dag.py:2676} INFO - Sync 1 DAGs
[2022-12-25T15:40:52.203+0000] {logging_mixin.py:137} INFO - [2022-12-25T15:40:52.203+0000] {dag.py:3427} INFO - Setting next_dagrun for example_short_circuit_operator to 2022-12-24T15:40:52.203287+00:00, run_after=2022-12-25T15:40:52.203287+00:00
[2022-12-25T15:40:52.234+0000] {processor.py:175} INFO - Processing /home/airflow/.local/lib/python3.7/site-packages/airflow/example_dags/example_short_circuit_operator.py took 0.143 seconds
[2022-12-25T15:41:22.716+0000] {processor.py:153} INFO - Started process (PID=4541) to work on /home/airflow/.local/lib/python3.7/site-packages/airflow/example_dags/example_short_circuit_operator.py
[2022-12-25T15:41:22.717+0000] {processor.py:743} INFO - Processing file /home/airflow/.local/lib/python3.7/site-packages/airflow/example_dags/example_short_circuit_operator.py for tasks to queue
[2022-12-25T15:41:22.718+0000] {logging_mixin.py:137} INFO - [2022-12-25T15:41:22.718+0000] {dagbag.py:538} INFO - Filling up the DagBag from /home/airflow/.local/lib/python3.7/site-packages/airflow/example_dags/example_short_circuit_operator.py
[2022-12-25T15:41:22.735+0000] {processor.py:753} INFO - DAG(s) dict_keys(['example_short_circuit_operator']) retrieved from /home/airflow/.local/lib/python3.7/site-packages/airflow/example_dags/example_short_circuit_operator.py
[2022-12-25T15:41:22.783+0000] {logging_mixin.py:137} INFO - [2022-12-25T15:41:22.783+0000] {dag.py:2676} INFO - Sync 1 DAGs
[2022-12-25T15:41:22.809+0000] {logging_mixin.py:137} INFO - [2022-12-25T15:41:22.809+0000] {dag.py:3427} INFO - Setting next_dagrun for example_short_circuit_operator to 2022-12-24T15:41:22.809340+00:00, run_after=2022-12-25T15:41:22.809340+00:00
[2022-12-25T15:41:22.832+0000] {processor.py:175} INFO - Processing /home/airflow/.local/lib/python3.7/site-packages/airflow/example_dags/example_short_circuit_operator.py took 0.120 seconds
[2022-12-25T15:41:52.924+0000] {processor.py:153} INFO - Started process (PID=4791) to work on /home/airflow/.local/lib/python3.7/site-packages/airflow/example_dags/example_short_circuit_operator.py
[2022-12-25T15:41:52.925+0000] {processor.py:743} INFO - Processing file /home/airflow/.local/lib/python3.7/site-packages/airflow/example_dags/example_short_circuit_operator.py for tasks to queue
[2022-12-25T15:41:52.926+0000] {logging_mixin.py:137} INFO - [2022-12-25T15:41:52.926+0000] {dagbag.py:538} INFO - Filling up the DagBag from /home/airflow/.local/lib/python3.7/site-packages/airflow/example_dags/example_short_circuit_operator.py
[2022-12-25T15:41:52.946+0000] {processor.py:753} INFO - DAG(s) dict_keys(['example_short_circuit_operator']) retrieved from /home/airflow/.local/lib/python3.7/site-packages/airflow/example_dags/example_short_circuit_operator.py
[2022-12-25T15:41:52.993+0000] {logging_mixin.py:137} INFO - [2022-12-25T15:41:52.993+0000] {dag.py:2676} INFO - Sync 1 DAGs
[2022-12-25T15:41:53.031+0000] {logging_mixin.py:137} INFO - [2022-12-25T15:41:53.031+0000] {dag.py:3427} INFO - Setting next_dagrun for example_short_circuit_operator to 2022-12-24T15:41:53.030658+00:00, run_after=2022-12-25T15:41:53.030658+00:00
[2022-12-25T15:41:53.056+0000] {processor.py:175} INFO - Processing /home/airflow/.local/lib/python3.7/site-packages/airflow/example_dags/example_short_circuit_operator.py took 0.136 seconds
[2022-12-25T15:42:23.811+0000] {processor.py:153} INFO - Started process (PID=5021) to work on /home/airflow/.local/lib/python3.7/site-packages/airflow/example_dags/example_short_circuit_operator.py
[2022-12-25T15:42:23.812+0000] {processor.py:743} INFO - Processing file /home/airflow/.local/lib/python3.7/site-packages/airflow/example_dags/example_short_circuit_operator.py for tasks to queue
[2022-12-25T15:42:23.813+0000] {logging_mixin.py:137} INFO - [2022-12-25T15:42:23.813+0000] {dagbag.py:538} INFO - Filling up the DagBag from /home/airflow/.local/lib/python3.7/site-packages/airflow/example_dags/example_short_circuit_operator.py
[2022-12-25T15:42:23.830+0000] {processor.py:753} INFO - DAG(s) dict_keys(['example_short_circuit_operator']) retrieved from /home/airflow/.local/lib/python3.7/site-packages/airflow/example_dags/example_short_circuit_operator.py
[2022-12-25T15:42:23.870+0000] {logging_mixin.py:137} INFO - [2022-12-25T15:42:23.870+0000] {dag.py:2676} INFO - Sync 1 DAGs
[2022-12-25T15:42:23.904+0000] {logging_mixin.py:137} INFO - [2022-12-25T15:42:23.904+0000] {dag.py:3427} INFO - Setting next_dagrun for example_short_circuit_operator to 2022-12-24T15:42:23.904057+00:00, run_after=2022-12-25T15:42:23.904057+00:00
[2022-12-25T15:42:23.929+0000] {processor.py:175} INFO - Processing /home/airflow/.local/lib/python3.7/site-packages/airflow/example_dags/example_short_circuit_operator.py took 0.122 seconds
[2022-12-25T15:42:54.100+0000] {processor.py:153} INFO - Started process (PID=5254) to work on /home/airflow/.local/lib/python3.7/site-packages/airflow/example_dags/example_short_circuit_operator.py
[2022-12-25T15:42:54.102+0000] {processor.py:743} INFO - Processing file /home/airflow/.local/lib/python3.7/site-packages/airflow/example_dags/example_short_circuit_operator.py for tasks to queue
[2022-12-25T15:42:54.102+0000] {logging_mixin.py:137} INFO - [2022-12-25T15:42:54.102+0000] {dagbag.py:538} INFO - Filling up the DagBag from /home/airflow/.local/lib/python3.7/site-packages/airflow/example_dags/example_short_circuit_operator.py
[2022-12-25T15:42:54.120+0000] {processor.py:753} INFO - DAG(s) dict_keys(['example_short_circuit_operator']) retrieved from /home/airflow/.local/lib/python3.7/site-packages/airflow/example_dags/example_short_circuit_operator.py
[2022-12-25T15:42:54.247+0000] {logging_mixin.py:137} INFO - [2022-12-25T15:42:54.246+0000] {dag.py:2676} INFO - Sync 1 DAGs
[2022-12-25T15:42:54.277+0000] {logging_mixin.py:137} INFO - [2022-12-25T15:42:54.277+0000] {dag.py:3427} INFO - Setting next_dagrun for example_short_circuit_operator to 2022-12-24T15:42:54.277314+00:00, run_after=2022-12-25T15:42:54.277314+00:00
[2022-12-25T15:42:54.296+0000] {processor.py:175} INFO - Processing /home/airflow/.local/lib/python3.7/site-packages/airflow/example_dags/example_short_circuit_operator.py took 0.199 seconds
[2022-12-25T15:43:24.703+0000] {processor.py:153} INFO - Started process (PID=5502) to work on /home/airflow/.local/lib/python3.7/site-packages/airflow/example_dags/example_short_circuit_operator.py
[2022-12-25T15:43:24.705+0000] {processor.py:743} INFO - Processing file /home/airflow/.local/lib/python3.7/site-packages/airflow/example_dags/example_short_circuit_operator.py for tasks to queue
[2022-12-25T15:43:24.706+0000] {logging_mixin.py:137} INFO - [2022-12-25T15:43:24.706+0000] {dagbag.py:538} INFO - Filling up the DagBag from /home/airflow/.local/lib/python3.7/site-packages/airflow/example_dags/example_short_circuit_operator.py
[2022-12-25T15:43:24.727+0000] {processor.py:753} INFO - DAG(s) dict_keys(['example_short_circuit_operator']) retrieved from /home/airflow/.local/lib/python3.7/site-packages/airflow/example_dags/example_short_circuit_operator.py
[2022-12-25T15:43:24.781+0000] {logging_mixin.py:137} INFO - [2022-12-25T15:43:24.781+0000] {dag.py:2676} INFO - Sync 1 DAGs
[2022-12-25T15:43:24.816+0000] {logging_mixin.py:137} INFO - [2022-12-25T15:43:24.816+0000] {dag.py:3427} INFO - Setting next_dagrun for example_short_circuit_operator to 2022-12-24T15:43:24.816138+00:00, run_after=2022-12-25T15:43:24.816138+00:00
[2022-12-25T15:43:24.852+0000] {processor.py:175} INFO - Processing /home/airflow/.local/lib/python3.7/site-packages/airflow/example_dags/example_short_circuit_operator.py took 0.153 seconds
[2022-12-25T15:43:55.004+0000] {processor.py:153} INFO - Started process (PID=5735) to work on /home/airflow/.local/lib/python3.7/site-packages/airflow/example_dags/example_short_circuit_operator.py
[2022-12-25T15:43:55.005+0000] {processor.py:743} INFO - Processing file /home/airflow/.local/lib/python3.7/site-packages/airflow/example_dags/example_short_circuit_operator.py for tasks to queue
[2022-12-25T15:43:55.005+0000] {logging_mixin.py:137} INFO - [2022-12-25T15:43:55.005+0000] {dagbag.py:538} INFO - Filling up the DagBag from /home/airflow/.local/lib/python3.7/site-packages/airflow/example_dags/example_short_circuit_operator.py
[2022-12-25T15:43:55.020+0000] {processor.py:753} INFO - DAG(s) dict_keys(['example_short_circuit_operator']) retrieved from /home/airflow/.local/lib/python3.7/site-packages/airflow/example_dags/example_short_circuit_operator.py
[2022-12-25T15:43:55.055+0000] {logging_mixin.py:137} INFO - [2022-12-25T15:43:55.055+0000] {dag.py:2676} INFO - Sync 1 DAGs
[2022-12-25T15:43:55.079+0000] {logging_mixin.py:137} INFO - [2022-12-25T15:43:55.079+0000] {dag.py:3427} INFO - Setting next_dagrun for example_short_circuit_operator to 2022-12-24T15:43:55.079402+00:00, run_after=2022-12-25T15:43:55.079402+00:00
[2022-12-25T15:43:55.096+0000] {processor.py:175} INFO - Processing /home/airflow/.local/lib/python3.7/site-packages/airflow/example_dags/example_short_circuit_operator.py took 0.095 seconds
[2022-12-25T15:44:25.947+0000] {processor.py:153} INFO - Started process (PID=5985) to work on /home/airflow/.local/lib/python3.7/site-packages/airflow/example_dags/example_short_circuit_operator.py
[2022-12-25T15:44:25.948+0000] {processor.py:743} INFO - Processing file /home/airflow/.local/lib/python3.7/site-packages/airflow/example_dags/example_short_circuit_operator.py for tasks to queue
[2022-12-25T15:44:25.949+0000] {logging_mixin.py:137} INFO - [2022-12-25T15:44:25.948+0000] {dagbag.py:538} INFO - Filling up the DagBag from /home/airflow/.local/lib/python3.7/site-packages/airflow/example_dags/example_short_circuit_operator.py
[2022-12-25T15:44:25.964+0000] {processor.py:753} INFO - DAG(s) dict_keys(['example_short_circuit_operator']) retrieved from /home/airflow/.local/lib/python3.7/site-packages/airflow/example_dags/example_short_circuit_operator.py
[2022-12-25T15:44:26.002+0000] {logging_mixin.py:137} INFO - [2022-12-25T15:44:26.002+0000] {dag.py:2676} INFO - Sync 1 DAGs
[2022-12-25T15:44:26.030+0000] {logging_mixin.py:137} INFO - [2022-12-25T15:44:26.030+0000] {dag.py:3427} INFO - Setting next_dagrun for example_short_circuit_operator to 2022-12-24T15:44:26.030301+00:00, run_after=2022-12-25T15:44:26.030301+00:00
[2022-12-25T15:44:26.051+0000] {processor.py:175} INFO - Processing /home/airflow/.local/lib/python3.7/site-packages/airflow/example_dags/example_short_circuit_operator.py took 0.107 seconds
[2022-12-25T15:44:56.886+0000] {processor.py:153} INFO - Started process (PID=6215) to work on /home/airflow/.local/lib/python3.7/site-packages/airflow/example_dags/example_short_circuit_operator.py
[2022-12-25T15:44:56.888+0000] {processor.py:743} INFO - Processing file /home/airflow/.local/lib/python3.7/site-packages/airflow/example_dags/example_short_circuit_operator.py for tasks to queue
[2022-12-25T15:44:56.889+0000] {logging_mixin.py:137} INFO - [2022-12-25T15:44:56.889+0000] {dagbag.py:538} INFO - Filling up the DagBag from /home/airflow/.local/lib/python3.7/site-packages/airflow/example_dags/example_short_circuit_operator.py
[2022-12-25T15:44:56.906+0000] {processor.py:753} INFO - DAG(s) dict_keys(['example_short_circuit_operator']) retrieved from /home/airflow/.local/lib/python3.7/site-packages/airflow/example_dags/example_short_circuit_operator.py
[2022-12-25T15:44:56.948+0000] {logging_mixin.py:137} INFO - [2022-12-25T15:44:56.947+0000] {dag.py:2676} INFO - Sync 1 DAGs
[2022-12-25T15:44:56.975+0000] {logging_mixin.py:137} INFO - [2022-12-25T15:44:56.974+0000] {dag.py:3427} INFO - Setting next_dagrun for example_short_circuit_operator to 2022-12-24T15:44:56.974623+00:00, run_after=2022-12-25T15:44:56.974623+00:00
[2022-12-25T15:44:56.994+0000] {processor.py:175} INFO - Processing /home/airflow/.local/lib/python3.7/site-packages/airflow/example_dags/example_short_circuit_operator.py took 0.110 seconds
[2022-12-25T15:45:27.955+0000] {processor.py:153} INFO - Started process (PID=6445) to work on /home/airflow/.local/lib/python3.7/site-packages/airflow/example_dags/example_short_circuit_operator.py
[2022-12-25T15:45:27.956+0000] {processor.py:743} INFO - Processing file /home/airflow/.local/lib/python3.7/site-packages/airflow/example_dags/example_short_circuit_operator.py for tasks to queue
[2022-12-25T15:45:27.956+0000] {logging_mixin.py:137} INFO - [2022-12-25T15:45:27.956+0000] {dagbag.py:538} INFO - Filling up the DagBag from /home/airflow/.local/lib/python3.7/site-packages/airflow/example_dags/example_short_circuit_operator.py
[2022-12-25T15:45:27.972+0000] {processor.py:753} INFO - DAG(s) dict_keys(['example_short_circuit_operator']) retrieved from /home/airflow/.local/lib/python3.7/site-packages/airflow/example_dags/example_short_circuit_operator.py
[2022-12-25T15:45:28.010+0000] {logging_mixin.py:137} INFO - [2022-12-25T15:45:28.010+0000] {dag.py:2676} INFO - Sync 1 DAGs
[2022-12-25T15:45:28.036+0000] {logging_mixin.py:137} INFO - [2022-12-25T15:45:28.036+0000] {dag.py:3427} INFO - Setting next_dagrun for example_short_circuit_operator to 2022-12-24T15:45:28.036061+00:00, run_after=2022-12-25T15:45:28.036061+00:00
[2022-12-25T15:45:28.057+0000] {processor.py:175} INFO - Processing /home/airflow/.local/lib/python3.7/site-packages/airflow/example_dags/example_short_circuit_operator.py took 0.105 seconds
[2022-12-25T15:45:58.374+0000] {processor.py:153} INFO - Started process (PID=6695) to work on /home/airflow/.local/lib/python3.7/site-packages/airflow/example_dags/example_short_circuit_operator.py
[2022-12-25T15:45:58.375+0000] {processor.py:743} INFO - Processing file /home/airflow/.local/lib/python3.7/site-packages/airflow/example_dags/example_short_circuit_operator.py for tasks to queue
[2022-12-25T15:45:58.376+0000] {logging_mixin.py:137} INFO - [2022-12-25T15:45:58.376+0000] {dagbag.py:538} INFO - Filling up the DagBag from /home/airflow/.local/lib/python3.7/site-packages/airflow/example_dags/example_short_circuit_operator.py
[2022-12-25T15:45:58.392+0000] {processor.py:753} INFO - DAG(s) dict_keys(['example_short_circuit_operator']) retrieved from /home/airflow/.local/lib/python3.7/site-packages/airflow/example_dags/example_short_circuit_operator.py
[2022-12-25T15:45:58.431+0000] {logging_mixin.py:137} INFO - [2022-12-25T15:45:58.431+0000] {dag.py:2676} INFO - Sync 1 DAGs
[2022-12-25T15:45:58.460+0000] {logging_mixin.py:137} INFO - [2022-12-25T15:45:58.460+0000] {dag.py:3427} INFO - Setting next_dagrun for example_short_circuit_operator to 2022-12-24T15:45:58.460309+00:00, run_after=2022-12-25T15:45:58.460309+00:00
[2022-12-25T15:45:58.480+0000] {processor.py:175} INFO - Processing /home/airflow/.local/lib/python3.7/site-packages/airflow/example_dags/example_short_circuit_operator.py took 0.109 seconds
[2022-12-25T15:46:28.597+0000] {processor.py:153} INFO - Started process (PID=6925) to work on /home/airflow/.local/lib/python3.7/site-packages/airflow/example_dags/example_short_circuit_operator.py
[2022-12-25T15:46:28.598+0000] {processor.py:743} INFO - Processing file /home/airflow/.local/lib/python3.7/site-packages/airflow/example_dags/example_short_circuit_operator.py for tasks to queue
[2022-12-25T15:46:28.599+0000] {logging_mixin.py:137} INFO - [2022-12-25T15:46:28.599+0000] {dagbag.py:538} INFO - Filling up the DagBag from /home/airflow/.local/lib/python3.7/site-packages/airflow/example_dags/example_short_circuit_operator.py
[2022-12-25T15:46:28.616+0000] {processor.py:753} INFO - DAG(s) dict_keys(['example_short_circuit_operator']) retrieved from /home/airflow/.local/lib/python3.7/site-packages/airflow/example_dags/example_short_circuit_operator.py
[2022-12-25T15:46:28.660+0000] {logging_mixin.py:137} INFO - [2022-12-25T15:46:28.660+0000] {dag.py:2676} INFO - Sync 1 DAGs
[2022-12-25T15:46:28.689+0000] {logging_mixin.py:137} INFO - [2022-12-25T15:46:28.689+0000] {dag.py:3427} INFO - Setting next_dagrun for example_short_circuit_operator to 2022-12-24T15:46:28.689336+00:00, run_after=2022-12-25T15:46:28.689336+00:00
[2022-12-25T15:46:28.712+0000] {processor.py:175} INFO - Processing /home/airflow/.local/lib/python3.7/site-packages/airflow/example_dags/example_short_circuit_operator.py took 0.118 seconds
[2022-12-25T15:46:58.866+0000] {processor.py:153} INFO - Started process (PID=7173) to work on /home/airflow/.local/lib/python3.7/site-packages/airflow/example_dags/example_short_circuit_operator.py
[2022-12-25T15:46:58.867+0000] {processor.py:743} INFO - Processing file /home/airflow/.local/lib/python3.7/site-packages/airflow/example_dags/example_short_circuit_operator.py for tasks to queue
[2022-12-25T15:46:58.868+0000] {logging_mixin.py:137} INFO - [2022-12-25T15:46:58.868+0000] {dagbag.py:538} INFO - Filling up the DagBag from /home/airflow/.local/lib/python3.7/site-packages/airflow/example_dags/example_short_circuit_operator.py
[2022-12-25T15:46:58.884+0000] {processor.py:753} INFO - DAG(s) dict_keys(['example_short_circuit_operator']) retrieved from /home/airflow/.local/lib/python3.7/site-packages/airflow/example_dags/example_short_circuit_operator.py
[2022-12-25T15:46:58.926+0000] {logging_mixin.py:137} INFO - [2022-12-25T15:46:58.926+0000] {dag.py:2676} INFO - Sync 1 DAGs
[2022-12-25T15:46:58.994+0000] {logging_mixin.py:137} INFO - [2022-12-25T15:46:58.994+0000] {dag.py:3427} INFO - Setting next_dagrun for example_short_circuit_operator to 2022-12-24T15:46:58.992283+00:00, run_after=2022-12-25T15:46:58.992283+00:00
[2022-12-25T15:46:59.088+0000] {processor.py:175} INFO - Processing /home/airflow/.local/lib/python3.7/site-packages/airflow/example_dags/example_short_circuit_operator.py took 0.225 seconds
[2022-12-25T15:47:29.422+0000] {processor.py:153} INFO - Started process (PID=7404) to work on /home/airflow/.local/lib/python3.7/site-packages/airflow/example_dags/example_short_circuit_operator.py
[2022-12-25T15:47:29.424+0000] {processor.py:743} INFO - Processing file /home/airflow/.local/lib/python3.7/site-packages/airflow/example_dags/example_short_circuit_operator.py for tasks to queue
[2022-12-25T15:47:29.426+0000] {logging_mixin.py:137} INFO - [2022-12-25T15:47:29.425+0000] {dagbag.py:538} INFO - Filling up the DagBag from /home/airflow/.local/lib/python3.7/site-packages/airflow/example_dags/example_short_circuit_operator.py
[2022-12-25T15:47:29.456+0000] {processor.py:753} INFO - DAG(s) dict_keys(['example_short_circuit_operator']) retrieved from /home/airflow/.local/lib/python3.7/site-packages/airflow/example_dags/example_short_circuit_operator.py
[2022-12-25T15:47:29.604+0000] {logging_mixin.py:137} INFO - [2022-12-25T15:47:29.603+0000] {dag.py:2676} INFO - Sync 1 DAGs
[2022-12-25T15:47:29.678+0000] {logging_mixin.py:137} INFO - [2022-12-25T15:47:29.677+0000] {dag.py:3427} INFO - Setting next_dagrun for example_short_circuit_operator to 2022-12-24T15:47:29.675982+00:00, run_after=2022-12-25T15:47:29.675982+00:00
[2022-12-25T15:47:29.743+0000] {processor.py:175} INFO - Processing /home/airflow/.local/lib/python3.7/site-packages/airflow/example_dags/example_short_circuit_operator.py took 0.327 seconds
[2022-12-25T15:48:00.621+0000] {processor.py:153} INFO - Started process (PID=7636) to work on /home/airflow/.local/lib/python3.7/site-packages/airflow/example_dags/example_short_circuit_operator.py
[2022-12-25T15:48:00.623+0000] {processor.py:743} INFO - Processing file /home/airflow/.local/lib/python3.7/site-packages/airflow/example_dags/example_short_circuit_operator.py for tasks to queue
[2022-12-25T15:48:00.624+0000] {logging_mixin.py:137} INFO - [2022-12-25T15:48:00.624+0000] {dagbag.py:538} INFO - Filling up the DagBag from /home/airflow/.local/lib/python3.7/site-packages/airflow/example_dags/example_short_circuit_operator.py
[2022-12-25T15:48:00.652+0000] {processor.py:753} INFO - DAG(s) dict_keys(['example_short_circuit_operator']) retrieved from /home/airflow/.local/lib/python3.7/site-packages/airflow/example_dags/example_short_circuit_operator.py
[2022-12-25T15:48:00.699+0000] {logging_mixin.py:137} INFO - [2022-12-25T15:48:00.698+0000] {dag.py:2676} INFO - Sync 1 DAGs
[2022-12-25T15:48:00.742+0000] {logging_mixin.py:137} INFO - [2022-12-25T15:48:00.741+0000] {dag.py:3427} INFO - Setting next_dagrun for example_short_circuit_operator to 2022-12-24T15:48:00.741676+00:00, run_after=2022-12-25T15:48:00.741676+00:00
[2022-12-25T15:48:00.764+0000] {processor.py:175} INFO - Processing /home/airflow/.local/lib/python3.7/site-packages/airflow/example_dags/example_short_circuit_operator.py took 0.152 seconds
[2022-12-25T15:48:31.087+0000] {processor.py:153} INFO - Started process (PID=7875) to work on /home/airflow/.local/lib/python3.7/site-packages/airflow/example_dags/example_short_circuit_operator.py
[2022-12-25T15:48:31.089+0000] {processor.py:743} INFO - Processing file /home/airflow/.local/lib/python3.7/site-packages/airflow/example_dags/example_short_circuit_operator.py for tasks to queue
[2022-12-25T15:48:31.090+0000] {logging_mixin.py:137} INFO - [2022-12-25T15:48:31.090+0000] {dagbag.py:538} INFO - Filling up the DagBag from /home/airflow/.local/lib/python3.7/site-packages/airflow/example_dags/example_short_circuit_operator.py
[2022-12-25T15:48:31.107+0000] {processor.py:753} INFO - DAG(s) dict_keys(['example_short_circuit_operator']) retrieved from /home/airflow/.local/lib/python3.7/site-packages/airflow/example_dags/example_short_circuit_operator.py
[2022-12-25T15:48:31.150+0000] {logging_mixin.py:137} INFO - [2022-12-25T15:48:31.150+0000] {dag.py:2676} INFO - Sync 1 DAGs
[2022-12-25T15:48:31.194+0000] {logging_mixin.py:137} INFO - [2022-12-25T15:48:31.194+0000] {dag.py:3427} INFO - Setting next_dagrun for example_short_circuit_operator to 2022-12-24T15:48:31.194034+00:00, run_after=2022-12-25T15:48:31.194034+00:00
[2022-12-25T15:48:31.245+0000] {processor.py:175} INFO - Processing /home/airflow/.local/lib/python3.7/site-packages/airflow/example_dags/example_short_circuit_operator.py took 0.161 seconds
[2022-12-25T15:49:01.598+0000] {processor.py:153} INFO - Started process (PID=8116) to work on /home/airflow/.local/lib/python3.7/site-packages/airflow/example_dags/example_short_circuit_operator.py
[2022-12-25T15:49:01.599+0000] {processor.py:743} INFO - Processing file /home/airflow/.local/lib/python3.7/site-packages/airflow/example_dags/example_short_circuit_operator.py for tasks to queue
[2022-12-25T15:49:01.600+0000] {logging_mixin.py:137} INFO - [2022-12-25T15:49:01.600+0000] {dagbag.py:538} INFO - Filling up the DagBag from /home/airflow/.local/lib/python3.7/site-packages/airflow/example_dags/example_short_circuit_operator.py
[2022-12-25T15:49:01.618+0000] {processor.py:753} INFO - DAG(s) dict_keys(['example_short_circuit_operator']) retrieved from /home/airflow/.local/lib/python3.7/site-packages/airflow/example_dags/example_short_circuit_operator.py
[2022-12-25T15:49:01.666+0000] {logging_mixin.py:137} INFO - [2022-12-25T15:49:01.666+0000] {dag.py:2676} INFO - Sync 1 DAGs
[2022-12-25T15:49:01.694+0000] {logging_mixin.py:137} INFO - [2022-12-25T15:49:01.694+0000] {dag.py:3427} INFO - Setting next_dagrun for example_short_circuit_operator to 2022-12-24T15:49:01.694259+00:00, run_after=2022-12-25T15:49:01.694259+00:00
[2022-12-25T15:49:01.717+0000] {processor.py:175} INFO - Processing /home/airflow/.local/lib/python3.7/site-packages/airflow/example_dags/example_short_circuit_operator.py took 0.122 seconds
[2022-12-25T15:49:32.565+0000] {processor.py:153} INFO - Started process (PID=8346) to work on /home/airflow/.local/lib/python3.7/site-packages/airflow/example_dags/example_short_circuit_operator.py
[2022-12-25T15:49:32.566+0000] {processor.py:743} INFO - Processing file /home/airflow/.local/lib/python3.7/site-packages/airflow/example_dags/example_short_circuit_operator.py for tasks to queue
[2022-12-25T15:49:32.567+0000] {logging_mixin.py:137} INFO - [2022-12-25T15:49:32.567+0000] {dagbag.py:538} INFO - Filling up the DagBag from /home/airflow/.local/lib/python3.7/site-packages/airflow/example_dags/example_short_circuit_operator.py
[2022-12-25T15:49:32.581+0000] {processor.py:753} INFO - DAG(s) dict_keys(['example_short_circuit_operator']) retrieved from /home/airflow/.local/lib/python3.7/site-packages/airflow/example_dags/example_short_circuit_operator.py
[2022-12-25T15:49:32.617+0000] {logging_mixin.py:137} INFO - [2022-12-25T15:49:32.617+0000] {dag.py:2676} INFO - Sync 1 DAGs
[2022-12-25T15:49:32.640+0000] {logging_mixin.py:137} INFO - [2022-12-25T15:49:32.640+0000] {dag.py:3427} INFO - Setting next_dagrun for example_short_circuit_operator to 2022-12-24T15:49:32.640199+00:00, run_after=2022-12-25T15:49:32.640199+00:00
[2022-12-25T15:49:32.658+0000] {processor.py:175} INFO - Processing /home/airflow/.local/lib/python3.7/site-packages/airflow/example_dags/example_short_circuit_operator.py took 0.096 seconds
[2022-12-25T15:50:02.941+0000] {processor.py:153} INFO - Started process (PID=8596) to work on /home/airflow/.local/lib/python3.7/site-packages/airflow/example_dags/example_short_circuit_operator.py
[2022-12-25T15:50:02.942+0000] {processor.py:743} INFO - Processing file /home/airflow/.local/lib/python3.7/site-packages/airflow/example_dags/example_short_circuit_operator.py for tasks to queue
[2022-12-25T15:50:02.943+0000] {logging_mixin.py:137} INFO - [2022-12-25T15:50:02.943+0000] {dagbag.py:538} INFO - Filling up the DagBag from /home/airflow/.local/lib/python3.7/site-packages/airflow/example_dags/example_short_circuit_operator.py
[2022-12-25T15:50:02.972+0000] {processor.py:753} INFO - DAG(s) dict_keys(['example_short_circuit_operator']) retrieved from /home/airflow/.local/lib/python3.7/site-packages/airflow/example_dags/example_short_circuit_operator.py
[2022-12-25T15:50:03.031+0000] {logging_mixin.py:137} INFO - [2022-12-25T15:50:03.031+0000] {dag.py:2676} INFO - Sync 1 DAGs
[2022-12-25T15:50:03.077+0000] {logging_mixin.py:137} INFO - [2022-12-25T15:50:03.077+0000] {dag.py:3427} INFO - Setting next_dagrun for example_short_circuit_operator to 2022-12-24T15:50:03.077529+00:00, run_after=2022-12-25T15:50:03.077529+00:00
[2022-12-25T15:50:03.097+0000] {processor.py:175} INFO - Processing /home/airflow/.local/lib/python3.7/site-packages/airflow/example_dags/example_short_circuit_operator.py took 0.160 seconds
[2022-12-25T15:50:33.243+0000] {processor.py:153} INFO - Started process (PID=8826) to work on /home/airflow/.local/lib/python3.7/site-packages/airflow/example_dags/example_short_circuit_operator.py
[2022-12-25T15:50:33.245+0000] {processor.py:743} INFO - Processing file /home/airflow/.local/lib/python3.7/site-packages/airflow/example_dags/example_short_circuit_operator.py for tasks to queue
[2022-12-25T15:50:33.246+0000] {logging_mixin.py:137} INFO - [2022-12-25T15:50:33.246+0000] {dagbag.py:538} INFO - Filling up the DagBag from /home/airflow/.local/lib/python3.7/site-packages/airflow/example_dags/example_short_circuit_operator.py
[2022-12-25T15:50:33.264+0000] {processor.py:753} INFO - DAG(s) dict_keys(['example_short_circuit_operator']) retrieved from /home/airflow/.local/lib/python3.7/site-packages/airflow/example_dags/example_short_circuit_operator.py
[2022-12-25T15:50:33.304+0000] {logging_mixin.py:137} INFO - [2022-12-25T15:50:33.304+0000] {dag.py:2676} INFO - Sync 1 DAGs
[2022-12-25T15:50:33.334+0000] {logging_mixin.py:137} INFO - [2022-12-25T15:50:33.334+0000] {dag.py:3427} INFO - Setting next_dagrun for example_short_circuit_operator to 2022-12-24T15:50:33.334276+00:00, run_after=2022-12-25T15:50:33.334276+00:00
[2022-12-25T15:50:33.354+0000] {processor.py:175} INFO - Processing /home/airflow/.local/lib/python3.7/site-packages/airflow/example_dags/example_short_circuit_operator.py took 0.115 seconds
[2022-12-25T15:51:03.691+0000] {processor.py:153} INFO - Started process (PID=9076) to work on /home/airflow/.local/lib/python3.7/site-packages/airflow/example_dags/example_short_circuit_operator.py
[2022-12-25T15:51:03.693+0000] {processor.py:743} INFO - Processing file /home/airflow/.local/lib/python3.7/site-packages/airflow/example_dags/example_short_circuit_operator.py for tasks to queue
[2022-12-25T15:51:03.694+0000] {logging_mixin.py:137} INFO - [2022-12-25T15:51:03.694+0000] {dagbag.py:538} INFO - Filling up the DagBag from /home/airflow/.local/lib/python3.7/site-packages/airflow/example_dags/example_short_circuit_operator.py
[2022-12-25T15:51:03.726+0000] {processor.py:753} INFO - DAG(s) dict_keys(['example_short_circuit_operator']) retrieved from /home/airflow/.local/lib/python3.7/site-packages/airflow/example_dags/example_short_circuit_operator.py
[2022-12-25T15:51:03.810+0000] {logging_mixin.py:137} INFO - [2022-12-25T15:51:03.810+0000] {dag.py:2676} INFO - Sync 1 DAGs
[2022-12-25T15:51:03.872+0000] {logging_mixin.py:137} INFO - [2022-12-25T15:51:03.872+0000] {dag.py:3427} INFO - Setting next_dagrun for example_short_circuit_operator to 2022-12-24T15:51:03.872340+00:00, run_after=2022-12-25T15:51:03.872340+00:00
[2022-12-25T15:51:03.900+0000] {processor.py:175} INFO - Processing /home/airflow/.local/lib/python3.7/site-packages/airflow/example_dags/example_short_circuit_operator.py took 0.215 seconds
[2022-12-25T15:51:33.962+0000] {processor.py:153} INFO - Started process (PID=9306) to work on /home/airflow/.local/lib/python3.7/site-packages/airflow/example_dags/example_short_circuit_operator.py
[2022-12-25T15:51:33.963+0000] {processor.py:743} INFO - Processing file /home/airflow/.local/lib/python3.7/site-packages/airflow/example_dags/example_short_circuit_operator.py for tasks to queue
[2022-12-25T15:51:33.964+0000] {logging_mixin.py:137} INFO - [2022-12-25T15:51:33.964+0000] {dagbag.py:538} INFO - Filling up the DagBag from /home/airflow/.local/lib/python3.7/site-packages/airflow/example_dags/example_short_circuit_operator.py
[2022-12-25T15:51:33.984+0000] {processor.py:753} INFO - DAG(s) dict_keys(['example_short_circuit_operator']) retrieved from /home/airflow/.local/lib/python3.7/site-packages/airflow/example_dags/example_short_circuit_operator.py
[2022-12-25T15:51:34.040+0000] {logging_mixin.py:137} INFO - [2022-12-25T15:51:34.040+0000] {dag.py:2676} INFO - Sync 1 DAGs
[2022-12-25T15:51:34.080+0000] {logging_mixin.py:137} INFO - [2022-12-25T15:51:34.080+0000] {dag.py:3427} INFO - Setting next_dagrun for example_short_circuit_operator to 2022-12-24T15:51:34.079745+00:00, run_after=2022-12-25T15:51:34.079745+00:00
[2022-12-25T15:51:34.111+0000] {processor.py:175} INFO - Processing /home/airflow/.local/lib/python3.7/site-packages/airflow/example_dags/example_short_circuit_operator.py took 0.154 seconds
[2022-12-25T15:52:04.224+0000] {processor.py:153} INFO - Started process (PID=9536) to work on /home/airflow/.local/lib/python3.7/site-packages/airflow/example_dags/example_short_circuit_operator.py
[2022-12-25T15:52:04.225+0000] {processor.py:743} INFO - Processing file /home/airflow/.local/lib/python3.7/site-packages/airflow/example_dags/example_short_circuit_operator.py for tasks to queue
[2022-12-25T15:52:04.225+0000] {logging_mixin.py:137} INFO - [2022-12-25T15:52:04.225+0000] {dagbag.py:538} INFO - Filling up the DagBag from /home/airflow/.local/lib/python3.7/site-packages/airflow/example_dags/example_short_circuit_operator.py
[2022-12-25T15:52:04.252+0000] {processor.py:753} INFO - DAG(s) dict_keys(['example_short_circuit_operator']) retrieved from /home/airflow/.local/lib/python3.7/site-packages/airflow/example_dags/example_short_circuit_operator.py
[2022-12-25T15:52:04.306+0000] {logging_mixin.py:137} INFO - [2022-12-25T15:52:04.306+0000] {dag.py:2676} INFO - Sync 1 DAGs
[2022-12-25T15:52:04.334+0000] {logging_mixin.py:137} INFO - [2022-12-25T15:52:04.334+0000] {dag.py:3427} INFO - Setting next_dagrun for example_short_circuit_operator to 2022-12-24T15:52:04.334341+00:00, run_after=2022-12-25T15:52:04.334341+00:00
[2022-12-25T15:52:04.354+0000] {processor.py:175} INFO - Processing /home/airflow/.local/lib/python3.7/site-packages/airflow/example_dags/example_short_circuit_operator.py took 0.133 seconds
[2022-12-25T15:52:35.142+0000] {processor.py:153} INFO - Started process (PID=9771) to work on /home/airflow/.local/lib/python3.7/site-packages/airflow/example_dags/example_short_circuit_operator.py
[2022-12-25T15:52:35.144+0000] {processor.py:743} INFO - Processing file /home/airflow/.local/lib/python3.7/site-packages/airflow/example_dags/example_short_circuit_operator.py for tasks to queue
[2022-12-25T15:52:35.145+0000] {logging_mixin.py:137} INFO - [2022-12-25T15:52:35.145+0000] {dagbag.py:538} INFO - Filling up the DagBag from /home/airflow/.local/lib/python3.7/site-packages/airflow/example_dags/example_short_circuit_operator.py
[2022-12-25T15:52:35.166+0000] {processor.py:753} INFO - DAG(s) dict_keys(['example_short_circuit_operator']) retrieved from /home/airflow/.local/lib/python3.7/site-packages/airflow/example_dags/example_short_circuit_operator.py
[2022-12-25T15:52:35.292+0000] {logging_mixin.py:137} INFO - [2022-12-25T15:52:35.291+0000] {dag.py:2676} INFO - Sync 1 DAGs
[2022-12-25T15:52:35.334+0000] {logging_mixin.py:137} INFO - [2022-12-25T15:52:35.334+0000] {dag.py:3427} INFO - Setting next_dagrun for example_short_circuit_operator to 2022-12-24T15:52:35.333399+00:00, run_after=2022-12-25T15:52:35.333399+00:00
[2022-12-25T15:52:35.380+0000] {processor.py:175} INFO - Processing /home/airflow/.local/lib/python3.7/site-packages/airflow/example_dags/example_short_circuit_operator.py took 0.243 seconds
[2022-12-25T15:53:06.223+0000] {processor.py:153} INFO - Started process (PID=10016) to work on /home/airflow/.local/lib/python3.7/site-packages/airflow/example_dags/example_short_circuit_operator.py
[2022-12-25T15:53:06.224+0000] {processor.py:743} INFO - Processing file /home/airflow/.local/lib/python3.7/site-packages/airflow/example_dags/example_short_circuit_operator.py for tasks to queue
[2022-12-25T15:53:06.224+0000] {logging_mixin.py:137} INFO - [2022-12-25T15:53:06.224+0000] {dagbag.py:538} INFO - Filling up the DagBag from /home/airflow/.local/lib/python3.7/site-packages/airflow/example_dags/example_short_circuit_operator.py
[2022-12-25T15:53:06.239+0000] {processor.py:753} INFO - DAG(s) dict_keys(['example_short_circuit_operator']) retrieved from /home/airflow/.local/lib/python3.7/site-packages/airflow/example_dags/example_short_circuit_operator.py
[2022-12-25T15:53:06.278+0000] {logging_mixin.py:137} INFO - [2022-12-25T15:53:06.278+0000] {dag.py:2676} INFO - Sync 1 DAGs
[2022-12-25T15:53:06.302+0000] {logging_mixin.py:137} INFO - [2022-12-25T15:53:06.302+0000] {dag.py:3427} INFO - Setting next_dagrun for example_short_circuit_operator to 2022-12-24T15:53:06.302049+00:00, run_after=2022-12-25T15:53:06.302049+00:00
[2022-12-25T15:53:06.321+0000] {processor.py:175} INFO - Processing /home/airflow/.local/lib/python3.7/site-packages/airflow/example_dags/example_short_circuit_operator.py took 0.102 seconds
