[2022-12-25T15:32:12.284+0000] {processor.py:153} INFO - Started process (PID=313) to work on /home/airflow/.local/lib/python3.7/site-packages/airflow/example_dags/example_trigger_target_dag.py
[2022-12-25T15:32:12.285+0000] {processor.py:743} INFO - Processing file /home/airflow/.local/lib/python3.7/site-packages/airflow/example_dags/example_trigger_target_dag.py for tasks to queue
[2022-12-25T15:32:12.286+0000] {logging_mixin.py:137} INFO - [2022-12-25T15:32:12.286+0000] {dagbag.py:538} INFO - Filling up the DagBag from /home/airflow/.local/lib/python3.7/site-packages/airflow/example_dags/example_trigger_target_dag.py
[2022-12-25T15:32:12.330+0000] {processor.py:753} INFO - DAG(s) dict_keys(['example_trigger_target_dag']) retrieved from /home/airflow/.local/lib/python3.7/site-packages/airflow/example_dags/example_trigger_target_dag.py
[2022-12-25T15:32:12.393+0000] {logging_mixin.py:137} INFO - [2022-12-25T15:32:12.393+0000] {dag.py:2676} INFO - Sync 1 DAGs
[2022-12-25T15:32:12.441+0000] {logging_mixin.py:137} INFO - [2022-12-25T15:32:12.441+0000] {dag.py:3427} INFO - Setting next_dagrun for example_trigger_target_dag to None, run_after=None
[2022-12-25T15:32:12.484+0000] {processor.py:175} INFO - Processing /home/airflow/.local/lib/python3.7/site-packages/airflow/example_dags/example_trigger_target_dag.py took 0.204 seconds
[2022-12-25T15:32:42.959+0000] {processor.py:153} INFO - Started process (PID=543) to work on /home/airflow/.local/lib/python3.7/site-packages/airflow/example_dags/example_trigger_target_dag.py
[2022-12-25T15:32:42.960+0000] {processor.py:743} INFO - Processing file /home/airflow/.local/lib/python3.7/site-packages/airflow/example_dags/example_trigger_target_dag.py for tasks to queue
[2022-12-25T15:32:42.961+0000] {logging_mixin.py:137} INFO - [2022-12-25T15:32:42.961+0000] {dagbag.py:538} INFO - Filling up the DagBag from /home/airflow/.local/lib/python3.7/site-packages/airflow/example_dags/example_trigger_target_dag.py
[2022-12-25T15:32:42.983+0000] {processor.py:753} INFO - DAG(s) dict_keys(['example_trigger_target_dag']) retrieved from /home/airflow/.local/lib/python3.7/site-packages/airflow/example_dags/example_trigger_target_dag.py
[2022-12-25T15:32:43.021+0000] {logging_mixin.py:137} INFO - [2022-12-25T15:32:43.021+0000] {dag.py:2676} INFO - Sync 1 DAGs
[2022-12-25T15:32:43.047+0000] {logging_mixin.py:137} INFO - [2022-12-25T15:32:43.046+0000] {dag.py:3427} INFO - Setting next_dagrun for example_trigger_target_dag to None, run_after=None
[2022-12-25T15:32:43.066+0000] {processor.py:175} INFO - Processing /home/airflow/.local/lib/python3.7/site-packages/airflow/example_dags/example_trigger_target_dag.py took 0.110 seconds
[2022-12-25T15:33:14.364+0000] {processor.py:153} INFO - Started process (PID=783) to work on /home/airflow/.local/lib/python3.7/site-packages/airflow/example_dags/example_trigger_target_dag.py
[2022-12-25T15:33:14.367+0000] {processor.py:743} INFO - Processing file /home/airflow/.local/lib/python3.7/site-packages/airflow/example_dags/example_trigger_target_dag.py for tasks to queue
[2022-12-25T15:33:14.369+0000] {logging_mixin.py:137} INFO - [2022-12-25T15:33:14.369+0000] {dagbag.py:538} INFO - Filling up the DagBag from /home/airflow/.local/lib/python3.7/site-packages/airflow/example_dags/example_trigger_target_dag.py
[2022-12-25T15:33:14.449+0000] {processor.py:753} INFO - DAG(s) dict_keys(['example_trigger_target_dag']) retrieved from /home/airflow/.local/lib/python3.7/site-packages/airflow/example_dags/example_trigger_target_dag.py
[2022-12-25T15:33:14.568+0000] {logging_mixin.py:137} INFO - [2022-12-25T15:33:14.568+0000] {dag.py:2676} INFO - Sync 1 DAGs
[2022-12-25T15:33:14.650+0000] {logging_mixin.py:137} INFO - [2022-12-25T15:33:14.649+0000] {dag.py:3427} INFO - Setting next_dagrun for example_trigger_target_dag to None, run_after=None
[2022-12-25T15:33:14.712+0000] {processor.py:175} INFO - Processing /home/airflow/.local/lib/python3.7/site-packages/airflow/example_dags/example_trigger_target_dag.py took 0.357 seconds
[2022-12-25T15:33:45.410+0000] {processor.py:153} INFO - Started process (PID=1024) to work on /home/airflow/.local/lib/python3.7/site-packages/airflow/example_dags/example_trigger_target_dag.py
[2022-12-25T15:33:45.412+0000] {processor.py:743} INFO - Processing file /home/airflow/.local/lib/python3.7/site-packages/airflow/example_dags/example_trigger_target_dag.py for tasks to queue
[2022-12-25T15:33:45.412+0000] {logging_mixin.py:137} INFO - [2022-12-25T15:33:45.412+0000] {dagbag.py:538} INFO - Filling up the DagBag from /home/airflow/.local/lib/python3.7/site-packages/airflow/example_dags/example_trigger_target_dag.py
[2022-12-25T15:33:45.441+0000] {processor.py:753} INFO - DAG(s) dict_keys(['example_trigger_target_dag']) retrieved from /home/airflow/.local/lib/python3.7/site-packages/airflow/example_dags/example_trigger_target_dag.py
[2022-12-25T15:33:45.470+0000] {logging_mixin.py:137} INFO - [2022-12-25T15:33:45.470+0000] {dag.py:2676} INFO - Sync 1 DAGs
[2022-12-25T15:33:45.504+0000] {logging_mixin.py:137} INFO - [2022-12-25T15:33:45.504+0000] {dag.py:3427} INFO - Setting next_dagrun for example_trigger_target_dag to None, run_after=None
[2022-12-25T15:33:45.529+0000] {processor.py:175} INFO - Processing /home/airflow/.local/lib/python3.7/site-packages/airflow/example_dags/example_trigger_target_dag.py took 0.123 seconds
[2022-12-25T15:34:16.159+0000] {processor.py:153} INFO - Started process (PID=1255) to work on /home/airflow/.local/lib/python3.7/site-packages/airflow/example_dags/example_trigger_target_dag.py
[2022-12-25T15:34:16.160+0000] {processor.py:743} INFO - Processing file /home/airflow/.local/lib/python3.7/site-packages/airflow/example_dags/example_trigger_target_dag.py for tasks to queue
[2022-12-25T15:34:16.161+0000] {logging_mixin.py:137} INFO - [2022-12-25T15:34:16.161+0000] {dagbag.py:538} INFO - Filling up the DagBag from /home/airflow/.local/lib/python3.7/site-packages/airflow/example_dags/example_trigger_target_dag.py
[2022-12-25T15:34:16.194+0000] {processor.py:753} INFO - DAG(s) dict_keys(['example_trigger_target_dag']) retrieved from /home/airflow/.local/lib/python3.7/site-packages/airflow/example_dags/example_trigger_target_dag.py
[2022-12-25T15:34:16.240+0000] {logging_mixin.py:137} INFO - [2022-12-25T15:34:16.240+0000] {dag.py:2676} INFO - Sync 1 DAGs
[2022-12-25T15:34:16.275+0000] {logging_mixin.py:137} INFO - [2022-12-25T15:34:16.274+0000] {dag.py:3427} INFO - Setting next_dagrun for example_trigger_target_dag to None, run_after=None
[2022-12-25T15:34:16.299+0000] {processor.py:175} INFO - Processing /home/airflow/.local/lib/python3.7/site-packages/airflow/example_dags/example_trigger_target_dag.py took 0.145 seconds
[2022-12-25T15:34:46.392+0000] {processor.py:153} INFO - Started process (PID=1485) to work on /home/airflow/.local/lib/python3.7/site-packages/airflow/example_dags/example_trigger_target_dag.py
[2022-12-25T15:34:46.393+0000] {processor.py:743} INFO - Processing file /home/airflow/.local/lib/python3.7/site-packages/airflow/example_dags/example_trigger_target_dag.py for tasks to queue
[2022-12-25T15:34:46.393+0000] {logging_mixin.py:137} INFO - [2022-12-25T15:34:46.393+0000] {dagbag.py:538} INFO - Filling up the DagBag from /home/airflow/.local/lib/python3.7/site-packages/airflow/example_dags/example_trigger_target_dag.py
[2022-12-25T15:34:46.414+0000] {processor.py:753} INFO - DAG(s) dict_keys(['example_trigger_target_dag']) retrieved from /home/airflow/.local/lib/python3.7/site-packages/airflow/example_dags/example_trigger_target_dag.py
[2022-12-25T15:34:46.454+0000] {logging_mixin.py:137} INFO - [2022-12-25T15:34:46.454+0000] {dag.py:2676} INFO - Sync 1 DAGs
[2022-12-25T15:34:46.484+0000] {logging_mixin.py:137} INFO - [2022-12-25T15:34:46.484+0000] {dag.py:3427} INFO - Setting next_dagrun for example_trigger_target_dag to None, run_after=None
[2022-12-25T15:34:46.505+0000] {processor.py:175} INFO - Processing /home/airflow/.local/lib/python3.7/site-packages/airflow/example_dags/example_trigger_target_dag.py took 0.117 seconds
[2022-12-25T15:35:16.990+0000] {processor.py:153} INFO - Started process (PID=1735) to work on /home/airflow/.local/lib/python3.7/site-packages/airflow/example_dags/example_trigger_target_dag.py
[2022-12-25T15:35:16.991+0000] {processor.py:743} INFO - Processing file /home/airflow/.local/lib/python3.7/site-packages/airflow/example_dags/example_trigger_target_dag.py for tasks to queue
[2022-12-25T15:35:16.992+0000] {logging_mixin.py:137} INFO - [2022-12-25T15:35:16.992+0000] {dagbag.py:538} INFO - Filling up the DagBag from /home/airflow/.local/lib/python3.7/site-packages/airflow/example_dags/example_trigger_target_dag.py
[2022-12-25T15:35:17.019+0000] {processor.py:753} INFO - DAG(s) dict_keys(['example_trigger_target_dag']) retrieved from /home/airflow/.local/lib/python3.7/site-packages/airflow/example_dags/example_trigger_target_dag.py
[2022-12-25T15:35:17.066+0000] {logging_mixin.py:137} INFO - [2022-12-25T15:35:17.065+0000] {dag.py:2676} INFO - Sync 1 DAGs
[2022-12-25T15:35:17.098+0000] {logging_mixin.py:137} INFO - [2022-12-25T15:35:17.098+0000] {dag.py:3427} INFO - Setting next_dagrun for example_trigger_target_dag to None, run_after=None
[2022-12-25T15:35:17.123+0000] {processor.py:175} INFO - Processing /home/airflow/.local/lib/python3.7/site-packages/airflow/example_dags/example_trigger_target_dag.py took 0.139 seconds
[2022-12-25T15:35:47.960+0000] {processor.py:153} INFO - Started process (PID=1965) to work on /home/airflow/.local/lib/python3.7/site-packages/airflow/example_dags/example_trigger_target_dag.py
[2022-12-25T15:35:47.961+0000] {processor.py:743} INFO - Processing file /home/airflow/.local/lib/python3.7/site-packages/airflow/example_dags/example_trigger_target_dag.py for tasks to queue
[2022-12-25T15:35:47.962+0000] {logging_mixin.py:137} INFO - [2022-12-25T15:35:47.962+0000] {dagbag.py:538} INFO - Filling up the DagBag from /home/airflow/.local/lib/python3.7/site-packages/airflow/example_dags/example_trigger_target_dag.py
[2022-12-25T15:35:47.995+0000] {processor.py:753} INFO - DAG(s) dict_keys(['example_trigger_target_dag']) retrieved from /home/airflow/.local/lib/python3.7/site-packages/airflow/example_dags/example_trigger_target_dag.py
[2022-12-25T15:35:48.051+0000] {logging_mixin.py:137} INFO - [2022-12-25T15:35:48.051+0000] {dag.py:2676} INFO - Sync 1 DAGs
[2022-12-25T15:35:48.092+0000] {logging_mixin.py:137} INFO - [2022-12-25T15:35:48.092+0000] {dag.py:3427} INFO - Setting next_dagrun for example_trigger_target_dag to None, run_after=None
[2022-12-25T15:35:48.120+0000] {processor.py:175} INFO - Processing /home/airflow/.local/lib/python3.7/site-packages/airflow/example_dags/example_trigger_target_dag.py took 0.165 seconds
[2022-12-25T15:36:18.306+0000] {processor.py:153} INFO - Started process (PID=2195) to work on /home/airflow/.local/lib/python3.7/site-packages/airflow/example_dags/example_trigger_target_dag.py
[2022-12-25T15:36:18.307+0000] {processor.py:743} INFO - Processing file /home/airflow/.local/lib/python3.7/site-packages/airflow/example_dags/example_trigger_target_dag.py for tasks to queue
[2022-12-25T15:36:18.308+0000] {logging_mixin.py:137} INFO - [2022-12-25T15:36:18.307+0000] {dagbag.py:538} INFO - Filling up the DagBag from /home/airflow/.local/lib/python3.7/site-packages/airflow/example_dags/example_trigger_target_dag.py
[2022-12-25T15:36:18.328+0000] {processor.py:753} INFO - DAG(s) dict_keys(['example_trigger_target_dag']) retrieved from /home/airflow/.local/lib/python3.7/site-packages/airflow/example_dags/example_trigger_target_dag.py
[2022-12-25T15:36:18.369+0000] {logging_mixin.py:137} INFO - [2022-12-25T15:36:18.369+0000] {dag.py:2676} INFO - Sync 1 DAGs
[2022-12-25T15:36:18.397+0000] {logging_mixin.py:137} INFO - [2022-12-25T15:36:18.397+0000] {dag.py:3427} INFO - Setting next_dagrun for example_trigger_target_dag to None, run_after=None
[2022-12-25T15:36:18.418+0000] {processor.py:175} INFO - Processing /home/airflow/.local/lib/python3.7/site-packages/airflow/example_dags/example_trigger_target_dag.py took 0.115 seconds
[2022-12-25T15:36:49.238+0000] {processor.py:153} INFO - Started process (PID=2445) to work on /home/airflow/.local/lib/python3.7/site-packages/airflow/example_dags/example_trigger_target_dag.py
[2022-12-25T15:36:49.239+0000] {processor.py:743} INFO - Processing file /home/airflow/.local/lib/python3.7/site-packages/airflow/example_dags/example_trigger_target_dag.py for tasks to queue
[2022-12-25T15:36:49.240+0000] {logging_mixin.py:137} INFO - [2022-12-25T15:36:49.240+0000] {dagbag.py:538} INFO - Filling up the DagBag from /home/airflow/.local/lib/python3.7/site-packages/airflow/example_dags/example_trigger_target_dag.py
[2022-12-25T15:36:49.271+0000] {processor.py:753} INFO - DAG(s) dict_keys(['example_trigger_target_dag']) retrieved from /home/airflow/.local/lib/python3.7/site-packages/airflow/example_dags/example_trigger_target_dag.py
[2022-12-25T15:36:49.322+0000] {logging_mixin.py:137} INFO - [2022-12-25T15:36:49.322+0000] {dag.py:2676} INFO - Sync 1 DAGs
[2022-12-25T15:36:49.351+0000] {logging_mixin.py:137} INFO - [2022-12-25T15:36:49.351+0000] {dag.py:3427} INFO - Setting next_dagrun for example_trigger_target_dag to None, run_after=None
[2022-12-25T15:36:49.373+0000] {processor.py:175} INFO - Processing /home/airflow/.local/lib/python3.7/site-packages/airflow/example_dags/example_trigger_target_dag.py took 0.139 seconds
[2022-12-25T15:37:19.437+0000] {processor.py:153} INFO - Started process (PID=2675) to work on /home/airflow/.local/lib/python3.7/site-packages/airflow/example_dags/example_trigger_target_dag.py
[2022-12-25T15:37:19.439+0000] {processor.py:743} INFO - Processing file /home/airflow/.local/lib/python3.7/site-packages/airflow/example_dags/example_trigger_target_dag.py for tasks to queue
[2022-12-25T15:37:19.439+0000] {logging_mixin.py:137} INFO - [2022-12-25T15:37:19.439+0000] {dagbag.py:538} INFO - Filling up the DagBag from /home/airflow/.local/lib/python3.7/site-packages/airflow/example_dags/example_trigger_target_dag.py
[2022-12-25T15:37:19.462+0000] {processor.py:753} INFO - DAG(s) dict_keys(['example_trigger_target_dag']) retrieved from /home/airflow/.local/lib/python3.7/site-packages/airflow/example_dags/example_trigger_target_dag.py
[2022-12-25T15:37:19.508+0000] {logging_mixin.py:137} INFO - [2022-12-25T15:37:19.508+0000] {dag.py:2676} INFO - Sync 1 DAGs
[2022-12-25T15:37:19.544+0000] {logging_mixin.py:137} INFO - [2022-12-25T15:37:19.544+0000] {dag.py:3427} INFO - Setting next_dagrun for example_trigger_target_dag to None, run_after=None
[2022-12-25T15:37:19.569+0000] {processor.py:175} INFO - Processing /home/airflow/.local/lib/python3.7/site-packages/airflow/example_dags/example_trigger_target_dag.py took 0.135 seconds
[2022-12-25T15:37:49.735+0000] {processor.py:153} INFO - Started process (PID=2916) to work on /home/airflow/.local/lib/python3.7/site-packages/airflow/example_dags/example_trigger_target_dag.py
[2022-12-25T15:37:49.737+0000] {processor.py:743} INFO - Processing file /home/airflow/.local/lib/python3.7/site-packages/airflow/example_dags/example_trigger_target_dag.py for tasks to queue
[2022-12-25T15:37:49.737+0000] {logging_mixin.py:137} INFO - [2022-12-25T15:37:49.737+0000] {dagbag.py:538} INFO - Filling up the DagBag from /home/airflow/.local/lib/python3.7/site-packages/airflow/example_dags/example_trigger_target_dag.py
[2022-12-25T15:37:49.758+0000] {processor.py:753} INFO - DAG(s) dict_keys(['example_trigger_target_dag']) retrieved from /home/airflow/.local/lib/python3.7/site-packages/airflow/example_dags/example_trigger_target_dag.py
[2022-12-25T15:37:49.798+0000] {logging_mixin.py:137} INFO - [2022-12-25T15:37:49.797+0000] {dag.py:2676} INFO - Sync 1 DAGs
[2022-12-25T15:37:49.824+0000] {logging_mixin.py:137} INFO - [2022-12-25T15:37:49.823+0000] {dag.py:3427} INFO - Setting next_dagrun for example_trigger_target_dag to None, run_after=None
[2022-12-25T15:37:49.847+0000] {processor.py:175} INFO - Processing /home/airflow/.local/lib/python3.7/site-packages/airflow/example_dags/example_trigger_target_dag.py took 0.115 seconds
[2022-12-25T15:38:19.983+0000] {processor.py:153} INFO - Started process (PID=3157) to work on /home/airflow/.local/lib/python3.7/site-packages/airflow/example_dags/example_trigger_target_dag.py
[2022-12-25T15:38:19.984+0000] {processor.py:743} INFO - Processing file /home/airflow/.local/lib/python3.7/site-packages/airflow/example_dags/example_trigger_target_dag.py for tasks to queue
[2022-12-25T15:38:19.984+0000] {logging_mixin.py:137} INFO - [2022-12-25T15:38:19.984+0000] {dagbag.py:538} INFO - Filling up the DagBag from /home/airflow/.local/lib/python3.7/site-packages/airflow/example_dags/example_trigger_target_dag.py
[2022-12-25T15:38:20.004+0000] {processor.py:753} INFO - DAG(s) dict_keys(['example_trigger_target_dag']) retrieved from /home/airflow/.local/lib/python3.7/site-packages/airflow/example_dags/example_trigger_target_dag.py
[2022-12-25T15:38:20.040+0000] {logging_mixin.py:137} INFO - [2022-12-25T15:38:20.040+0000] {dag.py:2676} INFO - Sync 1 DAGs
[2022-12-25T15:38:20.065+0000] {logging_mixin.py:137} INFO - [2022-12-25T15:38:20.065+0000] {dag.py:3427} INFO - Setting next_dagrun for example_trigger_target_dag to None, run_after=None
[2022-12-25T15:38:20.083+0000] {processor.py:175} INFO - Processing /home/airflow/.local/lib/python3.7/site-packages/airflow/example_dags/example_trigger_target_dag.py took 0.103 seconds
[2022-12-25T15:38:50.830+0000] {processor.py:153} INFO - Started process (PID=3385) to work on /home/airflow/.local/lib/python3.7/site-packages/airflow/example_dags/example_trigger_target_dag.py
[2022-12-25T15:38:50.831+0000] {processor.py:743} INFO - Processing file /home/airflow/.local/lib/python3.7/site-packages/airflow/example_dags/example_trigger_target_dag.py for tasks to queue
[2022-12-25T15:38:50.831+0000] {logging_mixin.py:137} INFO - [2022-12-25T15:38:50.831+0000] {dagbag.py:538} INFO - Filling up the DagBag from /home/airflow/.local/lib/python3.7/site-packages/airflow/example_dags/example_trigger_target_dag.py
[2022-12-25T15:38:50.851+0000] {processor.py:753} INFO - DAG(s) dict_keys(['example_trigger_target_dag']) retrieved from /home/airflow/.local/lib/python3.7/site-packages/airflow/example_dags/example_trigger_target_dag.py
[2022-12-25T15:38:50.888+0000] {logging_mixin.py:137} INFO - [2022-12-25T15:38:50.888+0000] {dag.py:2676} INFO - Sync 1 DAGs
[2022-12-25T15:38:50.913+0000] {logging_mixin.py:137} INFO - [2022-12-25T15:38:50.912+0000] {dag.py:3427} INFO - Setting next_dagrun for example_trigger_target_dag to None, run_after=None
[2022-12-25T15:38:50.931+0000] {processor.py:175} INFO - Processing /home/airflow/.local/lib/python3.7/site-packages/airflow/example_dags/example_trigger_target_dag.py took 0.105 seconds
[2022-12-25T15:39:21.226+0000] {processor.py:153} INFO - Started process (PID=3635) to work on /home/airflow/.local/lib/python3.7/site-packages/airflow/example_dags/example_trigger_target_dag.py
[2022-12-25T15:39:21.227+0000] {processor.py:743} INFO - Processing file /home/airflow/.local/lib/python3.7/site-packages/airflow/example_dags/example_trigger_target_dag.py for tasks to queue
[2022-12-25T15:39:21.228+0000] {logging_mixin.py:137} INFO - [2022-12-25T15:39:21.228+0000] {dagbag.py:538} INFO - Filling up the DagBag from /home/airflow/.local/lib/python3.7/site-packages/airflow/example_dags/example_trigger_target_dag.py
[2022-12-25T15:39:21.250+0000] {processor.py:753} INFO - DAG(s) dict_keys(['example_trigger_target_dag']) retrieved from /home/airflow/.local/lib/python3.7/site-packages/airflow/example_dags/example_trigger_target_dag.py
[2022-12-25T15:39:21.278+0000] {logging_mixin.py:137} INFO - [2022-12-25T15:39:21.278+0000] {dag.py:2676} INFO - Sync 1 DAGs
[2022-12-25T15:39:21.314+0000] {logging_mixin.py:137} INFO - [2022-12-25T15:39:21.314+0000] {dag.py:3427} INFO - Setting next_dagrun for example_trigger_target_dag to None, run_after=None
[2022-12-25T15:39:21.341+0000] {processor.py:175} INFO - Processing /home/airflow/.local/lib/python3.7/site-packages/airflow/example_dags/example_trigger_target_dag.py took 0.118 seconds
[2022-12-25T15:39:52.062+0000] {processor.py:153} INFO - Started process (PID=3865) to work on /home/airflow/.local/lib/python3.7/site-packages/airflow/example_dags/example_trigger_target_dag.py
[2022-12-25T15:39:52.063+0000] {processor.py:743} INFO - Processing file /home/airflow/.local/lib/python3.7/site-packages/airflow/example_dags/example_trigger_target_dag.py for tasks to queue
[2022-12-25T15:39:52.064+0000] {logging_mixin.py:137} INFO - [2022-12-25T15:39:52.064+0000] {dagbag.py:538} INFO - Filling up the DagBag from /home/airflow/.local/lib/python3.7/site-packages/airflow/example_dags/example_trigger_target_dag.py
[2022-12-25T15:39:52.087+0000] {processor.py:753} INFO - DAG(s) dict_keys(['example_trigger_target_dag']) retrieved from /home/airflow/.local/lib/python3.7/site-packages/airflow/example_dags/example_trigger_target_dag.py
[2022-12-25T15:39:52.128+0000] {logging_mixin.py:137} INFO - [2022-12-25T15:39:52.128+0000] {dag.py:2676} INFO - Sync 1 DAGs
[2022-12-25T15:39:52.158+0000] {logging_mixin.py:137} INFO - [2022-12-25T15:39:52.158+0000] {dag.py:3427} INFO - Setting next_dagrun for example_trigger_target_dag to None, run_after=None
[2022-12-25T15:39:52.180+0000] {processor.py:175} INFO - Processing /home/airflow/.local/lib/python3.7/site-packages/airflow/example_dags/example_trigger_target_dag.py took 0.121 seconds
[2022-12-25T15:40:22.481+0000] {processor.py:153} INFO - Started process (PID=4105) to work on /home/airflow/.local/lib/python3.7/site-packages/airflow/example_dags/example_trigger_target_dag.py
[2022-12-25T15:40:22.483+0000] {processor.py:743} INFO - Processing file /home/airflow/.local/lib/python3.7/site-packages/airflow/example_dags/example_trigger_target_dag.py for tasks to queue
[2022-12-25T15:40:22.485+0000] {logging_mixin.py:137} INFO - [2022-12-25T15:40:22.484+0000] {dagbag.py:538} INFO - Filling up the DagBag from /home/airflow/.local/lib/python3.7/site-packages/airflow/example_dags/example_trigger_target_dag.py
[2022-12-25T15:40:22.517+0000] {processor.py:753} INFO - DAG(s) dict_keys(['example_trigger_target_dag']) retrieved from /home/airflow/.local/lib/python3.7/site-packages/airflow/example_dags/example_trigger_target_dag.py
[2022-12-25T15:40:22.579+0000] {logging_mixin.py:137} INFO - [2022-12-25T15:40:22.579+0000] {dag.py:2676} INFO - Sync 1 DAGs
[2022-12-25T15:40:22.614+0000] {logging_mixin.py:137} INFO - [2022-12-25T15:40:22.614+0000] {dag.py:3427} INFO - Setting next_dagrun for example_trigger_target_dag to None, run_after=None
[2022-12-25T15:40:22.646+0000] {processor.py:175} INFO - Processing /home/airflow/.local/lib/python3.7/site-packages/airflow/example_dags/example_trigger_target_dag.py took 0.169 seconds
[2022-12-25T15:40:52.750+0000] {processor.py:153} INFO - Started process (PID=4346) to work on /home/airflow/.local/lib/python3.7/site-packages/airflow/example_dags/example_trigger_target_dag.py
[2022-12-25T15:40:52.751+0000] {processor.py:743} INFO - Processing file /home/airflow/.local/lib/python3.7/site-packages/airflow/example_dags/example_trigger_target_dag.py for tasks to queue
[2022-12-25T15:40:52.752+0000] {logging_mixin.py:137} INFO - [2022-12-25T15:40:52.752+0000] {dagbag.py:538} INFO - Filling up the DagBag from /home/airflow/.local/lib/python3.7/site-packages/airflow/example_dags/example_trigger_target_dag.py
[2022-12-25T15:40:52.776+0000] {processor.py:753} INFO - DAG(s) dict_keys(['example_trigger_target_dag']) retrieved from /home/airflow/.local/lib/python3.7/site-packages/airflow/example_dags/example_trigger_target_dag.py
[2022-12-25T15:40:52.816+0000] {logging_mixin.py:137} INFO - [2022-12-25T15:40:52.815+0000] {dag.py:2676} INFO - Sync 1 DAGs
[2022-12-25T15:40:52.850+0000] {logging_mixin.py:137} INFO - [2022-12-25T15:40:52.849+0000] {dag.py:3427} INFO - Setting next_dagrun for example_trigger_target_dag to None, run_after=None
[2022-12-25T15:40:52.883+0000] {processor.py:175} INFO - Processing /home/airflow/.local/lib/python3.7/site-packages/airflow/example_dags/example_trigger_target_dag.py took 0.138 seconds
[2022-12-25T15:41:23.405+0000] {processor.py:153} INFO - Started process (PID=4578) to work on /home/airflow/.local/lib/python3.7/site-packages/airflow/example_dags/example_trigger_target_dag.py
[2022-12-25T15:41:23.406+0000] {processor.py:743} INFO - Processing file /home/airflow/.local/lib/python3.7/site-packages/airflow/example_dags/example_trigger_target_dag.py for tasks to queue
[2022-12-25T15:41:23.406+0000] {logging_mixin.py:137} INFO - [2022-12-25T15:41:23.406+0000] {dagbag.py:538} INFO - Filling up the DagBag from /home/airflow/.local/lib/python3.7/site-packages/airflow/example_dags/example_trigger_target_dag.py
[2022-12-25T15:41:23.424+0000] {processor.py:753} INFO - DAG(s) dict_keys(['example_trigger_target_dag']) retrieved from /home/airflow/.local/lib/python3.7/site-packages/airflow/example_dags/example_trigger_target_dag.py
[2022-12-25T15:41:23.463+0000] {logging_mixin.py:137} INFO - [2022-12-25T15:41:23.463+0000] {dag.py:2676} INFO - Sync 1 DAGs
[2022-12-25T15:41:23.487+0000] {logging_mixin.py:137} INFO - [2022-12-25T15:41:23.486+0000] {dag.py:3427} INFO - Setting next_dagrun for example_trigger_target_dag to None, run_after=None
[2022-12-25T15:41:23.508+0000] {processor.py:175} INFO - Processing /home/airflow/.local/lib/python3.7/site-packages/airflow/example_dags/example_trigger_target_dag.py took 0.106 seconds
[2022-12-25T15:41:53.770+0000] {processor.py:153} INFO - Started process (PID=4828) to work on /home/airflow/.local/lib/python3.7/site-packages/airflow/example_dags/example_trigger_target_dag.py
[2022-12-25T15:41:53.773+0000] {processor.py:743} INFO - Processing file /home/airflow/.local/lib/python3.7/site-packages/airflow/example_dags/example_trigger_target_dag.py for tasks to queue
[2022-12-25T15:41:53.774+0000] {logging_mixin.py:137} INFO - [2022-12-25T15:41:53.774+0000] {dagbag.py:538} INFO - Filling up the DagBag from /home/airflow/.local/lib/python3.7/site-packages/airflow/example_dags/example_trigger_target_dag.py
[2022-12-25T15:41:53.803+0000] {processor.py:753} INFO - DAG(s) dict_keys(['example_trigger_target_dag']) retrieved from /home/airflow/.local/lib/python3.7/site-packages/airflow/example_dags/example_trigger_target_dag.py
[2022-12-25T15:41:53.845+0000] {logging_mixin.py:137} INFO - [2022-12-25T15:41:53.844+0000] {dag.py:2676} INFO - Sync 1 DAGs
[2022-12-25T15:41:53.877+0000] {logging_mixin.py:137} INFO - [2022-12-25T15:41:53.877+0000] {dag.py:3427} INFO - Setting next_dagrun for example_trigger_target_dag to None, run_after=None
[2022-12-25T15:41:53.927+0000] {processor.py:175} INFO - Processing /home/airflow/.local/lib/python3.7/site-packages/airflow/example_dags/example_trigger_target_dag.py took 0.163 seconds
[2022-12-25T15:42:24.679+0000] {processor.py:153} INFO - Started process (PID=5056) to work on /home/airflow/.local/lib/python3.7/site-packages/airflow/example_dags/example_trigger_target_dag.py
[2022-12-25T15:42:24.680+0000] {processor.py:743} INFO - Processing file /home/airflow/.local/lib/python3.7/site-packages/airflow/example_dags/example_trigger_target_dag.py for tasks to queue
[2022-12-25T15:42:24.680+0000] {logging_mixin.py:137} INFO - [2022-12-25T15:42:24.680+0000] {dagbag.py:538} INFO - Filling up the DagBag from /home/airflow/.local/lib/python3.7/site-packages/airflow/example_dags/example_trigger_target_dag.py
[2022-12-25T15:42:24.707+0000] {processor.py:753} INFO - DAG(s) dict_keys(['example_trigger_target_dag']) retrieved from /home/airflow/.local/lib/python3.7/site-packages/airflow/example_dags/example_trigger_target_dag.py
[2022-12-25T15:42:24.764+0000] {logging_mixin.py:137} INFO - [2022-12-25T15:42:24.764+0000] {dag.py:2676} INFO - Sync 1 DAGs
[2022-12-25T15:42:24.790+0000] {logging_mixin.py:137} INFO - [2022-12-25T15:42:24.790+0000] {dag.py:3427} INFO - Setting next_dagrun for example_trigger_target_dag to None, run_after=None
[2022-12-25T15:42:24.818+0000] {processor.py:175} INFO - Processing /home/airflow/.local/lib/python3.7/site-packages/airflow/example_dags/example_trigger_target_dag.py took 0.143 seconds
[2022-12-25T15:42:55.778+0000] {processor.py:153} INFO - Started process (PID=5287) to work on /home/airflow/.local/lib/python3.7/site-packages/airflow/example_dags/example_trigger_target_dag.py
[2022-12-25T15:42:55.780+0000] {processor.py:743} INFO - Processing file /home/airflow/.local/lib/python3.7/site-packages/airflow/example_dags/example_trigger_target_dag.py for tasks to queue
[2022-12-25T15:42:55.781+0000] {logging_mixin.py:137} INFO - [2022-12-25T15:42:55.781+0000] {dagbag.py:538} INFO - Filling up the DagBag from /home/airflow/.local/lib/python3.7/site-packages/airflow/example_dags/example_trigger_target_dag.py
[2022-12-25T15:42:55.803+0000] {processor.py:753} INFO - DAG(s) dict_keys(['example_trigger_target_dag']) retrieved from /home/airflow/.local/lib/python3.7/site-packages/airflow/example_dags/example_trigger_target_dag.py
[2022-12-25T15:42:55.841+0000] {logging_mixin.py:137} INFO - [2022-12-25T15:42:55.841+0000] {dag.py:2676} INFO - Sync 1 DAGs
[2022-12-25T15:42:55.868+0000] {logging_mixin.py:137} INFO - [2022-12-25T15:42:55.868+0000] {dag.py:3427} INFO - Setting next_dagrun for example_trigger_target_dag to None, run_after=None
[2022-12-25T15:42:55.889+0000] {processor.py:175} INFO - Processing /home/airflow/.local/lib/python3.7/site-packages/airflow/example_dags/example_trigger_target_dag.py took 0.114 seconds
[2022-12-25T15:43:26.332+0000] {processor.py:153} INFO - Started process (PID=5537) to work on /home/airflow/.local/lib/python3.7/site-packages/airflow/example_dags/example_trigger_target_dag.py
[2022-12-25T15:43:26.333+0000] {processor.py:743} INFO - Processing file /home/airflow/.local/lib/python3.7/site-packages/airflow/example_dags/example_trigger_target_dag.py for tasks to queue
[2022-12-25T15:43:26.334+0000] {logging_mixin.py:137} INFO - [2022-12-25T15:43:26.334+0000] {dagbag.py:538} INFO - Filling up the DagBag from /home/airflow/.local/lib/python3.7/site-packages/airflow/example_dags/example_trigger_target_dag.py
[2022-12-25T15:43:26.353+0000] {processor.py:753} INFO - DAG(s) dict_keys(['example_trigger_target_dag']) retrieved from /home/airflow/.local/lib/python3.7/site-packages/airflow/example_dags/example_trigger_target_dag.py
[2022-12-25T15:43:26.397+0000] {logging_mixin.py:137} INFO - [2022-12-25T15:43:26.397+0000] {dag.py:2676} INFO - Sync 1 DAGs
[2022-12-25T15:43:26.423+0000] {logging_mixin.py:137} INFO - [2022-12-25T15:43:26.423+0000] {dag.py:3427} INFO - Setting next_dagrun for example_trigger_target_dag to None, run_after=None
[2022-12-25T15:43:26.443+0000] {processor.py:175} INFO - Processing /home/airflow/.local/lib/python3.7/site-packages/airflow/example_dags/example_trigger_target_dag.py took 0.113 seconds
[2022-12-25T15:43:56.527+0000] {processor.py:153} INFO - Started process (PID=5768) to work on /home/airflow/.local/lib/python3.7/site-packages/airflow/example_dags/example_trigger_target_dag.py
[2022-12-25T15:43:56.529+0000] {processor.py:743} INFO - Processing file /home/airflow/.local/lib/python3.7/site-packages/airflow/example_dags/example_trigger_target_dag.py for tasks to queue
[2022-12-25T15:43:56.529+0000] {logging_mixin.py:137} INFO - [2022-12-25T15:43:56.529+0000] {dagbag.py:538} INFO - Filling up the DagBag from /home/airflow/.local/lib/python3.7/site-packages/airflow/example_dags/example_trigger_target_dag.py
[2022-12-25T15:43:56.550+0000] {processor.py:753} INFO - DAG(s) dict_keys(['example_trigger_target_dag']) retrieved from /home/airflow/.local/lib/python3.7/site-packages/airflow/example_dags/example_trigger_target_dag.py
[2022-12-25T15:43:56.588+0000] {logging_mixin.py:137} INFO - [2022-12-25T15:43:56.587+0000] {dag.py:2676} INFO - Sync 1 DAGs
[2022-12-25T15:43:56.614+0000] {logging_mixin.py:137} INFO - [2022-12-25T15:43:56.614+0000] {dag.py:3427} INFO - Setting next_dagrun for example_trigger_target_dag to None, run_after=None
[2022-12-25T15:43:56.637+0000] {processor.py:175} INFO - Processing /home/airflow/.local/lib/python3.7/site-packages/airflow/example_dags/example_trigger_target_dag.py took 0.113 seconds
[2022-12-25T15:44:27.533+0000] {processor.py:153} INFO - Started process (PID=6018) to work on /home/airflow/.local/lib/python3.7/site-packages/airflow/example_dags/example_trigger_target_dag.py
[2022-12-25T15:44:27.534+0000] {processor.py:743} INFO - Processing file /home/airflow/.local/lib/python3.7/site-packages/airflow/example_dags/example_trigger_target_dag.py for tasks to queue
[2022-12-25T15:44:27.535+0000] {logging_mixin.py:137} INFO - [2022-12-25T15:44:27.535+0000] {dagbag.py:538} INFO - Filling up the DagBag from /home/airflow/.local/lib/python3.7/site-packages/airflow/example_dags/example_trigger_target_dag.py
[2022-12-25T15:44:27.554+0000] {processor.py:753} INFO - DAG(s) dict_keys(['example_trigger_target_dag']) retrieved from /home/airflow/.local/lib/python3.7/site-packages/airflow/example_dags/example_trigger_target_dag.py
[2022-12-25T15:44:27.593+0000] {logging_mixin.py:137} INFO - [2022-12-25T15:44:27.593+0000] {dag.py:2676} INFO - Sync 1 DAGs
[2022-12-25T15:44:27.617+0000] {logging_mixin.py:137} INFO - [2022-12-25T15:44:27.617+0000] {dag.py:3427} INFO - Setting next_dagrun for example_trigger_target_dag to None, run_after=None
[2022-12-25T15:44:27.636+0000] {processor.py:175} INFO - Processing /home/airflow/.local/lib/python3.7/site-packages/airflow/example_dags/example_trigger_target_dag.py took 0.107 seconds
[2022-12-25T15:44:58.334+0000] {processor.py:153} INFO - Started process (PID=6250) to work on /home/airflow/.local/lib/python3.7/site-packages/airflow/example_dags/example_trigger_target_dag.py
[2022-12-25T15:44:58.335+0000] {processor.py:743} INFO - Processing file /home/airflow/.local/lib/python3.7/site-packages/airflow/example_dags/example_trigger_target_dag.py for tasks to queue
[2022-12-25T15:44:58.335+0000] {logging_mixin.py:137} INFO - [2022-12-25T15:44:58.335+0000] {dagbag.py:538} INFO - Filling up the DagBag from /home/airflow/.local/lib/python3.7/site-packages/airflow/example_dags/example_trigger_target_dag.py
[2022-12-25T15:44:58.355+0000] {processor.py:753} INFO - DAG(s) dict_keys(['example_trigger_target_dag']) retrieved from /home/airflow/.local/lib/python3.7/site-packages/airflow/example_dags/example_trigger_target_dag.py
[2022-12-25T15:44:58.393+0000] {logging_mixin.py:137} INFO - [2022-12-25T15:44:58.393+0000] {dag.py:2676} INFO - Sync 1 DAGs
[2022-12-25T15:44:58.416+0000] {logging_mixin.py:137} INFO - [2022-12-25T15:44:58.416+0000] {dag.py:3427} INFO - Setting next_dagrun for example_trigger_target_dag to None, run_after=None
[2022-12-25T15:44:58.437+0000] {processor.py:175} INFO - Processing /home/airflow/.local/lib/python3.7/site-packages/airflow/example_dags/example_trigger_target_dag.py took 0.106 seconds
[2022-12-25T15:45:28.562+0000] {processor.py:153} INFO - Started process (PID=6478) to work on /home/airflow/.local/lib/python3.7/site-packages/airflow/example_dags/example_trigger_target_dag.py
[2022-12-25T15:45:28.563+0000] {processor.py:743} INFO - Processing file /home/airflow/.local/lib/python3.7/site-packages/airflow/example_dags/example_trigger_target_dag.py for tasks to queue
[2022-12-25T15:45:28.564+0000] {logging_mixin.py:137} INFO - [2022-12-25T15:45:28.564+0000] {dagbag.py:538} INFO - Filling up the DagBag from /home/airflow/.local/lib/python3.7/site-packages/airflow/example_dags/example_trigger_target_dag.py
[2022-12-25T15:45:28.586+0000] {processor.py:753} INFO - DAG(s) dict_keys(['example_trigger_target_dag']) retrieved from /home/airflow/.local/lib/python3.7/site-packages/airflow/example_dags/example_trigger_target_dag.py
[2022-12-25T15:45:28.623+0000] {logging_mixin.py:137} INFO - [2022-12-25T15:45:28.623+0000] {dag.py:2676} INFO - Sync 1 DAGs
[2022-12-25T15:45:28.657+0000] {logging_mixin.py:137} INFO - [2022-12-25T15:45:28.656+0000] {dag.py:3427} INFO - Setting next_dagrun for example_trigger_target_dag to None, run_after=None
[2022-12-25T15:45:28.676+0000] {processor.py:175} INFO - Processing /home/airflow/.local/lib/python3.7/site-packages/airflow/example_dags/example_trigger_target_dag.py took 0.118 seconds
[2022-12-25T15:45:58.978+0000] {processor.py:153} INFO - Started process (PID=6728) to work on /home/airflow/.local/lib/python3.7/site-packages/airflow/example_dags/example_trigger_target_dag.py
[2022-12-25T15:45:58.979+0000] {processor.py:743} INFO - Processing file /home/airflow/.local/lib/python3.7/site-packages/airflow/example_dags/example_trigger_target_dag.py for tasks to queue
[2022-12-25T15:45:58.980+0000] {logging_mixin.py:137} INFO - [2022-12-25T15:45:58.980+0000] {dagbag.py:538} INFO - Filling up the DagBag from /home/airflow/.local/lib/python3.7/site-packages/airflow/example_dags/example_trigger_target_dag.py
[2022-12-25T15:45:59.001+0000] {processor.py:753} INFO - DAG(s) dict_keys(['example_trigger_target_dag']) retrieved from /home/airflow/.local/lib/python3.7/site-packages/airflow/example_dags/example_trigger_target_dag.py
[2022-12-25T15:45:59.039+0000] {logging_mixin.py:137} INFO - [2022-12-25T15:45:59.038+0000] {dag.py:2676} INFO - Sync 1 DAGs
[2022-12-25T15:45:59.064+0000] {logging_mixin.py:137} INFO - [2022-12-25T15:45:59.064+0000] {dag.py:3427} INFO - Setting next_dagrun for example_trigger_target_dag to None, run_after=None
[2022-12-25T15:45:59.084+0000] {processor.py:175} INFO - Processing /home/airflow/.local/lib/python3.7/site-packages/airflow/example_dags/example_trigger_target_dag.py took 0.109 seconds
[2022-12-25T15:46:29.185+0000] {processor.py:153} INFO - Started process (PID=6958) to work on /home/airflow/.local/lib/python3.7/site-packages/airflow/example_dags/example_trigger_target_dag.py
[2022-12-25T15:46:29.187+0000] {processor.py:743} INFO - Processing file /home/airflow/.local/lib/python3.7/site-packages/airflow/example_dags/example_trigger_target_dag.py for tasks to queue
[2022-12-25T15:46:29.187+0000] {logging_mixin.py:137} INFO - [2022-12-25T15:46:29.187+0000] {dagbag.py:538} INFO - Filling up the DagBag from /home/airflow/.local/lib/python3.7/site-packages/airflow/example_dags/example_trigger_target_dag.py
[2022-12-25T15:46:29.207+0000] {processor.py:753} INFO - DAG(s) dict_keys(['example_trigger_target_dag']) retrieved from /home/airflow/.local/lib/python3.7/site-packages/airflow/example_dags/example_trigger_target_dag.py
[2022-12-25T15:46:29.245+0000] {logging_mixin.py:137} INFO - [2022-12-25T15:46:29.245+0000] {dag.py:2676} INFO - Sync 1 DAGs
[2022-12-25T15:46:29.272+0000] {logging_mixin.py:137} INFO - [2022-12-25T15:46:29.272+0000] {dag.py:3427} INFO - Setting next_dagrun for example_trigger_target_dag to None, run_after=None
[2022-12-25T15:46:29.292+0000] {processor.py:175} INFO - Processing /home/airflow/.local/lib/python3.7/site-packages/airflow/example_dags/example_trigger_target_dag.py took 0.110 seconds
[2022-12-25T15:46:59.890+0000] {processor.py:153} INFO - Started process (PID=7208) to work on /home/airflow/.local/lib/python3.7/site-packages/airflow/example_dags/example_trigger_target_dag.py
[2022-12-25T15:46:59.891+0000] {processor.py:743} INFO - Processing file /home/airflow/.local/lib/python3.7/site-packages/airflow/example_dags/example_trigger_target_dag.py for tasks to queue
[2022-12-25T15:46:59.891+0000] {logging_mixin.py:137} INFO - [2022-12-25T15:46:59.891+0000] {dagbag.py:538} INFO - Filling up the DagBag from /home/airflow/.local/lib/python3.7/site-packages/airflow/example_dags/example_trigger_target_dag.py
[2022-12-25T15:46:59.913+0000] {processor.py:753} INFO - DAG(s) dict_keys(['example_trigger_target_dag']) retrieved from /home/airflow/.local/lib/python3.7/site-packages/airflow/example_dags/example_trigger_target_dag.py
[2022-12-25T15:46:59.950+0000] {logging_mixin.py:137} INFO - [2022-12-25T15:46:59.950+0000] {dag.py:2676} INFO - Sync 1 DAGs
[2022-12-25T15:46:59.976+0000] {logging_mixin.py:137} INFO - [2022-12-25T15:46:59.976+0000] {dag.py:3427} INFO - Setting next_dagrun for example_trigger_target_dag to None, run_after=None
[2022-12-25T15:46:59.995+0000] {processor.py:175} INFO - Processing /home/airflow/.local/lib/python3.7/site-packages/airflow/example_dags/example_trigger_target_dag.py took 0.108 seconds
[2022-12-25T15:47:30.632+0000] {processor.py:153} INFO - Started process (PID=7439) to work on /home/airflow/.local/lib/python3.7/site-packages/airflow/example_dags/example_trigger_target_dag.py
[2022-12-25T15:47:30.635+0000] {processor.py:743} INFO - Processing file /home/airflow/.local/lib/python3.7/site-packages/airflow/example_dags/example_trigger_target_dag.py for tasks to queue
[2022-12-25T15:47:30.636+0000] {logging_mixin.py:137} INFO - [2022-12-25T15:47:30.636+0000] {dagbag.py:538} INFO - Filling up the DagBag from /home/airflow/.local/lib/python3.7/site-packages/airflow/example_dags/example_trigger_target_dag.py
[2022-12-25T15:47:30.670+0000] {processor.py:753} INFO - DAG(s) dict_keys(['example_trigger_target_dag']) retrieved from /home/airflow/.local/lib/python3.7/site-packages/airflow/example_dags/example_trigger_target_dag.py
[2022-12-25T15:47:30.729+0000] {logging_mixin.py:137} INFO - [2022-12-25T15:47:30.729+0000] {dag.py:2676} INFO - Sync 1 DAGs
[2022-12-25T15:47:30.765+0000] {logging_mixin.py:137} INFO - [2022-12-25T15:47:30.765+0000] {dag.py:3427} INFO - Setting next_dagrun for example_trigger_target_dag to None, run_after=None
[2022-12-25T15:47:30.790+0000] {processor.py:175} INFO - Processing /home/airflow/.local/lib/python3.7/site-packages/airflow/example_dags/example_trigger_target_dag.py took 0.163 seconds
[2022-12-25T15:48:01.222+0000] {processor.py:153} INFO - Started process (PID=7669) to work on /home/airflow/.local/lib/python3.7/site-packages/airflow/example_dags/example_trigger_target_dag.py
[2022-12-25T15:48:01.224+0000] {processor.py:743} INFO - Processing file /home/airflow/.local/lib/python3.7/site-packages/airflow/example_dags/example_trigger_target_dag.py for tasks to queue
[2022-12-25T15:48:01.224+0000] {logging_mixin.py:137} INFO - [2022-12-25T15:48:01.224+0000] {dagbag.py:538} INFO - Filling up the DagBag from /home/airflow/.local/lib/python3.7/site-packages/airflow/example_dags/example_trigger_target_dag.py
[2022-12-25T15:48:01.247+0000] {processor.py:753} INFO - DAG(s) dict_keys(['example_trigger_target_dag']) retrieved from /home/airflow/.local/lib/python3.7/site-packages/airflow/example_dags/example_trigger_target_dag.py
[2022-12-25T15:48:01.291+0000] {logging_mixin.py:137} INFO - [2022-12-25T15:48:01.291+0000] {dag.py:2676} INFO - Sync 1 DAGs
[2022-12-25T15:48:01.317+0000] {logging_mixin.py:137} INFO - [2022-12-25T15:48:01.317+0000] {dag.py:3427} INFO - Setting next_dagrun for example_trigger_target_dag to None, run_after=None
[2022-12-25T15:48:01.338+0000] {processor.py:175} INFO - Processing /home/airflow/.local/lib/python3.7/site-packages/airflow/example_dags/example_trigger_target_dag.py took 0.119 seconds
[2022-12-25T15:48:31.853+0000] {processor.py:153} INFO - Started process (PID=7919) to work on /home/airflow/.local/lib/python3.7/site-packages/airflow/example_dags/example_trigger_target_dag.py
[2022-12-25T15:48:31.855+0000] {processor.py:743} INFO - Processing file /home/airflow/.local/lib/python3.7/site-packages/airflow/example_dags/example_trigger_target_dag.py for tasks to queue
[2022-12-25T15:48:31.856+0000] {logging_mixin.py:137} INFO - [2022-12-25T15:48:31.855+0000] {dagbag.py:538} INFO - Filling up the DagBag from /home/airflow/.local/lib/python3.7/site-packages/airflow/example_dags/example_trigger_target_dag.py
[2022-12-25T15:48:31.884+0000] {processor.py:753} INFO - DAG(s) dict_keys(['example_trigger_target_dag']) retrieved from /home/airflow/.local/lib/python3.7/site-packages/airflow/example_dags/example_trigger_target_dag.py
[2022-12-25T15:48:31.961+0000] {logging_mixin.py:137} INFO - [2022-12-25T15:48:31.961+0000] {dag.py:2676} INFO - Sync 1 DAGs
[2022-12-25T15:48:31.994+0000] {logging_mixin.py:137} INFO - [2022-12-25T15:48:31.994+0000] {dag.py:3427} INFO - Setting next_dagrun for example_trigger_target_dag to None, run_after=None
[2022-12-25T15:48:32.013+0000] {processor.py:175} INFO - Processing /home/airflow/.local/lib/python3.7/site-packages/airflow/example_dags/example_trigger_target_dag.py took 0.165 seconds
[2022-12-25T15:49:02.182+0000] {processor.py:153} INFO - Started process (PID=8149) to work on /home/airflow/.local/lib/python3.7/site-packages/airflow/example_dags/example_trigger_target_dag.py
[2022-12-25T15:49:02.183+0000] {processor.py:743} INFO - Processing file /home/airflow/.local/lib/python3.7/site-packages/airflow/example_dags/example_trigger_target_dag.py for tasks to queue
[2022-12-25T15:49:02.184+0000] {logging_mixin.py:137} INFO - [2022-12-25T15:49:02.183+0000] {dagbag.py:538} INFO - Filling up the DagBag from /home/airflow/.local/lib/python3.7/site-packages/airflow/example_dags/example_trigger_target_dag.py
[2022-12-25T15:49:02.205+0000] {processor.py:753} INFO - DAG(s) dict_keys(['example_trigger_target_dag']) retrieved from /home/airflow/.local/lib/python3.7/site-packages/airflow/example_dags/example_trigger_target_dag.py
[2022-12-25T15:49:02.249+0000] {logging_mixin.py:137} INFO - [2022-12-25T15:49:02.248+0000] {dag.py:2676} INFO - Sync 1 DAGs
[2022-12-25T15:49:02.274+0000] {logging_mixin.py:137} INFO - [2022-12-25T15:49:02.273+0000] {dag.py:3427} INFO - Setting next_dagrun for example_trigger_target_dag to None, run_after=None
[2022-12-25T15:49:02.291+0000] {processor.py:175} INFO - Processing /home/airflow/.local/lib/python3.7/site-packages/airflow/example_dags/example_trigger_target_dag.py took 0.113 seconds
[2022-12-25T15:49:33.227+0000] {processor.py:153} INFO - Started process (PID=8381) to work on /home/airflow/.local/lib/python3.7/site-packages/airflow/example_dags/example_trigger_target_dag.py
[2022-12-25T15:49:33.228+0000] {processor.py:743} INFO - Processing file /home/airflow/.local/lib/python3.7/site-packages/airflow/example_dags/example_trigger_target_dag.py for tasks to queue
[2022-12-25T15:49:33.229+0000] {logging_mixin.py:137} INFO - [2022-12-25T15:49:33.229+0000] {dagbag.py:538} INFO - Filling up the DagBag from /home/airflow/.local/lib/python3.7/site-packages/airflow/example_dags/example_trigger_target_dag.py
[2022-12-25T15:49:33.247+0000] {processor.py:753} INFO - DAG(s) dict_keys(['example_trigger_target_dag']) retrieved from /home/airflow/.local/lib/python3.7/site-packages/airflow/example_dags/example_trigger_target_dag.py
[2022-12-25T15:49:33.282+0000] {logging_mixin.py:137} INFO - [2022-12-25T15:49:33.282+0000] {dag.py:2676} INFO - Sync 1 DAGs
[2022-12-25T15:49:33.304+0000] {logging_mixin.py:137} INFO - [2022-12-25T15:49:33.304+0000] {dag.py:3427} INFO - Setting next_dagrun for example_trigger_target_dag to None, run_after=None
[2022-12-25T15:49:33.323+0000] {processor.py:175} INFO - Processing /home/airflow/.local/lib/python3.7/site-packages/airflow/example_dags/example_trigger_target_dag.py took 0.099 seconds
[2022-12-25T15:50:03.698+0000] {processor.py:153} INFO - Started process (PID=8629) to work on /home/airflow/.local/lib/python3.7/site-packages/airflow/example_dags/example_trigger_target_dag.py
[2022-12-25T15:50:03.700+0000] {processor.py:743} INFO - Processing file /home/airflow/.local/lib/python3.7/site-packages/airflow/example_dags/example_trigger_target_dag.py for tasks to queue
[2022-12-25T15:50:03.701+0000] {logging_mixin.py:137} INFO - [2022-12-25T15:50:03.701+0000] {dagbag.py:538} INFO - Filling up the DagBag from /home/airflow/.local/lib/python3.7/site-packages/airflow/example_dags/example_trigger_target_dag.py
[2022-12-25T15:50:03.725+0000] {processor.py:753} INFO - DAG(s) dict_keys(['example_trigger_target_dag']) retrieved from /home/airflow/.local/lib/python3.7/site-packages/airflow/example_dags/example_trigger_target_dag.py
[2022-12-25T15:50:03.765+0000] {logging_mixin.py:137} INFO - [2022-12-25T15:50:03.765+0000] {dag.py:2676} INFO - Sync 1 DAGs
[2022-12-25T15:50:03.794+0000] {logging_mixin.py:137} INFO - [2022-12-25T15:50:03.794+0000] {dag.py:3427} INFO - Setting next_dagrun for example_trigger_target_dag to None, run_after=None
[2022-12-25T15:50:03.813+0000] {processor.py:175} INFO - Processing /home/airflow/.local/lib/python3.7/site-packages/airflow/example_dags/example_trigger_target_dag.py took 0.118 seconds
[2022-12-25T15:50:34.699+0000] {processor.py:153} INFO - Started process (PID=8859) to work on /home/airflow/.local/lib/python3.7/site-packages/airflow/example_dags/example_trigger_target_dag.py
[2022-12-25T15:50:34.700+0000] {processor.py:743} INFO - Processing file /home/airflow/.local/lib/python3.7/site-packages/airflow/example_dags/example_trigger_target_dag.py for tasks to queue
[2022-12-25T15:50:34.700+0000] {logging_mixin.py:137} INFO - [2022-12-25T15:50:34.700+0000] {dagbag.py:538} INFO - Filling up the DagBag from /home/airflow/.local/lib/python3.7/site-packages/airflow/example_dags/example_trigger_target_dag.py
[2022-12-25T15:50:34.724+0000] {processor.py:753} INFO - DAG(s) dict_keys(['example_trigger_target_dag']) retrieved from /home/airflow/.local/lib/python3.7/site-packages/airflow/example_dags/example_trigger_target_dag.py
[2022-12-25T15:50:34.769+0000] {logging_mixin.py:137} INFO - [2022-12-25T15:50:34.769+0000] {dag.py:2676} INFO - Sync 1 DAGs
[2022-12-25T15:50:34.799+0000] {logging_mixin.py:137} INFO - [2022-12-25T15:50:34.799+0000] {dag.py:3427} INFO - Setting next_dagrun for example_trigger_target_dag to None, run_after=None
[2022-12-25T15:50:34.820+0000] {processor.py:175} INFO - Processing /home/airflow/.local/lib/python3.7/site-packages/airflow/example_dags/example_trigger_target_dag.py took 0.125 seconds
[2022-12-25T15:51:05.120+0000] {processor.py:153} INFO - Started process (PID=9109) to work on /home/airflow/.local/lib/python3.7/site-packages/airflow/example_dags/example_trigger_target_dag.py
[2022-12-25T15:51:05.121+0000] {processor.py:743} INFO - Processing file /home/airflow/.local/lib/python3.7/site-packages/airflow/example_dags/example_trigger_target_dag.py for tasks to queue
[2022-12-25T15:51:05.122+0000] {logging_mixin.py:137} INFO - [2022-12-25T15:51:05.122+0000] {dagbag.py:538} INFO - Filling up the DagBag from /home/airflow/.local/lib/python3.7/site-packages/airflow/example_dags/example_trigger_target_dag.py
[2022-12-25T15:51:05.146+0000] {processor.py:753} INFO - DAG(s) dict_keys(['example_trigger_target_dag']) retrieved from /home/airflow/.local/lib/python3.7/site-packages/airflow/example_dags/example_trigger_target_dag.py
[2022-12-25T15:51:05.183+0000] {logging_mixin.py:137} INFO - [2022-12-25T15:51:05.183+0000] {dag.py:2676} INFO - Sync 1 DAGs
[2022-12-25T15:51:05.210+0000] {logging_mixin.py:137} INFO - [2022-12-25T15:51:05.210+0000] {dag.py:3427} INFO - Setting next_dagrun for example_trigger_target_dag to None, run_after=None
[2022-12-25T15:51:05.228+0000] {processor.py:175} INFO - Processing /home/airflow/.local/lib/python3.7/site-packages/airflow/example_dags/example_trigger_target_dag.py took 0.110 seconds
[2022-12-25T15:51:35.403+0000] {processor.py:153} INFO - Started process (PID=9339) to work on /home/airflow/.local/lib/python3.7/site-packages/airflow/example_dags/example_trigger_target_dag.py
[2022-12-25T15:51:35.405+0000] {processor.py:743} INFO - Processing file /home/airflow/.local/lib/python3.7/site-packages/airflow/example_dags/example_trigger_target_dag.py for tasks to queue
[2022-12-25T15:51:35.405+0000] {logging_mixin.py:137} INFO - [2022-12-25T15:51:35.405+0000] {dagbag.py:538} INFO - Filling up the DagBag from /home/airflow/.local/lib/python3.7/site-packages/airflow/example_dags/example_trigger_target_dag.py
[2022-12-25T15:51:35.427+0000] {processor.py:753} INFO - DAG(s) dict_keys(['example_trigger_target_dag']) retrieved from /home/airflow/.local/lib/python3.7/site-packages/airflow/example_dags/example_trigger_target_dag.py
[2022-12-25T15:51:35.472+0000] {logging_mixin.py:137} INFO - [2022-12-25T15:51:35.472+0000] {dag.py:2676} INFO - Sync 1 DAGs
[2022-12-25T15:51:35.500+0000] {logging_mixin.py:137} INFO - [2022-12-25T15:51:35.500+0000] {dag.py:3427} INFO - Setting next_dagrun for example_trigger_target_dag to None, run_after=None
[2022-12-25T15:51:35.521+0000] {processor.py:175} INFO - Processing /home/airflow/.local/lib/python3.7/site-packages/airflow/example_dags/example_trigger_target_dag.py took 0.121 seconds
[2022-12-25T15:52:05.841+0000] {processor.py:153} INFO - Started process (PID=9569) to work on /home/airflow/.local/lib/python3.7/site-packages/airflow/example_dags/example_trigger_target_dag.py
[2022-12-25T15:52:05.843+0000] {processor.py:743} INFO - Processing file /home/airflow/.local/lib/python3.7/site-packages/airflow/example_dags/example_trigger_target_dag.py for tasks to queue
[2022-12-25T15:52:05.845+0000] {logging_mixin.py:137} INFO - [2022-12-25T15:52:05.844+0000] {dagbag.py:538} INFO - Filling up the DagBag from /home/airflow/.local/lib/python3.7/site-packages/airflow/example_dags/example_trigger_target_dag.py
[2022-12-25T15:52:05.868+0000] {processor.py:753} INFO - DAG(s) dict_keys(['example_trigger_target_dag']) retrieved from /home/airflow/.local/lib/python3.7/site-packages/airflow/example_dags/example_trigger_target_dag.py
[2022-12-25T15:52:05.907+0000] {logging_mixin.py:137} INFO - [2022-12-25T15:52:05.907+0000] {dag.py:2676} INFO - Sync 1 DAGs
[2022-12-25T15:52:05.937+0000] {logging_mixin.py:137} INFO - [2022-12-25T15:52:05.937+0000] {dag.py:3427} INFO - Setting next_dagrun for example_trigger_target_dag to None, run_after=None
[2022-12-25T15:52:05.963+0000] {processor.py:175} INFO - Processing /home/airflow/.local/lib/python3.7/site-packages/airflow/example_dags/example_trigger_target_dag.py took 0.127 seconds
[2022-12-25T15:52:36.938+0000] {processor.py:153} INFO - Started process (PID=9819) to work on /home/airflow/.local/lib/python3.7/site-packages/airflow/example_dags/example_trigger_target_dag.py
[2022-12-25T15:52:36.939+0000] {processor.py:743} INFO - Processing file /home/airflow/.local/lib/python3.7/site-packages/airflow/example_dags/example_trigger_target_dag.py for tasks to queue
[2022-12-25T15:52:36.940+0000] {logging_mixin.py:137} INFO - [2022-12-25T15:52:36.939+0000] {dagbag.py:538} INFO - Filling up the DagBag from /home/airflow/.local/lib/python3.7/site-packages/airflow/example_dags/example_trigger_target_dag.py
[2022-12-25T15:52:36.963+0000] {processor.py:753} INFO - DAG(s) dict_keys(['example_trigger_target_dag']) retrieved from /home/airflow/.local/lib/python3.7/site-packages/airflow/example_dags/example_trigger_target_dag.py
[2022-12-25T15:52:37.009+0000] {logging_mixin.py:137} INFO - [2022-12-25T15:52:37.009+0000] {dag.py:2676} INFO - Sync 1 DAGs
[2022-12-25T15:52:37.041+0000] {logging_mixin.py:137} INFO - [2022-12-25T15:52:37.041+0000] {dag.py:3427} INFO - Setting next_dagrun for example_trigger_target_dag to None, run_after=None
[2022-12-25T15:52:37.066+0000] {processor.py:175} INFO - Processing /home/airflow/.local/lib/python3.7/site-packages/airflow/example_dags/example_trigger_target_dag.py took 0.132 seconds
[2022-12-25T15:53:07.725+0000] {processor.py:153} INFO - Started process (PID=10049) to work on /home/airflow/.local/lib/python3.7/site-packages/airflow/example_dags/example_trigger_target_dag.py
[2022-12-25T15:53:07.726+0000] {processor.py:743} INFO - Processing file /home/airflow/.local/lib/python3.7/site-packages/airflow/example_dags/example_trigger_target_dag.py for tasks to queue
[2022-12-25T15:53:07.726+0000] {logging_mixin.py:137} INFO - [2022-12-25T15:53:07.726+0000] {dagbag.py:538} INFO - Filling up the DagBag from /home/airflow/.local/lib/python3.7/site-packages/airflow/example_dags/example_trigger_target_dag.py
[2022-12-25T15:53:07.748+0000] {processor.py:753} INFO - DAG(s) dict_keys(['example_trigger_target_dag']) retrieved from /home/airflow/.local/lib/python3.7/site-packages/airflow/example_dags/example_trigger_target_dag.py
[2022-12-25T15:53:07.784+0000] {logging_mixin.py:137} INFO - [2022-12-25T15:53:07.784+0000] {dag.py:2676} INFO - Sync 1 DAGs
[2022-12-25T15:53:07.813+0000] {logging_mixin.py:137} INFO - [2022-12-25T15:53:07.812+0000] {dag.py:3427} INFO - Setting next_dagrun for example_trigger_target_dag to None, run_after=None
[2022-12-25T15:53:07.835+0000] {processor.py:175} INFO - Processing /home/airflow/.local/lib/python3.7/site-packages/airflow/example_dags/example_trigger_target_dag.py took 0.113 seconds
