[2022-12-25T15:32:07.375+0000] {processor.py:153} INFO - Started process (PID=197) to work on /home/airflow/.local/lib/python3.7/site-packages/airflow/example_dags/example_branch_datetime_operator.py
[2022-12-25T15:32:07.376+0000] {processor.py:743} INFO - Processing file /home/airflow/.local/lib/python3.7/site-packages/airflow/example_dags/example_branch_datetime_operator.py for tasks to queue
[2022-12-25T15:32:07.377+0000] {logging_mixin.py:137} INFO - [2022-12-25T15:32:07.376+0000] {dagbag.py:538} INFO - Filling up the DagBag from /home/airflow/.local/lib/python3.7/site-packages/airflow/example_dags/example_branch_datetime_operator.py
[2022-12-25T15:32:07.501+0000] {processor.py:753} INFO - DAG(s) dict_keys(['example_branch_datetime_operator', 'example_branch_datetime_operator_3', 'example_branch_datetime_operator_2']) retrieved from /home/airflow/.local/lib/python3.7/site-packages/airflow/example_dags/example_branch_datetime_operator.py
[2022-12-25T15:32:07.719+0000] {logging_mixin.py:137} INFO - [2022-12-25T15:32:07.719+0000] {dag.py:2676} INFO - Sync 3 DAGs
[2022-12-25T15:32:07.859+0000] {logging_mixin.py:137} INFO - [2022-12-25T15:32:07.858+0000] {dag.py:3427} INFO - Setting next_dagrun for example_branch_datetime_operator to 2022-12-24T00:00:00+00:00, run_after=2022-12-25T00:00:00+00:00
[2022-12-25T15:32:07.880+0000] {logging_mixin.py:137} INFO - [2022-12-25T15:32:07.880+0000] {dag.py:3427} INFO - Setting next_dagrun for example_branch_datetime_operator_2 to 2022-12-24T00:00:00+00:00, run_after=2022-12-25T00:00:00+00:00
[2022-12-25T15:32:07.887+0000] {logging_mixin.py:137} INFO - [2022-12-25T15:32:07.887+0000] {dag.py:3427} INFO - Setting next_dagrun for example_branch_datetime_operator_3 to 2022-12-24T00:00:00+00:00, run_after=2022-12-25T00:00:00+00:00
[2022-12-25T15:32:08.031+0000] {processor.py:175} INFO - Processing /home/airflow/.local/lib/python3.7/site-packages/airflow/example_dags/example_branch_datetime_operator.py took 0.661 seconds
[2022-12-25T15:32:39.048+0000] {processor.py:153} INFO - Started process (PID=428) to work on /home/airflow/.local/lib/python3.7/site-packages/airflow/example_dags/example_branch_datetime_operator.py
[2022-12-25T15:32:39.049+0000] {processor.py:743} INFO - Processing file /home/airflow/.local/lib/python3.7/site-packages/airflow/example_dags/example_branch_datetime_operator.py for tasks to queue
[2022-12-25T15:32:39.050+0000] {logging_mixin.py:137} INFO - [2022-12-25T15:32:39.050+0000] {dagbag.py:538} INFO - Filling up the DagBag from /home/airflow/.local/lib/python3.7/site-packages/airflow/example_dags/example_branch_datetime_operator.py
[2022-12-25T15:32:39.066+0000] {processor.py:753} INFO - DAG(s) dict_keys(['example_branch_datetime_operator_3', 'example_branch_datetime_operator', 'example_branch_datetime_operator_2']) retrieved from /home/airflow/.local/lib/python3.7/site-packages/airflow/example_dags/example_branch_datetime_operator.py
[2022-12-25T15:32:39.120+0000] {logging_mixin.py:137} INFO - [2022-12-25T15:32:39.119+0000] {dag.py:2676} INFO - Sync 3 DAGs
[2022-12-25T15:32:39.149+0000] {logging_mixin.py:137} INFO - [2022-12-25T15:32:39.149+0000] {dag.py:3427} INFO - Setting next_dagrun for example_branch_datetime_operator to 2022-12-24T00:00:00+00:00, run_after=2022-12-25T00:00:00+00:00
[2022-12-25T15:32:39.156+0000] {logging_mixin.py:137} INFO - [2022-12-25T15:32:39.155+0000] {dag.py:3427} INFO - Setting next_dagrun for example_branch_datetime_operator_2 to 2022-12-24T00:00:00+00:00, run_after=2022-12-25T00:00:00+00:00
[2022-12-25T15:32:39.158+0000] {logging_mixin.py:137} INFO - [2022-12-25T15:32:39.158+0000] {dag.py:3427} INFO - Setting next_dagrun for example_branch_datetime_operator_3 to 2022-12-24T00:00:00+00:00, run_after=2022-12-25T00:00:00+00:00
[2022-12-25T15:32:39.183+0000] {processor.py:175} INFO - Processing /home/airflow/.local/lib/python3.7/site-packages/airflow/example_dags/example_branch_datetime_operator.py took 0.137 seconds
[2022-12-25T15:33:09.227+0000] {processor.py:153} INFO - Started process (PID=659) to work on /home/airflow/.local/lib/python3.7/site-packages/airflow/example_dags/example_branch_datetime_operator.py
[2022-12-25T15:33:09.229+0000] {processor.py:743} INFO - Processing file /home/airflow/.local/lib/python3.7/site-packages/airflow/example_dags/example_branch_datetime_operator.py for tasks to queue
[2022-12-25T15:33:09.230+0000] {logging_mixin.py:137} INFO - [2022-12-25T15:33:09.230+0000] {dagbag.py:538} INFO - Filling up the DagBag from /home/airflow/.local/lib/python3.7/site-packages/airflow/example_dags/example_branch_datetime_operator.py
[2022-12-25T15:33:09.310+0000] {processor.py:753} INFO - DAG(s) dict_keys(['example_branch_datetime_operator_2', 'example_branch_datetime_operator', 'example_branch_datetime_operator_3']) retrieved from /home/airflow/.local/lib/python3.7/site-packages/airflow/example_dags/example_branch_datetime_operator.py
[2022-12-25T15:33:09.451+0000] {logging_mixin.py:137} INFO - [2022-12-25T15:33:09.451+0000] {dag.py:2676} INFO - Sync 3 DAGs
[2022-12-25T15:33:09.517+0000] {logging_mixin.py:137} INFO - [2022-12-25T15:33:09.517+0000] {dag.py:3427} INFO - Setting next_dagrun for example_branch_datetime_operator to 2022-12-24T00:00:00+00:00, run_after=2022-12-25T00:00:00+00:00
[2022-12-25T15:33:09.531+0000] {logging_mixin.py:137} INFO - [2022-12-25T15:33:09.530+0000] {dag.py:3427} INFO - Setting next_dagrun for example_branch_datetime_operator_2 to 2022-12-24T00:00:00+00:00, run_after=2022-12-25T00:00:00+00:00
[2022-12-25T15:33:09.538+0000] {logging_mixin.py:137} INFO - [2022-12-25T15:33:09.538+0000] {dag.py:3427} INFO - Setting next_dagrun for example_branch_datetime_operator_3 to 2022-12-24T00:00:00+00:00, run_after=2022-12-25T00:00:00+00:00
[2022-12-25T15:33:09.595+0000] {processor.py:175} INFO - Processing /home/airflow/.local/lib/python3.7/site-packages/airflow/example_dags/example_branch_datetime_operator.py took 0.371 seconds
[2022-12-25T15:33:40.435+0000] {processor.py:153} INFO - Started process (PID=889) to work on /home/airflow/.local/lib/python3.7/site-packages/airflow/example_dags/example_branch_datetime_operator.py
[2022-12-25T15:33:40.436+0000] {processor.py:743} INFO - Processing file /home/airflow/.local/lib/python3.7/site-packages/airflow/example_dags/example_branch_datetime_operator.py for tasks to queue
[2022-12-25T15:33:40.437+0000] {logging_mixin.py:137} INFO - [2022-12-25T15:33:40.436+0000] {dagbag.py:538} INFO - Filling up the DagBag from /home/airflow/.local/lib/python3.7/site-packages/airflow/example_dags/example_branch_datetime_operator.py
[2022-12-25T15:33:40.453+0000] {processor.py:753} INFO - DAG(s) dict_keys(['example_branch_datetime_operator_3', 'example_branch_datetime_operator', 'example_branch_datetime_operator_2']) retrieved from /home/airflow/.local/lib/python3.7/site-packages/airflow/example_dags/example_branch_datetime_operator.py
[2022-12-25T15:33:40.591+0000] {logging_mixin.py:137} INFO - [2022-12-25T15:33:40.591+0000] {dag.py:2676} INFO - Sync 3 DAGs
[2022-12-25T15:33:40.666+0000] {logging_mixin.py:137} INFO - [2022-12-25T15:33:40.666+0000] {dag.py:3427} INFO - Setting next_dagrun for example_branch_datetime_operator to 2022-12-24T00:00:00+00:00, run_after=2022-12-25T00:00:00+00:00
[2022-12-25T15:33:40.675+0000] {logging_mixin.py:137} INFO - [2022-12-25T15:33:40.675+0000] {dag.py:3427} INFO - Setting next_dagrun for example_branch_datetime_operator_2 to 2022-12-24T00:00:00+00:00, run_after=2022-12-25T00:00:00+00:00
[2022-12-25T15:33:40.679+0000] {logging_mixin.py:137} INFO - [2022-12-25T15:33:40.679+0000] {dag.py:3427} INFO - Setting next_dagrun for example_branch_datetime_operator_3 to 2022-12-24T00:00:00+00:00, run_after=2022-12-25T00:00:00+00:00
[2022-12-25T15:33:40.703+0000] {processor.py:175} INFO - Processing /home/airflow/.local/lib/python3.7/site-packages/airflow/example_dags/example_branch_datetime_operator.py took 0.270 seconds
[2022-12-25T15:34:11.662+0000] {processor.py:153} INFO - Started process (PID=1140) to work on /home/airflow/.local/lib/python3.7/site-packages/airflow/example_dags/example_branch_datetime_operator.py
[2022-12-25T15:34:11.663+0000] {processor.py:743} INFO - Processing file /home/airflow/.local/lib/python3.7/site-packages/airflow/example_dags/example_branch_datetime_operator.py for tasks to queue
[2022-12-25T15:34:11.664+0000] {logging_mixin.py:137} INFO - [2022-12-25T15:34:11.664+0000] {dagbag.py:538} INFO - Filling up the DagBag from /home/airflow/.local/lib/python3.7/site-packages/airflow/example_dags/example_branch_datetime_operator.py
[2022-12-25T15:34:11.685+0000] {processor.py:753} INFO - DAG(s) dict_keys(['example_branch_datetime_operator_3', 'example_branch_datetime_operator_2', 'example_branch_datetime_operator']) retrieved from /home/airflow/.local/lib/python3.7/site-packages/airflow/example_dags/example_branch_datetime_operator.py
[2022-12-25T15:34:11.735+0000] {logging_mixin.py:137} INFO - [2022-12-25T15:34:11.735+0000] {dag.py:2676} INFO - Sync 3 DAGs
[2022-12-25T15:34:11.768+0000] {logging_mixin.py:137} INFO - [2022-12-25T15:34:11.767+0000] {dag.py:3427} INFO - Setting next_dagrun for example_branch_datetime_operator to 2022-12-24T00:00:00+00:00, run_after=2022-12-25T00:00:00+00:00
[2022-12-25T15:34:11.773+0000] {logging_mixin.py:137} INFO - [2022-12-25T15:34:11.773+0000] {dag.py:3427} INFO - Setting next_dagrun for example_branch_datetime_operator_2 to 2022-12-24T00:00:00+00:00, run_after=2022-12-25T00:00:00+00:00
[2022-12-25T15:34:11.775+0000] {logging_mixin.py:137} INFO - [2022-12-25T15:34:11.775+0000] {dag.py:3427} INFO - Setting next_dagrun for example_branch_datetime_operator_3 to 2022-12-24T00:00:00+00:00, run_after=2022-12-25T00:00:00+00:00
[2022-12-25T15:34:11.798+0000] {processor.py:175} INFO - Processing /home/airflow/.local/lib/python3.7/site-packages/airflow/example_dags/example_branch_datetime_operator.py took 0.138 seconds
[2022-12-25T15:34:41.858+0000] {processor.py:153} INFO - Started process (PID=1370) to work on /home/airflow/.local/lib/python3.7/site-packages/airflow/example_dags/example_branch_datetime_operator.py
[2022-12-25T15:34:41.860+0000] {processor.py:743} INFO - Processing file /home/airflow/.local/lib/python3.7/site-packages/airflow/example_dags/example_branch_datetime_operator.py for tasks to queue
[2022-12-25T15:34:41.860+0000] {logging_mixin.py:137} INFO - [2022-12-25T15:34:41.860+0000] {dagbag.py:538} INFO - Filling up the DagBag from /home/airflow/.local/lib/python3.7/site-packages/airflow/example_dags/example_branch_datetime_operator.py
[2022-12-25T15:34:41.877+0000] {processor.py:753} INFO - DAG(s) dict_keys(['example_branch_datetime_operator_2', 'example_branch_datetime_operator_3', 'example_branch_datetime_operator']) retrieved from /home/airflow/.local/lib/python3.7/site-packages/airflow/example_dags/example_branch_datetime_operator.py
[2022-12-25T15:34:41.924+0000] {logging_mixin.py:137} INFO - [2022-12-25T15:34:41.923+0000] {dag.py:2676} INFO - Sync 3 DAGs
[2022-12-25T15:34:41.952+0000] {logging_mixin.py:137} INFO - [2022-12-25T15:34:41.952+0000] {dag.py:3427} INFO - Setting next_dagrun for example_branch_datetime_operator to 2022-12-24T00:00:00+00:00, run_after=2022-12-25T00:00:00+00:00
[2022-12-25T15:34:41.957+0000] {logging_mixin.py:137} INFO - [2022-12-25T15:34:41.957+0000] {dag.py:3427} INFO - Setting next_dagrun for example_branch_datetime_operator_2 to 2022-12-24T00:00:00+00:00, run_after=2022-12-25T00:00:00+00:00
[2022-12-25T15:34:41.960+0000] {logging_mixin.py:137} INFO - [2022-12-25T15:34:41.960+0000] {dag.py:3427} INFO - Setting next_dagrun for example_branch_datetime_operator_3 to 2022-12-24T00:00:00+00:00, run_after=2022-12-25T00:00:00+00:00
[2022-12-25T15:34:41.978+0000] {processor.py:175} INFO - Processing /home/airflow/.local/lib/python3.7/site-packages/airflow/example_dags/example_branch_datetime_operator.py took 0.123 seconds
[2022-12-25T15:35:12.244+0000] {processor.py:153} INFO - Started process (PID=1600) to work on /home/airflow/.local/lib/python3.7/site-packages/airflow/example_dags/example_branch_datetime_operator.py
[2022-12-25T15:35:12.245+0000] {processor.py:743} INFO - Processing file /home/airflow/.local/lib/python3.7/site-packages/airflow/example_dags/example_branch_datetime_operator.py for tasks to queue
[2022-12-25T15:35:12.246+0000] {logging_mixin.py:137} INFO - [2022-12-25T15:35:12.246+0000] {dagbag.py:538} INFO - Filling up the DagBag from /home/airflow/.local/lib/python3.7/site-packages/airflow/example_dags/example_branch_datetime_operator.py
[2022-12-25T15:35:12.264+0000] {processor.py:753} INFO - DAG(s) dict_keys(['example_branch_datetime_operator_2', 'example_branch_datetime_operator_3', 'example_branch_datetime_operator']) retrieved from /home/airflow/.local/lib/python3.7/site-packages/airflow/example_dags/example_branch_datetime_operator.py
[2022-12-25T15:35:12.316+0000] {logging_mixin.py:137} INFO - [2022-12-25T15:35:12.316+0000] {dag.py:2676} INFO - Sync 3 DAGs
[2022-12-25T15:35:12.349+0000] {logging_mixin.py:137} INFO - [2022-12-25T15:35:12.349+0000] {dag.py:3427} INFO - Setting next_dagrun for example_branch_datetime_operator to 2022-12-24T00:00:00+00:00, run_after=2022-12-25T00:00:00+00:00
[2022-12-25T15:35:12.356+0000] {logging_mixin.py:137} INFO - [2022-12-25T15:35:12.356+0000] {dag.py:3427} INFO - Setting next_dagrun for example_branch_datetime_operator_2 to 2022-12-24T00:00:00+00:00, run_after=2022-12-25T00:00:00+00:00
[2022-12-25T15:35:12.359+0000] {logging_mixin.py:137} INFO - [2022-12-25T15:35:12.359+0000] {dag.py:3427} INFO - Setting next_dagrun for example_branch_datetime_operator_3 to 2022-12-24T00:00:00+00:00, run_after=2022-12-25T00:00:00+00:00
[2022-12-25T15:35:12.376+0000] {processor.py:175} INFO - Processing /home/airflow/.local/lib/python3.7/site-packages/airflow/example_dags/example_branch_datetime_operator.py took 0.135 seconds
[2022-12-25T15:35:43.084+0000] {processor.py:153} INFO - Started process (PID=1850) to work on /home/airflow/.local/lib/python3.7/site-packages/airflow/example_dags/example_branch_datetime_operator.py
[2022-12-25T15:35:43.086+0000] {processor.py:743} INFO - Processing file /home/airflow/.local/lib/python3.7/site-packages/airflow/example_dags/example_branch_datetime_operator.py for tasks to queue
[2022-12-25T15:35:43.087+0000] {logging_mixin.py:137} INFO - [2022-12-25T15:35:43.087+0000] {dagbag.py:538} INFO - Filling up the DagBag from /home/airflow/.local/lib/python3.7/site-packages/airflow/example_dags/example_branch_datetime_operator.py
[2022-12-25T15:35:43.126+0000] {processor.py:753} INFO - DAG(s) dict_keys(['example_branch_datetime_operator_2', 'example_branch_datetime_operator_3', 'example_branch_datetime_operator']) retrieved from /home/airflow/.local/lib/python3.7/site-packages/airflow/example_dags/example_branch_datetime_operator.py
[2022-12-25T15:35:43.334+0000] {logging_mixin.py:137} INFO - [2022-12-25T15:35:43.334+0000] {dag.py:2676} INFO - Sync 3 DAGs
[2022-12-25T15:35:43.486+0000] {logging_mixin.py:137} INFO - [2022-12-25T15:35:43.486+0000] {dag.py:3427} INFO - Setting next_dagrun for example_branch_datetime_operator to 2022-12-24T00:00:00+00:00, run_after=2022-12-25T00:00:00+00:00
[2022-12-25T15:35:43.504+0000] {logging_mixin.py:137} INFO - [2022-12-25T15:35:43.504+0000] {dag.py:3427} INFO - Setting next_dagrun for example_branch_datetime_operator_2 to 2022-12-24T00:00:00+00:00, run_after=2022-12-25T00:00:00+00:00
[2022-12-25T15:35:43.514+0000] {logging_mixin.py:137} INFO - [2022-12-25T15:35:43.514+0000] {dag.py:3427} INFO - Setting next_dagrun for example_branch_datetime_operator_3 to 2022-12-24T00:00:00+00:00, run_after=2022-12-25T00:00:00+00:00
[2022-12-25T15:35:43.570+0000] {processor.py:175} INFO - Processing /home/airflow/.local/lib/python3.7/site-packages/airflow/example_dags/example_branch_datetime_operator.py took 0.489 seconds
[2022-12-25T15:36:14.487+0000] {processor.py:153} INFO - Started process (PID=2080) to work on /home/airflow/.local/lib/python3.7/site-packages/airflow/example_dags/example_branch_datetime_operator.py
[2022-12-25T15:36:14.488+0000] {processor.py:743} INFO - Processing file /home/airflow/.local/lib/python3.7/site-packages/airflow/example_dags/example_branch_datetime_operator.py for tasks to queue
[2022-12-25T15:36:14.489+0000] {logging_mixin.py:137} INFO - [2022-12-25T15:36:14.489+0000] {dagbag.py:538} INFO - Filling up the DagBag from /home/airflow/.local/lib/python3.7/site-packages/airflow/example_dags/example_branch_datetime_operator.py
[2022-12-25T15:36:14.508+0000] {processor.py:753} INFO - DAG(s) dict_keys(['example_branch_datetime_operator_2', 'example_branch_datetime_operator', 'example_branch_datetime_operator_3']) retrieved from /home/airflow/.local/lib/python3.7/site-packages/airflow/example_dags/example_branch_datetime_operator.py
[2022-12-25T15:36:14.552+0000] {logging_mixin.py:137} INFO - [2022-12-25T15:36:14.552+0000] {dag.py:2676} INFO - Sync 3 DAGs
[2022-12-25T15:36:14.580+0000] {logging_mixin.py:137} INFO - [2022-12-25T15:36:14.580+0000] {dag.py:3427} INFO - Setting next_dagrun for example_branch_datetime_operator to 2022-12-24T00:00:00+00:00, run_after=2022-12-25T00:00:00+00:00
[2022-12-25T15:36:14.585+0000] {logging_mixin.py:137} INFO - [2022-12-25T15:36:14.585+0000] {dag.py:3427} INFO - Setting next_dagrun for example_branch_datetime_operator_2 to 2022-12-24T00:00:00+00:00, run_after=2022-12-25T00:00:00+00:00
[2022-12-25T15:36:14.587+0000] {logging_mixin.py:137} INFO - [2022-12-25T15:36:14.587+0000] {dag.py:3427} INFO - Setting next_dagrun for example_branch_datetime_operator_3 to 2022-12-24T00:00:00+00:00, run_after=2022-12-25T00:00:00+00:00
[2022-12-25T15:36:14.609+0000] {processor.py:175} INFO - Processing /home/airflow/.local/lib/python3.7/site-packages/airflow/example_dags/example_branch_datetime_operator.py took 0.126 seconds
[2022-12-25T15:36:44.686+0000] {processor.py:153} INFO - Started process (PID=2310) to work on /home/airflow/.local/lib/python3.7/site-packages/airflow/example_dags/example_branch_datetime_operator.py
[2022-12-25T15:36:44.688+0000] {processor.py:743} INFO - Processing file /home/airflow/.local/lib/python3.7/site-packages/airflow/example_dags/example_branch_datetime_operator.py for tasks to queue
[2022-12-25T15:36:44.689+0000] {logging_mixin.py:137} INFO - [2022-12-25T15:36:44.689+0000] {dagbag.py:538} INFO - Filling up the DagBag from /home/airflow/.local/lib/python3.7/site-packages/airflow/example_dags/example_branch_datetime_operator.py
[2022-12-25T15:36:44.707+0000] {processor.py:753} INFO - DAG(s) dict_keys(['example_branch_datetime_operator', 'example_branch_datetime_operator_2', 'example_branch_datetime_operator_3']) retrieved from /home/airflow/.local/lib/python3.7/site-packages/airflow/example_dags/example_branch_datetime_operator.py
[2022-12-25T15:36:44.761+0000] {logging_mixin.py:137} INFO - [2022-12-25T15:36:44.761+0000] {dag.py:2676} INFO - Sync 3 DAGs
[2022-12-25T15:36:44.793+0000] {logging_mixin.py:137} INFO - [2022-12-25T15:36:44.793+0000] {dag.py:3427} INFO - Setting next_dagrun for example_branch_datetime_operator to 2022-12-24T00:00:00+00:00, run_after=2022-12-25T00:00:00+00:00
[2022-12-25T15:36:44.799+0000] {logging_mixin.py:137} INFO - [2022-12-25T15:36:44.799+0000] {dag.py:3427} INFO - Setting next_dagrun for example_branch_datetime_operator_2 to 2022-12-24T00:00:00+00:00, run_after=2022-12-25T00:00:00+00:00
[2022-12-25T15:36:44.803+0000] {logging_mixin.py:137} INFO - [2022-12-25T15:36:44.802+0000] {dag.py:3427} INFO - Setting next_dagrun for example_branch_datetime_operator_3 to 2022-12-24T00:00:00+00:00, run_after=2022-12-25T00:00:00+00:00
[2022-12-25T15:36:44.826+0000] {processor.py:175} INFO - Processing /home/airflow/.local/lib/python3.7/site-packages/airflow/example_dags/example_branch_datetime_operator.py took 0.143 seconds
[2022-12-25T15:37:15.224+0000] {processor.py:153} INFO - Started process (PID=2560) to work on /home/airflow/.local/lib/python3.7/site-packages/airflow/example_dags/example_branch_datetime_operator.py
[2022-12-25T15:37:15.225+0000] {processor.py:743} INFO - Processing file /home/airflow/.local/lib/python3.7/site-packages/airflow/example_dags/example_branch_datetime_operator.py for tasks to queue
[2022-12-25T15:37:15.226+0000] {logging_mixin.py:137} INFO - [2022-12-25T15:37:15.226+0000] {dagbag.py:538} INFO - Filling up the DagBag from /home/airflow/.local/lib/python3.7/site-packages/airflow/example_dags/example_branch_datetime_operator.py
[2022-12-25T15:37:15.250+0000] {processor.py:753} INFO - DAG(s) dict_keys(['example_branch_datetime_operator_2', 'example_branch_datetime_operator', 'example_branch_datetime_operator_3']) retrieved from /home/airflow/.local/lib/python3.7/site-packages/airflow/example_dags/example_branch_datetime_operator.py
[2022-12-25T15:37:15.307+0000] {logging_mixin.py:137} INFO - [2022-12-25T15:37:15.307+0000] {dag.py:2676} INFO - Sync 3 DAGs
[2022-12-25T15:37:15.339+0000] {logging_mixin.py:137} INFO - [2022-12-25T15:37:15.339+0000] {dag.py:3427} INFO - Setting next_dagrun for example_branch_datetime_operator to 2022-12-24T00:00:00+00:00, run_after=2022-12-25T00:00:00+00:00
[2022-12-25T15:37:15.343+0000] {logging_mixin.py:137} INFO - [2022-12-25T15:37:15.343+0000] {dag.py:3427} INFO - Setting next_dagrun for example_branch_datetime_operator_2 to 2022-12-24T00:00:00+00:00, run_after=2022-12-25T00:00:00+00:00
[2022-12-25T15:37:15.346+0000] {logging_mixin.py:137} INFO - [2022-12-25T15:37:15.346+0000] {dag.py:3427} INFO - Setting next_dagrun for example_branch_datetime_operator_3 to 2022-12-24T00:00:00+00:00, run_after=2022-12-25T00:00:00+00:00
[2022-12-25T15:37:15.370+0000] {processor.py:175} INFO - Processing /home/airflow/.local/lib/python3.7/site-packages/airflow/example_dags/example_branch_datetime_operator.py took 0.151 seconds
[2022-12-25T15:37:45.542+0000] {processor.py:153} INFO - Started process (PID=2790) to work on /home/airflow/.local/lib/python3.7/site-packages/airflow/example_dags/example_branch_datetime_operator.py
[2022-12-25T15:37:45.544+0000] {processor.py:743} INFO - Processing file /home/airflow/.local/lib/python3.7/site-packages/airflow/example_dags/example_branch_datetime_operator.py for tasks to queue
[2022-12-25T15:37:45.545+0000] {logging_mixin.py:137} INFO - [2022-12-25T15:37:45.544+0000] {dagbag.py:538} INFO - Filling up the DagBag from /home/airflow/.local/lib/python3.7/site-packages/airflow/example_dags/example_branch_datetime_operator.py
[2022-12-25T15:37:45.563+0000] {processor.py:753} INFO - DAG(s) dict_keys(['example_branch_datetime_operator', 'example_branch_datetime_operator_3', 'example_branch_datetime_operator_2']) retrieved from /home/airflow/.local/lib/python3.7/site-packages/airflow/example_dags/example_branch_datetime_operator.py
[2022-12-25T15:37:45.615+0000] {logging_mixin.py:137} INFO - [2022-12-25T15:37:45.615+0000] {dag.py:2676} INFO - Sync 3 DAGs
[2022-12-25T15:37:45.653+0000] {logging_mixin.py:137} INFO - [2022-12-25T15:37:45.652+0000] {dag.py:3427} INFO - Setting next_dagrun for example_branch_datetime_operator to 2022-12-24T00:00:00+00:00, run_after=2022-12-25T00:00:00+00:00
[2022-12-25T15:37:45.659+0000] {logging_mixin.py:137} INFO - [2022-12-25T15:37:45.659+0000] {dag.py:3427} INFO - Setting next_dagrun for example_branch_datetime_operator_2 to 2022-12-24T00:00:00+00:00, run_after=2022-12-25T00:00:00+00:00
[2022-12-25T15:37:45.662+0000] {logging_mixin.py:137} INFO - [2022-12-25T15:37:45.662+0000] {dag.py:3427} INFO - Setting next_dagrun for example_branch_datetime_operator_3 to 2022-12-24T00:00:00+00:00, run_after=2022-12-25T00:00:00+00:00
[2022-12-25T15:37:45.688+0000] {processor.py:175} INFO - Processing /home/airflow/.local/lib/python3.7/site-packages/airflow/example_dags/example_branch_datetime_operator.py took 0.150 seconds
[2022-12-25T15:38:16.460+0000] {processor.py:153} INFO - Started process (PID=3040) to work on /home/airflow/.local/lib/python3.7/site-packages/airflow/example_dags/example_branch_datetime_operator.py
[2022-12-25T15:38:16.462+0000] {processor.py:743} INFO - Processing file /home/airflow/.local/lib/python3.7/site-packages/airflow/example_dags/example_branch_datetime_operator.py for tasks to queue
[2022-12-25T15:38:16.462+0000] {logging_mixin.py:137} INFO - [2022-12-25T15:38:16.462+0000] {dagbag.py:538} INFO - Filling up the DagBag from /home/airflow/.local/lib/python3.7/site-packages/airflow/example_dags/example_branch_datetime_operator.py
[2022-12-25T15:38:16.479+0000] {processor.py:753} INFO - DAG(s) dict_keys(['example_branch_datetime_operator_3', 'example_branch_datetime_operator_2', 'example_branch_datetime_operator']) retrieved from /home/airflow/.local/lib/python3.7/site-packages/airflow/example_dags/example_branch_datetime_operator.py
[2022-12-25T15:38:16.519+0000] {logging_mixin.py:137} INFO - [2022-12-25T15:38:16.519+0000] {dag.py:2676} INFO - Sync 3 DAGs
[2022-12-25T15:38:16.546+0000] {logging_mixin.py:137} INFO - [2022-12-25T15:38:16.546+0000] {dag.py:3427} INFO - Setting next_dagrun for example_branch_datetime_operator to 2022-12-24T00:00:00+00:00, run_after=2022-12-25T00:00:00+00:00
[2022-12-25T15:38:16.552+0000] {logging_mixin.py:137} INFO - [2022-12-25T15:38:16.552+0000] {dag.py:3427} INFO - Setting next_dagrun for example_branch_datetime_operator_2 to 2022-12-24T00:00:00+00:00, run_after=2022-12-25T00:00:00+00:00
[2022-12-25T15:38:16.555+0000] {logging_mixin.py:137} INFO - [2022-12-25T15:38:16.554+0000] {dag.py:3427} INFO - Setting next_dagrun for example_branch_datetime_operator_3 to 2022-12-24T00:00:00+00:00, run_after=2022-12-25T00:00:00+00:00
[2022-12-25T15:38:16.574+0000] {processor.py:175} INFO - Processing /home/airflow/.local/lib/python3.7/site-packages/airflow/example_dags/example_branch_datetime_operator.py took 0.116 seconds
[2022-12-25T15:38:47.015+0000] {processor.py:153} INFO - Started process (PID=3270) to work on /home/airflow/.local/lib/python3.7/site-packages/airflow/example_dags/example_branch_datetime_operator.py
[2022-12-25T15:38:47.016+0000] {processor.py:743} INFO - Processing file /home/airflow/.local/lib/python3.7/site-packages/airflow/example_dags/example_branch_datetime_operator.py for tasks to queue
[2022-12-25T15:38:47.017+0000] {logging_mixin.py:137} INFO - [2022-12-25T15:38:47.017+0000] {dagbag.py:538} INFO - Filling up the DagBag from /home/airflow/.local/lib/python3.7/site-packages/airflow/example_dags/example_branch_datetime_operator.py
[2022-12-25T15:38:47.038+0000] {processor.py:753} INFO - DAG(s) dict_keys(['example_branch_datetime_operator_3', 'example_branch_datetime_operator_2', 'example_branch_datetime_operator']) retrieved from /home/airflow/.local/lib/python3.7/site-packages/airflow/example_dags/example_branch_datetime_operator.py
[2022-12-25T15:38:47.114+0000] {logging_mixin.py:137} INFO - [2022-12-25T15:38:47.114+0000] {dag.py:2676} INFO - Sync 3 DAGs
[2022-12-25T15:38:47.153+0000] {logging_mixin.py:137} INFO - [2022-12-25T15:38:47.153+0000] {dag.py:3427} INFO - Setting next_dagrun for example_branch_datetime_operator to 2022-12-24T00:00:00+00:00, run_after=2022-12-25T00:00:00+00:00
[2022-12-25T15:38:47.159+0000] {logging_mixin.py:137} INFO - [2022-12-25T15:38:47.159+0000] {dag.py:3427} INFO - Setting next_dagrun for example_branch_datetime_operator_2 to 2022-12-24T00:00:00+00:00, run_after=2022-12-25T00:00:00+00:00
[2022-12-25T15:38:47.163+0000] {logging_mixin.py:137} INFO - [2022-12-25T15:38:47.162+0000] {dag.py:3427} INFO - Setting next_dagrun for example_branch_datetime_operator_3 to 2022-12-24T00:00:00+00:00, run_after=2022-12-25T00:00:00+00:00
[2022-12-25T15:38:47.190+0000] {processor.py:175} INFO - Processing /home/airflow/.local/lib/python3.7/site-packages/airflow/example_dags/example_branch_datetime_operator.py took 0.178 seconds
[2022-12-25T15:39:17.399+0000] {processor.py:153} INFO - Started process (PID=3509) to work on /home/airflow/.local/lib/python3.7/site-packages/airflow/example_dags/example_branch_datetime_operator.py
[2022-12-25T15:39:17.401+0000] {processor.py:743} INFO - Processing file /home/airflow/.local/lib/python3.7/site-packages/airflow/example_dags/example_branch_datetime_operator.py for tasks to queue
[2022-12-25T15:39:17.402+0000] {logging_mixin.py:137} INFO - [2022-12-25T15:39:17.401+0000] {dagbag.py:538} INFO - Filling up the DagBag from /home/airflow/.local/lib/python3.7/site-packages/airflow/example_dags/example_branch_datetime_operator.py
[2022-12-25T15:39:17.423+0000] {processor.py:753} INFO - DAG(s) dict_keys(['example_branch_datetime_operator', 'example_branch_datetime_operator_2', 'example_branch_datetime_operator_3']) retrieved from /home/airflow/.local/lib/python3.7/site-packages/airflow/example_dags/example_branch_datetime_operator.py
[2022-12-25T15:39:17.490+0000] {logging_mixin.py:137} INFO - [2022-12-25T15:39:17.489+0000] {dag.py:2676} INFO - Sync 3 DAGs
[2022-12-25T15:39:17.591+0000] {logging_mixin.py:137} INFO - [2022-12-25T15:39:17.590+0000] {dag.py:3427} INFO - Setting next_dagrun for example_branch_datetime_operator to 2022-12-24T00:00:00+00:00, run_after=2022-12-25T00:00:00+00:00
[2022-12-25T15:39:17.598+0000] {logging_mixin.py:137} INFO - [2022-12-25T15:39:17.598+0000] {dag.py:3427} INFO - Setting next_dagrun for example_branch_datetime_operator_2 to 2022-12-24T00:00:00+00:00, run_after=2022-12-25T00:00:00+00:00
[2022-12-25T15:39:17.601+0000] {logging_mixin.py:137} INFO - [2022-12-25T15:39:17.601+0000] {dag.py:3427} INFO - Setting next_dagrun for example_branch_datetime_operator_3 to 2022-12-24T00:00:00+00:00, run_after=2022-12-25T00:00:00+00:00
[2022-12-25T15:39:17.632+0000] {processor.py:175} INFO - Processing /home/airflow/.local/lib/python3.7/site-packages/airflow/example_dags/example_branch_datetime_operator.py took 0.237 seconds
[2022-12-25T15:39:48.441+0000] {processor.py:153} INFO - Started process (PID=3750) to work on /home/airflow/.local/lib/python3.7/site-packages/airflow/example_dags/example_branch_datetime_operator.py
[2022-12-25T15:39:48.443+0000] {processor.py:743} INFO - Processing file /home/airflow/.local/lib/python3.7/site-packages/airflow/example_dags/example_branch_datetime_operator.py for tasks to queue
[2022-12-25T15:39:48.443+0000] {logging_mixin.py:137} INFO - [2022-12-25T15:39:48.443+0000] {dagbag.py:538} INFO - Filling up the DagBag from /home/airflow/.local/lib/python3.7/site-packages/airflow/example_dags/example_branch_datetime_operator.py
[2022-12-25T15:39:48.491+0000] {processor.py:753} INFO - DAG(s) dict_keys(['example_branch_datetime_operator_2', 'example_branch_datetime_operator_3', 'example_branch_datetime_operator']) retrieved from /home/airflow/.local/lib/python3.7/site-packages/airflow/example_dags/example_branch_datetime_operator.py
[2022-12-25T15:39:48.826+0000] {logging_mixin.py:137} INFO - [2022-12-25T15:39:48.826+0000] {dag.py:2676} INFO - Sync 3 DAGs
[2022-12-25T15:39:48.874+0000] {logging_mixin.py:137} INFO - [2022-12-25T15:39:48.874+0000] {dag.py:3427} INFO - Setting next_dagrun for example_branch_datetime_operator to 2022-12-24T00:00:00+00:00, run_after=2022-12-25T00:00:00+00:00
[2022-12-25T15:39:48.881+0000] {logging_mixin.py:137} INFO - [2022-12-25T15:39:48.881+0000] {dag.py:3427} INFO - Setting next_dagrun for example_branch_datetime_operator_2 to 2022-12-24T00:00:00+00:00, run_after=2022-12-25T00:00:00+00:00
[2022-12-25T15:39:48.887+0000] {logging_mixin.py:137} INFO - [2022-12-25T15:39:48.887+0000] {dag.py:3427} INFO - Setting next_dagrun for example_branch_datetime_operator_3 to 2022-12-24T00:00:00+00:00, run_after=2022-12-25T00:00:00+00:00
[2022-12-25T15:39:48.926+0000] {processor.py:175} INFO - Processing /home/airflow/.local/lib/python3.7/site-packages/airflow/example_dags/example_branch_datetime_operator.py took 0.488 seconds
[2022-12-25T15:40:19.462+0000] {processor.py:153} INFO - Started process (PID=3981) to work on /home/airflow/.local/lib/python3.7/site-packages/airflow/example_dags/example_branch_datetime_operator.py
[2022-12-25T15:40:19.463+0000] {processor.py:743} INFO - Processing file /home/airflow/.local/lib/python3.7/site-packages/airflow/example_dags/example_branch_datetime_operator.py for tasks to queue
[2022-12-25T15:40:19.464+0000] {logging_mixin.py:137} INFO - [2022-12-25T15:40:19.464+0000] {dagbag.py:538} INFO - Filling up the DagBag from /home/airflow/.local/lib/python3.7/site-packages/airflow/example_dags/example_branch_datetime_operator.py
[2022-12-25T15:40:19.481+0000] {processor.py:753} INFO - DAG(s) dict_keys(['example_branch_datetime_operator_2', 'example_branch_datetime_operator', 'example_branch_datetime_operator_3']) retrieved from /home/airflow/.local/lib/python3.7/site-packages/airflow/example_dags/example_branch_datetime_operator.py
[2022-12-25T15:40:19.536+0000] {logging_mixin.py:137} INFO - [2022-12-25T15:40:19.536+0000] {dag.py:2676} INFO - Sync 3 DAGs
[2022-12-25T15:40:19.565+0000] {logging_mixin.py:137} INFO - [2022-12-25T15:40:19.565+0000] {dag.py:3427} INFO - Setting next_dagrun for example_branch_datetime_operator to 2022-12-24T00:00:00+00:00, run_after=2022-12-25T00:00:00+00:00
[2022-12-25T15:40:19.575+0000] {logging_mixin.py:137} INFO - [2022-12-25T15:40:19.575+0000] {dag.py:3427} INFO - Setting next_dagrun for example_branch_datetime_operator_2 to 2022-12-24T00:00:00+00:00, run_after=2022-12-25T00:00:00+00:00
[2022-12-25T15:40:19.580+0000] {logging_mixin.py:137} INFO - [2022-12-25T15:40:19.579+0000] {dag.py:3427} INFO - Setting next_dagrun for example_branch_datetime_operator_3 to 2022-12-24T00:00:00+00:00, run_after=2022-12-25T00:00:00+00:00
[2022-12-25T15:40:19.610+0000] {processor.py:175} INFO - Processing /home/airflow/.local/lib/python3.7/site-packages/airflow/example_dags/example_branch_datetime_operator.py took 0.152 seconds
[2022-12-25T15:40:49.735+0000] {processor.py:153} INFO - Started process (PID=4233) to work on /home/airflow/.local/lib/python3.7/site-packages/airflow/example_dags/example_branch_datetime_operator.py
[2022-12-25T15:40:49.736+0000] {processor.py:743} INFO - Processing file /home/airflow/.local/lib/python3.7/site-packages/airflow/example_dags/example_branch_datetime_operator.py for tasks to queue
[2022-12-25T15:40:49.737+0000] {logging_mixin.py:137} INFO - [2022-12-25T15:40:49.737+0000] {dagbag.py:538} INFO - Filling up the DagBag from /home/airflow/.local/lib/python3.7/site-packages/airflow/example_dags/example_branch_datetime_operator.py
[2022-12-25T15:40:49.753+0000] {processor.py:753} INFO - DAG(s) dict_keys(['example_branch_datetime_operator', 'example_branch_datetime_operator_2', 'example_branch_datetime_operator_3']) retrieved from /home/airflow/.local/lib/python3.7/site-packages/airflow/example_dags/example_branch_datetime_operator.py
[2022-12-25T15:40:49.795+0000] {logging_mixin.py:137} INFO - [2022-12-25T15:40:49.795+0000] {dag.py:2676} INFO - Sync 3 DAGs
[2022-12-25T15:40:49.821+0000] {logging_mixin.py:137} INFO - [2022-12-25T15:40:49.821+0000] {dag.py:3427} INFO - Setting next_dagrun for example_branch_datetime_operator to 2022-12-24T00:00:00+00:00, run_after=2022-12-25T00:00:00+00:00
[2022-12-25T15:40:49.825+0000] {logging_mixin.py:137} INFO - [2022-12-25T15:40:49.825+0000] {dag.py:3427} INFO - Setting next_dagrun for example_branch_datetime_operator_2 to 2022-12-24T00:00:00+00:00, run_after=2022-12-25T00:00:00+00:00
[2022-12-25T15:40:49.827+0000] {logging_mixin.py:137} INFO - [2022-12-25T15:40:49.827+0000] {dag.py:3427} INFO - Setting next_dagrun for example_branch_datetime_operator_3 to 2022-12-24T00:00:00+00:00, run_after=2022-12-25T00:00:00+00:00
[2022-12-25T15:40:49.844+0000] {processor.py:175} INFO - Processing /home/airflow/.local/lib/python3.7/site-packages/airflow/example_dags/example_branch_datetime_operator.py took 0.112 seconds
[2022-12-25T15:41:19.995+0000] {processor.py:153} INFO - Started process (PID=4461) to work on /home/airflow/.local/lib/python3.7/site-packages/airflow/example_dags/example_branch_datetime_operator.py
[2022-12-25T15:41:19.996+0000] {processor.py:743} INFO - Processing file /home/airflow/.local/lib/python3.7/site-packages/airflow/example_dags/example_branch_datetime_operator.py for tasks to queue
[2022-12-25T15:41:19.997+0000] {logging_mixin.py:137} INFO - [2022-12-25T15:41:19.997+0000] {dagbag.py:538} INFO - Filling up the DagBag from /home/airflow/.local/lib/python3.7/site-packages/airflow/example_dags/example_branch_datetime_operator.py
[2022-12-25T15:41:20.013+0000] {processor.py:753} INFO - DAG(s) dict_keys(['example_branch_datetime_operator_2', 'example_branch_datetime_operator', 'example_branch_datetime_operator_3']) retrieved from /home/airflow/.local/lib/python3.7/site-packages/airflow/example_dags/example_branch_datetime_operator.py
[2022-12-25T15:41:20.058+0000] {logging_mixin.py:137} INFO - [2022-12-25T15:41:20.058+0000] {dag.py:2676} INFO - Sync 3 DAGs
[2022-12-25T15:41:20.085+0000] {logging_mixin.py:137} INFO - [2022-12-25T15:41:20.085+0000] {dag.py:3427} INFO - Setting next_dagrun for example_branch_datetime_operator to 2022-12-24T00:00:00+00:00, run_after=2022-12-25T00:00:00+00:00
[2022-12-25T15:41:20.091+0000] {logging_mixin.py:137} INFO - [2022-12-25T15:41:20.091+0000] {dag.py:3427} INFO - Setting next_dagrun for example_branch_datetime_operator_2 to 2022-12-24T00:00:00+00:00, run_after=2022-12-25T00:00:00+00:00
[2022-12-25T15:41:20.093+0000] {logging_mixin.py:137} INFO - [2022-12-25T15:41:20.093+0000] {dag.py:3427} INFO - Setting next_dagrun for example_branch_datetime_operator_3 to 2022-12-24T00:00:00+00:00, run_after=2022-12-25T00:00:00+00:00
[2022-12-25T15:41:20.114+0000] {processor.py:175} INFO - Processing /home/airflow/.local/lib/python3.7/site-packages/airflow/example_dags/example_branch_datetime_operator.py took 0.122 seconds
[2022-12-25T15:41:50.372+0000] {processor.py:153} INFO - Started process (PID=4691) to work on /home/airflow/.local/lib/python3.7/site-packages/airflow/example_dags/example_branch_datetime_operator.py
[2022-12-25T15:41:50.373+0000] {processor.py:743} INFO - Processing file /home/airflow/.local/lib/python3.7/site-packages/airflow/example_dags/example_branch_datetime_operator.py for tasks to queue
[2022-12-25T15:41:50.374+0000] {logging_mixin.py:137} INFO - [2022-12-25T15:41:50.374+0000] {dagbag.py:538} INFO - Filling up the DagBag from /home/airflow/.local/lib/python3.7/site-packages/airflow/example_dags/example_branch_datetime_operator.py
[2022-12-25T15:41:50.390+0000] {processor.py:753} INFO - DAG(s) dict_keys(['example_branch_datetime_operator', 'example_branch_datetime_operator_2', 'example_branch_datetime_operator_3']) retrieved from /home/airflow/.local/lib/python3.7/site-packages/airflow/example_dags/example_branch_datetime_operator.py
[2022-12-25T15:41:50.434+0000] {logging_mixin.py:137} INFO - [2022-12-25T15:41:50.434+0000] {dag.py:2676} INFO - Sync 3 DAGs
[2022-12-25T15:41:50.498+0000] {logging_mixin.py:137} INFO - [2022-12-25T15:41:50.498+0000] {dag.py:3427} INFO - Setting next_dagrun for example_branch_datetime_operator to 2022-12-24T00:00:00+00:00, run_after=2022-12-25T00:00:00+00:00
[2022-12-25T15:41:50.504+0000] {logging_mixin.py:137} INFO - [2022-12-25T15:41:50.503+0000] {dag.py:3427} INFO - Setting next_dagrun for example_branch_datetime_operator_2 to 2022-12-24T00:00:00+00:00, run_after=2022-12-25T00:00:00+00:00
[2022-12-25T15:41:50.511+0000] {logging_mixin.py:137} INFO - [2022-12-25T15:41:50.511+0000] {dag.py:3427} INFO - Setting next_dagrun for example_branch_datetime_operator_3 to 2022-12-24T00:00:00+00:00, run_after=2022-12-25T00:00:00+00:00
[2022-12-25T15:41:50.545+0000] {processor.py:175} INFO - Processing /home/airflow/.local/lib/python3.7/site-packages/airflow/example_dags/example_branch_datetime_operator.py took 0.176 seconds
[2022-12-25T15:42:20.643+0000] {processor.py:153} INFO - Started process (PID=4941) to work on /home/airflow/.local/lib/python3.7/site-packages/airflow/example_dags/example_branch_datetime_operator.py
[2022-12-25T15:42:20.645+0000] {processor.py:743} INFO - Processing file /home/airflow/.local/lib/python3.7/site-packages/airflow/example_dags/example_branch_datetime_operator.py for tasks to queue
[2022-12-25T15:42:20.646+0000] {logging_mixin.py:137} INFO - [2022-12-25T15:42:20.646+0000] {dagbag.py:538} INFO - Filling up the DagBag from /home/airflow/.local/lib/python3.7/site-packages/airflow/example_dags/example_branch_datetime_operator.py
[2022-12-25T15:42:20.661+0000] {processor.py:753} INFO - DAG(s) dict_keys(['example_branch_datetime_operator', 'example_branch_datetime_operator_2', 'example_branch_datetime_operator_3']) retrieved from /home/airflow/.local/lib/python3.7/site-packages/airflow/example_dags/example_branch_datetime_operator.py
[2022-12-25T15:42:20.703+0000] {logging_mixin.py:137} INFO - [2022-12-25T15:42:20.703+0000] {dag.py:2676} INFO - Sync 3 DAGs
[2022-12-25T15:42:20.730+0000] {logging_mixin.py:137} INFO - [2022-12-25T15:42:20.729+0000] {dag.py:3427} INFO - Setting next_dagrun for example_branch_datetime_operator to 2022-12-24T00:00:00+00:00, run_after=2022-12-25T00:00:00+00:00
[2022-12-25T15:42:20.736+0000] {logging_mixin.py:137} INFO - [2022-12-25T15:42:20.736+0000] {dag.py:3427} INFO - Setting next_dagrun for example_branch_datetime_operator_2 to 2022-12-24T00:00:00+00:00, run_after=2022-12-25T00:00:00+00:00
[2022-12-25T15:42:20.739+0000] {logging_mixin.py:137} INFO - [2022-12-25T15:42:20.739+0000] {dag.py:3427} INFO - Setting next_dagrun for example_branch_datetime_operator_3 to 2022-12-24T00:00:00+00:00, run_after=2022-12-25T00:00:00+00:00
[2022-12-25T15:42:20.758+0000] {processor.py:175} INFO - Processing /home/airflow/.local/lib/python3.7/site-packages/airflow/example_dags/example_branch_datetime_operator.py took 0.118 seconds
[2022-12-25T15:42:50.878+0000] {processor.py:153} INFO - Started process (PID=5172) to work on /home/airflow/.local/lib/python3.7/site-packages/airflow/example_dags/example_branch_datetime_operator.py
[2022-12-25T15:42:50.880+0000] {processor.py:743} INFO - Processing file /home/airflow/.local/lib/python3.7/site-packages/airflow/example_dags/example_branch_datetime_operator.py for tasks to queue
[2022-12-25T15:42:50.881+0000] {logging_mixin.py:137} INFO - [2022-12-25T15:42:50.881+0000] {dagbag.py:538} INFO - Filling up the DagBag from /home/airflow/.local/lib/python3.7/site-packages/airflow/example_dags/example_branch_datetime_operator.py
[2022-12-25T15:42:50.901+0000] {processor.py:753} INFO - DAG(s) dict_keys(['example_branch_datetime_operator_3', 'example_branch_datetime_operator', 'example_branch_datetime_operator_2']) retrieved from /home/airflow/.local/lib/python3.7/site-packages/airflow/example_dags/example_branch_datetime_operator.py
[2022-12-25T15:42:50.945+0000] {logging_mixin.py:137} INFO - [2022-12-25T15:42:50.945+0000] {dag.py:2676} INFO - Sync 3 DAGs
[2022-12-25T15:42:50.973+0000] {logging_mixin.py:137} INFO - [2022-12-25T15:42:50.973+0000] {dag.py:3427} INFO - Setting next_dagrun for example_branch_datetime_operator to 2022-12-24T00:00:00+00:00, run_after=2022-12-25T00:00:00+00:00
[2022-12-25T15:42:50.977+0000] {logging_mixin.py:137} INFO - [2022-12-25T15:42:50.977+0000] {dag.py:3427} INFO - Setting next_dagrun for example_branch_datetime_operator_2 to 2022-12-24T00:00:00+00:00, run_after=2022-12-25T00:00:00+00:00
[2022-12-25T15:42:50.980+0000] {logging_mixin.py:137} INFO - [2022-12-25T15:42:50.980+0000] {dag.py:3427} INFO - Setting next_dagrun for example_branch_datetime_operator_3 to 2022-12-24T00:00:00+00:00, run_after=2022-12-25T00:00:00+00:00
[2022-12-25T15:42:50.999+0000] {processor.py:175} INFO - Processing /home/airflow/.local/lib/python3.7/site-packages/airflow/example_dags/example_branch_datetime_operator.py took 0.125 seconds
[2022-12-25T15:43:21.656+0000] {processor.py:153} INFO - Started process (PID=5402) to work on /home/airflow/.local/lib/python3.7/site-packages/airflow/example_dags/example_branch_datetime_operator.py
[2022-12-25T15:43:21.664+0000] {processor.py:743} INFO - Processing file /home/airflow/.local/lib/python3.7/site-packages/airflow/example_dags/example_branch_datetime_operator.py for tasks to queue
[2022-12-25T15:43:21.665+0000] {logging_mixin.py:137} INFO - [2022-12-25T15:43:21.664+0000] {dagbag.py:538} INFO - Filling up the DagBag from /home/airflow/.local/lib/python3.7/site-packages/airflow/example_dags/example_branch_datetime_operator.py
[2022-12-25T15:43:21.682+0000] {processor.py:753} INFO - DAG(s) dict_keys(['example_branch_datetime_operator_3', 'example_branch_datetime_operator_2', 'example_branch_datetime_operator']) retrieved from /home/airflow/.local/lib/python3.7/site-packages/airflow/example_dags/example_branch_datetime_operator.py
[2022-12-25T15:43:21.725+0000] {logging_mixin.py:137} INFO - [2022-12-25T15:43:21.725+0000] {dag.py:2676} INFO - Sync 3 DAGs
[2022-12-25T15:43:21.750+0000] {logging_mixin.py:137} INFO - [2022-12-25T15:43:21.750+0000] {dag.py:3427} INFO - Setting next_dagrun for example_branch_datetime_operator to 2022-12-24T00:00:00+00:00, run_after=2022-12-25T00:00:00+00:00
[2022-12-25T15:43:21.755+0000] {logging_mixin.py:137} INFO - [2022-12-25T15:43:21.754+0000] {dag.py:3427} INFO - Setting next_dagrun for example_branch_datetime_operator_2 to 2022-12-24T00:00:00+00:00, run_after=2022-12-25T00:00:00+00:00
[2022-12-25T15:43:21.758+0000] {logging_mixin.py:137} INFO - [2022-12-25T15:43:21.758+0000] {dag.py:3427} INFO - Setting next_dagrun for example_branch_datetime_operator_3 to 2022-12-24T00:00:00+00:00, run_after=2022-12-25T00:00:00+00:00
[2022-12-25T15:43:21.777+0000] {processor.py:175} INFO - Processing /home/airflow/.local/lib/python3.7/site-packages/airflow/example_dags/example_branch_datetime_operator.py took 0.123 seconds
[2022-12-25T15:43:51.836+0000] {processor.py:153} INFO - Started process (PID=5653) to work on /home/airflow/.local/lib/python3.7/site-packages/airflow/example_dags/example_branch_datetime_operator.py
[2022-12-25T15:43:51.844+0000] {processor.py:743} INFO - Processing file /home/airflow/.local/lib/python3.7/site-packages/airflow/example_dags/example_branch_datetime_operator.py for tasks to queue
[2022-12-25T15:43:51.844+0000] {logging_mixin.py:137} INFO - [2022-12-25T15:43:51.844+0000] {dagbag.py:538} INFO - Filling up the DagBag from /home/airflow/.local/lib/python3.7/site-packages/airflow/example_dags/example_branch_datetime_operator.py
[2022-12-25T15:43:51.861+0000] {processor.py:753} INFO - DAG(s) dict_keys(['example_branch_datetime_operator_3', 'example_branch_datetime_operator_2', 'example_branch_datetime_operator']) retrieved from /home/airflow/.local/lib/python3.7/site-packages/airflow/example_dags/example_branch_datetime_operator.py
[2022-12-25T15:43:51.902+0000] {logging_mixin.py:137} INFO - [2022-12-25T15:43:51.902+0000] {dag.py:2676} INFO - Sync 3 DAGs
[2022-12-25T15:43:51.927+0000] {logging_mixin.py:137} INFO - [2022-12-25T15:43:51.927+0000] {dag.py:3427} INFO - Setting next_dagrun for example_branch_datetime_operator to 2022-12-24T00:00:00+00:00, run_after=2022-12-25T00:00:00+00:00
[2022-12-25T15:43:51.932+0000] {logging_mixin.py:137} INFO - [2022-12-25T15:43:51.932+0000] {dag.py:3427} INFO - Setting next_dagrun for example_branch_datetime_operator_2 to 2022-12-24T00:00:00+00:00, run_after=2022-12-25T00:00:00+00:00
[2022-12-25T15:43:51.934+0000] {logging_mixin.py:137} INFO - [2022-12-25T15:43:51.934+0000] {dag.py:3427} INFO - Setting next_dagrun for example_branch_datetime_operator_3 to 2022-12-24T00:00:00+00:00, run_after=2022-12-25T00:00:00+00:00
[2022-12-25T15:43:51.952+0000] {processor.py:175} INFO - Processing /home/airflow/.local/lib/python3.7/site-packages/airflow/example_dags/example_branch_datetime_operator.py took 0.119 seconds
[2022-12-25T15:44:22.587+0000] {processor.py:153} INFO - Started process (PID=5883) to work on /home/airflow/.local/lib/python3.7/site-packages/airflow/example_dags/example_branch_datetime_operator.py
[2022-12-25T15:44:22.595+0000] {processor.py:743} INFO - Processing file /home/airflow/.local/lib/python3.7/site-packages/airflow/example_dags/example_branch_datetime_operator.py for tasks to queue
[2022-12-25T15:44:22.596+0000] {logging_mixin.py:137} INFO - [2022-12-25T15:44:22.596+0000] {dagbag.py:538} INFO - Filling up the DagBag from /home/airflow/.local/lib/python3.7/site-packages/airflow/example_dags/example_branch_datetime_operator.py
[2022-12-25T15:44:22.613+0000] {processor.py:753} INFO - DAG(s) dict_keys(['example_branch_datetime_operator', 'example_branch_datetime_operator_2', 'example_branch_datetime_operator_3']) retrieved from /home/airflow/.local/lib/python3.7/site-packages/airflow/example_dags/example_branch_datetime_operator.py
[2022-12-25T15:44:22.657+0000] {logging_mixin.py:137} INFO - [2022-12-25T15:44:22.657+0000] {dag.py:2676} INFO - Sync 3 DAGs
[2022-12-25T15:44:22.683+0000] {logging_mixin.py:137} INFO - [2022-12-25T15:44:22.683+0000] {dag.py:3427} INFO - Setting next_dagrun for example_branch_datetime_operator to 2022-12-24T00:00:00+00:00, run_after=2022-12-25T00:00:00+00:00
[2022-12-25T15:44:22.691+0000] {logging_mixin.py:137} INFO - [2022-12-25T15:44:22.691+0000] {dag.py:3427} INFO - Setting next_dagrun for example_branch_datetime_operator_2 to 2022-12-24T00:00:00+00:00, run_after=2022-12-25T00:00:00+00:00
[2022-12-25T15:44:22.694+0000] {logging_mixin.py:137} INFO - [2022-12-25T15:44:22.693+0000] {dag.py:3427} INFO - Setting next_dagrun for example_branch_datetime_operator_3 to 2022-12-24T00:00:00+00:00, run_after=2022-12-25T00:00:00+00:00
[2022-12-25T15:44:22.715+0000] {processor.py:175} INFO - Processing /home/airflow/.local/lib/python3.7/site-packages/airflow/example_dags/example_branch_datetime_operator.py took 0.131 seconds
[2022-12-25T15:44:53.564+0000] {processor.py:153} INFO - Started process (PID=6133) to work on /home/airflow/.local/lib/python3.7/site-packages/airflow/example_dags/example_branch_datetime_operator.py
[2022-12-25T15:44:53.572+0000] {processor.py:743} INFO - Processing file /home/airflow/.local/lib/python3.7/site-packages/airflow/example_dags/example_branch_datetime_operator.py for tasks to queue
[2022-12-25T15:44:53.573+0000] {logging_mixin.py:137} INFO - [2022-12-25T15:44:53.573+0000] {dagbag.py:538} INFO - Filling up the DagBag from /home/airflow/.local/lib/python3.7/site-packages/airflow/example_dags/example_branch_datetime_operator.py
[2022-12-25T15:44:53.591+0000] {processor.py:753} INFO - DAG(s) dict_keys(['example_branch_datetime_operator_3', 'example_branch_datetime_operator_2', 'example_branch_datetime_operator']) retrieved from /home/airflow/.local/lib/python3.7/site-packages/airflow/example_dags/example_branch_datetime_operator.py
[2022-12-25T15:44:53.634+0000] {logging_mixin.py:137} INFO - [2022-12-25T15:44:53.634+0000] {dag.py:2676} INFO - Sync 3 DAGs
[2022-12-25T15:44:53.663+0000] {logging_mixin.py:137} INFO - [2022-12-25T15:44:53.663+0000] {dag.py:3427} INFO - Setting next_dagrun for example_branch_datetime_operator to 2022-12-24T00:00:00+00:00, run_after=2022-12-25T00:00:00+00:00
[2022-12-25T15:44:53.668+0000] {logging_mixin.py:137} INFO - [2022-12-25T15:44:53.668+0000] {dag.py:3427} INFO - Setting next_dagrun for example_branch_datetime_operator_2 to 2022-12-24T00:00:00+00:00, run_after=2022-12-25T00:00:00+00:00
[2022-12-25T15:44:53.670+0000] {logging_mixin.py:137} INFO - [2022-12-25T15:44:53.670+0000] {dag.py:3427} INFO - Setting next_dagrun for example_branch_datetime_operator_3 to 2022-12-24T00:00:00+00:00, run_after=2022-12-25T00:00:00+00:00
[2022-12-25T15:44:53.691+0000] {processor.py:175} INFO - Processing /home/airflow/.local/lib/python3.7/site-packages/airflow/example_dags/example_branch_datetime_operator.py took 0.131 seconds
[2022-12-25T15:45:24.481+0000] {processor.py:153} INFO - Started process (PID=6363) to work on /home/airflow/.local/lib/python3.7/site-packages/airflow/example_dags/example_branch_datetime_operator.py
[2022-12-25T15:45:24.482+0000] {processor.py:743} INFO - Processing file /home/airflow/.local/lib/python3.7/site-packages/airflow/example_dags/example_branch_datetime_operator.py for tasks to queue
[2022-12-25T15:45:24.483+0000] {logging_mixin.py:137} INFO - [2022-12-25T15:45:24.482+0000] {dagbag.py:538} INFO - Filling up the DagBag from /home/airflow/.local/lib/python3.7/site-packages/airflow/example_dags/example_branch_datetime_operator.py
[2022-12-25T15:45:24.499+0000] {processor.py:753} INFO - DAG(s) dict_keys(['example_branch_datetime_operator', 'example_branch_datetime_operator_3', 'example_branch_datetime_operator_2']) retrieved from /home/airflow/.local/lib/python3.7/site-packages/airflow/example_dags/example_branch_datetime_operator.py
[2022-12-25T15:45:24.544+0000] {logging_mixin.py:137} INFO - [2022-12-25T15:45:24.544+0000] {dag.py:2676} INFO - Sync 3 DAGs
[2022-12-25T15:45:24.571+0000] {logging_mixin.py:137} INFO - [2022-12-25T15:45:24.571+0000] {dag.py:3427} INFO - Setting next_dagrun for example_branch_datetime_operator to 2022-12-24T00:00:00+00:00, run_after=2022-12-25T00:00:00+00:00
[2022-12-25T15:45:24.577+0000] {logging_mixin.py:137} INFO - [2022-12-25T15:45:24.577+0000] {dag.py:3427} INFO - Setting next_dagrun for example_branch_datetime_operator_2 to 2022-12-24T00:00:00+00:00, run_after=2022-12-25T00:00:00+00:00
[2022-12-25T15:45:24.580+0000] {logging_mixin.py:137} INFO - [2022-12-25T15:45:24.580+0000] {dag.py:3427} INFO - Setting next_dagrun for example_branch_datetime_operator_3 to 2022-12-24T00:00:00+00:00, run_after=2022-12-25T00:00:00+00:00
[2022-12-25T15:45:24.600+0000] {processor.py:175} INFO - Processing /home/airflow/.local/lib/python3.7/site-packages/airflow/example_dags/example_branch_datetime_operator.py took 0.123 seconds
[2022-12-25T15:45:54.695+0000] {processor.py:153} INFO - Started process (PID=6602) to work on /home/airflow/.local/lib/python3.7/site-packages/airflow/example_dags/example_branch_datetime_operator.py
[2022-12-25T15:45:54.697+0000] {processor.py:743} INFO - Processing file /home/airflow/.local/lib/python3.7/site-packages/airflow/example_dags/example_branch_datetime_operator.py for tasks to queue
[2022-12-25T15:45:54.698+0000] {logging_mixin.py:137} INFO - [2022-12-25T15:45:54.698+0000] {dagbag.py:538} INFO - Filling up the DagBag from /home/airflow/.local/lib/python3.7/site-packages/airflow/example_dags/example_branch_datetime_operator.py
[2022-12-25T15:45:54.726+0000] {processor.py:753} INFO - DAG(s) dict_keys(['example_branch_datetime_operator_3', 'example_branch_datetime_operator', 'example_branch_datetime_operator_2']) retrieved from /home/airflow/.local/lib/python3.7/site-packages/airflow/example_dags/example_branch_datetime_operator.py
[2022-12-25T15:45:54.784+0000] {logging_mixin.py:137} INFO - [2022-12-25T15:45:54.784+0000] {dag.py:2676} INFO - Sync 3 DAGs
[2022-12-25T15:45:54.817+0000] {logging_mixin.py:137} INFO - [2022-12-25T15:45:54.817+0000] {dag.py:3427} INFO - Setting next_dagrun for example_branch_datetime_operator to 2022-12-24T00:00:00+00:00, run_after=2022-12-25T00:00:00+00:00
[2022-12-25T15:45:54.830+0000] {logging_mixin.py:137} INFO - [2022-12-25T15:45:54.828+0000] {dag.py:3427} INFO - Setting next_dagrun for example_branch_datetime_operator_2 to 2022-12-24T00:00:00+00:00, run_after=2022-12-25T00:00:00+00:00
[2022-12-25T15:45:54.836+0000] {logging_mixin.py:137} INFO - [2022-12-25T15:45:54.835+0000] {dag.py:3427} INFO - Setting next_dagrun for example_branch_datetime_operator_3 to 2022-12-24T00:00:00+00:00, run_after=2022-12-25T00:00:00+00:00
[2022-12-25T15:45:54.882+0000] {processor.py:175} INFO - Processing /home/airflow/.local/lib/python3.7/site-packages/airflow/example_dags/example_branch_datetime_operator.py took 0.192 seconds
[2022-12-25T15:46:25.036+0000] {processor.py:153} INFO - Started process (PID=6843) to work on /home/airflow/.local/lib/python3.7/site-packages/airflow/example_dags/example_branch_datetime_operator.py
[2022-12-25T15:46:25.037+0000] {processor.py:743} INFO - Processing file /home/airflow/.local/lib/python3.7/site-packages/airflow/example_dags/example_branch_datetime_operator.py for tasks to queue
[2022-12-25T15:46:25.038+0000] {logging_mixin.py:137} INFO - [2022-12-25T15:46:25.038+0000] {dagbag.py:538} INFO - Filling up the DagBag from /home/airflow/.local/lib/python3.7/site-packages/airflow/example_dags/example_branch_datetime_operator.py
[2022-12-25T15:46:25.054+0000] {processor.py:753} INFO - DAG(s) dict_keys(['example_branch_datetime_operator', 'example_branch_datetime_operator_2', 'example_branch_datetime_operator_3']) retrieved from /home/airflow/.local/lib/python3.7/site-packages/airflow/example_dags/example_branch_datetime_operator.py
[2022-12-25T15:46:25.097+0000] {logging_mixin.py:137} INFO - [2022-12-25T15:46:25.097+0000] {dag.py:2676} INFO - Sync 3 DAGs
[2022-12-25T15:46:25.123+0000] {logging_mixin.py:137} INFO - [2022-12-25T15:46:25.123+0000] {dag.py:3427} INFO - Setting next_dagrun for example_branch_datetime_operator to 2022-12-24T00:00:00+00:00, run_after=2022-12-25T00:00:00+00:00
[2022-12-25T15:46:25.129+0000] {logging_mixin.py:137} INFO - [2022-12-25T15:46:25.129+0000] {dag.py:3427} INFO - Setting next_dagrun for example_branch_datetime_operator_2 to 2022-12-24T00:00:00+00:00, run_after=2022-12-25T00:00:00+00:00
[2022-12-25T15:46:25.131+0000] {logging_mixin.py:137} INFO - [2022-12-25T15:46:25.131+0000] {dag.py:3427} INFO - Setting next_dagrun for example_branch_datetime_operator_3 to 2022-12-24T00:00:00+00:00, run_after=2022-12-25T00:00:00+00:00
[2022-12-25T15:46:25.154+0000] {processor.py:175} INFO - Processing /home/airflow/.local/lib/python3.7/site-packages/airflow/example_dags/example_branch_datetime_operator.py took 0.121 seconds
[2022-12-25T15:46:55.300+0000] {processor.py:153} INFO - Started process (PID=7073) to work on /home/airflow/.local/lib/python3.7/site-packages/airflow/example_dags/example_branch_datetime_operator.py
[2022-12-25T15:46:55.302+0000] {processor.py:743} INFO - Processing file /home/airflow/.local/lib/python3.7/site-packages/airflow/example_dags/example_branch_datetime_operator.py for tasks to queue
[2022-12-25T15:46:55.302+0000] {logging_mixin.py:137} INFO - [2022-12-25T15:46:55.302+0000] {dagbag.py:538} INFO - Filling up the DagBag from /home/airflow/.local/lib/python3.7/site-packages/airflow/example_dags/example_branch_datetime_operator.py
[2022-12-25T15:46:55.321+0000] {processor.py:753} INFO - DAG(s) dict_keys(['example_branch_datetime_operator', 'example_branch_datetime_operator_3', 'example_branch_datetime_operator_2']) retrieved from /home/airflow/.local/lib/python3.7/site-packages/airflow/example_dags/example_branch_datetime_operator.py
[2022-12-25T15:46:55.370+0000] {logging_mixin.py:137} INFO - [2022-12-25T15:46:55.370+0000] {dag.py:2676} INFO - Sync 3 DAGs
[2022-12-25T15:46:55.404+0000] {logging_mixin.py:137} INFO - [2022-12-25T15:46:55.404+0000] {dag.py:3427} INFO - Setting next_dagrun for example_branch_datetime_operator to 2022-12-24T00:00:00+00:00, run_after=2022-12-25T00:00:00+00:00
[2022-12-25T15:46:55.410+0000] {logging_mixin.py:137} INFO - [2022-12-25T15:46:55.410+0000] {dag.py:3427} INFO - Setting next_dagrun for example_branch_datetime_operator_2 to 2022-12-24T00:00:00+00:00, run_after=2022-12-25T00:00:00+00:00
[2022-12-25T15:46:55.413+0000] {logging_mixin.py:137} INFO - [2022-12-25T15:46:55.413+0000] {dag.py:3427} INFO - Setting next_dagrun for example_branch_datetime_operator_3 to 2022-12-24T00:00:00+00:00, run_after=2022-12-25T00:00:00+00:00
[2022-12-25T15:46:55.434+0000] {processor.py:175} INFO - Processing /home/airflow/.local/lib/python3.7/site-packages/airflow/example_dags/example_branch_datetime_operator.py took 0.137 seconds
[2022-12-25T15:47:26.003+0000] {processor.py:153} INFO - Started process (PID=7324) to work on /home/airflow/.local/lib/python3.7/site-packages/airflow/example_dags/example_branch_datetime_operator.py
[2022-12-25T15:47:26.007+0000] {processor.py:743} INFO - Processing file /home/airflow/.local/lib/python3.7/site-packages/airflow/example_dags/example_branch_datetime_operator.py for tasks to queue
[2022-12-25T15:47:26.009+0000] {logging_mixin.py:137} INFO - [2022-12-25T15:47:26.009+0000] {dagbag.py:538} INFO - Filling up the DagBag from /home/airflow/.local/lib/python3.7/site-packages/airflow/example_dags/example_branch_datetime_operator.py
[2022-12-25T15:47:26.081+0000] {processor.py:753} INFO - DAG(s) dict_keys(['example_branch_datetime_operator_3', 'example_branch_datetime_operator', 'example_branch_datetime_operator_2']) retrieved from /home/airflow/.local/lib/python3.7/site-packages/airflow/example_dags/example_branch_datetime_operator.py
[2022-12-25T15:47:26.338+0000] {logging_mixin.py:137} INFO - [2022-12-25T15:47:26.336+0000] {dag.py:2676} INFO - Sync 3 DAGs
[2022-12-25T15:47:26.420+0000] {logging_mixin.py:137} INFO - [2022-12-25T15:47:26.419+0000] {dag.py:3427} INFO - Setting next_dagrun for example_branch_datetime_operator to 2022-12-24T00:00:00+00:00, run_after=2022-12-25T00:00:00+00:00
[2022-12-25T15:47:26.437+0000] {logging_mixin.py:137} INFO - [2022-12-25T15:47:26.437+0000] {dag.py:3427} INFO - Setting next_dagrun for example_branch_datetime_operator_2 to 2022-12-24T00:00:00+00:00, run_after=2022-12-25T00:00:00+00:00
[2022-12-25T15:47:26.446+0000] {logging_mixin.py:137} INFO - [2022-12-25T15:47:26.446+0000] {dag.py:3427} INFO - Setting next_dagrun for example_branch_datetime_operator_3 to 2022-12-24T00:00:00+00:00, run_after=2022-12-25T00:00:00+00:00
[2022-12-25T15:47:26.596+0000] {processor.py:175} INFO - Processing /home/airflow/.local/lib/python3.7/site-packages/airflow/example_dags/example_branch_datetime_operator.py took 0.598 seconds
[2022-12-25T15:47:57.122+0000] {processor.py:153} INFO - Started process (PID=7554) to work on /home/airflow/.local/lib/python3.7/site-packages/airflow/example_dags/example_branch_datetime_operator.py
[2022-12-25T15:47:57.124+0000] {processor.py:743} INFO - Processing file /home/airflow/.local/lib/python3.7/site-packages/airflow/example_dags/example_branch_datetime_operator.py for tasks to queue
[2022-12-25T15:47:57.124+0000] {logging_mixin.py:137} INFO - [2022-12-25T15:47:57.124+0000] {dagbag.py:538} INFO - Filling up the DagBag from /home/airflow/.local/lib/python3.7/site-packages/airflow/example_dags/example_branch_datetime_operator.py
[2022-12-25T15:47:57.157+0000] {processor.py:753} INFO - DAG(s) dict_keys(['example_branch_datetime_operator_2', 'example_branch_datetime_operator_3', 'example_branch_datetime_operator']) retrieved from /home/airflow/.local/lib/python3.7/site-packages/airflow/example_dags/example_branch_datetime_operator.py
[2022-12-25T15:47:57.217+0000] {logging_mixin.py:137} INFO - [2022-12-25T15:47:57.217+0000] {dag.py:2676} INFO - Sync 3 DAGs
[2022-12-25T15:47:57.246+0000] {logging_mixin.py:137} INFO - [2022-12-25T15:47:57.246+0000] {dag.py:3427} INFO - Setting next_dagrun for example_branch_datetime_operator to 2022-12-24T00:00:00+00:00, run_after=2022-12-25T00:00:00+00:00
[2022-12-25T15:47:57.251+0000] {logging_mixin.py:137} INFO - [2022-12-25T15:47:57.251+0000] {dag.py:3427} INFO - Setting next_dagrun for example_branch_datetime_operator_2 to 2022-12-24T00:00:00+00:00, run_after=2022-12-25T00:00:00+00:00
[2022-12-25T15:47:57.254+0000] {logging_mixin.py:137} INFO - [2022-12-25T15:47:57.254+0000] {dag.py:3427} INFO - Setting next_dagrun for example_branch_datetime_operator_3 to 2022-12-24T00:00:00+00:00, run_after=2022-12-25T00:00:00+00:00
[2022-12-25T15:47:57.277+0000] {processor.py:175} INFO - Processing /home/airflow/.local/lib/python3.7/site-packages/airflow/example_dags/example_branch_datetime_operator.py took 0.158 seconds
[2022-12-25T15:48:27.570+0000] {processor.py:153} INFO - Started process (PID=7784) to work on /home/airflow/.local/lib/python3.7/site-packages/airflow/example_dags/example_branch_datetime_operator.py
[2022-12-25T15:48:27.571+0000] {processor.py:743} INFO - Processing file /home/airflow/.local/lib/python3.7/site-packages/airflow/example_dags/example_branch_datetime_operator.py for tasks to queue
[2022-12-25T15:48:27.572+0000] {logging_mixin.py:137} INFO - [2022-12-25T15:48:27.572+0000] {dagbag.py:538} INFO - Filling up the DagBag from /home/airflow/.local/lib/python3.7/site-packages/airflow/example_dags/example_branch_datetime_operator.py
[2022-12-25T15:48:27.588+0000] {processor.py:753} INFO - DAG(s) dict_keys(['example_branch_datetime_operator', 'example_branch_datetime_operator_3', 'example_branch_datetime_operator_2']) retrieved from /home/airflow/.local/lib/python3.7/site-packages/airflow/example_dags/example_branch_datetime_operator.py
[2022-12-25T15:48:27.641+0000] {logging_mixin.py:137} INFO - [2022-12-25T15:48:27.641+0000] {dag.py:2676} INFO - Sync 3 DAGs
[2022-12-25T15:48:27.680+0000] {logging_mixin.py:137} INFO - [2022-12-25T15:48:27.680+0000] {dag.py:3427} INFO - Setting next_dagrun for example_branch_datetime_operator to 2022-12-24T00:00:00+00:00, run_after=2022-12-25T00:00:00+00:00
[2022-12-25T15:48:27.687+0000] {logging_mixin.py:137} INFO - [2022-12-25T15:48:27.686+0000] {dag.py:3427} INFO - Setting next_dagrun for example_branch_datetime_operator_2 to 2022-12-24T00:00:00+00:00, run_after=2022-12-25T00:00:00+00:00
[2022-12-25T15:48:27.693+0000] {logging_mixin.py:137} INFO - [2022-12-25T15:48:27.693+0000] {dag.py:3427} INFO - Setting next_dagrun for example_branch_datetime_operator_3 to 2022-12-24T00:00:00+00:00, run_after=2022-12-25T00:00:00+00:00
[2022-12-25T15:48:27.725+0000] {processor.py:175} INFO - Processing /home/airflow/.local/lib/python3.7/site-packages/airflow/example_dags/example_branch_datetime_operator.py took 0.158 seconds
[2022-12-25T15:48:57.869+0000] {processor.py:153} INFO - Started process (PID=8034) to work on /home/airflow/.local/lib/python3.7/site-packages/airflow/example_dags/example_branch_datetime_operator.py
[2022-12-25T15:48:57.870+0000] {processor.py:743} INFO - Processing file /home/airflow/.local/lib/python3.7/site-packages/airflow/example_dags/example_branch_datetime_operator.py for tasks to queue
[2022-12-25T15:48:57.871+0000] {logging_mixin.py:137} INFO - [2022-12-25T15:48:57.870+0000] {dagbag.py:538} INFO - Filling up the DagBag from /home/airflow/.local/lib/python3.7/site-packages/airflow/example_dags/example_branch_datetime_operator.py
[2022-12-25T15:48:57.895+0000] {processor.py:753} INFO - DAG(s) dict_keys(['example_branch_datetime_operator', 'example_branch_datetime_operator_3', 'example_branch_datetime_operator_2']) retrieved from /home/airflow/.local/lib/python3.7/site-packages/airflow/example_dags/example_branch_datetime_operator.py
[2022-12-25T15:48:57.956+0000] {logging_mixin.py:137} INFO - [2022-12-25T15:48:57.955+0000] {dag.py:2676} INFO - Sync 3 DAGs
[2022-12-25T15:48:58.018+0000] {logging_mixin.py:137} INFO - [2022-12-25T15:48:58.017+0000] {dag.py:3427} INFO - Setting next_dagrun for example_branch_datetime_operator to 2022-12-24T00:00:00+00:00, run_after=2022-12-25T00:00:00+00:00
[2022-12-25T15:48:58.031+0000] {logging_mixin.py:137} INFO - [2022-12-25T15:48:58.031+0000] {dag.py:3427} INFO - Setting next_dagrun for example_branch_datetime_operator_2 to 2022-12-24T00:00:00+00:00, run_after=2022-12-25T00:00:00+00:00
[2022-12-25T15:48:58.038+0000] {logging_mixin.py:137} INFO - [2022-12-25T15:48:58.038+0000] {dag.py:3427} INFO - Setting next_dagrun for example_branch_datetime_operator_3 to 2022-12-24T00:00:00+00:00, run_after=2022-12-25T00:00:00+00:00
[2022-12-25T15:48:58.110+0000] {processor.py:175} INFO - Processing /home/airflow/.local/lib/python3.7/site-packages/airflow/example_dags/example_branch_datetime_operator.py took 0.259 seconds
[2022-12-25T15:49:28.237+0000] {processor.py:153} INFO - Started process (PID=8266) to work on /home/airflow/.local/lib/python3.7/site-packages/airflow/example_dags/example_branch_datetime_operator.py
[2022-12-25T15:49:28.238+0000] {processor.py:743} INFO - Processing file /home/airflow/.local/lib/python3.7/site-packages/airflow/example_dags/example_branch_datetime_operator.py for tasks to queue
[2022-12-25T15:49:28.239+0000] {logging_mixin.py:137} INFO - [2022-12-25T15:49:28.239+0000] {dagbag.py:538} INFO - Filling up the DagBag from /home/airflow/.local/lib/python3.7/site-packages/airflow/example_dags/example_branch_datetime_operator.py
[2022-12-25T15:49:28.253+0000] {processor.py:753} INFO - DAG(s) dict_keys(['example_branch_datetime_operator_2', 'example_branch_datetime_operator', 'example_branch_datetime_operator_3']) retrieved from /home/airflow/.local/lib/python3.7/site-packages/airflow/example_dags/example_branch_datetime_operator.py
[2022-12-25T15:49:28.294+0000] {logging_mixin.py:137} INFO - [2022-12-25T15:49:28.294+0000] {dag.py:2676} INFO - Sync 3 DAGs
[2022-12-25T15:49:28.319+0000] {logging_mixin.py:137} INFO - [2022-12-25T15:49:28.319+0000] {dag.py:3427} INFO - Setting next_dagrun for example_branch_datetime_operator to 2022-12-24T00:00:00+00:00, run_after=2022-12-25T00:00:00+00:00
[2022-12-25T15:49:28.323+0000] {logging_mixin.py:137} INFO - [2022-12-25T15:49:28.323+0000] {dag.py:3427} INFO - Setting next_dagrun for example_branch_datetime_operator_2 to 2022-12-24T00:00:00+00:00, run_after=2022-12-25T00:00:00+00:00
[2022-12-25T15:49:28.325+0000] {logging_mixin.py:137} INFO - [2022-12-25T15:49:28.325+0000] {dag.py:3427} INFO - Setting next_dagrun for example_branch_datetime_operator_3 to 2022-12-24T00:00:00+00:00, run_after=2022-12-25T00:00:00+00:00
[2022-12-25T15:49:28.341+0000] {processor.py:175} INFO - Processing /home/airflow/.local/lib/python3.7/site-packages/airflow/example_dags/example_branch_datetime_operator.py took 0.108 seconds
[2022-12-25T15:49:58.480+0000] {processor.py:153} INFO - Started process (PID=8494) to work on /home/airflow/.local/lib/python3.7/site-packages/airflow/example_dags/example_branch_datetime_operator.py
[2022-12-25T15:49:58.487+0000] {processor.py:743} INFO - Processing file /home/airflow/.local/lib/python3.7/site-packages/airflow/example_dags/example_branch_datetime_operator.py for tasks to queue
[2022-12-25T15:49:58.488+0000] {logging_mixin.py:137} INFO - [2022-12-25T15:49:58.488+0000] {dagbag.py:538} INFO - Filling up the DagBag from /home/airflow/.local/lib/python3.7/site-packages/airflow/example_dags/example_branch_datetime_operator.py
[2022-12-25T15:49:58.504+0000] {processor.py:753} INFO - DAG(s) dict_keys(['example_branch_datetime_operator_2', 'example_branch_datetime_operator_3', 'example_branch_datetime_operator']) retrieved from /home/airflow/.local/lib/python3.7/site-packages/airflow/example_dags/example_branch_datetime_operator.py
[2022-12-25T15:49:58.545+0000] {logging_mixin.py:137} INFO - [2022-12-25T15:49:58.545+0000] {dag.py:2676} INFO - Sync 3 DAGs
[2022-12-25T15:49:58.573+0000] {logging_mixin.py:137} INFO - [2022-12-25T15:49:58.572+0000] {dag.py:3427} INFO - Setting next_dagrun for example_branch_datetime_operator to 2022-12-24T00:00:00+00:00, run_after=2022-12-25T00:00:00+00:00
[2022-12-25T15:49:58.580+0000] {logging_mixin.py:137} INFO - [2022-12-25T15:49:58.580+0000] {dag.py:3427} INFO - Setting next_dagrun for example_branch_datetime_operator_2 to 2022-12-24T00:00:00+00:00, run_after=2022-12-25T00:00:00+00:00
[2022-12-25T15:49:58.583+0000] {logging_mixin.py:137} INFO - [2022-12-25T15:49:58.583+0000] {dag.py:3427} INFO - Setting next_dagrun for example_branch_datetime_operator_3 to 2022-12-24T00:00:00+00:00, run_after=2022-12-25T00:00:00+00:00
[2022-12-25T15:49:58.606+0000] {processor.py:175} INFO - Processing /home/airflow/.local/lib/python3.7/site-packages/airflow/example_dags/example_branch_datetime_operator.py took 0.129 seconds
[2022-12-25T15:50:28.733+0000] {processor.py:153} INFO - Started process (PID=8744) to work on /home/airflow/.local/lib/python3.7/site-packages/airflow/example_dags/example_branch_datetime_operator.py
[2022-12-25T15:50:28.741+0000] {processor.py:743} INFO - Processing file /home/airflow/.local/lib/python3.7/site-packages/airflow/example_dags/example_branch_datetime_operator.py for tasks to queue
[2022-12-25T15:50:28.742+0000] {logging_mixin.py:137} INFO - [2022-12-25T15:50:28.742+0000] {dagbag.py:538} INFO - Filling up the DagBag from /home/airflow/.local/lib/python3.7/site-packages/airflow/example_dags/example_branch_datetime_operator.py
[2022-12-25T15:50:28.760+0000] {processor.py:753} INFO - DAG(s) dict_keys(['example_branch_datetime_operator_2', 'example_branch_datetime_operator_3', 'example_branch_datetime_operator']) retrieved from /home/airflow/.local/lib/python3.7/site-packages/airflow/example_dags/example_branch_datetime_operator.py
[2022-12-25T15:50:28.819+0000] {logging_mixin.py:137} INFO - [2022-12-25T15:50:28.819+0000] {dag.py:2676} INFO - Sync 3 DAGs
[2022-12-25T15:50:28.875+0000] {logging_mixin.py:137} INFO - [2022-12-25T15:50:28.875+0000] {dag.py:3427} INFO - Setting next_dagrun for example_branch_datetime_operator to 2022-12-24T00:00:00+00:00, run_after=2022-12-25T00:00:00+00:00
[2022-12-25T15:50:28.884+0000] {logging_mixin.py:137} INFO - [2022-12-25T15:50:28.884+0000] {dag.py:3427} INFO - Setting next_dagrun for example_branch_datetime_operator_2 to 2022-12-24T00:00:00+00:00, run_after=2022-12-25T00:00:00+00:00
[2022-12-25T15:50:28.887+0000] {logging_mixin.py:137} INFO - [2022-12-25T15:50:28.887+0000] {dag.py:3427} INFO - Setting next_dagrun for example_branch_datetime_operator_3 to 2022-12-24T00:00:00+00:00, run_after=2022-12-25T00:00:00+00:00
[2022-12-25T15:50:28.913+0000] {processor.py:175} INFO - Processing /home/airflow/.local/lib/python3.7/site-packages/airflow/example_dags/example_branch_datetime_operator.py took 0.182 seconds
[2022-12-25T15:50:59.111+0000] {processor.py:153} INFO - Started process (PID=8974) to work on /home/airflow/.local/lib/python3.7/site-packages/airflow/example_dags/example_branch_datetime_operator.py
[2022-12-25T15:50:59.113+0000] {processor.py:743} INFO - Processing file /home/airflow/.local/lib/python3.7/site-packages/airflow/example_dags/example_branch_datetime_operator.py for tasks to queue
[2022-12-25T15:50:59.113+0000] {logging_mixin.py:137} INFO - [2022-12-25T15:50:59.113+0000] {dagbag.py:538} INFO - Filling up the DagBag from /home/airflow/.local/lib/python3.7/site-packages/airflow/example_dags/example_branch_datetime_operator.py
[2022-12-25T15:50:59.134+0000] {processor.py:753} INFO - DAG(s) dict_keys(['example_branch_datetime_operator_2', 'example_branch_datetime_operator_3', 'example_branch_datetime_operator']) retrieved from /home/airflow/.local/lib/python3.7/site-packages/airflow/example_dags/example_branch_datetime_operator.py
[2022-12-25T15:50:59.182+0000] {logging_mixin.py:137} INFO - [2022-12-25T15:50:59.182+0000] {dag.py:2676} INFO - Sync 3 DAGs
[2022-12-25T15:50:59.215+0000] {logging_mixin.py:137} INFO - [2022-12-25T15:50:59.214+0000] {dag.py:3427} INFO - Setting next_dagrun for example_branch_datetime_operator to 2022-12-24T00:00:00+00:00, run_after=2022-12-25T00:00:00+00:00
[2022-12-25T15:50:59.220+0000] {logging_mixin.py:137} INFO - [2022-12-25T15:50:59.220+0000] {dag.py:3427} INFO - Setting next_dagrun for example_branch_datetime_operator_2 to 2022-12-24T00:00:00+00:00, run_after=2022-12-25T00:00:00+00:00
[2022-12-25T15:50:59.223+0000] {logging_mixin.py:137} INFO - [2022-12-25T15:50:59.223+0000] {dag.py:3427} INFO - Setting next_dagrun for example_branch_datetime_operator_3 to 2022-12-24T00:00:00+00:00, run_after=2022-12-25T00:00:00+00:00
[2022-12-25T15:50:59.250+0000] {processor.py:175} INFO - Processing /home/airflow/.local/lib/python3.7/site-packages/airflow/example_dags/example_branch_datetime_operator.py took 0.142 seconds
[2022-12-25T15:51:29.380+0000] {processor.py:153} INFO - Started process (PID=9224) to work on /home/airflow/.local/lib/python3.7/site-packages/airflow/example_dags/example_branch_datetime_operator.py
[2022-12-25T15:51:29.383+0000] {processor.py:743} INFO - Processing file /home/airflow/.local/lib/python3.7/site-packages/airflow/example_dags/example_branch_datetime_operator.py for tasks to queue
[2022-12-25T15:51:29.384+0000] {logging_mixin.py:137} INFO - [2022-12-25T15:51:29.384+0000] {dagbag.py:538} INFO - Filling up the DagBag from /home/airflow/.local/lib/python3.7/site-packages/airflow/example_dags/example_branch_datetime_operator.py
[2022-12-25T15:51:29.422+0000] {processor.py:753} INFO - DAG(s) dict_keys(['example_branch_datetime_operator_3', 'example_branch_datetime_operator_2', 'example_branch_datetime_operator']) retrieved from /home/airflow/.local/lib/python3.7/site-packages/airflow/example_dags/example_branch_datetime_operator.py
[2022-12-25T15:51:29.517+0000] {logging_mixin.py:137} INFO - [2022-12-25T15:51:29.517+0000] {dag.py:2676} INFO - Sync 3 DAGs
[2022-12-25T15:51:29.566+0000] {logging_mixin.py:137} INFO - [2022-12-25T15:51:29.566+0000] {dag.py:3427} INFO - Setting next_dagrun for example_branch_datetime_operator to 2022-12-24T00:00:00+00:00, run_after=2022-12-25T00:00:00+00:00
[2022-12-25T15:51:29.577+0000] {logging_mixin.py:137} INFO - [2022-12-25T15:51:29.577+0000] {dag.py:3427} INFO - Setting next_dagrun for example_branch_datetime_operator_2 to 2022-12-24T00:00:00+00:00, run_after=2022-12-25T00:00:00+00:00
[2022-12-25T15:51:29.582+0000] {logging_mixin.py:137} INFO - [2022-12-25T15:51:29.582+0000] {dag.py:3427} INFO - Setting next_dagrun for example_branch_datetime_operator_3 to 2022-12-24T00:00:00+00:00, run_after=2022-12-25T00:00:00+00:00
[2022-12-25T15:51:29.631+0000] {processor.py:175} INFO - Processing /home/airflow/.local/lib/python3.7/site-packages/airflow/example_dags/example_branch_datetime_operator.py took 0.258 seconds
[2022-12-25T15:51:59.698+0000] {processor.py:153} INFO - Started process (PID=9454) to work on /home/airflow/.local/lib/python3.7/site-packages/airflow/example_dags/example_branch_datetime_operator.py
[2022-12-25T15:51:59.701+0000] {processor.py:743} INFO - Processing file /home/airflow/.local/lib/python3.7/site-packages/airflow/example_dags/example_branch_datetime_operator.py for tasks to queue
[2022-12-25T15:51:59.703+0000] {logging_mixin.py:137} INFO - [2022-12-25T15:51:59.703+0000] {dagbag.py:538} INFO - Filling up the DagBag from /home/airflow/.local/lib/python3.7/site-packages/airflow/example_dags/example_branch_datetime_operator.py
[2022-12-25T15:51:59.724+0000] {processor.py:753} INFO - DAG(s) dict_keys(['example_branch_datetime_operator', 'example_branch_datetime_operator_2', 'example_branch_datetime_operator_3']) retrieved from /home/airflow/.local/lib/python3.7/site-packages/airflow/example_dags/example_branch_datetime_operator.py
[2022-12-25T15:51:59.772+0000] {logging_mixin.py:137} INFO - [2022-12-25T15:51:59.772+0000] {dag.py:2676} INFO - Sync 3 DAGs
[2022-12-25T15:51:59.829+0000] {logging_mixin.py:137} INFO - [2022-12-25T15:51:59.829+0000] {dag.py:3427} INFO - Setting next_dagrun for example_branch_datetime_operator to 2022-12-24T00:00:00+00:00, run_after=2022-12-25T00:00:00+00:00
[2022-12-25T15:51:59.847+0000] {logging_mixin.py:137} INFO - [2022-12-25T15:51:59.847+0000] {dag.py:3427} INFO - Setting next_dagrun for example_branch_datetime_operator_2 to 2022-12-24T00:00:00+00:00, run_after=2022-12-25T00:00:00+00:00
[2022-12-25T15:51:59.850+0000] {logging_mixin.py:137} INFO - [2022-12-25T15:51:59.850+0000] {dag.py:3427} INFO - Setting next_dagrun for example_branch_datetime_operator_3 to 2022-12-24T00:00:00+00:00, run_after=2022-12-25T00:00:00+00:00
[2022-12-25T15:51:59.872+0000] {processor.py:175} INFO - Processing /home/airflow/.local/lib/python3.7/site-packages/airflow/example_dags/example_branch_datetime_operator.py took 0.177 seconds
[2022-12-25T15:52:30.695+0000] {processor.py:153} INFO - Started process (PID=9683) to work on /home/airflow/.local/lib/python3.7/site-packages/airflow/example_dags/example_branch_datetime_operator.py
[2022-12-25T15:52:30.696+0000] {processor.py:743} INFO - Processing file /home/airflow/.local/lib/python3.7/site-packages/airflow/example_dags/example_branch_datetime_operator.py for tasks to queue
[2022-12-25T15:52:30.697+0000] {logging_mixin.py:137} INFO - [2022-12-25T15:52:30.697+0000] {dagbag.py:538} INFO - Filling up the DagBag from /home/airflow/.local/lib/python3.7/site-packages/airflow/example_dags/example_branch_datetime_operator.py
[2022-12-25T15:52:30.720+0000] {processor.py:753} INFO - DAG(s) dict_keys(['example_branch_datetime_operator_3', 'example_branch_datetime_operator_2', 'example_branch_datetime_operator']) retrieved from /home/airflow/.local/lib/python3.7/site-packages/airflow/example_dags/example_branch_datetime_operator.py
[2022-12-25T15:52:30.783+0000] {logging_mixin.py:137} INFO - [2022-12-25T15:52:30.783+0000] {dag.py:2676} INFO - Sync 3 DAGs
[2022-12-25T15:52:30.815+0000] {logging_mixin.py:137} INFO - [2022-12-25T15:52:30.815+0000] {dag.py:3427} INFO - Setting next_dagrun for example_branch_datetime_operator to 2022-12-24T00:00:00+00:00, run_after=2022-12-25T00:00:00+00:00
[2022-12-25T15:52:30.821+0000] {logging_mixin.py:137} INFO - [2022-12-25T15:52:30.821+0000] {dag.py:3427} INFO - Setting next_dagrun for example_branch_datetime_operator_2 to 2022-12-24T00:00:00+00:00, run_after=2022-12-25T00:00:00+00:00
[2022-12-25T15:52:30.823+0000] {logging_mixin.py:137} INFO - [2022-12-25T15:52:30.823+0000] {dag.py:3427} INFO - Setting next_dagrun for example_branch_datetime_operator_3 to 2022-12-24T00:00:00+00:00, run_after=2022-12-25T00:00:00+00:00
[2022-12-25T15:52:30.842+0000] {processor.py:175} INFO - Processing /home/airflow/.local/lib/python3.7/site-packages/airflow/example_dags/example_branch_datetime_operator.py took 0.153 seconds
[2022-12-25T15:53:01.209+0000] {processor.py:153} INFO - Started process (PID=9923) to work on /home/airflow/.local/lib/python3.7/site-packages/airflow/example_dags/example_branch_datetime_operator.py
[2022-12-25T15:53:01.210+0000] {processor.py:743} INFO - Processing file /home/airflow/.local/lib/python3.7/site-packages/airflow/example_dags/example_branch_datetime_operator.py for tasks to queue
[2022-12-25T15:53:01.211+0000] {logging_mixin.py:137} INFO - [2022-12-25T15:53:01.211+0000] {dagbag.py:538} INFO - Filling up the DagBag from /home/airflow/.local/lib/python3.7/site-packages/airflow/example_dags/example_branch_datetime_operator.py
[2022-12-25T15:53:01.230+0000] {processor.py:753} INFO - DAG(s) dict_keys(['example_branch_datetime_operator', 'example_branch_datetime_operator_2', 'example_branch_datetime_operator_3']) retrieved from /home/airflow/.local/lib/python3.7/site-packages/airflow/example_dags/example_branch_datetime_operator.py
[2022-12-25T15:53:01.289+0000] {logging_mixin.py:137} INFO - [2022-12-25T15:53:01.289+0000] {dag.py:2676} INFO - Sync 3 DAGs
[2022-12-25T15:53:01.323+0000] {logging_mixin.py:137} INFO - [2022-12-25T15:53:01.322+0000] {dag.py:3427} INFO - Setting next_dagrun for example_branch_datetime_operator to 2022-12-24T00:00:00+00:00, run_after=2022-12-25T00:00:00+00:00
[2022-12-25T15:53:01.329+0000] {logging_mixin.py:137} INFO - [2022-12-25T15:53:01.329+0000] {dag.py:3427} INFO - Setting next_dagrun for example_branch_datetime_operator_2 to 2022-12-24T00:00:00+00:00, run_after=2022-12-25T00:00:00+00:00
[2022-12-25T15:53:01.333+0000] {logging_mixin.py:137} INFO - [2022-12-25T15:53:01.332+0000] {dag.py:3427} INFO - Setting next_dagrun for example_branch_datetime_operator_3 to 2022-12-24T00:00:00+00:00, run_after=2022-12-25T00:00:00+00:00
[2022-12-25T15:53:01.355+0000] {processor.py:175} INFO - Processing /home/airflow/.local/lib/python3.7/site-packages/airflow/example_dags/example_branch_datetime_operator.py took 0.150 seconds
[2022-12-25T15:53:31.862+0000] {processor.py:153} INFO - Started process (PID=10164) to work on /home/airflow/.local/lib/python3.7/site-packages/airflow/example_dags/example_branch_datetime_operator.py
[2022-12-25T15:53:31.863+0000] {processor.py:743} INFO - Processing file /home/airflow/.local/lib/python3.7/site-packages/airflow/example_dags/example_branch_datetime_operator.py for tasks to queue
[2022-12-25T15:53:31.864+0000] {logging_mixin.py:137} INFO - [2022-12-25T15:53:31.864+0000] {dagbag.py:538} INFO - Filling up the DagBag from /home/airflow/.local/lib/python3.7/site-packages/airflow/example_dags/example_branch_datetime_operator.py
[2022-12-25T15:53:31.880+0000] {processor.py:753} INFO - DAG(s) dict_keys(['example_branch_datetime_operator_3', 'example_branch_datetime_operator', 'example_branch_datetime_operator_2']) retrieved from /home/airflow/.local/lib/python3.7/site-packages/airflow/example_dags/example_branch_datetime_operator.py
[2022-12-25T15:53:31.926+0000] {logging_mixin.py:137} INFO - [2022-12-25T15:53:31.926+0000] {dag.py:2676} INFO - Sync 3 DAGs
[2022-12-25T15:53:31.954+0000] {logging_mixin.py:137} INFO - [2022-12-25T15:53:31.954+0000] {dag.py:3427} INFO - Setting next_dagrun for example_branch_datetime_operator to 2022-12-24T00:00:00+00:00, run_after=2022-12-25T00:00:00+00:00
[2022-12-25T15:53:31.959+0000] {logging_mixin.py:137} INFO - [2022-12-25T15:53:31.959+0000] {dag.py:3427} INFO - Setting next_dagrun for example_branch_datetime_operator_2 to 2022-12-24T00:00:00+00:00, run_after=2022-12-25T00:00:00+00:00
[2022-12-25T15:53:31.961+0000] {logging_mixin.py:137} INFO - [2022-12-25T15:53:31.961+0000] {dag.py:3427} INFO - Setting next_dagrun for example_branch_datetime_operator_3 to 2022-12-24T00:00:00+00:00, run_after=2022-12-25T00:00:00+00:00
[2022-12-25T15:53:31.980+0000] {processor.py:175} INFO - Processing /home/airflow/.local/lib/python3.7/site-packages/airflow/example_dags/example_branch_datetime_operator.py took 0.121 seconds
