[2022-12-25T15:32:08.124+0000] {processor.py:153} INFO - Started process (PID=203) to work on /home/airflow/.local/lib/python3.7/site-packages/airflow/example_dags/example_branch_python_dop_operator_3.py
[2022-12-25T15:32:08.125+0000] {processor.py:743} INFO - Processing file /home/airflow/.local/lib/python3.7/site-packages/airflow/example_dags/example_branch_python_dop_operator_3.py for tasks to queue
[2022-12-25T15:32:08.127+0000] {logging_mixin.py:137} INFO - [2022-12-25T15:32:08.126+0000] {dagbag.py:538} INFO - Filling up the DagBag from /home/airflow/.local/lib/python3.7/site-packages/airflow/example_dags/example_branch_python_dop_operator_3.py
[2022-12-25T15:32:08.219+0000] {processor.py:753} INFO - DAG(s) dict_keys(['example_branch_dop_operator_v3']) retrieved from /home/airflow/.local/lib/python3.7/site-packages/airflow/example_dags/example_branch_python_dop_operator_3.py
[2022-12-25T15:32:08.420+0000] {logging_mixin.py:137} INFO - [2022-12-25T15:32:08.419+0000] {dag.py:2676} INFO - Sync 1 DAGs
[2022-12-25T15:32:08.641+0000] {logging_mixin.py:137} INFO - [2022-12-25T15:32:08.640+0000] {dag.py:3427} INFO - Setting next_dagrun for example_branch_dop_operator_v3 to 2022-12-25T15:31:00+00:00, run_after=2022-12-25T15:32:00+00:00
[2022-12-25T15:32:08.693+0000] {processor.py:175} INFO - Processing /home/airflow/.local/lib/python3.7/site-packages/airflow/example_dags/example_branch_python_dop_operator_3.py took 0.575 seconds
[2022-12-25T15:32:39.204+0000] {processor.py:153} INFO - Started process (PID=435) to work on /home/airflow/.local/lib/python3.7/site-packages/airflow/example_dags/example_branch_python_dop_operator_3.py
[2022-12-25T15:32:39.205+0000] {processor.py:743} INFO - Processing file /home/airflow/.local/lib/python3.7/site-packages/airflow/example_dags/example_branch_python_dop_operator_3.py for tasks to queue
[2022-12-25T15:32:39.206+0000] {logging_mixin.py:137} INFO - [2022-12-25T15:32:39.205+0000] {dagbag.py:538} INFO - Filling up the DagBag from /home/airflow/.local/lib/python3.7/site-packages/airflow/example_dags/example_branch_python_dop_operator_3.py
[2022-12-25T15:32:39.227+0000] {processor.py:753} INFO - DAG(s) dict_keys(['example_branch_dop_operator_v3']) retrieved from /home/airflow/.local/lib/python3.7/site-packages/airflow/example_dags/example_branch_python_dop_operator_3.py
[2022-12-25T15:32:39.262+0000] {logging_mixin.py:137} INFO - [2022-12-25T15:32:39.262+0000] {dag.py:2676} INFO - Sync 1 DAGs
[2022-12-25T15:32:39.290+0000] {logging_mixin.py:137} INFO - [2022-12-25T15:32:39.290+0000] {dag.py:3427} INFO - Setting next_dagrun for example_branch_dop_operator_v3 to 2022-12-25T15:31:00+00:00, run_after=2022-12-25T15:32:00+00:00
[2022-12-25T15:32:39.308+0000] {processor.py:175} INFO - Processing /home/airflow/.local/lib/python3.7/site-packages/airflow/example_dags/example_branch_python_dop_operator_3.py took 0.107 seconds
[2022-12-25T15:33:09.623+0000] {processor.py:153} INFO - Started process (PID=666) to work on /home/airflow/.local/lib/python3.7/site-packages/airflow/example_dags/example_branch_python_dop_operator_3.py
[2022-12-25T15:33:09.625+0000] {processor.py:743} INFO - Processing file /home/airflow/.local/lib/python3.7/site-packages/airflow/example_dags/example_branch_python_dop_operator_3.py for tasks to queue
[2022-12-25T15:33:09.626+0000] {logging_mixin.py:137} INFO - [2022-12-25T15:33:09.626+0000] {dagbag.py:538} INFO - Filling up the DagBag from /home/airflow/.local/lib/python3.7/site-packages/airflow/example_dags/example_branch_python_dop_operator_3.py
[2022-12-25T15:33:09.679+0000] {processor.py:753} INFO - DAG(s) dict_keys(['example_branch_dop_operator_v3']) retrieved from /home/airflow/.local/lib/python3.7/site-packages/airflow/example_dags/example_branch_python_dop_operator_3.py
[2022-12-25T15:33:09.748+0000] {logging_mixin.py:137} INFO - [2022-12-25T15:33:09.747+0000] {dag.py:2676} INFO - Sync 1 DAGs
[2022-12-25T15:33:09.806+0000] {logging_mixin.py:137} INFO - [2022-12-25T15:33:09.806+0000] {dag.py:3427} INFO - Setting next_dagrun for example_branch_dop_operator_v3 to 2022-12-25T15:32:00+00:00, run_after=2022-12-25T15:33:00+00:00
[2022-12-25T15:33:09.841+0000] {processor.py:175} INFO - Processing /home/airflow/.local/lib/python3.7/site-packages/airflow/example_dags/example_branch_python_dop_operator_3.py took 0.224 seconds
[2022-12-25T15:33:40.701+0000] {processor.py:153} INFO - Started process (PID=894) to work on /home/airflow/.local/lib/python3.7/site-packages/airflow/example_dags/example_branch_python_dop_operator_3.py
[2022-12-25T15:33:40.703+0000] {processor.py:743} INFO - Processing file /home/airflow/.local/lib/python3.7/site-packages/airflow/example_dags/example_branch_python_dop_operator_3.py for tasks to queue
[2022-12-25T15:33:40.703+0000] {logging_mixin.py:137} INFO - [2022-12-25T15:33:40.703+0000] {dagbag.py:538} INFO - Filling up the DagBag from /home/airflow/.local/lib/python3.7/site-packages/airflow/example_dags/example_branch_python_dop_operator_3.py
[2022-12-25T15:33:40.732+0000] {processor.py:753} INFO - DAG(s) dict_keys(['example_branch_dop_operator_v3']) retrieved from /home/airflow/.local/lib/python3.7/site-packages/airflow/example_dags/example_branch_python_dop_operator_3.py
[2022-12-25T15:33:40.775+0000] {logging_mixin.py:137} INFO - [2022-12-25T15:33:40.775+0000] {dag.py:2676} INFO - Sync 1 DAGs
[2022-12-25T15:33:40.826+0000] {logging_mixin.py:137} INFO - [2022-12-25T15:33:40.826+0000] {dag.py:3427} INFO - Setting next_dagrun for example_branch_dop_operator_v3 to 2022-12-25T15:32:00+00:00, run_after=2022-12-25T15:33:00+00:00
[2022-12-25T15:33:40.855+0000] {processor.py:175} INFO - Processing /home/airflow/.local/lib/python3.7/site-packages/airflow/example_dags/example_branch_python_dop_operator_3.py took 0.157 seconds
[2022-12-25T15:34:11.809+0000] {processor.py:153} INFO - Started process (PID=1145) to work on /home/airflow/.local/lib/python3.7/site-packages/airflow/example_dags/example_branch_python_dop_operator_3.py
[2022-12-25T15:34:11.810+0000] {processor.py:743} INFO - Processing file /home/airflow/.local/lib/python3.7/site-packages/airflow/example_dags/example_branch_python_dop_operator_3.py for tasks to queue
[2022-12-25T15:34:11.811+0000] {logging_mixin.py:137} INFO - [2022-12-25T15:34:11.811+0000] {dagbag.py:538} INFO - Filling up the DagBag from /home/airflow/.local/lib/python3.7/site-packages/airflow/example_dags/example_branch_python_dop_operator_3.py
[2022-12-25T15:34:11.837+0000] {processor.py:753} INFO - DAG(s) dict_keys(['example_branch_dop_operator_v3']) retrieved from /home/airflow/.local/lib/python3.7/site-packages/airflow/example_dags/example_branch_python_dop_operator_3.py
[2022-12-25T15:34:11.879+0000] {logging_mixin.py:137} INFO - [2022-12-25T15:34:11.879+0000] {dag.py:2676} INFO - Sync 1 DAGs
[2022-12-25T15:34:11.933+0000] {logging_mixin.py:137} INFO - [2022-12-25T15:34:11.933+0000] {dag.py:3427} INFO - Setting next_dagrun for example_branch_dop_operator_v3 to 2022-12-25T15:33:00+00:00, run_after=2022-12-25T15:34:00+00:00
[2022-12-25T15:34:11.971+0000] {processor.py:175} INFO - Processing /home/airflow/.local/lib/python3.7/site-packages/airflow/example_dags/example_branch_python_dop_operator_3.py took 0.166 seconds
[2022-12-25T15:34:42.994+0000] {processor.py:153} INFO - Started process (PID=1377) to work on /home/airflow/.local/lib/python3.7/site-packages/airflow/example_dags/example_branch_python_dop_operator_3.py
[2022-12-25T15:34:42.995+0000] {processor.py:743} INFO - Processing file /home/airflow/.local/lib/python3.7/site-packages/airflow/example_dags/example_branch_python_dop_operator_3.py for tasks to queue
[2022-12-25T15:34:42.995+0000] {logging_mixin.py:137} INFO - [2022-12-25T15:34:42.995+0000] {dagbag.py:538} INFO - Filling up the DagBag from /home/airflow/.local/lib/python3.7/site-packages/airflow/example_dags/example_branch_python_dop_operator_3.py
[2022-12-25T15:34:43.018+0000] {processor.py:753} INFO - DAG(s) dict_keys(['example_branch_dop_operator_v3']) retrieved from /home/airflow/.local/lib/python3.7/site-packages/airflow/example_dags/example_branch_python_dop_operator_3.py
[2022-12-25T15:34:43.056+0000] {logging_mixin.py:137} INFO - [2022-12-25T15:34:43.056+0000] {dag.py:2676} INFO - Sync 1 DAGs
[2022-12-25T15:34:43.088+0000] {logging_mixin.py:137} INFO - [2022-12-25T15:34:43.088+0000] {dag.py:3427} INFO - Setting next_dagrun for example_branch_dop_operator_v3 to 2022-12-25T15:33:00+00:00, run_after=2022-12-25T15:34:00+00:00
[2022-12-25T15:34:43.108+0000] {processor.py:175} INFO - Processing /home/airflow/.local/lib/python3.7/site-packages/airflow/example_dags/example_branch_python_dop_operator_3.py took 0.121 seconds
[2022-12-25T15:35:13.393+0000] {processor.py:153} INFO - Started process (PID=1613) to work on /home/airflow/.local/lib/python3.7/site-packages/airflow/example_dags/example_branch_python_dop_operator_3.py
[2022-12-25T15:35:13.395+0000] {processor.py:743} INFO - Processing file /home/airflow/.local/lib/python3.7/site-packages/airflow/example_dags/example_branch_python_dop_operator_3.py for tasks to queue
[2022-12-25T15:35:13.396+0000] {logging_mixin.py:137} INFO - [2022-12-25T15:35:13.396+0000] {dagbag.py:538} INFO - Filling up the DagBag from /home/airflow/.local/lib/python3.7/site-packages/airflow/example_dags/example_branch_python_dop_operator_3.py
[2022-12-25T15:35:13.434+0000] {processor.py:753} INFO - DAG(s) dict_keys(['example_branch_dop_operator_v3']) retrieved from /home/airflow/.local/lib/python3.7/site-packages/airflow/example_dags/example_branch_python_dop_operator_3.py
[2022-12-25T15:35:13.490+0000] {logging_mixin.py:137} INFO - [2022-12-25T15:35:13.490+0000] {dag.py:2676} INFO - Sync 1 DAGs
[2022-12-25T15:35:13.530+0000] {logging_mixin.py:137} INFO - [2022-12-25T15:35:13.530+0000] {dag.py:3427} INFO - Setting next_dagrun for example_branch_dop_operator_v3 to 2022-12-25T15:34:00+00:00, run_after=2022-12-25T15:35:00+00:00
[2022-12-25T15:35:13.561+0000] {processor.py:175} INFO - Processing /home/airflow/.local/lib/python3.7/site-packages/airflow/example_dags/example_branch_python_dop_operator_3.py took 0.173 seconds
[2022-12-25T15:35:43.634+0000] {processor.py:153} INFO - Started process (PID=1857) to work on /home/airflow/.local/lib/python3.7/site-packages/airflow/example_dags/example_branch_python_dop_operator_3.py
[2022-12-25T15:35:43.636+0000] {processor.py:743} INFO - Processing file /home/airflow/.local/lib/python3.7/site-packages/airflow/example_dags/example_branch_python_dop_operator_3.py for tasks to queue
[2022-12-25T15:35:43.637+0000] {logging_mixin.py:137} INFO - [2022-12-25T15:35:43.637+0000] {dagbag.py:538} INFO - Filling up the DagBag from /home/airflow/.local/lib/python3.7/site-packages/airflow/example_dags/example_branch_python_dop_operator_3.py
[2022-12-25T15:35:43.692+0000] {processor.py:753} INFO - DAG(s) dict_keys(['example_branch_dop_operator_v3']) retrieved from /home/airflow/.local/lib/python3.7/site-packages/airflow/example_dags/example_branch_python_dop_operator_3.py
[2022-12-25T15:35:43.761+0000] {logging_mixin.py:137} INFO - [2022-12-25T15:35:43.761+0000] {dag.py:2676} INFO - Sync 1 DAGs
[2022-12-25T15:35:43.799+0000] {logging_mixin.py:137} INFO - [2022-12-25T15:35:43.799+0000] {dag.py:3427} INFO - Setting next_dagrun for example_branch_dop_operator_v3 to 2022-12-25T15:34:00+00:00, run_after=2022-12-25T15:35:00+00:00
[2022-12-25T15:35:43.825+0000] {processor.py:175} INFO - Processing /home/airflow/.local/lib/python3.7/site-packages/airflow/example_dags/example_branch_python_dop_operator_3.py took 0.197 seconds
[2022-12-25T15:36:14.618+0000] {processor.py:153} INFO - Started process (PID=2085) to work on /home/airflow/.local/lib/python3.7/site-packages/airflow/example_dags/example_branch_python_dop_operator_3.py
[2022-12-25T15:36:14.619+0000] {processor.py:743} INFO - Processing file /home/airflow/.local/lib/python3.7/site-packages/airflow/example_dags/example_branch_python_dop_operator_3.py for tasks to queue
[2022-12-25T15:36:14.620+0000] {logging_mixin.py:137} INFO - [2022-12-25T15:36:14.620+0000] {dagbag.py:538} INFO - Filling up the DagBag from /home/airflow/.local/lib/python3.7/site-packages/airflow/example_dags/example_branch_python_dop_operator_3.py
[2022-12-25T15:36:14.645+0000] {processor.py:753} INFO - DAG(s) dict_keys(['example_branch_dop_operator_v3']) retrieved from /home/airflow/.local/lib/python3.7/site-packages/airflow/example_dags/example_branch_python_dop_operator_3.py
[2022-12-25T15:36:14.681+0000] {logging_mixin.py:137} INFO - [2022-12-25T15:36:14.681+0000] {dag.py:2676} INFO - Sync 1 DAGs
[2022-12-25T15:36:14.714+0000] {logging_mixin.py:137} INFO - [2022-12-25T15:36:14.713+0000] {dag.py:3427} INFO - Setting next_dagrun for example_branch_dop_operator_v3 to 2022-12-25T15:35:00+00:00, run_after=2022-12-25T15:36:00+00:00
[2022-12-25T15:36:14.738+0000] {processor.py:175} INFO - Processing /home/airflow/.local/lib/python3.7/site-packages/airflow/example_dags/example_branch_python_dop_operator_3.py took 0.123 seconds
[2022-12-25T15:36:44.773+0000] {processor.py:153} INFO - Started process (PID=2315) to work on /home/airflow/.local/lib/python3.7/site-packages/airflow/example_dags/example_branch_python_dop_operator_3.py
[2022-12-25T15:36:44.775+0000] {processor.py:743} INFO - Processing file /home/airflow/.local/lib/python3.7/site-packages/airflow/example_dags/example_branch_python_dop_operator_3.py for tasks to queue
[2022-12-25T15:36:44.776+0000] {logging_mixin.py:137} INFO - [2022-12-25T15:36:44.776+0000] {dagbag.py:538} INFO - Filling up the DagBag from /home/airflow/.local/lib/python3.7/site-packages/airflow/example_dags/example_branch_python_dop_operator_3.py
[2022-12-25T15:36:44.803+0000] {processor.py:753} INFO - DAG(s) dict_keys(['example_branch_dop_operator_v3']) retrieved from /home/airflow/.local/lib/python3.7/site-packages/airflow/example_dags/example_branch_python_dop_operator_3.py
[2022-12-25T15:36:44.844+0000] {logging_mixin.py:137} INFO - [2022-12-25T15:36:44.844+0000] {dag.py:2676} INFO - Sync 1 DAGs
[2022-12-25T15:36:44.878+0000] {logging_mixin.py:137} INFO - [2022-12-25T15:36:44.878+0000] {dag.py:3427} INFO - Setting next_dagrun for example_branch_dop_operator_v3 to 2022-12-25T15:35:00+00:00, run_after=2022-12-25T15:36:00+00:00
[2022-12-25T15:36:44.902+0000] {processor.py:175} INFO - Processing /home/airflow/.local/lib/python3.7/site-packages/airflow/example_dags/example_branch_python_dop_operator_3.py took 0.132 seconds
[2022-12-25T15:37:15.389+0000] {processor.py:153} INFO - Started process (PID=2567) to work on /home/airflow/.local/lib/python3.7/site-packages/airflow/example_dags/example_branch_python_dop_operator_3.py
[2022-12-25T15:37:15.390+0000] {processor.py:743} INFO - Processing file /home/airflow/.local/lib/python3.7/site-packages/airflow/example_dags/example_branch_python_dop_operator_3.py for tasks to queue
[2022-12-25T15:37:15.391+0000] {logging_mixin.py:137} INFO - [2022-12-25T15:37:15.391+0000] {dagbag.py:538} INFO - Filling up the DagBag from /home/airflow/.local/lib/python3.7/site-packages/airflow/example_dags/example_branch_python_dop_operator_3.py
[2022-12-25T15:37:15.415+0000] {processor.py:753} INFO - DAG(s) dict_keys(['example_branch_dop_operator_v3']) retrieved from /home/airflow/.local/lib/python3.7/site-packages/airflow/example_dags/example_branch_python_dop_operator_3.py
[2022-12-25T15:37:15.453+0000] {logging_mixin.py:137} INFO - [2022-12-25T15:37:15.453+0000] {dag.py:2676} INFO - Sync 1 DAGs
[2022-12-25T15:37:15.490+0000] {logging_mixin.py:137} INFO - [2022-12-25T15:37:15.490+0000] {dag.py:3427} INFO - Setting next_dagrun for example_branch_dop_operator_v3 to 2022-12-25T15:36:00+00:00, run_after=2022-12-25T15:37:00+00:00
[2022-12-25T15:37:15.520+0000] {processor.py:175} INFO - Processing /home/airflow/.local/lib/python3.7/site-packages/airflow/example_dags/example_branch_python_dop_operator_3.py took 0.133 seconds
[2022-12-25T15:37:45.695+0000] {processor.py:153} INFO - Started process (PID=2795) to work on /home/airflow/.local/lib/python3.7/site-packages/airflow/example_dags/example_branch_python_dop_operator_3.py
[2022-12-25T15:37:45.697+0000] {processor.py:743} INFO - Processing file /home/airflow/.local/lib/python3.7/site-packages/airflow/example_dags/example_branch_python_dop_operator_3.py for tasks to queue
[2022-12-25T15:37:45.698+0000] {logging_mixin.py:137} INFO - [2022-12-25T15:37:45.698+0000] {dagbag.py:538} INFO - Filling up the DagBag from /home/airflow/.local/lib/python3.7/site-packages/airflow/example_dags/example_branch_python_dop_operator_3.py
[2022-12-25T15:37:45.728+0000] {processor.py:753} INFO - DAG(s) dict_keys(['example_branch_dop_operator_v3']) retrieved from /home/airflow/.local/lib/python3.7/site-packages/airflow/example_dags/example_branch_python_dop_operator_3.py
[2022-12-25T15:37:45.768+0000] {logging_mixin.py:137} INFO - [2022-12-25T15:37:45.768+0000] {dag.py:2676} INFO - Sync 1 DAGs
[2022-12-25T15:37:45.804+0000] {logging_mixin.py:137} INFO - [2022-12-25T15:37:45.804+0000] {dag.py:3427} INFO - Setting next_dagrun for example_branch_dop_operator_v3 to 2022-12-25T15:36:00+00:00, run_after=2022-12-25T15:37:00+00:00
[2022-12-25T15:37:45.828+0000] {processor.py:175} INFO - Processing /home/airflow/.local/lib/python3.7/site-packages/airflow/example_dags/example_branch_python_dop_operator_3.py took 0.136 seconds
[2022-12-25T15:38:16.579+0000] {processor.py:153} INFO - Started process (PID=3045) to work on /home/airflow/.local/lib/python3.7/site-packages/airflow/example_dags/example_branch_python_dop_operator_3.py
[2022-12-25T15:38:16.580+0000] {processor.py:743} INFO - Processing file /home/airflow/.local/lib/python3.7/site-packages/airflow/example_dags/example_branch_python_dop_operator_3.py for tasks to queue
[2022-12-25T15:38:16.581+0000] {logging_mixin.py:137} INFO - [2022-12-25T15:38:16.581+0000] {dagbag.py:538} INFO - Filling up the DagBag from /home/airflow/.local/lib/python3.7/site-packages/airflow/example_dags/example_branch_python_dop_operator_3.py
[2022-12-25T15:38:16.604+0000] {processor.py:753} INFO - DAG(s) dict_keys(['example_branch_dop_operator_v3']) retrieved from /home/airflow/.local/lib/python3.7/site-packages/airflow/example_dags/example_branch_python_dop_operator_3.py
[2022-12-25T15:38:16.639+0000] {logging_mixin.py:137} INFO - [2022-12-25T15:38:16.639+0000] {dag.py:2676} INFO - Sync 1 DAGs
[2022-12-25T15:38:16.669+0000] {logging_mixin.py:137} INFO - [2022-12-25T15:38:16.668+0000] {dag.py:3427} INFO - Setting next_dagrun for example_branch_dop_operator_v3 to 2022-12-25T15:37:00+00:00, run_after=2022-12-25T15:38:00+00:00
[2022-12-25T15:38:16.688+0000] {processor.py:175} INFO - Processing /home/airflow/.local/lib/python3.7/site-packages/airflow/example_dags/example_branch_python_dop_operator_3.py took 0.112 seconds
[2022-12-25T15:38:47.209+0000] {processor.py:153} INFO - Started process (PID=3277) to work on /home/airflow/.local/lib/python3.7/site-packages/airflow/example_dags/example_branch_python_dop_operator_3.py
[2022-12-25T15:38:47.210+0000] {processor.py:743} INFO - Processing file /home/airflow/.local/lib/python3.7/site-packages/airflow/example_dags/example_branch_python_dop_operator_3.py for tasks to queue
[2022-12-25T15:38:47.210+0000] {logging_mixin.py:137} INFO - [2022-12-25T15:38:47.210+0000] {dagbag.py:538} INFO - Filling up the DagBag from /home/airflow/.local/lib/python3.7/site-packages/airflow/example_dags/example_branch_python_dop_operator_3.py
[2022-12-25T15:38:47.239+0000] {processor.py:753} INFO - DAG(s) dict_keys(['example_branch_dop_operator_v3']) retrieved from /home/airflow/.local/lib/python3.7/site-packages/airflow/example_dags/example_branch_python_dop_operator_3.py
[2022-12-25T15:38:47.284+0000] {logging_mixin.py:137} INFO - [2022-12-25T15:38:47.283+0000] {dag.py:2676} INFO - Sync 1 DAGs
[2022-12-25T15:38:47.313+0000] {logging_mixin.py:137} INFO - [2022-12-25T15:38:47.312+0000] {dag.py:3427} INFO - Setting next_dagrun for example_branch_dop_operator_v3 to 2022-12-25T15:37:00+00:00, run_after=2022-12-25T15:38:00+00:00
[2022-12-25T15:38:47.337+0000] {processor.py:175} INFO - Processing /home/airflow/.local/lib/python3.7/site-packages/airflow/example_dags/example_branch_python_dop_operator_3.py took 0.131 seconds
[2022-12-25T15:39:17.670+0000] {processor.py:153} INFO - Started process (PID=3516) to work on /home/airflow/.local/lib/python3.7/site-packages/airflow/example_dags/example_branch_python_dop_operator_3.py
[2022-12-25T15:39:17.671+0000] {processor.py:743} INFO - Processing file /home/airflow/.local/lib/python3.7/site-packages/airflow/example_dags/example_branch_python_dop_operator_3.py for tasks to queue
[2022-12-25T15:39:17.672+0000] {logging_mixin.py:137} INFO - [2022-12-25T15:39:17.672+0000] {dagbag.py:538} INFO - Filling up the DagBag from /home/airflow/.local/lib/python3.7/site-packages/airflow/example_dags/example_branch_python_dop_operator_3.py
[2022-12-25T15:39:17.768+0000] {processor.py:753} INFO - DAG(s) dict_keys(['example_branch_dop_operator_v3']) retrieved from /home/airflow/.local/lib/python3.7/site-packages/airflow/example_dags/example_branch_python_dop_operator_3.py
[2022-12-25T15:39:17.834+0000] {logging_mixin.py:137} INFO - [2022-12-25T15:39:17.834+0000] {dag.py:2676} INFO - Sync 1 DAGs
[2022-12-25T15:39:17.896+0000] {logging_mixin.py:137} INFO - [2022-12-25T15:39:17.896+0000] {dag.py:3427} INFO - Setting next_dagrun for example_branch_dop_operator_v3 to 2022-12-25T15:38:00+00:00, run_after=2022-12-25T15:39:00+00:00
[2022-12-25T15:39:17.932+0000] {processor.py:175} INFO - Processing /home/airflow/.local/lib/python3.7/site-packages/airflow/example_dags/example_branch_python_dop_operator_3.py took 0.271 seconds
[2022-12-25T15:39:48.957+0000] {processor.py:153} INFO - Started process (PID=3757) to work on /home/airflow/.local/lib/python3.7/site-packages/airflow/example_dags/example_branch_python_dop_operator_3.py
[2022-12-25T15:39:48.958+0000] {processor.py:743} INFO - Processing file /home/airflow/.local/lib/python3.7/site-packages/airflow/example_dags/example_branch_python_dop_operator_3.py for tasks to queue
[2022-12-25T15:39:48.959+0000] {logging_mixin.py:137} INFO - [2022-12-25T15:39:48.959+0000] {dagbag.py:538} INFO - Filling up the DagBag from /home/airflow/.local/lib/python3.7/site-packages/airflow/example_dags/example_branch_python_dop_operator_3.py
[2022-12-25T15:39:49.006+0000] {processor.py:753} INFO - DAG(s) dict_keys(['example_branch_dop_operator_v3']) retrieved from /home/airflow/.local/lib/python3.7/site-packages/airflow/example_dags/example_branch_python_dop_operator_3.py
[2022-12-25T15:39:49.051+0000] {logging_mixin.py:137} INFO - [2022-12-25T15:39:49.051+0000] {dag.py:2676} INFO - Sync 1 DAGs
[2022-12-25T15:39:49.086+0000] {logging_mixin.py:137} INFO - [2022-12-25T15:39:49.086+0000] {dag.py:3427} INFO - Setting next_dagrun for example_branch_dop_operator_v3 to 2022-12-25T15:38:00+00:00, run_after=2022-12-25T15:39:00+00:00
[2022-12-25T15:39:49.112+0000] {processor.py:175} INFO - Processing /home/airflow/.local/lib/python3.7/site-packages/airflow/example_dags/example_branch_python_dop_operator_3.py took 0.160 seconds
[2022-12-25T15:40:19.679+0000] {processor.py:153} INFO - Started process (PID=3986) to work on /home/airflow/.local/lib/python3.7/site-packages/airflow/example_dags/example_branch_python_dop_operator_3.py
[2022-12-25T15:40:19.680+0000] {processor.py:743} INFO - Processing file /home/airflow/.local/lib/python3.7/site-packages/airflow/example_dags/example_branch_python_dop_operator_3.py for tasks to queue
[2022-12-25T15:40:19.681+0000] {logging_mixin.py:137} INFO - [2022-12-25T15:40:19.681+0000] {dagbag.py:538} INFO - Filling up the DagBag from /home/airflow/.local/lib/python3.7/site-packages/airflow/example_dags/example_branch_python_dop_operator_3.py
[2022-12-25T15:40:19.713+0000] {processor.py:753} INFO - DAG(s) dict_keys(['example_branch_dop_operator_v3']) retrieved from /home/airflow/.local/lib/python3.7/site-packages/airflow/example_dags/example_branch_python_dop_operator_3.py
[2022-12-25T15:40:19.761+0000] {logging_mixin.py:137} INFO - [2022-12-25T15:40:19.761+0000] {dag.py:2676} INFO - Sync 1 DAGs
[2022-12-25T15:40:19.793+0000] {logging_mixin.py:137} INFO - [2022-12-25T15:40:19.793+0000] {dag.py:3427} INFO - Setting next_dagrun for example_branch_dop_operator_v3 to 2022-12-25T15:39:00+00:00, run_after=2022-12-25T15:40:00+00:00
[2022-12-25T15:40:19.813+0000] {processor.py:175} INFO - Processing /home/airflow/.local/lib/python3.7/site-packages/airflow/example_dags/example_branch_python_dop_operator_3.py took 0.137 seconds
[2022-12-25T15:40:49.869+0000] {processor.py:153} INFO - Started process (PID=4238) to work on /home/airflow/.local/lib/python3.7/site-packages/airflow/example_dags/example_branch_python_dop_operator_3.py
[2022-12-25T15:40:49.870+0000] {processor.py:743} INFO - Processing file /home/airflow/.local/lib/python3.7/site-packages/airflow/example_dags/example_branch_python_dop_operator_3.py for tasks to queue
[2022-12-25T15:40:49.871+0000] {logging_mixin.py:137} INFO - [2022-12-25T15:40:49.871+0000] {dagbag.py:538} INFO - Filling up the DagBag from /home/airflow/.local/lib/python3.7/site-packages/airflow/example_dags/example_branch_python_dop_operator_3.py
[2022-12-25T15:40:49.893+0000] {processor.py:753} INFO - DAG(s) dict_keys(['example_branch_dop_operator_v3']) retrieved from /home/airflow/.local/lib/python3.7/site-packages/airflow/example_dags/example_branch_python_dop_operator_3.py
[2022-12-25T15:40:49.931+0000] {logging_mixin.py:137} INFO - [2022-12-25T15:40:49.931+0000] {dag.py:2676} INFO - Sync 1 DAGs
[2022-12-25T15:40:49.959+0000] {logging_mixin.py:137} INFO - [2022-12-25T15:40:49.959+0000] {dag.py:3427} INFO - Setting next_dagrun for example_branch_dop_operator_v3 to 2022-12-25T15:39:00+00:00, run_after=2022-12-25T15:40:00+00:00
[2022-12-25T15:40:49.981+0000] {processor.py:175} INFO - Processing /home/airflow/.local/lib/python3.7/site-packages/airflow/example_dags/example_branch_python_dop_operator_3.py took 0.115 seconds
[2022-12-25T15:41:20.126+0000] {processor.py:153} INFO - Started process (PID=4467) to work on /home/airflow/.local/lib/python3.7/site-packages/airflow/example_dags/example_branch_python_dop_operator_3.py
[2022-12-25T15:41:20.127+0000] {processor.py:743} INFO - Processing file /home/airflow/.local/lib/python3.7/site-packages/airflow/example_dags/example_branch_python_dop_operator_3.py for tasks to queue
[2022-12-25T15:41:20.127+0000] {logging_mixin.py:137} INFO - [2022-12-25T15:41:20.127+0000] {dagbag.py:538} INFO - Filling up the DagBag from /home/airflow/.local/lib/python3.7/site-packages/airflow/example_dags/example_branch_python_dop_operator_3.py
[2022-12-25T15:41:20.154+0000] {processor.py:753} INFO - DAG(s) dict_keys(['example_branch_dop_operator_v3']) retrieved from /home/airflow/.local/lib/python3.7/site-packages/airflow/example_dags/example_branch_python_dop_operator_3.py
[2022-12-25T15:41:20.194+0000] {logging_mixin.py:137} INFO - [2022-12-25T15:41:20.193+0000] {dag.py:2676} INFO - Sync 1 DAGs
[2022-12-25T15:41:20.229+0000] {logging_mixin.py:137} INFO - [2022-12-25T15:41:20.229+0000] {dag.py:3427} INFO - Setting next_dagrun for example_branch_dop_operator_v3 to 2022-12-25T15:40:00+00:00, run_after=2022-12-25T15:41:00+00:00
[2022-12-25T15:41:20.250+0000] {processor.py:175} INFO - Processing /home/airflow/.local/lib/python3.7/site-packages/airflow/example_dags/example_branch_python_dop_operator_3.py took 0.127 seconds
[2022-12-25T15:41:50.562+0000] {processor.py:153} INFO - Started process (PID=4696) to work on /home/airflow/.local/lib/python3.7/site-packages/airflow/example_dags/example_branch_python_dop_operator_3.py
[2022-12-25T15:41:50.563+0000] {processor.py:743} INFO - Processing file /home/airflow/.local/lib/python3.7/site-packages/airflow/example_dags/example_branch_python_dop_operator_3.py for tasks to queue
[2022-12-25T15:41:50.565+0000] {logging_mixin.py:137} INFO - [2022-12-25T15:41:50.564+0000] {dagbag.py:538} INFO - Filling up the DagBag from /home/airflow/.local/lib/python3.7/site-packages/airflow/example_dags/example_branch_python_dop_operator_3.py
[2022-12-25T15:41:50.601+0000] {processor.py:753} INFO - DAG(s) dict_keys(['example_branch_dop_operator_v3']) retrieved from /home/airflow/.local/lib/python3.7/site-packages/airflow/example_dags/example_branch_python_dop_operator_3.py
[2022-12-25T15:41:50.656+0000] {logging_mixin.py:137} INFO - [2022-12-25T15:41:50.655+0000] {dag.py:2676} INFO - Sync 1 DAGs
[2022-12-25T15:41:50.706+0000] {logging_mixin.py:137} INFO - [2022-12-25T15:41:50.706+0000] {dag.py:3427} INFO - Setting next_dagrun for example_branch_dop_operator_v3 to 2022-12-25T15:40:00+00:00, run_after=2022-12-25T15:41:00+00:00
[2022-12-25T15:41:50.727+0000] {processor.py:175} INFO - Processing /home/airflow/.local/lib/python3.7/site-packages/airflow/example_dags/example_branch_python_dop_operator_3.py took 0.172 seconds
[2022-12-25T15:42:20.767+0000] {processor.py:153} INFO - Started process (PID=4946) to work on /home/airflow/.local/lib/python3.7/site-packages/airflow/example_dags/example_branch_python_dop_operator_3.py
[2022-12-25T15:42:20.768+0000] {processor.py:743} INFO - Processing file /home/airflow/.local/lib/python3.7/site-packages/airflow/example_dags/example_branch_python_dop_operator_3.py for tasks to queue
[2022-12-25T15:42:20.769+0000] {logging_mixin.py:137} INFO - [2022-12-25T15:42:20.769+0000] {dagbag.py:538} INFO - Filling up the DagBag from /home/airflow/.local/lib/python3.7/site-packages/airflow/example_dags/example_branch_python_dop_operator_3.py
[2022-12-25T15:42:20.793+0000] {processor.py:753} INFO - DAG(s) dict_keys(['example_branch_dop_operator_v3']) retrieved from /home/airflow/.local/lib/python3.7/site-packages/airflow/example_dags/example_branch_python_dop_operator_3.py
[2022-12-25T15:42:20.835+0000] {logging_mixin.py:137} INFO - [2022-12-25T15:42:20.835+0000] {dag.py:2676} INFO - Sync 1 DAGs
[2022-12-25T15:42:20.877+0000] {logging_mixin.py:137} INFO - [2022-12-25T15:42:20.877+0000] {dag.py:3427} INFO - Setting next_dagrun for example_branch_dop_operator_v3 to 2022-12-25T15:41:00+00:00, run_after=2022-12-25T15:42:00+00:00
[2022-12-25T15:42:20.897+0000] {processor.py:175} INFO - Processing /home/airflow/.local/lib/python3.7/site-packages/airflow/example_dags/example_branch_python_dop_operator_3.py took 0.133 seconds
[2022-12-25T15:42:51.003+0000] {processor.py:153} INFO - Started process (PID=5177) to work on /home/airflow/.local/lib/python3.7/site-packages/airflow/example_dags/example_branch_python_dop_operator_3.py
[2022-12-25T15:42:51.004+0000] {processor.py:743} INFO - Processing file /home/airflow/.local/lib/python3.7/site-packages/airflow/example_dags/example_branch_python_dop_operator_3.py for tasks to queue
[2022-12-25T15:42:51.004+0000] {logging_mixin.py:137} INFO - [2022-12-25T15:42:51.004+0000] {dagbag.py:538} INFO - Filling up the DagBag from /home/airflow/.local/lib/python3.7/site-packages/airflow/example_dags/example_branch_python_dop_operator_3.py
[2022-12-25T15:42:51.030+0000] {processor.py:753} INFO - DAG(s) dict_keys(['example_branch_dop_operator_v3']) retrieved from /home/airflow/.local/lib/python3.7/site-packages/airflow/example_dags/example_branch_python_dop_operator_3.py
[2022-12-25T15:42:51.067+0000] {logging_mixin.py:137} INFO - [2022-12-25T15:42:51.067+0000] {dag.py:2676} INFO - Sync 1 DAGs
[2022-12-25T15:42:51.095+0000] {logging_mixin.py:137} INFO - [2022-12-25T15:42:51.095+0000] {dag.py:3427} INFO - Setting next_dagrun for example_branch_dop_operator_v3 to 2022-12-25T15:41:00+00:00, run_after=2022-12-25T15:42:00+00:00
[2022-12-25T15:42:51.114+0000] {processor.py:175} INFO - Processing /home/airflow/.local/lib/python3.7/site-packages/airflow/example_dags/example_branch_python_dop_operator_3.py took 0.115 seconds
[2022-12-25T15:43:21.785+0000] {processor.py:153} INFO - Started process (PID=5407) to work on /home/airflow/.local/lib/python3.7/site-packages/airflow/example_dags/example_branch_python_dop_operator_3.py
[2022-12-25T15:43:21.786+0000] {processor.py:743} INFO - Processing file /home/airflow/.local/lib/python3.7/site-packages/airflow/example_dags/example_branch_python_dop_operator_3.py for tasks to queue
[2022-12-25T15:43:21.787+0000] {logging_mixin.py:137} INFO - [2022-12-25T15:43:21.787+0000] {dagbag.py:538} INFO - Filling up the DagBag from /home/airflow/.local/lib/python3.7/site-packages/airflow/example_dags/example_branch_python_dop_operator_3.py
[2022-12-25T15:43:21.809+0000] {processor.py:753} INFO - DAG(s) dict_keys(['example_branch_dop_operator_v3']) retrieved from /home/airflow/.local/lib/python3.7/site-packages/airflow/example_dags/example_branch_python_dop_operator_3.py
[2022-12-25T15:43:21.845+0000] {logging_mixin.py:137} INFO - [2022-12-25T15:43:21.845+0000] {dag.py:2676} INFO - Sync 1 DAGs
[2022-12-25T15:43:21.875+0000] {logging_mixin.py:137} INFO - [2022-12-25T15:43:21.874+0000] {dag.py:3427} INFO - Setting next_dagrun for example_branch_dop_operator_v3 to 2022-12-25T15:42:00+00:00, run_after=2022-12-25T15:43:00+00:00
[2022-12-25T15:43:21.895+0000] {processor.py:175} INFO - Processing /home/airflow/.local/lib/python3.7/site-packages/airflow/example_dags/example_branch_python_dop_operator_3.py took 0.112 seconds
[2022-12-25T15:43:51.965+0000] {processor.py:153} INFO - Started process (PID=5660) to work on /home/airflow/.local/lib/python3.7/site-packages/airflow/example_dags/example_branch_python_dop_operator_3.py
[2022-12-25T15:43:51.966+0000] {processor.py:743} INFO - Processing file /home/airflow/.local/lib/python3.7/site-packages/airflow/example_dags/example_branch_python_dop_operator_3.py for tasks to queue
[2022-12-25T15:43:51.967+0000] {logging_mixin.py:137} INFO - [2022-12-25T15:43:51.967+0000] {dagbag.py:538} INFO - Filling up the DagBag from /home/airflow/.local/lib/python3.7/site-packages/airflow/example_dags/example_branch_python_dop_operator_3.py
[2022-12-25T15:43:52.006+0000] {processor.py:753} INFO - DAG(s) dict_keys(['example_branch_dop_operator_v3']) retrieved from /home/airflow/.local/lib/python3.7/site-packages/airflow/example_dags/example_branch_python_dop_operator_3.py
[2022-12-25T15:43:52.047+0000] {logging_mixin.py:137} INFO - [2022-12-25T15:43:52.047+0000] {dag.py:2676} INFO - Sync 1 DAGs
[2022-12-25T15:43:52.084+0000] {logging_mixin.py:137} INFO - [2022-12-25T15:43:52.084+0000] {dag.py:3427} INFO - Setting next_dagrun for example_branch_dop_operator_v3 to 2022-12-25T15:42:00+00:00, run_after=2022-12-25T15:43:00+00:00
[2022-12-25T15:43:52.107+0000] {processor.py:175} INFO - Processing /home/airflow/.local/lib/python3.7/site-packages/airflow/example_dags/example_branch_python_dop_operator_3.py took 0.145 seconds
[2022-12-25T15:44:22.726+0000] {processor.py:153} INFO - Started process (PID=5888) to work on /home/airflow/.local/lib/python3.7/site-packages/airflow/example_dags/example_branch_python_dop_operator_3.py
[2022-12-25T15:44:22.728+0000] {processor.py:743} INFO - Processing file /home/airflow/.local/lib/python3.7/site-packages/airflow/example_dags/example_branch_python_dop_operator_3.py for tasks to queue
[2022-12-25T15:44:22.728+0000] {logging_mixin.py:137} INFO - [2022-12-25T15:44:22.728+0000] {dagbag.py:538} INFO - Filling up the DagBag from /home/airflow/.local/lib/python3.7/site-packages/airflow/example_dags/example_branch_python_dop_operator_3.py
[2022-12-25T15:44:22.752+0000] {processor.py:753} INFO - DAG(s) dict_keys(['example_branch_dop_operator_v3']) retrieved from /home/airflow/.local/lib/python3.7/site-packages/airflow/example_dags/example_branch_python_dop_operator_3.py
[2022-12-25T15:44:22.788+0000] {logging_mixin.py:137} INFO - [2022-12-25T15:44:22.788+0000] {dag.py:2676} INFO - Sync 1 DAGs
[2022-12-25T15:44:22.819+0000] {logging_mixin.py:137} INFO - [2022-12-25T15:44:22.818+0000] {dag.py:3427} INFO - Setting next_dagrun for example_branch_dop_operator_v3 to 2022-12-25T15:43:00+00:00, run_after=2022-12-25T15:44:00+00:00
[2022-12-25T15:44:22.839+0000] {processor.py:175} INFO - Processing /home/airflow/.local/lib/python3.7/site-packages/airflow/example_dags/example_branch_python_dop_operator_3.py took 0.116 seconds
[2022-12-25T15:44:53.702+0000] {processor.py:153} INFO - Started process (PID=6138) to work on /home/airflow/.local/lib/python3.7/site-packages/airflow/example_dags/example_branch_python_dop_operator_3.py
[2022-12-25T15:44:53.703+0000] {processor.py:743} INFO - Processing file /home/airflow/.local/lib/python3.7/site-packages/airflow/example_dags/example_branch_python_dop_operator_3.py for tasks to queue
[2022-12-25T15:44:53.704+0000] {logging_mixin.py:137} INFO - [2022-12-25T15:44:53.704+0000] {dagbag.py:538} INFO - Filling up the DagBag from /home/airflow/.local/lib/python3.7/site-packages/airflow/example_dags/example_branch_python_dop_operator_3.py
[2022-12-25T15:44:53.727+0000] {processor.py:753} INFO - DAG(s) dict_keys(['example_branch_dop_operator_v3']) retrieved from /home/airflow/.local/lib/python3.7/site-packages/airflow/example_dags/example_branch_python_dop_operator_3.py
[2022-12-25T15:44:53.769+0000] {logging_mixin.py:137} INFO - [2022-12-25T15:44:53.768+0000] {dag.py:2676} INFO - Sync 1 DAGs
[2022-12-25T15:44:53.799+0000] {logging_mixin.py:137} INFO - [2022-12-25T15:44:53.799+0000] {dag.py:3427} INFO - Setting next_dagrun for example_branch_dop_operator_v3 to 2022-12-25T15:43:00+00:00, run_after=2022-12-25T15:44:00+00:00
[2022-12-25T15:44:53.820+0000] {processor.py:175} INFO - Processing /home/airflow/.local/lib/python3.7/site-packages/airflow/example_dags/example_branch_python_dop_operator_3.py took 0.122 seconds
[2022-12-25T15:45:24.607+0000] {processor.py:153} INFO - Started process (PID=6368) to work on /home/airflow/.local/lib/python3.7/site-packages/airflow/example_dags/example_branch_python_dop_operator_3.py
[2022-12-25T15:45:24.608+0000] {processor.py:743} INFO - Processing file /home/airflow/.local/lib/python3.7/site-packages/airflow/example_dags/example_branch_python_dop_operator_3.py for tasks to queue
[2022-12-25T15:45:24.609+0000] {logging_mixin.py:137} INFO - [2022-12-25T15:45:24.608+0000] {dagbag.py:538} INFO - Filling up the DagBag from /home/airflow/.local/lib/python3.7/site-packages/airflow/example_dags/example_branch_python_dop_operator_3.py
[2022-12-25T15:45:24.642+0000] {processor.py:753} INFO - DAG(s) dict_keys(['example_branch_dop_operator_v3']) retrieved from /home/airflow/.local/lib/python3.7/site-packages/airflow/example_dags/example_branch_python_dop_operator_3.py
[2022-12-25T15:45:24.706+0000] {logging_mixin.py:137} INFO - [2022-12-25T15:45:24.706+0000] {dag.py:2676} INFO - Sync 1 DAGs
[2022-12-25T15:45:24.759+0000] {logging_mixin.py:137} INFO - [2022-12-25T15:45:24.759+0000] {dag.py:3427} INFO - Setting next_dagrun for example_branch_dop_operator_v3 to 2022-12-25T15:44:00+00:00, run_after=2022-12-25T15:45:00+00:00
[2022-12-25T15:45:24.793+0000] {processor.py:175} INFO - Processing /home/airflow/.local/lib/python3.7/site-packages/airflow/example_dags/example_branch_python_dop_operator_3.py took 0.190 seconds
[2022-12-25T15:45:54.880+0000] {processor.py:153} INFO - Started process (PID=6607) to work on /home/airflow/.local/lib/python3.7/site-packages/airflow/example_dags/example_branch_python_dop_operator_3.py
[2022-12-25T15:45:54.882+0000] {processor.py:743} INFO - Processing file /home/airflow/.local/lib/python3.7/site-packages/airflow/example_dags/example_branch_python_dop_operator_3.py for tasks to queue
[2022-12-25T15:45:54.883+0000] {logging_mixin.py:137} INFO - [2022-12-25T15:45:54.882+0000] {dagbag.py:538} INFO - Filling up the DagBag from /home/airflow/.local/lib/python3.7/site-packages/airflow/example_dags/example_branch_python_dop_operator_3.py
[2022-12-25T15:45:54.918+0000] {processor.py:753} INFO - DAG(s) dict_keys(['example_branch_dop_operator_v3']) retrieved from /home/airflow/.local/lib/python3.7/site-packages/airflow/example_dags/example_branch_python_dop_operator_3.py
[2022-12-25T15:45:54.968+0000] {logging_mixin.py:137} INFO - [2022-12-25T15:45:54.967+0000] {dag.py:2676} INFO - Sync 1 DAGs
[2022-12-25T15:45:55.017+0000] {logging_mixin.py:137} INFO - [2022-12-25T15:45:55.017+0000] {dag.py:3427} INFO - Setting next_dagrun for example_branch_dop_operator_v3 to 2022-12-25T15:44:00+00:00, run_after=2022-12-25T15:45:00+00:00
[2022-12-25T15:45:55.059+0000] {processor.py:175} INFO - Processing /home/airflow/.local/lib/python3.7/site-packages/airflow/example_dags/example_branch_python_dop_operator_3.py took 0.184 seconds
[2022-12-25T15:46:25.162+0000] {processor.py:153} INFO - Started process (PID=6848) to work on /home/airflow/.local/lib/python3.7/site-packages/airflow/example_dags/example_branch_python_dop_operator_3.py
[2022-12-25T15:46:25.164+0000] {processor.py:743} INFO - Processing file /home/airflow/.local/lib/python3.7/site-packages/airflow/example_dags/example_branch_python_dop_operator_3.py for tasks to queue
[2022-12-25T15:46:25.164+0000] {logging_mixin.py:137} INFO - [2022-12-25T15:46:25.164+0000] {dagbag.py:538} INFO - Filling up the DagBag from /home/airflow/.local/lib/python3.7/site-packages/airflow/example_dags/example_branch_python_dop_operator_3.py
[2022-12-25T15:46:25.188+0000] {processor.py:753} INFO - DAG(s) dict_keys(['example_branch_dop_operator_v3']) retrieved from /home/airflow/.local/lib/python3.7/site-packages/airflow/example_dags/example_branch_python_dop_operator_3.py
[2022-12-25T15:46:25.226+0000] {logging_mixin.py:137} INFO - [2022-12-25T15:46:25.226+0000] {dag.py:2676} INFO - Sync 1 DAGs
[2022-12-25T15:46:25.255+0000] {logging_mixin.py:137} INFO - [2022-12-25T15:46:25.255+0000] {dag.py:3427} INFO - Setting next_dagrun for example_branch_dop_operator_v3 to 2022-12-25T15:45:00+00:00, run_after=2022-12-25T15:46:00+00:00
[2022-12-25T15:46:25.274+0000] {processor.py:175} INFO - Processing /home/airflow/.local/lib/python3.7/site-packages/airflow/example_dags/example_branch_python_dop_operator_3.py took 0.114 seconds
[2022-12-25T15:46:55.441+0000] {processor.py:153} INFO - Started process (PID=7078) to work on /home/airflow/.local/lib/python3.7/site-packages/airflow/example_dags/example_branch_python_dop_operator_3.py
[2022-12-25T15:46:55.442+0000] {processor.py:743} INFO - Processing file /home/airflow/.local/lib/python3.7/site-packages/airflow/example_dags/example_branch_python_dop_operator_3.py for tasks to queue
[2022-12-25T15:46:55.443+0000] {logging_mixin.py:137} INFO - [2022-12-25T15:46:55.443+0000] {dagbag.py:538} INFO - Filling up the DagBag from /home/airflow/.local/lib/python3.7/site-packages/airflow/example_dags/example_branch_python_dop_operator_3.py
[2022-12-25T15:46:55.474+0000] {processor.py:753} INFO - DAG(s) dict_keys(['example_branch_dop_operator_v3']) retrieved from /home/airflow/.local/lib/python3.7/site-packages/airflow/example_dags/example_branch_python_dop_operator_3.py
[2022-12-25T15:46:55.511+0000] {logging_mixin.py:137} INFO - [2022-12-25T15:46:55.511+0000] {dag.py:2676} INFO - Sync 1 DAGs
[2022-12-25T15:46:55.541+0000] {logging_mixin.py:137} INFO - [2022-12-25T15:46:55.541+0000] {dag.py:3427} INFO - Setting next_dagrun for example_branch_dop_operator_v3 to 2022-12-25T15:45:00+00:00, run_after=2022-12-25T15:46:00+00:00
[2022-12-25T15:46:55.560+0000] {processor.py:175} INFO - Processing /home/airflow/.local/lib/python3.7/site-packages/airflow/example_dags/example_branch_python_dop_operator_3.py took 0.123 seconds
[2022-12-25T15:47:26.602+0000] {processor.py:153} INFO - Started process (PID=7329) to work on /home/airflow/.local/lib/python3.7/site-packages/airflow/example_dags/example_branch_python_dop_operator_3.py
[2022-12-25T15:47:26.605+0000] {processor.py:743} INFO - Processing file /home/airflow/.local/lib/python3.7/site-packages/airflow/example_dags/example_branch_python_dop_operator_3.py for tasks to queue
[2022-12-25T15:47:26.609+0000] {logging_mixin.py:137} INFO - [2022-12-25T15:47:26.608+0000] {dagbag.py:538} INFO - Filling up the DagBag from /home/airflow/.local/lib/python3.7/site-packages/airflow/example_dags/example_branch_python_dop_operator_3.py
[2022-12-25T15:47:26.705+0000] {processor.py:753} INFO - DAG(s) dict_keys(['example_branch_dop_operator_v3']) retrieved from /home/airflow/.local/lib/python3.7/site-packages/airflow/example_dags/example_branch_python_dop_operator_3.py
[2022-12-25T15:47:26.799+0000] {logging_mixin.py:137} INFO - [2022-12-25T15:47:26.799+0000] {dag.py:2676} INFO - Sync 1 DAGs
[2022-12-25T15:47:26.881+0000] {logging_mixin.py:137} INFO - [2022-12-25T15:47:26.881+0000] {dag.py:3427} INFO - Setting next_dagrun for example_branch_dop_operator_v3 to 2022-12-25T15:46:00+00:00, run_after=2022-12-25T15:47:00+00:00
[2022-12-25T15:47:26.937+0000] {processor.py:175} INFO - Processing /home/airflow/.local/lib/python3.7/site-packages/airflow/example_dags/example_branch_python_dop_operator_3.py took 0.354 seconds
[2022-12-25T15:47:57.277+0000] {processor.py:153} INFO - Started process (PID=7559) to work on /home/airflow/.local/lib/python3.7/site-packages/airflow/example_dags/example_branch_python_dop_operator_3.py
[2022-12-25T15:47:57.279+0000] {processor.py:743} INFO - Processing file /home/airflow/.local/lib/python3.7/site-packages/airflow/example_dags/example_branch_python_dop_operator_3.py for tasks to queue
[2022-12-25T15:47:57.279+0000] {logging_mixin.py:137} INFO - [2022-12-25T15:47:57.279+0000] {dagbag.py:538} INFO - Filling up the DagBag from /home/airflow/.local/lib/python3.7/site-packages/airflow/example_dags/example_branch_python_dop_operator_3.py
[2022-12-25T15:47:57.307+0000] {processor.py:753} INFO - DAG(s) dict_keys(['example_branch_dop_operator_v3']) retrieved from /home/airflow/.local/lib/python3.7/site-packages/airflow/example_dags/example_branch_python_dop_operator_3.py
[2022-12-25T15:47:57.354+0000] {logging_mixin.py:137} INFO - [2022-12-25T15:47:57.353+0000] {dag.py:2676} INFO - Sync 1 DAGs
[2022-12-25T15:47:57.386+0000] {logging_mixin.py:137} INFO - [2022-12-25T15:47:57.386+0000] {dag.py:3427} INFO - Setting next_dagrun for example_branch_dop_operator_v3 to 2022-12-25T15:46:00+00:00, run_after=2022-12-25T15:47:00+00:00
[2022-12-25T15:47:57.408+0000] {processor.py:175} INFO - Processing /home/airflow/.local/lib/python3.7/site-packages/airflow/example_dags/example_branch_python_dop_operator_3.py took 0.135 seconds
[2022-12-25T15:48:27.729+0000] {processor.py:153} INFO - Started process (PID=7789) to work on /home/airflow/.local/lib/python3.7/site-packages/airflow/example_dags/example_branch_python_dop_operator_3.py
[2022-12-25T15:48:27.731+0000] {processor.py:743} INFO - Processing file /home/airflow/.local/lib/python3.7/site-packages/airflow/example_dags/example_branch_python_dop_operator_3.py for tasks to queue
[2022-12-25T15:48:27.731+0000] {logging_mixin.py:137} INFO - [2022-12-25T15:48:27.731+0000] {dagbag.py:538} INFO - Filling up the DagBag from /home/airflow/.local/lib/python3.7/site-packages/airflow/example_dags/example_branch_python_dop_operator_3.py
[2022-12-25T15:48:27.760+0000] {processor.py:753} INFO - DAG(s) dict_keys(['example_branch_dop_operator_v3']) retrieved from /home/airflow/.local/lib/python3.7/site-packages/airflow/example_dags/example_branch_python_dop_operator_3.py
[2022-12-25T15:48:27.811+0000] {logging_mixin.py:137} INFO - [2022-12-25T15:48:27.811+0000] {dag.py:2676} INFO - Sync 1 DAGs
[2022-12-25T15:48:27.848+0000] {logging_mixin.py:137} INFO - [2022-12-25T15:48:27.848+0000] {dag.py:3427} INFO - Setting next_dagrun for example_branch_dop_operator_v3 to 2022-12-25T15:47:00+00:00, run_after=2022-12-25T15:48:00+00:00
[2022-12-25T15:48:27.869+0000] {processor.py:175} INFO - Processing /home/airflow/.local/lib/python3.7/site-packages/airflow/example_dags/example_branch_python_dop_operator_3.py took 0.143 seconds
[2022-12-25T15:48:58.071+0000] {processor.py:153} INFO - Started process (PID=8039) to work on /home/airflow/.local/lib/python3.7/site-packages/airflow/example_dags/example_branch_python_dop_operator_3.py
[2022-12-25T15:48:58.073+0000] {processor.py:743} INFO - Processing file /home/airflow/.local/lib/python3.7/site-packages/airflow/example_dags/example_branch_python_dop_operator_3.py for tasks to queue
[2022-12-25T15:48:58.076+0000] {logging_mixin.py:137} INFO - [2022-12-25T15:48:58.075+0000] {dagbag.py:538} INFO - Filling up the DagBag from /home/airflow/.local/lib/python3.7/site-packages/airflow/example_dags/example_branch_python_dop_operator_3.py
[2022-12-25T15:48:58.152+0000] {processor.py:753} INFO - DAG(s) dict_keys(['example_branch_dop_operator_v3']) retrieved from /home/airflow/.local/lib/python3.7/site-packages/airflow/example_dags/example_branch_python_dop_operator_3.py
[2022-12-25T15:48:58.233+0000] {logging_mixin.py:137} INFO - [2022-12-25T15:48:58.233+0000] {dag.py:2676} INFO - Sync 1 DAGs
[2022-12-25T15:48:58.287+0000] {logging_mixin.py:137} INFO - [2022-12-25T15:48:58.287+0000] {dag.py:3427} INFO - Setting next_dagrun for example_branch_dop_operator_v3 to 2022-12-25T15:47:00+00:00, run_after=2022-12-25T15:48:00+00:00
[2022-12-25T15:48:58.312+0000] {processor.py:175} INFO - Processing /home/airflow/.local/lib/python3.7/site-packages/airflow/example_dags/example_branch_python_dop_operator_3.py took 0.251 seconds
[2022-12-25T15:49:28.364+0000] {processor.py:153} INFO - Started process (PID=8271) to work on /home/airflow/.local/lib/python3.7/site-packages/airflow/example_dags/example_branch_python_dop_operator_3.py
[2022-12-25T15:49:28.365+0000] {processor.py:743} INFO - Processing file /home/airflow/.local/lib/python3.7/site-packages/airflow/example_dags/example_branch_python_dop_operator_3.py for tasks to queue
[2022-12-25T15:49:28.365+0000] {logging_mixin.py:137} INFO - [2022-12-25T15:49:28.365+0000] {dagbag.py:538} INFO - Filling up the DagBag from /home/airflow/.local/lib/python3.7/site-packages/airflow/example_dags/example_branch_python_dop_operator_3.py
[2022-12-25T15:49:28.386+0000] {processor.py:753} INFO - DAG(s) dict_keys(['example_branch_dop_operator_v3']) retrieved from /home/airflow/.local/lib/python3.7/site-packages/airflow/example_dags/example_branch_python_dop_operator_3.py
[2022-12-25T15:49:28.426+0000] {logging_mixin.py:137} INFO - [2022-12-25T15:49:28.425+0000] {dag.py:2676} INFO - Sync 1 DAGs
[2022-12-25T15:49:28.454+0000] {logging_mixin.py:137} INFO - [2022-12-25T15:49:28.454+0000] {dag.py:3427} INFO - Setting next_dagrun for example_branch_dop_operator_v3 to 2022-12-25T15:48:00+00:00, run_after=2022-12-25T15:49:00+00:00
[2022-12-25T15:49:28.473+0000] {processor.py:175} INFO - Processing /home/airflow/.local/lib/python3.7/site-packages/airflow/example_dags/example_branch_python_dop_operator_3.py took 0.112 seconds
[2022-12-25T15:49:58.611+0000] {processor.py:153} INFO - Started process (PID=8499) to work on /home/airflow/.local/lib/python3.7/site-packages/airflow/example_dags/example_branch_python_dop_operator_3.py
[2022-12-25T15:49:58.612+0000] {processor.py:743} INFO - Processing file /home/airflow/.local/lib/python3.7/site-packages/airflow/example_dags/example_branch_python_dop_operator_3.py for tasks to queue
[2022-12-25T15:49:58.613+0000] {logging_mixin.py:137} INFO - [2022-12-25T15:49:58.613+0000] {dagbag.py:538} INFO - Filling up the DagBag from /home/airflow/.local/lib/python3.7/site-packages/airflow/example_dags/example_branch_python_dop_operator_3.py
[2022-12-25T15:49:58.636+0000] {processor.py:753} INFO - DAG(s) dict_keys(['example_branch_dop_operator_v3']) retrieved from /home/airflow/.local/lib/python3.7/site-packages/airflow/example_dags/example_branch_python_dop_operator_3.py
[2022-12-25T15:49:58.671+0000] {logging_mixin.py:137} INFO - [2022-12-25T15:49:58.671+0000] {dag.py:2676} INFO - Sync 1 DAGs
[2022-12-25T15:49:58.699+0000] {logging_mixin.py:137} INFO - [2022-12-25T15:49:58.699+0000] {dag.py:3427} INFO - Setting next_dagrun for example_branch_dop_operator_v3 to 2022-12-25T15:48:00+00:00, run_after=2022-12-25T15:49:00+00:00
[2022-12-25T15:49:58.720+0000] {processor.py:175} INFO - Processing /home/airflow/.local/lib/python3.7/site-packages/airflow/example_dags/example_branch_python_dop_operator_3.py took 0.113 seconds
[2022-12-25T15:50:28.920+0000] {processor.py:153} INFO - Started process (PID=8749) to work on /home/airflow/.local/lib/python3.7/site-packages/airflow/example_dags/example_branch_python_dop_operator_3.py
[2022-12-25T15:50:28.921+0000] {processor.py:743} INFO - Processing file /home/airflow/.local/lib/python3.7/site-packages/airflow/example_dags/example_branch_python_dop_operator_3.py for tasks to queue
[2022-12-25T15:50:28.922+0000] {logging_mixin.py:137} INFO - [2022-12-25T15:50:28.922+0000] {dagbag.py:538} INFO - Filling up the DagBag from /home/airflow/.local/lib/python3.7/site-packages/airflow/example_dags/example_branch_python_dop_operator_3.py
[2022-12-25T15:50:28.968+0000] {processor.py:753} INFO - DAG(s) dict_keys(['example_branch_dop_operator_v3']) retrieved from /home/airflow/.local/lib/python3.7/site-packages/airflow/example_dags/example_branch_python_dop_operator_3.py
[2022-12-25T15:50:29.037+0000] {logging_mixin.py:137} INFO - [2022-12-25T15:50:29.036+0000] {dag.py:2676} INFO - Sync 1 DAGs
[2022-12-25T15:50:29.085+0000] {logging_mixin.py:137} INFO - [2022-12-25T15:50:29.085+0000] {dag.py:3427} INFO - Setting next_dagrun for example_branch_dop_operator_v3 to 2022-12-25T15:49:00+00:00, run_after=2022-12-25T15:50:00+00:00
[2022-12-25T15:50:29.106+0000] {processor.py:175} INFO - Processing /home/airflow/.local/lib/python3.7/site-packages/airflow/example_dags/example_branch_python_dop_operator_3.py took 0.195 seconds
[2022-12-25T15:50:59.255+0000] {processor.py:153} INFO - Started process (PID=8979) to work on /home/airflow/.local/lib/python3.7/site-packages/airflow/example_dags/example_branch_python_dop_operator_3.py
[2022-12-25T15:50:59.257+0000] {processor.py:743} INFO - Processing file /home/airflow/.local/lib/python3.7/site-packages/airflow/example_dags/example_branch_python_dop_operator_3.py for tasks to queue
[2022-12-25T15:50:59.258+0000] {logging_mixin.py:137} INFO - [2022-12-25T15:50:59.258+0000] {dagbag.py:538} INFO - Filling up the DagBag from /home/airflow/.local/lib/python3.7/site-packages/airflow/example_dags/example_branch_python_dop_operator_3.py
[2022-12-25T15:50:59.283+0000] {processor.py:753} INFO - DAG(s) dict_keys(['example_branch_dop_operator_v3']) retrieved from /home/airflow/.local/lib/python3.7/site-packages/airflow/example_dags/example_branch_python_dop_operator_3.py
[2022-12-25T15:50:59.327+0000] {logging_mixin.py:137} INFO - [2022-12-25T15:50:59.326+0000] {dag.py:2676} INFO - Sync 1 DAGs
[2022-12-25T15:50:59.361+0000] {logging_mixin.py:137} INFO - [2022-12-25T15:50:59.361+0000] {dag.py:3427} INFO - Setting next_dagrun for example_branch_dop_operator_v3 to 2022-12-25T15:49:00+00:00, run_after=2022-12-25T15:50:00+00:00
[2022-12-25T15:50:59.386+0000] {processor.py:175} INFO - Processing /home/airflow/.local/lib/python3.7/site-packages/airflow/example_dags/example_branch_python_dop_operator_3.py took 0.134 seconds
[2022-12-25T15:51:29.617+0000] {processor.py:153} INFO - Started process (PID=9229) to work on /home/airflow/.local/lib/python3.7/site-packages/airflow/example_dags/example_branch_python_dop_operator_3.py
[2022-12-25T15:51:29.619+0000] {processor.py:743} INFO - Processing file /home/airflow/.local/lib/python3.7/site-packages/airflow/example_dags/example_branch_python_dop_operator_3.py for tasks to queue
[2022-12-25T15:51:29.620+0000] {logging_mixin.py:137} INFO - [2022-12-25T15:51:29.620+0000] {dagbag.py:538} INFO - Filling up the DagBag from /home/airflow/.local/lib/python3.7/site-packages/airflow/example_dags/example_branch_python_dop_operator_3.py
[2022-12-25T15:51:29.701+0000] {processor.py:753} INFO - DAG(s) dict_keys(['example_branch_dop_operator_v3']) retrieved from /home/airflow/.local/lib/python3.7/site-packages/airflow/example_dags/example_branch_python_dop_operator_3.py
[2022-12-25T15:51:29.803+0000] {logging_mixin.py:137} INFO - [2022-12-25T15:51:29.803+0000] {dag.py:2676} INFO - Sync 1 DAGs
[2022-12-25T15:51:29.873+0000] {logging_mixin.py:137} INFO - [2022-12-25T15:51:29.872+0000] {dag.py:3427} INFO - Setting next_dagrun for example_branch_dop_operator_v3 to 2022-12-25T15:50:00+00:00, run_after=2022-12-25T15:51:00+00:00
[2022-12-25T15:51:30.019+0000] {processor.py:175} INFO - Processing /home/airflow/.local/lib/python3.7/site-packages/airflow/example_dags/example_branch_python_dop_operator_3.py took 0.409 seconds
[2022-12-25T15:52:00.828+0000] {processor.py:153} INFO - Started process (PID=9461) to work on /home/airflow/.local/lib/python3.7/site-packages/airflow/example_dags/example_branch_python_dop_operator_3.py
[2022-12-25T15:52:00.830+0000] {processor.py:743} INFO - Processing file /home/airflow/.local/lib/python3.7/site-packages/airflow/example_dags/example_branch_python_dop_operator_3.py for tasks to queue
[2022-12-25T15:52:00.831+0000] {logging_mixin.py:137} INFO - [2022-12-25T15:52:00.830+0000] {dagbag.py:538} INFO - Filling up the DagBag from /home/airflow/.local/lib/python3.7/site-packages/airflow/example_dags/example_branch_python_dop_operator_3.py
[2022-12-25T15:52:00.855+0000] {processor.py:753} INFO - DAG(s) dict_keys(['example_branch_dop_operator_v3']) retrieved from /home/airflow/.local/lib/python3.7/site-packages/airflow/example_dags/example_branch_python_dop_operator_3.py
[2022-12-25T15:52:00.892+0000] {logging_mixin.py:137} INFO - [2022-12-25T15:52:00.892+0000] {dag.py:2676} INFO - Sync 1 DAGs
[2022-12-25T15:52:00.921+0000] {logging_mixin.py:137} INFO - [2022-12-25T15:52:00.920+0000] {dag.py:3427} INFO - Setting next_dagrun for example_branch_dop_operator_v3 to 2022-12-25T15:51:00+00:00, run_after=2022-12-25T15:52:00+00:00
[2022-12-25T15:52:00.943+0000] {processor.py:175} INFO - Processing /home/airflow/.local/lib/python3.7/site-packages/airflow/example_dags/example_branch_python_dop_operator_3.py took 0.118 seconds
[2022-12-25T15:52:31.874+0000] {processor.py:153} INFO - Started process (PID=9691) to work on /home/airflow/.local/lib/python3.7/site-packages/airflow/example_dags/example_branch_python_dop_operator_3.py
[2022-12-25T15:52:31.877+0000] {processor.py:743} INFO - Processing file /home/airflow/.local/lib/python3.7/site-packages/airflow/example_dags/example_branch_python_dop_operator_3.py for tasks to queue
[2022-12-25T15:52:31.879+0000] {logging_mixin.py:137} INFO - [2022-12-25T15:52:31.879+0000] {dagbag.py:538} INFO - Filling up the DagBag from /home/airflow/.local/lib/python3.7/site-packages/airflow/example_dags/example_branch_python_dop_operator_3.py
[2022-12-25T15:52:31.920+0000] {processor.py:753} INFO - DAG(s) dict_keys(['example_branch_dop_operator_v3']) retrieved from /home/airflow/.local/lib/python3.7/site-packages/airflow/example_dags/example_branch_python_dop_operator_3.py
[2022-12-25T15:52:32.026+0000] {logging_mixin.py:137} INFO - [2022-12-25T15:52:32.026+0000] {dag.py:2676} INFO - Sync 1 DAGs
[2022-12-25T15:52:32.063+0000] {logging_mixin.py:137} INFO - [2022-12-25T15:52:32.063+0000] {dag.py:3427} INFO - Setting next_dagrun for example_branch_dop_operator_v3 to 2022-12-25T15:51:00+00:00, run_after=2022-12-25T15:52:00+00:00
[2022-12-25T15:52:32.090+0000] {processor.py:175} INFO - Processing /home/airflow/.local/lib/python3.7/site-packages/airflow/example_dags/example_branch_python_dop_operator_3.py took 0.222 seconds
[2022-12-25T15:53:02.370+0000] {processor.py:153} INFO - Started process (PID=9941) to work on /home/airflow/.local/lib/python3.7/site-packages/airflow/example_dags/example_branch_python_dop_operator_3.py
[2022-12-25T15:53:02.372+0000] {processor.py:743} INFO - Processing file /home/airflow/.local/lib/python3.7/site-packages/airflow/example_dags/example_branch_python_dop_operator_3.py for tasks to queue
[2022-12-25T15:53:02.373+0000] {logging_mixin.py:137} INFO - [2022-12-25T15:53:02.373+0000] {dagbag.py:538} INFO - Filling up the DagBag from /home/airflow/.local/lib/python3.7/site-packages/airflow/example_dags/example_branch_python_dop_operator_3.py
[2022-12-25T15:53:02.409+0000] {processor.py:753} INFO - DAG(s) dict_keys(['example_branch_dop_operator_v3']) retrieved from /home/airflow/.local/lib/python3.7/site-packages/airflow/example_dags/example_branch_python_dop_operator_3.py
[2022-12-25T15:53:02.496+0000] {logging_mixin.py:137} INFO - [2022-12-25T15:53:02.495+0000] {dag.py:2676} INFO - Sync 1 DAGs
[2022-12-25T15:53:02.541+0000] {logging_mixin.py:137} INFO - [2022-12-25T15:53:02.541+0000] {dag.py:3427} INFO - Setting next_dagrun for example_branch_dop_operator_v3 to 2022-12-25T15:52:00+00:00, run_after=2022-12-25T15:53:00+00:00
[2022-12-25T15:53:02.626+0000] {processor.py:175} INFO - Processing /home/airflow/.local/lib/python3.7/site-packages/airflow/example_dags/example_branch_python_dop_operator_3.py took 0.261 seconds
[2022-12-25T15:53:33.315+0000] {processor.py:153} INFO - Started process (PID=10180) to work on /home/airflow/.local/lib/python3.7/site-packages/airflow/example_dags/example_branch_python_dop_operator_3.py
[2022-12-25T15:53:33.319+0000] {processor.py:743} INFO - Processing file /home/airflow/.local/lib/python3.7/site-packages/airflow/example_dags/example_branch_python_dop_operator_3.py for tasks to queue
[2022-12-25T15:53:33.322+0000] {logging_mixin.py:137} INFO - [2022-12-25T15:53:33.321+0000] {dagbag.py:538} INFO - Filling up the DagBag from /home/airflow/.local/lib/python3.7/site-packages/airflow/example_dags/example_branch_python_dop_operator_3.py
[2022-12-25T15:53:33.472+0000] {processor.py:753} INFO - DAG(s) dict_keys(['example_branch_dop_operator_v3']) retrieved from /home/airflow/.local/lib/python3.7/site-packages/airflow/example_dags/example_branch_python_dop_operator_3.py
[2022-12-25T15:53:33.632+0000] {logging_mixin.py:137} INFO - [2022-12-25T15:53:33.631+0000] {dag.py:2676} INFO - Sync 1 DAGs
[2022-12-25T15:53:33.694+0000] {logging_mixin.py:137} INFO - [2022-12-25T15:53:33.694+0000] {dag.py:3427} INFO - Setting next_dagrun for example_branch_dop_operator_v3 to 2022-12-25T15:52:00+00:00, run_after=2022-12-25T15:53:00+00:00
[2022-12-25T15:53:33.735+0000] {processor.py:175} INFO - Processing /home/airflow/.local/lib/python3.7/site-packages/airflow/example_dags/example_branch_python_dop_operator_3.py took 0.451 seconds
