[2022-12-25T15:32:07.368+0000] {processor.py:153} INFO - Started process (PID=194) to work on /home/airflow/.local/lib/python3.7/site-packages/airflow/example_dags/example_latest_only_with_trigger.py
[2022-12-25T15:32:07.369+0000] {processor.py:743} INFO - Processing file /home/airflow/.local/lib/python3.7/site-packages/airflow/example_dags/example_latest_only_with_trigger.py for tasks to queue
[2022-12-25T15:32:07.370+0000] {logging_mixin.py:137} INFO - [2022-12-25T15:32:07.370+0000] {dagbag.py:538} INFO - Filling up the DagBag from /home/airflow/.local/lib/python3.7/site-packages/airflow/example_dags/example_latest_only_with_trigger.py
[2022-12-25T15:32:07.516+0000] {processor.py:753} INFO - DAG(s) dict_keys(['latest_only_with_trigger']) retrieved from /home/airflow/.local/lib/python3.7/site-packages/airflow/example_dags/example_latest_only_with_trigger.py
[2022-12-25T15:32:07.709+0000] {logging_mixin.py:137} INFO - [2022-12-25T15:32:07.709+0000] {dag.py:2676} INFO - Sync 1 DAGs
[2022-12-25T15:32:07.847+0000] {logging_mixin.py:137} INFO - [2022-12-25T15:32:07.847+0000] {dag.py:3427} INFO - Setting next_dagrun for latest_only_with_trigger to 2022-12-25T11:32:07.840858+00:00, run_after=2022-12-25T15:32:07.840858+00:00
[2022-12-25T15:32:07.986+0000] {processor.py:175} INFO - Processing /home/airflow/.local/lib/python3.7/site-packages/airflow/example_dags/example_latest_only_with_trigger.py took 0.631 seconds
[2022-12-25T15:32:39.045+0000] {processor.py:153} INFO - Started process (PID=425) to work on /home/airflow/.local/lib/python3.7/site-packages/airflow/example_dags/example_latest_only_with_trigger.py
[2022-12-25T15:32:39.046+0000] {processor.py:743} INFO - Processing file /home/airflow/.local/lib/python3.7/site-packages/airflow/example_dags/example_latest_only_with_trigger.py for tasks to queue
[2022-12-25T15:32:39.047+0000] {logging_mixin.py:137} INFO - [2022-12-25T15:32:39.047+0000] {dagbag.py:538} INFO - Filling up the DagBag from /home/airflow/.local/lib/python3.7/site-packages/airflow/example_dags/example_latest_only_with_trigger.py
[2022-12-25T15:32:39.063+0000] {processor.py:753} INFO - DAG(s) dict_keys(['latest_only_with_trigger']) retrieved from /home/airflow/.local/lib/python3.7/site-packages/airflow/example_dags/example_latest_only_with_trigger.py
[2022-12-25T15:32:39.113+0000] {logging_mixin.py:137} INFO - [2022-12-25T15:32:39.113+0000] {dag.py:2676} INFO - Sync 1 DAGs
[2022-12-25T15:32:39.148+0000] {logging_mixin.py:137} INFO - [2022-12-25T15:32:39.147+0000] {dag.py:3427} INFO - Setting next_dagrun for latest_only_with_trigger to 2022-12-25T11:32:39.147687+00:00, run_after=2022-12-25T15:32:39.147687+00:00
[2022-12-25T15:32:39.177+0000] {processor.py:175} INFO - Processing /home/airflow/.local/lib/python3.7/site-packages/airflow/example_dags/example_latest_only_with_trigger.py took 0.137 seconds
[2022-12-25T15:33:09.222+0000] {processor.py:153} INFO - Started process (PID=656) to work on /home/airflow/.local/lib/python3.7/site-packages/airflow/example_dags/example_latest_only_with_trigger.py
[2022-12-25T15:33:09.225+0000] {processor.py:743} INFO - Processing file /home/airflow/.local/lib/python3.7/site-packages/airflow/example_dags/example_latest_only_with_trigger.py for tasks to queue
[2022-12-25T15:33:09.226+0000] {logging_mixin.py:137} INFO - [2022-12-25T15:33:09.225+0000] {dagbag.py:538} INFO - Filling up the DagBag from /home/airflow/.local/lib/python3.7/site-packages/airflow/example_dags/example_latest_only_with_trigger.py
[2022-12-25T15:33:09.300+0000] {processor.py:753} INFO - DAG(s) dict_keys(['latest_only_with_trigger']) retrieved from /home/airflow/.local/lib/python3.7/site-packages/airflow/example_dags/example_latest_only_with_trigger.py
[2022-12-25T15:33:09.437+0000] {logging_mixin.py:137} INFO - [2022-12-25T15:33:09.437+0000] {dag.py:2676} INFO - Sync 1 DAGs
[2022-12-25T15:33:09.506+0000] {logging_mixin.py:137} INFO - [2022-12-25T15:33:09.505+0000] {dag.py:3427} INFO - Setting next_dagrun for latest_only_with_trigger to 2022-12-25T11:33:09.504859+00:00, run_after=2022-12-25T15:33:09.504859+00:00
[2022-12-25T15:33:09.569+0000] {processor.py:175} INFO - Processing /home/airflow/.local/lib/python3.7/site-packages/airflow/example_dags/example_latest_only_with_trigger.py took 0.352 seconds
[2022-12-25T15:33:40.430+0000] {processor.py:153} INFO - Started process (PID=886) to work on /home/airflow/.local/lib/python3.7/site-packages/airflow/example_dags/example_latest_only_with_trigger.py
[2022-12-25T15:33:40.432+0000] {processor.py:743} INFO - Processing file /home/airflow/.local/lib/python3.7/site-packages/airflow/example_dags/example_latest_only_with_trigger.py for tasks to queue
[2022-12-25T15:33:40.432+0000] {logging_mixin.py:137} INFO - [2022-12-25T15:33:40.432+0000] {dagbag.py:538} INFO - Filling up the DagBag from /home/airflow/.local/lib/python3.7/site-packages/airflow/example_dags/example_latest_only_with_trigger.py
[2022-12-25T15:33:40.449+0000] {processor.py:753} INFO - DAG(s) dict_keys(['latest_only_with_trigger']) retrieved from /home/airflow/.local/lib/python3.7/site-packages/airflow/example_dags/example_latest_only_with_trigger.py
[2022-12-25T15:33:40.546+0000] {logging_mixin.py:137} INFO - [2022-12-25T15:33:40.545+0000] {dag.py:2676} INFO - Sync 1 DAGs
[2022-12-25T15:33:40.631+0000] {logging_mixin.py:137} INFO - [2022-12-25T15:33:40.631+0000] {dag.py:3427} INFO - Setting next_dagrun for latest_only_with_trigger to 2022-12-25T11:33:40.629858+00:00, run_after=2022-12-25T15:33:40.629858+00:00
[2022-12-25T15:33:40.672+0000] {processor.py:175} INFO - Processing /home/airflow/.local/lib/python3.7/site-packages/airflow/example_dags/example_latest_only_with_trigger.py took 0.250 seconds
[2022-12-25T15:34:11.657+0000] {processor.py:153} INFO - Started process (PID=1137) to work on /home/airflow/.local/lib/python3.7/site-packages/airflow/example_dags/example_latest_only_with_trigger.py
[2022-12-25T15:34:11.659+0000] {processor.py:743} INFO - Processing file /home/airflow/.local/lib/python3.7/site-packages/airflow/example_dags/example_latest_only_with_trigger.py for tasks to queue
[2022-12-25T15:34:11.660+0000] {logging_mixin.py:137} INFO - [2022-12-25T15:34:11.659+0000] {dagbag.py:538} INFO - Filling up the DagBag from /home/airflow/.local/lib/python3.7/site-packages/airflow/example_dags/example_latest_only_with_trigger.py
[2022-12-25T15:34:11.677+0000] {processor.py:753} INFO - DAG(s) dict_keys(['latest_only_with_trigger']) retrieved from /home/airflow/.local/lib/python3.7/site-packages/airflow/example_dags/example_latest_only_with_trigger.py
[2022-12-25T15:34:11.726+0000] {logging_mixin.py:137} INFO - [2022-12-25T15:34:11.725+0000] {dag.py:2676} INFO - Sync 1 DAGs
[2022-12-25T15:34:11.756+0000] {logging_mixin.py:137} INFO - [2022-12-25T15:34:11.756+0000] {dag.py:3427} INFO - Setting next_dagrun for latest_only_with_trigger to 2022-12-25T11:34:11.756386+00:00, run_after=2022-12-25T15:34:11.756386+00:00
[2022-12-25T15:34:11.782+0000] {processor.py:175} INFO - Processing /home/airflow/.local/lib/python3.7/site-packages/airflow/example_dags/example_latest_only_with_trigger.py took 0.128 seconds
[2022-12-25T15:34:41.855+0000] {processor.py:153} INFO - Started process (PID=1367) to work on /home/airflow/.local/lib/python3.7/site-packages/airflow/example_dags/example_latest_only_with_trigger.py
[2022-12-25T15:34:41.857+0000] {processor.py:743} INFO - Processing file /home/airflow/.local/lib/python3.7/site-packages/airflow/example_dags/example_latest_only_with_trigger.py for tasks to queue
[2022-12-25T15:34:41.857+0000] {logging_mixin.py:137} INFO - [2022-12-25T15:34:41.857+0000] {dagbag.py:538} INFO - Filling up the DagBag from /home/airflow/.local/lib/python3.7/site-packages/airflow/example_dags/example_latest_only_with_trigger.py
[2022-12-25T15:34:41.873+0000] {processor.py:753} INFO - DAG(s) dict_keys(['latest_only_with_trigger']) retrieved from /home/airflow/.local/lib/python3.7/site-packages/airflow/example_dags/example_latest_only_with_trigger.py
[2022-12-25T15:34:41.915+0000] {logging_mixin.py:137} INFO - [2022-12-25T15:34:41.915+0000] {dag.py:2676} INFO - Sync 1 DAGs
[2022-12-25T15:34:41.943+0000] {logging_mixin.py:137} INFO - [2022-12-25T15:34:41.943+0000] {dag.py:3427} INFO - Setting next_dagrun for latest_only_with_trigger to 2022-12-25T11:34:41.943013+00:00, run_after=2022-12-25T15:34:41.943013+00:00
[2022-12-25T15:34:41.962+0000] {processor.py:175} INFO - Processing /home/airflow/.local/lib/python3.7/site-packages/airflow/example_dags/example_latest_only_with_trigger.py took 0.111 seconds
[2022-12-25T15:35:12.239+0000] {processor.py:153} INFO - Started process (PID=1597) to work on /home/airflow/.local/lib/python3.7/site-packages/airflow/example_dags/example_latest_only_with_trigger.py
[2022-12-25T15:35:12.240+0000] {processor.py:743} INFO - Processing file /home/airflow/.local/lib/python3.7/site-packages/airflow/example_dags/example_latest_only_with_trigger.py for tasks to queue
[2022-12-25T15:35:12.241+0000] {logging_mixin.py:137} INFO - [2022-12-25T15:35:12.241+0000] {dagbag.py:538} INFO - Filling up the DagBag from /home/airflow/.local/lib/python3.7/site-packages/airflow/example_dags/example_latest_only_with_trigger.py
[2022-12-25T15:35:12.258+0000] {processor.py:753} INFO - DAG(s) dict_keys(['latest_only_with_trigger']) retrieved from /home/airflow/.local/lib/python3.7/site-packages/airflow/example_dags/example_latest_only_with_trigger.py
[2022-12-25T15:35:12.301+0000] {logging_mixin.py:137} INFO - [2022-12-25T15:35:12.301+0000] {dag.py:2676} INFO - Sync 1 DAGs
[2022-12-25T15:35:12.330+0000] {logging_mixin.py:137} INFO - [2022-12-25T15:35:12.330+0000] {dag.py:3427} INFO - Setting next_dagrun for latest_only_with_trigger to 2022-12-25T11:35:12.330274+00:00, run_after=2022-12-25T15:35:12.330274+00:00
[2022-12-25T15:35:12.353+0000] {processor.py:175} INFO - Processing /home/airflow/.local/lib/python3.7/site-packages/airflow/example_dags/example_latest_only_with_trigger.py took 0.117 seconds
[2022-12-25T15:35:43.070+0000] {processor.py:153} INFO - Started process (PID=1847) to work on /home/airflow/.local/lib/python3.7/site-packages/airflow/example_dags/example_latest_only_with_trigger.py
[2022-12-25T15:35:43.072+0000] {processor.py:743} INFO - Processing file /home/airflow/.local/lib/python3.7/site-packages/airflow/example_dags/example_latest_only_with_trigger.py for tasks to queue
[2022-12-25T15:35:43.074+0000] {logging_mixin.py:137} INFO - [2022-12-25T15:35:43.074+0000] {dagbag.py:538} INFO - Filling up the DagBag from /home/airflow/.local/lib/python3.7/site-packages/airflow/example_dags/example_latest_only_with_trigger.py
[2022-12-25T15:35:43.114+0000] {processor.py:753} INFO - DAG(s) dict_keys(['latest_only_with_trigger']) retrieved from /home/airflow/.local/lib/python3.7/site-packages/airflow/example_dags/example_latest_only_with_trigger.py
[2022-12-25T15:35:43.240+0000] {logging_mixin.py:137} INFO - [2022-12-25T15:35:43.238+0000] {dag.py:2676} INFO - Sync 1 DAGs
[2022-12-25T15:35:43.436+0000] {logging_mixin.py:137} INFO - [2022-12-25T15:35:43.436+0000] {dag.py:3427} INFO - Setting next_dagrun for latest_only_with_trigger to 2022-12-25T11:35:43.434683+00:00, run_after=2022-12-25T15:35:43.434683+00:00
[2022-12-25T15:35:43.518+0000] {processor.py:175} INFO - Processing /home/airflow/.local/lib/python3.7/site-packages/airflow/example_dags/example_latest_only_with_trigger.py took 0.460 seconds
[2022-12-25T15:36:14.482+0000] {processor.py:153} INFO - Started process (PID=2077) to work on /home/airflow/.local/lib/python3.7/site-packages/airflow/example_dags/example_latest_only_with_trigger.py
[2022-12-25T15:36:14.484+0000] {processor.py:743} INFO - Processing file /home/airflow/.local/lib/python3.7/site-packages/airflow/example_dags/example_latest_only_with_trigger.py for tasks to queue
[2022-12-25T15:36:14.485+0000] {logging_mixin.py:137} INFO - [2022-12-25T15:36:14.485+0000] {dagbag.py:538} INFO - Filling up the DagBag from /home/airflow/.local/lib/python3.7/site-packages/airflow/example_dags/example_latest_only_with_trigger.py
[2022-12-25T15:36:14.503+0000] {processor.py:753} INFO - DAG(s) dict_keys(['latest_only_with_trigger']) retrieved from /home/airflow/.local/lib/python3.7/site-packages/airflow/example_dags/example_latest_only_with_trigger.py
[2022-12-25T15:36:14.541+0000] {logging_mixin.py:137} INFO - [2022-12-25T15:36:14.541+0000] {dag.py:2676} INFO - Sync 1 DAGs
[2022-12-25T15:36:14.570+0000] {logging_mixin.py:137} INFO - [2022-12-25T15:36:14.569+0000] {dag.py:3427} INFO - Setting next_dagrun for latest_only_with_trigger to 2022-12-25T11:36:14.569629+00:00, run_after=2022-12-25T15:36:14.569629+00:00
[2022-12-25T15:36:14.592+0000] {processor.py:175} INFO - Processing /home/airflow/.local/lib/python3.7/site-packages/airflow/example_dags/example_latest_only_with_trigger.py took 0.117 seconds
[2022-12-25T15:36:44.627+0000] {processor.py:153} INFO - Started process (PID=2307) to work on /home/airflow/.local/lib/python3.7/site-packages/airflow/example_dags/example_latest_only_with_trigger.py
[2022-12-25T15:36:44.628+0000] {processor.py:743} INFO - Processing file /home/airflow/.local/lib/python3.7/site-packages/airflow/example_dags/example_latest_only_with_trigger.py for tasks to queue
[2022-12-25T15:36:44.629+0000] {logging_mixin.py:137} INFO - [2022-12-25T15:36:44.629+0000] {dagbag.py:538} INFO - Filling up the DagBag from /home/airflow/.local/lib/python3.7/site-packages/airflow/example_dags/example_latest_only_with_trigger.py
[2022-12-25T15:36:44.648+0000] {processor.py:753} INFO - DAG(s) dict_keys(['latest_only_with_trigger']) retrieved from /home/airflow/.local/lib/python3.7/site-packages/airflow/example_dags/example_latest_only_with_trigger.py
[2022-12-25T15:36:44.688+0000] {logging_mixin.py:137} INFO - [2022-12-25T15:36:44.688+0000] {dag.py:2676} INFO - Sync 1 DAGs
[2022-12-25T15:36:44.718+0000] {logging_mixin.py:137} INFO - [2022-12-25T15:36:44.718+0000] {dag.py:3427} INFO - Setting next_dagrun for latest_only_with_trigger to 2022-12-25T11:36:44.717580+00:00, run_after=2022-12-25T15:36:44.717580+00:00
[2022-12-25T15:36:44.745+0000] {processor.py:175} INFO - Processing /home/airflow/.local/lib/python3.7/site-packages/airflow/example_dags/example_latest_only_with_trigger.py took 0.123 seconds
[2022-12-25T15:37:15.216+0000] {processor.py:153} INFO - Started process (PID=2557) to work on /home/airflow/.local/lib/python3.7/site-packages/airflow/example_dags/example_latest_only_with_trigger.py
[2022-12-25T15:37:15.219+0000] {processor.py:743} INFO - Processing file /home/airflow/.local/lib/python3.7/site-packages/airflow/example_dags/example_latest_only_with_trigger.py for tasks to queue
[2022-12-25T15:37:15.220+0000] {logging_mixin.py:137} INFO - [2022-12-25T15:37:15.220+0000] {dagbag.py:538} INFO - Filling up the DagBag from /home/airflow/.local/lib/python3.7/site-packages/airflow/example_dags/example_latest_only_with_trigger.py
[2022-12-25T15:37:15.242+0000] {processor.py:753} INFO - DAG(s) dict_keys(['latest_only_with_trigger']) retrieved from /home/airflow/.local/lib/python3.7/site-packages/airflow/example_dags/example_latest_only_with_trigger.py
[2022-12-25T15:37:15.301+0000] {logging_mixin.py:137} INFO - [2022-12-25T15:37:15.301+0000] {dag.py:2676} INFO - Sync 1 DAGs
[2022-12-25T15:37:15.334+0000] {logging_mixin.py:137} INFO - [2022-12-25T15:37:15.334+0000] {dag.py:3427} INFO - Setting next_dagrun for latest_only_with_trigger to 2022-12-25T11:37:15.333912+00:00, run_after=2022-12-25T15:37:15.333912+00:00
[2022-12-25T15:37:15.356+0000] {processor.py:175} INFO - Processing /home/airflow/.local/lib/python3.7/site-packages/airflow/example_dags/example_latest_only_with_trigger.py took 0.145 seconds
[2022-12-25T15:37:45.536+0000] {processor.py:153} INFO - Started process (PID=2787) to work on /home/airflow/.local/lib/python3.7/site-packages/airflow/example_dags/example_latest_only_with_trigger.py
[2022-12-25T15:37:45.539+0000] {processor.py:743} INFO - Processing file /home/airflow/.local/lib/python3.7/site-packages/airflow/example_dags/example_latest_only_with_trigger.py for tasks to queue
[2022-12-25T15:37:45.540+0000] {logging_mixin.py:137} INFO - [2022-12-25T15:37:45.540+0000] {dagbag.py:538} INFO - Filling up the DagBag from /home/airflow/.local/lib/python3.7/site-packages/airflow/example_dags/example_latest_only_with_trigger.py
[2022-12-25T15:37:45.557+0000] {processor.py:753} INFO - DAG(s) dict_keys(['latest_only_with_trigger']) retrieved from /home/airflow/.local/lib/python3.7/site-packages/airflow/example_dags/example_latest_only_with_trigger.py
[2022-12-25T15:37:45.598+0000] {logging_mixin.py:137} INFO - [2022-12-25T15:37:45.598+0000] {dag.py:2676} INFO - Sync 1 DAGs
[2022-12-25T15:37:45.634+0000] {logging_mixin.py:137} INFO - [2022-12-25T15:37:45.634+0000] {dag.py:3427} INFO - Setting next_dagrun for latest_only_with_trigger to 2022-12-25T11:37:45.634385+00:00, run_after=2022-12-25T15:37:45.634385+00:00
[2022-12-25T15:37:45.665+0000] {processor.py:175} INFO - Processing /home/airflow/.local/lib/python3.7/site-packages/airflow/example_dags/example_latest_only_with_trigger.py took 0.134 seconds
[2022-12-25T15:38:16.456+0000] {processor.py:153} INFO - Started process (PID=3037) to work on /home/airflow/.local/lib/python3.7/site-packages/airflow/example_dags/example_latest_only_with_trigger.py
[2022-12-25T15:38:16.457+0000] {processor.py:743} INFO - Processing file /home/airflow/.local/lib/python3.7/site-packages/airflow/example_dags/example_latest_only_with_trigger.py for tasks to queue
[2022-12-25T15:38:16.458+0000] {logging_mixin.py:137} INFO - [2022-12-25T15:38:16.458+0000] {dagbag.py:538} INFO - Filling up the DagBag from /home/airflow/.local/lib/python3.7/site-packages/airflow/example_dags/example_latest_only_with_trigger.py
[2022-12-25T15:38:16.472+0000] {processor.py:753} INFO - DAG(s) dict_keys(['latest_only_with_trigger']) retrieved from /home/airflow/.local/lib/python3.7/site-packages/airflow/example_dags/example_latest_only_with_trigger.py
[2022-12-25T15:38:16.509+0000] {logging_mixin.py:137} INFO - [2022-12-25T15:38:16.509+0000] {dag.py:2676} INFO - Sync 1 DAGs
[2022-12-25T15:38:16.534+0000] {logging_mixin.py:137} INFO - [2022-12-25T15:38:16.534+0000] {dag.py:3427} INFO - Setting next_dagrun for latest_only_with_trigger to 2022-12-25T11:38:16.534342+00:00, run_after=2022-12-25T15:38:16.534342+00:00
[2022-12-25T15:38:16.556+0000] {processor.py:175} INFO - Processing /home/airflow/.local/lib/python3.7/site-packages/airflow/example_dags/example_latest_only_with_trigger.py took 0.104 seconds
[2022-12-25T15:38:47.012+0000] {processor.py:153} INFO - Started process (PID=3267) to work on /home/airflow/.local/lib/python3.7/site-packages/airflow/example_dags/example_latest_only_with_trigger.py
[2022-12-25T15:38:47.013+0000] {processor.py:743} INFO - Processing file /home/airflow/.local/lib/python3.7/site-packages/airflow/example_dags/example_latest_only_with_trigger.py for tasks to queue
[2022-12-25T15:38:47.013+0000] {logging_mixin.py:137} INFO - [2022-12-25T15:38:47.013+0000] {dagbag.py:538} INFO - Filling up the DagBag from /home/airflow/.local/lib/python3.7/site-packages/airflow/example_dags/example_latest_only_with_trigger.py
[2022-12-25T15:38:47.036+0000] {processor.py:753} INFO - DAG(s) dict_keys(['latest_only_with_trigger']) retrieved from /home/airflow/.local/lib/python3.7/site-packages/airflow/example_dags/example_latest_only_with_trigger.py
[2022-12-25T15:38:47.107+0000] {logging_mixin.py:137} INFO - [2022-12-25T15:38:47.107+0000] {dag.py:2676} INFO - Sync 1 DAGs
[2022-12-25T15:38:47.149+0000] {logging_mixin.py:137} INFO - [2022-12-25T15:38:47.149+0000] {dag.py:3427} INFO - Setting next_dagrun for latest_only_with_trigger to 2022-12-25T11:38:47.147849+00:00, run_after=2022-12-25T15:38:47.147849+00:00
[2022-12-25T15:38:47.178+0000] {processor.py:175} INFO - Processing /home/airflow/.local/lib/python3.7/site-packages/airflow/example_dags/example_latest_only_with_trigger.py took 0.171 seconds
[2022-12-25T15:39:17.390+0000] {processor.py:153} INFO - Started process (PID=3506) to work on /home/airflow/.local/lib/python3.7/site-packages/airflow/example_dags/example_latest_only_with_trigger.py
[2022-12-25T15:39:17.393+0000] {processor.py:743} INFO - Processing file /home/airflow/.local/lib/python3.7/site-packages/airflow/example_dags/example_latest_only_with_trigger.py for tasks to queue
[2022-12-25T15:39:17.395+0000] {logging_mixin.py:137} INFO - [2022-12-25T15:39:17.395+0000] {dagbag.py:538} INFO - Filling up the DagBag from /home/airflow/.local/lib/python3.7/site-packages/airflow/example_dags/example_latest_only_with_trigger.py
[2022-12-25T15:39:17.419+0000] {processor.py:753} INFO - DAG(s) dict_keys(['latest_only_with_trigger']) retrieved from /home/airflow/.local/lib/python3.7/site-packages/airflow/example_dags/example_latest_only_with_trigger.py
[2022-12-25T15:39:17.481+0000] {logging_mixin.py:137} INFO - [2022-12-25T15:39:17.480+0000] {dag.py:2676} INFO - Sync 1 DAGs
[2022-12-25T15:39:17.589+0000] {logging_mixin.py:137} INFO - [2022-12-25T15:39:17.588+0000] {dag.py:3427} INFO - Setting next_dagrun for latest_only_with_trigger to 2022-12-25T11:39:17.587279+00:00, run_after=2022-12-25T15:39:17.587279+00:00
[2022-12-25T15:39:17.632+0000] {processor.py:175} INFO - Processing /home/airflow/.local/lib/python3.7/site-packages/airflow/example_dags/example_latest_only_with_trigger.py took 0.247 seconds
[2022-12-25T15:39:48.437+0000] {processor.py:153} INFO - Started process (PID=3747) to work on /home/airflow/.local/lib/python3.7/site-packages/airflow/example_dags/example_latest_only_with_trigger.py
[2022-12-25T15:39:48.439+0000] {processor.py:743} INFO - Processing file /home/airflow/.local/lib/python3.7/site-packages/airflow/example_dags/example_latest_only_with_trigger.py for tasks to queue
[2022-12-25T15:39:48.440+0000] {logging_mixin.py:137} INFO - [2022-12-25T15:39:48.440+0000] {dagbag.py:538} INFO - Filling up the DagBag from /home/airflow/.local/lib/python3.7/site-packages/airflow/example_dags/example_latest_only_with_trigger.py
[2022-12-25T15:39:48.478+0000] {processor.py:753} INFO - DAG(s) dict_keys(['latest_only_with_trigger']) retrieved from /home/airflow/.local/lib/python3.7/site-packages/airflow/example_dags/example_latest_only_with_trigger.py
[2022-12-25T15:39:48.820+0000] {logging_mixin.py:137} INFO - [2022-12-25T15:39:48.820+0000] {dag.py:2676} INFO - Sync 1 DAGs
[2022-12-25T15:39:48.867+0000] {logging_mixin.py:137} INFO - [2022-12-25T15:39:48.867+0000] {dag.py:3427} INFO - Setting next_dagrun for latest_only_with_trigger to 2022-12-25T11:39:48.866751+00:00, run_after=2022-12-25T15:39:48.866751+00:00
[2022-12-25T15:39:48.900+0000] {processor.py:175} INFO - Processing /home/airflow/.local/lib/python3.7/site-packages/airflow/example_dags/example_latest_only_with_trigger.py took 0.473 seconds
[2022-12-25T15:40:19.457+0000] {processor.py:153} INFO - Started process (PID=3978) to work on /home/airflow/.local/lib/python3.7/site-packages/airflow/example_dags/example_latest_only_with_trigger.py
[2022-12-25T15:40:19.458+0000] {processor.py:743} INFO - Processing file /home/airflow/.local/lib/python3.7/site-packages/airflow/example_dags/example_latest_only_with_trigger.py for tasks to queue
[2022-12-25T15:40:19.459+0000] {logging_mixin.py:137} INFO - [2022-12-25T15:40:19.459+0000] {dagbag.py:538} INFO - Filling up the DagBag from /home/airflow/.local/lib/python3.7/site-packages/airflow/example_dags/example_latest_only_with_trigger.py
[2022-12-25T15:40:19.474+0000] {processor.py:753} INFO - DAG(s) dict_keys(['latest_only_with_trigger']) retrieved from /home/airflow/.local/lib/python3.7/site-packages/airflow/example_dags/example_latest_only_with_trigger.py
[2022-12-25T15:40:19.522+0000] {logging_mixin.py:137} INFO - [2022-12-25T15:40:19.522+0000] {dag.py:2676} INFO - Sync 1 DAGs
[2022-12-25T15:40:19.551+0000] {logging_mixin.py:137} INFO - [2022-12-25T15:40:19.551+0000] {dag.py:3427} INFO - Setting next_dagrun for latest_only_with_trigger to 2022-12-25T11:40:19.550545+00:00, run_after=2022-12-25T15:40:19.550545+00:00
[2022-12-25T15:40:19.579+0000] {processor.py:175} INFO - Processing /home/airflow/.local/lib/python3.7/site-packages/airflow/example_dags/example_latest_only_with_trigger.py took 0.126 seconds
[2022-12-25T15:40:49.617+0000] {processor.py:153} INFO - Started process (PID=4228) to work on /home/airflow/.local/lib/python3.7/site-packages/airflow/example_dags/example_latest_only_with_trigger.py
[2022-12-25T15:40:49.618+0000] {processor.py:743} INFO - Processing file /home/airflow/.local/lib/python3.7/site-packages/airflow/example_dags/example_latest_only_with_trigger.py for tasks to queue
[2022-12-25T15:40:49.619+0000] {logging_mixin.py:137} INFO - [2022-12-25T15:40:49.619+0000] {dagbag.py:538} INFO - Filling up the DagBag from /home/airflow/.local/lib/python3.7/site-packages/airflow/example_dags/example_latest_only_with_trigger.py
[2022-12-25T15:40:49.634+0000] {processor.py:753} INFO - DAG(s) dict_keys(['latest_only_with_trigger']) retrieved from /home/airflow/.local/lib/python3.7/site-packages/airflow/example_dags/example_latest_only_with_trigger.py
[2022-12-25T15:40:49.668+0000] {logging_mixin.py:137} INFO - [2022-12-25T15:40:49.668+0000] {dag.py:2676} INFO - Sync 1 DAGs
[2022-12-25T15:40:49.694+0000] {logging_mixin.py:137} INFO - [2022-12-25T15:40:49.694+0000] {dag.py:3427} INFO - Setting next_dagrun for latest_only_with_trigger to 2022-12-25T11:40:49.693993+00:00, run_after=2022-12-25T15:40:49.693993+00:00
[2022-12-25T15:40:49.713+0000] {processor.py:175} INFO - Processing /home/airflow/.local/lib/python3.7/site-packages/airflow/example_dags/example_latest_only_with_trigger.py took 0.100 seconds
[2022-12-25T15:41:19.993+0000] {processor.py:153} INFO - Started process (PID=4458) to work on /home/airflow/.local/lib/python3.7/site-packages/airflow/example_dags/example_latest_only_with_trigger.py
[2022-12-25T15:41:19.994+0000] {processor.py:743} INFO - Processing file /home/airflow/.local/lib/python3.7/site-packages/airflow/example_dags/example_latest_only_with_trigger.py for tasks to queue
[2022-12-25T15:41:19.995+0000] {logging_mixin.py:137} INFO - [2022-12-25T15:41:19.995+0000] {dagbag.py:538} INFO - Filling up the DagBag from /home/airflow/.local/lib/python3.7/site-packages/airflow/example_dags/example_latest_only_with_trigger.py
[2022-12-25T15:41:20.011+0000] {processor.py:753} INFO - DAG(s) dict_keys(['latest_only_with_trigger']) retrieved from /home/airflow/.local/lib/python3.7/site-packages/airflow/example_dags/example_latest_only_with_trigger.py
[2022-12-25T15:41:20.052+0000] {logging_mixin.py:137} INFO - [2022-12-25T15:41:20.052+0000] {dag.py:2676} INFO - Sync 1 DAGs
[2022-12-25T15:41:20.078+0000] {logging_mixin.py:137} INFO - [2022-12-25T15:41:20.078+0000] {dag.py:3427} INFO - Setting next_dagrun for latest_only_with_trigger to 2022-12-25T11:41:20.078043+00:00, run_after=2022-12-25T15:41:20.078043+00:00
[2022-12-25T15:41:20.099+0000] {processor.py:175} INFO - Processing /home/airflow/.local/lib/python3.7/site-packages/airflow/example_dags/example_latest_only_with_trigger.py took 0.113 seconds
[2022-12-25T15:41:50.368+0000] {processor.py:153} INFO - Started process (PID=4688) to work on /home/airflow/.local/lib/python3.7/site-packages/airflow/example_dags/example_latest_only_with_trigger.py
[2022-12-25T15:41:50.370+0000] {processor.py:743} INFO - Processing file /home/airflow/.local/lib/python3.7/site-packages/airflow/example_dags/example_latest_only_with_trigger.py for tasks to queue
[2022-12-25T15:41:50.371+0000] {logging_mixin.py:137} INFO - [2022-12-25T15:41:50.370+0000] {dagbag.py:538} INFO - Filling up the DagBag from /home/airflow/.local/lib/python3.7/site-packages/airflow/example_dags/example_latest_only_with_trigger.py
[2022-12-25T15:41:50.384+0000] {processor.py:753} INFO - DAG(s) dict_keys(['latest_only_with_trigger']) retrieved from /home/airflow/.local/lib/python3.7/site-packages/airflow/example_dags/example_latest_only_with_trigger.py
[2022-12-25T15:41:50.423+0000] {logging_mixin.py:137} INFO - [2022-12-25T15:41:50.422+0000] {dag.py:2676} INFO - Sync 1 DAGs
[2022-12-25T15:41:50.470+0000] {logging_mixin.py:137} INFO - [2022-12-25T15:41:50.470+0000] {dag.py:3427} INFO - Setting next_dagrun for latest_only_with_trigger to 2022-12-25T11:41:50.469594+00:00, run_after=2022-12-25T15:41:50.469594+00:00
[2022-12-25T15:41:50.514+0000] {processor.py:175} INFO - Processing /home/airflow/.local/lib/python3.7/site-packages/airflow/example_dags/example_latest_only_with_trigger.py took 0.151 seconds
[2022-12-25T15:42:20.639+0000] {processor.py:153} INFO - Started process (PID=4938) to work on /home/airflow/.local/lib/python3.7/site-packages/airflow/example_dags/example_latest_only_with_trigger.py
[2022-12-25T15:42:20.640+0000] {processor.py:743} INFO - Processing file /home/airflow/.local/lib/python3.7/site-packages/airflow/example_dags/example_latest_only_with_trigger.py for tasks to queue
[2022-12-25T15:42:20.641+0000] {logging_mixin.py:137} INFO - [2022-12-25T15:42:20.641+0000] {dagbag.py:538} INFO - Filling up the DagBag from /home/airflow/.local/lib/python3.7/site-packages/airflow/example_dags/example_latest_only_with_trigger.py
[2022-12-25T15:42:20.655+0000] {processor.py:753} INFO - DAG(s) dict_keys(['latest_only_with_trigger']) retrieved from /home/airflow/.local/lib/python3.7/site-packages/airflow/example_dags/example_latest_only_with_trigger.py
[2022-12-25T15:42:20.694+0000] {logging_mixin.py:137} INFO - [2022-12-25T15:42:20.694+0000] {dag.py:2676} INFO - Sync 1 DAGs
[2022-12-25T15:42:20.720+0000] {logging_mixin.py:137} INFO - [2022-12-25T15:42:20.720+0000] {dag.py:3427} INFO - Setting next_dagrun for latest_only_with_trigger to 2022-12-25T11:42:20.720551+00:00, run_after=2022-12-25T15:42:20.720551+00:00
[2022-12-25T15:42:20.742+0000] {processor.py:175} INFO - Processing /home/airflow/.local/lib/python3.7/site-packages/airflow/example_dags/example_latest_only_with_trigger.py took 0.107 seconds
[2022-12-25T15:42:50.870+0000] {processor.py:153} INFO - Started process (PID=5169) to work on /home/airflow/.local/lib/python3.7/site-packages/airflow/example_dags/example_latest_only_with_trigger.py
[2022-12-25T15:42:50.871+0000] {processor.py:743} INFO - Processing file /home/airflow/.local/lib/python3.7/site-packages/airflow/example_dags/example_latest_only_with_trigger.py for tasks to queue
[2022-12-25T15:42:50.873+0000] {logging_mixin.py:137} INFO - [2022-12-25T15:42:50.872+0000] {dagbag.py:538} INFO - Filling up the DagBag from /home/airflow/.local/lib/python3.7/site-packages/airflow/example_dags/example_latest_only_with_trigger.py
[2022-12-25T15:42:50.893+0000] {processor.py:753} INFO - DAG(s) dict_keys(['latest_only_with_trigger']) retrieved from /home/airflow/.local/lib/python3.7/site-packages/airflow/example_dags/example_latest_only_with_trigger.py
[2022-12-25T15:42:50.932+0000] {logging_mixin.py:137} INFO - [2022-12-25T15:42:50.932+0000] {dag.py:2676} INFO - Sync 1 DAGs
[2022-12-25T15:42:50.958+0000] {logging_mixin.py:137} INFO - [2022-12-25T15:42:50.958+0000] {dag.py:3427} INFO - Setting next_dagrun for latest_only_with_trigger to 2022-12-25T11:42:50.958286+00:00, run_after=2022-12-25T15:42:50.958286+00:00
[2022-12-25T15:42:50.977+0000] {processor.py:175} INFO - Processing /home/airflow/.local/lib/python3.7/site-packages/airflow/example_dags/example_latest_only_with_trigger.py took 0.112 seconds
[2022-12-25T15:43:21.652+0000] {processor.py:153} INFO - Started process (PID=5399) to work on /home/airflow/.local/lib/python3.7/site-packages/airflow/example_dags/example_latest_only_with_trigger.py
[2022-12-25T15:43:21.664+0000] {processor.py:743} INFO - Processing file /home/airflow/.local/lib/python3.7/site-packages/airflow/example_dags/example_latest_only_with_trigger.py for tasks to queue
[2022-12-25T15:43:21.664+0000] {logging_mixin.py:137} INFO - [2022-12-25T15:43:21.664+0000] {dagbag.py:538} INFO - Filling up the DagBag from /home/airflow/.local/lib/python3.7/site-packages/airflow/example_dags/example_latest_only_with_trigger.py
[2022-12-25T15:43:21.678+0000] {processor.py:753} INFO - DAG(s) dict_keys(['latest_only_with_trigger']) retrieved from /home/airflow/.local/lib/python3.7/site-packages/airflow/example_dags/example_latest_only_with_trigger.py
[2022-12-25T15:43:21.719+0000] {logging_mixin.py:137} INFO - [2022-12-25T15:43:21.719+0000] {dag.py:2676} INFO - Sync 1 DAGs
[2022-12-25T15:43:21.743+0000] {logging_mixin.py:137} INFO - [2022-12-25T15:43:21.743+0000] {dag.py:3427} INFO - Setting next_dagrun for latest_only_with_trigger to 2022-12-25T11:43:21.743493+00:00, run_after=2022-12-25T15:43:21.743493+00:00
[2022-12-25T15:43:21.762+0000] {processor.py:175} INFO - Processing /home/airflow/.local/lib/python3.7/site-packages/airflow/example_dags/example_latest_only_with_trigger.py took 0.114 seconds
[2022-12-25T15:43:51.831+0000] {processor.py:153} INFO - Started process (PID=5650) to work on /home/airflow/.local/lib/python3.7/site-packages/airflow/example_dags/example_latest_only_with_trigger.py
[2022-12-25T15:43:51.844+0000] {processor.py:743} INFO - Processing file /home/airflow/.local/lib/python3.7/site-packages/airflow/example_dags/example_latest_only_with_trigger.py for tasks to queue
[2022-12-25T15:43:51.844+0000] {logging_mixin.py:137} INFO - [2022-12-25T15:43:51.844+0000] {dagbag.py:538} INFO - Filling up the DagBag from /home/airflow/.local/lib/python3.7/site-packages/airflow/example_dags/example_latest_only_with_trigger.py
[2022-12-25T15:43:51.858+0000] {processor.py:753} INFO - DAG(s) dict_keys(['latest_only_with_trigger']) retrieved from /home/airflow/.local/lib/python3.7/site-packages/airflow/example_dags/example_latest_only_with_trigger.py
[2022-12-25T15:43:51.896+0000] {logging_mixin.py:137} INFO - [2022-12-25T15:43:51.896+0000] {dag.py:2676} INFO - Sync 1 DAGs
[2022-12-25T15:43:51.920+0000] {logging_mixin.py:137} INFO - [2022-12-25T15:43:51.920+0000] {dag.py:3427} INFO - Setting next_dagrun for latest_only_with_trigger to 2022-12-25T11:43:51.920384+00:00, run_after=2022-12-25T15:43:51.920384+00:00
[2022-12-25T15:43:51.939+0000] {processor.py:175} INFO - Processing /home/airflow/.local/lib/python3.7/site-packages/airflow/example_dags/example_latest_only_with_trigger.py took 0.111 seconds
[2022-12-25T15:44:22.582+0000] {processor.py:153} INFO - Started process (PID=5880) to work on /home/airflow/.local/lib/python3.7/site-packages/airflow/example_dags/example_latest_only_with_trigger.py
[2022-12-25T15:44:22.595+0000] {processor.py:743} INFO - Processing file /home/airflow/.local/lib/python3.7/site-packages/airflow/example_dags/example_latest_only_with_trigger.py for tasks to queue
[2022-12-25T15:44:22.596+0000] {logging_mixin.py:137} INFO - [2022-12-25T15:44:22.596+0000] {dagbag.py:538} INFO - Filling up the DagBag from /home/airflow/.local/lib/python3.7/site-packages/airflow/example_dags/example_latest_only_with_trigger.py
[2022-12-25T15:44:22.610+0000] {processor.py:753} INFO - DAG(s) dict_keys(['latest_only_with_trigger']) retrieved from /home/airflow/.local/lib/python3.7/site-packages/airflow/example_dags/example_latest_only_with_trigger.py
[2022-12-25T15:44:22.649+0000] {logging_mixin.py:137} INFO - [2022-12-25T15:44:22.649+0000] {dag.py:2676} INFO - Sync 1 DAGs
[2022-12-25T15:44:22.677+0000] {logging_mixin.py:137} INFO - [2022-12-25T15:44:22.677+0000] {dag.py:3427} INFO - Setting next_dagrun for latest_only_with_trigger to 2022-12-25T11:44:22.677037+00:00, run_after=2022-12-25T15:44:22.677037+00:00
[2022-12-25T15:44:22.697+0000] {processor.py:175} INFO - Processing /home/airflow/.local/lib/python3.7/site-packages/airflow/example_dags/example_latest_only_with_trigger.py took 0.118 seconds
[2022-12-25T15:44:53.559+0000] {processor.py:153} INFO - Started process (PID=6130) to work on /home/airflow/.local/lib/python3.7/site-packages/airflow/example_dags/example_latest_only_with_trigger.py
[2022-12-25T15:44:53.572+0000] {processor.py:743} INFO - Processing file /home/airflow/.local/lib/python3.7/site-packages/airflow/example_dags/example_latest_only_with_trigger.py for tasks to queue
[2022-12-25T15:44:53.573+0000] {logging_mixin.py:137} INFO - [2022-12-25T15:44:53.573+0000] {dagbag.py:538} INFO - Filling up the DagBag from /home/airflow/.local/lib/python3.7/site-packages/airflow/example_dags/example_latest_only_with_trigger.py
[2022-12-25T15:44:53.587+0000] {processor.py:753} INFO - DAG(s) dict_keys(['latest_only_with_trigger']) retrieved from /home/airflow/.local/lib/python3.7/site-packages/airflow/example_dags/example_latest_only_with_trigger.py
[2022-12-25T15:44:53.628+0000] {logging_mixin.py:137} INFO - [2022-12-25T15:44:53.628+0000] {dag.py:2676} INFO - Sync 1 DAGs
[2022-12-25T15:44:53.655+0000] {logging_mixin.py:137} INFO - [2022-12-25T15:44:53.655+0000] {dag.py:3427} INFO - Setting next_dagrun for latest_only_with_trigger to 2022-12-25T11:44:53.655221+00:00, run_after=2022-12-25T15:44:53.655221+00:00
[2022-12-25T15:44:53.676+0000] {processor.py:175} INFO - Processing /home/airflow/.local/lib/python3.7/site-packages/airflow/example_dags/example_latest_only_with_trigger.py took 0.122 seconds
[2022-12-25T15:45:24.476+0000] {processor.py:153} INFO - Started process (PID=6360) to work on /home/airflow/.local/lib/python3.7/site-packages/airflow/example_dags/example_latest_only_with_trigger.py
[2022-12-25T15:45:24.478+0000] {processor.py:743} INFO - Processing file /home/airflow/.local/lib/python3.7/site-packages/airflow/example_dags/example_latest_only_with_trigger.py for tasks to queue
[2022-12-25T15:45:24.478+0000] {logging_mixin.py:137} INFO - [2022-12-25T15:45:24.478+0000] {dagbag.py:538} INFO - Filling up the DagBag from /home/airflow/.local/lib/python3.7/site-packages/airflow/example_dags/example_latest_only_with_trigger.py
[2022-12-25T15:45:24.493+0000] {processor.py:753} INFO - DAG(s) dict_keys(['latest_only_with_trigger']) retrieved from /home/airflow/.local/lib/python3.7/site-packages/airflow/example_dags/example_latest_only_with_trigger.py
[2022-12-25T15:45:24.534+0000] {logging_mixin.py:137} INFO - [2022-12-25T15:45:24.534+0000] {dag.py:2676} INFO - Sync 1 DAGs
[2022-12-25T15:45:24.559+0000] {logging_mixin.py:137} INFO - [2022-12-25T15:45:24.559+0000] {dag.py:3427} INFO - Setting next_dagrun for latest_only_with_trigger to 2022-12-25T11:45:24.559017+00:00, run_after=2022-12-25T15:45:24.559017+00:00
[2022-12-25T15:45:24.582+0000] {processor.py:175} INFO - Processing /home/airflow/.local/lib/python3.7/site-packages/airflow/example_dags/example_latest_only_with_trigger.py took 0.110 seconds
[2022-12-25T15:45:54.685+0000] {processor.py:153} INFO - Started process (PID=6599) to work on /home/airflow/.local/lib/python3.7/site-packages/airflow/example_dags/example_latest_only_with_trigger.py
[2022-12-25T15:45:54.688+0000] {processor.py:743} INFO - Processing file /home/airflow/.local/lib/python3.7/site-packages/airflow/example_dags/example_latest_only_with_trigger.py for tasks to queue
[2022-12-25T15:45:54.690+0000] {logging_mixin.py:137} INFO - [2022-12-25T15:45:54.689+0000] {dagbag.py:538} INFO - Filling up the DagBag from /home/airflow/.local/lib/python3.7/site-packages/airflow/example_dags/example_latest_only_with_trigger.py
[2022-12-25T15:45:54.709+0000] {processor.py:753} INFO - DAG(s) dict_keys(['latest_only_with_trigger']) retrieved from /home/airflow/.local/lib/python3.7/site-packages/airflow/example_dags/example_latest_only_with_trigger.py
[2022-12-25T15:45:54.761+0000] {logging_mixin.py:137} INFO - [2022-12-25T15:45:54.761+0000] {dag.py:2676} INFO - Sync 1 DAGs
[2022-12-25T15:45:54.796+0000] {logging_mixin.py:137} INFO - [2022-12-25T15:45:54.796+0000] {dag.py:3427} INFO - Setting next_dagrun for latest_only_with_trigger to 2022-12-25T11:45:54.795658+00:00, run_after=2022-12-25T15:45:54.795658+00:00
[2022-12-25T15:45:54.825+0000] {processor.py:175} INFO - Processing /home/airflow/.local/lib/python3.7/site-packages/airflow/example_dags/example_latest_only_with_trigger.py took 0.144 seconds
[2022-12-25T15:46:25.032+0000] {processor.py:153} INFO - Started process (PID=6840) to work on /home/airflow/.local/lib/python3.7/site-packages/airflow/example_dags/example_latest_only_with_trigger.py
[2022-12-25T15:46:25.033+0000] {processor.py:743} INFO - Processing file /home/airflow/.local/lib/python3.7/site-packages/airflow/example_dags/example_latest_only_with_trigger.py for tasks to queue
[2022-12-25T15:46:25.034+0000] {logging_mixin.py:137} INFO - [2022-12-25T15:46:25.034+0000] {dagbag.py:538} INFO - Filling up the DagBag from /home/airflow/.local/lib/python3.7/site-packages/airflow/example_dags/example_latest_only_with_trigger.py
[2022-12-25T15:46:25.049+0000] {processor.py:753} INFO - DAG(s) dict_keys(['latest_only_with_trigger']) retrieved from /home/airflow/.local/lib/python3.7/site-packages/airflow/example_dags/example_latest_only_with_trigger.py
[2022-12-25T15:46:25.088+0000] {logging_mixin.py:137} INFO - [2022-12-25T15:46:25.088+0000] {dag.py:2676} INFO - Sync 1 DAGs
[2022-12-25T15:46:25.114+0000] {logging_mixin.py:137} INFO - [2022-12-25T15:46:25.114+0000] {dag.py:3427} INFO - Setting next_dagrun for latest_only_with_trigger to 2022-12-25T11:46:25.113777+00:00, run_after=2022-12-25T15:46:25.113777+00:00
[2022-12-25T15:46:25.133+0000] {processor.py:175} INFO - Processing /home/airflow/.local/lib/python3.7/site-packages/airflow/example_dags/example_latest_only_with_trigger.py took 0.106 seconds
[2022-12-25T15:46:55.296+0000] {processor.py:153} INFO - Started process (PID=7070) to work on /home/airflow/.local/lib/python3.7/site-packages/airflow/example_dags/example_latest_only_with_trigger.py
[2022-12-25T15:46:55.297+0000] {processor.py:743} INFO - Processing file /home/airflow/.local/lib/python3.7/site-packages/airflow/example_dags/example_latest_only_with_trigger.py for tasks to queue
[2022-12-25T15:46:55.298+0000] {logging_mixin.py:137} INFO - [2022-12-25T15:46:55.298+0000] {dagbag.py:538} INFO - Filling up the DagBag from /home/airflow/.local/lib/python3.7/site-packages/airflow/example_dags/example_latest_only_with_trigger.py
[2022-12-25T15:46:55.312+0000] {processor.py:753} INFO - DAG(s) dict_keys(['latest_only_with_trigger']) retrieved from /home/airflow/.local/lib/python3.7/site-packages/airflow/example_dags/example_latest_only_with_trigger.py
[2022-12-25T15:46:55.356+0000] {logging_mixin.py:137} INFO - [2022-12-25T15:46:55.356+0000] {dag.py:2676} INFO - Sync 1 DAGs
[2022-12-25T15:46:55.391+0000] {logging_mixin.py:137} INFO - [2022-12-25T15:46:55.390+0000] {dag.py:3427} INFO - Setting next_dagrun for latest_only_with_trigger to 2022-12-25T11:46:55.390534+00:00, run_after=2022-12-25T15:46:55.390534+00:00
[2022-12-25T15:46:55.413+0000] {processor.py:175} INFO - Processing /home/airflow/.local/lib/python3.7/site-packages/airflow/example_dags/example_latest_only_with_trigger.py took 0.121 seconds
[2022-12-25T15:47:25.978+0000] {processor.py:153} INFO - Started process (PID=7321) to work on /home/airflow/.local/lib/python3.7/site-packages/airflow/example_dags/example_latest_only_with_trigger.py
[2022-12-25T15:47:25.981+0000] {processor.py:743} INFO - Processing file /home/airflow/.local/lib/python3.7/site-packages/airflow/example_dags/example_latest_only_with_trigger.py for tasks to queue
[2022-12-25T15:47:25.986+0000] {logging_mixin.py:137} INFO - [2022-12-25T15:47:25.985+0000] {dagbag.py:538} INFO - Filling up the DagBag from /home/airflow/.local/lib/python3.7/site-packages/airflow/example_dags/example_latest_only_with_trigger.py
[2022-12-25T15:47:26.038+0000] {processor.py:753} INFO - DAG(s) dict_keys(['latest_only_with_trigger']) retrieved from /home/airflow/.local/lib/python3.7/site-packages/airflow/example_dags/example_latest_only_with_trigger.py
[2022-12-25T15:47:26.272+0000] {logging_mixin.py:137} INFO - [2022-12-25T15:47:26.272+0000] {dag.py:2676} INFO - Sync 1 DAGs
[2022-12-25T15:47:26.364+0000] {logging_mixin.py:137} INFO - [2022-12-25T15:47:26.364+0000] {dag.py:3427} INFO - Setting next_dagrun for latest_only_with_trigger to 2022-12-25T11:47:26.361314+00:00, run_after=2022-12-25T15:47:26.361314+00:00
[2022-12-25T15:47:26.441+0000] {processor.py:175} INFO - Processing /home/airflow/.local/lib/python3.7/site-packages/airflow/example_dags/example_latest_only_with_trigger.py took 0.471 seconds
[2022-12-25T15:47:57.112+0000] {processor.py:153} INFO - Started process (PID=7551) to work on /home/airflow/.local/lib/python3.7/site-packages/airflow/example_dags/example_latest_only_with_trigger.py
[2022-12-25T15:47:57.116+0000] {processor.py:743} INFO - Processing file /home/airflow/.local/lib/python3.7/site-packages/airflow/example_dags/example_latest_only_with_trigger.py for tasks to queue
[2022-12-25T15:47:57.118+0000] {logging_mixin.py:137} INFO - [2022-12-25T15:47:57.117+0000] {dagbag.py:538} INFO - Filling up the DagBag from /home/airflow/.local/lib/python3.7/site-packages/airflow/example_dags/example_latest_only_with_trigger.py
[2022-12-25T15:47:57.138+0000] {processor.py:753} INFO - DAG(s) dict_keys(['latest_only_with_trigger']) retrieved from /home/airflow/.local/lib/python3.7/site-packages/airflow/example_dags/example_latest_only_with_trigger.py
[2022-12-25T15:47:57.199+0000] {logging_mixin.py:137} INFO - [2022-12-25T15:47:57.199+0000] {dag.py:2676} INFO - Sync 1 DAGs
[2022-12-25T15:47:57.228+0000] {logging_mixin.py:137} INFO - [2022-12-25T15:47:57.228+0000] {dag.py:3427} INFO - Setting next_dagrun for latest_only_with_trigger to 2022-12-25T11:47:57.228417+00:00, run_after=2022-12-25T15:47:57.228417+00:00
[2022-12-25T15:47:57.251+0000] {processor.py:175} INFO - Processing /home/airflow/.local/lib/python3.7/site-packages/airflow/example_dags/example_latest_only_with_trigger.py took 0.145 seconds
[2022-12-25T15:48:27.565+0000] {processor.py:153} INFO - Started process (PID=7781) to work on /home/airflow/.local/lib/python3.7/site-packages/airflow/example_dags/example_latest_only_with_trigger.py
[2022-12-25T15:48:27.567+0000] {processor.py:743} INFO - Processing file /home/airflow/.local/lib/python3.7/site-packages/airflow/example_dags/example_latest_only_with_trigger.py for tasks to queue
[2022-12-25T15:48:27.568+0000] {logging_mixin.py:137} INFO - [2022-12-25T15:48:27.568+0000] {dagbag.py:538} INFO - Filling up the DagBag from /home/airflow/.local/lib/python3.7/site-packages/airflow/example_dags/example_latest_only_with_trigger.py
[2022-12-25T15:48:27.582+0000] {processor.py:753} INFO - DAG(s) dict_keys(['latest_only_with_trigger']) retrieved from /home/airflow/.local/lib/python3.7/site-packages/airflow/example_dags/example_latest_only_with_trigger.py
[2022-12-25T15:48:27.627+0000] {logging_mixin.py:137} INFO - [2022-12-25T15:48:27.627+0000] {dag.py:2676} INFO - Sync 1 DAGs
[2022-12-25T15:48:27.661+0000] {logging_mixin.py:137} INFO - [2022-12-25T15:48:27.661+0000] {dag.py:3427} INFO - Setting next_dagrun for latest_only_with_trigger to 2022-12-25T11:48:27.661578+00:00, run_after=2022-12-25T15:48:27.661578+00:00
[2022-12-25T15:48:27.694+0000] {processor.py:175} INFO - Processing /home/airflow/.local/lib/python3.7/site-packages/airflow/example_dags/example_latest_only_with_trigger.py took 0.133 seconds
[2022-12-25T15:48:57.839+0000] {processor.py:153} INFO - Started process (PID=8031) to work on /home/airflow/.local/lib/python3.7/site-packages/airflow/example_dags/example_latest_only_with_trigger.py
[2022-12-25T15:48:57.841+0000] {processor.py:743} INFO - Processing file /home/airflow/.local/lib/python3.7/site-packages/airflow/example_dags/example_latest_only_with_trigger.py for tasks to queue
[2022-12-25T15:48:57.841+0000] {logging_mixin.py:137} INFO - [2022-12-25T15:48:57.841+0000] {dagbag.py:538} INFO - Filling up the DagBag from /home/airflow/.local/lib/python3.7/site-packages/airflow/example_dags/example_latest_only_with_trigger.py
[2022-12-25T15:48:57.856+0000] {processor.py:753} INFO - DAG(s) dict_keys(['latest_only_with_trigger']) retrieved from /home/airflow/.local/lib/python3.7/site-packages/airflow/example_dags/example_latest_only_with_trigger.py
[2022-12-25T15:48:57.912+0000] {logging_mixin.py:137} INFO - [2022-12-25T15:48:57.912+0000] {dag.py:2676} INFO - Sync 1 DAGs
[2022-12-25T15:48:57.958+0000] {logging_mixin.py:137} INFO - [2022-12-25T15:48:57.957+0000] {dag.py:3427} INFO - Setting next_dagrun for latest_only_with_trigger to 2022-12-25T11:48:57.957026+00:00, run_after=2022-12-25T15:48:57.957026+00:00
[2022-12-25T15:48:57.993+0000] {processor.py:175} INFO - Processing /home/airflow/.local/lib/python3.7/site-packages/airflow/example_dags/example_latest_only_with_trigger.py took 0.173 seconds
[2022-12-25T15:49:28.125+0000] {processor.py:153} INFO - Started process (PID=8261) to work on /home/airflow/.local/lib/python3.7/site-packages/airflow/example_dags/example_latest_only_with_trigger.py
[2022-12-25T15:49:28.127+0000] {processor.py:743} INFO - Processing file /home/airflow/.local/lib/python3.7/site-packages/airflow/example_dags/example_latest_only_with_trigger.py for tasks to queue
[2022-12-25T15:49:28.127+0000] {logging_mixin.py:137} INFO - [2022-12-25T15:49:28.127+0000] {dagbag.py:538} INFO - Filling up the DagBag from /home/airflow/.local/lib/python3.7/site-packages/airflow/example_dags/example_latest_only_with_trigger.py
[2022-12-25T15:49:28.139+0000] {processor.py:753} INFO - DAG(s) dict_keys(['latest_only_with_trigger']) retrieved from /home/airflow/.local/lib/python3.7/site-packages/airflow/example_dags/example_latest_only_with_trigger.py
[2022-12-25T15:49:28.173+0000] {logging_mixin.py:137} INFO - [2022-12-25T15:49:28.172+0000] {dag.py:2676} INFO - Sync 1 DAGs
[2022-12-25T15:49:28.196+0000] {logging_mixin.py:137} INFO - [2022-12-25T15:49:28.195+0000] {dag.py:3427} INFO - Setting next_dagrun for latest_only_with_trigger to 2022-12-25T11:49:28.195584+00:00, run_after=2022-12-25T15:49:28.195584+00:00
[2022-12-25T15:49:28.215+0000] {processor.py:175} INFO - Processing /home/airflow/.local/lib/python3.7/site-packages/airflow/example_dags/example_latest_only_with_trigger.py took 0.092 seconds
[2022-12-25T15:49:58.475+0000] {processor.py:153} INFO - Started process (PID=8491) to work on /home/airflow/.local/lib/python3.7/site-packages/airflow/example_dags/example_latest_only_with_trigger.py
[2022-12-25T15:49:58.487+0000] {processor.py:743} INFO - Processing file /home/airflow/.local/lib/python3.7/site-packages/airflow/example_dags/example_latest_only_with_trigger.py for tasks to queue
[2022-12-25T15:49:58.488+0000] {logging_mixin.py:137} INFO - [2022-12-25T15:49:58.488+0000] {dagbag.py:538} INFO - Filling up the DagBag from /home/airflow/.local/lib/python3.7/site-packages/airflow/example_dags/example_latest_only_with_trigger.py
[2022-12-25T15:49:58.501+0000] {processor.py:753} INFO - DAG(s) dict_keys(['latest_only_with_trigger']) retrieved from /home/airflow/.local/lib/python3.7/site-packages/airflow/example_dags/example_latest_only_with_trigger.py
[2022-12-25T15:49:58.538+0000] {logging_mixin.py:137} INFO - [2022-12-25T15:49:58.538+0000] {dag.py:2676} INFO - Sync 1 DAGs
[2022-12-25T15:49:58.562+0000] {logging_mixin.py:137} INFO - [2022-12-25T15:49:58.562+0000] {dag.py:3427} INFO - Setting next_dagrun for latest_only_with_trigger to 2022-12-25T11:49:58.562068+00:00, run_after=2022-12-25T15:49:58.562068+00:00
[2022-12-25T15:49:58.583+0000] {processor.py:175} INFO - Processing /home/airflow/.local/lib/python3.7/site-packages/airflow/example_dags/example_latest_only_with_trigger.py took 0.112 seconds
[2022-12-25T15:50:28.729+0000] {processor.py:153} INFO - Started process (PID=8741) to work on /home/airflow/.local/lib/python3.7/site-packages/airflow/example_dags/example_latest_only_with_trigger.py
[2022-12-25T15:50:28.741+0000] {processor.py:743} INFO - Processing file /home/airflow/.local/lib/python3.7/site-packages/airflow/example_dags/example_latest_only_with_trigger.py for tasks to queue
[2022-12-25T15:50:28.742+0000] {logging_mixin.py:137} INFO - [2022-12-25T15:50:28.742+0000] {dagbag.py:538} INFO - Filling up the DagBag from /home/airflow/.local/lib/python3.7/site-packages/airflow/example_dags/example_latest_only_with_trigger.py
[2022-12-25T15:50:28.755+0000] {processor.py:753} INFO - DAG(s) dict_keys(['latest_only_with_trigger']) retrieved from /home/airflow/.local/lib/python3.7/site-packages/airflow/example_dags/example_latest_only_with_trigger.py
[2022-12-25T15:50:28.802+0000] {logging_mixin.py:137} INFO - [2022-12-25T15:50:28.802+0000] {dag.py:2676} INFO - Sync 1 DAGs
[2022-12-25T15:50:28.850+0000] {logging_mixin.py:137} INFO - [2022-12-25T15:50:28.849+0000] {dag.py:3427} INFO - Setting next_dagrun for latest_only_with_trigger to 2022-12-25T11:50:28.848312+00:00, run_after=2022-12-25T15:50:28.848312+00:00
[2022-12-25T15:50:28.885+0000] {processor.py:175} INFO - Processing /home/airflow/.local/lib/python3.7/site-packages/airflow/example_dags/example_latest_only_with_trigger.py took 0.162 seconds
[2022-12-25T15:50:59.106+0000] {processor.py:153} INFO - Started process (PID=8971) to work on /home/airflow/.local/lib/python3.7/site-packages/airflow/example_dags/example_latest_only_with_trigger.py
[2022-12-25T15:50:59.107+0000] {processor.py:743} INFO - Processing file /home/airflow/.local/lib/python3.7/site-packages/airflow/example_dags/example_latest_only_with_trigger.py for tasks to queue
[2022-12-25T15:50:59.108+0000] {logging_mixin.py:137} INFO - [2022-12-25T15:50:59.108+0000] {dagbag.py:538} INFO - Filling up the DagBag from /home/airflow/.local/lib/python3.7/site-packages/airflow/example_dags/example_latest_only_with_trigger.py
[2022-12-25T15:50:59.125+0000] {processor.py:753} INFO - DAG(s) dict_keys(['latest_only_with_trigger']) retrieved from /home/airflow/.local/lib/python3.7/site-packages/airflow/example_dags/example_latest_only_with_trigger.py
[2022-12-25T15:50:59.169+0000] {logging_mixin.py:137} INFO - [2022-12-25T15:50:59.168+0000] {dag.py:2676} INFO - Sync 1 DAGs
[2022-12-25T15:50:59.200+0000] {logging_mixin.py:137} INFO - [2022-12-25T15:50:59.200+0000] {dag.py:3427} INFO - Setting next_dagrun for latest_only_with_trigger to 2022-12-25T11:50:59.199464+00:00, run_after=2022-12-25T15:50:59.199464+00:00
[2022-12-25T15:50:59.223+0000] {processor.py:175} INFO - Processing /home/airflow/.local/lib/python3.7/site-packages/airflow/example_dags/example_latest_only_with_trigger.py took 0.121 seconds
[2022-12-25T15:51:29.366+0000] {processor.py:153} INFO - Started process (PID=9221) to work on /home/airflow/.local/lib/python3.7/site-packages/airflow/example_dags/example_latest_only_with_trigger.py
[2022-12-25T15:51:29.368+0000] {processor.py:743} INFO - Processing file /home/airflow/.local/lib/python3.7/site-packages/airflow/example_dags/example_latest_only_with_trigger.py for tasks to queue
[2022-12-25T15:51:29.370+0000] {logging_mixin.py:137} INFO - [2022-12-25T15:51:29.370+0000] {dagbag.py:538} INFO - Filling up the DagBag from /home/airflow/.local/lib/python3.7/site-packages/airflow/example_dags/example_latest_only_with_trigger.py
[2022-12-25T15:51:29.403+0000] {processor.py:753} INFO - DAG(s) dict_keys(['latest_only_with_trigger']) retrieved from /home/airflow/.local/lib/python3.7/site-packages/airflow/example_dags/example_latest_only_with_trigger.py
[2022-12-25T15:51:29.482+0000] {logging_mixin.py:137} INFO - [2022-12-25T15:51:29.482+0000] {dag.py:2676} INFO - Sync 1 DAGs
[2022-12-25T15:51:29.532+0000] {logging_mixin.py:137} INFO - [2022-12-25T15:51:29.532+0000] {dag.py:3427} INFO - Setting next_dagrun for latest_only_with_trigger to 2022-12-25T11:51:29.532254+00:00, run_after=2022-12-25T15:51:29.532254+00:00
[2022-12-25T15:51:29.568+0000] {processor.py:175} INFO - Processing /home/airflow/.local/lib/python3.7/site-packages/airflow/example_dags/example_latest_only_with_trigger.py took 0.210 seconds
[2022-12-25T15:51:59.676+0000] {processor.py:153} INFO - Started process (PID=9451) to work on /home/airflow/.local/lib/python3.7/site-packages/airflow/example_dags/example_latest_only_with_trigger.py
[2022-12-25T15:51:59.680+0000] {processor.py:743} INFO - Processing file /home/airflow/.local/lib/python3.7/site-packages/airflow/example_dags/example_latest_only_with_trigger.py for tasks to queue
[2022-12-25T15:51:59.681+0000] {logging_mixin.py:137} INFO - [2022-12-25T15:51:59.680+0000] {dagbag.py:538} INFO - Filling up the DagBag from /home/airflow/.local/lib/python3.7/site-packages/airflow/example_dags/example_latest_only_with_trigger.py
[2022-12-25T15:51:59.696+0000] {processor.py:753} INFO - DAG(s) dict_keys(['latest_only_with_trigger']) retrieved from /home/airflow/.local/lib/python3.7/site-packages/airflow/example_dags/example_latest_only_with_trigger.py
[2022-12-25T15:51:59.747+0000] {logging_mixin.py:137} INFO - [2022-12-25T15:51:59.746+0000] {dag.py:2676} INFO - Sync 1 DAGs
[2022-12-25T15:51:59.775+0000] {logging_mixin.py:137} INFO - [2022-12-25T15:51:59.775+0000] {dag.py:3427} INFO - Setting next_dagrun for latest_only_with_trigger to 2022-12-25T11:51:59.775541+00:00, run_after=2022-12-25T15:51:59.775541+00:00
[2022-12-25T15:51:59.797+0000] {processor.py:175} INFO - Processing /home/airflow/.local/lib/python3.7/site-packages/airflow/example_dags/example_latest_only_with_trigger.py took 0.128 seconds
[2022-12-25T15:52:30.690+0000] {processor.py:153} INFO - Started process (PID=9681) to work on /home/airflow/.local/lib/python3.7/site-packages/airflow/example_dags/example_latest_only_with_trigger.py
[2022-12-25T15:52:30.693+0000] {processor.py:743} INFO - Processing file /home/airflow/.local/lib/python3.7/site-packages/airflow/example_dags/example_latest_only_with_trigger.py for tasks to queue
[2022-12-25T15:52:30.694+0000] {logging_mixin.py:137} INFO - [2022-12-25T15:52:30.694+0000] {dagbag.py:538} INFO - Filling up the DagBag from /home/airflow/.local/lib/python3.7/site-packages/airflow/example_dags/example_latest_only_with_trigger.py
[2022-12-25T15:52:30.714+0000] {processor.py:753} INFO - DAG(s) dict_keys(['latest_only_with_trigger']) retrieved from /home/airflow/.local/lib/python3.7/site-packages/airflow/example_dags/example_latest_only_with_trigger.py
[2022-12-25T15:52:30.768+0000] {logging_mixin.py:137} INFO - [2022-12-25T15:52:30.767+0000] {dag.py:2676} INFO - Sync 1 DAGs
[2022-12-25T15:52:30.801+0000] {logging_mixin.py:137} INFO - [2022-12-25T15:52:30.801+0000] {dag.py:3427} INFO - Setting next_dagrun for latest_only_with_trigger to 2022-12-25T11:52:30.801039+00:00, run_after=2022-12-25T15:52:30.801039+00:00
[2022-12-25T15:52:30.823+0000] {processor.py:175} INFO - Processing /home/airflow/.local/lib/python3.7/site-packages/airflow/example_dags/example_latest_only_with_trigger.py took 0.138 seconds
[2022-12-25T15:53:01.201+0000] {processor.py:153} INFO - Started process (PID=9920) to work on /home/airflow/.local/lib/python3.7/site-packages/airflow/example_dags/example_latest_only_with_trigger.py
[2022-12-25T15:53:01.203+0000] {processor.py:743} INFO - Processing file /home/airflow/.local/lib/python3.7/site-packages/airflow/example_dags/example_latest_only_with_trigger.py for tasks to queue
[2022-12-25T15:53:01.204+0000] {logging_mixin.py:137} INFO - [2022-12-25T15:53:01.204+0000] {dagbag.py:538} INFO - Filling up the DagBag from /home/airflow/.local/lib/python3.7/site-packages/airflow/example_dags/example_latest_only_with_trigger.py
[2022-12-25T15:53:01.222+0000] {processor.py:753} INFO - DAG(s) dict_keys(['latest_only_with_trigger']) retrieved from /home/airflow/.local/lib/python3.7/site-packages/airflow/example_dags/example_latest_only_with_trigger.py
[2022-12-25T15:53:01.276+0000] {logging_mixin.py:137} INFO - [2022-12-25T15:53:01.275+0000] {dag.py:2676} INFO - Sync 1 DAGs
[2022-12-25T15:53:01.314+0000] {logging_mixin.py:137} INFO - [2022-12-25T15:53:01.313+0000] {dag.py:3427} INFO - Setting next_dagrun for latest_only_with_trigger to 2022-12-25T11:53:01.313514+00:00, run_after=2022-12-25T15:53:01.313514+00:00
[2022-12-25T15:53:01.338+0000] {processor.py:175} INFO - Processing /home/airflow/.local/lib/python3.7/site-packages/airflow/example_dags/example_latest_only_with_trigger.py took 0.142 seconds
[2022-12-25T15:53:31.857+0000] {processor.py:153} INFO - Started process (PID=10161) to work on /home/airflow/.local/lib/python3.7/site-packages/airflow/example_dags/example_latest_only_with_trigger.py
[2022-12-25T15:53:31.859+0000] {processor.py:743} INFO - Processing file /home/airflow/.local/lib/python3.7/site-packages/airflow/example_dags/example_latest_only_with_trigger.py for tasks to queue
[2022-12-25T15:53:31.860+0000] {logging_mixin.py:137} INFO - [2022-12-25T15:53:31.860+0000] {dagbag.py:538} INFO - Filling up the DagBag from /home/airflow/.local/lib/python3.7/site-packages/airflow/example_dags/example_latest_only_with_trigger.py
[2022-12-25T15:53:31.873+0000] {processor.py:753} INFO - DAG(s) dict_keys(['latest_only_with_trigger']) retrieved from /home/airflow/.local/lib/python3.7/site-packages/airflow/example_dags/example_latest_only_with_trigger.py
[2022-12-25T15:53:31.914+0000] {logging_mixin.py:137} INFO - [2022-12-25T15:53:31.914+0000] {dag.py:2676} INFO - Sync 1 DAGs
[2022-12-25T15:53:31.940+0000] {logging_mixin.py:137} INFO - [2022-12-25T15:53:31.940+0000] {dag.py:3427} INFO - Setting next_dagrun for latest_only_with_trigger to 2022-12-25T11:53:31.939976+00:00, run_after=2022-12-25T15:53:31.939976+00:00
[2022-12-25T15:53:31.959+0000] {processor.py:175} INFO - Processing /home/airflow/.local/lib/python3.7/site-packages/airflow/example_dags/example_latest_only_with_trigger.py took 0.106 seconds
