[2022-12-25T15:32:09.214+0000] {processor.py:153} INFO - Started process (PID=233) to work on /home/airflow/.local/lib/python3.7/site-packages/airflow/example_dags/example_branch_labels.py
[2022-12-25T15:32:09.215+0000] {processor.py:743} INFO - Processing file /home/airflow/.local/lib/python3.7/site-packages/airflow/example_dags/example_branch_labels.py for tasks to queue
[2022-12-25T15:32:09.216+0000] {logging_mixin.py:137} INFO - [2022-12-25T15:32:09.216+0000] {dagbag.py:538} INFO - Filling up the DagBag from /home/airflow/.local/lib/python3.7/site-packages/airflow/example_dags/example_branch_labels.py
[2022-12-25T15:32:09.246+0000] {processor.py:753} INFO - DAG(s) dict_keys(['example_branch_labels']) retrieved from /home/airflow/.local/lib/python3.7/site-packages/airflow/example_dags/example_branch_labels.py
[2022-12-25T15:32:09.299+0000] {logging_mixin.py:137} INFO - [2022-12-25T15:32:09.299+0000] {dag.py:2676} INFO - Sync 1 DAGs
[2022-12-25T15:32:09.336+0000] {logging_mixin.py:137} INFO - [2022-12-25T15:32:09.336+0000] {dag.py:3427} INFO - Setting next_dagrun for example_branch_labels to 2022-12-24T00:00:00+00:00, run_after=2022-12-25T00:00:00+00:00
[2022-12-25T15:32:09.364+0000] {processor.py:175} INFO - Processing /home/airflow/.local/lib/python3.7/site-packages/airflow/example_dags/example_branch_labels.py took 0.155 seconds
[2022-12-25T15:32:39.600+0000] {processor.py:153} INFO - Started process (PID=463) to work on /home/airflow/.local/lib/python3.7/site-packages/airflow/example_dags/example_branch_labels.py
[2022-12-25T15:32:39.601+0000] {processor.py:743} INFO - Processing file /home/airflow/.local/lib/python3.7/site-packages/airflow/example_dags/example_branch_labels.py for tasks to queue
[2022-12-25T15:32:39.602+0000] {logging_mixin.py:137} INFO - [2022-12-25T15:32:39.602+0000] {dagbag.py:538} INFO - Filling up the DagBag from /home/airflow/.local/lib/python3.7/site-packages/airflow/example_dags/example_branch_labels.py
[2022-12-25T15:32:39.615+0000] {processor.py:753} INFO - DAG(s) dict_keys(['example_branch_labels']) retrieved from /home/airflow/.local/lib/python3.7/site-packages/airflow/example_dags/example_branch_labels.py
[2022-12-25T15:32:39.662+0000] {logging_mixin.py:137} INFO - [2022-12-25T15:32:39.662+0000] {dag.py:2676} INFO - Sync 1 DAGs
[2022-12-25T15:32:39.691+0000] {logging_mixin.py:137} INFO - [2022-12-25T15:32:39.691+0000] {dag.py:3427} INFO - Setting next_dagrun for example_branch_labels to 2022-12-24T00:00:00+00:00, run_after=2022-12-25T00:00:00+00:00
[2022-12-25T15:32:39.714+0000] {processor.py:175} INFO - Processing /home/airflow/.local/lib/python3.7/site-packages/airflow/example_dags/example_branch_labels.py took 0.118 seconds
[2022-12-25T15:33:10.500+0000] {processor.py:153} INFO - Started process (PID=694) to work on /home/airflow/.local/lib/python3.7/site-packages/airflow/example_dags/example_branch_labels.py
[2022-12-25T15:33:10.583+0000] {processor.py:743} INFO - Processing file /home/airflow/.local/lib/python3.7/site-packages/airflow/example_dags/example_branch_labels.py for tasks to queue
[2022-12-25T15:33:10.584+0000] {logging_mixin.py:137} INFO - [2022-12-25T15:33:10.584+0000] {dagbag.py:538} INFO - Filling up the DagBag from /home/airflow/.local/lib/python3.7/site-packages/airflow/example_dags/example_branch_labels.py
[2022-12-25T15:33:10.608+0000] {processor.py:753} INFO - DAG(s) dict_keys(['example_branch_labels']) retrieved from /home/airflow/.local/lib/python3.7/site-packages/airflow/example_dags/example_branch_labels.py
[2022-12-25T15:33:10.701+0000] {logging_mixin.py:137} INFO - [2022-12-25T15:33:10.701+0000] {dag.py:2676} INFO - Sync 1 DAGs
[2022-12-25T15:33:10.781+0000] {logging_mixin.py:137} INFO - [2022-12-25T15:33:10.780+0000] {dag.py:3427} INFO - Setting next_dagrun for example_branch_labels to 2022-12-24T00:00:00+00:00, run_after=2022-12-25T00:00:00+00:00
[2022-12-25T15:33:10.827+0000] {processor.py:175} INFO - Processing /home/airflow/.local/lib/python3.7/site-packages/airflow/example_dags/example_branch_labels.py took 0.341 seconds
[2022-12-25T15:33:41.173+0000] {processor.py:153} INFO - Started process (PID=924) to work on /home/airflow/.local/lib/python3.7/site-packages/airflow/example_dags/example_branch_labels.py
[2022-12-25T15:33:41.174+0000] {processor.py:743} INFO - Processing file /home/airflow/.local/lib/python3.7/site-packages/airflow/example_dags/example_branch_labels.py for tasks to queue
[2022-12-25T15:33:41.175+0000] {logging_mixin.py:137} INFO - [2022-12-25T15:33:41.175+0000] {dagbag.py:538} INFO - Filling up the DagBag from /home/airflow/.local/lib/python3.7/site-packages/airflow/example_dags/example_branch_labels.py
[2022-12-25T15:33:41.192+0000] {processor.py:753} INFO - DAG(s) dict_keys(['example_branch_labels']) retrieved from /home/airflow/.local/lib/python3.7/site-packages/airflow/example_dags/example_branch_labels.py
[2022-12-25T15:33:41.237+0000] {logging_mixin.py:137} INFO - [2022-12-25T15:33:41.237+0000] {dag.py:2676} INFO - Sync 1 DAGs
[2022-12-25T15:33:41.272+0000] {logging_mixin.py:137} INFO - [2022-12-25T15:33:41.272+0000] {dag.py:3427} INFO - Setting next_dagrun for example_branch_labels to 2022-12-24T00:00:00+00:00, run_after=2022-12-25T00:00:00+00:00
[2022-12-25T15:33:41.302+0000] {processor.py:175} INFO - Processing /home/airflow/.local/lib/python3.7/site-packages/airflow/example_dags/example_branch_labels.py took 0.133 seconds
[2022-12-25T15:34:12.481+0000] {processor.py:153} INFO - Started process (PID=1175) to work on /home/airflow/.local/lib/python3.7/site-packages/airflow/example_dags/example_branch_labels.py
[2022-12-25T15:34:12.482+0000] {processor.py:743} INFO - Processing file /home/airflow/.local/lib/python3.7/site-packages/airflow/example_dags/example_branch_labels.py for tasks to queue
[2022-12-25T15:34:12.483+0000] {logging_mixin.py:137} INFO - [2022-12-25T15:34:12.482+0000] {dagbag.py:538} INFO - Filling up the DagBag from /home/airflow/.local/lib/python3.7/site-packages/airflow/example_dags/example_branch_labels.py
[2022-12-25T15:34:12.502+0000] {processor.py:753} INFO - DAG(s) dict_keys(['example_branch_labels']) retrieved from /home/airflow/.local/lib/python3.7/site-packages/airflow/example_dags/example_branch_labels.py
[2022-12-25T15:34:12.566+0000] {logging_mixin.py:137} INFO - [2022-12-25T15:34:12.565+0000] {dag.py:2676} INFO - Sync 1 DAGs
[2022-12-25T15:34:12.615+0000] {logging_mixin.py:137} INFO - [2022-12-25T15:34:12.615+0000] {dag.py:3427} INFO - Setting next_dagrun for example_branch_labels to 2022-12-24T00:00:00+00:00, run_after=2022-12-25T00:00:00+00:00
[2022-12-25T15:34:12.651+0000] {processor.py:175} INFO - Processing /home/airflow/.local/lib/python3.7/site-packages/airflow/example_dags/example_branch_labels.py took 0.175 seconds
[2022-12-25T15:34:43.380+0000] {processor.py:153} INFO - Started process (PID=1405) to work on /home/airflow/.local/lib/python3.7/site-packages/airflow/example_dags/example_branch_labels.py
[2022-12-25T15:34:43.381+0000] {processor.py:743} INFO - Processing file /home/airflow/.local/lib/python3.7/site-packages/airflow/example_dags/example_branch_labels.py for tasks to queue
[2022-12-25T15:34:43.382+0000] {logging_mixin.py:137} INFO - [2022-12-25T15:34:43.382+0000] {dagbag.py:538} INFO - Filling up the DagBag from /home/airflow/.local/lib/python3.7/site-packages/airflow/example_dags/example_branch_labels.py
[2022-12-25T15:34:43.395+0000] {processor.py:753} INFO - DAG(s) dict_keys(['example_branch_labels']) retrieved from /home/airflow/.local/lib/python3.7/site-packages/airflow/example_dags/example_branch_labels.py
[2022-12-25T15:34:43.430+0000] {logging_mixin.py:137} INFO - [2022-12-25T15:34:43.429+0000] {dag.py:2676} INFO - Sync 1 DAGs
[2022-12-25T15:34:43.458+0000] {logging_mixin.py:137} INFO - [2022-12-25T15:34:43.458+0000] {dag.py:3427} INFO - Setting next_dagrun for example_branch_labels to 2022-12-24T00:00:00+00:00, run_after=2022-12-25T00:00:00+00:00
[2022-12-25T15:34:43.476+0000] {processor.py:175} INFO - Processing /home/airflow/.local/lib/python3.7/site-packages/airflow/example_dags/example_branch_labels.py took 0.100 seconds
[2022-12-25T15:35:14.048+0000] {processor.py:153} INFO - Started process (PID=1646) to work on /home/airflow/.local/lib/python3.7/site-packages/airflow/example_dags/example_branch_labels.py
[2022-12-25T15:35:14.050+0000] {processor.py:743} INFO - Processing file /home/airflow/.local/lib/python3.7/site-packages/airflow/example_dags/example_branch_labels.py for tasks to queue
[2022-12-25T15:35:14.051+0000] {logging_mixin.py:137} INFO - [2022-12-25T15:35:14.051+0000] {dagbag.py:538} INFO - Filling up the DagBag from /home/airflow/.local/lib/python3.7/site-packages/airflow/example_dags/example_branch_labels.py
[2022-12-25T15:35:14.072+0000] {processor.py:753} INFO - DAG(s) dict_keys(['example_branch_labels']) retrieved from /home/airflow/.local/lib/python3.7/site-packages/airflow/example_dags/example_branch_labels.py
[2022-12-25T15:35:14.123+0000] {logging_mixin.py:137} INFO - [2022-12-25T15:35:14.123+0000] {dag.py:2676} INFO - Sync 1 DAGs
[2022-12-25T15:35:14.157+0000] {logging_mixin.py:137} INFO - [2022-12-25T15:35:14.157+0000] {dag.py:3427} INFO - Setting next_dagrun for example_branch_labels to 2022-12-24T00:00:00+00:00, run_after=2022-12-25T00:00:00+00:00
[2022-12-25T15:35:14.196+0000] {processor.py:175} INFO - Processing /home/airflow/.local/lib/python3.7/site-packages/airflow/example_dags/example_branch_labels.py took 0.156 seconds
[2022-12-25T15:35:44.305+0000] {processor.py:153} INFO - Started process (PID=1887) to work on /home/airflow/.local/lib/python3.7/site-packages/airflow/example_dags/example_branch_labels.py
[2022-12-25T15:35:44.306+0000] {processor.py:743} INFO - Processing file /home/airflow/.local/lib/python3.7/site-packages/airflow/example_dags/example_branch_labels.py for tasks to queue
[2022-12-25T15:35:44.307+0000] {logging_mixin.py:137} INFO - [2022-12-25T15:35:44.307+0000] {dagbag.py:538} INFO - Filling up the DagBag from /home/airflow/.local/lib/python3.7/site-packages/airflow/example_dags/example_branch_labels.py
[2022-12-25T15:35:44.323+0000] {processor.py:753} INFO - DAG(s) dict_keys(['example_branch_labels']) retrieved from /home/airflow/.local/lib/python3.7/site-packages/airflow/example_dags/example_branch_labels.py
[2022-12-25T15:35:44.364+0000] {logging_mixin.py:137} INFO - [2022-12-25T15:35:44.364+0000] {dag.py:2676} INFO - Sync 1 DAGs
[2022-12-25T15:35:44.393+0000] {logging_mixin.py:137} INFO - [2022-12-25T15:35:44.393+0000] {dag.py:3427} INFO - Setting next_dagrun for example_branch_labels to 2022-12-24T00:00:00+00:00, run_after=2022-12-25T00:00:00+00:00
[2022-12-25T15:35:44.414+0000] {processor.py:175} INFO - Processing /home/airflow/.local/lib/python3.7/site-packages/airflow/example_dags/example_branch_labels.py took 0.114 seconds
[2022-12-25T15:36:15.046+0000] {processor.py:153} INFO - Started process (PID=2115) to work on /home/airflow/.local/lib/python3.7/site-packages/airflow/example_dags/example_branch_labels.py
[2022-12-25T15:36:15.047+0000] {processor.py:743} INFO - Processing file /home/airflow/.local/lib/python3.7/site-packages/airflow/example_dags/example_branch_labels.py for tasks to queue
[2022-12-25T15:36:15.049+0000] {logging_mixin.py:137} INFO - [2022-12-25T15:36:15.049+0000] {dagbag.py:538} INFO - Filling up the DagBag from /home/airflow/.local/lib/python3.7/site-packages/airflow/example_dags/example_branch_labels.py
[2022-12-25T15:36:15.064+0000] {processor.py:753} INFO - DAG(s) dict_keys(['example_branch_labels']) retrieved from /home/airflow/.local/lib/python3.7/site-packages/airflow/example_dags/example_branch_labels.py
[2022-12-25T15:36:15.103+0000] {logging_mixin.py:137} INFO - [2022-12-25T15:36:15.103+0000] {dag.py:2676} INFO - Sync 1 DAGs
[2022-12-25T15:36:15.138+0000] {logging_mixin.py:137} INFO - [2022-12-25T15:36:15.138+0000] {dag.py:3427} INFO - Setting next_dagrun for example_branch_labels to 2022-12-24T00:00:00+00:00, run_after=2022-12-25T00:00:00+00:00
[2022-12-25T15:36:15.164+0000] {processor.py:175} INFO - Processing /home/airflow/.local/lib/python3.7/site-packages/airflow/example_dags/example_branch_labels.py took 0.121 seconds
[2022-12-25T15:36:45.243+0000] {processor.py:153} INFO - Started process (PID=2345) to work on /home/airflow/.local/lib/python3.7/site-packages/airflow/example_dags/example_branch_labels.py
[2022-12-25T15:36:45.244+0000] {processor.py:743} INFO - Processing file /home/airflow/.local/lib/python3.7/site-packages/airflow/example_dags/example_branch_labels.py for tasks to queue
[2022-12-25T15:36:45.245+0000] {logging_mixin.py:137} INFO - [2022-12-25T15:36:45.245+0000] {dagbag.py:538} INFO - Filling up the DagBag from /home/airflow/.local/lib/python3.7/site-packages/airflow/example_dags/example_branch_labels.py
[2022-12-25T15:36:45.261+0000] {processor.py:753} INFO - DAG(s) dict_keys(['example_branch_labels']) retrieved from /home/airflow/.local/lib/python3.7/site-packages/airflow/example_dags/example_branch_labels.py
[2022-12-25T15:36:45.305+0000] {logging_mixin.py:137} INFO - [2022-12-25T15:36:45.305+0000] {dag.py:2676} INFO - Sync 1 DAGs
[2022-12-25T15:36:45.343+0000] {logging_mixin.py:137} INFO - [2022-12-25T15:36:45.343+0000] {dag.py:3427} INFO - Setting next_dagrun for example_branch_labels to 2022-12-24T00:00:00+00:00, run_after=2022-12-25T00:00:00+00:00
[2022-12-25T15:36:45.372+0000] {processor.py:175} INFO - Processing /home/airflow/.local/lib/python3.7/site-packages/airflow/example_dags/example_branch_labels.py took 0.132 seconds
[2022-12-25T15:37:15.935+0000] {processor.py:153} INFO - Started process (PID=2597) to work on /home/airflow/.local/lib/python3.7/site-packages/airflow/example_dags/example_branch_labels.py
[2022-12-25T15:37:15.938+0000] {processor.py:743} INFO - Processing file /home/airflow/.local/lib/python3.7/site-packages/airflow/example_dags/example_branch_labels.py for tasks to queue
[2022-12-25T15:37:15.938+0000] {logging_mixin.py:137} INFO - [2022-12-25T15:37:15.938+0000] {dagbag.py:538} INFO - Filling up the DagBag from /home/airflow/.local/lib/python3.7/site-packages/airflow/example_dags/example_branch_labels.py
[2022-12-25T15:37:15.957+0000] {processor.py:753} INFO - DAG(s) dict_keys(['example_branch_labels']) retrieved from /home/airflow/.local/lib/python3.7/site-packages/airflow/example_dags/example_branch_labels.py
[2022-12-25T15:37:16.008+0000] {logging_mixin.py:137} INFO - [2022-12-25T15:37:16.008+0000] {dag.py:2676} INFO - Sync 1 DAGs
[2022-12-25T15:37:16.044+0000] {logging_mixin.py:137} INFO - [2022-12-25T15:37:16.044+0000] {dag.py:3427} INFO - Setting next_dagrun for example_branch_labels to 2022-12-24T00:00:00+00:00, run_after=2022-12-25T00:00:00+00:00
[2022-12-25T15:37:16.075+0000] {processor.py:175} INFO - Processing /home/airflow/.local/lib/python3.7/site-packages/airflow/example_dags/example_branch_labels.py took 0.143 seconds
[2022-12-25T15:37:46.125+0000] {processor.py:153} INFO - Started process (PID=2825) to work on /home/airflow/.local/lib/python3.7/site-packages/airflow/example_dags/example_branch_labels.py
[2022-12-25T15:37:46.126+0000] {processor.py:743} INFO - Processing file /home/airflow/.local/lib/python3.7/site-packages/airflow/example_dags/example_branch_labels.py for tasks to queue
[2022-12-25T15:37:46.127+0000] {logging_mixin.py:137} INFO - [2022-12-25T15:37:46.127+0000] {dagbag.py:538} INFO - Filling up the DagBag from /home/airflow/.local/lib/python3.7/site-packages/airflow/example_dags/example_branch_labels.py
[2022-12-25T15:37:46.145+0000] {processor.py:753} INFO - DAG(s) dict_keys(['example_branch_labels']) retrieved from /home/airflow/.local/lib/python3.7/site-packages/airflow/example_dags/example_branch_labels.py
[2022-12-25T15:37:46.182+0000] {logging_mixin.py:137} INFO - [2022-12-25T15:37:46.182+0000] {dag.py:2676} INFO - Sync 1 DAGs
[2022-12-25T15:37:46.209+0000] {logging_mixin.py:137} INFO - [2022-12-25T15:37:46.209+0000] {dag.py:3427} INFO - Setting next_dagrun for example_branch_labels to 2022-12-24T00:00:00+00:00, run_after=2022-12-25T00:00:00+00:00
[2022-12-25T15:37:46.229+0000] {processor.py:175} INFO - Processing /home/airflow/.local/lib/python3.7/site-packages/airflow/example_dags/example_branch_labels.py took 0.107 seconds
[2022-12-25T15:38:16.954+0000] {processor.py:153} INFO - Started process (PID=3075) to work on /home/airflow/.local/lib/python3.7/site-packages/airflow/example_dags/example_branch_labels.py
[2022-12-25T15:38:16.955+0000] {processor.py:743} INFO - Processing file /home/airflow/.local/lib/python3.7/site-packages/airflow/example_dags/example_branch_labels.py for tasks to queue
[2022-12-25T15:38:16.956+0000] {logging_mixin.py:137} INFO - [2022-12-25T15:38:16.956+0000] {dagbag.py:538} INFO - Filling up the DagBag from /home/airflow/.local/lib/python3.7/site-packages/airflow/example_dags/example_branch_labels.py
[2022-12-25T15:38:16.971+0000] {processor.py:753} INFO - DAG(s) dict_keys(['example_branch_labels']) retrieved from /home/airflow/.local/lib/python3.7/site-packages/airflow/example_dags/example_branch_labels.py
[2022-12-25T15:38:17.007+0000] {logging_mixin.py:137} INFO - [2022-12-25T15:38:17.007+0000] {dag.py:2676} INFO - Sync 1 DAGs
[2022-12-25T15:38:17.035+0000] {logging_mixin.py:137} INFO - [2022-12-25T15:38:17.035+0000] {dag.py:3427} INFO - Setting next_dagrun for example_branch_labels to 2022-12-24T00:00:00+00:00, run_after=2022-12-25T00:00:00+00:00
[2022-12-25T15:38:17.055+0000] {processor.py:175} INFO - Processing /home/airflow/.local/lib/python3.7/site-packages/airflow/example_dags/example_branch_labels.py took 0.104 seconds
[2022-12-25T15:38:47.606+0000] {processor.py:153} INFO - Started process (PID=3305) to work on /home/airflow/.local/lib/python3.7/site-packages/airflow/example_dags/example_branch_labels.py
[2022-12-25T15:38:47.607+0000] {processor.py:743} INFO - Processing file /home/airflow/.local/lib/python3.7/site-packages/airflow/example_dags/example_branch_labels.py for tasks to queue
[2022-12-25T15:38:47.608+0000] {logging_mixin.py:137} INFO - [2022-12-25T15:38:47.607+0000] {dagbag.py:538} INFO - Filling up the DagBag from /home/airflow/.local/lib/python3.7/site-packages/airflow/example_dags/example_branch_labels.py
[2022-12-25T15:38:47.625+0000] {processor.py:753} INFO - DAG(s) dict_keys(['example_branch_labels']) retrieved from /home/airflow/.local/lib/python3.7/site-packages/airflow/example_dags/example_branch_labels.py
[2022-12-25T15:38:47.664+0000] {logging_mixin.py:137} INFO - [2022-12-25T15:38:47.664+0000] {dag.py:2676} INFO - Sync 1 DAGs
[2022-12-25T15:38:47.691+0000] {logging_mixin.py:137} INFO - [2022-12-25T15:38:47.691+0000] {dag.py:3427} INFO - Setting next_dagrun for example_branch_labels to 2022-12-24T00:00:00+00:00, run_after=2022-12-25T00:00:00+00:00
[2022-12-25T15:38:47.710+0000] {processor.py:175} INFO - Processing /home/airflow/.local/lib/python3.7/site-packages/airflow/example_dags/example_branch_labels.py took 0.107 seconds
[2022-12-25T15:39:18.909+0000] {processor.py:153} INFO - Started process (PID=3555) to work on /home/airflow/.local/lib/python3.7/site-packages/airflow/example_dags/example_branch_labels.py
[2022-12-25T15:39:18.911+0000] {processor.py:743} INFO - Processing file /home/airflow/.local/lib/python3.7/site-packages/airflow/example_dags/example_branch_labels.py for tasks to queue
[2022-12-25T15:39:18.911+0000] {logging_mixin.py:137} INFO - [2022-12-25T15:39:18.911+0000] {dagbag.py:538} INFO - Filling up the DagBag from /home/airflow/.local/lib/python3.7/site-packages/airflow/example_dags/example_branch_labels.py
[2022-12-25T15:39:18.939+0000] {processor.py:753} INFO - DAG(s) dict_keys(['example_branch_labels']) retrieved from /home/airflow/.local/lib/python3.7/site-packages/airflow/example_dags/example_branch_labels.py
[2022-12-25T15:39:19.228+0000] {logging_mixin.py:137} INFO - [2022-12-25T15:39:19.227+0000] {dag.py:2676} INFO - Sync 1 DAGs
[2022-12-25T15:39:19.336+0000] {logging_mixin.py:137} INFO - [2022-12-25T15:39:19.336+0000] {dag.py:3427} INFO - Setting next_dagrun for example_branch_labels to 2022-12-24T00:00:00+00:00, run_after=2022-12-25T00:00:00+00:00
[2022-12-25T15:39:19.386+0000] {processor.py:175} INFO - Processing /home/airflow/.local/lib/python3.7/site-packages/airflow/example_dags/example_branch_labels.py took 0.482 seconds
[2022-12-25T15:39:49.591+0000] {processor.py:153} INFO - Started process (PID=3785) to work on /home/airflow/.local/lib/python3.7/site-packages/airflow/example_dags/example_branch_labels.py
[2022-12-25T15:39:49.594+0000] {processor.py:743} INFO - Processing file /home/airflow/.local/lib/python3.7/site-packages/airflow/example_dags/example_branch_labels.py for tasks to queue
[2022-12-25T15:39:49.596+0000] {logging_mixin.py:137} INFO - [2022-12-25T15:39:49.595+0000] {dagbag.py:538} INFO - Filling up the DagBag from /home/airflow/.local/lib/python3.7/site-packages/airflow/example_dags/example_branch_labels.py
[2022-12-25T15:39:49.637+0000] {processor.py:753} INFO - DAG(s) dict_keys(['example_branch_labels']) retrieved from /home/airflow/.local/lib/python3.7/site-packages/airflow/example_dags/example_branch_labels.py
[2022-12-25T15:39:49.710+0000] {logging_mixin.py:137} INFO - [2022-12-25T15:39:49.709+0000] {dag.py:2676} INFO - Sync 1 DAGs
[2022-12-25T15:39:49.759+0000] {logging_mixin.py:137} INFO - [2022-12-25T15:39:49.759+0000] {dag.py:3427} INFO - Setting next_dagrun for example_branch_labels to 2022-12-24T00:00:00+00:00, run_after=2022-12-25T00:00:00+00:00
[2022-12-25T15:39:49.793+0000] {processor.py:175} INFO - Processing /home/airflow/.local/lib/python3.7/site-packages/airflow/example_dags/example_branch_labels.py took 0.212 seconds
[2022-12-25T15:40:20.107+0000] {processor.py:153} INFO - Started process (PID=4016) to work on /home/airflow/.local/lib/python3.7/site-packages/airflow/example_dags/example_branch_labels.py
[2022-12-25T15:40:20.109+0000] {processor.py:743} INFO - Processing file /home/airflow/.local/lib/python3.7/site-packages/airflow/example_dags/example_branch_labels.py for tasks to queue
[2022-12-25T15:40:20.109+0000] {logging_mixin.py:137} INFO - [2022-12-25T15:40:20.109+0000] {dagbag.py:538} INFO - Filling up the DagBag from /home/airflow/.local/lib/python3.7/site-packages/airflow/example_dags/example_branch_labels.py
[2022-12-25T15:40:20.124+0000] {processor.py:753} INFO - DAG(s) dict_keys(['example_branch_labels']) retrieved from /home/airflow/.local/lib/python3.7/site-packages/airflow/example_dags/example_branch_labels.py
[2022-12-25T15:40:20.162+0000] {logging_mixin.py:137} INFO - [2022-12-25T15:40:20.162+0000] {dag.py:2676} INFO - Sync 1 DAGs
[2022-12-25T15:40:20.188+0000] {logging_mixin.py:137} INFO - [2022-12-25T15:40:20.188+0000] {dag.py:3427} INFO - Setting next_dagrun for example_branch_labels to 2022-12-24T00:00:00+00:00, run_after=2022-12-25T00:00:00+00:00
[2022-12-25T15:40:20.209+0000] {processor.py:175} INFO - Processing /home/airflow/.local/lib/python3.7/site-packages/airflow/example_dags/example_branch_labels.py took 0.105 seconds
[2022-12-25T15:40:50.294+0000] {processor.py:153} INFO - Started process (PID=4266) to work on /home/airflow/.local/lib/python3.7/site-packages/airflow/example_dags/example_branch_labels.py
[2022-12-25T15:40:50.296+0000] {processor.py:743} INFO - Processing file /home/airflow/.local/lib/python3.7/site-packages/airflow/example_dags/example_branch_labels.py for tasks to queue
[2022-12-25T15:40:50.296+0000] {logging_mixin.py:137} INFO - [2022-12-25T15:40:50.296+0000] {dagbag.py:538} INFO - Filling up the DagBag from /home/airflow/.local/lib/python3.7/site-packages/airflow/example_dags/example_branch_labels.py
[2022-12-25T15:40:50.321+0000] {processor.py:753} INFO - DAG(s) dict_keys(['example_branch_labels']) retrieved from /home/airflow/.local/lib/python3.7/site-packages/airflow/example_dags/example_branch_labels.py
[2022-12-25T15:40:50.365+0000] {logging_mixin.py:137} INFO - [2022-12-25T15:40:50.365+0000] {dag.py:2676} INFO - Sync 1 DAGs
[2022-12-25T15:40:50.412+0000] {logging_mixin.py:137} INFO - [2022-12-25T15:40:50.412+0000] {dag.py:3427} INFO - Setting next_dagrun for example_branch_labels to 2022-12-24T00:00:00+00:00, run_after=2022-12-25T00:00:00+00:00
[2022-12-25T15:40:50.454+0000] {processor.py:175} INFO - Processing /home/airflow/.local/lib/python3.7/site-packages/airflow/example_dags/example_branch_labels.py took 0.163 seconds
[2022-12-25T15:41:20.511+0000] {processor.py:153} INFO - Started process (PID=4496) to work on /home/airflow/.local/lib/python3.7/site-packages/airflow/example_dags/example_branch_labels.py
[2022-12-25T15:41:20.513+0000] {processor.py:743} INFO - Processing file /home/airflow/.local/lib/python3.7/site-packages/airflow/example_dags/example_branch_labels.py for tasks to queue
[2022-12-25T15:41:20.513+0000] {logging_mixin.py:137} INFO - [2022-12-25T15:41:20.513+0000] {dagbag.py:538} INFO - Filling up the DagBag from /home/airflow/.local/lib/python3.7/site-packages/airflow/example_dags/example_branch_labels.py
[2022-12-25T15:41:20.527+0000] {processor.py:753} INFO - DAG(s) dict_keys(['example_branch_labels']) retrieved from /home/airflow/.local/lib/python3.7/site-packages/airflow/example_dags/example_branch_labels.py
[2022-12-25T15:41:20.563+0000] {logging_mixin.py:137} INFO - [2022-12-25T15:41:20.563+0000] {dag.py:2676} INFO - Sync 1 DAGs
[2022-12-25T15:41:20.588+0000] {logging_mixin.py:137} INFO - [2022-12-25T15:41:20.588+0000] {dag.py:3427} INFO - Setting next_dagrun for example_branch_labels to 2022-12-24T00:00:00+00:00, run_after=2022-12-25T00:00:00+00:00
[2022-12-25T15:41:20.606+0000] {processor.py:175} INFO - Processing /home/airflow/.local/lib/python3.7/site-packages/airflow/example_dags/example_branch_labels.py took 0.098 seconds
[2022-12-25T15:41:51.019+0000] {processor.py:153} INFO - Started process (PID=4726) to work on /home/airflow/.local/lib/python3.7/site-packages/airflow/example_dags/example_branch_labels.py
[2022-12-25T15:41:51.021+0000] {processor.py:743} INFO - Processing file /home/airflow/.local/lib/python3.7/site-packages/airflow/example_dags/example_branch_labels.py for tasks to queue
[2022-12-25T15:41:51.022+0000] {logging_mixin.py:137} INFO - [2022-12-25T15:41:51.022+0000] {dagbag.py:538} INFO - Filling up the DagBag from /home/airflow/.local/lib/python3.7/site-packages/airflow/example_dags/example_branch_labels.py
[2022-12-25T15:41:51.036+0000] {processor.py:753} INFO - DAG(s) dict_keys(['example_branch_labels']) retrieved from /home/airflow/.local/lib/python3.7/site-packages/airflow/example_dags/example_branch_labels.py
[2022-12-25T15:41:51.074+0000] {logging_mixin.py:137} INFO - [2022-12-25T15:41:51.074+0000] {dag.py:2676} INFO - Sync 1 DAGs
[2022-12-25T15:41:51.113+0000] {logging_mixin.py:137} INFO - [2022-12-25T15:41:51.112+0000] {dag.py:3427} INFO - Setting next_dagrun for example_branch_labels to 2022-12-24T00:00:00+00:00, run_after=2022-12-25T00:00:00+00:00
[2022-12-25T15:41:51.137+0000] {processor.py:175} INFO - Processing /home/airflow/.local/lib/python3.7/site-packages/airflow/example_dags/example_branch_labels.py took 0.122 seconds
[2022-12-25T15:42:21.230+0000] {processor.py:153} INFO - Started process (PID=4976) to work on /home/airflow/.local/lib/python3.7/site-packages/airflow/example_dags/example_branch_labels.py
[2022-12-25T15:42:21.231+0000] {processor.py:743} INFO - Processing file /home/airflow/.local/lib/python3.7/site-packages/airflow/example_dags/example_branch_labels.py for tasks to queue
[2022-12-25T15:42:21.232+0000] {logging_mixin.py:137} INFO - [2022-12-25T15:42:21.232+0000] {dagbag.py:538} INFO - Filling up the DagBag from /home/airflow/.local/lib/python3.7/site-packages/airflow/example_dags/example_branch_labels.py
[2022-12-25T15:42:21.248+0000] {processor.py:753} INFO - DAG(s) dict_keys(['example_branch_labels']) retrieved from /home/airflow/.local/lib/python3.7/site-packages/airflow/example_dags/example_branch_labels.py
[2022-12-25T15:42:21.286+0000] {logging_mixin.py:137} INFO - [2022-12-25T15:42:21.286+0000] {dag.py:2676} INFO - Sync 1 DAGs
[2022-12-25T15:42:21.314+0000] {logging_mixin.py:137} INFO - [2022-12-25T15:42:21.314+0000] {dag.py:3427} INFO - Setting next_dagrun for example_branch_labels to 2022-12-24T00:00:00+00:00, run_after=2022-12-25T00:00:00+00:00
[2022-12-25T15:42:21.331+0000] {processor.py:175} INFO - Processing /home/airflow/.local/lib/python3.7/site-packages/airflow/example_dags/example_branch_labels.py took 0.104 seconds
[2022-12-25T15:42:51.397+0000] {processor.py:153} INFO - Started process (PID=5207) to work on /home/airflow/.local/lib/python3.7/site-packages/airflow/example_dags/example_branch_labels.py
[2022-12-25T15:42:51.398+0000] {processor.py:743} INFO - Processing file /home/airflow/.local/lib/python3.7/site-packages/airflow/example_dags/example_branch_labels.py for tasks to queue
[2022-12-25T15:42:51.399+0000] {logging_mixin.py:137} INFO - [2022-12-25T15:42:51.399+0000] {dagbag.py:538} INFO - Filling up the DagBag from /home/airflow/.local/lib/python3.7/site-packages/airflow/example_dags/example_branch_labels.py
[2022-12-25T15:42:51.414+0000] {processor.py:753} INFO - DAG(s) dict_keys(['example_branch_labels']) retrieved from /home/airflow/.local/lib/python3.7/site-packages/airflow/example_dags/example_branch_labels.py
[2022-12-25T15:42:51.452+0000] {logging_mixin.py:137} INFO - [2022-12-25T15:42:51.452+0000] {dag.py:2676} INFO - Sync 1 DAGs
[2022-12-25T15:42:51.479+0000] {logging_mixin.py:137} INFO - [2022-12-25T15:42:51.479+0000] {dag.py:3427} INFO - Setting next_dagrun for example_branch_labels to 2022-12-24T00:00:00+00:00, run_after=2022-12-25T00:00:00+00:00
[2022-12-25T15:42:51.499+0000] {processor.py:175} INFO - Processing /home/airflow/.local/lib/python3.7/site-packages/airflow/example_dags/example_branch_labels.py took 0.105 seconds
[2022-12-25T15:43:22.155+0000] {processor.py:153} INFO - Started process (PID=5437) to work on /home/airflow/.local/lib/python3.7/site-packages/airflow/example_dags/example_branch_labels.py
[2022-12-25T15:43:22.156+0000] {processor.py:743} INFO - Processing file /home/airflow/.local/lib/python3.7/site-packages/airflow/example_dags/example_branch_labels.py for tasks to queue
[2022-12-25T15:43:22.156+0000] {logging_mixin.py:137} INFO - [2022-12-25T15:43:22.156+0000] {dagbag.py:538} INFO - Filling up the DagBag from /home/airflow/.local/lib/python3.7/site-packages/airflow/example_dags/example_branch_labels.py
[2022-12-25T15:43:22.170+0000] {processor.py:753} INFO - DAG(s) dict_keys(['example_branch_labels']) retrieved from /home/airflow/.local/lib/python3.7/site-packages/airflow/example_dags/example_branch_labels.py
[2022-12-25T15:43:22.208+0000] {logging_mixin.py:137} INFO - [2022-12-25T15:43:22.208+0000] {dag.py:2676} INFO - Sync 1 DAGs
[2022-12-25T15:43:22.233+0000] {logging_mixin.py:137} INFO - [2022-12-25T15:43:22.233+0000] {dag.py:3427} INFO - Setting next_dagrun for example_branch_labels to 2022-12-24T00:00:00+00:00, run_after=2022-12-25T00:00:00+00:00
[2022-12-25T15:43:22.252+0000] {processor.py:175} INFO - Processing /home/airflow/.local/lib/python3.7/site-packages/airflow/example_dags/example_branch_labels.py took 0.100 seconds
[2022-12-25T15:43:52.397+0000] {processor.py:153} INFO - Started process (PID=5688) to work on /home/airflow/.local/lib/python3.7/site-packages/airflow/example_dags/example_branch_labels.py
[2022-12-25T15:43:52.398+0000] {processor.py:743} INFO - Processing file /home/airflow/.local/lib/python3.7/site-packages/airflow/example_dags/example_branch_labels.py for tasks to queue
[2022-12-25T15:43:52.399+0000] {logging_mixin.py:137} INFO - [2022-12-25T15:43:52.399+0000] {dagbag.py:538} INFO - Filling up the DagBag from /home/airflow/.local/lib/python3.7/site-packages/airflow/example_dags/example_branch_labels.py
[2022-12-25T15:43:52.413+0000] {processor.py:753} INFO - DAG(s) dict_keys(['example_branch_labels']) retrieved from /home/airflow/.local/lib/python3.7/site-packages/airflow/example_dags/example_branch_labels.py
[2022-12-25T15:43:52.450+0000] {logging_mixin.py:137} INFO - [2022-12-25T15:43:52.450+0000] {dag.py:2676} INFO - Sync 1 DAGs
[2022-12-25T15:43:52.477+0000] {logging_mixin.py:137} INFO - [2022-12-25T15:43:52.477+0000] {dag.py:3427} INFO - Setting next_dagrun for example_branch_labels to 2022-12-24T00:00:00+00:00, run_after=2022-12-25T00:00:00+00:00
[2022-12-25T15:43:52.497+0000] {processor.py:175} INFO - Processing /home/airflow/.local/lib/python3.7/site-packages/airflow/example_dags/example_branch_labels.py took 0.105 seconds
[2022-12-25T15:44:23.131+0000] {processor.py:153} INFO - Started process (PID=5918) to work on /home/airflow/.local/lib/python3.7/site-packages/airflow/example_dags/example_branch_labels.py
[2022-12-25T15:44:23.132+0000] {processor.py:743} INFO - Processing file /home/airflow/.local/lib/python3.7/site-packages/airflow/example_dags/example_branch_labels.py for tasks to queue
[2022-12-25T15:44:23.133+0000] {logging_mixin.py:137} INFO - [2022-12-25T15:44:23.133+0000] {dagbag.py:538} INFO - Filling up the DagBag from /home/airflow/.local/lib/python3.7/site-packages/airflow/example_dags/example_branch_labels.py
[2022-12-25T15:44:23.153+0000] {processor.py:753} INFO - DAG(s) dict_keys(['example_branch_labels']) retrieved from /home/airflow/.local/lib/python3.7/site-packages/airflow/example_dags/example_branch_labels.py
[2022-12-25T15:44:23.192+0000] {logging_mixin.py:137} INFO - [2022-12-25T15:44:23.192+0000] {dag.py:2676} INFO - Sync 1 DAGs
[2022-12-25T15:44:23.219+0000] {logging_mixin.py:137} INFO - [2022-12-25T15:44:23.219+0000] {dag.py:3427} INFO - Setting next_dagrun for example_branch_labels to 2022-12-24T00:00:00+00:00, run_after=2022-12-25T00:00:00+00:00
[2022-12-25T15:44:23.239+0000] {processor.py:175} INFO - Processing /home/airflow/.local/lib/python3.7/site-packages/airflow/example_dags/example_branch_labels.py took 0.111 seconds
[2022-12-25T15:44:54.115+0000] {processor.py:153} INFO - Started process (PID=6168) to work on /home/airflow/.local/lib/python3.7/site-packages/airflow/example_dags/example_branch_labels.py
[2022-12-25T15:44:54.116+0000] {processor.py:743} INFO - Processing file /home/airflow/.local/lib/python3.7/site-packages/airflow/example_dags/example_branch_labels.py for tasks to queue
[2022-12-25T15:44:54.117+0000] {logging_mixin.py:137} INFO - [2022-12-25T15:44:54.117+0000] {dagbag.py:538} INFO - Filling up the DagBag from /home/airflow/.local/lib/python3.7/site-packages/airflow/example_dags/example_branch_labels.py
[2022-12-25T15:44:54.134+0000] {processor.py:753} INFO - DAG(s) dict_keys(['example_branch_labels']) retrieved from /home/airflow/.local/lib/python3.7/site-packages/airflow/example_dags/example_branch_labels.py
[2022-12-25T15:44:54.173+0000] {logging_mixin.py:137} INFO - [2022-12-25T15:44:54.173+0000] {dag.py:2676} INFO - Sync 1 DAGs
[2022-12-25T15:44:54.200+0000] {logging_mixin.py:137} INFO - [2022-12-25T15:44:54.200+0000] {dag.py:3427} INFO - Setting next_dagrun for example_branch_labels to 2022-12-24T00:00:00+00:00, run_after=2022-12-25T00:00:00+00:00
[2022-12-25T15:44:54.218+0000] {processor.py:175} INFO - Processing /home/airflow/.local/lib/python3.7/site-packages/airflow/example_dags/example_branch_labels.py took 0.108 seconds
[2022-12-25T15:45:25.250+0000] {processor.py:153} INFO - Started process (PID=6398) to work on /home/airflow/.local/lib/python3.7/site-packages/airflow/example_dags/example_branch_labels.py
[2022-12-25T15:45:25.252+0000] {processor.py:743} INFO - Processing file /home/airflow/.local/lib/python3.7/site-packages/airflow/example_dags/example_branch_labels.py for tasks to queue
[2022-12-25T15:45:25.253+0000] {logging_mixin.py:137} INFO - [2022-12-25T15:45:25.253+0000] {dagbag.py:538} INFO - Filling up the DagBag from /home/airflow/.local/lib/python3.7/site-packages/airflow/example_dags/example_branch_labels.py
[2022-12-25T15:45:25.270+0000] {processor.py:753} INFO - DAG(s) dict_keys(['example_branch_labels']) retrieved from /home/airflow/.local/lib/python3.7/site-packages/airflow/example_dags/example_branch_labels.py
[2022-12-25T15:45:25.308+0000] {logging_mixin.py:137} INFO - [2022-12-25T15:45:25.308+0000] {dag.py:2676} INFO - Sync 1 DAGs
[2022-12-25T15:45:25.335+0000] {logging_mixin.py:137} INFO - [2022-12-25T15:45:25.335+0000] {dag.py:3427} INFO - Setting next_dagrun for example_branch_labels to 2022-12-24T00:00:00+00:00, run_after=2022-12-25T00:00:00+00:00
[2022-12-25T15:45:25.354+0000] {processor.py:175} INFO - Processing /home/airflow/.local/lib/python3.7/site-packages/airflow/example_dags/example_branch_labels.py took 0.109 seconds
[2022-12-25T15:45:55.511+0000] {processor.py:153} INFO - Started process (PID=6648) to work on /home/airflow/.local/lib/python3.7/site-packages/airflow/example_dags/example_branch_labels.py
[2022-12-25T15:45:55.512+0000] {processor.py:743} INFO - Processing file /home/airflow/.local/lib/python3.7/site-packages/airflow/example_dags/example_branch_labels.py for tasks to queue
[2022-12-25T15:45:55.513+0000] {logging_mixin.py:137} INFO - [2022-12-25T15:45:55.513+0000] {dagbag.py:538} INFO - Filling up the DagBag from /home/airflow/.local/lib/python3.7/site-packages/airflow/example_dags/example_branch_labels.py
[2022-12-25T15:45:55.529+0000] {processor.py:753} INFO - DAG(s) dict_keys(['example_branch_labels']) retrieved from /home/airflow/.local/lib/python3.7/site-packages/airflow/example_dags/example_branch_labels.py
[2022-12-25T15:45:55.576+0000] {logging_mixin.py:137} INFO - [2022-12-25T15:45:55.575+0000] {dag.py:2676} INFO - Sync 1 DAGs
[2022-12-25T15:45:55.615+0000] {logging_mixin.py:137} INFO - [2022-12-25T15:45:55.615+0000] {dag.py:3427} INFO - Setting next_dagrun for example_branch_labels to 2022-12-24T00:00:00+00:00, run_after=2022-12-25T00:00:00+00:00
[2022-12-25T15:45:55.648+0000] {processor.py:175} INFO - Processing /home/airflow/.local/lib/python3.7/site-packages/airflow/example_dags/example_branch_labels.py took 0.142 seconds
[2022-12-25T15:46:25.737+0000] {processor.py:153} INFO - Started process (PID=6878) to work on /home/airflow/.local/lib/python3.7/site-packages/airflow/example_dags/example_branch_labels.py
[2022-12-25T15:46:25.738+0000] {processor.py:743} INFO - Processing file /home/airflow/.local/lib/python3.7/site-packages/airflow/example_dags/example_branch_labels.py for tasks to queue
[2022-12-25T15:46:25.739+0000] {logging_mixin.py:137} INFO - [2022-12-25T15:46:25.738+0000] {dagbag.py:538} INFO - Filling up the DagBag from /home/airflow/.local/lib/python3.7/site-packages/airflow/example_dags/example_branch_labels.py
[2022-12-25T15:46:25.753+0000] {processor.py:753} INFO - DAG(s) dict_keys(['example_branch_labels']) retrieved from /home/airflow/.local/lib/python3.7/site-packages/airflow/example_dags/example_branch_labels.py
[2022-12-25T15:46:25.789+0000] {logging_mixin.py:137} INFO - [2022-12-25T15:46:25.789+0000] {dag.py:2676} INFO - Sync 1 DAGs
[2022-12-25T15:46:25.816+0000] {logging_mixin.py:137} INFO - [2022-12-25T15:46:25.816+0000] {dag.py:3427} INFO - Setting next_dagrun for example_branch_labels to 2022-12-24T00:00:00+00:00, run_after=2022-12-25T00:00:00+00:00
[2022-12-25T15:46:25.835+0000] {processor.py:175} INFO - Processing /home/airflow/.local/lib/python3.7/site-packages/airflow/example_dags/example_branch_labels.py took 0.102 seconds
[2022-12-25T15:46:56.174+0000] {processor.py:153} INFO - Started process (PID=7110) to work on /home/airflow/.local/lib/python3.7/site-packages/airflow/example_dags/example_branch_labels.py
[2022-12-25T15:46:56.176+0000] {processor.py:743} INFO - Processing file /home/airflow/.local/lib/python3.7/site-packages/airflow/example_dags/example_branch_labels.py for tasks to queue
[2022-12-25T15:46:56.178+0000] {logging_mixin.py:137} INFO - [2022-12-25T15:46:56.178+0000] {dagbag.py:538} INFO - Filling up the DagBag from /home/airflow/.local/lib/python3.7/site-packages/airflow/example_dags/example_branch_labels.py
[2022-12-25T15:46:56.199+0000] {processor.py:753} INFO - DAG(s) dict_keys(['example_branch_labels']) retrieved from /home/airflow/.local/lib/python3.7/site-packages/airflow/example_dags/example_branch_labels.py
[2022-12-25T15:46:56.245+0000] {logging_mixin.py:137} INFO - [2022-12-25T15:46:56.244+0000] {dag.py:2676} INFO - Sync 1 DAGs
[2022-12-25T15:46:56.292+0000] {logging_mixin.py:137} INFO - [2022-12-25T15:46:56.292+0000] {dag.py:3427} INFO - Setting next_dagrun for example_branch_labels to 2022-12-24T00:00:00+00:00, run_after=2022-12-25T00:00:00+00:00
[2022-12-25T15:46:56.318+0000] {processor.py:175} INFO - Processing /home/airflow/.local/lib/python3.7/site-packages/airflow/example_dags/example_branch_labels.py took 0.150 seconds
[2022-12-25T15:47:27.499+0000] {processor.py:153} INFO - Started process (PID=7359) to work on /home/airflow/.local/lib/python3.7/site-packages/airflow/example_dags/example_branch_labels.py
[2022-12-25T15:47:27.501+0000] {processor.py:743} INFO - Processing file /home/airflow/.local/lib/python3.7/site-packages/airflow/example_dags/example_branch_labels.py for tasks to queue
[2022-12-25T15:47:27.502+0000] {logging_mixin.py:137} INFO - [2022-12-25T15:47:27.502+0000] {dagbag.py:538} INFO - Filling up the DagBag from /home/airflow/.local/lib/python3.7/site-packages/airflow/example_dags/example_branch_labels.py
[2022-12-25T15:47:27.549+0000] {processor.py:753} INFO - DAG(s) dict_keys(['example_branch_labels']) retrieved from /home/airflow/.local/lib/python3.7/site-packages/airflow/example_dags/example_branch_labels.py
[2022-12-25T15:47:27.653+0000] {logging_mixin.py:137} INFO - [2022-12-25T15:47:27.652+0000] {dag.py:2676} INFO - Sync 1 DAGs
[2022-12-25T15:47:27.717+0000] {logging_mixin.py:137} INFO - [2022-12-25T15:47:27.716+0000] {dag.py:3427} INFO - Setting next_dagrun for example_branch_labels to 2022-12-24T00:00:00+00:00, run_after=2022-12-25T00:00:00+00:00
[2022-12-25T15:47:27.756+0000] {processor.py:175} INFO - Processing /home/airflow/.local/lib/python3.7/site-packages/airflow/example_dags/example_branch_labels.py took 0.263 seconds
[2022-12-25T15:47:58.693+0000] {processor.py:153} INFO - Started process (PID=7591) to work on /home/airflow/.local/lib/python3.7/site-packages/airflow/example_dags/example_branch_labels.py
[2022-12-25T15:47:58.698+0000] {processor.py:743} INFO - Processing file /home/airflow/.local/lib/python3.7/site-packages/airflow/example_dags/example_branch_labels.py for tasks to queue
[2022-12-25T15:47:58.699+0000] {logging_mixin.py:137} INFO - [2022-12-25T15:47:58.699+0000] {dagbag.py:538} INFO - Filling up the DagBag from /home/airflow/.local/lib/python3.7/site-packages/airflow/example_dags/example_branch_labels.py
[2022-12-25T15:47:58.714+0000] {processor.py:753} INFO - DAG(s) dict_keys(['example_branch_labels']) retrieved from /home/airflow/.local/lib/python3.7/site-packages/airflow/example_dags/example_branch_labels.py
[2022-12-25T15:47:58.759+0000] {logging_mixin.py:137} INFO - [2022-12-25T15:47:58.759+0000] {dag.py:2676} INFO - Sync 1 DAGs
[2022-12-25T15:47:58.799+0000] {logging_mixin.py:137} INFO - [2022-12-25T15:47:58.799+0000] {dag.py:3427} INFO - Setting next_dagrun for example_branch_labels to 2022-12-24T00:00:00+00:00, run_after=2022-12-25T00:00:00+00:00
[2022-12-25T15:47:58.819+0000] {processor.py:175} INFO - Processing /home/airflow/.local/lib/python3.7/site-packages/airflow/example_dags/example_branch_labels.py took 0.130 seconds
[2022-12-25T15:48:29.205+0000] {processor.py:153} INFO - Started process (PID=7821) to work on /home/airflow/.local/lib/python3.7/site-packages/airflow/example_dags/example_branch_labels.py
[2022-12-25T15:48:29.217+0000] {processor.py:743} INFO - Processing file /home/airflow/.local/lib/python3.7/site-packages/airflow/example_dags/example_branch_labels.py for tasks to queue
[2022-12-25T15:48:29.218+0000] {logging_mixin.py:137} INFO - [2022-12-25T15:48:29.218+0000] {dagbag.py:538} INFO - Filling up the DagBag from /home/airflow/.local/lib/python3.7/site-packages/airflow/example_dags/example_branch_labels.py
[2022-12-25T15:48:29.234+0000] {processor.py:753} INFO - DAG(s) dict_keys(['example_branch_labels']) retrieved from /home/airflow/.local/lib/python3.7/site-packages/airflow/example_dags/example_branch_labels.py
[2022-12-25T15:48:29.283+0000] {logging_mixin.py:137} INFO - [2022-12-25T15:48:29.283+0000] {dag.py:2676} INFO - Sync 1 DAGs
[2022-12-25T15:48:29.313+0000] {logging_mixin.py:137} INFO - [2022-12-25T15:48:29.313+0000] {dag.py:3427} INFO - Setting next_dagrun for example_branch_labels to 2022-12-24T00:00:00+00:00, run_after=2022-12-25T00:00:00+00:00
[2022-12-25T15:48:29.331+0000] {processor.py:175} INFO - Processing /home/airflow/.local/lib/python3.7/site-packages/airflow/example_dags/example_branch_labels.py took 0.131 seconds
[2022-12-25T15:48:59.797+0000] {processor.py:153} INFO - Started process (PID=8071) to work on /home/airflow/.local/lib/python3.7/site-packages/airflow/example_dags/example_branch_labels.py
[2022-12-25T15:48:59.799+0000] {processor.py:743} INFO - Processing file /home/airflow/.local/lib/python3.7/site-packages/airflow/example_dags/example_branch_labels.py for tasks to queue
[2022-12-25T15:48:59.800+0000] {logging_mixin.py:137} INFO - [2022-12-25T15:48:59.799+0000] {dagbag.py:538} INFO - Filling up the DagBag from /home/airflow/.local/lib/python3.7/site-packages/airflow/example_dags/example_branch_labels.py
[2022-12-25T15:48:59.817+0000] {processor.py:753} INFO - DAG(s) dict_keys(['example_branch_labels']) retrieved from /home/airflow/.local/lib/python3.7/site-packages/airflow/example_dags/example_branch_labels.py
[2022-12-25T15:48:59.856+0000] {logging_mixin.py:137} INFO - [2022-12-25T15:48:59.856+0000] {dag.py:2676} INFO - Sync 1 DAGs
[2022-12-25T15:48:59.884+0000] {logging_mixin.py:137} INFO - [2022-12-25T15:48:59.884+0000] {dag.py:3427} INFO - Setting next_dagrun for example_branch_labels to 2022-12-24T00:00:00+00:00, run_after=2022-12-25T00:00:00+00:00
[2022-12-25T15:48:59.905+0000] {processor.py:175} INFO - Processing /home/airflow/.local/lib/python3.7/site-packages/airflow/example_dags/example_branch_labels.py took 0.113 seconds
[2022-12-25T15:49:29.978+0000] {processor.py:153} INFO - Started process (PID=8301) to work on /home/airflow/.local/lib/python3.7/site-packages/airflow/example_dags/example_branch_labels.py
[2022-12-25T15:49:29.980+0000] {processor.py:743} INFO - Processing file /home/airflow/.local/lib/python3.7/site-packages/airflow/example_dags/example_branch_labels.py for tasks to queue
[2022-12-25T15:49:29.981+0000] {logging_mixin.py:137} INFO - [2022-12-25T15:49:29.981+0000] {dagbag.py:538} INFO - Filling up the DagBag from /home/airflow/.local/lib/python3.7/site-packages/airflow/example_dags/example_branch_labels.py
[2022-12-25T15:49:29.994+0000] {processor.py:753} INFO - DAG(s) dict_keys(['example_branch_labels']) retrieved from /home/airflow/.local/lib/python3.7/site-packages/airflow/example_dags/example_branch_labels.py
[2022-12-25T15:49:30.032+0000] {logging_mixin.py:137} INFO - [2022-12-25T15:49:30.032+0000] {dag.py:2676} INFO - Sync 1 DAGs
[2022-12-25T15:49:30.057+0000] {logging_mixin.py:137} INFO - [2022-12-25T15:49:30.057+0000] {dag.py:3427} INFO - Setting next_dagrun for example_branch_labels to 2022-12-24T00:00:00+00:00, run_after=2022-12-25T00:00:00+00:00
[2022-12-25T15:49:30.075+0000] {processor.py:175} INFO - Processing /home/airflow/.local/lib/python3.7/site-packages/airflow/example_dags/example_branch_labels.py took 0.100 seconds
[2022-12-25T15:50:00.154+0000] {processor.py:153} INFO - Started process (PID=8551) to work on /home/airflow/.local/lib/python3.7/site-packages/airflow/example_dags/example_branch_labels.py
[2022-12-25T15:50:00.155+0000] {processor.py:743} INFO - Processing file /home/airflow/.local/lib/python3.7/site-packages/airflow/example_dags/example_branch_labels.py for tasks to queue
[2022-12-25T15:50:00.156+0000] {logging_mixin.py:137} INFO - [2022-12-25T15:50:00.156+0000] {dagbag.py:538} INFO - Filling up the DagBag from /home/airflow/.local/lib/python3.7/site-packages/airflow/example_dags/example_branch_labels.py
[2022-12-25T15:50:00.171+0000] {processor.py:753} INFO - DAG(s) dict_keys(['example_branch_labels']) retrieved from /home/airflow/.local/lib/python3.7/site-packages/airflow/example_dags/example_branch_labels.py
[2022-12-25T15:50:00.212+0000] {logging_mixin.py:137} INFO - [2022-12-25T15:50:00.212+0000] {dag.py:2676} INFO - Sync 1 DAGs
[2022-12-25T15:50:00.240+0000] {logging_mixin.py:137} INFO - [2022-12-25T15:50:00.240+0000] {dag.py:3427} INFO - Setting next_dagrun for example_branch_labels to 2022-12-24T00:00:00+00:00, run_after=2022-12-25T00:00:00+00:00
[2022-12-25T15:50:00.262+0000] {processor.py:175} INFO - Processing /home/airflow/.local/lib/python3.7/site-packages/airflow/example_dags/example_branch_labels.py took 0.111 seconds
[2022-12-25T15:50:30.443+0000] {processor.py:153} INFO - Started process (PID=8781) to work on /home/airflow/.local/lib/python3.7/site-packages/airflow/example_dags/example_branch_labels.py
[2022-12-25T15:50:30.444+0000] {processor.py:743} INFO - Processing file /home/airflow/.local/lib/python3.7/site-packages/airflow/example_dags/example_branch_labels.py for tasks to queue
[2022-12-25T15:50:30.445+0000] {logging_mixin.py:137} INFO - [2022-12-25T15:50:30.445+0000] {dagbag.py:538} INFO - Filling up the DagBag from /home/airflow/.local/lib/python3.7/site-packages/airflow/example_dags/example_branch_labels.py
[2022-12-25T15:50:30.460+0000] {processor.py:753} INFO - DAG(s) dict_keys(['example_branch_labels']) retrieved from /home/airflow/.local/lib/python3.7/site-packages/airflow/example_dags/example_branch_labels.py
[2022-12-25T15:50:30.497+0000] {logging_mixin.py:137} INFO - [2022-12-25T15:50:30.496+0000] {dag.py:2676} INFO - Sync 1 DAGs
[2022-12-25T15:50:30.525+0000] {logging_mixin.py:137} INFO - [2022-12-25T15:50:30.525+0000] {dag.py:3427} INFO - Setting next_dagrun for example_branch_labels to 2022-12-24T00:00:00+00:00, run_after=2022-12-25T00:00:00+00:00
[2022-12-25T15:50:30.546+0000] {processor.py:175} INFO - Processing /home/airflow/.local/lib/python3.7/site-packages/airflow/example_dags/example_branch_labels.py took 0.108 seconds
[2022-12-25T15:51:00.685+0000] {processor.py:153} INFO - Started process (PID=9011) to work on /home/airflow/.local/lib/python3.7/site-packages/airflow/example_dags/example_branch_labels.py
[2022-12-25T15:51:00.686+0000] {processor.py:743} INFO - Processing file /home/airflow/.local/lib/python3.7/site-packages/airflow/example_dags/example_branch_labels.py for tasks to queue
[2022-12-25T15:51:00.686+0000] {logging_mixin.py:137} INFO - [2022-12-25T15:51:00.686+0000] {dagbag.py:538} INFO - Filling up the DagBag from /home/airflow/.local/lib/python3.7/site-packages/airflow/example_dags/example_branch_labels.py
[2022-12-25T15:51:00.705+0000] {processor.py:753} INFO - DAG(s) dict_keys(['example_branch_labels']) retrieved from /home/airflow/.local/lib/python3.7/site-packages/airflow/example_dags/example_branch_labels.py
[2022-12-25T15:51:00.747+0000] {logging_mixin.py:137} INFO - [2022-12-25T15:51:00.747+0000] {dag.py:2676} INFO - Sync 1 DAGs
[2022-12-25T15:51:00.778+0000] {logging_mixin.py:137} INFO - [2022-12-25T15:51:00.778+0000] {dag.py:3427} INFO - Setting next_dagrun for example_branch_labels to 2022-12-24T00:00:00+00:00, run_after=2022-12-25T00:00:00+00:00
[2022-12-25T15:51:00.802+0000] {processor.py:175} INFO - Processing /home/airflow/.local/lib/python3.7/site-packages/airflow/example_dags/example_branch_labels.py took 0.123 seconds
[2022-12-25T15:51:30.899+0000] {processor.py:153} INFO - Started process (PID=9259) to work on /home/airflow/.local/lib/python3.7/site-packages/airflow/example_dags/example_branch_labels.py
[2022-12-25T15:51:30.902+0000] {processor.py:743} INFO - Processing file /home/airflow/.local/lib/python3.7/site-packages/airflow/example_dags/example_branch_labels.py for tasks to queue
[2022-12-25T15:51:30.904+0000] {logging_mixin.py:137} INFO - [2022-12-25T15:51:30.903+0000] {dagbag.py:538} INFO - Filling up the DagBag from /home/airflow/.local/lib/python3.7/site-packages/airflow/example_dags/example_branch_labels.py
[2022-12-25T15:51:30.972+0000] {processor.py:753} INFO - DAG(s) dict_keys(['example_branch_labels']) retrieved from /home/airflow/.local/lib/python3.7/site-packages/airflow/example_dags/example_branch_labels.py
[2022-12-25T15:51:31.087+0000] {logging_mixin.py:137} INFO - [2022-12-25T15:51:31.086+0000] {dag.py:2676} INFO - Sync 1 DAGs
[2022-12-25T15:51:31.152+0000] {logging_mixin.py:137} INFO - [2022-12-25T15:51:31.152+0000] {dag.py:3427} INFO - Setting next_dagrun for example_branch_labels to 2022-12-24T00:00:00+00:00, run_after=2022-12-25T00:00:00+00:00
[2022-12-25T15:51:31.185+0000] {processor.py:175} INFO - Processing /home/airflow/.local/lib/python3.7/site-packages/airflow/example_dags/example_branch_labels.py took 0.298 seconds
[2022-12-25T15:52:01.340+0000] {processor.py:153} INFO - Started process (PID=9489) to work on /home/airflow/.local/lib/python3.7/site-packages/airflow/example_dags/example_branch_labels.py
[2022-12-25T15:52:01.341+0000] {processor.py:743} INFO - Processing file /home/airflow/.local/lib/python3.7/site-packages/airflow/example_dags/example_branch_labels.py for tasks to queue
[2022-12-25T15:52:01.341+0000] {logging_mixin.py:137} INFO - [2022-12-25T15:52:01.341+0000] {dagbag.py:538} INFO - Filling up the DagBag from /home/airflow/.local/lib/python3.7/site-packages/airflow/example_dags/example_branch_labels.py
[2022-12-25T15:52:01.357+0000] {processor.py:753} INFO - DAG(s) dict_keys(['example_branch_labels']) retrieved from /home/airflow/.local/lib/python3.7/site-packages/airflow/example_dags/example_branch_labels.py
[2022-12-25T15:52:01.398+0000] {logging_mixin.py:137} INFO - [2022-12-25T15:52:01.397+0000] {dag.py:2676} INFO - Sync 1 DAGs
[2022-12-25T15:52:01.426+0000] {logging_mixin.py:137} INFO - [2022-12-25T15:52:01.426+0000] {dag.py:3427} INFO - Setting next_dagrun for example_branch_labels to 2022-12-24T00:00:00+00:00, run_after=2022-12-25T00:00:00+00:00
[2022-12-25T15:52:01.447+0000] {processor.py:175} INFO - Processing /home/airflow/.local/lib/python3.7/site-packages/airflow/example_dags/example_branch_labels.py took 0.111 seconds
[2022-12-25T15:52:32.403+0000] {processor.py:153} INFO - Started process (PID=9719) to work on /home/airflow/.local/lib/python3.7/site-packages/airflow/example_dags/example_branch_labels.py
[2022-12-25T15:52:32.404+0000] {processor.py:743} INFO - Processing file /home/airflow/.local/lib/python3.7/site-packages/airflow/example_dags/example_branch_labels.py for tasks to queue
[2022-12-25T15:52:32.405+0000] {logging_mixin.py:137} INFO - [2022-12-25T15:52:32.405+0000] {dagbag.py:538} INFO - Filling up the DagBag from /home/airflow/.local/lib/python3.7/site-packages/airflow/example_dags/example_branch_labels.py
[2022-12-25T15:52:32.420+0000] {processor.py:753} INFO - DAG(s) dict_keys(['example_branch_labels']) retrieved from /home/airflow/.local/lib/python3.7/site-packages/airflow/example_dags/example_branch_labels.py
[2022-12-25T15:52:32.462+0000] {logging_mixin.py:137} INFO - [2022-12-25T15:52:32.462+0000] {dag.py:2676} INFO - Sync 1 DAGs
[2022-12-25T15:52:32.493+0000] {logging_mixin.py:137} INFO - [2022-12-25T15:52:32.493+0000] {dag.py:3427} INFO - Setting next_dagrun for example_branch_labels to 2022-12-24T00:00:00+00:00, run_after=2022-12-25T00:00:00+00:00
[2022-12-25T15:52:32.515+0000] {processor.py:175} INFO - Processing /home/airflow/.local/lib/python3.7/site-packages/airflow/example_dags/example_branch_labels.py took 0.117 seconds
[2022-12-25T15:53:03.372+0000] {processor.py:153} INFO - Started process (PID=9971) to work on /home/airflow/.local/lib/python3.7/site-packages/airflow/example_dags/example_branch_labels.py
[2022-12-25T15:53:03.373+0000] {processor.py:743} INFO - Processing file /home/airflow/.local/lib/python3.7/site-packages/airflow/example_dags/example_branch_labels.py for tasks to queue
[2022-12-25T15:53:03.374+0000] {logging_mixin.py:137} INFO - [2022-12-25T15:53:03.374+0000] {dagbag.py:538} INFO - Filling up the DagBag from /home/airflow/.local/lib/python3.7/site-packages/airflow/example_dags/example_branch_labels.py
[2022-12-25T15:53:03.390+0000] {processor.py:753} INFO - DAG(s) dict_keys(['example_branch_labels']) retrieved from /home/airflow/.local/lib/python3.7/site-packages/airflow/example_dags/example_branch_labels.py
[2022-12-25T15:53:03.433+0000] {logging_mixin.py:137} INFO - [2022-12-25T15:53:03.433+0000] {dag.py:2676} INFO - Sync 1 DAGs
[2022-12-25T15:53:03.462+0000] {logging_mixin.py:137} INFO - [2022-12-25T15:53:03.462+0000] {dag.py:3427} INFO - Setting next_dagrun for example_branch_labels to 2022-12-24T00:00:00+00:00, run_after=2022-12-25T00:00:00+00:00
[2022-12-25T15:53:03.481+0000] {processor.py:175} INFO - Processing /home/airflow/.local/lib/python3.7/site-packages/airflow/example_dags/example_branch_labels.py took 0.113 seconds
