[2022-12-25T15:32:13.021+0000] {processor.py:153} INFO - Started process (PID=343) to work on /home/airflow/.local/lib/python3.7/site-packages/airflow/example_dags/tutorial.py
[2022-12-25T15:32:13.023+0000] {processor.py:743} INFO - Processing file /home/airflow/.local/lib/python3.7/site-packages/airflow/example_dags/tutorial.py for tasks to queue
[2022-12-25T15:32:13.023+0000] {logging_mixin.py:137} INFO - [2022-12-25T15:32:13.023+0000] {dagbag.py:538} INFO - Filling up the DagBag from /home/airflow/.local/lib/python3.7/site-packages/airflow/example_dags/tutorial.py
[2022-12-25T15:32:13.053+0000] {processor.py:753} INFO - DAG(s) dict_keys(['tutorial']) retrieved from /home/airflow/.local/lib/python3.7/site-packages/airflow/example_dags/tutorial.py
[2022-12-25T15:32:13.135+0000] {logging_mixin.py:137} INFO - [2022-12-25T15:32:13.135+0000] {dag.py:2676} INFO - Sync 1 DAGs
[2022-12-25T15:32:13.186+0000] {logging_mixin.py:137} INFO - [2022-12-25T15:32:13.186+0000] {dag.py:3427} INFO - Setting next_dagrun for tutorial to 2022-12-24T15:32:13.185679+00:00, run_after=2022-12-25T15:32:13.185679+00:00
[2022-12-25T15:32:13.233+0000] {processor.py:175} INFO - Processing /home/airflow/.local/lib/python3.7/site-packages/airflow/example_dags/tutorial.py took 0.217 seconds
[2022-12-25T15:32:43.377+0000] {processor.py:153} INFO - Started process (PID=573) to work on /home/airflow/.local/lib/python3.7/site-packages/airflow/example_dags/tutorial.py
[2022-12-25T15:32:43.379+0000] {processor.py:743} INFO - Processing file /home/airflow/.local/lib/python3.7/site-packages/airflow/example_dags/tutorial.py for tasks to queue
[2022-12-25T15:32:43.380+0000] {logging_mixin.py:137} INFO - [2022-12-25T15:32:43.380+0000] {dagbag.py:538} INFO - Filling up the DagBag from /home/airflow/.local/lib/python3.7/site-packages/airflow/example_dags/tutorial.py
[2022-12-25T15:32:43.395+0000] {processor.py:753} INFO - DAG(s) dict_keys(['tutorial']) retrieved from /home/airflow/.local/lib/python3.7/site-packages/airflow/example_dags/tutorial.py
[2022-12-25T15:32:43.439+0000] {logging_mixin.py:137} INFO - [2022-12-25T15:32:43.438+0000] {dag.py:2676} INFO - Sync 1 DAGs
[2022-12-25T15:32:43.467+0000] {logging_mixin.py:137} INFO - [2022-12-25T15:32:43.467+0000] {dag.py:3427} INFO - Setting next_dagrun for tutorial to 2022-12-24T15:32:43.466770+00:00, run_after=2022-12-25T15:32:43.466770+00:00
[2022-12-25T15:32:43.488+0000] {processor.py:175} INFO - Processing /home/airflow/.local/lib/python3.7/site-packages/airflow/example_dags/tutorial.py took 0.114 seconds
[2022-12-25T15:33:15.688+0000] {processor.py:153} INFO - Started process (PID=813) to work on /home/airflow/.local/lib/python3.7/site-packages/airflow/example_dags/tutorial.py
[2022-12-25T15:33:15.691+0000] {processor.py:743} INFO - Processing file /home/airflow/.local/lib/python3.7/site-packages/airflow/example_dags/tutorial.py for tasks to queue
[2022-12-25T15:33:15.692+0000] {logging_mixin.py:137} INFO - [2022-12-25T15:33:15.691+0000] {dagbag.py:538} INFO - Filling up the DagBag from /home/airflow/.local/lib/python3.7/site-packages/airflow/example_dags/tutorial.py
[2022-12-25T15:33:15.724+0000] {processor.py:753} INFO - DAG(s) dict_keys(['tutorial']) retrieved from /home/airflow/.local/lib/python3.7/site-packages/airflow/example_dags/tutorial.py
[2022-12-25T15:33:15.812+0000] {logging_mixin.py:137} INFO - [2022-12-25T15:33:15.812+0000] {dag.py:2676} INFO - Sync 1 DAGs
[2022-12-25T15:33:15.884+0000] {logging_mixin.py:137} INFO - [2022-12-25T15:33:15.884+0000] {dag.py:3427} INFO - Setting next_dagrun for tutorial to 2022-12-24T15:33:15.883659+00:00, run_after=2022-12-25T15:33:15.883659+00:00
[2022-12-25T15:33:15.999+0000] {processor.py:175} INFO - Processing /home/airflow/.local/lib/python3.7/site-packages/airflow/example_dags/tutorial.py took 0.319 seconds
[2022-12-25T15:33:46.885+0000] {processor.py:153} INFO - Started process (PID=1056) to work on /home/airflow/.local/lib/python3.7/site-packages/airflow/example_dags/tutorial.py
[2022-12-25T15:33:46.887+0000] {processor.py:743} INFO - Processing file /home/airflow/.local/lib/python3.7/site-packages/airflow/example_dags/tutorial.py for tasks to queue
[2022-12-25T15:33:46.887+0000] {logging_mixin.py:137} INFO - [2022-12-25T15:33:46.887+0000] {dagbag.py:538} INFO - Filling up the DagBag from /home/airflow/.local/lib/python3.7/site-packages/airflow/example_dags/tutorial.py
[2022-12-25T15:33:46.901+0000] {processor.py:753} INFO - DAG(s) dict_keys(['tutorial']) retrieved from /home/airflow/.local/lib/python3.7/site-packages/airflow/example_dags/tutorial.py
[2022-12-25T15:33:46.928+0000] {logging_mixin.py:137} INFO - [2022-12-25T15:33:46.927+0000] {dag.py:2676} INFO - Sync 1 DAGs
[2022-12-25T15:33:46.955+0000] {logging_mixin.py:137} INFO - [2022-12-25T15:33:46.955+0000] {dag.py:3427} INFO - Setting next_dagrun for tutorial to 2022-12-24T15:33:46.955215+00:00, run_after=2022-12-25T15:33:46.955215+00:00
[2022-12-25T15:33:46.978+0000] {processor.py:175} INFO - Processing /home/airflow/.local/lib/python3.7/site-packages/airflow/example_dags/tutorial.py took 0.096 seconds
[2022-12-25T15:34:17.717+0000] {processor.py:153} INFO - Started process (PID=1287) to work on /home/airflow/.local/lib/python3.7/site-packages/airflow/example_dags/tutorial.py
[2022-12-25T15:34:17.720+0000] {processor.py:743} INFO - Processing file /home/airflow/.local/lib/python3.7/site-packages/airflow/example_dags/tutorial.py for tasks to queue
[2022-12-25T15:34:17.722+0000] {logging_mixin.py:137} INFO - [2022-12-25T15:34:17.722+0000] {dagbag.py:538} INFO - Filling up the DagBag from /home/airflow/.local/lib/python3.7/site-packages/airflow/example_dags/tutorial.py
[2022-12-25T15:34:17.740+0000] {processor.py:753} INFO - DAG(s) dict_keys(['tutorial']) retrieved from /home/airflow/.local/lib/python3.7/site-packages/airflow/example_dags/tutorial.py
[2022-12-25T15:34:17.807+0000] {logging_mixin.py:137} INFO - [2022-12-25T15:34:17.806+0000] {dag.py:2676} INFO - Sync 1 DAGs
[2022-12-25T15:34:17.891+0000] {logging_mixin.py:137} INFO - [2022-12-25T15:34:17.891+0000] {dag.py:3427} INFO - Setting next_dagrun for tutorial to 2022-12-24T15:34:17.890906+00:00, run_after=2022-12-25T15:34:17.890906+00:00
[2022-12-25T15:34:17.925+0000] {processor.py:175} INFO - Processing /home/airflow/.local/lib/python3.7/site-packages/airflow/example_dags/tutorial.py took 0.212 seconds
[2022-12-25T15:34:48.052+0000] {processor.py:153} INFO - Started process (PID=1526) to work on /home/airflow/.local/lib/python3.7/site-packages/airflow/example_dags/tutorial.py
[2022-12-25T15:34:48.059+0000] {processor.py:743} INFO - Processing file /home/airflow/.local/lib/python3.7/site-packages/airflow/example_dags/tutorial.py for tasks to queue
[2022-12-25T15:34:48.059+0000] {logging_mixin.py:137} INFO - [2022-12-25T15:34:48.059+0000] {dagbag.py:538} INFO - Filling up the DagBag from /home/airflow/.local/lib/python3.7/site-packages/airflow/example_dags/tutorial.py
[2022-12-25T15:34:48.076+0000] {processor.py:753} INFO - DAG(s) dict_keys(['tutorial']) retrieved from /home/airflow/.local/lib/python3.7/site-packages/airflow/example_dags/tutorial.py
[2022-12-25T15:34:48.131+0000] {logging_mixin.py:137} INFO - [2022-12-25T15:34:48.131+0000] {dag.py:2676} INFO - Sync 1 DAGs
[2022-12-25T15:34:48.167+0000] {logging_mixin.py:137} INFO - [2022-12-25T15:34:48.167+0000] {dag.py:3427} INFO - Setting next_dagrun for tutorial to 2022-12-24T15:34:48.167010+00:00, run_after=2022-12-25T15:34:48.167010+00:00
[2022-12-25T15:34:48.206+0000] {processor.py:175} INFO - Processing /home/airflow/.local/lib/python3.7/site-packages/airflow/example_dags/tutorial.py took 0.159 seconds
[2022-12-25T15:35:18.474+0000] {processor.py:153} INFO - Started process (PID=1767) to work on /home/airflow/.local/lib/python3.7/site-packages/airflow/example_dags/tutorial.py
[2022-12-25T15:35:18.475+0000] {processor.py:743} INFO - Processing file /home/airflow/.local/lib/python3.7/site-packages/airflow/example_dags/tutorial.py for tasks to queue
[2022-12-25T15:35:18.476+0000] {logging_mixin.py:137} INFO - [2022-12-25T15:35:18.476+0000] {dagbag.py:538} INFO - Filling up the DagBag from /home/airflow/.local/lib/python3.7/site-packages/airflow/example_dags/tutorial.py
[2022-12-25T15:35:18.489+0000] {processor.py:753} INFO - DAG(s) dict_keys(['tutorial']) retrieved from /home/airflow/.local/lib/python3.7/site-packages/airflow/example_dags/tutorial.py
[2022-12-25T15:35:18.545+0000] {logging_mixin.py:137} INFO - [2022-12-25T15:35:18.543+0000] {dag.py:2676} INFO - Sync 1 DAGs
[2022-12-25T15:35:18.604+0000] {logging_mixin.py:137} INFO - [2022-12-25T15:35:18.604+0000] {dag.py:3427} INFO - Setting next_dagrun for tutorial to 2022-12-24T15:35:18.604430+00:00, run_after=2022-12-25T15:35:18.604430+00:00
[2022-12-25T15:35:18.633+0000] {processor.py:175} INFO - Processing /home/airflow/.local/lib/python3.7/site-packages/airflow/example_dags/tutorial.py took 0.162 seconds
[2022-12-25T15:35:49.536+0000] {processor.py:153} INFO - Started process (PID=1997) to work on /home/airflow/.local/lib/python3.7/site-packages/airflow/example_dags/tutorial.py
[2022-12-25T15:35:49.538+0000] {processor.py:743} INFO - Processing file /home/airflow/.local/lib/python3.7/site-packages/airflow/example_dags/tutorial.py for tasks to queue
[2022-12-25T15:35:49.542+0000] {logging_mixin.py:137} INFO - [2022-12-25T15:35:49.542+0000] {dagbag.py:538} INFO - Filling up the DagBag from /home/airflow/.local/lib/python3.7/site-packages/airflow/example_dags/tutorial.py
[2022-12-25T15:35:49.561+0000] {processor.py:753} INFO - DAG(s) dict_keys(['tutorial']) retrieved from /home/airflow/.local/lib/python3.7/site-packages/airflow/example_dags/tutorial.py
[2022-12-25T15:35:49.608+0000] {logging_mixin.py:137} INFO - [2022-12-25T15:35:49.607+0000] {dag.py:2676} INFO - Sync 1 DAGs
[2022-12-25T15:35:49.643+0000] {logging_mixin.py:137} INFO - [2022-12-25T15:35:49.642+0000] {dag.py:3427} INFO - Setting next_dagrun for tutorial to 2022-12-24T15:35:49.642686+00:00, run_after=2022-12-25T15:35:49.642686+00:00
[2022-12-25T15:35:49.679+0000] {processor.py:175} INFO - Processing /home/airflow/.local/lib/python3.7/site-packages/airflow/example_dags/tutorial.py took 0.149 seconds
[2022-12-25T15:36:19.742+0000] {processor.py:153} INFO - Started process (PID=2227) to work on /home/airflow/.local/lib/python3.7/site-packages/airflow/example_dags/tutorial.py
[2022-12-25T15:36:19.744+0000] {processor.py:743} INFO - Processing file /home/airflow/.local/lib/python3.7/site-packages/airflow/example_dags/tutorial.py for tasks to queue
[2022-12-25T15:36:19.744+0000] {logging_mixin.py:137} INFO - [2022-12-25T15:36:19.744+0000] {dagbag.py:538} INFO - Filling up the DagBag from /home/airflow/.local/lib/python3.7/site-packages/airflow/example_dags/tutorial.py
[2022-12-25T15:36:19.759+0000] {processor.py:753} INFO - DAG(s) dict_keys(['tutorial']) retrieved from /home/airflow/.local/lib/python3.7/site-packages/airflow/example_dags/tutorial.py
[2022-12-25T15:36:19.799+0000] {logging_mixin.py:137} INFO - [2022-12-25T15:36:19.799+0000] {dag.py:2676} INFO - Sync 1 DAGs
[2022-12-25T15:36:19.831+0000] {logging_mixin.py:137} INFO - [2022-12-25T15:36:19.831+0000] {dag.py:3427} INFO - Setting next_dagrun for tutorial to 2022-12-24T15:36:19.830926+00:00, run_after=2022-12-25T15:36:19.830926+00:00
[2022-12-25T15:36:19.852+0000] {processor.py:175} INFO - Processing /home/airflow/.local/lib/python3.7/site-packages/airflow/example_dags/tutorial.py took 0.115 seconds
[2022-12-25T15:36:50.708+0000] {processor.py:153} INFO - Started process (PID=2477) to work on /home/airflow/.local/lib/python3.7/site-packages/airflow/example_dags/tutorial.py
[2022-12-25T15:36:50.710+0000] {processor.py:743} INFO - Processing file /home/airflow/.local/lib/python3.7/site-packages/airflow/example_dags/tutorial.py for tasks to queue
[2022-12-25T15:36:50.710+0000] {logging_mixin.py:137} INFO - [2022-12-25T15:36:50.710+0000] {dagbag.py:538} INFO - Filling up the DagBag from /home/airflow/.local/lib/python3.7/site-packages/airflow/example_dags/tutorial.py
[2022-12-25T15:36:50.724+0000] {processor.py:753} INFO - DAG(s) dict_keys(['tutorial']) retrieved from /home/airflow/.local/lib/python3.7/site-packages/airflow/example_dags/tutorial.py
[2022-12-25T15:36:50.765+0000] {logging_mixin.py:137} INFO - [2022-12-25T15:36:50.764+0000] {dag.py:2676} INFO - Sync 1 DAGs
[2022-12-25T15:36:50.793+0000] {logging_mixin.py:137} INFO - [2022-12-25T15:36:50.793+0000] {dag.py:3427} INFO - Setting next_dagrun for tutorial to 2022-12-24T15:36:50.793033+00:00, run_after=2022-12-25T15:36:50.793033+00:00
[2022-12-25T15:36:50.812+0000] {processor.py:175} INFO - Processing /home/airflow/.local/lib/python3.7/site-packages/airflow/example_dags/tutorial.py took 0.107 seconds
[2022-12-25T15:37:20.913+0000] {processor.py:153} INFO - Started process (PID=2707) to work on /home/airflow/.local/lib/python3.7/site-packages/airflow/example_dags/tutorial.py
[2022-12-25T15:37:20.915+0000] {processor.py:743} INFO - Processing file /home/airflow/.local/lib/python3.7/site-packages/airflow/example_dags/tutorial.py for tasks to queue
[2022-12-25T15:37:20.916+0000] {logging_mixin.py:137} INFO - [2022-12-25T15:37:20.916+0000] {dagbag.py:538} INFO - Filling up the DagBag from /home/airflow/.local/lib/python3.7/site-packages/airflow/example_dags/tutorial.py
[2022-12-25T15:37:20.933+0000] {processor.py:753} INFO - DAG(s) dict_keys(['tutorial']) retrieved from /home/airflow/.local/lib/python3.7/site-packages/airflow/example_dags/tutorial.py
[2022-12-25T15:37:20.971+0000] {logging_mixin.py:137} INFO - [2022-12-25T15:37:20.971+0000] {dag.py:2676} INFO - Sync 1 DAGs
[2022-12-25T15:37:20.995+0000] {logging_mixin.py:137} INFO - [2022-12-25T15:37:20.995+0000] {dag.py:3427} INFO - Setting next_dagrun for tutorial to 2022-12-24T15:37:20.995638+00:00, run_after=2022-12-25T15:37:20.995638+00:00
[2022-12-25T15:37:21.017+0000] {processor.py:175} INFO - Processing /home/airflow/.local/lib/python3.7/site-packages/airflow/example_dags/tutorial.py took 0.109 seconds
[2022-12-25T15:37:51.427+0000] {processor.py:153} INFO - Started process (PID=2957) to work on /home/airflow/.local/lib/python3.7/site-packages/airflow/example_dags/tutorial.py
[2022-12-25T15:37:51.432+0000] {processor.py:743} INFO - Processing file /home/airflow/.local/lib/python3.7/site-packages/airflow/example_dags/tutorial.py for tasks to queue
[2022-12-25T15:37:51.434+0000] {logging_mixin.py:137} INFO - [2022-12-25T15:37:51.433+0000] {dagbag.py:538} INFO - Filling up the DagBag from /home/airflow/.local/lib/python3.7/site-packages/airflow/example_dags/tutorial.py
[2022-12-25T15:37:51.464+0000] {processor.py:753} INFO - DAG(s) dict_keys(['tutorial']) retrieved from /home/airflow/.local/lib/python3.7/site-packages/airflow/example_dags/tutorial.py
[2022-12-25T15:37:51.556+0000] {logging_mixin.py:137} INFO - [2022-12-25T15:37:51.556+0000] {dag.py:2676} INFO - Sync 1 DAGs
[2022-12-25T15:37:51.593+0000] {logging_mixin.py:137} INFO - [2022-12-25T15:37:51.592+0000] {dag.py:3427} INFO - Setting next_dagrun for tutorial to 2022-12-24T15:37:51.592540+00:00, run_after=2022-12-25T15:37:51.592540+00:00
[2022-12-25T15:37:51.623+0000] {processor.py:175} INFO - Processing /home/airflow/.local/lib/python3.7/site-packages/airflow/example_dags/tutorial.py took 0.205 seconds
[2022-12-25T15:38:22.343+0000] {processor.py:153} INFO - Started process (PID=3187) to work on /home/airflow/.local/lib/python3.7/site-packages/airflow/example_dags/tutorial.py
[2022-12-25T15:38:22.344+0000] {processor.py:743} INFO - Processing file /home/airflow/.local/lib/python3.7/site-packages/airflow/example_dags/tutorial.py for tasks to queue
[2022-12-25T15:38:22.345+0000] {logging_mixin.py:137} INFO - [2022-12-25T15:38:22.345+0000] {dagbag.py:538} INFO - Filling up the DagBag from /home/airflow/.local/lib/python3.7/site-packages/airflow/example_dags/tutorial.py
[2022-12-25T15:38:22.358+0000] {processor.py:753} INFO - DAG(s) dict_keys(['tutorial']) retrieved from /home/airflow/.local/lib/python3.7/site-packages/airflow/example_dags/tutorial.py
[2022-12-25T15:38:22.396+0000] {logging_mixin.py:137} INFO - [2022-12-25T15:38:22.396+0000] {dag.py:2676} INFO - Sync 1 DAGs
[2022-12-25T15:38:22.424+0000] {logging_mixin.py:137} INFO - [2022-12-25T15:38:22.424+0000] {dag.py:3427} INFO - Setting next_dagrun for tutorial to 2022-12-24T15:38:22.424079+00:00, run_after=2022-12-25T15:38:22.424079+00:00
[2022-12-25T15:38:22.444+0000] {processor.py:175} INFO - Processing /home/airflow/.local/lib/python3.7/site-packages/airflow/example_dags/tutorial.py took 0.105 seconds
[2022-12-25T15:38:53.424+0000] {processor.py:153} INFO - Started process (PID=3437) to work on /home/airflow/.local/lib/python3.7/site-packages/airflow/example_dags/tutorial.py
[2022-12-25T15:38:53.425+0000] {processor.py:743} INFO - Processing file /home/airflow/.local/lib/python3.7/site-packages/airflow/example_dags/tutorial.py for tasks to queue
[2022-12-25T15:38:53.426+0000] {logging_mixin.py:137} INFO - [2022-12-25T15:38:53.426+0000] {dagbag.py:538} INFO - Filling up the DagBag from /home/airflow/.local/lib/python3.7/site-packages/airflow/example_dags/tutorial.py
[2022-12-25T15:38:53.441+0000] {processor.py:753} INFO - DAG(s) dict_keys(['tutorial']) retrieved from /home/airflow/.local/lib/python3.7/site-packages/airflow/example_dags/tutorial.py
[2022-12-25T15:38:53.599+0000] {logging_mixin.py:137} INFO - [2022-12-25T15:38:53.599+0000] {dag.py:2676} INFO - Sync 1 DAGs
[2022-12-25T15:38:53.727+0000] {logging_mixin.py:137} INFO - [2022-12-25T15:38:53.727+0000] {dag.py:3427} INFO - Setting next_dagrun for tutorial to 2022-12-24T15:38:53.726614+00:00, run_after=2022-12-25T15:38:53.726614+00:00
[2022-12-25T15:38:53.781+0000] {processor.py:175} INFO - Processing /home/airflow/.local/lib/python3.7/site-packages/airflow/example_dags/tutorial.py took 0.362 seconds
[2022-12-25T15:39:23.815+0000] {processor.py:153} INFO - Started process (PID=3667) to work on /home/airflow/.local/lib/python3.7/site-packages/airflow/example_dags/tutorial.py
[2022-12-25T15:39:23.816+0000] {processor.py:743} INFO - Processing file /home/airflow/.local/lib/python3.7/site-packages/airflow/example_dags/tutorial.py for tasks to queue
[2022-12-25T15:39:23.817+0000] {logging_mixin.py:137} INFO - [2022-12-25T15:39:23.816+0000] {dagbag.py:538} INFO - Filling up the DagBag from /home/airflow/.local/lib/python3.7/site-packages/airflow/example_dags/tutorial.py
[2022-12-25T15:39:23.831+0000] {processor.py:753} INFO - DAG(s) dict_keys(['tutorial']) retrieved from /home/airflow/.local/lib/python3.7/site-packages/airflow/example_dags/tutorial.py
[2022-12-25T15:39:23.858+0000] {logging_mixin.py:137} INFO - [2022-12-25T15:39:23.858+0000] {dag.py:2676} INFO - Sync 1 DAGs
[2022-12-25T15:39:23.886+0000] {logging_mixin.py:137} INFO - [2022-12-25T15:39:23.885+0000] {dag.py:3427} INFO - Setting next_dagrun for tutorial to 2022-12-24T15:39:23.885554+00:00, run_after=2022-12-25T15:39:23.885554+00:00
[2022-12-25T15:39:23.908+0000] {processor.py:175} INFO - Processing /home/airflow/.local/lib/python3.7/site-packages/airflow/example_dags/tutorial.py took 0.096 seconds
[2022-12-25T15:39:54.743+0000] {processor.py:153} INFO - Started process (PID=3897) to work on /home/airflow/.local/lib/python3.7/site-packages/airflow/example_dags/tutorial.py
[2022-12-25T15:39:54.753+0000] {processor.py:743} INFO - Processing file /home/airflow/.local/lib/python3.7/site-packages/airflow/example_dags/tutorial.py for tasks to queue
[2022-12-25T15:39:54.754+0000] {logging_mixin.py:137} INFO - [2022-12-25T15:39:54.754+0000] {dagbag.py:538} INFO - Filling up the DagBag from /home/airflow/.local/lib/python3.7/site-packages/airflow/example_dags/tutorial.py
[2022-12-25T15:39:54.770+0000] {processor.py:753} INFO - DAG(s) dict_keys(['tutorial']) retrieved from /home/airflow/.local/lib/python3.7/site-packages/airflow/example_dags/tutorial.py
[2022-12-25T15:39:54.813+0000] {logging_mixin.py:137} INFO - [2022-12-25T15:39:54.813+0000] {dag.py:2676} INFO - Sync 1 DAGs
[2022-12-25T15:39:54.839+0000] {logging_mixin.py:137} INFO - [2022-12-25T15:39:54.839+0000] {dag.py:3427} INFO - Setting next_dagrun for tutorial to 2022-12-24T15:39:54.839554+00:00, run_after=2022-12-25T15:39:54.839554+00:00
[2022-12-25T15:39:54.865+0000] {processor.py:175} INFO - Processing /home/airflow/.local/lib/python3.7/site-packages/airflow/example_dags/tutorial.py took 0.126 seconds
[2022-12-25T15:40:25.150+0000] {processor.py:153} INFO - Started process (PID=4148) to work on /home/airflow/.local/lib/python3.7/site-packages/airflow/example_dags/tutorial.py
[2022-12-25T15:40:25.152+0000] {processor.py:743} INFO - Processing file /home/airflow/.local/lib/python3.7/site-packages/airflow/example_dags/tutorial.py for tasks to queue
[2022-12-25T15:40:25.152+0000] {logging_mixin.py:137} INFO - [2022-12-25T15:40:25.152+0000] {dagbag.py:538} INFO - Filling up the DagBag from /home/airflow/.local/lib/python3.7/site-packages/airflow/example_dags/tutorial.py
[2022-12-25T15:40:25.166+0000] {processor.py:753} INFO - DAG(s) dict_keys(['tutorial']) retrieved from /home/airflow/.local/lib/python3.7/site-packages/airflow/example_dags/tutorial.py
[2022-12-25T15:40:25.204+0000] {logging_mixin.py:137} INFO - [2022-12-25T15:40:25.204+0000] {dag.py:2676} INFO - Sync 1 DAGs
[2022-12-25T15:40:25.230+0000] {logging_mixin.py:137} INFO - [2022-12-25T15:40:25.229+0000] {dag.py:3427} INFO - Setting next_dagrun for tutorial to 2022-12-24T15:40:25.229679+00:00, run_after=2022-12-25T15:40:25.229679+00:00
[2022-12-25T15:40:25.251+0000] {processor.py:175} INFO - Processing /home/airflow/.local/lib/python3.7/site-packages/airflow/example_dags/tutorial.py took 0.104 seconds
[2022-12-25T15:40:55.286+0000] {processor.py:153} INFO - Started process (PID=4378) to work on /home/airflow/.local/lib/python3.7/site-packages/airflow/example_dags/tutorial.py
[2022-12-25T15:40:55.288+0000] {processor.py:743} INFO - Processing file /home/airflow/.local/lib/python3.7/site-packages/airflow/example_dags/tutorial.py for tasks to queue
[2022-12-25T15:40:55.288+0000] {logging_mixin.py:137} INFO - [2022-12-25T15:40:55.288+0000] {dagbag.py:538} INFO - Filling up the DagBag from /home/airflow/.local/lib/python3.7/site-packages/airflow/example_dags/tutorial.py
[2022-12-25T15:40:55.308+0000] {processor.py:753} INFO - DAG(s) dict_keys(['tutorial']) retrieved from /home/airflow/.local/lib/python3.7/site-packages/airflow/example_dags/tutorial.py
[2022-12-25T15:40:55.356+0000] {logging_mixin.py:137} INFO - [2022-12-25T15:40:55.356+0000] {dag.py:2676} INFO - Sync 1 DAGs
[2022-12-25T15:40:55.382+0000] {logging_mixin.py:137} INFO - [2022-12-25T15:40:55.382+0000] {dag.py:3427} INFO - Setting next_dagrun for tutorial to 2022-12-24T15:40:55.381783+00:00, run_after=2022-12-25T15:40:55.381783+00:00
[2022-12-25T15:40:55.404+0000] {processor.py:175} INFO - Processing /home/airflow/.local/lib/python3.7/site-packages/airflow/example_dags/tutorial.py took 0.121 seconds
[2022-12-25T15:41:25.827+0000] {processor.py:153} INFO - Started process (PID=4617) to work on /home/airflow/.local/lib/python3.7/site-packages/airflow/example_dags/tutorial.py
[2022-12-25T15:41:25.830+0000] {processor.py:743} INFO - Processing file /home/airflow/.local/lib/python3.7/site-packages/airflow/example_dags/tutorial.py for tasks to queue
[2022-12-25T15:41:25.831+0000] {logging_mixin.py:137} INFO - [2022-12-25T15:41:25.830+0000] {dagbag.py:538} INFO - Filling up the DagBag from /home/airflow/.local/lib/python3.7/site-packages/airflow/example_dags/tutorial.py
[2022-12-25T15:41:25.849+0000] {processor.py:753} INFO - DAG(s) dict_keys(['tutorial']) retrieved from /home/airflow/.local/lib/python3.7/site-packages/airflow/example_dags/tutorial.py
[2022-12-25T15:41:25.896+0000] {logging_mixin.py:137} INFO - [2022-12-25T15:41:25.895+0000] {dag.py:2676} INFO - Sync 1 DAGs
[2022-12-25T15:41:25.936+0000] {logging_mixin.py:137} INFO - [2022-12-25T15:41:25.935+0000] {dag.py:3427} INFO - Setting next_dagrun for tutorial to 2022-12-24T15:41:25.935485+00:00, run_after=2022-12-25T15:41:25.935485+00:00
[2022-12-25T15:41:25.965+0000] {processor.py:175} INFO - Processing /home/airflow/.local/lib/python3.7/site-packages/airflow/example_dags/tutorial.py took 0.142 seconds
[2022-12-25T15:41:56.124+0000] {processor.py:153} INFO - Started process (PID=4858) to work on /home/airflow/.local/lib/python3.7/site-packages/airflow/example_dags/tutorial.py
[2022-12-25T15:41:56.136+0000] {processor.py:743} INFO - Processing file /home/airflow/.local/lib/python3.7/site-packages/airflow/example_dags/tutorial.py for tasks to queue
[2022-12-25T15:41:56.136+0000] {logging_mixin.py:137} INFO - [2022-12-25T15:41:56.136+0000] {dagbag.py:538} INFO - Filling up the DagBag from /home/airflow/.local/lib/python3.7/site-packages/airflow/example_dags/tutorial.py
[2022-12-25T15:41:56.151+0000] {processor.py:753} INFO - DAG(s) dict_keys(['tutorial']) retrieved from /home/airflow/.local/lib/python3.7/site-packages/airflow/example_dags/tutorial.py
[2022-12-25T15:41:56.188+0000] {logging_mixin.py:137} INFO - [2022-12-25T15:41:56.188+0000] {dag.py:2676} INFO - Sync 1 DAGs
[2022-12-25T15:41:56.212+0000] {logging_mixin.py:137} INFO - [2022-12-25T15:41:56.212+0000] {dag.py:3427} INFO - Setting next_dagrun for tutorial to 2022-12-24T15:41:56.212510+00:00, run_after=2022-12-25T15:41:56.212510+00:00
[2022-12-25T15:41:56.233+0000] {processor.py:175} INFO - Processing /home/airflow/.local/lib/python3.7/site-packages/airflow/example_dags/tutorial.py took 0.112 seconds
[2022-12-25T15:42:27.240+0000] {processor.py:153} INFO - Started process (PID=5088) to work on /home/airflow/.local/lib/python3.7/site-packages/airflow/example_dags/tutorial.py
[2022-12-25T15:42:27.242+0000] {processor.py:743} INFO - Processing file /home/airflow/.local/lib/python3.7/site-packages/airflow/example_dags/tutorial.py for tasks to queue
[2022-12-25T15:42:27.242+0000] {logging_mixin.py:137} INFO - [2022-12-25T15:42:27.242+0000] {dagbag.py:538} INFO - Filling up the DagBag from /home/airflow/.local/lib/python3.7/site-packages/airflow/example_dags/tutorial.py
[2022-12-25T15:42:27.256+0000] {processor.py:753} INFO - DAG(s) dict_keys(['tutorial']) retrieved from /home/airflow/.local/lib/python3.7/site-packages/airflow/example_dags/tutorial.py
[2022-12-25T15:42:27.292+0000] {logging_mixin.py:137} INFO - [2022-12-25T15:42:27.292+0000] {dag.py:2676} INFO - Sync 1 DAGs
[2022-12-25T15:42:27.317+0000] {logging_mixin.py:137} INFO - [2022-12-25T15:42:27.317+0000] {dag.py:3427} INFO - Setting next_dagrun for tutorial to 2022-12-24T15:42:27.317396+00:00, run_after=2022-12-25T15:42:27.317396+00:00
[2022-12-25T15:42:27.339+0000] {processor.py:175} INFO - Processing /home/airflow/.local/lib/python3.7/site-packages/airflow/example_dags/tutorial.py took 0.102 seconds
[2022-12-25T15:42:57.853+0000] {processor.py:153} INFO - Started process (PID=5328) to work on /home/airflow/.local/lib/python3.7/site-packages/airflow/example_dags/tutorial.py
[2022-12-25T15:42:57.854+0000] {processor.py:743} INFO - Processing file /home/airflow/.local/lib/python3.7/site-packages/airflow/example_dags/tutorial.py for tasks to queue
[2022-12-25T15:42:57.855+0000] {logging_mixin.py:137} INFO - [2022-12-25T15:42:57.855+0000] {dagbag.py:538} INFO - Filling up the DagBag from /home/airflow/.local/lib/python3.7/site-packages/airflow/example_dags/tutorial.py
[2022-12-25T15:42:57.872+0000] {processor.py:753} INFO - DAG(s) dict_keys(['tutorial']) retrieved from /home/airflow/.local/lib/python3.7/site-packages/airflow/example_dags/tutorial.py
[2022-12-25T15:42:57.929+0000] {logging_mixin.py:137} INFO - [2022-12-25T15:42:57.928+0000] {dag.py:2676} INFO - Sync 1 DAGs
[2022-12-25T15:42:57.966+0000] {logging_mixin.py:137} INFO - [2022-12-25T15:42:57.965+0000] {dag.py:3427} INFO - Setting next_dagrun for tutorial to 2022-12-24T15:42:57.963888+00:00, run_after=2022-12-25T15:42:57.963888+00:00
[2022-12-25T15:42:58.000+0000] {processor.py:175} INFO - Processing /home/airflow/.local/lib/python3.7/site-packages/airflow/example_dags/tutorial.py took 0.150 seconds
[2022-12-25T15:43:28.193+0000] {processor.py:153} INFO - Started process (PID=5569) to work on /home/airflow/.local/lib/python3.7/site-packages/airflow/example_dags/tutorial.py
[2022-12-25T15:43:28.194+0000] {processor.py:743} INFO - Processing file /home/airflow/.local/lib/python3.7/site-packages/airflow/example_dags/tutorial.py for tasks to queue
[2022-12-25T15:43:28.195+0000] {logging_mixin.py:137} INFO - [2022-12-25T15:43:28.195+0000] {dagbag.py:538} INFO - Filling up the DagBag from /home/airflow/.local/lib/python3.7/site-packages/airflow/example_dags/tutorial.py
[2022-12-25T15:43:28.209+0000] {processor.py:753} INFO - DAG(s) dict_keys(['tutorial']) retrieved from /home/airflow/.local/lib/python3.7/site-packages/airflow/example_dags/tutorial.py
[2022-12-25T15:43:28.249+0000] {logging_mixin.py:137} INFO - [2022-12-25T15:43:28.249+0000] {dag.py:2676} INFO - Sync 1 DAGs
[2022-12-25T15:43:28.277+0000] {logging_mixin.py:137} INFO - [2022-12-25T15:43:28.276+0000] {dag.py:3427} INFO - Setting next_dagrun for tutorial to 2022-12-24T15:43:28.276503+00:00, run_after=2022-12-25T15:43:28.276503+00:00
[2022-12-25T15:43:28.298+0000] {processor.py:175} INFO - Processing /home/airflow/.local/lib/python3.7/site-packages/airflow/example_dags/tutorial.py took 0.108 seconds
[2022-12-25T15:43:58.945+0000] {processor.py:153} INFO - Started process (PID=5800) to work on /home/airflow/.local/lib/python3.7/site-packages/airflow/example_dags/tutorial.py
[2022-12-25T15:43:58.946+0000] {processor.py:743} INFO - Processing file /home/airflow/.local/lib/python3.7/site-packages/airflow/example_dags/tutorial.py for tasks to queue
[2022-12-25T15:43:58.947+0000] {logging_mixin.py:137} INFO - [2022-12-25T15:43:58.947+0000] {dagbag.py:538} INFO - Filling up the DagBag from /home/airflow/.local/lib/python3.7/site-packages/airflow/example_dags/tutorial.py
[2022-12-25T15:43:58.961+0000] {processor.py:753} INFO - DAG(s) dict_keys(['tutorial']) retrieved from /home/airflow/.local/lib/python3.7/site-packages/airflow/example_dags/tutorial.py
[2022-12-25T15:43:58.995+0000] {logging_mixin.py:137} INFO - [2022-12-25T15:43:58.995+0000] {dag.py:2676} INFO - Sync 1 DAGs
[2022-12-25T15:43:59.020+0000] {logging_mixin.py:137} INFO - [2022-12-25T15:43:59.019+0000] {dag.py:3427} INFO - Setting next_dagrun for tutorial to 2022-12-24T15:43:59.019737+00:00, run_after=2022-12-25T15:43:59.019737+00:00
[2022-12-25T15:43:59.039+0000] {processor.py:175} INFO - Processing /home/airflow/.local/lib/python3.7/site-packages/airflow/example_dags/tutorial.py took 0.097 seconds
[2022-12-25T15:44:29.956+0000] {processor.py:153} INFO - Started process (PID=6048) to work on /home/airflow/.local/lib/python3.7/site-packages/airflow/example_dags/tutorial.py
[2022-12-25T15:44:29.957+0000] {processor.py:743} INFO - Processing file /home/airflow/.local/lib/python3.7/site-packages/airflow/example_dags/tutorial.py for tasks to queue
[2022-12-25T15:44:29.958+0000] {logging_mixin.py:137} INFO - [2022-12-25T15:44:29.958+0000] {dagbag.py:538} INFO - Filling up the DagBag from /home/airflow/.local/lib/python3.7/site-packages/airflow/example_dags/tutorial.py
[2022-12-25T15:44:29.972+0000] {processor.py:753} INFO - DAG(s) dict_keys(['tutorial']) retrieved from /home/airflow/.local/lib/python3.7/site-packages/airflow/example_dags/tutorial.py
[2022-12-25T15:44:30.008+0000] {logging_mixin.py:137} INFO - [2022-12-25T15:44:30.008+0000] {dag.py:2676} INFO - Sync 1 DAGs
[2022-12-25T15:44:30.034+0000] {logging_mixin.py:137} INFO - [2022-12-25T15:44:30.034+0000] {dag.py:3427} INFO - Setting next_dagrun for tutorial to 2022-12-24T15:44:30.034329+00:00, run_after=2022-12-25T15:44:30.034329+00:00
[2022-12-25T15:44:30.056+0000] {processor.py:175} INFO - Processing /home/airflow/.local/lib/python3.7/site-packages/airflow/example_dags/tutorial.py took 0.103 seconds
[2022-12-25T15:45:00.804+0000] {processor.py:153} INFO - Started process (PID=6280) to work on /home/airflow/.local/lib/python3.7/site-packages/airflow/example_dags/tutorial.py
[2022-12-25T15:45:00.806+0000] {processor.py:743} INFO - Processing file /home/airflow/.local/lib/python3.7/site-packages/airflow/example_dags/tutorial.py for tasks to queue
[2022-12-25T15:45:00.807+0000] {logging_mixin.py:137} INFO - [2022-12-25T15:45:00.807+0000] {dagbag.py:538} INFO - Filling up the DagBag from /home/airflow/.local/lib/python3.7/site-packages/airflow/example_dags/tutorial.py
[2022-12-25T15:45:00.824+0000] {processor.py:753} INFO - DAG(s) dict_keys(['tutorial']) retrieved from /home/airflow/.local/lib/python3.7/site-packages/airflow/example_dags/tutorial.py
[2022-12-25T15:45:00.864+0000] {logging_mixin.py:137} INFO - [2022-12-25T15:45:00.863+0000] {dag.py:2676} INFO - Sync 1 DAGs
[2022-12-25T15:45:00.893+0000] {logging_mixin.py:137} INFO - [2022-12-25T15:45:00.893+0000] {dag.py:3427} INFO - Setting next_dagrun for tutorial to 2022-12-24T15:45:00.893402+00:00, run_after=2022-12-25T15:45:00.893402+00:00
[2022-12-25T15:45:00.919+0000] {processor.py:175} INFO - Processing /home/airflow/.local/lib/python3.7/site-packages/airflow/example_dags/tutorial.py took 0.118 seconds
[2022-12-25T15:45:31.056+0000] {processor.py:153} INFO - Started process (PID=6528) to work on /home/airflow/.local/lib/python3.7/site-packages/airflow/example_dags/tutorial.py
[2022-12-25T15:45:31.058+0000] {processor.py:743} INFO - Processing file /home/airflow/.local/lib/python3.7/site-packages/airflow/example_dags/tutorial.py for tasks to queue
[2022-12-25T15:45:31.058+0000] {logging_mixin.py:137} INFO - [2022-12-25T15:45:31.058+0000] {dagbag.py:538} INFO - Filling up the DagBag from /home/airflow/.local/lib/python3.7/site-packages/airflow/example_dags/tutorial.py
[2022-12-25T15:45:31.072+0000] {processor.py:753} INFO - DAG(s) dict_keys(['tutorial']) retrieved from /home/airflow/.local/lib/python3.7/site-packages/airflow/example_dags/tutorial.py
[2022-12-25T15:45:31.109+0000] {logging_mixin.py:137} INFO - [2022-12-25T15:45:31.109+0000] {dag.py:2676} INFO - Sync 1 DAGs
[2022-12-25T15:45:31.135+0000] {logging_mixin.py:137} INFO - [2022-12-25T15:45:31.135+0000] {dag.py:3427} INFO - Setting next_dagrun for tutorial to 2022-12-24T15:45:31.134827+00:00, run_after=2022-12-25T15:45:31.134827+00:00
[2022-12-25T15:45:31.156+0000] {processor.py:175} INFO - Processing /home/airflow/.local/lib/python3.7/site-packages/airflow/example_dags/tutorial.py took 0.103 seconds
[2022-12-25T15:46:01.359+0000] {processor.py:153} INFO - Started process (PID=6760) to work on /home/airflow/.local/lib/python3.7/site-packages/airflow/example_dags/tutorial.py
[2022-12-25T15:46:01.360+0000] {processor.py:743} INFO - Processing file /home/airflow/.local/lib/python3.7/site-packages/airflow/example_dags/tutorial.py for tasks to queue
[2022-12-25T15:46:01.361+0000] {logging_mixin.py:137} INFO - [2022-12-25T15:46:01.361+0000] {dagbag.py:538} INFO - Filling up the DagBag from /home/airflow/.local/lib/python3.7/site-packages/airflow/example_dags/tutorial.py
[2022-12-25T15:46:01.377+0000] {processor.py:753} INFO - DAG(s) dict_keys(['tutorial']) retrieved from /home/airflow/.local/lib/python3.7/site-packages/airflow/example_dags/tutorial.py
[2022-12-25T15:46:01.416+0000] {logging_mixin.py:137} INFO - [2022-12-25T15:46:01.416+0000] {dag.py:2676} INFO - Sync 1 DAGs
[2022-12-25T15:46:01.443+0000] {logging_mixin.py:137} INFO - [2022-12-25T15:46:01.443+0000] {dag.py:3427} INFO - Setting next_dagrun for tutorial to 2022-12-24T15:46:01.442879+00:00, run_after=2022-12-25T15:46:01.442879+00:00
[2022-12-25T15:46:01.466+0000] {processor.py:175} INFO - Processing /home/airflow/.local/lib/python3.7/site-packages/airflow/example_dags/tutorial.py took 0.110 seconds
[2022-12-25T15:46:31.549+0000] {processor.py:153} INFO - Started process (PID=6990) to work on /home/airflow/.local/lib/python3.7/site-packages/airflow/example_dags/tutorial.py
[2022-12-25T15:46:31.550+0000] {processor.py:743} INFO - Processing file /home/airflow/.local/lib/python3.7/site-packages/airflow/example_dags/tutorial.py for tasks to queue
[2022-12-25T15:46:31.551+0000] {logging_mixin.py:137} INFO - [2022-12-25T15:46:31.551+0000] {dagbag.py:538} INFO - Filling up the DagBag from /home/airflow/.local/lib/python3.7/site-packages/airflow/example_dags/tutorial.py
[2022-12-25T15:46:31.567+0000] {processor.py:753} INFO - DAG(s) dict_keys(['tutorial']) retrieved from /home/airflow/.local/lib/python3.7/site-packages/airflow/example_dags/tutorial.py
[2022-12-25T15:46:31.616+0000] {logging_mixin.py:137} INFO - [2022-12-25T15:46:31.615+0000] {dag.py:2676} INFO - Sync 1 DAGs
[2022-12-25T15:46:31.643+0000] {logging_mixin.py:137} INFO - [2022-12-25T15:46:31.643+0000] {dag.py:3427} INFO - Setting next_dagrun for tutorial to 2022-12-24T15:46:31.643544+00:00, run_after=2022-12-25T15:46:31.643544+00:00
[2022-12-25T15:46:31.665+0000] {processor.py:175} INFO - Processing /home/airflow/.local/lib/python3.7/site-packages/airflow/example_dags/tutorial.py took 0.119 seconds
[2022-12-25T15:47:02.319+0000] {processor.py:153} INFO - Started process (PID=7240) to work on /home/airflow/.local/lib/python3.7/site-packages/airflow/example_dags/tutorial.py
[2022-12-25T15:47:02.321+0000] {processor.py:743} INFO - Processing file /home/airflow/.local/lib/python3.7/site-packages/airflow/example_dags/tutorial.py for tasks to queue
[2022-12-25T15:47:02.322+0000] {logging_mixin.py:137} INFO - [2022-12-25T15:47:02.322+0000] {dagbag.py:538} INFO - Filling up the DagBag from /home/airflow/.local/lib/python3.7/site-packages/airflow/example_dags/tutorial.py
[2022-12-25T15:47:02.336+0000] {processor.py:753} INFO - DAG(s) dict_keys(['tutorial']) retrieved from /home/airflow/.local/lib/python3.7/site-packages/airflow/example_dags/tutorial.py
[2022-12-25T15:47:02.377+0000] {logging_mixin.py:137} INFO - [2022-12-25T15:47:02.377+0000] {dag.py:2676} INFO - Sync 1 DAGs
[2022-12-25T15:47:02.403+0000] {logging_mixin.py:137} INFO - [2022-12-25T15:47:02.403+0000] {dag.py:3427} INFO - Setting next_dagrun for tutorial to 2022-12-24T15:47:02.403434+00:00, run_after=2022-12-25T15:47:02.403434+00:00
[2022-12-25T15:47:02.428+0000] {processor.py:175} INFO - Processing /home/airflow/.local/lib/python3.7/site-packages/airflow/example_dags/tutorial.py took 0.113 seconds
[2022-12-25T15:47:33.293+0000] {processor.py:153} INFO - Started process (PID=7471) to work on /home/airflow/.local/lib/python3.7/site-packages/airflow/example_dags/tutorial.py
[2022-12-25T15:47:33.294+0000] {processor.py:743} INFO - Processing file /home/airflow/.local/lib/python3.7/site-packages/airflow/example_dags/tutorial.py for tasks to queue
[2022-12-25T15:47:33.295+0000] {logging_mixin.py:137} INFO - [2022-12-25T15:47:33.295+0000] {dagbag.py:538} INFO - Filling up the DagBag from /home/airflow/.local/lib/python3.7/site-packages/airflow/example_dags/tutorial.py
[2022-12-25T15:47:33.312+0000] {processor.py:753} INFO - DAG(s) dict_keys(['tutorial']) retrieved from /home/airflow/.local/lib/python3.7/site-packages/airflow/example_dags/tutorial.py
[2022-12-25T15:47:33.359+0000] {logging_mixin.py:137} INFO - [2022-12-25T15:47:33.358+0000] {dag.py:2676} INFO - Sync 1 DAGs
[2022-12-25T15:47:33.395+0000] {logging_mixin.py:137} INFO - [2022-12-25T15:47:33.395+0000] {dag.py:3427} INFO - Setting next_dagrun for tutorial to 2022-12-24T15:47:33.395165+00:00, run_after=2022-12-25T15:47:33.395165+00:00
[2022-12-25T15:47:33.429+0000] {processor.py:175} INFO - Processing /home/airflow/.local/lib/python3.7/site-packages/airflow/example_dags/tutorial.py took 0.139 seconds
[2022-12-25T15:48:03.857+0000] {processor.py:153} INFO - Started process (PID=7700) to work on /home/airflow/.local/lib/python3.7/site-packages/airflow/example_dags/tutorial.py
[2022-12-25T15:48:03.859+0000] {processor.py:743} INFO - Processing file /home/airflow/.local/lib/python3.7/site-packages/airflow/example_dags/tutorial.py for tasks to queue
[2022-12-25T15:48:03.862+0000] {logging_mixin.py:137} INFO - [2022-12-25T15:48:03.861+0000] {dagbag.py:538} INFO - Filling up the DagBag from /home/airflow/.local/lib/python3.7/site-packages/airflow/example_dags/tutorial.py
[2022-12-25T15:48:03.878+0000] {processor.py:753} INFO - DAG(s) dict_keys(['tutorial']) retrieved from /home/airflow/.local/lib/python3.7/site-packages/airflow/example_dags/tutorial.py
[2022-12-25T15:48:03.917+0000] {logging_mixin.py:137} INFO - [2022-12-25T15:48:03.917+0000] {dag.py:2676} INFO - Sync 1 DAGs
[2022-12-25T15:48:03.944+0000] {logging_mixin.py:137} INFO - [2022-12-25T15:48:03.944+0000] {dag.py:3427} INFO - Setting next_dagrun for tutorial to 2022-12-24T15:48:03.943972+00:00, run_after=2022-12-25T15:48:03.943972+00:00
[2022-12-25T15:48:03.967+0000] {processor.py:175} INFO - Processing /home/airflow/.local/lib/python3.7/site-packages/airflow/example_dags/tutorial.py took 0.114 seconds
[2022-12-25T15:48:34.261+0000] {processor.py:153} INFO - Started process (PID=7949) to work on /home/airflow/.local/lib/python3.7/site-packages/airflow/example_dags/tutorial.py
[2022-12-25T15:48:34.262+0000] {processor.py:743} INFO - Processing file /home/airflow/.local/lib/python3.7/site-packages/airflow/example_dags/tutorial.py for tasks to queue
[2022-12-25T15:48:34.263+0000] {logging_mixin.py:137} INFO - [2022-12-25T15:48:34.263+0000] {dagbag.py:538} INFO - Filling up the DagBag from /home/airflow/.local/lib/python3.7/site-packages/airflow/example_dags/tutorial.py
[2022-12-25T15:48:34.278+0000] {processor.py:753} INFO - DAG(s) dict_keys(['tutorial']) retrieved from /home/airflow/.local/lib/python3.7/site-packages/airflow/example_dags/tutorial.py
[2022-12-25T15:48:34.315+0000] {logging_mixin.py:137} INFO - [2022-12-25T15:48:34.314+0000] {dag.py:2676} INFO - Sync 1 DAGs
[2022-12-25T15:48:34.342+0000] {logging_mixin.py:137} INFO - [2022-12-25T15:48:34.342+0000] {dag.py:3427} INFO - Setting next_dagrun for tutorial to 2022-12-24T15:48:34.341998+00:00, run_after=2022-12-25T15:48:34.341998+00:00
[2022-12-25T15:48:34.362+0000] {processor.py:175} INFO - Processing /home/airflow/.local/lib/python3.7/site-packages/airflow/example_dags/tutorial.py took 0.104 seconds
[2022-12-25T15:49:04.556+0000] {processor.py:153} INFO - Started process (PID=8181) to work on /home/airflow/.local/lib/python3.7/site-packages/airflow/example_dags/tutorial.py
[2022-12-25T15:49:04.557+0000] {processor.py:743} INFO - Processing file /home/airflow/.local/lib/python3.7/site-packages/airflow/example_dags/tutorial.py for tasks to queue
[2022-12-25T15:49:04.558+0000] {logging_mixin.py:137} INFO - [2022-12-25T15:49:04.557+0000] {dagbag.py:538} INFO - Filling up the DagBag from /home/airflow/.local/lib/python3.7/site-packages/airflow/example_dags/tutorial.py
[2022-12-25T15:49:04.573+0000] {processor.py:753} INFO - DAG(s) dict_keys(['tutorial']) retrieved from /home/airflow/.local/lib/python3.7/site-packages/airflow/example_dags/tutorial.py
[2022-12-25T15:49:04.612+0000] {logging_mixin.py:137} INFO - [2022-12-25T15:49:04.612+0000] {dag.py:2676} INFO - Sync 1 DAGs
[2022-12-25T15:49:04.639+0000] {logging_mixin.py:137} INFO - [2022-12-25T15:49:04.639+0000] {dag.py:3427} INFO - Setting next_dagrun for tutorial to 2022-12-24T15:49:04.639182+00:00, run_after=2022-12-25T15:49:04.639182+00:00
[2022-12-25T15:49:04.663+0000] {processor.py:175} INFO - Processing /home/airflow/.local/lib/python3.7/site-packages/airflow/example_dags/tutorial.py took 0.110 seconds
[2022-12-25T15:49:35.557+0000] {processor.py:153} INFO - Started process (PID=8431) to work on /home/airflow/.local/lib/python3.7/site-packages/airflow/example_dags/tutorial.py
[2022-12-25T15:49:35.558+0000] {processor.py:743} INFO - Processing file /home/airflow/.local/lib/python3.7/site-packages/airflow/example_dags/tutorial.py for tasks to queue
[2022-12-25T15:49:35.559+0000] {logging_mixin.py:137} INFO - [2022-12-25T15:49:35.559+0000] {dagbag.py:538} INFO - Filling up the DagBag from /home/airflow/.local/lib/python3.7/site-packages/airflow/example_dags/tutorial.py
[2022-12-25T15:49:35.577+0000] {processor.py:753} INFO - DAG(s) dict_keys(['tutorial']) retrieved from /home/airflow/.local/lib/python3.7/site-packages/airflow/example_dags/tutorial.py
[2022-12-25T15:49:35.617+0000] {logging_mixin.py:137} INFO - [2022-12-25T15:49:35.617+0000] {dag.py:2676} INFO - Sync 1 DAGs
[2022-12-25T15:49:35.649+0000] {logging_mixin.py:137} INFO - [2022-12-25T15:49:35.649+0000] {dag.py:3427} INFO - Setting next_dagrun for tutorial to 2022-12-24T15:49:35.649390+00:00, run_after=2022-12-25T15:49:35.649390+00:00
[2022-12-25T15:49:35.671+0000] {processor.py:175} INFO - Processing /home/airflow/.local/lib/python3.7/site-packages/airflow/example_dags/tutorial.py took 0.118 seconds
[2022-12-25T15:50:06.107+0000] {processor.py:153} INFO - Started process (PID=8660) to work on /home/airflow/.local/lib/python3.7/site-packages/airflow/example_dags/tutorial.py
[2022-12-25T15:50:06.108+0000] {processor.py:743} INFO - Processing file /home/airflow/.local/lib/python3.7/site-packages/airflow/example_dags/tutorial.py for tasks to queue
[2022-12-25T15:50:06.109+0000] {logging_mixin.py:137} INFO - [2022-12-25T15:50:06.109+0000] {dagbag.py:538} INFO - Filling up the DagBag from /home/airflow/.local/lib/python3.7/site-packages/airflow/example_dags/tutorial.py
[2022-12-25T15:50:06.125+0000] {processor.py:753} INFO - DAG(s) dict_keys(['tutorial']) retrieved from /home/airflow/.local/lib/python3.7/site-packages/airflow/example_dags/tutorial.py
[2022-12-25T15:50:06.164+0000] {logging_mixin.py:137} INFO - [2022-12-25T15:50:06.164+0000] {dag.py:2676} INFO - Sync 1 DAGs
[2022-12-25T15:50:06.190+0000] {logging_mixin.py:137} INFO - [2022-12-25T15:50:06.190+0000] {dag.py:3427} INFO - Setting next_dagrun for tutorial to 2022-12-24T15:50:06.190604+00:00, run_after=2022-12-25T15:50:06.190604+00:00
[2022-12-25T15:50:06.212+0000] {processor.py:175} INFO - Processing /home/airflow/.local/lib/python3.7/site-packages/airflow/example_dags/tutorial.py took 0.110 seconds
[2022-12-25T15:50:36.291+0000] {processor.py:153} INFO - Started process (PID=8896) to work on /home/airflow/.local/lib/python3.7/site-packages/airflow/example_dags/tutorial.py
[2022-12-25T15:50:36.294+0000] {processor.py:743} INFO - Processing file /home/airflow/.local/lib/python3.7/site-packages/airflow/example_dags/tutorial.py for tasks to queue
[2022-12-25T15:50:36.295+0000] {logging_mixin.py:137} INFO - [2022-12-25T15:50:36.295+0000] {dagbag.py:538} INFO - Filling up the DagBag from /home/airflow/.local/lib/python3.7/site-packages/airflow/example_dags/tutorial.py
[2022-12-25T15:50:36.312+0000] {processor.py:753} INFO - DAG(s) dict_keys(['tutorial']) retrieved from /home/airflow/.local/lib/python3.7/site-packages/airflow/example_dags/tutorial.py
[2022-12-25T15:50:36.365+0000] {logging_mixin.py:137} INFO - [2022-12-25T15:50:36.364+0000] {dag.py:2676} INFO - Sync 1 DAGs
[2022-12-25T15:50:36.400+0000] {logging_mixin.py:137} INFO - [2022-12-25T15:50:36.400+0000] {dag.py:3427} INFO - Setting next_dagrun for tutorial to 2022-12-24T15:50:36.400554+00:00, run_after=2022-12-25T15:50:36.400554+00:00
[2022-12-25T15:50:36.436+0000] {processor.py:175} INFO - Processing /home/airflow/.local/lib/python3.7/site-packages/airflow/example_dags/tutorial.py took 0.149 seconds
[2022-12-25T15:51:06.585+0000] {processor.py:153} INFO - Started process (PID=9139) to work on /home/airflow/.local/lib/python3.7/site-packages/airflow/example_dags/tutorial.py
[2022-12-25T15:51:06.587+0000] {processor.py:743} INFO - Processing file /home/airflow/.local/lib/python3.7/site-packages/airflow/example_dags/tutorial.py for tasks to queue
[2022-12-25T15:51:06.587+0000] {logging_mixin.py:137} INFO - [2022-12-25T15:51:06.587+0000] {dagbag.py:538} INFO - Filling up the DagBag from /home/airflow/.local/lib/python3.7/site-packages/airflow/example_dags/tutorial.py
[2022-12-25T15:51:06.603+0000] {processor.py:753} INFO - DAG(s) dict_keys(['tutorial']) retrieved from /home/airflow/.local/lib/python3.7/site-packages/airflow/example_dags/tutorial.py
[2022-12-25T15:51:06.644+0000] {logging_mixin.py:137} INFO - [2022-12-25T15:51:06.644+0000] {dag.py:2676} INFO - Sync 1 DAGs
[2022-12-25T15:51:06.670+0000] {logging_mixin.py:137} INFO - [2022-12-25T15:51:06.670+0000] {dag.py:3427} INFO - Setting next_dagrun for tutorial to 2022-12-24T15:51:06.670473+00:00, run_after=2022-12-25T15:51:06.670473+00:00
[2022-12-25T15:51:06.694+0000] {processor.py:175} INFO - Processing /home/airflow/.local/lib/python3.7/site-packages/airflow/example_dags/tutorial.py took 0.111 seconds
[2022-12-25T15:51:36.895+0000] {processor.py:153} INFO - Started process (PID=9369) to work on /home/airflow/.local/lib/python3.7/site-packages/airflow/example_dags/tutorial.py
[2022-12-25T15:51:36.897+0000] {processor.py:743} INFO - Processing file /home/airflow/.local/lib/python3.7/site-packages/airflow/example_dags/tutorial.py for tasks to queue
[2022-12-25T15:51:36.897+0000] {logging_mixin.py:137} INFO - [2022-12-25T15:51:36.897+0000] {dagbag.py:538} INFO - Filling up the DagBag from /home/airflow/.local/lib/python3.7/site-packages/airflow/example_dags/tutorial.py
[2022-12-25T15:51:36.916+0000] {processor.py:753} INFO - DAG(s) dict_keys(['tutorial']) retrieved from /home/airflow/.local/lib/python3.7/site-packages/airflow/example_dags/tutorial.py
[2022-12-25T15:51:36.957+0000] {logging_mixin.py:137} INFO - [2022-12-25T15:51:36.956+0000] {dag.py:2676} INFO - Sync 1 DAGs
[2022-12-25T15:51:36.983+0000] {logging_mixin.py:137} INFO - [2022-12-25T15:51:36.983+0000] {dag.py:3427} INFO - Setting next_dagrun for tutorial to 2022-12-24T15:51:36.983097+00:00, run_after=2022-12-25T15:51:36.983097+00:00
[2022-12-25T15:51:37.006+0000] {processor.py:175} INFO - Processing /home/airflow/.local/lib/python3.7/site-packages/airflow/example_dags/tutorial.py took 0.113 seconds
[2022-12-25T15:52:08.516+0000] {processor.py:153} INFO - Started process (PID=9608) to work on /home/airflow/.local/lib/python3.7/site-packages/airflow/example_dags/tutorial.py
[2022-12-25T15:52:08.518+0000] {processor.py:743} INFO - Processing file /home/airflow/.local/lib/python3.7/site-packages/airflow/example_dags/tutorial.py for tasks to queue
[2022-12-25T15:52:08.519+0000] {logging_mixin.py:137} INFO - [2022-12-25T15:52:08.519+0000] {dagbag.py:538} INFO - Filling up the DagBag from /home/airflow/.local/lib/python3.7/site-packages/airflow/example_dags/tutorial.py
[2022-12-25T15:52:08.545+0000] {processor.py:753} INFO - DAG(s) dict_keys(['tutorial']) retrieved from /home/airflow/.local/lib/python3.7/site-packages/airflow/example_dags/tutorial.py
[2022-12-25T15:52:08.612+0000] {logging_mixin.py:137} INFO - [2022-12-25T15:52:08.611+0000] {dag.py:2676} INFO - Sync 1 DAGs
[2022-12-25T15:52:08.654+0000] {logging_mixin.py:137} INFO - [2022-12-25T15:52:08.654+0000] {dag.py:3427} INFO - Setting next_dagrun for tutorial to 2022-12-24T15:52:08.654030+00:00, run_after=2022-12-25T15:52:08.654030+00:00
[2022-12-25T15:52:08.695+0000] {processor.py:175} INFO - Processing /home/airflow/.local/lib/python3.7/site-packages/airflow/example_dags/tutorial.py took 0.189 seconds
[2022-12-25T15:52:39.391+0000] {processor.py:153} INFO - Started process (PID=9851) to work on /home/airflow/.local/lib/python3.7/site-packages/airflow/example_dags/tutorial.py
[2022-12-25T15:52:39.392+0000] {processor.py:743} INFO - Processing file /home/airflow/.local/lib/python3.7/site-packages/airflow/example_dags/tutorial.py for tasks to queue
[2022-12-25T15:52:39.393+0000] {logging_mixin.py:137} INFO - [2022-12-25T15:52:39.393+0000] {dagbag.py:538} INFO - Filling up the DagBag from /home/airflow/.local/lib/python3.7/site-packages/airflow/example_dags/tutorial.py
[2022-12-25T15:52:39.408+0000] {processor.py:753} INFO - DAG(s) dict_keys(['tutorial']) retrieved from /home/airflow/.local/lib/python3.7/site-packages/airflow/example_dags/tutorial.py
[2022-12-25T15:52:39.478+0000] {logging_mixin.py:137} INFO - [2022-12-25T15:52:39.478+0000] {dag.py:2676} INFO - Sync 1 DAGs
[2022-12-25T15:52:39.525+0000] {logging_mixin.py:137} INFO - [2022-12-25T15:52:39.524+0000] {dag.py:3427} INFO - Setting next_dagrun for tutorial to 2022-12-24T15:52:39.523137+00:00, run_after=2022-12-25T15:52:39.523137+00:00
[2022-12-25T15:52:39.588+0000] {processor.py:175} INFO - Processing /home/airflow/.local/lib/python3.7/site-packages/airflow/example_dags/tutorial.py took 0.200 seconds
[2022-12-25T15:53:10.216+0000] {processor.py:153} INFO - Started process (PID=10081) to work on /home/airflow/.local/lib/python3.7/site-packages/airflow/example_dags/tutorial.py
[2022-12-25T15:53:10.218+0000] {processor.py:743} INFO - Processing file /home/airflow/.local/lib/python3.7/site-packages/airflow/example_dags/tutorial.py for tasks to queue
[2022-12-25T15:53:10.218+0000] {logging_mixin.py:137} INFO - [2022-12-25T15:53:10.218+0000] {dagbag.py:538} INFO - Filling up the DagBag from /home/airflow/.local/lib/python3.7/site-packages/airflow/example_dags/tutorial.py
[2022-12-25T15:53:10.237+0000] {processor.py:753} INFO - DAG(s) dict_keys(['tutorial']) retrieved from /home/airflow/.local/lib/python3.7/site-packages/airflow/example_dags/tutorial.py
[2022-12-25T15:53:10.284+0000] {logging_mixin.py:137} INFO - [2022-12-25T15:53:10.284+0000] {dag.py:2676} INFO - Sync 1 DAGs
[2022-12-25T15:53:10.312+0000] {logging_mixin.py:137} INFO - [2022-12-25T15:53:10.311+0000] {dag.py:3427} INFO - Setting next_dagrun for tutorial to 2022-12-24T15:53:10.311729+00:00, run_after=2022-12-25T15:53:10.311729+00:00
[2022-12-25T15:53:10.332+0000] {processor.py:175} INFO - Processing /home/airflow/.local/lib/python3.7/site-packages/airflow/example_dags/tutorial.py took 0.119 seconds
